ls: cannot open directory /tmp/.9XXzFg: Permission denied
ls: cannot open directory /tmp/.esd-0: Permission denied
ls: cannot open directory /tmp/.esd-50: Permission denied
ls: cannot open directory /tmp/YaST2-17027-yHaDOx: Permission denied
ls: cannot open directory /tmp/gconfd-root: Permission denied
ls: cannot open directory /tmp/keyring-0YX0eM: Permission denied
ls: cannot open directory /tmp/keyring-1Catcg: Permission denied
ls: cannot open directory /tmp/keyring-1DZtIb: Permission denied
ls: cannot open directory /tmp/keyring-4uhlx4: Permission denied
ls: cannot open directory /tmp/keyring-5Zqezw: Permission denied
ls: cannot open directory /tmp/keyring-6TICOA: Permission denied
ls: cannot open directory /tmp/keyring-8cVOrk: Permission denied
ls: cannot open directory /tmp/keyring-9JXegT: Permission denied
ls: cannot open directory /tmp/keyring-AJP0u9: Permission denied
ls: cannot open directory /tmp/keyring-DW9N8A: Permission denied
ls: cannot open directory /tmp/keyring-Dalzbu: Permission denied
ls: cannot open directory /tmp/keyring-DcL9o3: Permission denied
ls: cannot open directory /tmp/keyring-EKAV54: Permission denied
ls: cannot open directory /tmp/keyring-EukH4C: Permission denied
ls: cannot open directory /tmp/keyring-JaUJHs: Permission denied
ls: cannot open directory /tmp/keyring-KyvkVq: Permission denied
ls: cannot open directory /tmp/keyring-MCoL7b: Permission denied
ls: cannot open directory /tmp/keyring-NOOs8w: Permission denied
ls: cannot open directory /tmp/keyring-NOZ19s: Permission denied
ls: cannot open directory /tmp/keyring-QlevnP: Permission denied
ls: cannot open directory /tmp/keyring-RinGCu: Permission denied
ls: cannot open directory /tmp/keyring-SqwDjJ: Permission denied
ls: cannot open directory /tmp/keyring-UOaRE4: Permission denied
ls: cannot open directory /tmp/keyring-VnTOTg: Permission denied
ls: cannot open directory /tmp/keyring-YT49kl: Permission denied
ls: cannot open directory /tmp/keyring-aIJwHE: Permission denied
ls: cannot open directory /tmp/keyring-bb2Y8I: Permission denied
ls: cannot open directory /tmp/keyring-eLKKF0: Permission denied
ls: cannot open directory /tmp/keyring-fq4SFm: Permission denied
ls: cannot open directory /tmp/keyring-g4LCUP: Permission denied
ls: cannot open directory /tmp/keyring-iDLCkB: Permission denied
ls: cannot open directory /tmp/keyring-mPEBf8: Permission denied
ls: cannot open directory /tmp/keyring-o4uiZG: Permission denied
ls: cannot open directory /tmp/keyring-p4eqq7: Permission denied
ls: cannot open directory /tmp/keyring-pG7iZr: Permission denied
ls: cannot open directory /tmp/keyring-tHAsG9: Permission denied
ls: cannot open directory /tmp/keyring-xqHyVb: Permission denied
ls: cannot open directory /tmp/keyring-yBpu7I: Permission denied
ls: cannot open directory /tmp/keyring-ygwx2W: Permission denied
ls: cannot open directory /tmp/keyring-zT73Zj: Permission denied
ls: cannot open directory /tmp/nautilus-1mk0G1: Permission denied
ls: cannot open directory /tmp/nautilus-5nfQqX: Permission denied
ls: cannot open directory /tmp/nautilus-6Hc3Ef: Permission denied
ls: cannot open directory /tmp/nautilus-7f69Up: Permission denied
ls: cannot open directory /tmp/nautilus-GQSAs3: Permission denied
ls: cannot open directory /tmp/nautilus-IV1Uyl: Permission denied
ls: cannot open directory /tmp/nautilus-LKhGIN: Permission denied
ls: cannot open directory /tmp/nautilus-P0wD5D: Permission denied
ls: cannot open directory /tmp/nautilus-PXsXa5: Permission denied
ls: cannot open directory /tmp/nautilus-VK4avU: Permission denied
ls: cannot open directory /tmp/nautilus-ZEgOH4: Permission denied
ls: cannot open directory /tmp/nautilus-bDfpaL: Permission denied
ls: cannot open directory /tmp/nautilus-d1pd3h: Permission denied
ls: cannot open directory /tmp/nautilus-gwl0ug: Permission denied
ls: cannot open directory /tmp/nautilus-hGIrgi: Permission denied
ls: cannot open directory /tmp/nautilus-iJEuYN: Permission denied
ls: cannot open directory /tmp/nautilus-it5QWx: Permission denied
ls: cannot open directory /tmp/nautilus-j3u8p6: Permission denied
ls: cannot open directory /tmp/nautilus-jFtzRg: Permission denied
ls: cannot open directory /tmp/nautilus-kKHudl: Permission denied
ls: cannot open directory /tmp/nautilus-kvK1vE: Permission denied
ls: cannot open directory /tmp/nautilus-n5Odjh: Permission denied
ls: cannot open directory /tmp/nautilus-nPxhwb: Permission denied
ls: cannot open directory /tmp/nautilus-qvIaZL: Permission denied
ls: cannot open directory /tmp/nautilus-ruX1k7: Permission denied
ls: cannot open directory /tmp/nautilus-sFXk7t: Permission denied
ls: cannot open directory /tmp/nautilus-twQe0z: Permission denied
ls: cannot open directory /tmp/nautilus-vg8WPY: Permission denied
ls: cannot open directory /tmp/nautilus-ydXcVu: Permission denied
ls: cannot open directory /tmp/nautilus-yzuN5l: Permission denied
ls: cannot open directory /tmp/nautilus-zv9tCa: Permission denied
ls: cannot open directory /tmp/orbit-gdm: Permission denied
ls: cannot open directory /tmp/orbit-root: Permission denied
ls: cannot open directory /tmp/pulse-0svkTLWcIHm5: Permission denied
ls: cannot open directory /tmp/pulse-odStn2QZ3qu2: Permission denied
ls: cannot open directory /tmp/virtual-root.0FimTy: Permission denied
ls: cannot open directory /tmp/virtual-root.0XkSZw: Permission denied
ls: cannot open directory /tmp/virtual-root.2H2oAa: Permission denied
ls: cannot open directory /tmp/virtual-root.3j2iXf: Permission denied
ls: cannot open directory /tmp/virtual-root.5ebhvn: Permission denied
ls: cannot open directory /tmp/virtual-root.5q9M6I: Permission denied
ls: cannot open directory /tmp/virtual-root.7OyPFF: Permission denied
ls: cannot open directory /tmp/virtual-root.7UAQJv: Permission denied
ls: cannot open directory /tmp/virtual-root.7mbUSA: Permission denied
ls: cannot open directory /tmp/virtual-root.7n0n9M: Permission denied
ls: cannot open directory /tmp/virtual-root.8kAQNn: Permission denied
ls: cannot open directory /tmp/virtual-root.9GKV4o: Permission denied
ls: cannot open directory /tmp/virtual-root.BAdIeg: Permission denied
ls: cannot open directory /tmp/virtual-root.C9V8y8: Permission denied
ls: cannot open directory /tmp/virtual-root.Deq7h5: Permission denied
ls: cannot open directory /tmp/virtual-root.EB0KQo: Permission denied
ls: cannot open directory /tmp/virtual-root.FAG4CV: Permission denied
ls: cannot open directory /tmp/virtual-root.Fr866z: Permission denied
ls: cannot open directory /tmp/virtual-root.HenanH: Permission denied
ls: cannot open directory /tmp/virtual-root.JoymAx: Permission denied
ls: cannot open directory /tmp/virtual-root.Jt46HS: Permission denied
ls: cannot open directory /tmp/virtual-root.MUEFFi: Permission denied
ls: cannot open directory /tmp/virtual-root.Sg9mQQ: Permission denied
ls: cannot open directory /tmp/virtual-root.VIDwlW: Permission denied
ls: cannot open directory /tmp/virtual-root.ZmnKCZ: Permission denied
ls: cannot open directory /tmp/virtual-root.aScSUD: Permission denied
ls: cannot open directory /tmp/virtual-root.bYK39C: Permission denied
ls: cannot open directory /tmp/virtual-root.enPVb7: Permission denied
ls: cannot open directory /tmp/virtual-root.fjApFf: Permission denied
ls: cannot open directory /tmp/virtual-root.iYYdaz: Permission denied
ls: cannot open directory /tmp/virtual-root.jzfqUH: Permission denied
ls: cannot open directory /tmp/virtual-root.kMusZ5: Permission denied
ls: cannot open directory /tmp/virtual-root.kZYWgx: Permission denied
ls: cannot open directory /tmp/virtual-root.nRSmmi: Permission denied
ls: cannot open directory /tmp/virtual-root.nk6Eq4: Permission denied
ls: cannot open directory /tmp/virtual-root.ortBc8: Permission denied
ls: cannot open directory /tmp/virtual-root.r4Zak4: Permission denied
ls: cannot open directory /tmp/virtual-root.xqwON8: Permission denied
ls: cannot open directory /tmp/virtual-root.ymIeoG: Permission denied
ls: cannot open directory /tmp/virtual-root.zurUUj: Permission denied
ls: cannot open directory /tmp/vmware-root: Permission denied
