[jcl/daily_jobs/]
[jcl/monthly_jobs/]
[jcl/quarterly_jobs/]
[jcl/yearly_jobs/]
[maps/]
[copy/]
NSCVARS=
[src/batch/]
[src/online/]
NSRLTRBL.cl2=
NSRLTRBL.cbl=
NSRLTRBL.idy=
NSRLTRBL.lst=
NSRLTRBL.int=
[exe/bat/]
[exe/onl/]
NSRLTRBL.gnt=
Archive Process Successfull using - perl /export/home/mtpadmin/bin/mtparchive.pl CC-4865-PEMA.ini
Move Process Successfull using - perl /export/home/mtpadmin/bin/mtpmove.pl CC-4865-PEMA.ini
Promote process successfull and verified using - perl /export/home/mtpadmin/bin/mtpverify.pl CC-4865-PEMA.ini
