[jcl/daily_jobs/]
[jcl/monthly_jobs/]
[jcl/quarterly_jobs/]
[jcl/yearly_jobs/]
[maps/]
[copy/]
ELC50PD=
ELC50WS=
ELCRATPD=
ERCNETP=
[src/batch/]
EL517.lst=
ELRATEX.lst=
ELRFNDX.lst=
[src/online/]
EL050.lst=
ELRATE.lst=
ELRFND.lst=
[exe/bat/]
EL517.gnt=
ELRATEX.gnt=
ELRFNDX.gnt=
[exe/onl/]
EL050.gnt=
ELRATE.gnt=
ELRFND.gnt=
Archive Process Successfull using - perl /export/home/mtpadmin/bin/mtparchive.pl CC-4958-PEMA.ini
Move Process Successfull using - perl /export/home/mtpadmin/bin/mtpmove.pl CC-4958-PEMA.ini
Promote process successfull and verified using - perl /export/home/mtpadmin/bin/mtpverify.pl CC-4958-PEMA.ini
