[jcl/daily_jobs/]
[jcl/monthly_jobs/]
[jcl/quarterly_jobs/]
[jcl/yearly_jobs/]
[maps/]
[copy/]
[src/batch/]
ECS017.cbl=
ECS017.lst=
ECS061.cbl=
ECS061.lst=
EL522.cbl=
EL522.lst=
EL523.cbl=
EL523.lst=
EL562.cbl=
EL562.lst=
[src/online/]
[exe/bat/]
ECS017.gnt=
ECS061.gnt=
EL522.gnt=
EL523.gnt=
EL562.gnt=
[exe/onl/]
Archive Process Successfull using - perl /export/home/mtpadmin/bin/mtparchive.pl CC-4941-PEMA.ini
Move Process Successfull using - perl /export/home/mtpadmin/bin/mtpmove.pl CC-4941-PEMA.ini
Promote process successfull and verified using - perl /export/home/mtpadmin/bin/mtpverify.pl CC-4941-PEMA.ini
