[jcl/daily_jobs/]
[jcl/monthly_jobs/]
[jcl/quarterly_jobs/]
[jcl/yearly_jobs/]
[maps/]
[copy/]
[src/batch/]
CIRE010.cbl=
CIRE010.idy=
CIRE010.int=
CIRE010.lst=
CIRE010SP.cbl=
CIRE010SP.idy=
CIRE010SP.int=
CIRE010SP.lst=
[src/online/]
[exe/bat/]
CIRE010.gnt=
CIRE010SP.gnt=
[exe/onl/]
Archive Process Successfull using - perl /export/home/mtpadmin/bin/mtparchive.pl CC-4861-AJRA.ini
Move Process Successfull using - perl /export/home/mtpadmin/bin/mtpmove.pl CC-4861-AJRA.ini
Promote process successfull and verified using - perl /export/home/mtpadmin/bin/mtpverify.pl CC-4861-AJRA.ini
