[jcl/daily_jobs/]
[jcl/monthly_jobs/]
[jcl/quarterly_jobs/]
[jcl/yearly_jobs/]
[maps/]
[copy/]
[src/batch/]
[src/online/]
EL633.cl2=
EL633.cbl=
EL633.lst=
EL6331.cl2=
EL6331.cbl=
EL6331.lst=
[exe/bat/]
[exe/onl/]
EL633.gnt=
EL6331.gnt=
Archive Process Successfull using - perl /export/home/mtpadmin/bin/mtparchive.pl CC-4993-PEMA.ini
Move Process Successfull using - perl /export/home/mtpadmin/bin/mtpmove.pl CC-4993-PEMA.ini
Promote process successfull and verified using - perl /export/home/mtpadmin/bin/mtpverify.pl CC-4993-PEMA.ini
