[jcl/daily_jobs/]
[jcl/monthly_jobs/]
[jcl/quarterly_jobs/]
[jcl/yearly_jobs/]
[maps/]
[copy/]
ELC50PD=
[src/batch/]
EL517.cbl=
EL517.idy=
EL517.int=
EL517.lst=
[src/online/]
EL050.cbl=
EL050.cl2=
EL050.idy=
EL050.int=
EL050.lst=
[exe/bat/]
EL517.gnt=
[exe/onl/]
EL050.gnt=
Archive Process Successfull using - perl /export/home/mtpadmin/bin/mtparchive.pl CC-4863-AJRA.ini
Move Process Successfull using - perl /export/home/mtpadmin/bin/mtpmove.pl CC-4863-AJRA.ini
Promote process successfull and verified using - perl /export/home/mtpadmin/bin/mtpverify.pl CC-4863-AJRA.ini
