[jcl/daily_jobs/]
[jcl/monthly_jobs/]
[jcl/quarterly_jobs/]
[jcl/yearly_jobs/]
[maps/]
EL159S.bms=
[copy/]
ELC50PD=
ELC50WS=
ERCPDEF=
ECSEXT01=
ELCRATPD=
[src/batch/]
ECS010.cbl=
ECS010.lst=
ECS017.cbl=
ECS017.lst=
ECS050.cbl=
ECS050.lst=
FNB169.cbl=
FNB169.lst=
EL310.lst=
EL517.lst=
ELRATEX.lst=
[src/online/]
EL1278.cl2=
EL1278.cbl=
EL1278.lst=
EL159.cl2=
EL159.cbl=new
EL159.lst=new
EL050.cbl=
EL050.lst=
EL1591.cbl=new
EL1591.lst=new
EL1275.cbl=
EL1275.lst=
ELRATE.cbl=
ELRATE.lst=
[exe/bat/]
ECS010.gnt=
ECS017.gnt=
ECS050.gnt=
FNB169.gnt=
EL517.gnt=
EL310.gnt=
ELRATEX.gnt=
[exe/onl/]
EL1278.gnt=
EL159.gnt=
EL050.gnt=
EL1591.gnt=
EL1275.gnt=
ELRATE.gnt=
Archive Process Successfull using - perl /export/home/mtpadmin/bin/mtparchive.pl CC-4986-PEMA.ini
Move Process Successfull using - perl /export/home/mtpadmin/bin/mtpmove.pl CC-4986-PEMA.ini
Promote process successfull and verified using - perl /export/home/mtpadmin/bin/mtpverify.pl CC-4986-PEMA.ini
