[jcl/daily_jobs/]
cilgextr=
cilgedit=
cilgd517=
cidclgedit=
cidclgd517=
[jcl/monthly_jobs/]
cilgm10=
cilgm15=
cilgm16=
cilg331=
cidclgm10=
cidclgm15=
cidclgm16=
cidclg331=
cidclgmclp=
cidclgs036=
fndcfrm57=
[jcl/quarterly_jobs/]
[jcl/yearly_jobs/]
[maps/]
EL115S.bms=new
EL1273S.bms=
EL1275S.bms=
EL1278S.bms=
EL1591S.bms=
EL159S.bms=
EL601S.bms=
EL6301S.bms=
EL6311S.bms=
EL6501S.bms=
EL6502S.bms=
[copy/]
ECSCRT01=
ECSEXT01=
ECSRIRTN=
ELC50PD=
ELC50W1=
ELC50WS=
ELC630PI=
ELC631PI=
ELC650PI=
ELCCALC=
ELCCERT=
ELCRAMTP=
ELCRATPD=
ELCRESP1=
ELCRFNDP=
ELCSTATE=new
ELCUPRMP=
ERCNETP=
ERCNETWS=
ERCPDEF=
ERCPNDB=
[src/batch/]
ECS010.cbl=
ECS017.cbl=
ECS019.cbl=
ECS019DCC.cbl=
ECS020.cbl=
ECS050.cbl=
EL310.cbl=
EL315.cbl=
EL331.cbl=
EL517.cbl=
EL524.cbl=
ELRFNDX.cbl=
FNB166.cbl=
FNB169.cbl=
[src/online/]
EL050.cl2=
EL107.cl2=
EL115.cl2=new
EL1273.cl2=
EL1275.cl2=
EL1278.cl2=
EL159.cl2=
EL1591.cl2=
EL601.cl2=
EL6301.cl2=
EL6311.cl2=
EL6501.cl2=
EL6502.cl2=
EL6506.cl2=
ELRFND.cl2=
[exe/bat/]
ECS010.gnt=
ECS017.gnt=
ECS019.gnt=
ECS019DCC.gnt=
ECS020.gnt=
ECS050.gnt=
EL310.gnt=
EL315.gnt=
EL331.gnt=
EL517.gnt=
EL524.gnt=
ELRFNDX.gnt=
FNB166.gnt=
FNB169.gnt=
ELRAMTX.gnt=
ELRATEX.gnt=
ELUPRMX.gnt=
ELRESVX.gnt=
[exe/onl/]
EL015.gnt=
EL050.gnt=
EL107.gnt=
EL115.gnt=new
EL1273.gnt=
EL1275.gnt=
EL1278.gnt=
EL159.gnt=new
EL1591.gnt=new
EL601.gnt=
EL6301.gnt=
EL6311.gnt=
EL6501.gnt=
EL6502.gnt=
EL6506.gnt=
ELRFND.gnt=
ELRAMT.gnt=
ELRATE.gnt=
ELRESV.gnt=
Archive Process Successfull using - perl /export/home/mtpadmin/bin/mtparchive.pl CC-4925-PEMA.ini
Move Process Successfull using - perl /export/home/mtpadmin/bin/mtpmove.pl CC-4925-PEMA.ini
Promote process successfull and verified using - perl /export/home/mtpadmin/bin/mtpverify.pl CC-4925-PEMA.ini
