[2011041100003]
[jcl/daily_jobs/]
[jcl/monthly_jobs/]
[jcl/quarterly_jobs/]
[jcl/yearly_jobs/]
[sys/webroot/]
[sys/webroot/coversheets/]
[sys/webroot/coversheets/images/]
[sys/webroot/coversheets/javascript/]
[sys/webroot/coversheets/style/]
[maps/]
[copy/]
[emails/]
[parmlib/]
dcc020.parms=new
dcc021.parms=new
[src/batch/]
DCC063.cbl=new
DCC063.lst=new
[src/online/]
[exe/bat/]
DCC063.gnt=new
[exe/onl/]
Archive Process Successfull using - perl /export/home/mtpadmin/bin/mtparchive.pl CC-5283-PEMA.ini
Move Process Successfull using - perl /export/home/mtpadmin/bin/mtpmove.pl CC-5283-PEMA.ini
Promote process successfull and verified using - perl /export/home/mtpadmin/bin/mtpverify.pl CC-5283-PEMA.ini
