[jcl/daily_jobs/]
[jcl/monthly_jobs/]
ahfrm58=new
ahlmth4=
ftp-ahfrm58=new
[jcl/quarterly_jobs/]
[jcl/yearly_jobs/]
[parmlib/]
[maps/]
[copy/]
[src/batch/]
AHLCLMSP.cbl=new
AHLCLMSP.idy=new
AHLCLMSP.int=new
AHLCLMSP.lst=new
[src/online/]
[exe/bat/]
AHLCLMSP.gnt=new
[exe/onl/]Archive Process Successfull using - perl /export/home/mtpadmin/bin/mtparchive.pl CC-5105-AJRA.ini
Move Process Successfull using - perl /export/home/mtpadmin/bin/mtpmove.pl CC-5105-AJRA.ini
Promote process successfull and verified using - perl /export/home/mtpadmin/bin/mtpverify.pl CC-5105-AJRA.ini
