[2012121800001]
[/apps/test/cid1s/jcl/daily_jobs/;/apps/prod/cid1p/jcl/daily_jobs/]
[/apps/test/cid1s/jcl/monthly_jobs/;/apps/prod/cid1p/jcl/monthly_jobs/]
[/apps/test/cid1s/jcl/quarterly_jobs/;/apps/prod/cid1p/jcl/quarterly_jobs/]
[/apps/test/cid1s/jcl/yearly_jobs/;/apps/prod/cid1p/jcl/yearly_jobs/]
[/export/home/ajra/bin/;/export/home/mtpadmin/bin/]
[/apps/test/cid1s/sys/webroot/;/apps/prod/cid1p/sys/webroot/]
[/apps/test/cid1s/sys/webroot/coversheets/;/apps/prod/cid1p/sys/webroot/coversheets/]
[/apps/test/cid1s/sys/webroot/coversheets/images/;/apps/prod/cid1p/sys/webroot/coversheets/images/]
[/apps/test/cid1s/sys/webroot/coversheets/javascript/;/apps/prod/cid1p/sys/webroot/coversheets/javascript/]
[/apps/test/cid1s/sys/webroot/coversheets/style/;/apps/prod/cid1p/sys/webroot/coversheets/style/]
[/apps/test/cid1s/maps/;/apps/prod/cid1p/maps/]
[/apps/test/cid1s/copy/;/apps/prod/cid1p/copy/]
ELC50PD=
[/apps/test/cid1s/emails/;/apps/prod/cid1p/emails/]
[/apps/test/cid1s/parmlib/;/apps/prod/cid1p/parmlib/]
[/apps/test/cid1s/src/batch/;/apps/prod/cid1p/src/batch/]
EL517.cbl=
EL517.idy=
EL517.int=
EL517.lst=
EL570.cbl=
EL570.idy=
EL570.int=
EL570.lst=
[/apps/test/cid1s/src/online/;/apps/prod/cid1p/src/online/]
EL050.cbl=
EL050.cl2=
EL050.idy=
EL050.int=
EL050.lst=
[/apps/test/cid1s/exe/bat/;/apps/prod/cid1p/staging/exe_bat/]
EL517.gnt=
EL570.gnt=
[/apps/test/cid1s/exe/onl/;/apps/prod/cid1p/staging/exe_onl/]
EL050.gnt=Archive Process Successfull using - perl /export/home/mtpadmin/bin/mtparchive.pl CC-5712-AJRA.ini
Move Process Successfull using - perl /export/home/mtpadmin/bin/mtpmove.pl CC-5712-AJRA.ini
Promote process successfull and verified using - perl /export/home/mtpadmin/bin/mtpverify.pl CC-5712-AJRA.ini
