[jcl/daily_jobs/]
cpsdaily=
ftp-ahlmonthone.today=new
[jcl/monthly_jobs/]
ahfrm50=new
ahfrm52=new
ahfrm54com=new
ahfrm54gp=new
ahfrm54st=new
ahfrm56=new
ahlcrx4=new
ahldexa=new
ahlepx1=new
ahlepx3=new
ahlg021=new
ahlg045spec=new
ahlg309=new
ahlg341=new
ahlg545=new
ahlg548s=new
ahlgbackupm=new
ahlgdat=new
ahlgetmetots=new
ahlgm05=new
ahlgm10=new
ahlgm15=new
ahlgm16=new
ahlgm17=new
ahlgm20=new
ahlgm25=new
ahlgm27=new
ahlgm29=new
ahlgm35=new
ahlgm35a=new
ahlgm40=new
ahlgm355=new
ahlgm356=new
ahlgm360=new
ahlgm541=new
ahlgm542=new
ahlgmaa=new
ahlgmbb=new
ahlgmclh=new
ahlgmclm=new
ahlgmcrx2=new
ahlgmderx=new
ahlgmdex=new
ahlgmgrx=new
ahlgmo3g=new
ahlgmrd=new
ahlgmrein=new
ahlgmretro=new
ahlgmtax=new
ahlmonthly=new
ahlmth1=new
ahlmth2=new
ahlmth3=new
ahlmth4=new
ahlmth5=new
ahlmtha=new
ahlmthb=new
cpsbalahl1=new
cpsbalahl2=new
cpsbalahl3=new
ftp-ahfrm50=new
ftp-ahfrm52=new
ftp-ahfrm54com=new
ftp-ahfrm54gp=new
ftp-ahfrm54st=new
ftp-ahfrm56=new
ftp-ahlcrx4=new
ftp-ahldexa=new
ftp-ahlepx1=new
ftp-ahlepx3=new
ftp-ahlg021=new
ftp-ahlg045spec=new
ftp-ahlg309=new
ftp-ahlg341=new
ftp-ahlg545=new
ftp-ahlg548s=new
ftp-ahlgdat=new
ftp-ahlgetmetots=new
ftp-ahlgm05=new
ftp-ahlgm10=new
ftp-ahlgm15=new
ftp-ahlgm15-ntfree2=new
ftp-ahlgm15-ntis2=new
ftp-ahlgm16=new
ftp-ahlgm17=new
ftp-ahlgm20=new
ftp-ahlgm25=new
ftp-ahlgm27=new
ftp-ahlgm29=new
ftp-ahlgm35=new
ftp-ahlgm35a=new
ftp-ahlgm40-ntfree2=new
ftp-ahlgm360=new
ftp-ahlgm541=new
ftp-ahlgmaa=new
ftp-ahlgmbb=new
ftp-ahlgmclh=new
ftp-ahlgmclm=new
ftp-ahlgmcrx2=new
ftp-ahlgmderx=new
ftp-ahlgmdex=new
ftp-ahlgmgrx=new
ftp-ahlgmo3g=new
ftp-ahlgmrd=new
ftp-ahlgmrein=new
ftp-ahlgmretro=new
ftp-ahlgmtax=new
ftp-ahlmthb=new
ftp-ahlrdsfiles=new
ftp-ahlreinrpt=new
ftp-cpsbalahl3=new
[jcl/quarterly_jobs/]
[jcl/yearly_jobs/]
[maps/]
[copy/]
[src/batch/]
EL309AHL.cbl=new
EL309AHL.idy=new
EL309AHL.int=new
EL309AHL.lst=new
FNB167AHL.cbl=new
FNB167AHL.idy=new
FNB167AHL.int=new
FNB167AHL.lst=new
[src/online/]
[exe/bat/]
EL309AHL.gnt=new
FNB167AHL.gnt=new
[exe/onl/]
[emails/]
ahlgmcrx2.txt=new
ahlmth4.txt=new
ahlmth4-actuary.txt=new
ahlmth4-corp.txt=new
ahlmthb.txt=new
ahlmthb-1.txt=new
ahlmthb-2.txt=new
ahlmthb-onbase.txt=new
cpsbalahl3.txt=new
Archive Process Successfull using - perl /export/home/mtpadmin/bin/mtparchive.pl CC-5071-AJRA.ini
Move Process Successfull using - perl /export/home/mtpadmin/bin/mtpmove.pl CC-5071-AJRA.ini
Promote process successfull and verified using - perl /export/home/mtpadmin/bin/mtpverify.pl CC-5071-AJRA.ini
