[2013060600001]
[/apps/test/cid1s/jcl/daily_jobs/;/apps/prod/cid1p/jcl/daily_jobs/]
cpsdlyme=
[/apps/test/cid1s/jcl/monthly_jobs/;/apps/prod/cid1p/jcl/monthly_jobs/]
sqlbermebl=new
cilgchkbal=new
cidclgchkbal=new
[/apps/test/cid1s/jcl/quarterly_jobs/;/apps/prod/cid1p/jcl/quarterly_jobs/]
[/apps/test/cid1s/jcl/yearly_jobs/;/apps/prod/cid1p/jcl/yearly_jobs/]
[/export/home/pema/bin/;/export/home/mtpadmin/bin/]
balance_eom.pl=new
[/data/test/seqfiles/;/data/seqfiles/]
[/apps/test/cid1s/sys/webroot/;/apps/prod/cid1p/sys/webroot/]
[/apps/test/cid1s/sys/webroot/balancesheet/;/apps/prod/cid1p/sys/webroot/balancesheet/]
[/apps/test/cid1s/sys/webroot/balancesheet/images/;/apps/prod/cid1p/sys/webroot/balancesheet/images/]
[/apps/test/cid1s/sys/webroot/balancesheet/javascript/;/apps/prod/cid1p/sys/webroot/balancesheet/javascript/]
[/apps/test/cid1s/sys/webroot/balancesheet/style/;/apps/prod/cid1p/sys/webroot/balancesheet/style/]
[/apps/test/cid1s/maps/;/apps/prod/cid1p/maps/]
[/apps/test/cid1s/copy/;/apps/prod/cid1p/copy/]
ERCMEBL=
[/apps/test/cid1s/emails/;/apps/prod/cid1p/emails/]
[/apps/test/cid1s/parmlib/;/apps/prod/cid1p/parmlib/]
[/apps/test/cid1s/src/batch/;/apps/prod/cid1p/src/batch/]
CSO035.cbl=
CSO035.lst=
ECS010.cbl=
ECS010.lst=
ECS016.cbl=
ECS016.lst=
ECS018.cbl=
ECS018.lst=
ECS019.cbl=
ECS019.lst=
ECS020.cbl=
ECS020.lst=
ECS030.cbl=
ECS030.lst=
ECS032.cbl=
ECS032.lst=
ECS035.cbl=
ECS035.lst=
ECS038.cbl=
ECS038.lst=
ECS041.cbl=
ECS041.lst=
ECS048.lst=
ECS050.cbl=
ECS050.lst=
ECS061.cbl=
ECS061.lst=
ECS063.cbl=
ECS063.lst=
ECS064.cbl=
ECS064.lst=
ECS080.cbl=
ECS080.lst=
ECS080AHL.cbl=
ECS080AHL.lst=
ECS082.cbl=
ECS082.lst=
EL315.cbl=
EL315.lst=
EL315AHL.cbl=
EL315AHL.lst=
EL317.cbl=
EL317.lst=
EL325.cbl=
EL325.lst=
EL331.lst=
EL341.cbl=
EL341.lst=
EL349.lst=
EL501.lst=
EL509.lst=
EL515.cbl=
EL515.lst=
EL522.lst=
EL523.cbl=
EL523.lst=
EL524.cbl=
EL524.lst=
EL525.lst=
EL541.cbl=
EL541.lst=
EL542.cbl=
EL542.lst=
EL544.cbl=
EL544.lst=
EL562.cbl=
EL562.lst=
SQLBERMEBL.cbl=new
SQLBERMEBL.lst=new
[/apps/test/cid1s/src/online/;/apps/prod/cid1p/src/online/]
[/apps/test/cid1s/exe/bat/;/apps/prod/cid1p/staging/exe_bat/]
CSO035.gnt=
ECS010.gnt=
ECS016.gnt=
ECS018.gnt=
ECS019.gnt=
ECS020.gnt=
ECS030.gnt=
ECS032.gnt=
ECS035.gnt=
ECS038.gnt=
ECS041.gnt=
ECS048.gnt=
ECS050.gnt=
ECS061.gnt=
ECS063.gnt=
ECS064.gnt=
ECS080.gnt=
ECS080AHL.gnt=
ECS082.gnt=
EL315.gnt=
EL315AHL.gnt=
EL317.gnt=
EL325.gnt=
EL331.gnt=
EL341.gnt=
EL349.gnt=
EL501.gnt=
EL509.gnt=
EL515.gnt=
EL522.gnt=
EL523.gnt=
EL524.gnt=
EL525.gnt=
EL541.gnt=
EL542.gnt=
EL544.gnt=
EL562.gnt=
SQLBERMEBL.gnt=new
[/apps/test/cid1s/exe/onl/;/apps/prod/cid1p/staging/exe_onl/]
Archive Process Successfull using - perl /export/home/mtpadmin/bin/mtparchive.pl CC-5957-PEMA.ini
Move Process Successfull using - perl /export/home/mtpadmin/bin/mtpmove.pl CC-5957-PEMA.ini
Promote process successfull and verified using - perl /export/home/mtpadmin/bin/mtpverify.pl CC-5957-PEMA.ini
