[2012120300004]
[jcl/daily_jobs/]
cifpbfpc=
cifpcan512=
[jcl/monthly_jobs/]
[jcl/quarterly_jobs/]
[jcl/yearly_jobs/]
[sys/webroot/]
[sys/webroot/coversheets/]
[sys/webroot/coversheets/images/]
[sys/webroot/coversheets/javascript/]
[sys/webroot/coversheets/style/]
[maps/]
[copy/]
[emails/]
[parmlib/]
[src/batch/]
CIFPB511.cbl=
CIFPB511.lst=
[src/online/]
[exe/bat/]
CIFPB511.gnt=
[exe/onl/]
Archive Process Successfull using - perl /export/home/mtpadmin/bin/mtparchive.pl CC-5304-PEMA.ini
Move Process Successfull using - perl /export/home/mtpadmin/bin/mtpmove.pl CC-5304-PEMA.ini
Promote process successfull and verified using - perl /export/home/mtpadmin/bin/mtpverify.pl CC-5304-PEMA.ini
