[2012122700003]
[/apps/test/cid1s/jcl/daily_jobs/;/apps/prod/cid1p/jcl/daily_jobs/]
[/apps/test/cid1s/jcl/monthly_jobs/;/apps/prod/cid1p/jcl/monthly_jobs/]
[/apps/test/cid1s/jcl/quarterly_jobs/;/apps/prod/cid1p/jcl/quarterly_jobs/]
[/apps/test/cid1s/jcl/yearly_jobs/;/apps/prod/cid1p/jcl/yearly_jobs/]
[/export/home/ajra/bin/;/export/home/mtpadmin/bin/]
[/apps/test/cid1s/sys/webroot/;/apps/prod/cid1p/sys/webroot/]
[/apps/test/cid1s/sys/webroot/coversheets/;/apps/prod/cid1p/sys/webroot/coversheets/]
[/apps/test/cid1s/sys/webroot/coversheets/images/;/apps/prod/cid1p/sys/webroot/coversheets/images/]
[/apps/test/cid1s/sys/webroot/coversheets/javascript/;/apps/prod/cid1p/sys/webroot/coversheets/javascript/]
[/apps/test/cid1s/sys/webroot/coversheets/style/;/apps/prod/cid1p/sys/webroot/coversheets/style/]
[/apps/test/cid1s/maps/;/apps/prod/cid1p/maps/]
[/apps/test/cid1s/copy/;/apps/prod/cid1p/copy/]
[/apps/test/cid1s/emails/;/apps/prod/cid1p/emails/]
[/apps/test/cid1s/parmlib/;/apps/prod/cid1p/parmlib/]
[/apps/test/cid1s/src/batch/;/apps/prod/cid1p/src/batch/]
[/apps/test/cid1s/src/online/;/apps/prod/cid1p/src/online/]
EL050.cbl=
EL050.cl2=
EL050.idy=
EL050.int=
EL050.lst=
EL1273.cbl=
EL1273.cl2=
EL1273.idy=
EL1273.int=
EL1273.lst=
EL1278.cbl=
EL1278.cl2=
EL1278.idy=
EL1278.int=
EL1278.lst=
EL6311.cbl=
EL6311.cl2=
EL6311.idy=
EL6311.int=
EL6311.lst=
EL6313.cbl=
EL6313.cl2=
EL6313.idy=
EL6313.int=
EL6313.lst=
EL6316.cbl=
EL6316.cl2=
EL6316.idy=
EL6316.int=
EL6316.lst=
EL6317.cbl=
EL6317.cl2=
EL6317.idy=
EL6317.int=
EL6317.lst=
EL6318.cbl=
EL6318.cl2=
EL6318.idy=
EL6318.int=
EL6318.lst=
[/apps/test/cid1s/exe/bat/;/apps/prod/cid1p/staging/exe_bat/]
[/apps/test/cid1s/exe/onl/;/apps/prod/cid1p/staging/exe_onl/]
EL050.gnt=
EL1273.gnt=
EL1278.gnt=
EL6311.gnt=
EL6313.gnt=
EL6316.gnt=
EL6317.gnt=
EL6318.gnt=Archive Process Successfull using - perl /export/home/mtpadmin/bin/mtparchive.pl CC-5359-AJRA.ini
Move Process Successfull using - perl /export/home/mtpadmin/bin/mtpmove.pl CC-5359-AJRA.ini
Promote process successfull and verified using - perl /export/home/mtpadmin/bin/mtpverify.pl CC-5359-AJRA.ini
