[jcl/daily_jobs/]
[jcl/monthly_jobs/]
[jcl/quarterly_jobs/]
[jcl/yearly_jobs/]
[maps/]
[copy/]
[src/batch/]
EL317CI.cbl=
EL317CI.idy=
EL317CI.int=
EL317CI.lst=
EL317CIAK.cbl=
EL317CIAK.idy=
EL317CIAK.int=
EL317CIAK.lst=
EL570.cbl=
EL570.idy=
EL570.int=
EL570.lst=
[src/online/]
[exe/bat/]
EL317CI.gnt=
EL317CIAK.gnt=
EL570.gnt=
[exe/onl/]Archive Process Successfull using - perl /export/home/mtpadmin/bin/mtparchive.pl CC-xxxx-AJRA.ini
Move Process Successfull using - perl /export/home/mtpadmin/bin/mtpmove.pl CC-xxxx-AJRA.ini
Promote process successfull and verified using - perl /export/home/mtpadmin/bin/mtpverify.pl CC-xxxx-AJRA.ini
