[jcl/daily_jobs/]
[jcl/monthly_jobs/]
cpsbalm50=
[jcl/quarterly_jobs/]
[jcl/yearly_jobs/]
[sys/webroot/]
[sys/webroot/coversheets/]
[sys/webroot/coversheets/images/]
[sys/webroot/coversheets/javascript/]
[sys/webroot/coversheets/style/]
[maps/]
[copy/]
[emails/]
[src/batch/]
[src/online/]
[exe/bat/]
[exe/onl/]
Archive Process Successfull using - perl /export/home/mtpadmin/bin/mtparchive.pl CC-5274-PEMA.ini
Move Process Successfull using - perl /export/home/mtpadmin/bin/mtpmove.pl CC-5274-PEMA.ini
Promote process successfull and verified using - perl /export/home/mtpadmin/bin/mtpverify.pl CC-5274-PEMA.ini
