[jcl/daily_jobs/]
[jcl/monthly_jobs/]
ahlgm35=
[jcl/quarterly_jobs/]
[jcl/yearly_jobs/]
[parmlib/]
ahm020.parms=new
ahm021.parms=new
[maps/]
[copy/]
[src/batch/]
CIB063.cbl=new
CIB063.lst=new
[src/online/]
[exe/bat/]
CIB063.gnt=new
[exe/onl/]
Archive Process Successfull using - perl /export/home/mtpadmin/bin/mtparchive.pl CC-5109-PEMA.ini
Move Process Successfull using - perl /export/home/mtpadmin/bin/mtpmove.pl CC-5109-PEMA.ini
Promote process successfull and verified using - perl /export/home/mtpadmin/bin/mtpverify.pl CC-5109-PEMA.ini
