[jcl/daily_jobs/]
[jcl/monthly_jobs/]
[jcl/quarterly_jobs/]
[jcl/yearly_jobs/]
[maps/]
[copy/]
ELC50PD=
[src/batch/]
ECS056.cbl=
ECS056.idy=
ECS056.int=
ECS056.lst=
EL517.idy=
EL517.int=
EL517.lst=
[src/online/]
EL050.cbl=
EL050.idy=
EL050.int=
EL050.lst=
[exe/bat/]
ECS056.gnt=
EL517.gnt=
[exe/onl/]
EL050.gnt=Archive Process Successfull using - perl /export/home/mtpadmin/bin/mtparchive.pl CC-5295-AJRA.ini
Move Process Successfull using - perl /export/home/mtpadmin/bin/mtpmove.pl CC-5295-AJRA.ini
Promote process successfull and verified using - perl /export/home/mtpadmin/bin/mtpverify.pl CC-5295-AJRA.ini
