[2013090300001]
[/apps/test/cid1s/jcl/daily_jobs/;/apps/prod/cid1p/jcl/daily_jobs/]
[/apps/test/cid1s/jcl/monthly_jobs/;/apps/prod/cid1p/jcl/monthly_jobs/]
[/apps/test/cid1s/jcl/quarterly_jobs/;/apps/prod/cid1p/jcl/quarterly_jobs/]
[/apps/test/cid1s/jcl/yearly_jobs/;/apps/prod/cid1p/jcl/yearly_jobs/]
[/export/home/ajra/bin/;/export/home/mtpadmin/bin/]
[/apps/test/cid1s/sys/webroot/;/apps/prod/cid1p/sys/webroot/]
ASBOD.tem=
[/apps/test/cid1s/sys/webroot/coversheets/;/apps/prod/cid1p/sys/webroot/coversheets/]
[/apps/test/cid1s/sys/webroot/coversheets/images/;/apps/prod/cid1p/sys/webroot/coversheets/images/]
[/apps/test/cid1s/sys/webroot/coversheets/javascript/;/apps/prod/cid1p/sys/webroot/coversheets/javascript/]
[/apps/test/cid1s/sys/webroot/coversheets/style/;/apps/prod/cid1p/sys/webroot/coversheets/style/]
[/apps/test/cid1s/maps/;/apps/prod/cid1p/maps/]
[/apps/test/cid1s/copy/;/apps/prod/cid1p/copy/]
NSCASOUTB=
NSCASVARS=
[/apps/test/cid1s/emails/;/apps/prod/cid1p/emails/]
[/apps/test/cid1s/parmlib/;/apps/prod/cid1p/parmlib/]
[/apps/test/cid1s/src/batch/;/apps/prod/cid1p/src/batch/]
CIDNSARE.cbl=
CIDNSARE.idy=
CIDNSARE.int=
CIDNSARE.lst=
CIDNSASX.cbl=
CIDNSASX.idy=
CIDNSASX.int=
CIDNSASX.lst=
[/apps/test/cid1s/src/online/;/apps/prod/cid1p/src/online/]
EL614.cbl=
EL614.cl2=
EL614.idy=
EL614.int=
EL614.lst=
EL6311.cbl=
EL6311.cl2=
EL6311.idy=
EL6311.int=
EL6311.lst=
EL6313.cbl=
EL6313.cl2=
EL6313.idy=
EL6313.int=
EL6313.lst=
EL689.cbl=
EL689.cl2=
EL689.idy=
EL689.int=
EL689.lst=
NSRASBL.cbl=
NSRASBL.cl2=
NSRASBL.idy=
NSRASBL.int=
NSRASBL.lst=
[/apps/test/cid1s/exe/bat/;/apps/prod/cid1p/staging/exe_bat/]
CIDNSARE.gnt=
CIDNSASX.gnt=
[/apps/test/cid1s/exe/onl/;/apps/prod/cid1p/staging/exe_onl/]
EL614.gnt=
EL6311.gnt=
EL6313.gnt=
EL689.gnt=
NSRASBL.gnt=Archive Process Successfull using - perl /export/home/mtpadmin/bin/mtparchive.pl CC-5641-AJRA.ini
Move Process Successfull using - perl /export/home/mtpadmin/bin/mtpmove.pl CC-5641-AJRA.ini
Promote process successfull and verified using - perl /export/home/mtpadmin/bin/mtpverify.pl CC-5641-AJRA.ini
