[jcl/daily_jobs/]
ahlgextr=
[jcl/monthly_jobs/]
[jcl/quarterly_jobs/]
[jcl/yearly_jobs/]
[maps]
[copy/]
ELCRESP1=
[src/batch/]
CIB012.cbl=
CIB012.lst=
ELRESVX.cbl=
ELRESVX.lst=
[src/online/]
[exe/bat/]
ELRESVX.gnt=
CIB012.gnt=
[exe/onl/]
Archive Process Successfull using - perl /export/home/mtpadmin/bin/mtparchive.pl CC-5068-PEMA.ini
Move Process Successfull using - perl /export/home/mtpadmin/bin/mtpmove.pl CC-5068-PEMA.ini
Promote process successfull and verified using - perl /export/home/mtpadmin/bin/mtpverify.pl CC-5068-PEMA.ini
