[jcl/daily_jobs/]
[jcl/monthly_jobs/]
[jcl/quarterly_jobs/]
[jcl/yearly_jobs/]
[maps/]
EL1502S.bms=
[copy/]
[src/batch/]
[src/online/]
EL1502.cbl=
EL1502.cl2=
EL1502.idy=
EL1502.int=
EL1502.lst=
[exe/bat/]
[exe/onl/]
EL1502.gnt=
Archive Process Successfull using - perl /export/home/mtpadmin/bin/mtparchive.pl CC-5061-AJRA.ini
Move Process Successfull using - perl /export/home/mtpadmin/bin/mtpmove.pl CC-5061-AJRA.ini
Promote process successfull and verified using - perl /export/home/mtpadmin/bin/mtpverify.pl CC-5061-AJRA.ini
