[2014022100001]
[/apps/test/cid1s/jcl/daily_jobs/;/apps/prod/cid1p/jcl/daily_jobs/]
[/apps/test/cid1s/jcl/monthly_jobs/;/apps/prod/cid1p/jcl/monthly_jobs/]
[/apps/test/cid1s/jcl/quarterly_jobs/;/apps/prod/cid1p/jcl/quarterly_jobs/]
[/apps/test/cid1s/jcl/yearly_jobs/;/apps/prod/cid1p/jcl/yearly_jobs/]
[/export/home/ajra/bin/;/export/home/mtpadmin/bin/]
[/apps/test/cid1s/sys/webroot/;/apps/prod/cid1p/sys/webroot/]
[/apps/test/cid1s/sys/webroot/coversheets/;/apps/prod/cid1p/sys/webroot/coversheets/]
[/apps/test/cid1s/sys/webroot/coversheets/images/;/apps/prod/cid1p/sys/webroot/coversheets/images/]
[/apps/test/cid1s/sys/webroot/coversheets/javascript/;/apps/prod/cid1p/sys/webroot/coversheets/javascript/]
[/apps/test/cid1s/sys/webroot/coversheets/style/;/apps/prod/cid1p/sys/webroot/coversheets/style/]
[/apps/test/cid1s/maps/;/apps/prod/cid1p/maps/]
[/apps/test/cid1s/copy/;/apps/prod/cid1p/copy/]
ELCCRTT=
ELCMSTR=
ELCTRLR=
ERCPDEF=
[/apps/test/cid1s/emails/;/apps/prod/cid1p/emails/]
[/apps/test/cid1s/parmlib/;/apps/prod/cid1p/parmlib/]
[/apps/test/cid1s/src/batch/;/apps/prod/cid1p/src/batch/]
CIB010.cbl=
CIB010.idy=
CIB010.int=
CIB010.lst=
EL310.cbl=
EL310.idy=
EL310.int=
EL310.lst=
EL315.cbl=
EL315.idy=
EL315.int=
EL315.lst=
EL315AHL.cbl=
EL315AHL.idy=
EL315AHL.int=
EL315AHL.lst=
EL317.cbl=
EL317.idy=
EL317.int=
EL317.lst=
EL322.cbl=
EL322.idy=
EL322.int=
EL322.lst=
EL3241.cbl=
EL3241.idy=
EL3241.int=
EL3241.lst=
EL325.cbl=
EL325.idy=
EL325.int=
EL325.lst=
EL327.cbl=
EL327.idy=
EL327.int=
EL327.lst=
EL333.cbl=
EL333.idy=
EL333.int=
EL333.lst=
EL344.cbl=
EL344.idy=
EL344.int=
EL344.lst=
EL344E.cbl=
EL344E.idy=new
EL344E.int=new
EL344E.lst=
EL344YTD.cbl=
EL344YTD.idy=
EL344YTD.int=
EL344YTD.lst=
EL350.cbl=
EL350.idy=
EL350.int=
EL350.lst=
EL352.cbl=
EL352.idy=
EL352.int=
EL352.lst=
EL355.cbl=
EL355.idy=
EL355.int=
EL355.lst=
EL356.cbl=
EL356.idy=
EL356.int=
EL356.lst=
EL517.cbl=
EL517.idy=
EL517.int=
EL517.lst=
EL524.cbl=
EL524.idy=
EL524.int=
EL524.lst=
EL585.cbl=
EL585.idy=
EL585.int=
EL585.lst=
EL585M.cbl=
EL585M.idy=
EL585M.int=
EL585M.lst=
EL587.cbl=
EL587.idy=
EL587.int=
EL587.lst=
EL588.cbl=
EL588.idy=
EL588.int=
EL588.lst=
EL589.cbl=
EL589.idy=
EL589.int=
EL589.lst=
EL591.cbl=
EL591.idy=
EL591.int=
EL591.lst=
EL591D.cbl=
EL591D.idy=
EL591D.int=
EL591D.lst=
EL592.cbl=
EL592.idy=
EL592.int=
EL592.lst=
EL593.cbl=
EL593.idy=
EL593.int=
EL593.lst=
LGCIFCE.cbl=
LGCIFCE.idy=
LGCIFCE.int=
LGCIFCE.lst=
[/apps/test/cid1s/src/online/;/apps/prod/cid1p/src/online/]
[/apps/test/cid1s/exe/bat/;/apps/prod/cid1p/staging/exe_bat/]
CIB010.gnt=
EL310.gnt=
EL315.gnt=
EL315AHL.gnt=
EL317.gnt=
EL322.gnt=
EL3241.gnt=
EL325.gnt=
EL327.gnt=
EL333.gnt=
EL344.gnt=
EL344E.gnt=
EL344YTD.gnt=
EL350.gnt=
EL352.gnt=
EL355.gnt=
EL356.gnt=
EL517.gnt=
EL524.gnt=
EL585.gnt=
EL585M.gnt=
EL587.gnt=
EL588.gnt=
EL589.gnt=
EL591.gnt=
EL591D.gnt=
EL592.gnt=
EL593.gnt=
LGCIFCE.gnt=
[/apps/test/cid1s/exe/onl/;/apps/prod/cid1p/staging/exe_onl/]Archive Process Successfull using - perl /export/home/mtpadmin/bin/mtparchive.pl CC-5778-AJRA.ini
Move Process Successfull using - perl /export/home/mtpadmin/bin/mtpmove.pl CC-5778-AJRA.ini
Promote process successfull and verified using - perl /export/home/mtpadmin/bin/mtpverify.pl CC-5778-AJRA.ini
