[2013021100002]
[/apps/test/cid1s/jcl/daily_jobs/;/apps/prod/cid1p/jcl/daily_jobs/]
[/apps/test/cid1s/jcl/monthly_jobs/;/apps/prod/cid1p/jcl/monthly_jobs/]
[/apps/test/cid1s/jcl/quarterly_jobs/;/apps/prod/cid1p/jcl/quarterly_jobs/]
[/apps/test/cid1s/jcl/yearly_jobs/;/apps/prod/cid1p/jcl/yearly_jobs/]
[/export/home/pema/bin/;/export/home/mtpadmin/bin/]
[/data/test/seqfiles/;/data/seqfiles/]
[/apps/test/cid1s/sys/webroot/;/apps/prod/cid1p/sys/webroot/]
[/apps/test/cid1s/sys/webroot/balancesheet/;/apps/prod/cid1p/sys/webroot/balancesheet/]
[/apps/test/cid1s/sys/webroot/balancesheet/images/;/apps/prod/cid1p/sys/webroot/balancesheet/images/]
[/apps/test/cid1s/sys/webroot/balancesheet/javascript/;/apps/prod/cid1p/sys/webroot/balancesheet/javascript/]
[/apps/test/cid1s/sys/webroot/balancesheet/style/;/apps/prod/cid1p/sys/webroot/balancesheet/style/]
[/apps/test/cid1s/maps/;/apps/prod/cid1p/maps/]
EL101S.bms=
EL101S.map=
EL101S=
EL107S.bms=
EL107SM.map=
EL107S=
EL127S.bms=
EL127S.map=
EL127S=
EL130S.bms=
EL130S.map=
EL130S=
EL131S.bms=
EL131S.map=
EL131S=
EL150S.bms=
EL150S.map=
EL150S=
EL1503S.bms=new
EL1503S.map=new
EL1503S=new
EL159S.bms=
EL159S.map=
EL159S=
[/apps/test/cid1s/copy/;/apps/prod/cid1p/copy/]
ELCCNTL=
ELCCRTT=
ELCMSTR=
ERCPDEF=
[/apps/test/cid1s/emails/;/apps/prod/cid1p/emails/]
[/apps/test/cid1s/parmlib/;/apps/prod/cid1p/parmlib/]
[/apps/test/cid1s/src/batch/;/apps/prod/cid1p/src/batch/]
[/apps/test/cid1s/src/online/;/apps/prod/cid1p/src/online/]
EL101.cl2=
EL101.cbl=
EL101.lst=
EL107.cl2=
EL107.cbl=
EL107.lst=
EL1272.cl2=
EL1272.cbl=
EL1272.lst=
EL130.cl2=
EL130.cbl=
EL130.lst=
EL131.cl2=
EL131.cbl=
EL131.lst=
EL143.cl2=
EL143.cbl=
EL143.lst=
EL150.cl2=
EL150.cbl=
EL150.lst=
EL1501.cl2=
EL1501.cbl=
EL1501.lst=
EL1503.cl2=new
EL1503.cbl=new
EL1503.lst=new
EL154.cl2=
EL154.cbl=
EL154.lst=
EL156.cl2=
EL156.cbl=
EL156.lst=
EL159.cl2=
EL159.cbl=
EL159.lst=
EL6501.cl2=
EL6501.cbl=
EL6501.lst=
[/apps/test/cid1s/exe/bat/;/apps/prod/cid1p/staging/exe_bat/]
[/apps/test/cid1s/exe/onl/;/apps/prod/cid1p/staging/exe_onl/]
EL101.gnt=
EL107.gnt=
EL1272.gnt=
EL130.gnt=
EL131.gnt=
EL143.gnt=
EL150.gnt=
EL1501.gnt=
EL1503.gnt=new
EL154.gnt=
EL156.gnt=
EL159.gnt=
EL6501.gnt=
Archive Process Successfull using - perl /export/home/mtpadmin/bin/mtparchive.pl CC-5745-PEMA.ini
Move Process Successfull using - perl /export/home/mtpadmin/bin/mtpmove.pl CC-5745-PEMA.ini
Promote process successfull and verified using - perl /export/home/mtpadmin/bin/mtpverify.pl CC-5745-PEMA.ini
