[2012113000002]
[/apps/test/cid1s/jcl/daily_jobs/;/apps/prod/cid1p/jcl/daily_jobs/]
pemclf5=new
[/apps/test/cid1s/jcl/monthly_jobs/;/apps/prod/cid1p/jcl/monthly_jobs/]
[/apps/test/cid1s/jcl/quarterly_jobs/;/apps/prod/cid1p/jcl/quarterly_jobs/]
[/apps/test/cid1s/jcl/yearly_jobs/;/apps/prod/cid1p/jcl/yearly_jobs/]
[/export/home/pema/bin/;/export/home/mtpadmin/bin/]
[/data/test/seqfiles/;/data/seqfiles/]
[/apps/test/cid1s/sys/webroot/;/apps/prod/cid1p/sys/webroot/]
[/apps/test/cid1s/sys/webroot/balancesheet/;/apps/prod/cid1p/sys/webroot/balancesheet/]
[/apps/test/cid1s/sys/webroot/balancesheet/images/;/apps/prod/cid1p/sys/webroot/balancesheet/images/]
[/apps/test/cid1s/sys/webroot/balancesheet/javascript/;/apps/prod/cid1p/sys/webroot/balancesheet/javascript/]
[/apps/test/cid1s/sys/webroot/balancesheet/style/;/apps/prod/cid1p/sys/webroot/balancesheet/style/]
[/apps/test/cid1s/maps/;/apps/prod/cid1p/maps/]
EL130S.bms=
EL130S=
EL130S.map=
EL131S.bms=
EL131S=
EL131S.map=
EL150S.bms=
EL150S=
EL150S.map=
[/apps/test/cid1s/copy/;/apps/prod/cid1p/copy/]
ELCCRTT=
ELCTRLR=
ELCEMIB=
ELCMSTR=
ELCRAMTP=
ELCRAMTW=
[/apps/test/cid1s/emails/;/apps/prod/cid1p/emails/]
[/apps/test/cid1s/parmlib/;/apps/prod/cid1p/parmlib/]
[/apps/test/cid1s/src/batch/;/apps/prod/cid1p/src/batch/]
EL310.cbl=
EL310.lst=
ELRAMTX.cbl=
ELRAMTX.lst=
[/apps/test/cid1s/src/online/;/apps/prod/cid1p/src/online/]
EL001.cl2=
EL001.cbl=
EL001.lst=
EL130.cl2=
EL130.cbl=
EL130.lst=
EL131.cl2=
EL131.cbl=
EL131.lst=
EL1501.cl2=
EL1501.cbl=
EL1501.lst=
EL1502.cl2=
EL1502.cbl=
EL1502.lst=
EL150.cl2=
EL150.cbl=
EL150.lst=
EL154.cl2=
EL154.cbl=
EL154.lst=
EL156.cl2=
EL156.cbl=
EL156.lst=
ELRAMT.cbl=
ELRAMT.lst=
[/apps/test/cid1s/exe/bat/;/apps/prod/cid1p/staging/exe_bat/]
EL310.gnt=
ELRAMTX.gnt=
[/apps/test/cid1s/exe/onl/;/apps/prod/cid1p/staging/exe_onl/]
EL001.gnt=
EL130.gnt=
EL131.gnt=
EL1501.gnt=
EL1502.gnt=
EL150.gnt=
EL154.gnt=
EL156.gnt=
ELRAMT.gnt=
Archive Process Successfull using - perl /export/home/mtpadmin/bin/mtparchive.pl CC-5507-PEMA.ini
Move Process Successfull using - perl /export/home/mtpadmin/bin/mtpmove.pl CC-5507-PEMA.ini
Promote process successfull and verified using - perl /export/home/mtpadmin/bin/mtpverify.pl CC-5507-PEMA.ini
