[jcl/daily_jobs/]
ahldaily1=
ahlgbackup=new
[jcl/monthly_jobs/]
ahfrm50=
ahfrm52=
ahfrm54com=
ahfrm54gp=
ahfrm54st=
ahfrm56=
ahlgmdex=
ahlgmgrx=
ahlgmrd=
ftp-ahlgm15-ntfree2=
ftp-ahlgmdex-ntis2=new
ftp-ahlgmgrx-ntis2=new
ftp-ahlgmrd=
[jcl/quarterly_jobs/]
[jcl/yearly_jobs/]
[maps/]
[copy/]
[src/batch/]
CIB012.cbl=
CIB012.idy=
CIB012.int=
CIB012.lst=
ECS010.cbl=
ECS010.idy=
ECS010.int=
ECS010.lst=
ECS050.cbl=
ECS050.idy=
ECS050.int=
ECS050.lst=
FNB166.cbl=
FNB166.idy=
FNB166.int=
FNB166.lst=
FNB167AHL.cbl=
FNB167AHL.idy=
FNB167AHL.int=
FNB167AHL.lst=
FNB168AHL.cbl=
FNB168AHL.idy=
FNB168AHL.int=
FNB168AHL.lst=
FNB184.cbl=
FNB184.idy=
FNB184.int=
FNB184.lst=
[src/online/]
[exe/bat/]
CIB012.gnt=
ECS010.gnt=
ECS050.gnt=
FNB166.gnt=
FNB167AHL.gnt=
FNB168AHL.gnt=
FNB184.gnt=
[exe/onl/]
Archive Process Failed using - perl /export/home/mtpadmin/bin/mtparchive.pl CC-5075-AJRA.ini
Archive Process Successfull using - perl /export/home/mtpadmin/bin/mtparchive.pl CC-5075-AJRA.ini
Move Process Successfull using - perl /export/home/mtpadmin/bin/mtpmove.pl CC-5075-AJRA.ini
Promote process successfull and verified using - perl /export/home/mtpadmin/bin/mtpverify.pl CC-5075-AJRA.ini
