[2011122200002]
[/apps/test/cid1s/jcl/daily_jobs/;/apps/prod/cid1p/jcl/daily_jobs/]
[/apps/test/cid1s/jcl/monthly_jobs/;/apps/prod/cid1p/jcl/monthly_jobs/]
[/apps/test/cid1s/jcl/quarterly_jobs/;/apps/prod/cid1p/jcl/quarterly_jobs/]
[/apps/test/cid1s/jcl/yearly_jobs/;/apps/prod/cid1p/jcl/yearly_jobs/]
[/export/home/ajra/bin/;/export/home/mtpadmin/bin/]
[/apps/test/cid1s/sys/webroot/;/apps/prod/cid1p/sys/webroot/]
[/apps/test/cid1s/sys/webroot/coversheets/;/apps/prod/cid1p/sys/webroot/coversheets/]
[/apps/test/cid1s/sys/webroot/coversheets/images/;/apps/prod/cid1p/sys/webroot/coversheets/images/]
[/apps/test/cid1s/sys/webroot/coversheets/javascript/;/apps/prod/cid1p/sys/webroot/coversheets/javascript/]
[/apps/test/cid1s/sys/webroot/coversheets/style/;/apps/prod/cid1p/sys/webroot/coversheets/style/]
[/apps/test/cid1s/maps/;/apps/prod/cid1p/maps/]
[/apps/test/cid1s/copy/;/apps/prod/cid1p/copy/]
[/apps/test/cid1s/emails/;/apps/prod/cid1p/emails/]
[/apps/test/cid1s/parmlib/;/apps/prod/cid1p/parmlib/]
[/apps/test/cid1s/src/batch/;/apps/prod/cid1p/src/batch/]
AHL082EXT.cbl=
AHL082EXT.idy=
AHL082EXT.int=
AHL082EXT.lst=
CSO083.cbl=
CSO083.idy=
CSO083.int=
CSO083.lst=
CSO083DCC.cbl=
CSO083DCC.idy=
CSO083DCC.int=
CSO083DCC.lst=
ECS082.cbl=
ECS082.idy=
ECS082.int=
ECS082.lst=
ECS082DCC.cbl=
ECS082DCC.idy=
ECS082DCC.int=
ECS082DCC.lst=
ECS082SP.cbl=
ECS082SP.idy=
ECS082SP.int=
ECS082SP.lst=
ECS083.cbl=
ECS083.idy=
ECS083.int=
ECS083.lst=
ECS084.cbl=
ECS084.idy=
ECS084.int=
ECS084.lst=
[/apps/test/cid1s/src/online/;/apps/prod/cid1p/src/online/]
[/apps/test/cid1s/exe/bat/;/apps/prod/cid1p/staging/exe_bat/]
AHL082EXT.gnt=
CSO083.gnt=
CSO083DCC.gnt=
ECS082.gnt=
ECS082DCC.gnt=
ECS082SP.gnt=
ECS083.gnt=
ECS084.gnt=
[/apps/test/cid1s/exe/onl/;/apps/prod/cid1p/staging/exe_onl/]Archive Process Successfull using - perl /export/home/mtpadmin/bin/mtparchive.pl CC-5721-AJRA.ini
Move Process Successfull using - perl /export/home/mtpadmin/bin/mtpmove.pl CC-5721-AJRA.ini
Promote process successfull and verified using - perl /export/home/mtpadmin/bin/mtpverify.pl CC-5721-AJRA.ini
