[2012101700002]
[jcl/daily_jobs/]
[jcl/monthly_jobs/]
cilgm35=
[jcl/quarterly_jobs/]
[jcl/yearly_jobs/]
[sys/webroot/]
[sys/webroot/coversheets/]
[sys/webroot/coversheets/images/]
[sys/webroot/coversheets/javascript/]
[sys/webroot/coversheets/style/]
[maps/]
[copy/]
[emails/]
[parmlib/]
[src/batch/]
CIB001.cbl=new
CIB001.lst=new
CIB012.cbl=
CIB012.lst=
CIB002.cbl=
CIB002.lst=
[src/online/]
[exe/bat/]
CIB001.gnt=new
CIB012.gnt=
CIB002.gnt=
[exe/onl/]
Archive Process Successfull using - perl /export/home/mtpadmin/bin/mtparchive.pl CC-5297-PEMA.ini
Move Process Successfull using - perl /export/home/mtpadmin/bin/mtpmove.pl CC-5297-PEMA.ini
Promote process successfull and verified using - perl /export/home/mtpadmin/bin/mtpverify.pl CC-5297-PEMA.ini
