[2015082500001]
[/apps/test/cid1s/jcl/daily_jobs/;/apps/prod/cid1p/jcl/daily_jobs/]
[/apps/test/cid1s/jcl/monthly_jobs/;/apps/prod/cid1p/jcl/monthly_jobs/]
[/apps/test/cid1s/jcl/quarterly_jobs/;/apps/prod/cid1p/jcl/quarterly_jobs/]
[/apps/test/cid1s/jcl/yearly_jobs/;/apps/prod/cid1p/jcl/yearly_jobs/]
[/export/home/pema/bin/;/export/home/mtpadmin/bin/]
[/data/test/seqfiles/;/data/seqfiles/]
[/apps/test/cid1s/sys/webroot/;/apps/prod/cid1p/sys/webroot/]
[/apps/test/cid1s/sys/webroot/balancesheet/;/apps/prod/cid1p/sys/webroot/balancesheet/]
[/apps/test/cid1s/sys/webroot/balancesheet/images/;/apps/prod/cid1p/sys/webroot/balancesheet/images/]
[/apps/test/cid1s/sys/webroot/balancesheet/javascript/;/apps/prod/cid1p/sys/webroot/balancesheet/javascript/]
[/apps/test/cid1s/sys/webroot/balancesheet/style/;/apps/prod/cid1p/sys/webroot/balancesheet/style/]
[/apps/test/cid1s/maps/;/apps/prod/cid1p/maps/]
EL114S.bms=
EL114S.map=
EL114S=
EL142S.bms=
EL142S.map=
EL142S=
VP6311S.bms=new
VP6311S.map=new
VP6311S=new
[/apps/test/cid1s/copy/;/apps/prod/cid1p/copy/]
CLO420=
ELC50PD=
ELCBENE=
ELCCPA=
ELCTRLR=
MICR420C=
ECSEPC01=
ELCACH=new
[/apps/test/cid1s/emails/;/apps/prod/cid1p/emails/]
[/apps/test/cid1s/parmlib/;/apps/prod/cid1p/parmlib/]
[/apps/test/cid1s/src/batch/;/apps/prod/cid1p/src/batch/]
[/apps/test/cid1s/src/online/;/apps/prod/cid1p/src/online/]
EL050.cl2=
EL050.cbl=
EL050.lst=
EL051.cl2=
EL051.cbl=
EL051.lst=
EL114.cl2=
EL114.cbl=
EL114.lst=
EL142.cl2=
EL142.cbl=
EL142.lst=
EL1501.cl2=
EL1501.cbl=
EL1501.lst=
EL1502.cl2=
EL1502.cbl=
EL1502.lst=
EL1504.cl2=
EL1504.cbl=
EL1504.lst=
EL150.cl2=
EL150.cbl=
EL150.lst=
EL156.cl2=
EL156.cbl=
EL156.lst=
EL6301.cl2=
EL6301.cbl=
EL6301.lst=
EL6311.cl2=
EL6311.cbl=
EL6311.lst=
EL633.cl2=
EL633.cbl=
EL633.lst=
EL6331.cl2=
EL6331.cbl=
EL6331.lst=
ELHLDI.cl2=new
ELHLDI.cbl=new
ELHLDI.lst=new
VP6311.cl2=new
VP6311.cbl=new
VP6311.lst=new
[/apps/test/cid1s/exe/bat/;/apps/prod/cid1p/staging/exe_bat/]
[/apps/test/cid1s/exe/onl/;/apps/prod/cid1p/staging/exe_onl/]
EL050.gnt=
EL051.gnt=
EL114.gnt=
EL142.gnt=
EL1501.gnt=
EL1502.gnt=
EL1504.gnt=
EL150.gnt=
EL156.gnt=
EL6301.gnt=
EL6311.gnt=
EL633.gnt=
EL6331.gnt=
ELHLDI.gnt=new
VP6311.gnt=new
Archive Process Successfull using - perl /export/home/mtpadmin/bin/mtparchive.pl CC-6583-PEMA.ini
Move Process Successfull using - perl /export/home/mtpadmin/bin/mtpmove.pl CC-6583-PEMA.ini
Promote process successfull and verified using - perl /export/home/mtpadmin/bin/mtpverify.pl CC-6583-PEMA.ini
