[2018031500002]
[/apps/test/cid1s/jcl/daily_jobs/;/apps/prod/cid1p/jcl/daily_jobs/]
[/apps/test/cid1s/jcl/monthly_jobs/;/apps/prod/cid1p/jcl/monthly_jobs/]
[/apps/test/cid1s/jcl/quarterly_jobs/;/apps/prod/cid1p/jcl/quarterly_jobs/]
[/apps/test/cid1s/jcl/yearly_jobs/;/apps/prod/cid1p/jcl/yearly_jobs/]
[/export/home/ajra/bin/;/export/home/mtpadmin/bin/]
[/apps/test/cid1s/sys/webroot/;/apps/prod/cid1p/sys/webroot/]
[/apps/test/cid1s/sys/webroot/coversheets/;/apps/prod/cid1p/sys/webroot/coversheets/]
[/apps/test/cid1s/sys/webroot/coversheets/images/;/apps/prod/cid1p/sys/webroot/coversheets/images/]
[/apps/test/cid1s/sys/webroot/coversheets/javascript/;/apps/prod/cid1p/sys/webroot/coversheets/javascript/]
[/apps/test/cid1s/sys/webroot/coversheets/style/;/apps/prod/cid1p/sys/webroot/coversheets/style/]
[/apps/test/cid1s/maps/;/apps/prod/cid1p/maps/]
[/apps/test/cid1s/copy/;/apps/prod/cid1p/copy/]
[/apps/test/cid1s/emails/;/apps/prod/cid1p/emails/]
[/apps/test/cid1s/parmlib/;/apps/prod/cid1p/parmlib/]
[/apps/test/cid1s/src/batch/;/apps/prod/cid1p/src/batch/]
[/apps/test/cid1s/src/online/;/apps/prod/cid1p/src/online/]
EL130.cl2=
EL130.cbl=
EL130.int=
EL130.lst=
EL131.cl2=
EL131.cbl=
EL131.int=
EL131.lst=
[/apps/test/cid1s/exe/bat/;/apps/prod/cid1p/staging/exe_bat/]
[/apps/test/cid1s/exe/onl/;/apps/prod/cid1p/staging/exe_onl/]
EL130.gnt=
EL131.gnt=Archive Process Successfull using - perl /export/home/mtpadmin/bin/mtp_archive.pl CC-6890-TANA.ini
Move Process Successfull using - perl /export/home/mtpadmin/bin/mtp_move.pl CC-6890-TANA.ini
Promote process successfull and verified using - perl /export/home/mtpadmin/bin/mtp_verify.pl CC-6890-TANA.ini
Archived module - /apps/prod/cid1p/src/online/archive/EL130.cl2.20180529
Archived module - /apps/prod/cid1p/src/online/archive/EL130.cbl.20180529
Archived module - /apps/prod/cid1p/src/online/archive/EL130.int.20180529
Archived module - /apps/prod/cid1p/src/online/archive/EL130.lst.20180529
Archived module - /apps/prod/cid1p/src/online/archive/EL131.cl2.20180529
Archived module - /apps/prod/cid1p/src/online/archive/EL131.cbl.20180529
Archived module - /apps/prod/cid1p/src/online/archive/EL131.int.20180529
Archived module - /apps/prod/cid1p/src/online/archive/EL131.lst.20180529
Archived module - /apps/prod/cid1p/exe/onl/archive/EL130.gnt.20180529
Archived module - /apps/prod/cid1p/exe/onl/archive/EL131.gnt.20180529
moved module - /apps/prod/cid1p/src/online/EL130.cl2
moved module - /apps/prod/cid1p/src/online/EL130.cbl
moved module - /apps/prod/cid1p/src/online/EL130.int
moved module - /apps/prod/cid1p/src/online/EL130.lst
moved module - /apps/prod/cid1p/src/online/EL131.cl2
moved module - /apps/prod/cid1p/src/online/EL131.cbl
moved module - /apps/prod/cid1p/src/online/EL131.int
moved module - /apps/prod/cid1p/src/online/EL131.lst
moved module - /apps/prod/cid1p/staging/exe_onl/EL130.gnt
moved module - /apps/prod/cid1p/staging/exe_onl/EL131.gnt
