[2017062000002]
[/apps/test/cid1s/jcl/daily_jobs/;/apps/prod/cid1p/jcl/daily_jobs/]
ahlgdsql=
cidclgdsql=
cilgdsql=
vplgdsql=
[/apps/test/cid1s/jcl/monthly_jobs/;/apps/prod/cid1p/jcl/monthly_jobs/]
[/apps/test/cid1s/jcl/quarterly_jobs/;/apps/prod/cid1p/jcl/quarterly_jobs/]
[/apps/test/cid1s/jcl/yearly_jobs/;/apps/prod/cid1p/jcl/yearly_jobs/]
[/export/home/pema/bin/;/export/home/mtpadmin/bin/]
[/data/test/seqfiles/;/data/seqfiles/]
[/apps/test/cid1s/sys/webroot/;/apps/prod/cid1p/sys/webroot/]
[/apps/test/cid1s/sys/webroot/balancesheet/;/apps/prod/cid1p/sys/webroot/balancesheet/]
[/apps/test/cid1s/sys/webroot/balancesheet/images/;/apps/prod/cid1p/sys/webroot/balancesheet/images/]
[/apps/test/cid1s/sys/webroot/balancesheet/javascript/;/apps/prod/cid1p/sys/webroot/balancesheet/javascript/]
[/apps/test/cid1s/sys/webroot/balancesheet/style/;/apps/prod/cid1p/sys/webroot/balancesheet/style/]
[/apps/test/cid1s/maps/;/apps/prod/cid1p/maps/]
[/apps/test/cid1s/copy/;/apps/prod/cid1p/copy/]
[/apps/test/cid1s/emails/;/apps/prod/cid1p/emails/]
[/apps/test/cid1s/parmlib/;/apps/prod/cid1p/parmlib/]
[/apps/test/cid1s/src/batch/;/apps/prod/cid1p/src/batch/]
CIDCLX1.cbl=
CIDCLX1.lst=
CIDPBX1.cbl=
CIDPBX1.lst=
SQLCLMHSB.cbl=new
SQLCLMHSB.lst=new
[/apps/test/cid1s/src/online/;/apps/prod/cid1p/src/online/]
SQLCLMHS.cl2=new
SQLCLMHS.cbl=new
SQLCLMHS.lst=new
SOCK09.cl2=new
SOCK09.cbl=new
SOCK09.lst=new
[/apps/test/cid1s/exe/bat/;/apps/prod/cid1p/staging/exe_bat/]
CIDCLX1.gnt=
CIDPBX1.gnt=
SQLCLMHSB.gnt=new
[/apps/test/cid1s/exe/onl/;/apps/prod/cid1p/staging/exe_onl/]
SQLCLMHS.gnt=new
SOCK09.gnt=new
Archive Process Successfull using - perl /export/home/mtpadmin/bin/mtp_archive.pl CC-6946-PEMA.ini
Move Process Successfull using - perl /export/home/mtpadmin/bin/mtp_move.pl CC-6946-PEMA.ini
Promote process successfull and verified using - perl /export/home/mtpadmin/bin/mtp_verify.pl CC-6946-PEMA.ini
Archived module - /apps/prod/cid1p/jcl/daily_jobs/archive/ahlgdsql.20180801
Archived module - /apps/prod/cid1p/jcl/daily_jobs/archive/cidclgdsql.20180801
Archived module - /apps/prod/cid1p/jcl/daily_jobs/archive/cilgdsql.20180801
Archived module - /apps/prod/cid1p/jcl/daily_jobs/archive/vplgdsql.20180801
Archived module - /apps/prod/cid1p/src/batch/archive/CIDCLX1.cbl.20180801
Archived module - /apps/prod/cid1p/src/batch/archive/CIDCLX1.lst.20180801
Archived module - /apps/prod/cid1p/src/batch/archive/CIDPBX1.cbl.20180801
Archived module - /apps/prod/cid1p/src/batch/archive/CIDPBX1.lst.20180801
Archived module - /apps/prod/cid1p/exe/bat/archive/CIDCLX1.gnt.20180801
Archived module - /apps/prod/cid1p/exe/bat/archive/CIDPBX1.gnt.20180801
moved module - /apps/prod/cid1p/jcl/daily_jobs/ahlgdsql
moved module - /apps/prod/cid1p/jcl/daily_jobs/cidclgdsql
moved module - /apps/prod/cid1p/jcl/daily_jobs/cilgdsql
moved module - /apps/prod/cid1p/jcl/daily_jobs/vplgdsql
moved module - /apps/prod/cid1p/src/batch/CIDCLX1.cbl
moved module - /apps/prod/cid1p/src/batch/CIDCLX1.lst
moved module - /apps/prod/cid1p/src/batch/CIDPBX1.cbl
moved module - /apps/prod/cid1p/src/batch/CIDPBX1.lst
moved module - /apps/prod/cid1p/src/batch/SQLCLMHSB.cbl
moved module - /apps/prod/cid1p/src/batch/SQLCLMHSB.lst
moved module - /apps/prod/cid1p/src/online/SQLCLMHS.cl2
moved module - /apps/prod/cid1p/src/online/SQLCLMHS.cbl
moved module - /apps/prod/cid1p/src/online/SQLCLMHS.lst
moved module - /apps/prod/cid1p/src/online/SOCK09.cl2
moved module - /apps/prod/cid1p/src/online/SOCK09.cbl
moved module - /apps/prod/cid1p/src/online/SOCK09.lst
moved module - /apps/prod/cid1p/staging/exe_bat/CIDCLX1.gnt
moved module - /apps/prod/cid1p/staging/exe_bat/CIDPBX1.gnt
moved module - /apps/prod/cid1p/staging/exe_bat/SQLCLMHSB.gnt
moved module - /apps/prod/cid1p/staging/exe_onl/SQLCLMHS.gnt
moved module - /apps/prod/cid1p/staging/exe_onl/SOCK09.gnt
