[2016091600001]
[/apps/test/cid1s/jcl/daily_jobs/;/apps/prod/cid1p/jcl/daily_jobs/]
[/apps/test/cid1s/jcl/monthly_jobs/;/apps/prod/cid1p/jcl/monthly_jobs/]
[/apps/test/cid1s/jcl/quarterly_jobs/;/apps/prod/cid1p/jcl/quarterly_jobs/]
[/apps/test/cid1s/jcl/yearly_jobs/;/apps/prod/cid1p/jcl/yearly_jobs/]
[/export/home/pema/bin/;/export/home/mtpadmin/bin/]
[/data/test/seqfiles/;/data/seqfiles/]
[/apps/test/cid1s/sys/webroot/;/apps/prod/cid1p/sys/webroot/]
[/apps/test/cid1s/sys/webroot/balancesheet/;/apps/prod/cid1p/sys/webroot/balancesheet/]
[/apps/test/cid1s/sys/webroot/balancesheet/images/;/apps/prod/cid1p/sys/webroot/balancesheet/images/]
[/apps/test/cid1s/sys/webroot/balancesheet/javascript/;/apps/prod/cid1p/sys/webroot/balancesheet/javascript/]
[/apps/test/cid1s/sys/webroot/balancesheet/style/;/apps/prod/cid1p/sys/webroot/balancesheet/style/]
[/apps/test/cid1s/maps/;/apps/prod/cid1p/maps/]
EL6313S.bms=
EL6313S.map=
EL6313S=
EL1277S.bms=
EL1277S.map=
EL1277S=
[/apps/test/cid1s/copy/;/apps/prod/cid1p/copy/]
ERCPNDM=
ELC50PD=
[/apps/test/cid1s/emails/;/apps/prod/cid1p/emails/]
[/apps/test/cid1s/parmlib/;/apps/prod/cid1p/parmlib/]
[/apps/test/cid1s/src/batch/;/apps/prod/cid1p/src/batch/]
WSZIPCDB.cbl=new
WSZIPCDB.lst=new
EL517.cbl=
EL517.lst=
[/apps/test/cid1s/src/online/;/apps/prod/cid1p/src/online/]
EL205.cl2=new
EL205.cbl=new
EL205.lst=new
EL050.cl2=
EL050.cbl=
EL050.lst=
EL1277.cl2=
EL1277.cbl=
EL1277.lst=
EL6313.cl2=
EL6313.cbl=
EL6313.lst=
WSZIPCD.cl2=new
WSZIPCD.cbl=new
WSZIPCD.lst=new
[/apps/test/cid1s/exe/bat/;/apps/prod/cid1p/staging/exe_bat/]
WSZIPCDB.gnt=new
EL517.gnt=
[/apps/test/cid1s/exe/onl/;/apps/prod/cid1p/staging/exe_onl/]
EL205.gnt=new
EL050.gnt=
EL1277.gnt=
WSZIPCD.gnt=new
EL6313.gnt=
Archive Process Successfull using - perl /export/home/mtpadmin/bin/mtparchive.pl CC-6761-PEMA.ini
Move Process Successfull using - perl /export/home/mtpadmin/bin/mtpmove.pl CC-6761-PEMA.ini
Promote process successfull and verified using - perl /export/home/mtpadmin/bin/mtpverify.pl CC-6761-PEMA.ini
