[2018070500003]
[/apps/test/cid1s/jcl/daily_jobs/;/apps/prod/cid1p/jcl/daily_jobs/]
cilgdsql=
cidclgdsql=
ahlgdsql=
vplgdsql=
[/apps/test/cid1s/jcl/monthly_jobs/;/apps/prod/cid1p/jcl/monthly_jobs/]
sqlbpremcom=new
sqlbpayadjs=new
cidmth5=
cilgmcox1=
ahlgmcox1=
cidclgmcox=
[/apps/test/cid1s/jcl/quarterly_jobs/;/apps/prod/cid1p/jcl/quarterly_jobs/]
[/apps/test/cid1s/jcl/yearly_jobs/;/apps/prod/cid1p/jcl/yearly_jobs/]
[/export/home/pema/bin/;/export/home/mtpadmin/bin/]
[/data/test/seqfiles/;/data/seqfiles/]
[/apps/test/cid1s/sys/webroot/;/apps/prod/cid1p/sys/webroot/]
[/apps/test/cid1s/sys/webroot/balancesheet/;/apps/prod/cid1p/sys/webroot/balancesheet/]
[/apps/test/cid1s/sys/webroot/balancesheet/images/;/apps/prod/cid1p/sys/webroot/balancesheet/images/]
[/apps/test/cid1s/sys/webroot/balancesheet/javascript/;/apps/prod/cid1p/sys/webroot/balancesheet/javascript/]
[/apps/test/cid1s/sys/webroot/balancesheet/style/;/apps/prod/cid1p/sys/webroot/balancesheet/style/]
[/apps/test/cid1s/maps/;/apps/prod/cid1p/maps/]
[/apps/test/cid1s/copy/;/apps/prod/cid1p/copy/]
[/apps/test/cid1s/emails/;/apps/prod/cid1p/emails/]
[/apps/test/cid1s/parmlib/;/apps/prod/cid1p/parmlib/]
[/apps/test/cid1s/src/batch/;/apps/prod/cid1p/src/batch/]
CIDCOX1.cbl=
CIDCOX1.lst=
SQLBPREMCOM.cbl=new
SQLBPREMCOM.lst=new
SQLBPAYADJS.cbl=new
SQLBPAYADJS.lst=new
[/apps/test/cid1s/src/online/;/apps/prod/cid1p/src/online/]
[/apps/test/cid1s/exe/bat/;/apps/prod/cid1p/staging/exe_bat/]
SQLBPREMCOM.gnt=new
SQLBPAYADJS.gnt=new
CIDCOX1.gnt=
[/apps/test/cid1s/exe/onl/;/apps/prod/cid1p/staging/exe_onl/]
Archive Process Successfull using - perl /export/home/mtpadmin/bin/mtp_archive.pl CC-6974-PEMA.ini
Move Process Successfull using - perl /export/home/mtpadmin/bin/mtp_move.pl CC-6974-PEMA.ini
Promote process successfull and verified using - perl /export/home/mtpadmin/bin/mtp_verify.pl CC-6974-PEMA.ini
Archived module - /apps/prod/cid1p/jcl/daily_jobs/archive/cilgdsql.20180925
Archived module - /apps/prod/cid1p/jcl/daily_jobs/archive/cidclgdsql.20180925
Archived module - /apps/prod/cid1p/jcl/daily_jobs/archive/ahlgdsql.20180925
Archived module - /apps/prod/cid1p/jcl/daily_jobs/archive/vplgdsql.20180925
Archived module - /apps/prod/cid1p/jcl/monthly_jobs/archive/cidmth5.20180925
Archived module - /apps/prod/cid1p/jcl/monthly_jobs/archive/cilgmcox1.20180925
Archived module - /apps/prod/cid1p/jcl/monthly_jobs/archive/ahlgmcox1.20180925
Archived module - /apps/prod/cid1p/jcl/monthly_jobs/archive/cidclgmcox.20180925
Archived module - /apps/prod/cid1p/src/batch/archive/CIDCOX1.cbl.20180925
Archived module - /apps/prod/cid1p/src/batch/archive/CIDCOX1.lst.20180925
Archived module - /apps/prod/cid1p/exe/bat/archive/CIDCOX1.gnt.20180925
moved module - /apps/prod/cid1p/jcl/daily_jobs/cilgdsql
moved module - /apps/prod/cid1p/jcl/daily_jobs/cidclgdsql
moved module - /apps/prod/cid1p/jcl/daily_jobs/ahlgdsql
moved module - /apps/prod/cid1p/jcl/daily_jobs/vplgdsql
moved module - /apps/prod/cid1p/jcl/monthly_jobs/sqlbpremcom
moved module - /apps/prod/cid1p/jcl/monthly_jobs/sqlbpayadjs
moved module - /apps/prod/cid1p/jcl/monthly_jobs/cidmth5
moved module - /apps/prod/cid1p/jcl/monthly_jobs/cilgmcox1
moved module - /apps/prod/cid1p/jcl/monthly_jobs/ahlgmcox1
moved module - /apps/prod/cid1p/jcl/monthly_jobs/cidclgmcox
moved module - /apps/prod/cid1p/src/batch/CIDCOX1.cbl
moved module - /apps/prod/cid1p/src/batch/CIDCOX1.lst
moved module - /apps/prod/cid1p/src/batch/SQLBPREMCOM.cbl
moved module - /apps/prod/cid1p/src/batch/SQLBPREMCOM.lst
moved module - /apps/prod/cid1p/src/batch/SQLBPAYADJS.cbl
moved module - /apps/prod/cid1p/src/batch/SQLBPAYADJS.lst
moved module - /apps/prod/cid1p/staging/exe_bat/SQLBPREMCOM.gnt
moved module - /apps/prod/cid1p/staging/exe_bat/SQLBPAYADJS.gnt
moved module - /apps/prod/cid1p/staging/exe_bat/CIDCOX1.gnt
