[2018042300001]
[/apps/test/cid1s/jcl/daily_jobs/;/apps/prod/cid1p/jcl/daily_jobs/]
cidclgd582=
ftp-cidclgd582-ntfree2=
ftp-cidclgextr-ntfree2=
[/apps/test/cid1s/jcl/monthly_jobs/;/apps/prod/cid1p/jcl/monthly_jobs/]
[/apps/test/cid1s/jcl/quarterly_jobs/;/apps/prod/cid1p/jcl/quarterly_jobs/]
[/apps/test/cid1s/jcl/yearly_jobs/;/apps/prod/cid1p/jcl/yearly_jobs/]
[/export/home/pema/bin/;/export/home/mtpadmin/bin/]
[/data/test/seqfiles/;/data/seqfiles/]
[/apps/test/cid1s/sys/webroot/;/apps/prod/cid1p/sys/webroot/]
[/apps/test/cid1s/sys/webroot/balancesheet/;/apps/prod/cid1p/sys/webroot/balancesheet/]
[/apps/test/cid1s/sys/webroot/balancesheet/images/;/apps/prod/cid1p/sys/webroot/balancesheet/images/]
[/apps/test/cid1s/sys/webroot/balancesheet/javascript/;/apps/prod/cid1p/sys/webroot/balancesheet/javascript/]
[/apps/test/cid1s/sys/webroot/balancesheet/style/;/apps/prod/cid1p/sys/webroot/balancesheet/style/]
[/apps/test/cid1s/maps/;/apps/prod/cid1p/maps/]
[/apps/test/cid1s/copy/;/apps/prod/cid1p/copy/]
[/apps/test/cid1s/emails/;/apps/prod/cid1p/emails/]
[/apps/test/cid1s/parmlib/;/apps/prod/cid1p/parmlib/]
[/apps/test/cid1s/src/batch/;/apps/prod/cid1p/src/batch/]
EL582.cbl=
EL582.lst=
EL585.cbl=
EL585.lst=
[/apps/test/cid1s/src/online/;/apps/prod/cid1p/src/online/]
[/apps/test/cid1s/exe/bat/;/apps/prod/cid1p/staging/exe_bat/]
EL582.gnt=
EL585.gnt=
[/apps/test/cid1s/exe/onl/;/apps/prod/cid1p/staging/exe_onl/]
Archive Process Successfull using - perl /export/home/mtpadmin/bin/mtp_archive.pl CC-6934-PEMA.ini
Move Process Successfull using - perl /export/home/mtpadmin/bin/mtp_move.pl CC-6934-PEMA.ini
Promote process successfull and verified using - perl /export/home/mtpadmin/bin/mtp_verify.pl CC-6934-PEMA.ini
Archived module - /apps/prod/cid1p/jcl/daily_jobs/archive/cidclgd582.20180712
Archived module - /apps/prod/cid1p/jcl/daily_jobs/archive/ftp-cidclgd582-ntfree2.20180712
Archived module - /apps/prod/cid1p/jcl/daily_jobs/archive/ftp-cidclgextr-ntfree2.20180712
Archived module - /apps/prod/cid1p/src/batch/archive/EL582.cbl.20180712
Archived module - /apps/prod/cid1p/src/batch/archive/EL582.lst.20180712
Archived module - /apps/prod/cid1p/src/batch/archive/EL585.cbl.20180712
Archived module - /apps/prod/cid1p/src/batch/archive/EL585.lst.20180712
Archived module - /apps/prod/cid1p/exe/bat/archive/EL582.gnt.20180712
Archived module - /apps/prod/cid1p/exe/bat/archive/EL585.gnt.20180712
moved module - /apps/prod/cid1p/jcl/daily_jobs/cidclgd582
moved module - /apps/prod/cid1p/jcl/daily_jobs/ftp-cidclgd582-ntfree2
moved module - /apps/prod/cid1p/jcl/daily_jobs/ftp-cidclgextr-ntfree2
moved module - /apps/prod/cid1p/src/batch/EL582.cbl
moved module - /apps/prod/cid1p/src/batch/EL582.lst
moved module - /apps/prod/cid1p/src/batch/EL585.cbl
moved module - /apps/prod/cid1p/src/batch/EL585.lst
moved module - /apps/prod/cid1p/staging/exe_bat/EL582.gnt
moved module - /apps/prod/cid1p/staging/exe_bat/EL585.gnt
