[2018101500001]
[/apps/test/cid1s/jcl/daily_jobs/;/apps/prod/cid1p/jcl/daily_jobs/]
[/apps/test/cid1s/jcl/monthly_jobs/;/apps/prod/cid1p/jcl/monthly_jobs/]
[/apps/test/cid1s/jcl/quarterly_jobs/;/apps/prod/cid1p/jcl/quarterly_jobs/]
[/apps/test/cid1s/jcl/yearly_jobs/;/apps/prod/cid1p/jcl/yearly_jobs/]
[/export/home/pema/bin/;/export/home/mtpadmin/bin/]
[/data/test/seqfiles/;/data/seqfiles/]
[/apps/test/cid1s/sys/webroot/;/apps/prod/cid1p/sys/webroot/]
[/apps/test/cid1s/sys/webroot/balancesheet/;/apps/prod/cid1p/sys/webroot/balancesheet/]
[/apps/test/cid1s/sys/webroot/balancesheet/images/;/apps/prod/cid1p/sys/webroot/balancesheet/images/]
[/apps/test/cid1s/sys/webroot/balancesheet/javascript/;/apps/prod/cid1p/sys/webroot/balancesheet/javascript/]
[/apps/test/cid1s/sys/webroot/balancesheet/style/;/apps/prod/cid1p/sys/webroot/balancesheet/style/]
[/apps/test/cid1s/maps/;/apps/prod/cid1p/maps/]
[/apps/test/cid1s/copy/;/apps/prod/cid1p/copy/]
[/apps/test/cid1s/emails/;/apps/prod/cid1p/emails/]
[/apps/test/cid1s/parmlib/;/apps/prod/cid1p/parmlib/]
[/apps/test/cid1s/src/batch/;/apps/prod/cid1p/src/batch/]
ELAGGB.cbl=
ELAGGB.lst=
[/apps/test/cid1s/src/online/;/apps/prod/cid1p/src/online/]
ELAGGO.cl2=
ELAGGO.cbl=
ELAGGO.lst=
SOCK06.cl2=
SOCK06.cbl=
SOCK06.lst=
[/apps/test/cid1s/exe/bat/;/apps/prod/cid1p/staging/exe_bat/]
ELAGGB.gnt=
[/apps/test/cid1s/exe/onl/;/apps/prod/cid1p/staging/exe_onl/]
ELAGGO.gnt=
SOCK06.gnt=
Archive Process Successfull using - perl /export/home/mtpadmin/bin/mtp_archive.pl CC-6993-PEMA.ini
Move Process Successfull using - perl /export/home/mtpadmin/bin/mtp_move.pl CC-6993-PEMA.ini
Promote process successfull and verified using - perl /export/home/mtpadmin/bin/mtp_verify.pl CC-6993-PEMA.ini
Archived module - /apps/prod/cid1p/src/batch/archive/ELAGGB.cbl.20181016
Archived module - /apps/prod/cid1p/src/batch/archive/ELAGGB.lst.20181016
Archived module - /apps/prod/cid1p/src/online/archive/ELAGGO.cl2.20181016
Archived module - /apps/prod/cid1p/src/online/archive/ELAGGO.cbl.20181016
Archived module - /apps/prod/cid1p/src/online/archive/ELAGGO.lst.20181016
Archived module - /apps/prod/cid1p/src/online/archive/SOCK06.cl2.20181016
Archived module - /apps/prod/cid1p/src/online/archive/SOCK06.cbl.20181016
Archived module - /apps/prod/cid1p/src/online/archive/SOCK06.lst.20181016
Archived module - /apps/prod/cid1p/exe/bat/archive/ELAGGB.gnt.20181016
Archived module - /apps/prod/cid1p/exe/onl/archive/ELAGGO.gnt.20181016
Archived module - /apps/prod/cid1p/exe/onl/archive/SOCK06.gnt.20181016
moved module - /apps/prod/cid1p/src/batch/ELAGGB.cbl
moved module - /apps/prod/cid1p/src/batch/ELAGGB.lst
moved module - /apps/prod/cid1p/src/online/ELAGGO.cl2
moved module - /apps/prod/cid1p/src/online/ELAGGO.cbl
moved module - /apps/prod/cid1p/src/online/ELAGGO.lst
moved module - /apps/prod/cid1p/src/online/SOCK06.cl2
moved module - /apps/prod/cid1p/src/online/SOCK06.cbl
moved module - /apps/prod/cid1p/src/online/SOCK06.lst
moved module - /apps/prod/cid1p/staging/exe_bat/ELAGGB.gnt
moved module - /apps/prod/cid1p/staging/exe_onl/ELAGGO.gnt
moved module - /apps/prod/cid1p/staging/exe_onl/SOCK06.gnt
