[2018051400001]
[/apps/test/cid1s/jcl/daily_jobs/;/apps/prod/cid1p/jcl/daily_jobs/]
[/apps/test/cid1s/jcl/monthly_jobs/;/apps/prod/cid1p/jcl/monthly_jobs/]
[/apps/test/cid1s/jcl/quarterly_jobs/;/apps/prod/cid1p/jcl/quarterly_jobs/]
[/apps/test/cid1s/jcl/yearly_jobs/;/apps/prod/cid1p/jcl/yearly_jobs/]
[/export/home/ajra/bin/;/export/home/mtpadmin/bin/]
[/apps/test/cid1s/sys/webroot/;/apps/prod/cid1p/sys/webroot/]
[/apps/test/cid1s/sys/webroot/coversheets/;/apps/prod/cid1p/sys/webroot/coversheets/]
[/apps/test/cid1s/sys/webroot/coversheets/images/;/apps/prod/cid1p/sys/webroot/coversheets/images/]
[/apps/test/cid1s/sys/webroot/coversheets/javascript/;/apps/prod/cid1p/sys/webroot/coversheets/javascript/]
[/apps/test/cid1s/sys/webroot/coversheets/style/;/apps/prod/cid1p/sys/webroot/coversheets/style/]
[/apps/test/cid1s/maps/;/apps/prod/cid1p/maps/]
[/apps/test/cid1s/copy/;/apps/prod/cid1p/copy/]
[/apps/test/cid1s/emails/;/apps/prod/cid1p/emails/]
[/apps/test/cid1s/parmlib/;/apps/prod/cid1p/parmlib/]
[/apps/test/cid1s/src/batch/;/apps/prod/cid1p/src/batch/]
EL352.cbl=
EL352.idy=
EL352.int=
EL352.lst=
[/apps/test/cid1s/src/online/;/apps/prod/cid1p/src/online/]
EL150.cl2=
EL150.cbl=
EL150.int=
EL150.lst=
EL156.cl2=
EL156.cbl=
EL156.int=
EL156.lst=
EL1504.cl2=
EL1504.cbl=
EL1504.int=new
EL1504.lst=
[/apps/test/cid1s/exe/bat/;/apps/prod/cid1p/staging/exe_bat/]
EL352.gnt=
[/apps/test/cid1s/exe/onl/;/apps/prod/cid1p/staging/exe_onl/]
EL150.gnt=
EL156.gnt=
EL1504.gnt=Archive Process Successfull using - perl /export/home/mtpadmin/bin/mtp_archive.pl CC-6955-TANA.ini
Move Process Successfull using - perl /export/home/mtpadmin/bin/mtp_move.pl CC-6955-TANA.ini
Promote process successfull and verified using - perl /export/home/mtpadmin/bin/mtp_verify.pl CC-6955-TANA.ini
Archived module - /apps/prod/cid1p/src/batch/archive/EL352.cbl.20180822
Archived module - /apps/prod/cid1p/src/batch/archive/EL352.idy.20180822
Archived module - /apps/prod/cid1p/src/batch/archive/EL352.int.20180822
Archived module - /apps/prod/cid1p/src/batch/archive/EL352.lst.20180822
Archived module - /apps/prod/cid1p/src/online/archive/EL150.cl2.20180822
Archived module - /apps/prod/cid1p/src/online/archive/EL150.cbl.20180822
Archived module - /apps/prod/cid1p/src/online/archive/EL150.int.20180822
Archived module - /apps/prod/cid1p/src/online/archive/EL150.lst.20180822
Archived module - /apps/prod/cid1p/src/online/archive/EL156.cl2.20180822
Archived module - /apps/prod/cid1p/src/online/archive/EL156.cbl.20180822
Archived module - /apps/prod/cid1p/src/online/archive/EL156.int.20180822
Archived module - /apps/prod/cid1p/src/online/archive/EL156.lst.20180822
Archived module - /apps/prod/cid1p/src/online/archive/EL1504.cl2.20180822
Archived module - /apps/prod/cid1p/src/online/archive/EL1504.cbl.20180822
Archived module - /apps/prod/cid1p/src/online/archive/EL1504.lst.20180822
Archived module - /apps/prod/cid1p/exe/bat/archive/EL352.gnt.20180822
Archived module - /apps/prod/cid1p/exe/onl/archive/EL150.gnt.20180822
Archived module - /apps/prod/cid1p/exe/onl/archive/EL156.gnt.20180822
Archived module - /apps/prod/cid1p/exe/onl/archive/EL1504.gnt.20180822
moved module - /apps/prod/cid1p/src/batch/EL352.cbl
moved module - /apps/prod/cid1p/src/batch/EL352.idy
moved module - /apps/prod/cid1p/src/batch/EL352.int
moved module - /apps/prod/cid1p/src/batch/EL352.lst
moved module - /apps/prod/cid1p/src/online/EL150.cl2
moved module - /apps/prod/cid1p/src/online/EL150.cbl
moved module - /apps/prod/cid1p/src/online/EL150.int
moved module - /apps/prod/cid1p/src/online/EL150.lst
moved module - /apps/prod/cid1p/src/online/EL156.cl2
moved module - /apps/prod/cid1p/src/online/EL156.cbl
moved module - /apps/prod/cid1p/src/online/EL156.int
moved module - /apps/prod/cid1p/src/online/EL156.lst
moved module - /apps/prod/cid1p/src/online/EL1504.cl2
moved module - /apps/prod/cid1p/src/online/EL1504.cbl
moved module - /apps/prod/cid1p/src/online/EL1504.int
moved module - /apps/prod/cid1p/src/online/EL1504.lst
moved module - /apps/prod/cid1p/staging/exe_bat/EL352.gnt
moved module - /apps/prod/cid1p/staging/exe_onl/EL150.gnt
moved module - /apps/prod/cid1p/staging/exe_onl/EL156.gnt
moved module - /apps/prod/cid1p/staging/exe_onl/EL1504.gnt
