[2017050300002]
[/apps/test/cid1s/jcl/daily_jobs/;/apps/prod/cid1p/jcl/daily_jobs/]
ahlgdsql=
cidclgdsql=
cilgdsql=
vplgdsql=
[/apps/test/cid1s/jcl/monthly_jobs/;/apps/prod/cid1p/jcl/monthly_jobs/]
[/apps/test/cid1s/jcl/quarterly_jobs/;/apps/prod/cid1p/jcl/quarterly_jobs/]
[/apps/test/cid1s/jcl/yearly_jobs/;/apps/prod/cid1p/jcl/yearly_jobs/]
[/export/home/ajra/bin/;/export/home/mtpadmin/bin/]
[/apps/test/cid1s/sys/webroot/;/apps/prod/cid1p/sys/webroot/]
[/apps/test/cid1s/sys/webroot/coversheets/;/apps/prod/cid1p/sys/webroot/coversheets/]
[/apps/test/cid1s/sys/webroot/coversheets/images/;/apps/prod/cid1p/sys/webroot/coversheets/images/]
[/apps/test/cid1s/sys/webroot/coversheets/javascript/;/apps/prod/cid1p/sys/webroot/coversheets/javascript/]
[/apps/test/cid1s/sys/webroot/coversheets/style/;/apps/prod/cid1p/sys/webroot/coversheets/style/]
[/apps/test/cid1s/maps/;/apps/prod/cid1p/maps/]
EL131S.bms=
EL131S.map=
EL131S=
EL162S.bms=
EL162S.map=
EL162S=
[/apps/test/cid1s/copy/;/apps/prod/cid1p/copy/]
ELCTRLR=
[/apps/test/cid1s/emails/;/apps/prod/cid1p/emails/]
[/apps/test/cid1s/parmlib/;/apps/prod/cid1p/parmlib/]
[/apps/test/cid1s/src/batch/;/apps/prod/cid1p/src/batch/]
CIDCLX1.cbl=
[/apps/test/cid1s/src/online/;/apps/prod/cid1p/src/online/]
EL131.cl2=
EL131.cbl=
EL131.int=
EL131.lst=
EL150.cl2=
EL150.cbl=
EL150.int=
EL150.lst=
EL162.cl2=
EL162.cbl=
EL162.int=
EL162.lst=
EL1501.cl2=
EL1501.cbl=
EL1501.int=
EL1501.lst=
EL1502.cl2=
EL1502.cbl=
EL1502.int=
EL1502.lst=
[/apps/test/cid1s/exe/bat/;/apps/prod/cid1p/staging/exe_bat/]
CIDCLX1.gnt=
[/apps/test/cid1s/exe/onl/;/apps/prod/cid1p/staging/exe_onl/]
EL131.gnt=
EL150.gnt=
EL162.gnt=
EL1501.gnt=
EL1502.gnt=Archive Process Successfull using - perl /export/home/mtpadmin/bin/mtparchive.pl CC-6630-TANA.ini
Move Process Successfull using - perl /export/home/mtpadmin/bin/mtpmove.pl CC-6630-TANA.ini
Promote process successfull and verified using - perl /export/home/mtpadmin/bin/mtpverify.pl CC-6630-TANA.ini
