[2014061700002]
[/apps/test/cid1s/jcl/daily_jobs/;/apps/prod/cid1p/jcl/daily_jobs/]
[/apps/test/cid1s/jcl/monthly_jobs/;/apps/prod/cid1p/jcl/monthly_jobs/]
cilgmrd=
ftp-cilgmrd=
[/apps/test/cid1s/jcl/quarterly_jobs/;/apps/prod/cid1p/jcl/quarterly_jobs/]
[/apps/test/cid1s/jcl/yearly_jobs/;/apps/prod/cid1p/jcl/yearly_jobs/]
[/export/home/pema/bin/;/export/home/mtpadmin/bin/]
[/data/test/seqfiles/;/data/seqfiles/]
[/apps/test/cid1s/sys/webroot/;/apps/prod/cid1p/sys/webroot/]
[/apps/test/cid1s/sys/webroot/balancesheet/;/apps/prod/cid1p/sys/webroot/balancesheet/]
[/apps/test/cid1s/sys/webroot/balancesheet/images/;/apps/prod/cid1p/sys/webroot/balancesheet/images/]
[/apps/test/cid1s/sys/webroot/balancesheet/javascript/;/apps/prod/cid1p/sys/webroot/balancesheet/javascript/]
[/apps/test/cid1s/sys/webroot/balancesheet/style/;/apps/prod/cid1p/sys/webroot/balancesheet/style/]
[/apps/test/cid1s/maps/;/apps/prod/cid1p/maps/]
[/apps/test/cid1s/copy/;/apps/prod/cid1p/copy/]
ELCDTECX=
[/apps/test/cid1s/emails/;/apps/prod/cid1p/emails/]
[/apps/test/cid1s/parmlib/;/apps/prod/cid1p/parmlib/]
[/apps/test/cid1s/src/batch/;/apps/prod/cid1p/src/batch/]
ECS023.cbl=
ECS023.lst=
[/apps/test/cid1s/src/online/;/apps/prod/cid1p/src/online/]
[/apps/test/cid1s/exe/bat/;/apps/prod/cid1p/staging/exe_bat/]
ECS023.gnt=
[/apps/test/cid1s/exe/onl/;/apps/prod/cid1p/staging/exe_onl/]
Archive Process Successfull using - perl /export/home/mtpadmin/bin/mtp_archive.pl CC-6903-PEMA.ini
Move Process Successfull using - perl /export/home/mtpadmin/bin/mtp_move.pl CC-6903-PEMA.ini
Promote process successfull and verified using - perl /export/home/mtpadmin/bin/mtp_verify.pl CC-6903-PEMA.ini
Archived module - /apps/prod/cid1p/jcl/monthly_jobs/archive/cilgmrd.20180613
Archived module - /apps/prod/cid1p/jcl/monthly_jobs/archive/ftp-cilgmrd.20180613
Archived module - /apps/prod/cid1p/copy/archive/ELCDTECX.20180613
Archived module - /apps/prod/cid1p/src/batch/archive/ECS023.cbl.20180613
Archived module - /apps/prod/cid1p/src/batch/archive/ECS023.lst.20180613
Archived module - /apps/prod/cid1p/exe/bat/archive/ECS023.gnt.20180613
moved module - /apps/prod/cid1p/jcl/monthly_jobs/cilgmrd
moved module - /apps/prod/cid1p/jcl/monthly_jobs/ftp-cilgmrd
moved module - /apps/prod/cid1p/copy/ELCDTECX
moved module - /apps/prod/cid1p/src/batch/ECS023.cbl
moved module - /apps/prod/cid1p/src/batch/ECS023.lst
moved module - /apps/prod/cid1p/staging/exe_bat/ECS023.gnt
