[2018083000001]
[/apps/test/cid1s/jcl/daily_jobs/;/apps/prod/cid1p/jcl/daily_jobs/]
[/apps/test/cid1s/jcl/monthly_jobs/;/apps/prod/cid1p/jcl/monthly_jobs/]
[/apps/test/cid1s/jcl/quarterly_jobs/;/apps/prod/cid1p/jcl/quarterly_jobs/]
[/apps/test/cid1s/jcl/yearly_jobs/;/apps/prod/cid1p/jcl/yearly_jobs/]
[/export/home/ajra/bin/;/export/home/mtpadmin/bin/]
[/apps/test/cid1s/sys/webroot/;/apps/prod/cid1p/sys/webroot/]
[/apps/test/cid1s/sys/webroot/coversheets/;/apps/prod/cid1p/sys/webroot/coversheets/]
[/apps/test/cid1s/sys/webroot/coversheets/images/;/apps/prod/cid1p/sys/webroot/coversheets/images/]
[/apps/test/cid1s/sys/webroot/coversheets/javascript/;/apps/prod/cid1p/sys/webroot/coversheets/javascript/]
[/apps/test/cid1s/sys/webroot/coversheets/style/;/apps/prod/cid1p/sys/webroot/coversheets/style/]
[/apps/test/cid1s/maps/;/apps/prod/cid1p/maps/]
[/apps/test/cid1s/copy/;/apps/prod/cid1p/copy/]
ELCTRLR=
[/apps/test/cid1s/emails/;/apps/prod/cid1p/emails/]
[/apps/test/cid1s/parmlib/;/apps/prod/cid1p/parmlib/]
[/apps/test/cid1s/src/batch/;/apps/prod/cid1p/src/batch/]
[/apps/test/cid1s/src/online/;/apps/prod/cid1p/src/online/]
EL150.cl2=
EL150.cbl=
EL150.int=
EL150.lst=
EL153.cl2=
EL153.cbl=
EL153.int=
EL153.lst=
[/apps/test/cid1s/exe/bat/;/apps/prod/cid1p/staging/exe_bat/]
[/apps/test/cid1s/exe/onl/;/apps/prod/cid1p/staging/exe_onl/]
EL150.gnt=
EL153.gnt=Archive Process Successfull using - perl /export/home/mtpadmin/bin/mtp_archive.pl CC-6999-TANA.ini
Move Process Successfull using - perl /export/home/mtpadmin/bin/mtp_move.pl CC-6999-TANA.ini
Promote process successfull and verified using - perl /export/home/mtpadmin/bin/mtp_verify.pl CC-6999-TANA.ini
Archived module - /apps/prod/cid1p/copy/archive/ELCTRLR.20181024
Archived module - /apps/prod/cid1p/src/online/archive/EL150.cl2.20181024
Archived module - /apps/prod/cid1p/src/online/archive/EL150.cbl.20181024
Archived module - /apps/prod/cid1p/src/online/archive/EL150.int.20181024
Archived module - /apps/prod/cid1p/src/online/archive/EL150.lst.20181024
Archived module - /apps/prod/cid1p/src/online/archive/EL153.cl2.20181024
Archived module - /apps/prod/cid1p/src/online/archive/EL153.cbl.20181024
Archived module - /apps/prod/cid1p/src/online/archive/EL153.int.20181024
Archived module - /apps/prod/cid1p/src/online/archive/EL153.lst.20181024
Archived module - /apps/prod/cid1p/exe/onl/archive/EL150.gnt.20181024
Archived module - /apps/prod/cid1p/exe/onl/archive/EL153.gnt.20181024
moved module - /apps/prod/cid1p/copy/ELCTRLR
moved module - /apps/prod/cid1p/src/online/EL150.cl2
moved module - /apps/prod/cid1p/src/online/EL150.cbl
moved module - /apps/prod/cid1p/src/online/EL150.int
moved module - /apps/prod/cid1p/src/online/EL150.lst
moved module - /apps/prod/cid1p/src/online/EL153.cl2
moved module - /apps/prod/cid1p/src/online/EL153.cbl
moved module - /apps/prod/cid1p/src/online/EL153.int
moved module - /apps/prod/cid1p/src/online/EL153.lst
moved module - /apps/prod/cid1p/staging/exe_onl/EL150.gnt
moved module - /apps/prod/cid1p/staging/exe_onl/EL153.gnt
