[2017060900001]
[/apps/test/cid1s/jcl/daily_jobs/;/apps/prod/cid1p/jcl/daily_jobs/]
[/apps/test/cid1s/jcl/monthly_jobs/;/apps/prod/cid1p/jcl/monthly_jobs/]
[/apps/test/cid1s/jcl/quarterly_jobs/;/apps/prod/cid1p/jcl/quarterly_jobs/]
[/apps/test/cid1s/jcl/yearly_jobs/;/apps/prod/cid1p/jcl/yearly_jobs/]
[/export/home/tana/bin/;/export/home/mtpadmin/bin/]
[/apps/test/cid1s/sys/webroot/;/apps/prod/cid1p/sys/webroot/]
[/apps/test/cid1s/sys/webroot/coversheets/;/apps/prod/cid1p/sys/webroot/coversheets/]
[/apps/test/cid1s/sys/webroot/coversheets/images/;/apps/prod/cid1p/sys/webroot/coversheets/images/]
[/apps/test/cid1s/sys/webroot/coversheets/javascript/;/apps/prod/cid1p/sys/webroot/coversheets/javascript/]
[/apps/test/cid1s/sys/webroot/coversheets/style/;/apps/prod/cid1p/sys/webroot/coversheets/style/]
[/apps/test/cid1s/maps/;/apps/prod/cid1p/maps/]
[/apps/test/cid1s/copy/;/apps/prod/cid1p/copy/]
ELCENCC=
NSCVARS=
[/apps/test/cid1s/emails/;/apps/prod/cid1p/emails/]
[/apps/test/cid1s/parmlib/;/apps/prod/cid1p/parmlib/]
[/apps/test/cid1s/src/batch/;/apps/prod/cid1p/src/batch/]
EL570.cbl=
SQLGETENC.cbl=
[/apps/test/cid1s/src/online/;/apps/prod/cid1p/src/online/]
EL1041.cbl=
EL1041.int=
EL1041.lst=
EL1044.cbl=
EL1044.int=
EL1044.lst=
EL142.cbl=
EL142.int=
EL142.lst=
EL152.cbl=
EL152.int=
EL152.lst=
EL6316.cbl=
EL6316.int=
EL6316.lst=
EL6317.cbl=
EL6317.int=
EL6317.lst=
EL6318.cbl=
EL6318.int=
EL6318.lst=
EL689.cbl=
EL689.int=
EL689.lst=
ELVADS.cbl=
ELVADS.int=
ELVADS.lst=
NSRASBL.cbl=
NSRASBL.int=
NSRASBL.lst=
NSREQLTR.cbl=
NSREQLTR.int=
NSREQLTR.lst=
NSRLTRBL.cbl=
NSRLTRBL.int=
NSRLTRBL.lst=
[/apps/test/cid1s/exe/bat/;/apps/prod/cid1p/staging/exe_bat/]
SQLGETENC.gnt=
EL570.gnt=
[/apps/test/cid1s/exe/onl/;/apps/prod/cid1p/staging/exe_onl/]
EL1041.gnt=
EL1044.gnt=
EL142.gnt=
EL152.gnt=
EL6316.gnt=
EL6317.gnt=
EL6318.gnt=
EL689.gnt=
ELVADS.gnt=
NSRASBL.gnt=
NSREQLTR.gnt=
NSRLTRBL.gnt=Archive Process Failed using - perl /export/home/mtpadmin/bin/mtparchive.pl CC-6613-TANA.ini
Archive Process Successfull using - perl /export/home/mtpadmin/bin/mtparchive.pl CC-6613-TANA.ini
Move Process Successfull using - perl /export/home/mtpadmin/bin/mtpmove.pl CC-6613-TANA.ini
Promote process successfull and verified using - perl /export/home/mtpadmin/bin/mtpverify.pl CC-6613-TANA.ini
