[2017053000001]
[/apps/test/cid1s/jcl/daily_jobs/;/apps/prod/cid1p/jcl/daily_jobs/]
[/apps/test/cid1s/jcl/monthly_jobs/;/apps/prod/cid1p/jcl/monthly_jobs/]
ftp-vplgmtax=
ftp-vplgmo3g=
ftp-vplgmgrx=
ftp-vplgmclm=
ftp-vplgm541=
ftp-vplgm40=
ftp-vplgm35=
ftp-vplgm25=
ftp-vplgm20=
ftp-vplgm05=
ftp-vplgdat=
ftp-vplg545=
ftp-vplg538=
ftp-vplg341=
ftp-vpfrm50=
ftp-vpfrm54=
ftp-vpfrm57=
vplgm019=
vpfrm57=
vppmonthly1=
vpfrm50=
vplg331=
cpsbalvpp1=new
cpsbalvpp2=new
vplgm20=
vplgm15=
ftp-vpfrm54-ntfree2=
ftp-vpfrm57-ntfree2=
ftp-vplgm019=
ftp-vplgm019-ntfree2=new
vplgm019=
[/apps/test/cid1s/jcl/quarterly_jobs/;/apps/prod/cid1p/jcl/quarterly_jobs/]
[/apps/test/cid1s/jcl/yearly_jobs/;/apps/prod/cid1p/jcl/yearly_jobs/]
[/export/home/pema/bin/;/export/home/mtpadmin/bin/]
[/data/test/seqfiles/;/data/seqfiles/]
[/apps/test/cid1s/sys/webroot/;/apps/prod/cid1p/sys/webroot/]
[/apps/test/cid1s/sys/webroot/balancesheet/;/apps/prod/cid1p/sys/webroot/balancesheet/]
[/apps/test/cid1s/sys/webroot/balancesheet/images/;/apps/prod/cid1p/sys/webroot/balancesheet/images/]
[/apps/test/cid1s/sys/webroot/balancesheet/javascript/;/apps/prod/cid1p/sys/webroot/balancesheet/javascript/]
[/apps/test/cid1s/sys/webroot/balancesheet/style/;/apps/prod/cid1p/sys/webroot/balancesheet/style/]
[/apps/test/cid1s/maps/;/apps/prod/cid1p/maps/]
[/apps/test/cid1s/copy/;/apps/prod/cid1p/copy/]
[/apps/test/cid1s/emails/;/apps/prod/cid1p/emails/]
[/apps/test/cid1s/parmlib/;/apps/prod/cid1p/parmlib/]
[/apps/test/cid1s/src/batch/;/apps/prod/cid1p/src/batch/]
FNB166.cbl=
FNB166.lst=
ECS043.cbl=
ECS043.lst=
ECS045.cbl=
ECS045.lst=
[/apps/test/cid1s/src/online/;/apps/prod/cid1p/src/online/]
[/apps/test/cid1s/exe/bat/;/apps/prod/cid1p/staging/exe_bat/]
FNB166.gnt=
ECS043.gnt=
ECS045.gnt=
[/apps/test/cid1s/exe/onl/;/apps/prod/cid1p/staging/exe_onl/]
Archive Process Successfull using - perl /export/home/mtpadmin/bin/mtparchive.pl CC-6600-PEMA.ini
Move Process Successfull using - perl /export/home/mtpadmin/bin/mtpmove.pl CC-6600-PEMA.ini
Promote process successfull and verified using - perl /export/home/mtpadmin/bin/mtpverify.pl CC-6600-PEMA.ini
