[2015091000001]
[/apps/test/cid1s/jcl/daily_jobs/;/apps/prod/cid1p/jcl/daily_jobs/]
ciddaily1=
cilgcrltrs=
[/apps/test/cid1s/jcl/monthly_jobs/;/apps/prod/cid1p/jcl/monthly_jobs/]
[/apps/test/cid1s/jcl/quarterly_jobs/;/apps/prod/cid1p/jcl/quarterly_jobs/]
[/apps/test/cid1s/jcl/yearly_jobs/;/apps/prod/cid1p/jcl/yearly_jobs/]
[/export/home/pema/bin/;/export/home/mtpadmin/bin/]
[/data/test/seqfiles/;/data/seqfiles/]
[/apps/test/cid1s/sys/webroot/;/apps/prod/cid1p/sys/webroot/]
[/apps/test/cid1s/sys/webroot/balancesheet/;/apps/prod/cid1p/sys/webroot/balancesheet/]
[/apps/test/cid1s/sys/webroot/balancesheet/images/;/apps/prod/cid1p/sys/webroot/balancesheet/images/]
[/apps/test/cid1s/sys/webroot/balancesheet/javascript/;/apps/prod/cid1p/sys/webroot/balancesheet/javascript/]
[/apps/test/cid1s/sys/webroot/balancesheet/style/;/apps/prod/cid1p/sys/webroot/balancesheet/style/]
[/apps/test/cid1s/maps/;/apps/prod/cid1p/maps/]
EL1273S.bms=
EL1273S.map=
EL1273S=
EL6311S.bms=
EL6311S.map=
EL6311S=
[/apps/test/cid1s/copy/;/apps/prod/cid1p/copy/]
ERCPNDB=
ELCCERT=
ECSCRT01=
ELC50WS=
ELC50PD=
[/apps/test/cid1s/emails/;/apps/prod/cid1p/emails/]
[/apps/test/cid1s/parmlib/;/apps/prod/cid1p/parmlib/]
[/apps/test/cid1s/src/batch/;/apps/prod/cid1p/src/batch/]
DCC010.cbl=
DCC010.lst=
ECS010.cbl=
ECS010.lst=
EL331.cbl=
EL331.lst=
EL512.cbl=
EL512.lst=
EL570.cbl=
EL570.lst=
EL689B.cbl=
EL689B.lst=
EL517.lst=
CIDNSARE.cbl=
CIDNSARE.lst=
[/apps/test/cid1s/src/online/;/apps/prod/cid1p/src/online/]
EL6301.cl2=
EL6301.cbl=
EL6301.lst=
EL6311.cl2=
EL6311.cbl=
EL6311.lst=
VP6301.cl2=
VP6301.cbl=
VP6301.lst=
VP6311.cl2=
VP6311.cbl=
VP6311.lst=
EL689.cl2=
EL689.cbl=
EL689.lst=
ELCANC.cl2=
ELCANC.cbl=
ELCANC.lst=
EL1273.cl2=
EL1273.cbl=
EL1273.lst=
NSRASBL.cl2=
NSRASBL.cbl=
NSRASBL.lst=
EL050.cbl=
EL050.lst=
[/apps/test/cid1s/exe/bat/;/apps/prod/cid1p/staging/exe_bat/]
DCC010.gnt=
ECS010.gnt=
EL331.gnt=
EL512.gnt=
EL570.gnt=
EL689B.gnt=
EL517.gnt=
CIDNSARE.gnt=
[/apps/test/cid1s/exe/onl/;/apps/prod/cid1p/staging/exe_onl/]
EL6301.gnt=
EL6311.gnt=
VP6301.gnt=
VP6311.gnt=
EL689.gnt=
ELCANC.gnt=
EL1273.gnt=
NSRASBL.gnt=
EL050.gnt=
Archive Process Successfull using - perl /export/home/mtpadmin/bin/mtp_archive.pl CC-6854-PEMA.ini
Move Process Successfull using - perl /export/home/mtpadmin/bin/mtp_move.pl CC-6854-PEMA.ini
Promote process successfull and verified using - perl /export/home/mtpadmin/bin/mtp_verify.pl CC-6854-PEMA.ini
Archived module - /apps/prod/cid1p/jcl/daily_jobs/archive/ciddaily1.20180405
Archived module - /apps/prod/cid1p/jcl/daily_jobs/archive/cilgcrltrs.20180405
Archived module - /apps/prod/cid1p/maps/archive/EL1273S.bms.20180405
Archived module - /apps/prod/cid1p/maps/archive/EL1273S.map.20180405
Archived module - /apps/prod/cid1p/maps/archive/EL1273S.20180405
Archived module - /apps/prod/cid1p/maps/archive/EL6311S.bms.20180405
Archived module - /apps/prod/cid1p/maps/archive/EL6311S.map.20180405
Archived module - /apps/prod/cid1p/maps/archive/EL6311S.20180405
Archived module - /apps/prod/cid1p/copy/archive/ERCPNDB.20180405
Archived module - /apps/prod/cid1p/copy/archive/ELCCERT.20180405
Archived module - /apps/prod/cid1p/copy/archive/ECSCRT01.20180405
Archived module - /apps/prod/cid1p/copy/archive/ELC50WS.20180405
Archived module - /apps/prod/cid1p/copy/archive/ELC50PD.20180405
Archived module - /apps/prod/cid1p/src/batch/archive/DCC010.cbl.20180405
Archived module - /apps/prod/cid1p/src/batch/archive/DCC010.lst.20180405
Archived module - /apps/prod/cid1p/src/batch/archive/ECS010.cbl.20180405
Archived module - /apps/prod/cid1p/src/batch/archive/ECS010.lst.20180405
Archived module - /apps/prod/cid1p/src/batch/archive/EL331.cbl.20180405
Archived module - /apps/prod/cid1p/src/batch/archive/EL331.lst.20180405
Archived module - /apps/prod/cid1p/src/batch/archive/EL512.cbl.20180405
Archived module - /apps/prod/cid1p/src/batch/archive/EL512.lst.20180405
Archived module - /apps/prod/cid1p/src/batch/archive/EL570.cbl.20180405
Archived module - /apps/prod/cid1p/src/batch/archive/EL570.lst.20180405
Archived module - /apps/prod/cid1p/src/batch/archive/EL689B.cbl.20180405
Archived module - /apps/prod/cid1p/src/batch/archive/EL689B.lst.20180405
Archived module - /apps/prod/cid1p/src/batch/archive/EL517.lst.20180405
Archived module - /apps/prod/cid1p/src/batch/archive/CIDNSARE.cbl.20180405
Archived module - /apps/prod/cid1p/src/batch/archive/CIDNSARE.lst.20180405
Archived module - /apps/prod/cid1p/src/online/archive/EL6301.cl2.20180405
Archived module - /apps/prod/cid1p/src/online/archive/EL6301.cbl.20180405
Archived module - /apps/prod/cid1p/src/online/archive/EL6301.lst.20180405
Archived module - /apps/prod/cid1p/src/online/archive/EL6311.cl2.20180405
Archived module - /apps/prod/cid1p/src/online/archive/EL6311.cbl.20180405
Archived module - /apps/prod/cid1p/src/online/archive/EL6311.lst.20180405
Archived module - /apps/prod/cid1p/src/online/archive/VP6301.cl2.20180405
Archived module - /apps/prod/cid1p/src/online/archive/VP6301.cbl.20180405
Archived module - /apps/prod/cid1p/src/online/archive/VP6301.lst.20180405
Archived module - /apps/prod/cid1p/src/online/archive/VP6311.cl2.20180405
Archived module - /apps/prod/cid1p/src/online/archive/VP6311.cbl.20180405
Archived module - /apps/prod/cid1p/src/online/archive/VP6311.lst.20180405
Archived module - /apps/prod/cid1p/src/online/archive/EL689.cl2.20180405
Archived module - /apps/prod/cid1p/src/online/archive/EL689.cbl.20180405
Archived module - /apps/prod/cid1p/src/online/archive/EL689.lst.20180405
Archived module - /apps/prod/cid1p/src/online/archive/ELCANC.cl2.20180405
Archived module - /apps/prod/cid1p/src/online/archive/ELCANC.cbl.20180405
Archived module - /apps/prod/cid1p/src/online/archive/ELCANC.lst.20180405
Archived module - /apps/prod/cid1p/src/online/archive/EL1273.cl2.20180405
Archived module - /apps/prod/cid1p/src/online/archive/EL1273.cbl.20180405
Archived module - /apps/prod/cid1p/src/online/archive/EL1273.lst.20180405
Archived module - /apps/prod/cid1p/src/online/archive/NSRASBL.cl2.20180405
Archived module - /apps/prod/cid1p/src/online/archive/NSRASBL.cbl.20180405
Archived module - /apps/prod/cid1p/src/online/archive/NSRASBL.lst.20180405
Archived module - /apps/prod/cid1p/src/online/archive/EL050.cbl.20180405
Archived module - /apps/prod/cid1p/src/online/archive/EL050.lst.20180405
Archived module - /apps/prod/cid1p/exe/bat/archive/DCC010.gnt.20180405
Archived module - /apps/prod/cid1p/exe/bat/archive/ECS010.gnt.20180405
Archived module - /apps/prod/cid1p/exe/bat/archive/EL331.gnt.20180405
Archived module - /apps/prod/cid1p/exe/bat/archive/EL512.gnt.20180405
Archived module - /apps/prod/cid1p/exe/bat/archive/EL570.gnt.20180405
Archived module - /apps/prod/cid1p/exe/bat/archive/EL689B.gnt.20180405
Archived module - /apps/prod/cid1p/exe/bat/archive/EL517.gnt.20180405
Archived module - /apps/prod/cid1p/exe/bat/archive/CIDNSARE.gnt.20180405
Archived module - /apps/prod/cid1p/exe/onl/archive/EL6301.gnt.20180405
Archived module - /apps/prod/cid1p/exe/onl/archive/EL6311.gnt.20180405
Archived module - /apps/prod/cid1p/exe/onl/archive/VP6301.gnt.20180405
Archived module - /apps/prod/cid1p/exe/onl/archive/VP6311.gnt.20180405
Archived module - /apps/prod/cid1p/exe/onl/archive/EL689.gnt.20180405
Archived module - /apps/prod/cid1p/exe/onl/archive/ELCANC.gnt.20180405
Archived module - /apps/prod/cid1p/exe/onl/archive/EL1273.gnt.20180405
Archived module - /apps/prod/cid1p/exe/onl/archive/NSRASBL.gnt.20180405
Archived module - /apps/prod/cid1p/exe/onl/archive/EL050.gnt.20180405
moved module - /apps/prod/cid1p/jcl/daily_jobs/ciddaily1
moved module - /apps/prod/cid1p/jcl/daily_jobs/cilgcrltrs
moved module - /apps/prod/cid1p/maps/EL1273S.bms
moved module - /apps/prod/cid1p/maps/EL1273S.map
moved module - /apps/prod/cid1p/maps/EL1273S
moved module - /apps/prod/cid1p/maps/EL6311S.bms
moved module - /apps/prod/cid1p/maps/EL6311S.map
moved module - /apps/prod/cid1p/maps/EL6311S
moved module - /apps/prod/cid1p/copy/ERCPNDB
moved module - /apps/prod/cid1p/copy/ELCCERT
moved module - /apps/prod/cid1p/copy/ECSCRT01
moved module - /apps/prod/cid1p/copy/ELC50WS
moved module - /apps/prod/cid1p/copy/ELC50PD
moved module - /apps/prod/cid1p/src/batch/DCC010.cbl
moved module - /apps/prod/cid1p/src/batch/DCC010.lst
moved module - /apps/prod/cid1p/src/batch/ECS010.cbl
moved module - /apps/prod/cid1p/src/batch/ECS010.lst
moved module - /apps/prod/cid1p/src/batch/EL331.cbl
moved module - /apps/prod/cid1p/src/batch/EL331.lst
moved module - /apps/prod/cid1p/src/batch/EL512.cbl
moved module - /apps/prod/cid1p/src/batch/EL512.lst
moved module - /apps/prod/cid1p/src/batch/EL570.cbl
moved module - /apps/prod/cid1p/src/batch/EL570.lst
moved module - /apps/prod/cid1p/src/batch/EL689B.cbl
moved module - /apps/prod/cid1p/src/batch/EL689B.lst
moved module - /apps/prod/cid1p/src/batch/EL517.lst
moved module - /apps/prod/cid1p/src/batch/CIDNSARE.cbl
moved module - /apps/prod/cid1p/src/batch/CIDNSARE.lst
moved module - /apps/prod/cid1p/src/online/EL6301.cl2
moved module - /apps/prod/cid1p/src/online/EL6301.cbl
moved module - /apps/prod/cid1p/src/online/EL6301.lst
moved module - /apps/prod/cid1p/src/online/EL6311.cl2
moved module - /apps/prod/cid1p/src/online/EL6311.cbl
moved module - /apps/prod/cid1p/src/online/EL6311.lst
moved module - /apps/prod/cid1p/src/online/VP6301.cl2
moved module - /apps/prod/cid1p/src/online/VP6301.cbl
moved module - /apps/prod/cid1p/src/online/VP6301.lst
moved module - /apps/prod/cid1p/src/online/VP6311.cl2
moved module - /apps/prod/cid1p/src/online/VP6311.cbl
moved module - /apps/prod/cid1p/src/online/VP6311.lst
moved module - /apps/prod/cid1p/src/online/EL689.cl2
moved module - /apps/prod/cid1p/src/online/EL689.cbl
moved module - /apps/prod/cid1p/src/online/EL689.lst
moved module - /apps/prod/cid1p/src/online/ELCANC.cl2
moved module - /apps/prod/cid1p/src/online/ELCANC.cbl
moved module - /apps/prod/cid1p/src/online/ELCANC.lst
moved module - /apps/prod/cid1p/src/online/EL1273.cl2
moved module - /apps/prod/cid1p/src/online/EL1273.cbl
moved module - /apps/prod/cid1p/src/online/EL1273.lst
moved module - /apps/prod/cid1p/src/online/NSRASBL.cl2
moved module - /apps/prod/cid1p/src/online/NSRASBL.cbl
moved module - /apps/prod/cid1p/src/online/NSRASBL.lst
moved module - /apps/prod/cid1p/src/online/EL050.cbl
moved module - /apps/prod/cid1p/src/online/EL050.lst
moved module - /apps/prod/cid1p/staging/exe_bat/DCC010.gnt
moved module - /apps/prod/cid1p/staging/exe_bat/ECS010.gnt
moved module - /apps/prod/cid1p/staging/exe_bat/EL331.gnt
moved module - /apps/prod/cid1p/staging/exe_bat/EL512.gnt
moved module - /apps/prod/cid1p/staging/exe_bat/EL570.gnt
moved module - /apps/prod/cid1p/staging/exe_bat/EL689B.gnt
moved module - /apps/prod/cid1p/staging/exe_bat/EL517.gnt
moved module - /apps/prod/cid1p/staging/exe_bat/CIDNSARE.gnt
moved module - /apps/prod/cid1p/staging/exe_onl/EL6301.gnt
moved module - /apps/prod/cid1p/staging/exe_onl/EL6311.gnt
moved module - /apps/prod/cid1p/staging/exe_onl/VP6301.gnt
moved module - /apps/prod/cid1p/staging/exe_onl/VP6311.gnt
moved module - /apps/prod/cid1p/staging/exe_onl/EL689.gnt
moved module - /apps/prod/cid1p/staging/exe_onl/ELCANC.gnt
moved module - /apps/prod/cid1p/staging/exe_onl/EL1273.gnt
moved module - /apps/prod/cid1p/staging/exe_onl/NSRASBL.gnt
moved module - /apps/prod/cid1p/staging/exe_onl/EL050.gnt
