[2015100900001]
[/apps/test/cid1s/jcl/daily_jobs/;/apps/prod/cid1p/jcl/daily_jobs/]
[/apps/test/cid1s/jcl/monthly_jobs/;/apps/prod/cid1p/jcl/monthly_jobs/]
[/apps/test/cid1s/jcl/quarterly_jobs/;/apps/prod/cid1p/jcl/quarterly_jobs/]
[/apps/test/cid1s/jcl/yearly_jobs/;/apps/prod/cid1p/jcl/yearly_jobs/]
[/export/home/tana/bin/;/export/home/mtpadmin/bin/]
[/apps/test/cid1s/sys/webroot/;/apps/prod/cid1p/sys/webroot/]
[/apps/test/cid1s/sys/webroot/coversheets/;/apps/prod/cid1p/sys/webroot/coversheets/]
[/apps/test/cid1s/sys/webroot/coversheets/images/;/apps/prod/cid1p/sys/webroot/coversheets/images/]
[/apps/test/cid1s/sys/webroot/coversheets/javascript/;/apps/prod/cid1p/sys/webroot/coversheets/javascript/]
[/apps/test/cid1s/sys/webroot/coversheets/style/;/apps/prod/cid1p/sys/webroot/coversheets/style/]
[/apps/test/cid1s/maps/;/apps/prod/cid1p/maps/]
[/apps/test/cid1s/copy/;/apps/prod/cid1p/copy/]
ERCACCT=
ELC50PD=
[/apps/test/cid1s/emails/;/apps/prod/cid1p/emails/]
[/apps/test/cid1s/parmlib/;/apps/prod/cid1p/parmlib/]
[/apps/test/cid1s/src/batch/;/apps/prod/cid1p/src/batch/]
CIDCRX3.cbl=
CIDCRX3.int=
CIDCRX3.idy=
CIDCRX3.lst=
CIDEPX1.cbl=
CIDEPX1.int=
CIDEPX1.idy=
CIDEPX1.lst=
CIDEPX2.cbl=
CIDEPX2.int=
CIDEPX2.idy=
CIDEPX2.lst=
CIDEPX3.cbl=
CIDEPX3.int=
CIDEPX3.idy=
CIDEPX3.lst=
CSO035.cbl=
CSO035.int=
CSO035.idy=
CSO035.lst=
CSO035S.cbl=
CSO035S.idy=
CSO035S.lst=
ECS021.cbl=
ECS021.int=
ECS021.idy=
ECS021.lst=
ECS021RET.cbl=
ECS021RET.int=
ECS021RET.idy=
ECS021RET.lst=
ECS035.cbl=
ECS035.int=
ECS035.idy=
ECS035.lst=
ECS076.cbl=
ECS076.int=
ECS076.idy=
ECS076.lst=
ECS079.cbl=
ECS079.int=
ECS079.idy=
ECS079.lst=
EL501.cbl=
EL501.int=
EL501.idy=
EL501.lst=
EL523.cbl=
EL523.int=
EL523.idy=
EL523.lst=
[/apps/test/cid1s/src/online/;/apps/prod/cid1p/src/online/]
EL6501.cl2=
EL6501.cbl=
EL6501.idy=
EL6501.int=
EL6501.lst=
SOCK00.cl2=
SOCK00.cbl=
SOCK00.int=
SOCK00.idy=
SOCK00.lst=
EL050.cbl=
EL050.idy=
EL050.int=
EL050.lst=
[/apps/test/cid1s/exe/bat/;/apps/prod/cid1p/staging/exe_bat/]
CIDCRX3.gnt=
CIDEPX1.gnt=
CIDEPX2.gnt=
CIDEPX3.gnt=
CSO035.gnt=
CSO035S.gnt=
ECS021.gnt=
ECS021RET.gnt=
ECS035.gnt=
ECS076.gnt=
ECS079.gnt=
EL501.gnt=
EL523.gnt=
[/apps/test/cid1s/exe/onl/;/apps/prod/cid1p/staging/exe_onl/]
EL6501.gnt=
SOCK00.gnt=
EL050.gnt=Archive Process Successfull using - perl /export/home/mtpadmin/bin/mtparchive.pl CC-6210-TANA.ini
Move Process Successfull using - perl /export/home/mtpadmin/bin/mtpmove.pl CC-6210-TANA.ini
Promote process successfull and verified using - perl /export/home/mtpadmin/bin/mtpverify.pl CC-6210-TANA.ini
