[2015082500001]
[/apps/test/cid1s/jcl/daily_jobs/;/apps/prod/cid1p/jcl/daily_jobs/]
ahlg352=
cilg352=
cidclg352=
ciddaily1=
fnfrd110=new
fndcfrd110=new
vpfrd50=new
vpfrd52=new
vpimnet=new
vplg072a=new
vplg324r=new
vplg344=new
vplg352=new
vplg354=new
vplg519=new
vplg590=new
vplg592=new
vplgcdx1=new
vplgcrltrs=new
vplgd517=new
vplgd582=new
vplgdsql=new
vplgedit=new
vplgextr=new
vplgltrs=new
vplgstat=new
vppdaily=new
vppdaily1=new
vppfriday=new
ftp-fnfrd110-ntis2=new
ftp-fnfrd110-ntcso1=new
ftp-vpfrd50=new
ftp-vpfrd52=new
ftp-vpimnet=new
ftp-vplg344=new
ftp-vplg352=new
ftp-vplg592=new
ftp-vplg590=new
ftp-vplgcdx1=new
ftp-vplgcrltrs-ntbatch2=new
ftp-vplgcrltrs-ntis2=new
ftp-vplgcrltrs=new
ftp-vplgd582-ntis2=new
ftp-vplgd582-ntfree2=new
ftp-vplgdsql=new
ftp-vplgdsqlo=new
ftp-vplgextr-ntfree2=new
ftp-vplgextr=new
ftp-vplgltrs-ntbatch2=new
ftp-vplgltrs-ntis2=new
ftp-vplgstat=new
[/apps/test/cid1s/jcl/monthly_jobs/;/apps/prod/cid1p/jcl/monthly_jobs/]
vpfrm50=new
vpfrm54=new
vpfrm57=new
vplg331=new
vplg341=new
vplg538=new
vplg545=new
vplg548s=new
vplgchkbal=new
vplgdat=new
vplgm019=new
vplgm05=new
vplgm10=new
vplgm15=new
vplgm16=new
vplgm17=new
vplgm20=new
vplgm25=new
vplgm35=new
vplgm355=new
vplgm356=new
vplgm40=new
vplgm50=new
vplgm541=new
vplgm541b=new
vplgm542=new
vplgmclm=new
vplgmdex=new
vplgmgrx=new
vplgmo3g=new
vplgmtax=new
vplgmvnd=new
vppbal331=new
vppbalm50=new
vppcrxpc=new
vppdexa=new
vppepx1=new
vppepx3=new
vppme50=new
vppmonthly1=new
vppmth1=new
vppmth2=new
vppmth3=new
vppmth4=new
vppmth5=new
vpsqlbbencdes=new
vpsqlgaap=new
sqlbcertallvpp=new
sqlvppgaap=new
ftp-vpfrm57=new
ftp-vpfrm57-ntfree2=new
ftp-vpfrm54-ntfree2=new
ftp-vpfrm50-ntfree2=new
ftp-vpfrm50=new
ftp-vpfrm54=new
ftp-vplg331=new
ftp-vplg341=new
ftp-vplg538=new
ftp-vplg548s=new
ftp-vplg545=new
ftp-vplgchkbal=new
ftp-vplgdat=new
ftp-vplgm05=new
ftp-vplgm019=new
ftp-vplgm10=new
ftp-vplgm17=new
ftp-vplgm16=new
ftp-vplgm15=new
ftp-vplgm25=new
ftp-vplgm20=new
ftp-vplgm20-ntfree2=new
ftp-vplgm35=new
ftp-vplgm40=new
ftp-vplgm541b=new
ftp-vplgm50=new
ftp-vplgm541=new
ftp-vplgmclm=new
ftp-vplgmdex=new
ftp-vplgmgrx=new
ftp-vplgmo3g=new
ftp-vplgmtax=new
ftp-vppbal331=new
ftp-vppdexa=new
ftp-vppepx1=new
ftp-vppepx3=new
[/apps/test/cid1s/jcl/quarterly_jobs/;/apps/prod/cid1p/jcl/quarterly_jobs/]
[/apps/test/cid1s/jcl/yearly_jobs/;/apps/prod/cid1p/jcl/yearly_jobs/]
[/export/home/pema/bin/;/export/home/mtpadmin/bin/]
addcrlf_ach.pl=new
[/data/test/seqfiles/;/data/seqfiles/]
[/apps/test/cid1s/sys/webroot/;/apps/prod/cid1p/sys/webroot/]
[/apps/test/cid1s/sys/webroot/balancesheet/;/apps/prod/cid1p/sys/webroot/balancesheet/]
[/apps/test/cid1s/sys/webroot/balancesheet/images/;/apps/prod/cid1p/sys/webroot/balancesheet/images/]
[/apps/test/cid1s/sys/webroot/balancesheet/javascript/;/apps/prod/cid1p/sys/webroot/balancesheet/javascript/]
[/apps/test/cid1s/sys/webroot/balancesheet/style/;/apps/prod/cid1p/sys/webroot/balancesheet/style/]
[/apps/test/cid1s/maps/;/apps/prod/cid1p/maps/]
[/apps/test/cid1s/copy/;/apps/prod/cid1p/copy/]
[/apps/test/cid1s/emails/;/apps/prod/cid1p/emails/]
[/apps/test/cid1s/parmlib/;/apps/prod/cid1p/parmlib/]
[/apps/test/cid1s/src/batch/;/apps/prod/cid1p/src/batch/]
CSO083DCC.cbl=
CSO083DCC.lst=
DCC010.cbl=
DCC010.lst=
ECS017.cbl=
ECS017.lst=
ECS020.cbl=
ECS020.lst=
ECS035.cbl=
ECS035.lst=
ECS045.cbl=
ECS045.lst=
ECS050.cbl=
ECS050.lst=
ECS061.cbl=
ECS061.lst=
ECS063.cbl=
ECS063.lst=
ECS065.cbl=
ECS065.lst=
ECS082.cbl=
ECS082.lst=
ECS083.cbl=
ECS083.lst=
EL317.cbl=
EL317.lst=
EL325.cbl=
EL325.lst=
EL329.cbl=
EL329.lst=
EL331.cbl=
EL331.lst=
EL344.cbl=
EL344.lst=
EL352.cbl=
EL352.lst=
EL513.cbl=
EL513.lst=
EL517.cbl=
EL517.lst=
EL519.cbl=
EL519.lst=
EL523.cbl=
EL523.lst=
EL538.cbl=
EL538.lst=
EL538CSO.cbl=
EL538CSO.lst=
EL585M.cbl=
EL585M.lst=
EL586.cbl=
EL586.lst=
ELRATEX.cbl=
ELRATEX.lst=
FNB100.cbl=
FNB100.lst=
FNB110.cbl=new
FNB110.lst=new
FNB164.cbl=
FNB164.lst=
FNB166.cbl=
FNB166.lst=
FNB167.cbl=
FNB167.lst=
FNB184.cbl=
FNB184.lst=
LGCIFCE.cbl=
LGCIFCE.lst=
VPP017.cbl=new
VPP017.lst=new
VPP019.cbl=new
VPP019.lst=new
VPP169.cbl=new
VPP169.lst=new
VPP562.cbl=new
VPP562.lst=new
[/apps/test/cid1s/src/online/;/apps/prod/cid1p/src/online/]
[/apps/test/cid1s/exe/bat/;/apps/prod/cid1p/staging/exe_bat/]
CSO083DCC.gnt=
DCC010.gnt=
ECS017.gnt=
ECS020.gnt=
ECS035.gnt=
ECS045.gnt=
ECS050.gnt=
ECS061.gnt=
ECS063.gnt=
ECS065.gnt=
ECS082.gnt=
ECS083.gnt=
EL317.gnt=
EL325.gnt=
EL329.gnt=
EL331.gnt=
EL344.gnt=
EL352.gnt=
EL513.gnt=
EL517.gnt=
EL519.gnt=
EL523.gnt=
EL538.gnt=
EL538CSO.gnt=
EL585M.gnt=
EL586.gnt=
ELRATEX.gnt=
FNB100.gnt=
FNB110.gnt=new
FNB164.gnt=
FNB166.gnt=
FNB167.gnt=
FNB184.gnt=
LGCIFCE.gnt=
VPP017.gnt=new
VPP019.gnt=new
VPP169.gnt=new
VPP562.gnt=new
[/apps/test/cid1s/exe/onl/;/apps/prod/cid1p/staging/exe_onl/]
Archive Process Successfull using - perl /export/home/mtpadmin/bin/mtparchive.pl CC-6584-PEMA.ini
Move Process Successfull using - perl /export/home/mtpadmin/bin/mtpmove.pl CC-6584-PEMA.ini
Promote process successfull and verified using - perl /export/home/mtpadmin/bin/mtpverify.pl CC-6584-PEMA.ini
