[2018073000001]
[/apps/test/cid1s/jcl/daily_jobs/;/apps/prod/cid1p/jcl/daily_jobs/]
[/apps/test/cid1s/jcl/monthly_jobs/;/apps/prod/cid1p/jcl/monthly_jobs/]
[/apps/test/cid1s/jcl/quarterly_jobs/;/apps/prod/cid1p/jcl/quarterly_jobs/]
[/apps/test/cid1s/jcl/yearly_jobs/;/apps/prod/cid1p/jcl/yearly_jobs/]
[/export/home/pema/bin/;/export/home/mtpadmin/bin/]
[/data/test/seqfiles/;/data/seqfiles/]
[/apps/test/cid1s/sys/webroot/;/apps/prod/cid1p/sys/webroot/]
[/apps/test/cid1s/sys/webroot/balancesheet/;/apps/prod/cid1p/sys/webroot/balancesheet/]
[/apps/test/cid1s/sys/webroot/balancesheet/images/;/apps/prod/cid1p/sys/webroot/balancesheet/images/]
[/apps/test/cid1s/sys/webroot/balancesheet/javascript/;/apps/prod/cid1p/sys/webroot/balancesheet/javascript/]
[/apps/test/cid1s/sys/webroot/balancesheet/style/;/apps/prod/cid1p/sys/webroot/balancesheet/style/]
[/apps/test/cid1s/maps/;/apps/prod/cid1p/maps/]
EL1275S.bms=
EL1275S.map=
EL1275S=
[/apps/test/cid1s/copy/;/apps/prod/cid1p/copy/]
ELC50PD=
ELCCRTT=
[/apps/test/cid1s/emails/;/apps/prod/cid1p/emails/]
[/apps/test/cid1s/parmlib/;/apps/prod/cid1p/parmlib/]
[/apps/test/cid1s/src/batch/;/apps/prod/cid1p/src/batch/]
SQLBELCRTT.cbl=
SQLBELCRTT.lst=
EL517.lst=
[/apps/test/cid1s/src/online/;/apps/prod/cid1p/src/online/]
EL1275.cl2=
EL1275.cbl=
EL1275.lst=
EL050.cbl=
EL050.lst=
[/apps/test/cid1s/exe/bat/;/apps/prod/cid1p/staging/exe_bat/]
SQLBELCRTT.gnt=
EL517.gnt=
[/apps/test/cid1s/exe/onl/;/apps/prod/cid1p/staging/exe_onl/]
EL050.gnt=
EL1275.gnt=
Archive Process Successfull using - perl /export/home/mtpadmin/bin/mtp_archive.pl CC-6972-PEMA.ini
Move Process Successfull using - perl /export/home/mtpadmin/bin/mtp_move.pl CC-6972-PEMA.ini
Promote process successfull and verified using - perl /export/home/mtpadmin/bin/mtp_verify.pl CC-6972-PEMA.ini
Archived module - /apps/prod/cid1p/maps/archive/EL1275S.bms.20180921
Archived module - /apps/prod/cid1p/maps/archive/EL1275S.map.20180921
Archived module - /apps/prod/cid1p/maps/archive/EL1275S.20180921
Archived module - /apps/prod/cid1p/copy/archive/ELC50PD.20180921
Archived module - /apps/prod/cid1p/copy/archive/ELCCRTT.20180921
Archived module - /apps/prod/cid1p/src/batch/archive/SQLBELCRTT.cbl.20180921
Archived module - /apps/prod/cid1p/src/batch/archive/SQLBELCRTT.lst.20180921
Archived module - /apps/prod/cid1p/src/batch/archive/EL517.lst.20180921
Archived module - /apps/prod/cid1p/src/online/archive/EL1275.cl2.20180921
Archived module - /apps/prod/cid1p/src/online/archive/EL1275.cbl.20180921
Archived module - /apps/prod/cid1p/src/online/archive/EL1275.lst.20180921
Archived module - /apps/prod/cid1p/src/online/archive/EL050.cbl.20180921
Archived module - /apps/prod/cid1p/src/online/archive/EL050.lst.20180921
Archived module - /apps/prod/cid1p/exe/bat/archive/SQLBELCRTT.gnt.20180921
Archived module - /apps/prod/cid1p/exe/bat/archive/EL517.gnt.20180921
Archived module - /apps/prod/cid1p/exe/onl/archive/EL050.gnt.20180921
Archived module - /apps/prod/cid1p/exe/onl/archive/EL1275.gnt.20180921
moved module - /apps/prod/cid1p/maps/EL1275S.bms
moved module - /apps/prod/cid1p/maps/EL1275S.map
moved module - /apps/prod/cid1p/maps/EL1275S
moved module - /apps/prod/cid1p/copy/ELC50PD
moved module - /apps/prod/cid1p/copy/ELCCRTT
moved module - /apps/prod/cid1p/src/batch/SQLBELCRTT.cbl
moved module - /apps/prod/cid1p/src/batch/SQLBELCRTT.lst
moved module - /apps/prod/cid1p/src/batch/EL517.lst
moved module - /apps/prod/cid1p/src/online/EL1275.cl2
moved module - /apps/prod/cid1p/src/online/EL1275.cbl
moved module - /apps/prod/cid1p/src/online/EL1275.lst
moved module - /apps/prod/cid1p/src/online/EL050.cbl
moved module - /apps/prod/cid1p/src/online/EL050.lst
moved module - /apps/prod/cid1p/staging/exe_bat/SQLBELCRTT.gnt
moved module - /apps/prod/cid1p/staging/exe_bat/EL517.gnt
moved module - /apps/prod/cid1p/staging/exe_onl/EL050.gnt
moved module - /apps/prod/cid1p/staging/exe_onl/EL1275.gnt
