[2015110400001]
[/apps/test/cid1s/jcl/daily_jobs/;/apps/prod/cid1p/jcl/daily_jobs/]
ahlgltrs=
cidclgltrs=
cilgltrs=
[/apps/test/cid1s/jcl/monthly_jobs/;/apps/prod/cid1p/jcl/monthly_jobs/]
[/apps/test/cid1s/jcl/quarterly_jobs/;/apps/prod/cid1p/jcl/quarterly_jobs/]
[/apps/test/cid1s/jcl/yearly_jobs/;/apps/prod/cid1p/jcl/yearly_jobs/]
[/export/home/tana/bin/;/export/home/mtpadmin/bin/]
[/apps/test/cid1s/sys/webroot/;/apps/prod/cid1p/sys/webroot/]
PEMBOD.tem=
[/apps/test/cid1s/sys/webroot/coversheets/;/apps/prod/cid1p/sys/webroot/coversheets/]
[/apps/test/cid1s/sys/webroot/coversheets/images/;/apps/prod/cid1p/sys/webroot/coversheets/images/]
[/apps/test/cid1s/sys/webroot/coversheets/javascript/;/apps/prod/cid1p/sys/webroot/coversheets/javascript/]
[/apps/test/cid1s/sys/webroot/coversheets/style/;/apps/prod/cid1p/sys/webroot/coversheets/style/]
[/apps/test/cid1s/maps/;/apps/prod/cid1p/maps/]
[/apps/test/cid1s/copy/;/apps/prod/cid1p/copy/]
NSCVARS=
[/apps/test/cid1s/emails/;/apps/prod/cid1p/emails/]
[/apps/test/cid1s/parmlib/;/apps/prod/cid1p/parmlib/]
[/apps/test/cid1s/src/batch/;/apps/prod/cid1p/src/batch/]
CIDNAPEX.cbl=
CIDNAPEX.idy=
CIDNAPEX.int=
CIDNAPEX.lst=
[/apps/test/cid1s/src/online/;/apps/prod/cid1p/src/online/]
NSREQLTR.cbl=
NSREQLTR.cl2=
NSREQLTR.idy=
NSREQLTR.int=
NSREQLTR.lst=
NSRLTRBL.cbl=
NSRLTRBL.cl2=
NSRLTRBL.idy=
NSRLTRBL.int=
NSRLTRBL.lst=
[/apps/test/cid1s/exe/bat/;/apps/prod/cid1p/staging/exe_bat/]
CIDNAPEX.gnt=
[/apps/test/cid1s/exe/onl/;/apps/prod/cid1p/staging/exe_onl/]
NSREQLTR.gnt=
NSRLTRBL.gnt=Archive Process Successfull using - perl /export/home/mtpadmin/bin/mtparchive.pl CC-6251-TANA.ini
Move Process Successfull using - perl /export/home/mtpadmin/bin/mtpmove.pl CC-6251-TANA.ini
Promote process successfull and verified using - perl /export/home/mtpadmin/bin/mtpverify.pl CC-6251-TANA.ini
