[2017062000002]
[/apps/test/cid1s/jcl/daily_jobs/;/apps/prod/cid1p/jcl/daily_jobs/]
[/apps/test/cid1s/jcl/monthly_jobs/;/apps/prod/cid1p/jcl/monthly_jobs/]
[/apps/test/cid1s/jcl/quarterly_jobs/;/apps/prod/cid1p/jcl/quarterly_jobs/]
[/apps/test/cid1s/jcl/yearly_jobs/;/apps/prod/cid1p/jcl/yearly_jobs/]
[/export/home/pema/bin/;/export/home/mtpadmin/bin/]
[/data/test/seqfiles/;/data/seqfiles/]
[/apps/test/cid1s/sys/webroot/;/apps/prod/cid1p/sys/webroot/]
[/apps/test/cid1s/sys/webroot/balancesheet/;/apps/prod/cid1p/sys/webroot/balancesheet/]
[/apps/test/cid1s/sys/webroot/balancesheet/images/;/apps/prod/cid1p/sys/webroot/balancesheet/images/]
[/apps/test/cid1s/sys/webroot/balancesheet/javascript/;/apps/prod/cid1p/sys/webroot/balancesheet/javascript/]
[/apps/test/cid1s/sys/webroot/balancesheet/style/;/apps/prod/cid1p/sys/webroot/balancesheet/style/]
[/apps/test/cid1s/maps/;/apps/prod/cid1p/maps/]
EL1273S.bms=
EL1273S=
EL1273S.map=
[/apps/test/cid1s/copy/;/apps/prod/cid1p/copy/]
ELC50WS=
ELC50PD=
ELCCRTT=
[/apps/test/cid1s/emails/;/apps/prod/cid1p/emails/]
[/apps/test/cid1s/parmlib/;/apps/prod/cid1p/parmlib/]
[/apps/test/cid1s/src/batch/;/apps/prod/cid1p/src/batch/]
EL517.cbl=
EL517.lst=
[/apps/test/cid1s/src/online/;/apps/prod/cid1p/src/online/]
EL050.cl2=
EL050.cbl=
EL050.lst=
EL1273.cl2=
EL1273.cbl=
EL1273.lst=
EL6311.cl2=
EL6311.cbl=
EL6311.lst=
EL6318.cl2=
EL6318.cbl=
EL6318.lst=
[/apps/test/cid1s/exe/bat/;/apps/prod/cid1p/staging/exe_bat/]
EL517.gnt=
[/apps/test/cid1s/exe/onl/;/apps/prod/cid1p/staging/exe_onl/]
EL050.gnt=
EL1273.gnt=
EL6311.gnt=
EL6318.gnt=
Archive Process Successfull using - perl /export/home/mtpadmin/bin/mtp_archive.pl CC-6947-PEMA.ini
Move Process Successfull using - perl /export/home/mtpadmin/bin/mtp_move.pl CC-6947-PEMA.ini
Promote process successfull and verified using - perl /export/home/mtpadmin/bin/mtp_verify.pl CC-6947-PEMA.ini
Archived module - /apps/prod/cid1p/maps/archive/EL1273S.bms.20180806
Archived module - /apps/prod/cid1p/maps/archive/EL1273S.20180806
Archived module - /apps/prod/cid1p/maps/archive/EL1273S.map.20180806
Archived module - /apps/prod/cid1p/copy/archive/ELC50WS.20180806
Archived module - /apps/prod/cid1p/copy/archive/ELC50PD.20180806
Archived module - /apps/prod/cid1p/copy/archive/ELCCRTT.20180806
Archived module - /apps/prod/cid1p/src/batch/archive/EL517.cbl.20180806
Archived module - /apps/prod/cid1p/src/batch/archive/EL517.lst.20180806
Archived module - /apps/prod/cid1p/src/online/archive/EL050.cl2.20180806
Archived module - /apps/prod/cid1p/src/online/archive/EL050.cbl.20180806
Archived module - /apps/prod/cid1p/src/online/archive/EL050.lst.20180806
Archived module - /apps/prod/cid1p/src/online/archive/EL1273.cl2.20180806
Archived module - /apps/prod/cid1p/src/online/archive/EL1273.cbl.20180806
Archived module - /apps/prod/cid1p/src/online/archive/EL1273.lst.20180806
Archived module - /apps/prod/cid1p/src/online/archive/EL6311.cl2.20180806
Archived module - /apps/prod/cid1p/src/online/archive/EL6311.cbl.20180806
Archived module - /apps/prod/cid1p/src/online/archive/EL6311.lst.20180806
Archived module - /apps/prod/cid1p/src/online/archive/EL6318.cl2.20180806
Archived module - /apps/prod/cid1p/src/online/archive/EL6318.cbl.20180806
Archived module - /apps/prod/cid1p/src/online/archive/EL6318.lst.20180806
Archived module - /apps/prod/cid1p/exe/bat/archive/EL517.gnt.20180806
Archived module - /apps/prod/cid1p/exe/onl/archive/EL050.gnt.20180806
Archived module - /apps/prod/cid1p/exe/onl/archive/EL1273.gnt.20180806
Archived module - /apps/prod/cid1p/exe/onl/archive/EL6311.gnt.20180806
Archived module - /apps/prod/cid1p/exe/onl/archive/EL6318.gnt.20180806
moved module - /apps/prod/cid1p/maps/EL1273S.bms
moved module - /apps/prod/cid1p/maps/EL1273S
moved module - /apps/prod/cid1p/maps/EL1273S.map
moved module - /apps/prod/cid1p/copy/ELC50WS
moved module - /apps/prod/cid1p/copy/ELC50PD
moved module - /apps/prod/cid1p/copy/ELCCRTT
moved module - /apps/prod/cid1p/src/batch/EL517.cbl
moved module - /apps/prod/cid1p/src/batch/EL517.lst
moved module - /apps/prod/cid1p/src/online/EL050.cl2
moved module - /apps/prod/cid1p/src/online/EL050.cbl
moved module - /apps/prod/cid1p/src/online/EL050.lst
moved module - /apps/prod/cid1p/src/online/EL1273.cl2
moved module - /apps/prod/cid1p/src/online/EL1273.cbl
moved module - /apps/prod/cid1p/src/online/EL1273.lst
moved module - /apps/prod/cid1p/src/online/EL6311.cl2
moved module - /apps/prod/cid1p/src/online/EL6311.cbl
moved module - /apps/prod/cid1p/src/online/EL6311.lst
moved module - /apps/prod/cid1p/src/online/EL6318.cl2
moved module - /apps/prod/cid1p/src/online/EL6318.cbl
moved module - /apps/prod/cid1p/src/online/EL6318.lst
moved module - /apps/prod/cid1p/staging/exe_bat/EL517.gnt
moved module - /apps/prod/cid1p/staging/exe_onl/EL050.gnt
moved module - /apps/prod/cid1p/staging/exe_onl/EL1273.gnt
moved module - /apps/prod/cid1p/staging/exe_onl/EL6311.gnt
moved module - /apps/prod/cid1p/staging/exe_onl/EL6318.gnt
