[2019111300001]
[/apps/test/cid1s/jcl/daily_jobs/;/apps/prod/cid1p/jcl/daily_jobs/]
[/apps/test/cid1s/jcl/monthly_jobs/;/apps/prod/cid1p/jcl/monthly_jobs/]
[/apps/test/cid1s/jcl/quarterly_jobs/;/apps/prod/cid1p/jcl/quarterly_jobs/]
[/apps/test/cid1s/jcl/yearly_jobs/;/apps/prod/cid1p/jcl/yearly_jobs/]
[/export/home/pema/bin/;/export/home/mtpadmin/bin/]
[/data/test/seqfiles/;/data/seqfiles/]
[/apps/test/cid1s/sys/webroot/;/apps/prod/cid1p/sys/webroot/]
[/apps/test/cid1s/sys/webroot/balancesheet/;/apps/prod/cid1p/sys/webroot/balancesheet/]
[/apps/test/cid1s/sys/webroot/balancesheet/images/;/apps/prod/cid1p/sys/webroot/balancesheet/images/]
[/apps/test/cid1s/sys/webroot/balancesheet/javascript/;/apps/prod/cid1p/sys/webroot/balancesheet/javascript/]
[/apps/test/cid1s/sys/webroot/balancesheet/style/;/apps/prod/cid1p/sys/webroot/balancesheet/style/]
[/apps/test/cid1s/maps/;/apps/prod/cid1p/maps/]
[/apps/test/cid1s/copy/;/apps/prod/cid1p/copy/]
[/apps/test/cid1s/emails/;/apps/prod/cid1p/emails/]
[/apps/test/cid1s/parmlib/;/apps/prod/cid1p/parmlib/]
[/apps/test/cid1s/src/batch/;/apps/prod/cid1p/src/batch/]
[/apps/test/cid1s/src/online/;/apps/prod/cid1p/src/online/]
EL055.cl2=New
EL055.cbl=New
EL055.lst=New
EL6311.cl2=
EL6311.cbl=
EL6311.lst=
[/apps/test/cid1s/exe/bat/;/apps/prod/cid1p/staging/exe_bat/]
[/apps/test/cid1s/exe/onl/;/apps/prod/cid1p/staging/exe_onl/]
EL055.gnt=New
EL6311.gnt=
Archive Process Successfull using - perl /export/home/mtpadmin/bin/mtp_archive.pl CC-7434-PEMA.ini
Move Process Successfull using - perl /export/home/mtpadmin/bin/mtp_move.pl CC-7434-PEMA.ini
Promote process successfull and verified using - perl /export/home/mtpadmin/bin/mtp_verify.pl CC-7434-PEMA.ini
Archived module - /apps/prod/cid1p/src/online/archive/EL6311.cl2.20200710
Archived module - /apps/prod/cid1p/src/online/archive/EL6311.cbl.20200710
Archived module - /apps/prod/cid1p/src/online/archive/EL6311.lst.20200710
Archived module - /apps/prod/cid1p/exe/onl/archive/EL6311.gnt.20200710
moved module - /apps/prod/cid1p/src/online/EL055.cl2
moved module - /apps/prod/cid1p/src/online/EL055.cbl
moved module - /apps/prod/cid1p/src/online/EL055.lst
moved module - /apps/prod/cid1p/src/online/EL6311.cl2
moved module - /apps/prod/cid1p/src/online/EL6311.cbl
moved module - /apps/prod/cid1p/src/online/EL6311.lst
moved module - /apps/prod/cid1p/staging/exe_onl/EL055.gnt
moved module - /apps/prod/cid1p/staging/exe_onl/EL6311.gnt
