[2020030500002]
[/apps/test/cid1s/jcl/daily_jobs/;/apps/prod/cid1p/jcl/daily_jobs/]
[/apps/test/cid1s/jcl/monthly_jobs/;/apps/prod/cid1p/jcl/monthly_jobs/]
[/apps/test/cid1s/jcl/quarterly_jobs/;/apps/prod/cid1p/jcl/quarterly_jobs/]
[/apps/test/cid1s/jcl/yearly_jobs/;/apps/prod/cid1p/jcl/yearly_jobs/]
[/export/home/pema/bin/;/export/home/mtpadmin/bin/]
[/data/test/seqfiles/;/data/seqfiles/]
[/apps/test/cid1s/sys/webroot/;/apps/prod/cid1p/sys/webroot/]
[/apps/test/cid1s/sys/webroot/balancesheet/;/apps/prod/cid1p/sys/webroot/balancesheet/]
[/apps/test/cid1s/sys/webroot/balancesheet/images/;/apps/prod/cid1p/sys/webroot/balancesheet/images/]
[/apps/test/cid1s/sys/webroot/balancesheet/javascript/;/apps/prod/cid1p/sys/webroot/balancesheet/javascript/]
[/apps/test/cid1s/sys/webroot/balancesheet/style/;/apps/prod/cid1p/sys/webroot/balancesheet/style/]
[/apps/test/cid1s/maps/;/apps/prod/cid1p/maps/]
EL1276S.bms=
EL1276S=
EL1276S.map=
[/apps/test/cid1s/copy/;/apps/prod/cid1p/copy/]
ERCNOTE=
[/apps/test/cid1s/emails/;/apps/prod/cid1p/emails/]
[/apps/test/cid1s/parmlib/;/apps/prod/cid1p/parmlib/]
[/apps/test/cid1s/src/batch/;/apps/prod/cid1p/src/batch/]
CIDCNX1.cbl=
CIDCNX1.lst=
CIDNSARE.cbl=
CIDNSARE.lst=
EL310.cbl=
EL310.lst=
EL349.lst=
EL515.cbl=
EL515.lst=
EL562.cbl=
EL562.lst=
[/apps/test/cid1s/src/online/;/apps/prod/cid1p/src/online/]
EL1276.cl2=
EL1276.cbl=
EL1276.lst=
EL1278.cl2=
EL1278.cbl=
EL1278.lst=
EL630.cl2=
EL630.cbl=
EL630.lst=
EL6311.cl2=
EL6311.cbl=
EL6311.lst=
EL6314.cl2=
EL6314.cbl=
EL6314.lst=
EL6315.cl2=
EL6315.cbl=
EL6315.lst=
EL6316.cl2=
EL6316.cbl=
EL6316.lst=
EL6317.cl2=
EL6317.cbl=
EL6317.lst=
EL6318.cl2=
EL6318.cbl=
EL6318.lst=
EL689.cl2=
EL689.cbl=
EL689.lst=
EL691.cl2=
EL691.cbl=
EL691.lst=
EL6952.cl2=
EL6952.cbl=
EL6952.lst=
NSAASBL.cl2=
NSAASBL.cbl=
NSAASBL.lst=
NSAASLTR.cl2=
NSAASLTR.cbl=
NSAASLTR.lst=
NSRASLTR.cl2=
NSRASLTR.cbl=
NSRASLTR.lst=
[/apps/test/cid1s/exe/bat/;/apps/prod/cid1p/staging/exe_bat/]
CIDCNX1.gnt=
CIDNSARE.gnt=
EL310.gnt=
EL349.gnt=
EL515.gnt=
EL562.gnt=
[/apps/test/cid1s/exe/onl/;/apps/prod/cid1p/staging/exe_onl/]
EL1276.gnt=
EL1278.gnt=
EL630.gnt=
EL6311.gnt=
EL6314.gnt=
EL6315.gnt=
EL6316.gnt=
EL6317.gnt=
EL6318.gnt=
EL689.gnt=
EL691.gnt=
EL6952.gnt=
NSAASBL.gnt=
NSAASLTR.gnt=
NSRASLTR.gnt=
Archive Process Successfull using - perl /export/home/mtpadmin/bin/mtp_archive.pl CC-7490-PEMA.ini
Move Process Successfull using - perl /export/home/mtpadmin/bin/mtp_move.pl CC-7490-PEMA.ini
Promote process successfull and verified using - perl /export/home/mtpadmin/bin/mtp_verify.pl CC-7490-PEMA.ini
Archived module - /apps/prod/cid1p/maps/archive/EL1276S.bms.20201005
Archived module - /apps/prod/cid1p/maps/archive/EL1276S.20201005
Archived module - /apps/prod/cid1p/maps/archive/EL1276S.map.20201005
Archived module - /apps/prod/cid1p/copy/archive/ERCNOTE.20201005
Archived module - /apps/prod/cid1p/src/batch/archive/CIDCNX1.cbl.20201005
Archived module - /apps/prod/cid1p/src/batch/archive/CIDCNX1.lst.20201005
Archived module - /apps/prod/cid1p/src/batch/archive/CIDNSARE.cbl.20201005
Archived module - /apps/prod/cid1p/src/batch/archive/CIDNSARE.lst.20201005
Archived module - /apps/prod/cid1p/src/batch/archive/EL310.cbl.20201005
Archived module - /apps/prod/cid1p/src/batch/archive/EL310.lst.20201005
Archived module - /apps/prod/cid1p/src/batch/archive/EL349.lst.20201005
Archived module - /apps/prod/cid1p/src/batch/archive/EL515.cbl.20201005
Archived module - /apps/prod/cid1p/src/batch/archive/EL515.lst.20201005
Archived module - /apps/prod/cid1p/src/batch/archive/EL562.cbl.20201005
Archived module - /apps/prod/cid1p/src/batch/archive/EL562.lst.20201005
Archived module - /apps/prod/cid1p/src/online/archive/EL1276.cl2.20201005
Archived module - /apps/prod/cid1p/src/online/archive/EL1276.cbl.20201005
Archived module - /apps/prod/cid1p/src/online/archive/EL1276.lst.20201005
Archived module - /apps/prod/cid1p/src/online/archive/EL1278.cl2.20201005
Archived module - /apps/prod/cid1p/src/online/archive/EL1278.cbl.20201005
Archived module - /apps/prod/cid1p/src/online/archive/EL1278.lst.20201005
Archived module - /apps/prod/cid1p/src/online/archive/EL630.cl2.20201005
Archived module - /apps/prod/cid1p/src/online/archive/EL630.cbl.20201005
Archived module - /apps/prod/cid1p/src/online/archive/EL630.lst.20201005
Archived module - /apps/prod/cid1p/src/online/archive/EL6311.cl2.20201005
Archived module - /apps/prod/cid1p/src/online/archive/EL6311.cbl.20201005
Archived module - /apps/prod/cid1p/src/online/archive/EL6311.lst.20201005
Archived module - /apps/prod/cid1p/src/online/archive/EL6314.cl2.20201005
Archived module - /apps/prod/cid1p/src/online/archive/EL6314.cbl.20201005
Archived module - /apps/prod/cid1p/src/online/archive/EL6314.lst.20201005
Archived module - /apps/prod/cid1p/src/online/archive/EL6315.cl2.20201005
Archived module - /apps/prod/cid1p/src/online/archive/EL6315.cbl.20201005
Archived module - /apps/prod/cid1p/src/online/archive/EL6315.lst.20201005
Archived module - /apps/prod/cid1p/src/online/archive/EL6316.cl2.20201005
Archived module - /apps/prod/cid1p/src/online/archive/EL6316.cbl.20201005
Archived module - /apps/prod/cid1p/src/online/archive/EL6316.lst.20201005
Archived module - /apps/prod/cid1p/src/online/archive/EL6317.cl2.20201005
Archived module - /apps/prod/cid1p/src/online/archive/EL6317.cbl.20201005
Archived module - /apps/prod/cid1p/src/online/archive/EL6317.lst.20201005
Archived module - /apps/prod/cid1p/src/online/archive/EL6318.cl2.20201005
Archived module - /apps/prod/cid1p/src/online/archive/EL6318.cbl.20201005
Archived module - /apps/prod/cid1p/src/online/archive/EL6318.lst.20201005
Archived module - /apps/prod/cid1p/src/online/archive/EL689.cl2.20201005
Archived module - /apps/prod/cid1p/src/online/archive/EL689.cbl.20201005
Archived module - /apps/prod/cid1p/src/online/archive/EL689.lst.20201005
Archived module - /apps/prod/cid1p/src/online/archive/EL691.cl2.20201005
Archived module - /apps/prod/cid1p/src/online/archive/EL691.cbl.20201005
Archived module - /apps/prod/cid1p/src/online/archive/EL691.lst.20201005
Archived module - /apps/prod/cid1p/src/online/archive/EL6952.cl2.20201005
Archived module - /apps/prod/cid1p/src/online/archive/EL6952.cbl.20201005
Archived module - /apps/prod/cid1p/src/online/archive/EL6952.lst.20201005
Archived module - /apps/prod/cid1p/src/online/archive/NSAASBL.cl2.20201005
Archived module - /apps/prod/cid1p/src/online/archive/NSAASBL.cbl.20201005
Archived module - /apps/prod/cid1p/src/online/archive/NSAASBL.lst.20201005
Archived module - /apps/prod/cid1p/src/online/archive/NSAASLTR.cl2.20201005
Archived module - /apps/prod/cid1p/src/online/archive/NSAASLTR.cbl.20201005
Archived module - /apps/prod/cid1p/src/online/archive/NSAASLTR.lst.20201005
Archived module - /apps/prod/cid1p/src/online/archive/NSRASLTR.cl2.20201005
Archived module - /apps/prod/cid1p/src/online/archive/NSRASLTR.cbl.20201005
Archived module - /apps/prod/cid1p/src/online/archive/NSRASLTR.lst.20201005
Archived module - /apps/prod/cid1p/exe/bat/archive/CIDCNX1.gnt.20201005
Archived module - /apps/prod/cid1p/exe/bat/archive/CIDNSARE.gnt.20201005
Archived module - /apps/prod/cid1p/exe/bat/archive/EL310.gnt.20201005
Archived module - /apps/prod/cid1p/exe/bat/archive/EL349.gnt.20201005
Archived module - /apps/prod/cid1p/exe/bat/archive/EL515.gnt.20201005
Archived module - /apps/prod/cid1p/exe/bat/archive/EL562.gnt.20201005
Archived module - /apps/prod/cid1p/exe/onl/archive/EL1276.gnt.20201005
Archived module - /apps/prod/cid1p/exe/onl/archive/EL1278.gnt.20201005
Archived module - /apps/prod/cid1p/exe/onl/archive/EL630.gnt.20201005
Archived module - /apps/prod/cid1p/exe/onl/archive/EL6311.gnt.20201005
Archived module - /apps/prod/cid1p/exe/onl/archive/EL6314.gnt.20201005
Archived module - /apps/prod/cid1p/exe/onl/archive/EL6315.gnt.20201005
Archived module - /apps/prod/cid1p/exe/onl/archive/EL6316.gnt.20201005
Archived module - /apps/prod/cid1p/exe/onl/archive/EL6317.gnt.20201005
Archived module - /apps/prod/cid1p/exe/onl/archive/EL6318.gnt.20201005
Archived module - /apps/prod/cid1p/exe/onl/archive/EL689.gnt.20201005
Archived module - /apps/prod/cid1p/exe/onl/archive/EL691.gnt.20201005
Archived module - /apps/prod/cid1p/exe/onl/archive/EL6952.gnt.20201005
Archived module - /apps/prod/cid1p/exe/onl/archive/NSAASBL.gnt.20201005
Archived module - /apps/prod/cid1p/exe/onl/archive/NSAASLTR.gnt.20201005
Archived module - /apps/prod/cid1p/exe/onl/archive/NSRASLTR.gnt.20201005
moved module - /apps/prod/cid1p/maps/EL1276S.bms
moved module - /apps/prod/cid1p/maps/EL1276S
moved module - /apps/prod/cid1p/maps/EL1276S.map
moved module - /apps/prod/cid1p/copy/ERCNOTE
moved module - /apps/prod/cid1p/src/batch/CIDCNX1.cbl
moved module - /apps/prod/cid1p/src/batch/CIDCNX1.lst
moved module - /apps/prod/cid1p/src/batch/CIDNSARE.cbl
moved module - /apps/prod/cid1p/src/batch/CIDNSARE.lst
moved module - /apps/prod/cid1p/src/batch/EL310.cbl
moved module - /apps/prod/cid1p/src/batch/EL310.lst
moved module - /apps/prod/cid1p/src/batch/EL349.lst
moved module - /apps/prod/cid1p/src/batch/EL515.cbl
moved module - /apps/prod/cid1p/src/batch/EL515.lst
moved module - /apps/prod/cid1p/src/batch/EL562.cbl
moved module - /apps/prod/cid1p/src/batch/EL562.lst
moved module - /apps/prod/cid1p/src/online/EL1276.cl2
moved module - /apps/prod/cid1p/src/online/EL1276.cbl
moved module - /apps/prod/cid1p/src/online/EL1276.lst
moved module - /apps/prod/cid1p/src/online/EL1278.cl2
moved module - /apps/prod/cid1p/src/online/EL1278.cbl
moved module - /apps/prod/cid1p/src/online/EL1278.lst
moved module - /apps/prod/cid1p/src/online/EL630.cl2
moved module - /apps/prod/cid1p/src/online/EL630.cbl
moved module - /apps/prod/cid1p/src/online/EL630.lst
moved module - /apps/prod/cid1p/src/online/EL6311.cl2
moved module - /apps/prod/cid1p/src/online/EL6311.cbl
moved module - /apps/prod/cid1p/src/online/EL6311.lst
moved module - /apps/prod/cid1p/src/online/EL6314.cl2
moved module - /apps/prod/cid1p/src/online/EL6314.cbl
moved module - /apps/prod/cid1p/src/online/EL6314.lst
moved module - /apps/prod/cid1p/src/online/EL6315.cl2
moved module - /apps/prod/cid1p/src/online/EL6315.cbl
moved module - /apps/prod/cid1p/src/online/EL6315.lst
moved module - /apps/prod/cid1p/src/online/EL6316.cl2
moved module - /apps/prod/cid1p/src/online/EL6316.cbl
moved module - /apps/prod/cid1p/src/online/EL6316.lst
moved module - /apps/prod/cid1p/src/online/EL6317.cl2
moved module - /apps/prod/cid1p/src/online/EL6317.cbl
moved module - /apps/prod/cid1p/src/online/EL6317.lst
moved module - /apps/prod/cid1p/src/online/EL6318.cl2
moved module - /apps/prod/cid1p/src/online/EL6318.cbl
moved module - /apps/prod/cid1p/src/online/EL6318.lst
moved module - /apps/prod/cid1p/src/online/EL689.cl2
moved module - /apps/prod/cid1p/src/online/EL689.cbl
moved module - /apps/prod/cid1p/src/online/EL689.lst
moved module - /apps/prod/cid1p/src/online/EL691.cl2
moved module - /apps/prod/cid1p/src/online/EL691.cbl
moved module - /apps/prod/cid1p/src/online/EL691.lst
moved module - /apps/prod/cid1p/src/online/EL6952.cl2
moved module - /apps/prod/cid1p/src/online/EL6952.cbl
moved module - /apps/prod/cid1p/src/online/EL6952.lst
moved module - /apps/prod/cid1p/src/online/NSAASBL.cl2
moved module - /apps/prod/cid1p/src/online/NSAASBL.cbl
moved module - /apps/prod/cid1p/src/online/NSAASBL.lst
moved module - /apps/prod/cid1p/src/online/NSAASLTR.cl2
moved module - /apps/prod/cid1p/src/online/NSAASLTR.cbl
moved module - /apps/prod/cid1p/src/online/NSAASLTR.lst
moved module - /apps/prod/cid1p/src/online/NSRASLTR.cl2
moved module - /apps/prod/cid1p/src/online/NSRASLTR.cbl
moved module - /apps/prod/cid1p/src/online/NSRASLTR.lst
moved module - /apps/prod/cid1p/staging/exe_bat/CIDCNX1.gnt
moved module - /apps/prod/cid1p/staging/exe_bat/CIDNSARE.gnt
moved module - /apps/prod/cid1p/staging/exe_bat/EL310.gnt
moved module - /apps/prod/cid1p/staging/exe_bat/EL349.gnt
moved module - /apps/prod/cid1p/staging/exe_bat/EL515.gnt
moved module - /apps/prod/cid1p/staging/exe_bat/EL562.gnt
moved module - /apps/prod/cid1p/staging/exe_onl/EL1276.gnt
moved module - /apps/prod/cid1p/staging/exe_onl/EL1278.gnt
moved module - /apps/prod/cid1p/staging/exe_onl/EL630.gnt
moved module - /apps/prod/cid1p/staging/exe_onl/EL6311.gnt
moved module - /apps/prod/cid1p/staging/exe_onl/EL6314.gnt
moved module - /apps/prod/cid1p/staging/exe_onl/EL6315.gnt
moved module - /apps/prod/cid1p/staging/exe_onl/EL6316.gnt
moved module - /apps/prod/cid1p/staging/exe_onl/EL6317.gnt
moved module - /apps/prod/cid1p/staging/exe_onl/EL6318.gnt
moved module - /apps/prod/cid1p/staging/exe_onl/EL689.gnt
moved module - /apps/prod/cid1p/staging/exe_onl/EL691.gnt
moved module - /apps/prod/cid1p/staging/exe_onl/EL6952.gnt
moved module - /apps/prod/cid1p/staging/exe_onl/NSAASBL.gnt
moved module - /apps/prod/cid1p/staging/exe_onl/NSAASLTR.gnt
moved module - /apps/prod/cid1p/staging/exe_onl/NSRASLTR.gnt
