[2018092700002]
[/apps/test/cid1s/jcl/daily_jobs/;/apps/prod/cid1p/jcl/daily_jobs/]
[/apps/test/cid1s/jcl/monthly_jobs/;/apps/prod/cid1p/jcl/monthly_jobs/]
[/apps/test/cid1s/jcl/quarterly_jobs/;/apps/prod/cid1p/jcl/quarterly_jobs/]
[/apps/test/cid1s/jcl/yearly_jobs/;/apps/prod/cid1p/jcl/yearly_jobs/]
[/export/home/tana/bin/;/export/home/mtpadmin/bin/]
[/apps/test/cid1s/sys/webroot/;/apps/prod/cid1p/sys/webroot/]
[/apps/test/cid1s/sys/webroot/coversheets/;/apps/prod/cid1p/sys/webroot/coversheets/]
[/apps/test/cid1s/sys/webroot/coversheets/images/;/apps/prod/cid1p/sys/webroot/coversheets/images/]
[/apps/test/cid1s/sys/webroot/coversheets/javascript/;/apps/prod/cid1p/sys/webroot/coversheets/javascript/]
[/apps/test/cid1s/sys/webroot/coversheets/style/;/apps/prod/cid1p/sys/webroot/coversheets/style/]
[/apps/test/cid1s/maps/;/apps/prod/cid1p/maps/]
EL6311S=
EL6311S.bms=
EL6311S.map=
[/apps/test/cid1s/copy/;/apps/prod/cid1p/copy/]
ELC50PD=
ELC50WS=
ERCPNDB=
[/apps/test/cid1s/emails/;/apps/prod/cid1p/emails/]
[/apps/test/cid1s/parmlib/;/apps/prod/cid1p/parmlib/]
[/apps/test/cid1s/src/batch/;/apps/prod/cid1p/src/batch/]
EL517.cbl=
EL517.idy=
EL517.int=
EL517.lst=
[/apps/test/cid1s/src/online/;/apps/prod/cid1p/src/online/]
EL050.cbl=
EL050.cl2=
EL050.idy=
EL050.int=
EL050.lst=
EL6311.cbl=
EL6311.cl2=
EL6311.idy=
EL6311.int=
EL6311.lst=
[/apps/test/cid1s/exe/bat/;/apps/prod/cid1p/staging/exe_bat/]
EL517.gnt=
[/apps/test/cid1s/exe/onl/;/apps/prod/cid1p/staging/exe_onl/]
EL050.gnt=
EL6311.gnt=Archive Process Successfull using - perl /export/home/mtpadmin/bin/mtp_archive.pl CC-7343-TANA.ini
Move Process Successfull using - perl /export/home/mtpadmin/bin/mtp_move.pl CC-7343-TANA.ini
Promote process successfull and verified using - perl /export/home/mtpadmin/bin/mtp_verify.pl CC-7343-TANA.ini
Archived module - /apps/prod/cid1p/maps/archive/EL6311S.20200122
Archived module - /apps/prod/cid1p/maps/archive/EL6311S.bms.20200122
Archived module - /apps/prod/cid1p/maps/archive/EL6311S.map.20200122
Archived module - /apps/prod/cid1p/copy/archive/ELC50PD.20200122
Archived module - /apps/prod/cid1p/copy/archive/ELC50WS.20200122
Archived module - /apps/prod/cid1p/copy/archive/ERCPNDB.20200122
Archived module - /apps/prod/cid1p/src/batch/archive/EL517.cbl.20200122
Archived module - /apps/prod/cid1p/src/batch/archive/EL517.idy.20200122
Archived module - /apps/prod/cid1p/src/batch/archive/EL517.int.20200122
Archived module - /apps/prod/cid1p/src/batch/archive/EL517.lst.20200122
Archived module - /apps/prod/cid1p/src/online/archive/EL050.cbl.20200122
Archived module - /apps/prod/cid1p/src/online/archive/EL050.cl2.20200122
Archived module - /apps/prod/cid1p/src/online/archive/EL050.idy.20200122
Archived module - /apps/prod/cid1p/src/online/archive/EL050.int.20200122
Archived module - /apps/prod/cid1p/src/online/archive/EL050.lst.20200122
Archived module - /apps/prod/cid1p/src/online/archive/EL6311.cbl.20200122
Archived module - /apps/prod/cid1p/src/online/archive/EL6311.cl2.20200122
Archived module - /apps/prod/cid1p/src/online/archive/EL6311.idy.20200122
Archived module - /apps/prod/cid1p/src/online/archive/EL6311.int.20200122
Archived module - /apps/prod/cid1p/src/online/archive/EL6311.lst.20200122
Archived module - /apps/prod/cid1p/exe/bat/archive/EL517.gnt.20200122
Archived module - /apps/prod/cid1p/exe/onl/archive/EL050.gnt.20200122
Archived module - /apps/prod/cid1p/exe/onl/archive/EL6311.gnt.20200122
moved module - /apps/prod/cid1p/maps/EL6311S
moved module - /apps/prod/cid1p/maps/EL6311S.bms
moved module - /apps/prod/cid1p/maps/EL6311S.map
moved module - /apps/prod/cid1p/copy/ELC50PD
moved module - /apps/prod/cid1p/copy/ELC50WS
moved module - /apps/prod/cid1p/copy/ERCPNDB
moved module - /apps/prod/cid1p/src/batch/EL517.cbl
moved module - /apps/prod/cid1p/src/batch/EL517.idy
moved module - /apps/prod/cid1p/src/batch/EL517.int
moved module - /apps/prod/cid1p/src/batch/EL517.lst
moved module - /apps/prod/cid1p/src/online/EL050.cbl
moved module - /apps/prod/cid1p/src/online/EL050.cl2
moved module - /apps/prod/cid1p/src/online/EL050.idy
moved module - /apps/prod/cid1p/src/online/EL050.int
moved module - /apps/prod/cid1p/src/online/EL050.lst
moved module - /apps/prod/cid1p/src/online/EL6311.cbl
moved module - /apps/prod/cid1p/src/online/EL6311.cl2
moved module - /apps/prod/cid1p/src/online/EL6311.idy
moved module - /apps/prod/cid1p/src/online/EL6311.int
moved module - /apps/prod/cid1p/src/online/EL6311.lst
moved module - /apps/prod/cid1p/staging/exe_bat/EL517.gnt
moved module - /apps/prod/cid1p/staging/exe_onl/EL050.gnt
moved module - /apps/prod/cid1p/staging/exe_onl/EL6311.gnt
