[2019030400004]
[/apps/test/cid1s/jcl/daily_jobs/;/apps/prod/cid1p/jcl/daily_jobs/]
[/apps/test/cid1s/jcl/monthly_jobs/;/apps/prod/cid1p/jcl/monthly_jobs/]
[/apps/test/cid1s/jcl/quarterly_jobs/;/apps/prod/cid1p/jcl/quarterly_jobs/]
[/apps/test/cid1s/jcl/yearly_jobs/;/apps/prod/cid1p/jcl/yearly_jobs/]
[/export/home/ajra/bin/;/export/home/mtpadmin/bin/]
[/apps/test/cid1s/sys/webroot/;/apps/prod/cid1p/sys/webroot/]
[/apps/test/cid1s/sys/webroot/coversheets/;/apps/prod/cid1p/sys/webroot/coversheets/]
[/apps/test/cid1s/sys/webroot/coversheets/images/;/apps/prod/cid1p/sys/webroot/coversheets/images/]
[/apps/test/cid1s/sys/webroot/coversheets/javascript/;/apps/prod/cid1p/sys/webroot/coversheets/javascript/]
[/apps/test/cid1s/sys/webroot/coversheets/style/;/apps/prod/cid1p/sys/webroot/coversheets/style/]
[/apps/test/cid1s/maps/;/apps/prod/cid1p/maps/]
[/apps/test/cid1s/copy/;/apps/prod/cid1p/copy/]
[/apps/test/cid1s/emails/;/apps/prod/cid1p/emails/]
[/apps/test/cid1s/parmlib/;/apps/prod/cid1p/parmlib/]
[/apps/test/cid1s/src/batch/;/apps/prod/cid1p/src/batch/]
EL310.cbl=
EL310.idy=
EL310.int=
EL310.lst=
[/apps/test/cid1s/src/online/;/apps/prod/cid1p/src/online/]
EL142.cl2=
EL142.cbl=
EL142.int=
EL142.lst=
EL156.cl2=
EL156.cbl=
EL156.int=
EL156.lst=
[/apps/test/cid1s/exe/bat/;/apps/prod/cid1p/staging/exe_bat/]
EL310.gnt=
[/apps/test/cid1s/exe/onl/;/apps/prod/cid1p/staging/exe_onl/]
EL142.gnt=
EL156.gnt=Archive Process Successfull using - perl /export/home/mtpadmin/bin/mtp_archive.pl CC-7138-TANA.ini
Move Process Successfull using - perl /export/home/mtpadmin/bin/mtp_move.pl CC-7138-TANA.ini
Promote process successfull and verified using - perl /export/home/mtpadmin/bin/mtp_verify.pl CC-7138-TANA.ini
Archived module - /apps/prod/cid1p/src/batch/archive/EL310.cbl.20190409
Archived module - /apps/prod/cid1p/src/batch/archive/EL310.idy.20190409
Archived module - /apps/prod/cid1p/src/batch/archive/EL310.int.20190409
Archived module - /apps/prod/cid1p/src/batch/archive/EL310.lst.20190409
Archived module - /apps/prod/cid1p/src/online/archive/EL142.cl2.20190409
Archived module - /apps/prod/cid1p/src/online/archive/EL142.cbl.20190409
Archived module - /apps/prod/cid1p/src/online/archive/EL142.int.20190409
Archived module - /apps/prod/cid1p/src/online/archive/EL142.lst.20190409
Archived module - /apps/prod/cid1p/src/online/archive/EL156.cl2.20190409
Archived module - /apps/prod/cid1p/src/online/archive/EL156.cbl.20190409
Archived module - /apps/prod/cid1p/src/online/archive/EL156.int.20190409
Archived module - /apps/prod/cid1p/src/online/archive/EL156.lst.20190409
Archived module - /apps/prod/cid1p/exe/bat/archive/EL310.gnt.20190409
Archived module - /apps/prod/cid1p/exe/onl/archive/EL142.gnt.20190409
Archived module - /apps/prod/cid1p/exe/onl/archive/EL156.gnt.20190409
moved module - /apps/prod/cid1p/src/batch/EL310.cbl
moved module - /apps/prod/cid1p/src/batch/EL310.idy
moved module - /apps/prod/cid1p/src/batch/EL310.int
moved module - /apps/prod/cid1p/src/batch/EL310.lst
moved module - /apps/prod/cid1p/src/online/EL142.cl2
moved module - /apps/prod/cid1p/src/online/EL142.cbl
moved module - /apps/prod/cid1p/src/online/EL142.int
moved module - /apps/prod/cid1p/src/online/EL142.lst
moved module - /apps/prod/cid1p/src/online/EL156.cl2
moved module - /apps/prod/cid1p/src/online/EL156.cbl
moved module - /apps/prod/cid1p/src/online/EL156.int
moved module - /apps/prod/cid1p/src/online/EL156.lst
moved module - /apps/prod/cid1p/staging/exe_bat/EL310.gnt
moved module - /apps/prod/cid1p/staging/exe_onl/EL142.gnt
moved module - /apps/prod/cid1p/staging/exe_onl/EL156.gnt
