[2018092700002]
[/apps/test/cid1s/jcl/daily_jobs/;/apps/prod/cid1p/jcl/daily_jobs/]
ahlgdsql=
cidclgdsql=
cilgdsql=
vplgdsql=
[/apps/test/cid1s/jcl/monthly_jobs/;/apps/prod/cid1p/jcl/monthly_jobs/]
[/apps/test/cid1s/jcl/quarterly_jobs/;/apps/prod/cid1p/jcl/quarterly_jobs/]
[/apps/test/cid1s/jcl/yearly_jobs/;/apps/prod/cid1p/jcl/yearly_jobs/]
[/export/home/ajra/bin/;/export/home/mtpadmin/bin/]
[/apps/test/cid1s/sys/webroot/;/apps/prod/cid1p/sys/webroot/]
[/apps/test/cid1s/sys/webroot/coversheets/;/apps/prod/cid1p/sys/webroot/coversheets/]
[/apps/test/cid1s/sys/webroot/coversheets/images/;/apps/prod/cid1p/sys/webroot/coversheets/images/]
[/apps/test/cid1s/sys/webroot/coversheets/javascript/;/apps/prod/cid1p/sys/webroot/coversheets/javascript/]
[/apps/test/cid1s/sys/webroot/coversheets/style/;/apps/prod/cid1p/sys/webroot/coversheets/style/]
[/apps/test/cid1s/maps/;/apps/prod/cid1p/maps/]
[/apps/test/cid1s/copy/;/apps/prod/cid1p/copy/]
[/apps/test/cid1s/emails/;/apps/prod/cid1p/emails/]
[/apps/test/cid1s/parmlib/;/apps/prod/cid1p/parmlib/]
[/apps/test/cid1s/src/batch/;/apps/prod/cid1p/src/batch/]
CIDPBX1.cbl=
CIDPBX1.idy=
CIDPBX1.int=
CIDPBX1.lst=
[/apps/test/cid1s/src/online/;/apps/prod/cid1p/src/online/]
[/apps/test/cid1s/exe/bat/;/apps/prod/cid1p/staging/exe_bat/]
CIDPBX1.gnt=
[/apps/test/cid1s/exe/onl/;/apps/prod/cid1p/staging/exe_onl/]Archive Process Successfull using - perl /export/home/mtpadmin/bin/mtp_archive.pl CC-7344-TANA.ini
Move Process Successfull using - perl /export/home/mtpadmin/bin/mtp_move.pl CC-7344-TANA.ini
Promote process successfull and verified using - perl /export/home/mtpadmin/bin/mtp_verify.pl CC-7344-TANA.ini
Archived module - /apps/prod/cid1p/jcl/daily_jobs/archive/ahlgdsql.20200123
Archived module - /apps/prod/cid1p/jcl/daily_jobs/archive/cidclgdsql.20200123
Archived module - /apps/prod/cid1p/jcl/daily_jobs/archive/cilgdsql.20200123
Archived module - /apps/prod/cid1p/jcl/daily_jobs/archive/vplgdsql.20200123
Archived module - /apps/prod/cid1p/src/batch/archive/CIDPBX1.cbl.20200123
Archived module - /apps/prod/cid1p/src/batch/archive/CIDPBX1.idy.20200123
Archived module - /apps/prod/cid1p/src/batch/archive/CIDPBX1.int.20200123
Archived module - /apps/prod/cid1p/src/batch/archive/CIDPBX1.lst.20200123
Archived module - /apps/prod/cid1p/exe/bat/archive/CIDPBX1.gnt.20200123
moved module - /apps/prod/cid1p/jcl/daily_jobs/ahlgdsql
moved module - /apps/prod/cid1p/jcl/daily_jobs/cidclgdsql
moved module - /apps/prod/cid1p/jcl/daily_jobs/cilgdsql
moved module - /apps/prod/cid1p/jcl/daily_jobs/vplgdsql
moved module - /apps/prod/cid1p/src/batch/CIDPBX1.cbl
moved module - /apps/prod/cid1p/src/batch/CIDPBX1.idy
moved module - /apps/prod/cid1p/src/batch/CIDPBX1.int
moved module - /apps/prod/cid1p/src/batch/CIDPBX1.lst
moved module - /apps/prod/cid1p/staging/exe_bat/CIDPBX1.gnt
