[2021120100001]
[/apps/test/cid1s/jcl/daily_jobs/;/apps/prod/cid1p/jcl/daily_jobs/]
[/apps/test/cid1s/jcl/monthly_jobs/;/apps/prod/cid1p/jcl/monthly_jobs/]
[/apps/test/cid1s/jcl/quarterly_jobs/;/apps/prod/cid1p/jcl/quarterly_jobs/]
[/apps/test/cid1s/jcl/yearly_jobs/;/apps/prod/cid1p/jcl/yearly_jobs/]
[/export/home/pema/bin/;/export/home/mtpadmin/bin/]
[/data/test/seqfiles/;/data/seqfiles/]
[/apps/test/cid1s/sys/webroot/;/apps/prod/cid1p/sys/webroot/]
[/apps/test/cid1s/sys/webroot/napersoft/;/apps/prod/cid1p/sys/webroot/napersoft/]
[/apps/test/cid1s/sys/webroot/AdminServ/;/apps/prod/cid1p/sys/webroot/AdminServ/]
[/apps/test/cid1s/sys/webroot/balancesheet/images/;/apps/prod/cid1p/sys/webroot/balancesheet/images/]
[/apps/test/cid1s/sys/webroot/balancesheet/javascript/;/apps/prod/cid1p/sys/webroot/balancesheet/javascript/]
[/apps/test/cid1s/sys/webroot/balancesheet/style/;/apps/prod/cid1p/sys/webroot/balancesheet/style/]
[/apps/test/cid1s/maps/;/apps/prod/cid1p/maps/]
[/apps/test/cid1s/copy/;/apps/prod/cid1p/copy/]
[/apps/test/cid1s/emails/;/apps/prod/cid1p/emails/]
[/apps/test/cid1s/parmlib/;/apps/prod/cid1p/parmlib/]
[/apps/test/cid1s/src/batch/;/apps/prod/cid1p/src/batch/]
EL572.cbl=
EL572.lst=
EL574.cbl=
EL574.lst=
EL576.cbl=
EL576.lst=
EL578.cbl=
EL578.lst=
[/apps/test/cid1s/src/online/;/apps/prod/cid1p/src/online/]
[/apps/test/cid1s/exe/onl/;/apps/prod/cid1p/staging/exe_onl/]
[/apps/test/cid1s/exe/bat/;/apps/prod/cid1p/staging/exe_bat/]
EL572.gnt=
EL574.gnt=
EL576.gnt=
EL578.gnt=
Archive Process Successfull using - perl /export/home/mtpadmin/bin/mtp_archive.pl CC-7821-PEMA.ini
Move Process Successfull using - perl /export/home/mtpadmin/bin/mtp_move.pl CC-7821-PEMA.ini
Promote process successfull and verified using - perl /export/home/mtpadmin/bin/mtp_verify.pl CC-7821-PEMA.ini
Archived module - /apps/prod/cid1p/src/batch/archive/EL572.cbl.20211202
Archived module - /apps/prod/cid1p/src/batch/archive/EL572.lst.20211202
Archived module - /apps/prod/cid1p/src/batch/archive/EL574.cbl.20211202
Archived module - /apps/prod/cid1p/src/batch/archive/EL574.lst.20211202
Archived module - /apps/prod/cid1p/src/batch/archive/EL576.cbl.20211202
Archived module - /apps/prod/cid1p/src/batch/archive/EL576.lst.20211202
Archived module - /apps/prod/cid1p/src/batch/archive/EL578.cbl.20211202
Archived module - /apps/prod/cid1p/src/batch/archive/EL578.lst.20211202
Archived module - /apps/prod/cid1p/exe/bat/archive/EL572.gnt.20211202
Archived module - /apps/prod/cid1p/exe/bat/archive/EL574.gnt.20211202
Archived module - /apps/prod/cid1p/exe/bat/archive/EL576.gnt.20211202
Archived module - /apps/prod/cid1p/exe/bat/archive/EL578.gnt.20211202
moved module - /apps/prod/cid1p/src/batch/EL572.cbl
moved module - /apps/prod/cid1p/src/batch/EL572.lst
moved module - /apps/prod/cid1p/src/batch/EL574.cbl
moved module - /apps/prod/cid1p/src/batch/EL574.lst
moved module - /apps/prod/cid1p/src/batch/EL576.cbl
moved module - /apps/prod/cid1p/src/batch/EL576.lst
moved module - /apps/prod/cid1p/src/batch/EL578.cbl
moved module - /apps/prod/cid1p/src/batch/EL578.lst
moved module - /apps/prod/cid1p/staging/exe_bat/EL572.gnt
moved module - /apps/prod/cid1p/staging/exe_bat/EL574.gnt
moved module - /apps/prod/cid1p/staging/exe_bat/EL576.gnt
moved module - /apps/prod/cid1p/staging/exe_bat/EL578.gnt
