[2021032400001]
[/apps/test/cid1s/jcl/daily_jobs/;/apps/prod/cid1p/jcl/daily_jobs/]
[/apps/test/cid1s/jcl/monthly_jobs/;/apps/prod/cid1p/jcl/monthly_jobs/]
[/apps/test/cid1s/jcl/quarterly_jobs/;/apps/prod/cid1p/jcl/quarterly_jobs/]
[/apps/test/cid1s/jcl/yearly_jobs/;/apps/prod/cid1p/jcl/yearly_jobs/]
[/export/home/ajra/bin/;/export/home/mtpadmin/bin/]
[/apps/test/cid1s/sys/webroot/;/apps/prod/cid1p/sys/webroot/]
[/apps/test/cid1s/sys/webroot/coversheets/;/apps/prod/cid1p/sys/webroot/coversheets/]
[/apps/test/cid1s/sys/webroot/coversheets/images/;/apps/prod/cid1p/sys/webroot/coversheets/images/]
[/apps/test/cid1s/sys/webroot/coversheets/javascript/;/apps/prod/cid1p/sys/webroot/coversheets/javascript/]
[/apps/test/cid1s/sys/webroot/coversheets/style/;/apps/prod/cid1p/sys/webroot/coversheets/style/]
[/apps/test/cid1s/maps/;/apps/prod/cid1p/maps/]
[/apps/test/cid1s/copy/;/apps/prod/cid1p/copy/]
[/apps/test/cid1s/emails/;/apps/prod/cid1p/emails/]
[/apps/test/cid1s/parmlib/;/apps/prod/cid1p/parmlib/]
[/apps/test/cid1s/src/batch/;/apps/prod/cid1p/src/batch/]
EL317CI.cbl=
EL317CI.idy=
EL317CI.int=
EL317CI.lst=
[/apps/test/cid1s/src/online/;/apps/prod/cid1p/src/online/]
[/apps/test/cid1s/exe/bat/;/apps/prod/cid1p/staging/exe_bat/]
EL317CI.gnt=
[/apps/test/cid1s/exe/onl/;/apps/prod/cid1p/staging/exe_onl/]Archive Process Successfull using - perl /export/home/mtpadmin/bin/mtp_archive.pl CC-7634-TANA.ini
Move Process Successfull using - perl /export/home/mtpadmin/bin/mtp_move.pl CC-7634-TANA.ini
Promote process successfull and verified using - perl /export/home/mtpadmin/bin/mtp_verify.pl CC-7634-TANA.ini
Archived module - /apps/prod/cid1p/src/batch/archive/EL317CI.cbl.20210419
Archived module - /apps/prod/cid1p/src/batch/archive/EL317CI.idy.20210419
Archived module - /apps/prod/cid1p/src/batch/archive/EL317CI.int.20210419
Archived module - /apps/prod/cid1p/src/batch/archive/EL317CI.lst.20210419
Archived module - /apps/prod/cid1p/exe/bat/archive/EL317CI.gnt.20210419
moved module - /apps/prod/cid1p/src/batch/EL317CI.cbl
moved module - /apps/prod/cid1p/src/batch/EL317CI.idy
moved module - /apps/prod/cid1p/src/batch/EL317CI.int
moved module - /apps/prod/cid1p/src/batch/EL317CI.lst
moved module - /apps/prod/cid1p/staging/exe_bat/EL317CI.gnt
