[2018050200001]
[/apps/test/cid1s/jcl/daily_jobs/;/apps/prod/cid1p/jcl/daily_jobs/]
[/apps/test/cid1s/jcl/monthly_jobs/;/apps/prod/cid1p/jcl/monthly_jobs/]
[/apps/test/cid1s/jcl/quarterly_jobs/;/apps/prod/cid1p/jcl/quarterly_jobs/]
[/apps/test/cid1s/jcl/yearly_jobs/;/apps/prod/cid1p/jcl/yearly_jobs/]
[/export/home/pema/bin/;/export/home/mtpadmin/bin/]
[/data/test/seqfiles/;/data/seqfiles/]
[/apps/test/cid1s/sys/webroot/;/apps/prod/cid1p/sys/webroot/]
[/apps/test/cid1s/sys/webroot/balancesheet/;/apps/prod/cid1p/sys/webroot/balancesheet/]
[/apps/test/cid1s/sys/webroot/balancesheet/images/;/apps/prod/cid1p/sys/webroot/balancesheet/images/]
[/apps/test/cid1s/sys/webroot/balancesheet/javascript/;/apps/prod/cid1p/sys/webroot/balancesheet/javascript/]
[/apps/test/cid1s/sys/webroot/balancesheet/style/;/apps/prod/cid1p/sys/webroot/balancesheet/style/]
[/apps/test/cid1s/maps/;/apps/prod/cid1p/maps/]
[/apps/test/cid1s/copy/;/apps/prod/cid1p/copy/]
ELC50PD=
ELC50WS=
[/apps/test/cid1s/emails/;/apps/prod/cid1p/emails/]
[/apps/test/cid1s/parmlib/;/apps/prod/cid1p/parmlib/]
[/apps/test/cid1s/src/batch/;/apps/prod/cid1p/src/batch/]
EL517.cbl=
EL517.lst=
[/apps/test/cid1s/src/online/;/apps/prod/cid1p/src/online/]
EL050.cl2=
EL050.cbl=
EL050.lst=
ELCANC.cl2=
ELCANC.cbl=
ELCANC.lst=
EL1273.cl2=
EL1273.cbl=
EL1273.lst=
EL6315.cl2=
EL6315.cbl=
EL6315.lst=
[/apps/test/cid1s/exe/bat/;/apps/prod/cid1p/staging/exe_bat/]
EL517.gnt=
[/apps/test/cid1s/exe/onl/;/apps/prod/cid1p/staging/exe_onl/]
EL050.gnt=
EL6315.gnt=
EL1273.gnt=
ELCANC.gnt=
Archive Process Successfull using - perl /export/home/mtpadmin/bin/mtp_archive.pl CC-7008-PEMA.ini
Move Process Successfull using - perl /export/home/mtpadmin/bin/mtp_move.pl CC-7008-PEMA.ini
Promote process successfull and verified using - perl /export/home/mtpadmin/bin/mtp_verify.pl CC-7008-PEMA.ini
Archived module - /apps/prod/cid1p/copy/archive/ELC50PD.20181105
Archived module - /apps/prod/cid1p/copy/archive/ELC50WS.20181105
Archived module - /apps/prod/cid1p/src/batch/archive/EL517.cbl.20181105
Archived module - /apps/prod/cid1p/src/batch/archive/EL517.lst.20181105
Archived module - /apps/prod/cid1p/src/online/archive/EL050.cl2.20181105
Archived module - /apps/prod/cid1p/src/online/archive/EL050.cbl.20181105
Archived module - /apps/prod/cid1p/src/online/archive/EL050.lst.20181105
Archived module - /apps/prod/cid1p/src/online/archive/ELCANC.cl2.20181105
Archived module - /apps/prod/cid1p/src/online/archive/ELCANC.cbl.20181105
Archived module - /apps/prod/cid1p/src/online/archive/ELCANC.lst.20181105
Archived module - /apps/prod/cid1p/src/online/archive/EL1273.cl2.20181105
Archived module - /apps/prod/cid1p/src/online/archive/EL1273.cbl.20181105
Archived module - /apps/prod/cid1p/src/online/archive/EL1273.lst.20181105
Archived module - /apps/prod/cid1p/src/online/archive/EL6315.cl2.20181105
Archived module - /apps/prod/cid1p/src/online/archive/EL6315.cbl.20181105
Archived module - /apps/prod/cid1p/src/online/archive/EL6315.lst.20181105
Archived module - /apps/prod/cid1p/exe/bat/archive/EL517.gnt.20181105
Archived module - /apps/prod/cid1p/exe/onl/archive/EL050.gnt.20181105
Archived module - /apps/prod/cid1p/exe/onl/archive/EL6315.gnt.20181105
Archived module - /apps/prod/cid1p/exe/onl/archive/EL1273.gnt.20181105
Archived module - /apps/prod/cid1p/exe/onl/archive/ELCANC.gnt.20181105
moved module - /apps/prod/cid1p/copy/ELC50PD
moved module - /apps/prod/cid1p/copy/ELC50WS
moved module - /apps/prod/cid1p/src/batch/EL517.cbl
moved module - /apps/prod/cid1p/src/batch/EL517.lst
moved module - /apps/prod/cid1p/src/online/EL050.cl2
moved module - /apps/prod/cid1p/src/online/EL050.cbl
moved module - /apps/prod/cid1p/src/online/EL050.lst
moved module - /apps/prod/cid1p/src/online/ELCANC.cl2
moved module - /apps/prod/cid1p/src/online/ELCANC.cbl
moved module - /apps/prod/cid1p/src/online/ELCANC.lst
moved module - /apps/prod/cid1p/src/online/EL1273.cl2
moved module - /apps/prod/cid1p/src/online/EL1273.cbl
moved module - /apps/prod/cid1p/src/online/EL1273.lst
moved module - /apps/prod/cid1p/src/online/EL6315.cl2
moved module - /apps/prod/cid1p/src/online/EL6315.cbl
moved module - /apps/prod/cid1p/src/online/EL6315.lst
moved module - /apps/prod/cid1p/staging/exe_bat/EL517.gnt
moved module - /apps/prod/cid1p/staging/exe_onl/EL050.gnt
moved module - /apps/prod/cid1p/staging/exe_onl/EL6315.gnt
moved module - /apps/prod/cid1p/staging/exe_onl/EL1273.gnt
moved module - /apps/prod/cid1p/staging/exe_onl/ELCANC.gnt
