[2019092700001]
[/apps/test/cid1s/jcl/daily_jobs/;/apps/prod/cid1p/jcl/daily_jobs/]
ciddaily1=
dccdaily1=
[/apps/test/cid1s/jcl/monthly_jobs/;/apps/prod/cid1p/jcl/monthly_jobs/]
dccmth5=
vppmth5=
ahlmtha=
[/apps/test/cid1s/jcl/quarterly_jobs/;/apps/prod/cid1p/jcl/quarterly_jobs/]
[/apps/test/cid1s/jcl/yearly_jobs/;/apps/prod/cid1p/jcl/yearly_jobs/]
[/export/home/pema/bin/;/export/home/mtpadmin/bin/]
[/data/test/seqfiles/;/data/seqfiles/]
[/apps/test/cid1s/sys/webroot/;/apps/prod/cid1p/sys/webroot/]
[/apps/test/cid1s/sys/webroot/balancesheet/;/apps/prod/cid1p/sys/webroot/balancesheet/]
[/apps/test/cid1s/sys/webroot/balancesheet/images/;/apps/prod/cid1p/sys/webroot/balancesheet/images/]
[/apps/test/cid1s/sys/webroot/balancesheet/javascript/;/apps/prod/cid1p/sys/webroot/balancesheet/javascript/]
[/apps/test/cid1s/sys/webroot/balancesheet/style/;/apps/prod/cid1p/sys/webroot/balancesheet/style/]
[/apps/test/cid1s/maps/;/apps/prod/cid1p/maps/]
EL6311S.bms=
EL6311S.map=
EL6311S=
VP6311S.bms=
VP6311S.map=
VP6311S=
[/apps/test/cid1s/copy/;/apps/prod/cid1p/copy/]
[/apps/test/cid1s/emails/;/apps/prod/cid1p/emails/]
[/apps/test/cid1s/parmlib/;/apps/prod/cid1p/parmlib/]
[/apps/test/cid1s/src/batch/;/apps/prod/cid1p/src/batch/]
[/apps/test/cid1s/src/online/;/apps/prod/cid1p/src/online/]
EL6311.cl2=
EL6311.cbl=
EL6311.lst=
VP6311.cl2=
VP6311.cbl=
VP6311.lst=
[/apps/test/cid1s/exe/bat/;/apps/prod/cid1p/staging/exe_bat/]
[/apps/test/cid1s/exe/onl/;/apps/prod/cid1p/staging/exe_onl/]
EL6311.gnt=
VP6311.gnt=
Archive Process Successfull using - perl /export/home/mtpadmin/bin/mtp_archive.pl CC-7393-PEMA.ini
Move Process Successfull using - perl /export/home/mtpadmin/bin/mtp_move.pl CC-7393-PEMA.ini
Promote process successfull and verified using - perl /export/home/mtpadmin/bin/mtp_verify.pl CC-7393-PEMA.ini
Archived module - /apps/prod/cid1p/jcl/daily_jobs/archive/ciddaily1.20200402
Archived module - /apps/prod/cid1p/jcl/daily_jobs/archive/dccdaily1.20200402
Archived module - /apps/prod/cid1p/jcl/monthly_jobs/archive/dccmth5.20200402
Archived module - /apps/prod/cid1p/jcl/monthly_jobs/archive/vppmth5.20200402
Archived module - /apps/prod/cid1p/jcl/monthly_jobs/archive/ahlmtha.20200402
Archived module - /apps/prod/cid1p/maps/archive/EL6311S.bms.20200402
Archived module - /apps/prod/cid1p/maps/archive/EL6311S.map.20200402
Archived module - /apps/prod/cid1p/maps/archive/EL6311S.20200402
Archived module - /apps/prod/cid1p/maps/archive/VP6311S.bms.20200402
Archived module - /apps/prod/cid1p/maps/archive/VP6311S.map.20200402
Archived module - /apps/prod/cid1p/maps/archive/VP6311S.20200402
Archived module - /apps/prod/cid1p/src/online/archive/EL6311.cl2.20200402
Archived module - /apps/prod/cid1p/src/online/archive/EL6311.cbl.20200402
Archived module - /apps/prod/cid1p/src/online/archive/EL6311.lst.20200402
Archived module - /apps/prod/cid1p/src/online/archive/VP6311.cl2.20200402
Archived module - /apps/prod/cid1p/src/online/archive/VP6311.cbl.20200402
Archived module - /apps/prod/cid1p/src/online/archive/VP6311.lst.20200402
Archived module - /apps/prod/cid1p/exe/onl/archive/EL6311.gnt.20200402
Archived module - /apps/prod/cid1p/exe/onl/archive/VP6311.gnt.20200402
moved module - /apps/prod/cid1p/jcl/daily_jobs/ciddaily1
moved module - /apps/prod/cid1p/jcl/daily_jobs/dccdaily1
moved module - /apps/prod/cid1p/jcl/monthly_jobs/dccmth5
moved module - /apps/prod/cid1p/jcl/monthly_jobs/vppmth5
moved module - /apps/prod/cid1p/jcl/monthly_jobs/ahlmtha
moved module - /apps/prod/cid1p/maps/EL6311S.bms
moved module - /apps/prod/cid1p/maps/EL6311S.map
moved module - /apps/prod/cid1p/maps/EL6311S
moved module - /apps/prod/cid1p/maps/VP6311S.bms
moved module - /apps/prod/cid1p/maps/VP6311S.map
moved module - /apps/prod/cid1p/maps/VP6311S
moved module - /apps/prod/cid1p/src/online/EL6311.cl2
moved module - /apps/prod/cid1p/src/online/EL6311.cbl
moved module - /apps/prod/cid1p/src/online/EL6311.lst
moved module - /apps/prod/cid1p/src/online/VP6311.cl2
moved module - /apps/prod/cid1p/src/online/VP6311.cbl
moved module - /apps/prod/cid1p/src/online/VP6311.lst
moved module - /apps/prod/cid1p/staging/exe_onl/EL6311.gnt
moved module - /apps/prod/cid1p/staging/exe_onl/VP6311.gnt
