[2021021600001]
[/apps/test/cid1s/jcl/daily_jobs/;/apps/prod/cid1p/jcl/daily_jobs/]
[/apps/test/cid1s/jcl/monthly_jobs/;/apps/prod/cid1p/jcl/monthly_jobs/]
[/apps/test/cid1s/jcl/quarterly_jobs/;/apps/prod/cid1p/jcl/quarterly_jobs/]
[/apps/test/cid1s/jcl/yearly_jobs/;/apps/prod/cid1p/jcl/yearly_jobs/]
[/export/home/pema/bin/;/export/home/mtpadmin/bin/]
[/data/test/seqfiles/;/data/seqfiles/]
[/apps/test/cid1s/sys/webroot/;/apps/prod/cid1p/sys/webroot/]
[/apps/test/cid1s/sys/webroot/napersoft/;/apps/prod/cid1p/sys/webroot/napersoft/]
[/apps/test/cid1s/sys/webroot/AdminServ/;/apps/prod/cid1p/sys/webroot/AdminServ/]
[/apps/test/cid1s/sys/webroot/balancesheet/images/;/apps/prod/cid1p/sys/webroot/balancesheet/images/]
[/apps/test/cid1s/sys/webroot/balancesheet/javascript/;/apps/prod/cid1p/sys/webroot/balancesheet/javascript/]
[/apps/test/cid1s/sys/webroot/balancesheet/style/;/apps/prod/cid1p/sys/webroot/balancesheet/style/]
[/apps/test/cid1s/maps/;/apps/prod/cid1p/maps/]
[/apps/test/cid1s/copy/;/apps/prod/cid1p/copy/]
ELC50PD=
[/apps/test/cid1s/emails/;/apps/prod/cid1p/emails/]
[/apps/test/cid1s/parmlib/;/apps/prod/cid1p/parmlib/]
[/apps/test/cid1s/src/batch/;/apps/prod/cid1p/src/batch/]
[/apps/test/cid1s/src/online/;/apps/prod/cid1p/src/online/]
EL050.cbl=
EL050.lst=
EL105.cl2=
EL105.cbl=
EL105.lst=
EL130.cl2=
EL130.cbl=
EL130.lst=
EL131.cl2=
EL131.cbl=
EL131.lst=
EL142.cl2=
EL142.cbl=
EL142.lst=
EL143.cl2=
EL143.cbl=
EL143.lst=
EL1504.cl2=
EL1504.cbl=
EL1504.lst=
EL150.cl2=
EL150.cbl=
EL150.lst=
EL151.cl2=
EL151.cbl=
EL151.lst=
EL153.cl2=
EL153.cbl=
EL153.lst=
EL156.cl2=
EL156.cbl=
EL156.lst=
EL180.cl2=
EL180.cbl=
EL180.lst=
EL201.cl2=
EL201.cbl=
EL201.lst=
EL203.cl2=
EL203.cbl=
EL203.lst=
EL205.cl2=
EL205.cbl=
EL205.lst=
EL601.cl2=
EL601.cbl=
EL601.lst=
EL626.cl2=
EL626.cbl=
EL626.lst=
EL6301.cl2=
EL6301.cbl=
EL6301.lst=
EL6311.cl2=
EL6311.cbl=
EL6311.lst=
EL6331.cl2=
EL6331.cbl=
EL6331.lst=
EL633.cl2=
EL633.cbl=
EL633.lst=
EL6401.cl2=
EL6401.cbl=
EL6401.lst=
EL6501.cl2=
EL6501.cbl=
EL6501.lst=
EL6521.cl2=
EL6521.cbl=
EL6521.lst=
EL652.cl2=
EL652.cbl=
EL652.lst=
EL680.cl2=
EL680.cbl=
EL680.lst=
EL685.cl2=
EL685.cbl=
EL685.lst=
SOCK00.cl2=
SOCK00.cbl=
SOCK00.lst=
SOCK03.cl2=
SOCK03.cbl=
SOCK03.lst=
SOCK04BL.cl2=
SOCK04BL.cbl=
SOCK04BL.lst=
SOCK09.cl2=
SOCK09.cbl=
SOCK09.lst=
SOCK10.cl2=
SOCK10.cbl=
SOCK10.lst=
SOCK14.cl2=
SOCK14.cbl=
SOCK14.lst=
SOCK15.cl2=
SOCK15.cbl=
SOCK15.lst=
[/apps/test/cid1s/exe/onl/;/apps/prod/cid1p/staging/exe_onl/]
EL050.gnt=
EL105.gnt=
EL130.gnt=
EL131.gnt=
EL142.gnt=
EL143.gnt=
EL1504.gnt=
EL150.gnt=
EL151.gnt=
EL153.gnt=
EL156.gnt=
EL180.gnt=
EL201.gnt=
EL203.gnt=
EL205.gnt=
EL601.gnt=
EL626.gnt=
EL6301.gnt=
EL6311.gnt=
EL6331.gnt=
EL633.gnt=
EL6401.gnt=
EL6501.gnt=
EL6521.gnt=
EL652.gnt=
EL680.gnt=
EL685.gnt=
SOCK00.gnt=
SOCK03.gnt=
SOCK04BL.gnt=
SOCK09.gnt=
SOCK10.gnt=
SOCK14.gnt=
SOCK15.gnt=
[/apps/test/cid1s/exe/bat/;/apps/prod/cid1p/staging/exe_bat/]
Archive Process Successfull using - perl /export/home/mtpadmin/bin/mtp_archive.pl CC-7671-PEMA.ini
Move Process Successfull using - perl /export/home/mtpadmin/bin/mtp_move.pl CC-7671-PEMA.ini
Promote process successfull and verified using - perl /export/home/mtpadmin/bin/mtp_verify.pl CC-7671-PEMA.ini
Archived module - /apps/prod/cid1p/copy/archive/ELC50PD.20210625
Archived module - /apps/prod/cid1p/src/online/archive/EL050.cbl.20210625
Archived module - /apps/prod/cid1p/src/online/archive/EL050.lst.20210625
Archived module - /apps/prod/cid1p/src/online/archive/EL105.cl2.20210625
Archived module - /apps/prod/cid1p/src/online/archive/EL105.cbl.20210625
Archived module - /apps/prod/cid1p/src/online/archive/EL105.lst.20210625
Archived module - /apps/prod/cid1p/src/online/archive/EL130.cl2.20210625
Archived module - /apps/prod/cid1p/src/online/archive/EL130.cbl.20210625
Archived module - /apps/prod/cid1p/src/online/archive/EL130.lst.20210625
Archived module - /apps/prod/cid1p/src/online/archive/EL131.cl2.20210625
Archived module - /apps/prod/cid1p/src/online/archive/EL131.cbl.20210625
Archived module - /apps/prod/cid1p/src/online/archive/EL131.lst.20210625
Archived module - /apps/prod/cid1p/src/online/archive/EL142.cl2.20210625
Archived module - /apps/prod/cid1p/src/online/archive/EL142.cbl.20210625
Archived module - /apps/prod/cid1p/src/online/archive/EL142.lst.20210625
Archived module - /apps/prod/cid1p/src/online/archive/EL143.cl2.20210625
Archived module - /apps/prod/cid1p/src/online/archive/EL143.cbl.20210625
Archived module - /apps/prod/cid1p/src/online/archive/EL143.lst.20210625
Archived module - /apps/prod/cid1p/src/online/archive/EL1504.cl2.20210625
Archived module - /apps/prod/cid1p/src/online/archive/EL1504.cbl.20210625
Archived module - /apps/prod/cid1p/src/online/archive/EL1504.lst.20210625
Archived module - /apps/prod/cid1p/src/online/archive/EL150.cl2.20210625
Archived module - /apps/prod/cid1p/src/online/archive/EL150.cbl.20210625
Archived module - /apps/prod/cid1p/src/online/archive/EL150.lst.20210625
Archived module - /apps/prod/cid1p/src/online/archive/EL151.cl2.20210625
Archived module - /apps/prod/cid1p/src/online/archive/EL151.cbl.20210625
Archived module - /apps/prod/cid1p/src/online/archive/EL151.lst.20210625
Archived module - /apps/prod/cid1p/src/online/archive/EL153.cl2.20210625
Archived module - /apps/prod/cid1p/src/online/archive/EL153.cbl.20210625
Archived module - /apps/prod/cid1p/src/online/archive/EL153.lst.20210625
Archived module - /apps/prod/cid1p/src/online/archive/EL156.cl2.20210625
Archived module - /apps/prod/cid1p/src/online/archive/EL156.cbl.20210625
Archived module - /apps/prod/cid1p/src/online/archive/EL156.lst.20210625
Archived module - /apps/prod/cid1p/src/online/archive/EL180.cl2.20210625
Archived module - /apps/prod/cid1p/src/online/archive/EL180.cbl.20210625
Archived module - /apps/prod/cid1p/src/online/archive/EL180.lst.20210625
Archived module - /apps/prod/cid1p/src/online/archive/EL201.cl2.20210625
Archived module - /apps/prod/cid1p/src/online/archive/EL201.cbl.20210625
Archived module - /apps/prod/cid1p/src/online/archive/EL201.lst.20210625
Archived module - /apps/prod/cid1p/src/online/archive/EL203.cl2.20210625
Archived module - /apps/prod/cid1p/src/online/archive/EL203.cbl.20210625
Archived module - /apps/prod/cid1p/src/online/archive/EL203.lst.20210625
Archived module - /apps/prod/cid1p/src/online/archive/EL205.cl2.20210625
Archived module - /apps/prod/cid1p/src/online/archive/EL205.cbl.20210625
Archived module - /apps/prod/cid1p/src/online/archive/EL205.lst.20210625
Archived module - /apps/prod/cid1p/src/online/archive/EL601.cl2.20210625
Archived module - /apps/prod/cid1p/src/online/archive/EL601.cbl.20210625
Archived module - /apps/prod/cid1p/src/online/archive/EL601.lst.20210625
Archived module - /apps/prod/cid1p/src/online/archive/EL626.cl2.20210625
Archived module - /apps/prod/cid1p/src/online/archive/EL626.cbl.20210625
Archived module - /apps/prod/cid1p/src/online/archive/EL626.lst.20210625
Archived module - /apps/prod/cid1p/src/online/archive/EL6301.cl2.20210625
Archived module - /apps/prod/cid1p/src/online/archive/EL6301.cbl.20210625
Archived module - /apps/prod/cid1p/src/online/archive/EL6301.lst.20210625
Archived module - /apps/prod/cid1p/src/online/archive/EL6311.cl2.20210625
Archived module - /apps/prod/cid1p/src/online/archive/EL6311.cbl.20210625
Archived module - /apps/prod/cid1p/src/online/archive/EL6311.lst.20210625
Archived module - /apps/prod/cid1p/src/online/archive/EL6331.cl2.20210625
Archived module - /apps/prod/cid1p/src/online/archive/EL6331.cbl.20210625
Archived module - /apps/prod/cid1p/src/online/archive/EL6331.lst.20210625
Archived module - /apps/prod/cid1p/src/online/archive/EL633.cl2.20210625
Archived module - /apps/prod/cid1p/src/online/archive/EL633.cbl.20210625
Archived module - /apps/prod/cid1p/src/online/archive/EL633.lst.20210625
Archived module - /apps/prod/cid1p/src/online/archive/EL6401.cl2.20210625
Archived module - /apps/prod/cid1p/src/online/archive/EL6401.cbl.20210625
Archived module - /apps/prod/cid1p/src/online/archive/EL6401.lst.20210625
Archived module - /apps/prod/cid1p/src/online/archive/EL6501.cl2.20210625
Archived module - /apps/prod/cid1p/src/online/archive/EL6501.cbl.20210625
Archived module - /apps/prod/cid1p/src/online/archive/EL6501.lst.20210625
Archived module - /apps/prod/cid1p/src/online/archive/EL6521.cl2.20210625
Archived module - /apps/prod/cid1p/src/online/archive/EL6521.cbl.20210625
Archived module - /apps/prod/cid1p/src/online/archive/EL6521.lst.20210625
Archived module - /apps/prod/cid1p/src/online/archive/EL652.cl2.20210625
Archived module - /apps/prod/cid1p/src/online/archive/EL652.cbl.20210625
Archived module - /apps/prod/cid1p/src/online/archive/EL652.lst.20210625
Archived module - /apps/prod/cid1p/src/online/archive/EL680.cl2.20210625
Archived module - /apps/prod/cid1p/src/online/archive/EL680.cbl.20210625
Archived module - /apps/prod/cid1p/src/online/archive/EL680.lst.20210625
Archived module - /apps/prod/cid1p/src/online/archive/EL685.cl2.20210625
Archived module - /apps/prod/cid1p/src/online/archive/EL685.cbl.20210625
Archived module - /apps/prod/cid1p/src/online/archive/EL685.lst.20210625
Archived module - /apps/prod/cid1p/src/online/archive/SOCK00.cl2.20210625
Archived module - /apps/prod/cid1p/src/online/archive/SOCK00.cbl.20210625
Archived module - /apps/prod/cid1p/src/online/archive/SOCK00.lst.20210625
Archived module - /apps/prod/cid1p/src/online/archive/SOCK03.cl2.20210625
Archived module - /apps/prod/cid1p/src/online/archive/SOCK03.cbl.20210625
Archived module - /apps/prod/cid1p/src/online/archive/SOCK03.lst.20210625
Archived module - /apps/prod/cid1p/src/online/archive/SOCK04BL.cl2.20210625
Archived module - /apps/prod/cid1p/src/online/archive/SOCK04BL.cbl.20210625
Archived module - /apps/prod/cid1p/src/online/archive/SOCK04BL.lst.20210625
Archived module - /apps/prod/cid1p/src/online/archive/SOCK09.cl2.20210625
Archived module - /apps/prod/cid1p/src/online/archive/SOCK09.cbl.20210625
Archived module - /apps/prod/cid1p/src/online/archive/SOCK09.lst.20210625
Archived module - /apps/prod/cid1p/src/online/archive/SOCK10.cl2.20210625
Archived module - /apps/prod/cid1p/src/online/archive/SOCK10.cbl.20210625
Archived module - /apps/prod/cid1p/src/online/archive/SOCK10.lst.20210625
Archived module - /apps/prod/cid1p/src/online/archive/SOCK14.cl2.20210625
Archived module - /apps/prod/cid1p/src/online/archive/SOCK14.cbl.20210625
Archived module - /apps/prod/cid1p/src/online/archive/SOCK14.lst.20210625
Archived module - /apps/prod/cid1p/src/online/archive/SOCK15.cl2.20210625
Archived module - /apps/prod/cid1p/src/online/archive/SOCK15.cbl.20210625
Archived module - /apps/prod/cid1p/src/online/archive/SOCK15.lst.20210625
Archived module - /apps/prod/cid1p/exe/onl/archive/EL050.gnt.20210625
Archived module - /apps/prod/cid1p/exe/onl/archive/EL105.gnt.20210625
Archived module - /apps/prod/cid1p/exe/onl/archive/EL130.gnt.20210625
Archived module - /apps/prod/cid1p/exe/onl/archive/EL131.gnt.20210625
Archived module - /apps/prod/cid1p/exe/onl/archive/EL142.gnt.20210625
Archived module - /apps/prod/cid1p/exe/onl/archive/EL143.gnt.20210625
Archived module - /apps/prod/cid1p/exe/onl/archive/EL1504.gnt.20210625
Archived module - /apps/prod/cid1p/exe/onl/archive/EL150.gnt.20210625
Archived module - /apps/prod/cid1p/exe/onl/archive/EL151.gnt.20210625
Archived module - /apps/prod/cid1p/exe/onl/archive/EL153.gnt.20210625
Archived module - /apps/prod/cid1p/exe/onl/archive/EL156.gnt.20210625
Archived module - /apps/prod/cid1p/exe/onl/archive/EL180.gnt.20210625
Archived module - /apps/prod/cid1p/exe/onl/archive/EL201.gnt.20210625
Archived module - /apps/prod/cid1p/exe/onl/archive/EL203.gnt.20210625
Archived module - /apps/prod/cid1p/exe/onl/archive/EL205.gnt.20210625
Archived module - /apps/prod/cid1p/exe/onl/archive/EL601.gnt.20210625
Archived module - /apps/prod/cid1p/exe/onl/archive/EL626.gnt.20210625
Archived module - /apps/prod/cid1p/exe/onl/archive/EL6301.gnt.20210625
Archived module - /apps/prod/cid1p/exe/onl/archive/EL6311.gnt.20210625
Archived module - /apps/prod/cid1p/exe/onl/archive/EL6331.gnt.20210625
Archived module - /apps/prod/cid1p/exe/onl/archive/EL633.gnt.20210625
Archived module - /apps/prod/cid1p/exe/onl/archive/EL6401.gnt.20210625
Archived module - /apps/prod/cid1p/exe/onl/archive/EL6501.gnt.20210625
Archived module - /apps/prod/cid1p/exe/onl/archive/EL6521.gnt.20210625
Archived module - /apps/prod/cid1p/exe/onl/archive/EL652.gnt.20210625
Archived module - /apps/prod/cid1p/exe/onl/archive/EL680.gnt.20210625
Archived module - /apps/prod/cid1p/exe/onl/archive/EL685.gnt.20210625
Archived module - /apps/prod/cid1p/exe/onl/archive/SOCK00.gnt.20210625
Archived module - /apps/prod/cid1p/exe/onl/archive/SOCK03.gnt.20210625
Archived module - /apps/prod/cid1p/exe/onl/archive/SOCK04BL.gnt.20210625
Archived module - /apps/prod/cid1p/exe/onl/archive/SOCK09.gnt.20210625
Archived module - /apps/prod/cid1p/exe/onl/archive/SOCK10.gnt.20210625
Archived module - /apps/prod/cid1p/exe/onl/archive/SOCK14.gnt.20210625
Archived module - /apps/prod/cid1p/exe/onl/archive/SOCK15.gnt.20210625
moved module - /apps/prod/cid1p/copy/ELC50PD
moved module - /apps/prod/cid1p/src/online/EL050.cbl
moved module - /apps/prod/cid1p/src/online/EL050.lst
moved module - /apps/prod/cid1p/src/online/EL105.cl2
moved module - /apps/prod/cid1p/src/online/EL105.cbl
moved module - /apps/prod/cid1p/src/online/EL105.lst
moved module - /apps/prod/cid1p/src/online/EL130.cl2
moved module - /apps/prod/cid1p/src/online/EL130.cbl
moved module - /apps/prod/cid1p/src/online/EL130.lst
moved module - /apps/prod/cid1p/src/online/EL131.cl2
moved module - /apps/prod/cid1p/src/online/EL131.cbl
moved module - /apps/prod/cid1p/src/online/EL131.lst
moved module - /apps/prod/cid1p/src/online/EL142.cl2
moved module - /apps/prod/cid1p/src/online/EL142.cbl
moved module - /apps/prod/cid1p/src/online/EL142.lst
moved module - /apps/prod/cid1p/src/online/EL143.cl2
moved module - /apps/prod/cid1p/src/online/EL143.cbl
moved module - /apps/prod/cid1p/src/online/EL143.lst
moved module - /apps/prod/cid1p/src/online/EL1504.cl2
moved module - /apps/prod/cid1p/src/online/EL1504.cbl
moved module - /apps/prod/cid1p/src/online/EL1504.lst
moved module - /apps/prod/cid1p/src/online/EL150.cl2
moved module - /apps/prod/cid1p/src/online/EL150.cbl
moved module - /apps/prod/cid1p/src/online/EL150.lst
moved module - /apps/prod/cid1p/src/online/EL151.cl2
moved module - /apps/prod/cid1p/src/online/EL151.cbl
moved module - /apps/prod/cid1p/src/online/EL151.lst
moved module - /apps/prod/cid1p/src/online/EL153.cl2
moved module - /apps/prod/cid1p/src/online/EL153.cbl
moved module - /apps/prod/cid1p/src/online/EL153.lst
moved module - /apps/prod/cid1p/src/online/EL156.cl2
moved module - /apps/prod/cid1p/src/online/EL156.cbl
moved module - /apps/prod/cid1p/src/online/EL156.lst
moved module - /apps/prod/cid1p/src/online/EL180.cl2
moved module - /apps/prod/cid1p/src/online/EL180.cbl
moved module - /apps/prod/cid1p/src/online/EL180.lst
moved module - /apps/prod/cid1p/src/online/EL201.cl2
moved module - /apps/prod/cid1p/src/online/EL201.cbl
moved module - /apps/prod/cid1p/src/online/EL201.lst
moved module - /apps/prod/cid1p/src/online/EL203.cl2
moved module - /apps/prod/cid1p/src/online/EL203.cbl
moved module - /apps/prod/cid1p/src/online/EL203.lst
moved module - /apps/prod/cid1p/src/online/EL205.cl2
moved module - /apps/prod/cid1p/src/online/EL205.cbl
moved module - /apps/prod/cid1p/src/online/EL205.lst
moved module - /apps/prod/cid1p/src/online/EL601.cl2
moved module - /apps/prod/cid1p/src/online/EL601.cbl
moved module - /apps/prod/cid1p/src/online/EL601.lst
moved module - /apps/prod/cid1p/src/online/EL626.cl2
moved module - /apps/prod/cid1p/src/online/EL626.cbl
moved module - /apps/prod/cid1p/src/online/EL626.lst
moved module - /apps/prod/cid1p/src/online/EL6301.cl2
moved module - /apps/prod/cid1p/src/online/EL6301.cbl
moved module - /apps/prod/cid1p/src/online/EL6301.lst
moved module - /apps/prod/cid1p/src/online/EL6311.cl2
moved module - /apps/prod/cid1p/src/online/EL6311.cbl
moved module - /apps/prod/cid1p/src/online/EL6311.lst
moved module - /apps/prod/cid1p/src/online/EL6331.cl2
moved module - /apps/prod/cid1p/src/online/EL6331.cbl
moved module - /apps/prod/cid1p/src/online/EL6331.lst
moved module - /apps/prod/cid1p/src/online/EL633.cl2
moved module - /apps/prod/cid1p/src/online/EL633.cbl
moved module - /apps/prod/cid1p/src/online/EL633.lst
moved module - /apps/prod/cid1p/src/online/EL6401.cl2
moved module - /apps/prod/cid1p/src/online/EL6401.cbl
moved module - /apps/prod/cid1p/src/online/EL6401.lst
moved module - /apps/prod/cid1p/src/online/EL6501.cl2
moved module - /apps/prod/cid1p/src/online/EL6501.cbl
moved module - /apps/prod/cid1p/src/online/EL6501.lst
moved module - /apps/prod/cid1p/src/online/EL6521.cl2
moved module - /apps/prod/cid1p/src/online/EL6521.cbl
moved module - /apps/prod/cid1p/src/online/EL6521.lst
moved module - /apps/prod/cid1p/src/online/EL652.cl2
moved module - /apps/prod/cid1p/src/online/EL652.cbl
moved module - /apps/prod/cid1p/src/online/EL652.lst
moved module - /apps/prod/cid1p/src/online/EL680.cl2
moved module - /apps/prod/cid1p/src/online/EL680.cbl
moved module - /apps/prod/cid1p/src/online/EL680.lst
moved module - /apps/prod/cid1p/src/online/EL685.cl2
moved module - /apps/prod/cid1p/src/online/EL685.cbl
moved module - /apps/prod/cid1p/src/online/EL685.lst
moved module - /apps/prod/cid1p/src/online/SOCK00.cl2
moved module - /apps/prod/cid1p/src/online/SOCK00.cbl
moved module - /apps/prod/cid1p/src/online/SOCK00.lst
moved module - /apps/prod/cid1p/src/online/SOCK03.cl2
moved module - /apps/prod/cid1p/src/online/SOCK03.cbl
moved module - /apps/prod/cid1p/src/online/SOCK03.lst
moved module - /apps/prod/cid1p/src/online/SOCK04BL.cl2
moved module - /apps/prod/cid1p/src/online/SOCK04BL.cbl
moved module - /apps/prod/cid1p/src/online/SOCK04BL.lst
moved module - /apps/prod/cid1p/src/online/SOCK09.cl2
moved module - /apps/prod/cid1p/src/online/SOCK09.cbl
moved module - /apps/prod/cid1p/src/online/SOCK09.lst
moved module - /apps/prod/cid1p/src/online/SOCK10.cl2
moved module - /apps/prod/cid1p/src/online/SOCK10.cbl
moved module - /apps/prod/cid1p/src/online/SOCK10.lst
moved module - /apps/prod/cid1p/src/online/SOCK14.cl2
moved module - /apps/prod/cid1p/src/online/SOCK14.cbl
moved module - /apps/prod/cid1p/src/online/SOCK14.lst
moved module - /apps/prod/cid1p/src/online/SOCK15.cl2
moved module - /apps/prod/cid1p/src/online/SOCK15.cbl
moved module - /apps/prod/cid1p/src/online/SOCK15.lst
moved module - /apps/prod/cid1p/staging/exe_onl/EL050.gnt
moved module - /apps/prod/cid1p/staging/exe_onl/EL105.gnt
moved module - /apps/prod/cid1p/staging/exe_onl/EL130.gnt
moved module - /apps/prod/cid1p/staging/exe_onl/EL131.gnt
moved module - /apps/prod/cid1p/staging/exe_onl/EL142.gnt
moved module - /apps/prod/cid1p/staging/exe_onl/EL143.gnt
moved module - /apps/prod/cid1p/staging/exe_onl/EL1504.gnt
moved module - /apps/prod/cid1p/staging/exe_onl/EL150.gnt
moved module - /apps/prod/cid1p/staging/exe_onl/EL151.gnt
moved module - /apps/prod/cid1p/staging/exe_onl/EL153.gnt
moved module - /apps/prod/cid1p/staging/exe_onl/EL156.gnt
moved module - /apps/prod/cid1p/staging/exe_onl/EL180.gnt
moved module - /apps/prod/cid1p/staging/exe_onl/EL201.gnt
moved module - /apps/prod/cid1p/staging/exe_onl/EL203.gnt
moved module - /apps/prod/cid1p/staging/exe_onl/EL205.gnt
moved module - /apps/prod/cid1p/staging/exe_onl/EL601.gnt
moved module - /apps/prod/cid1p/staging/exe_onl/EL626.gnt
moved module - /apps/prod/cid1p/staging/exe_onl/EL6301.gnt
moved module - /apps/prod/cid1p/staging/exe_onl/EL6311.gnt
moved module - /apps/prod/cid1p/staging/exe_onl/EL6331.gnt
moved module - /apps/prod/cid1p/staging/exe_onl/EL633.gnt
moved module - /apps/prod/cid1p/staging/exe_onl/EL6401.gnt
moved module - /apps/prod/cid1p/staging/exe_onl/EL6501.gnt
moved module - /apps/prod/cid1p/staging/exe_onl/EL6521.gnt
moved module - /apps/prod/cid1p/staging/exe_onl/EL652.gnt
moved module - /apps/prod/cid1p/staging/exe_onl/EL680.gnt
moved module - /apps/prod/cid1p/staging/exe_onl/EL685.gnt
moved module - /apps/prod/cid1p/staging/exe_onl/SOCK00.gnt
moved module - /apps/prod/cid1p/staging/exe_onl/SOCK03.gnt
moved module - /apps/prod/cid1p/staging/exe_onl/SOCK04BL.gnt
moved module - /apps/prod/cid1p/staging/exe_onl/SOCK09.gnt
moved module - /apps/prod/cid1p/staging/exe_onl/SOCK10.gnt
moved module - /apps/prod/cid1p/staging/exe_onl/SOCK14.gnt
moved module - /apps/prod/cid1p/staging/exe_onl/SOCK15.gnt
