[2020092100001]
[/apps/test/cid1s/jcl/daily_jobs/;/apps/prod/cid1p/jcl/daily_jobs/]
[/apps/test/cid1s/jcl/monthly_jobs/;/apps/prod/cid1p/jcl/monthly_jobs/]
[/apps/test/cid1s/jcl/quarterly_jobs/;/apps/prod/cid1p/jcl/quarterly_jobs/]
[/apps/test/cid1s/jcl/yearly_jobs/;/apps/prod/cid1p/jcl/yearly_jobs/]
[/export/home/pema/bin/;/export/home/mtpadmin/bin/]
[/data/test/seqfiles/;/data/seqfiles/]
[/apps/test/cid1s/sys/webroot/;/apps/prod/cid1p/sys/webroot/]
[/apps/test/cid1s/sys/webroot/balancesheet/;/apps/prod/cid1p/sys/webroot/balancesheet/]
[/apps/test/cid1s/sys/webroot/balancesheet/images/;/apps/prod/cid1p/sys/webroot/balancesheet/images/]
[/apps/test/cid1s/sys/webroot/balancesheet/javascript/;/apps/prod/cid1p/sys/webroot/balancesheet/javascript/]
[/apps/test/cid1s/sys/webroot/balancesheet/style/;/apps/prod/cid1p/sys/webroot/balancesheet/style/]
[/apps/test/cid1s/maps/;/apps/prod/cid1p/maps/]
[/apps/test/cid1s/copy/;/apps/prod/cid1p/copy/]
ELCRESP1=
[/apps/test/cid1s/emails/;/apps/prod/cid1p/emails/]
[/apps/test/cid1s/parmlib/;/apps/prod/cid1p/parmlib/]
[/apps/test/cid1s/src/batch/;/apps/prod/cid1p/src/batch/]
ELRESVX.lst=
[/apps/test/cid1s/src/online/;/apps/prod/cid1p/src/online/]
EL015.cbl=
EL015.lst=
ELRESV.cbl=
ELRESV.lst=
[/apps/test/cid1s/exe/onl/;/apps/prod/cid1p/staging/exe_onl/]
EL015.gnt=
ELRESV.gnt=
[/apps/test/cid1s/exe/bat/;/apps/prod/cid1p/staging/exe_bat/]
ELRESVX.gnt=
Archive Process Successfull using - perl /export/home/mtpadmin/bin/mtp_archive.pl CC-7529-PEMA.ini
Move Process Successfull using - perl /export/home/mtpadmin/bin/mtp_move.pl CC-7529-PEMA.ini
Promote process successfull and verified using - perl /export/home/mtpadmin/bin/mtp_verify.pl CC-7529-PEMA.ini
Archived module - /apps/prod/cid1p/copy/archive/ELCRESP1.20201217
Archived module - /apps/prod/cid1p/src/batch/archive/ELRESVX.lst.20201217
Archived module - /apps/prod/cid1p/src/online/archive/EL015.cbl.20201217
Archived module - /apps/prod/cid1p/src/online/archive/EL015.lst.20201217
Archived module - /apps/prod/cid1p/src/online/archive/ELRESV.cbl.20201217
Archived module - /apps/prod/cid1p/src/online/archive/ELRESV.lst.20201217
Archived module - /apps/prod/cid1p/exe/onl/archive/EL015.gnt.20201217
Archived module - /apps/prod/cid1p/exe/onl/archive/ELRESV.gnt.20201217
Archived module - /apps/prod/cid1p/exe/bat/archive/ELRESVX.gnt.20201217
moved module - /apps/prod/cid1p/copy/ELCRESP1
moved module - /apps/prod/cid1p/src/batch/ELRESVX.lst
moved module - /apps/prod/cid1p/src/online/EL015.cbl
moved module - /apps/prod/cid1p/src/online/EL015.lst
moved module - /apps/prod/cid1p/src/online/ELRESV.cbl
moved module - /apps/prod/cid1p/src/online/ELRESV.lst
moved module - /apps/prod/cid1p/staging/exe_onl/EL015.gnt
moved module - /apps/prod/cid1p/staging/exe_onl/ELRESV.gnt
moved module - /apps/prod/cid1p/staging/exe_bat/ELRESVX.gnt
