[2019012500003]
[/apps/test/cid1s/jcl/daily_jobs/;/apps/prod/cid1p/jcl/daily_jobs/]
[/apps/test/cid1s/jcl/monthly_jobs/;/apps/prod/cid1p/jcl/monthly_jobs/]
[/apps/test/cid1s/jcl/quarterly_jobs/;/apps/prod/cid1p/jcl/quarterly_jobs/]
[/apps/test/cid1s/jcl/yearly_jobs/;/apps/prod/cid1p/jcl/yearly_jobs/]
[/export/home/pema/;/export/home/mtpadmin/]
[/export/home/pema/bin/;/export/home/mtpadmin/bin/]
[/data/test/seqfiles/;/data/seqfiles/]
[/apps/test/cid1s/sys/webroot/;/apps/prod/cid1p/sys/webroot/]
[/apps/test/cid1s/sys/webroot/napersoft/;/apps/prod/cid1p/sys/webroot/napersoft/]
[/apps/test/cid1s/sys/webroot/AdminServ/;/apps/prod/cid1p/sys/webroot/AdminServ/]
[/apps/test/cid1s/sys/webroot/balancesheet/images/;/apps/prod/cid1p/sys/webroot/balancesheet/images/]
[/apps/test/cid1s/sys/webroot/balancesheet/javascript/;/apps/prod/cid1p/sys/webroot/balancesheet/javascript/]
[/apps/test/cid1s/sys/webroot/balancesheet/style/;/apps/prod/cid1p/sys/webroot/balancesheet/style/]
[/apps/test/cid1s/maps/;/apps/prod/cid1p/maps/]
[/apps/test/cid1s/copy/;/apps/prod/cid1p/copy/]
[/apps/test/cid1s/emails/;/apps/prod/cid1p/emails/]
[/apps/test/cid1s/parmlib/;/apps/prod/cid1p/parmlib/]
[/apps/test/cid1s/src/batch/;/apps/prod/cid1p/src/batch/]
SQLBERCHEK.cbl=
SQLBERCHEK.lst=
[/apps/test/cid1s/src/online/;/apps/prod/cid1p/src/online/]
EL142.cl2=
EL142.cbl=
EL142.lst=
EL677.cl2=
EL677.cbl=
EL677.lst=
[/apps/test/cid1s/exe/onl/;/apps/prod/cid1p/staging/exe_onl/]
EL142.gnt=
EL677.gnt=
[/apps/test/cid1s/exe/bat/;/apps/prod/cid1p/staging/exe_bat/]
SQLBERCHEK.gnt=
Archive Process Successfull using - perl /export/home/mtpadmin/bin/mtp_archive.pl CC-7879-PEMA.ini
Move Process Successfull using - perl /export/home/mtpadmin/bin/mtp_move.pl CC-7879-PEMA.ini
Promote process successfull and verified using - perl /export/home/mtpadmin/bin/mtp_verify.pl CC-7879-PEMA.ini
Archived module - /apps/prod/cid1p/src/batch/archive/SQLBERCHEK.cbl.20220126
Archived module - /apps/prod/cid1p/src/batch/archive/SQLBERCHEK.lst.20220126
Archived module - /apps/prod/cid1p/src/online/archive/EL142.cl2.20220126
Archived module - /apps/prod/cid1p/src/online/archive/EL142.cbl.20220126
Archived module - /apps/prod/cid1p/src/online/archive/EL142.lst.20220126
Archived module - /apps/prod/cid1p/src/online/archive/EL677.cl2.20220126
Archived module - /apps/prod/cid1p/src/online/archive/EL677.cbl.20220126
Archived module - /apps/prod/cid1p/src/online/archive/EL677.lst.20220126
Archived module - /apps/prod/cid1p/exe/onl/archive/EL142.gnt.20220126
Archived module - /apps/prod/cid1p/exe/onl/archive/EL677.gnt.20220126
Archived module - /apps/prod/cid1p/exe/bat/archive/SQLBERCHEK.gnt.20220126
moved module - /apps/prod/cid1p/src/batch/SQLBERCHEK.cbl
moved module - /apps/prod/cid1p/src/batch/SQLBERCHEK.lst
moved module - /apps/prod/cid1p/src/online/EL142.cl2
moved module - /apps/prod/cid1p/src/online/EL142.cbl
moved module - /apps/prod/cid1p/src/online/EL142.lst
moved module - /apps/prod/cid1p/src/online/EL677.cl2
moved module - /apps/prod/cid1p/src/online/EL677.cbl
moved module - /apps/prod/cid1p/src/online/EL677.lst
moved module - /apps/prod/cid1p/staging/exe_onl/EL142.gnt
moved module - /apps/prod/cid1p/staging/exe_onl/EL677.gnt
moved module - /apps/prod/cid1p/staging/exe_bat/SQLBERCHEK.gnt
