[2020010600001]
[/apps/test/cid1s/jcl/daily_jobs/;/apps/prod/cid1p/jcl/daily_jobs/]
[/apps/test/cid1s/jcl/monthly_jobs/;/apps/prod/cid1p/jcl/monthly_jobs/]
[/apps/test/cid1s/jcl/quarterly_jobs/;/apps/prod/cid1p/jcl/quarterly_jobs/]
[/apps/test/cid1s/jcl/yearly_jobs/;/apps/prod/cid1p/jcl/yearly_jobs/]
[/export/home/pema/bin/;/export/home/mtpadmin/bin/]
[/data/test/seqfiles/;/data/seqfiles/]
[/apps/test/cid1s/sys/webroot/;/apps/prod/cid1p/sys/webroot/]
[/apps/test/cid1s/sys/webroot/balancesheet/;/apps/prod/cid1p/sys/webroot/balancesheet/]
[/apps/test/cid1s/sys/webroot/balancesheet/images/;/apps/prod/cid1p/sys/webroot/balancesheet/images/]
[/apps/test/cid1s/sys/webroot/balancesheet/javascript/;/apps/prod/cid1p/sys/webroot/balancesheet/javascript/]
[/apps/test/cid1s/sys/webroot/balancesheet/style/;/apps/prod/cid1p/sys/webroot/balancesheet/style/]
[/apps/test/cid1s/maps/;/apps/prod/cid1p/maps/]
[/apps/test/cid1s/copy/;/apps/prod/cid1p/copy/]
ERCNETP=
[/apps/test/cid1s/emails/;/apps/prod/cid1p/emails/]
[/apps/test/cid1s/parmlib/;/apps/prod/cid1p/parmlib/]
[/apps/test/cid1s/src/batch/;/apps/prod/cid1p/src/batch/]
ELRATEX.lst=
ELRFNDX.lst=
ELUPRMX.lst=
[/apps/test/cid1s/src/online/;/apps/prod/cid1p/src/online/]
ELRATE.cbl=
ELRATE.lst=
ELRFND.cbl=
ELRFND.lst=
[/apps/test/cid1s/exe/bat/;/apps/prod/cid1p/staging/exe_bat/]
ELRATEX.gnt=
ELRFNDX.gnt=
ELUPRMX.gnt=
[/apps/test/cid1s/exe/onl/;/apps/prod/cid1p/staging/exe_onl/]
ELRATE.gnt=
ELRFND.gnt=
Archive Process Successfull using - perl /export/home/mtpadmin/bin/mtp_archive.pl CC-7365-PEMA.ini
Move Process Successfull using - perl /export/home/mtpadmin/bin/mtp_move.pl CC-7365-PEMA.ini
Promote process successfull and verified using - perl /export/home/mtpadmin/bin/mtp_verify.pl CC-7365-PEMA.ini
Archived module - /apps/prod/cid1p/copy/archive/ERCNETP.20200217
Archived module - /apps/prod/cid1p/src/batch/archive/ELRATEX.lst.20200217
Archived module - /apps/prod/cid1p/src/batch/archive/ELRFNDX.lst.20200217
Archived module - /apps/prod/cid1p/src/batch/archive/ELUPRMX.lst.20200217
Archived module - /apps/prod/cid1p/src/online/archive/ELRATE.cbl.20200217
Archived module - /apps/prod/cid1p/src/online/archive/ELRATE.lst.20200217
Archived module - /apps/prod/cid1p/src/online/archive/ELRFND.cbl.20200217
Archived module - /apps/prod/cid1p/src/online/archive/ELRFND.lst.20200217
Archived module - /apps/prod/cid1p/exe/bat/archive/ELRATEX.gnt.20200217
Archived module - /apps/prod/cid1p/exe/bat/archive/ELRFNDX.gnt.20200217
Archived module - /apps/prod/cid1p/exe/bat/archive/ELUPRMX.gnt.20200217
Archived module - /apps/prod/cid1p/exe/onl/archive/ELRATE.gnt.20200217
Archived module - /apps/prod/cid1p/exe/onl/archive/ELRFND.gnt.20200217
moved module - /apps/prod/cid1p/copy/ERCNETP
moved module - /apps/prod/cid1p/src/batch/ELRATEX.lst
moved module - /apps/prod/cid1p/src/batch/ELRFNDX.lst
moved module - /apps/prod/cid1p/src/batch/ELUPRMX.lst
moved module - /apps/prod/cid1p/src/online/ELRATE.cbl
moved module - /apps/prod/cid1p/src/online/ELRATE.lst
moved module - /apps/prod/cid1p/src/online/ELRFND.cbl
moved module - /apps/prod/cid1p/src/online/ELRFND.lst
moved module - /apps/prod/cid1p/staging/exe_bat/ELRATEX.gnt
moved module - /apps/prod/cid1p/staging/exe_bat/ELRFNDX.gnt
moved module - /apps/prod/cid1p/staging/exe_bat/ELUPRMX.gnt
moved module - /apps/prod/cid1p/staging/exe_onl/ELRATE.gnt
moved module - /apps/prod/cid1p/staging/exe_onl/ELRFND.gnt
