[2019041900001]
[/apps/test/cid1s/jcl/daily_jobs/;/apps/prod/cid1p/jcl/daily_jobs/]
[/apps/test/cid1s/jcl/monthly_jobs/;/apps/prod/cid1p/jcl/monthly_jobs/]
[/apps/test/cid1s/jcl/quarterly_jobs/;/apps/prod/cid1p/jcl/quarterly_jobs/]
[/apps/test/cid1s/jcl/yearly_jobs/;/apps/prod/cid1p/jcl/yearly_jobs/]
[/export/home/ajra/bin/;/export/home/mtpadmin/bin/]
[/apps/test/cid1s/sys/webroot/;/apps/prod/cid1p/sys/webroot/]
[/apps/test/cid1s/sys/webroot/coversheets/;/apps/prod/cid1p/sys/webroot/coversheets/]
[/apps/test/cid1s/sys/webroot/coversheets/images/;/apps/prod/cid1p/sys/webroot/coversheets/images/]
[/apps/test/cid1s/sys/webroot/coversheets/javascript/;/apps/prod/cid1p/sys/webroot/coversheets/javascript/]
[/apps/test/cid1s/sys/webroot/coversheets/style/;/apps/prod/cid1p/sys/webroot/coversheets/style/]
[/apps/test/cid1s/maps/;/apps/prod/cid1p/maps/]
[/apps/test/cid1s/copy/;/apps/prod/cid1p/copy/]
[/apps/test/cid1s/emails/;/apps/prod/cid1p/emails/]
[/apps/test/cid1s/parmlib/;/apps/prod/cid1p/parmlib/]
[/apps/test/cid1s/src/batch/;/apps/prod/cid1p/src/batch/]
[/apps/test/cid1s/src/online/;/apps/prod/cid1p/src/online/]
EL156.cl2=
EL156.cbl=
EL156.int=
EL156.lst=
[/apps/test/cid1s/exe/bat/;/apps/prod/cid1p/staging/exe_bat/]
[/apps/test/cid1s/exe/onl/;/apps/prod/cid1p/staging/exe_onl/]
EL156.gnt=Archive Process Successfull using - perl /export/home/mtpadmin/bin/mtp_archive.pl CC-7159-TANA.ini
Move Process Successfull using - perl /export/home/mtpadmin/bin/mtp_move.pl CC-7159-TANA.ini
Promote process successfull and verified using - perl /export/home/mtpadmin/bin/mtp_verify.pl CC-7159-TANA.ini
Archived module - /apps/prod/cid1p/src/online/archive/EL156.cl2.20190430
Archived module - /apps/prod/cid1p/src/online/archive/EL156.cbl.20190430
Archived module - /apps/prod/cid1p/src/online/archive/EL156.int.20190430
Archived module - /apps/prod/cid1p/src/online/archive/EL156.lst.20190430
Archived module - /apps/prod/cid1p/exe/onl/archive/EL156.gnt.20190430
moved module - /apps/prod/cid1p/src/online/EL156.cl2
moved module - /apps/prod/cid1p/src/online/EL156.cbl
moved module - /apps/prod/cid1p/src/online/EL156.int
moved module - /apps/prod/cid1p/src/online/EL156.lst
moved module - /apps/prod/cid1p/staging/exe_onl/EL156.gnt
