[2021012500001]
[/apps/test/cid1s/jcl/daily_jobs/;/apps/prod/cid1p/jcl/daily_jobs/]
ahlgdsql=
cidclgdsql=
cilgdsql=
fllgdsql=
vplgdsql=
[/apps/test/cid1s/jcl/monthly_jobs/;/apps/prod/cid1p/jcl/monthly_jobs/]
ahlg548s=
cidclg548s=
cilg548s=
fllg548s=
vplg548s=
[/apps/test/cid1s/jcl/quarterly_jobs/;/apps/prod/cid1p/jcl/quarterly_jobs/]
[/apps/test/cid1s/jcl/yearly_jobs/;/apps/prod/cid1p/jcl/yearly_jobs/]
[/export/home/ajra/bin/;/export/home/mtpadmin/bin/]
[/apps/test/cid1s/sys/webroot/;/apps/prod/cid1p/sys/webroot/]
[/apps/test/cid1s/sys/webroot/coversheets/;/apps/prod/cid1p/sys/webroot/coversheets/]
[/apps/test/cid1s/sys/webroot/coversheets/images/;/apps/prod/cid1p/sys/webroot/coversheets/images/]
[/apps/test/cid1s/sys/webroot/coversheets/javascript/;/apps/prod/cid1p/sys/webroot/coversheets/javascript/]
[/apps/test/cid1s/sys/webroot/coversheets/style/;/apps/prod/cid1p/sys/webroot/coversheets/style/]
[/apps/test/cid1s/maps/;/apps/prod/cid1p/maps/]
[/apps/test/cid1s/copy/;/apps/prod/cid1p/copy/]
[/apps/test/cid1s/emails/;/apps/prod/cid1p/emails/]
[/apps/test/cid1s/parmlib/;/apps/prod/cid1p/parmlib/]
[/apps/test/cid1s/src/batch/;/apps/prod/cid1p/src/batch/]
EL548A.cbl=
EL548A.idy=
EL548A.int=
EL548A.lst=
[/apps/test/cid1s/src/online/;/apps/prod/cid1p/src/online/]
[/apps/test/cid1s/exe/bat/;/apps/prod/cid1p/staging/exe_bat/]
EL548A.gnt=
[/apps/test/cid1s/exe/onl/;/apps/prod/cid1p/staging/exe_onl/]Archive Process Successfull using - perl /export/home/mtpadmin/bin/mtp_archive.pl CC-7786-TANA.ini
Move Process Successfull using - perl /export/home/mtpadmin/bin/mtp_move.pl CC-7786-TANA.ini
Promote process successfull and verified using - perl /export/home/mtpadmin/bin/mtp_verify.pl CC-7786-TANA.ini
Archived module - /apps/prod/cid1p/jcl/daily_jobs/archive/ahlgdsql.20211103
Archived module - /apps/prod/cid1p/jcl/daily_jobs/archive/cidclgdsql.20211103
Archived module - /apps/prod/cid1p/jcl/daily_jobs/archive/cilgdsql.20211103
Archived module - /apps/prod/cid1p/jcl/daily_jobs/archive/fllgdsql.20211103
Archived module - /apps/prod/cid1p/jcl/daily_jobs/archive/vplgdsql.20211103
Archived module - /apps/prod/cid1p/jcl/monthly_jobs/archive/ahlg548s.20211103
Archived module - /apps/prod/cid1p/jcl/monthly_jobs/archive/cidclg548s.20211103
Archived module - /apps/prod/cid1p/jcl/monthly_jobs/archive/cilg548s.20211103
Archived module - /apps/prod/cid1p/jcl/monthly_jobs/archive/fllg548s.20211103
Archived module - /apps/prod/cid1p/jcl/monthly_jobs/archive/vplg548s.20211103
Archived module - /apps/prod/cid1p/src/batch/archive/EL548A.cbl.20211103
Archived module - /apps/prod/cid1p/src/batch/archive/EL548A.idy.20211103
Archived module - /apps/prod/cid1p/src/batch/archive/EL548A.int.20211103
Archived module - /apps/prod/cid1p/src/batch/archive/EL548A.lst.20211103
Archived module - /apps/prod/cid1p/exe/bat/archive/EL548A.gnt.20211103
moved module - /apps/prod/cid1p/jcl/daily_jobs/ahlgdsql
moved module - /apps/prod/cid1p/jcl/daily_jobs/cidclgdsql
moved module - /apps/prod/cid1p/jcl/daily_jobs/cilgdsql
moved module - /apps/prod/cid1p/jcl/daily_jobs/fllgdsql
moved module - /apps/prod/cid1p/jcl/daily_jobs/vplgdsql
moved module - /apps/prod/cid1p/jcl/monthly_jobs/ahlg548s
moved module - /apps/prod/cid1p/jcl/monthly_jobs/cidclg548s
moved module - /apps/prod/cid1p/jcl/monthly_jobs/cilg548s
moved module - /apps/prod/cid1p/jcl/monthly_jobs/fllg548s
moved module - /apps/prod/cid1p/jcl/monthly_jobs/vplg548s
moved module - /apps/prod/cid1p/src/batch/EL548A.cbl
moved module - /apps/prod/cid1p/src/batch/EL548A.idy
moved module - /apps/prod/cid1p/src/batch/EL548A.int
moved module - /apps/prod/cid1p/src/batch/EL548A.lst
moved module - /apps/prod/cid1p/staging/exe_bat/EL548A.gnt
