[2019072400001]
[/apps/test/cid1s/jcl/daily_jobs/;/apps/prod/cid1p/jcl/daily_jobs/]
[/apps/test/cid1s/jcl/monthly_jobs/;/apps/prod/cid1p/jcl/monthly_jobs/]
[/apps/test/cid1s/jcl/quarterly_jobs/;/apps/prod/cid1p/jcl/quarterly_jobs/]
[/apps/test/cid1s/jcl/yearly_jobs/;/apps/prod/cid1p/jcl/yearly_jobs/]
[/export/home/pema/bin/;/export/home/mtpadmin/bin/]
[/data/test/seqfiles/;/data/seqfiles/]
[/apps/test/cid1s/sys/webroot/;/apps/prod/cid1p/sys/webroot/]
[/apps/test/cid1s/sys/webroot/balancesheet/;/apps/prod/cid1p/sys/webroot/balancesheet/]
[/apps/test/cid1s/sys/webroot/balancesheet/images/;/apps/prod/cid1p/sys/webroot/balancesheet/images/]
[/apps/test/cid1s/sys/webroot/balancesheet/javascript/;/apps/prod/cid1p/sys/webroot/balancesheet/javascript/]
[/apps/test/cid1s/sys/webroot/balancesheet/style/;/apps/prod/cid1p/sys/webroot/balancesheet/style/]
[/apps/test/cid1s/maps/;/apps/prod/cid1p/maps/]
[/apps/test/cid1s/copy/;/apps/prod/cid1p/copy/]
ELCRATPD=
[/apps/test/cid1s/emails/;/apps/prod/cid1p/emails/]
[/apps/test/cid1s/parmlib/;/apps/prod/cid1p/parmlib/]
[/apps/test/cid1s/src/batch/;/apps/prod/cid1p/src/batch/]
ELRATEX.lst=
[/apps/test/cid1s/src/online/;/apps/prod/cid1p/src/online/]
ELRATE.cbl=
ELRATE.lst=
[/apps/test/cid1s/exe/bat/;/apps/prod/cid1p/staging/exe_bat/]
ELRATEX.gnt=
[/apps/test/cid1s/exe/onl/;/apps/prod/cid1p/staging/exe_onl/]
ELRATE.gnt=
Archive Process Successfull using - perl /export/home/mtpadmin/bin/mtp_archive.pl CC-7241-PEMA.ini
Move Process Successfull using - perl /export/home/mtpadmin/bin/mtp_move.pl CC-7241-PEMA.ini
Promote process successfull and verified using - perl /export/home/mtpadmin/bin/mtp_verify.pl CC-7241-PEMA.ini
Archived module - /apps/prod/cid1p/copy/archive/ELCRATPD.20190816
Archived module - /apps/prod/cid1p/src/batch/archive/ELRATEX.lst.20190816
Archived module - /apps/prod/cid1p/src/online/archive/ELRATE.cbl.20190816
Archived module - /apps/prod/cid1p/src/online/archive/ELRATE.lst.20190816
Archived module - /apps/prod/cid1p/exe/bat/archive/ELRATEX.gnt.20190816
Archived module - /apps/prod/cid1p/exe/onl/archive/ELRATE.gnt.20190816
moved module - /apps/prod/cid1p/copy/ELCRATPD
moved module - /apps/prod/cid1p/src/batch/ELRATEX.lst
moved module - /apps/prod/cid1p/src/online/ELRATE.cbl
moved module - /apps/prod/cid1p/src/online/ELRATE.lst
moved module - /apps/prod/cid1p/staging/exe_bat/ELRATEX.gnt
moved module - /apps/prod/cid1p/staging/exe_onl/ELRATE.gnt
