[2019012500003]
[/apps/test/cid1s/jcl/daily_jobs/;/apps/prod/cid1p/jcl/daily_jobs/]
[/apps/test/cid1s/jcl/monthly_jobs/;/apps/prod/cid1p/jcl/monthly_jobs/]
[/apps/test/cid1s/jcl/quarterly_jobs/;/apps/prod/cid1p/jcl/quarterly_jobs/]
[/apps/test/cid1s/jcl/yearly_jobs/;/apps/prod/cid1p/jcl/yearly_jobs/]
[/export/home/pema/bin/;/export/home/mtpadmin/bin/]
[/data/test/seqfiles/;/data/seqfiles/]
[/apps/test/cid1s/sys/webroot/;/apps/prod/cid1p/sys/webroot/]
[/apps/test/cid1s/sys/webroot/balancesheet/;/apps/prod/cid1p/sys/webroot/balancesheet/]
[/apps/test/cid1s/sys/webroot/balancesheet/images/;/apps/prod/cid1p/sys/webroot/balancesheet/images/]
[/apps/test/cid1s/sys/webroot/balancesheet/javascript/;/apps/prod/cid1p/sys/webroot/balancesheet/javascript/]
[/apps/test/cid1s/sys/webroot/balancesheet/style/;/apps/prod/cid1p/sys/webroot/balancesheet/style/]
[/apps/test/cid1s/maps/;/apps/prod/cid1p/maps/]
[/apps/test/cid1s/copy/;/apps/prod/cid1p/copy/]
[/apps/test/cid1s/emails/;/apps/prod/cid1p/emails/]
[/apps/test/cid1s/parmlib/;/apps/prod/cid1p/parmlib/]
[/apps/test/cid1s/src/batch/;/apps/prod/cid1p/src/batch/]
[/apps/test/cid1s/src/online/;/apps/prod/cid1p/src/online/]
EL201.cl2=
EL201.cbl=
EL201.lst=
EL677.cl2=
EL677.cbl=
EL677.lst=
[/apps/test/cid1s/exe/onl/;/apps/prod/cid1p/staging/exe_onl/]
EL201.gnt=
EL677.gnt=
[/apps/test/cid1s/exe/bat/;/apps/prod/cid1p/staging/exe_bat/]
Archive Process Successfull using - perl /export/home/mtpadmin/bin/mtp_archive.pl CC-7589-PEMA.ini
Move Process Successfull using - perl /export/home/mtpadmin/bin/mtp_move.pl CC-7589-PEMA.ini
Promote process successfull and verified using - perl /export/home/mtpadmin/bin/mtp_verify.pl CC-7589-PEMA.ini
Archived module - /apps/prod/cid1p/src/online/archive/EL201.cl2.20210309
Archived module - /apps/prod/cid1p/src/online/archive/EL201.cbl.20210309
Archived module - /apps/prod/cid1p/src/online/archive/EL201.lst.20210309
Archived module - /apps/prod/cid1p/src/online/archive/EL677.cl2.20210309
Archived module - /apps/prod/cid1p/src/online/archive/EL677.cbl.20210309
Archived module - /apps/prod/cid1p/src/online/archive/EL677.lst.20210309
Archived module - /apps/prod/cid1p/exe/onl/archive/EL201.gnt.20210309
Archived module - /apps/prod/cid1p/exe/onl/archive/EL677.gnt.20210309
moved module - /apps/prod/cid1p/src/online/EL201.cl2
moved module - /apps/prod/cid1p/src/online/EL201.cbl
moved module - /apps/prod/cid1p/src/online/EL201.lst
moved module - /apps/prod/cid1p/src/online/EL677.cl2
moved module - /apps/prod/cid1p/src/online/EL677.cbl
moved module - /apps/prod/cid1p/src/online/EL677.lst
moved module - /apps/prod/cid1p/staging/exe_onl/EL201.gnt
moved module - /apps/prod/cid1p/staging/exe_onl/EL677.gnt
