[2020121600001]
[/apps/test/cid1s/jcl/daily_jobs/;/apps/prod/cid1p/jcl/daily_jobs/]
[/apps/test/cid1s/jcl/monthly_jobs/;/apps/prod/cid1p/jcl/monthly_jobs/]
[/apps/test/cid1s/jcl/quarterly_jobs/;/apps/prod/cid1p/jcl/quarterly_jobs/]
[/apps/test/cid1s/jcl/yearly_jobs/;/apps/prod/cid1p/jcl/yearly_jobs/]
[/export/home/pema/bin/;/export/home/mtpadmin/bin/]
[/data/test/seqfiles/;/data/seqfiles/]
[/apps/test/cid1s/sys/webroot/;/apps/prod/cid1p/sys/webroot/]
[/apps/test/cid1s/sys/webroot/balancesheet/;/apps/prod/cid1p/sys/webroot/balancesheet/]
[/apps/test/cid1s/sys/webroot/balancesheet/images/;/apps/prod/cid1p/sys/webroot/balancesheet/images/]
[/apps/test/cid1s/sys/webroot/balancesheet/javascript/;/apps/prod/cid1p/sys/webroot/balancesheet/javascript/]
[/apps/test/cid1s/sys/webroot/balancesheet/style/;/apps/prod/cid1p/sys/webroot/balancesheet/style/]
[/apps/test/cid1s/maps/;/apps/prod/cid1p/maps/]
[/apps/test/cid1s/copy/;/apps/prod/cid1p/copy/]
[/apps/test/cid1s/emails/;/apps/prod/cid1p/emails/]
[/apps/test/cid1s/parmlib/;/apps/prod/cid1p/parmlib/]
[/apps/test/cid1s/src/batch/;/apps/prod/cid1p/src/batch/]
WSZIPCDB.cbl=
WSZIPCDB.lst=
[/apps/test/cid1s/src/online/;/apps/prod/cid1p/src/online/]
WSZIPCD.cl2=
WSZIPCD.cbl=
WSZIPCD.lst=
[/apps/test/cid1s/exe/onl/;/apps/prod/cid1p/staging/exe_onl/]
WSZIPCD.gnt=
[/apps/test/cid1s/exe/bat/;/apps/prod/cid1p/staging/exe_bat/]
WSZIPCDB.gnt=
Archive Process Successfull using - perl /export/home/mtpadmin/bin/mtp_archive.pl CC-7569-PEMA.ini
Move Process Successfull using - perl /export/home/mtpadmin/bin/mtp_move.pl CC-7569-PEMA.ini
Promote process successfull and verified using - perl /export/home/mtpadmin/bin/mtp_verify.pl CC-7569-PEMA.ini
Archived module - /apps/prod/cid1p/src/batch/archive/WSZIPCDB.cbl.20210218
Archived module - /apps/prod/cid1p/src/batch/archive/WSZIPCDB.lst.20210218
Archived module - /apps/prod/cid1p/src/online/archive/WSZIPCD.cl2.20210218
Archived module - /apps/prod/cid1p/src/online/archive/WSZIPCD.cbl.20210218
Archived module - /apps/prod/cid1p/src/online/archive/WSZIPCD.lst.20210218
Archived module - /apps/prod/cid1p/exe/onl/archive/WSZIPCD.gnt.20210218
Archived module - /apps/prod/cid1p/exe/bat/archive/WSZIPCDB.gnt.20210218
moved module - /apps/prod/cid1p/src/batch/WSZIPCDB.cbl
moved module - /apps/prod/cid1p/src/batch/WSZIPCDB.lst
moved module - /apps/prod/cid1p/src/online/WSZIPCD.cl2
moved module - /apps/prod/cid1p/src/online/WSZIPCD.cbl
moved module - /apps/prod/cid1p/src/online/WSZIPCD.lst
moved module - /apps/prod/cid1p/staging/exe_onl/WSZIPCD.gnt
moved module - /apps/prod/cid1p/staging/exe_bat/WSZIPCDB.gnt
