[2021051200001]
[/apps/test/cid1s/jcl/daily_jobs/;/apps/prod/cid1p/jcl/daily_jobs/]
[/apps/test/cid1s/jcl/monthly_jobs/;/apps/prod/cid1p/jcl/monthly_jobs/]
[/apps/test/cid1s/jcl/quarterly_jobs/;/apps/prod/cid1p/jcl/quarterly_jobs/]
[/apps/test/cid1s/jcl/yearly_jobs/;/apps/prod/cid1p/jcl/yearly_jobs/]
[/export/home/pema/bin/;/export/home/mtpadmin/bin/]
[/data/test/seqfiles/;/data/seqfiles/]
[/apps/test/cid1s/sys/webroot/;/apps/prod/cid1p/sys/webroot/]
[/apps/test/cid1s/sys/webroot/napersoft/;/apps/prod/cid1p/sys/webroot/napersoft/]
[/apps/test/cid1s/sys/webroot/AdminServ/;/apps/prod/cid1p/sys/webroot/AdminServ/]
[/apps/test/cid1s/sys/webroot/balancesheet/images/;/apps/prod/cid1p/sys/webroot/balancesheet/images/]
[/apps/test/cid1s/sys/webroot/balancesheet/javascript/;/apps/prod/cid1p/sys/webroot/balancesheet/javascript/]
[/apps/test/cid1s/sys/webroot/balancesheet/style/;/apps/prod/cid1p/sys/webroot/balancesheet/style/]
[/apps/test/cid1s/maps/;/apps/prod/cid1p/maps/]
[/apps/test/cid1s/copy/;/apps/prod/cid1p/copy/]
[/apps/test/cid1s/emails/;/apps/prod/cid1p/emails/]
[/apps/test/cid1s/parmlib/;/apps/prod/cid1p/parmlib/]
[/apps/test/cid1s/src/batch/;/apps/prod/cid1p/src/batch/]
[/apps/test/cid1s/src/online/;/apps/prod/cid1p/src/online/]
EL130.cl2=
EL130.cbl=
EL130.lst=
WSZIPCD.cl2=
WSZIPCD.cbl=
WSZIPCD.lst=
SQLCLMHS.cl2=
SQLCLMHS.cbl=
SQLCLMHS.lst=
EL051.cl2=
EL051.cbl=
EL051.lst=
EL6311.cl2=
EL6311.cbl=
EL6311.lst=
WF001.cl2=New
WF001.cbl=New
WF001.lst=New
[/apps/test/cid1s/exe/onl/;/apps/prod/cid1p/staging/exe_onl/]
EL130.gnt=
WSZIPCD.gnt=
SQLCLMHS.gnt=
EL051.gnt=
EL6311.gnt=
WF001.gnt=New
[/apps/test/cid1s/exe/bat/;/apps/prod/cid1p/staging/exe_bat/]
Archive Process Successfull using - perl /export/home/mtpadmin/bin/mtp_archive.pl CC-7854-PEMA.ini
Move Process Successfull using - perl /export/home/mtpadmin/bin/mtp_move.pl CC-7854-PEMA.ini
Promote process successfull and verified using - perl /export/home/mtpadmin/bin/mtp_verify.pl CC-7854-PEMA.ini
Archived module - /apps/prod/cid1p/src/online/archive/EL130.cl2.20211222
Archived module - /apps/prod/cid1p/src/online/archive/EL130.cbl.20211222
Archived module - /apps/prod/cid1p/src/online/archive/EL130.lst.20211222
Archived module - /apps/prod/cid1p/src/online/archive/WSZIPCD.cl2.20211222
Archived module - /apps/prod/cid1p/src/online/archive/WSZIPCD.cbl.20211222
Archived module - /apps/prod/cid1p/src/online/archive/WSZIPCD.lst.20211222
Archived module - /apps/prod/cid1p/src/online/archive/SQLCLMHS.cl2.20211222
Archived module - /apps/prod/cid1p/src/online/archive/SQLCLMHS.cbl.20211222
Archived module - /apps/prod/cid1p/src/online/archive/SQLCLMHS.lst.20211222
Archived module - /apps/prod/cid1p/src/online/archive/EL051.cl2.20211222
Archived module - /apps/prod/cid1p/src/online/archive/EL051.cbl.20211222
Archived module - /apps/prod/cid1p/src/online/archive/EL051.lst.20211222
Archived module - /apps/prod/cid1p/src/online/archive/EL6311.cl2.20211222
Archived module - /apps/prod/cid1p/src/online/archive/EL6311.cbl.20211222
Archived module - /apps/prod/cid1p/src/online/archive/EL6311.lst.20211222
Archived module - /apps/prod/cid1p/exe/onl/archive/EL130.gnt.20211222
Archived module - /apps/prod/cid1p/exe/onl/archive/WSZIPCD.gnt.20211222
Archived module - /apps/prod/cid1p/exe/onl/archive/SQLCLMHS.gnt.20211222
Archived module - /apps/prod/cid1p/exe/onl/archive/EL051.gnt.20211222
Archived module - /apps/prod/cid1p/exe/onl/archive/EL6311.gnt.20211222
moved module - /apps/prod/cid1p/src/online/EL130.cl2
moved module - /apps/prod/cid1p/src/online/EL130.cbl
moved module - /apps/prod/cid1p/src/online/EL130.lst
moved module - /apps/prod/cid1p/src/online/WSZIPCD.cl2
moved module - /apps/prod/cid1p/src/online/WSZIPCD.cbl
moved module - /apps/prod/cid1p/src/online/WSZIPCD.lst
moved module - /apps/prod/cid1p/src/online/SQLCLMHS.cl2
moved module - /apps/prod/cid1p/src/online/SQLCLMHS.cbl
moved module - /apps/prod/cid1p/src/online/SQLCLMHS.lst
moved module - /apps/prod/cid1p/src/online/EL051.cl2
moved module - /apps/prod/cid1p/src/online/EL051.cbl
moved module - /apps/prod/cid1p/src/online/EL051.lst
moved module - /apps/prod/cid1p/src/online/EL6311.cl2
moved module - /apps/prod/cid1p/src/online/EL6311.cbl
moved module - /apps/prod/cid1p/src/online/EL6311.lst
moved module - /apps/prod/cid1p/src/online/WF001.cl2
moved module - /apps/prod/cid1p/src/online/WF001.cbl
moved module - /apps/prod/cid1p/src/online/WF001.lst
moved module - /apps/prod/cid1p/staging/exe_onl/EL130.gnt
moved module - /apps/prod/cid1p/staging/exe_onl/WSZIPCD.gnt
moved module - /apps/prod/cid1p/staging/exe_onl/SQLCLMHS.gnt
moved module - /apps/prod/cid1p/staging/exe_onl/EL051.gnt
moved module - /apps/prod/cid1p/staging/exe_onl/EL6311.gnt
moved module - /apps/prod/cid1p/staging/exe_onl/WF001.gnt
