[2020092400001]
[/apps/test/cid1s/jcl/daily_jobs/;/apps/prod/cid1p/jcl/daily_jobs/]
[/apps/test/cid1s/jcl/monthly_jobs/;/apps/prod/cid1p/jcl/monthly_jobs/]
[/apps/test/cid1s/jcl/quarterly_jobs/;/apps/prod/cid1p/jcl/quarterly_jobs/]
[/apps/test/cid1s/jcl/yearly_jobs/;/apps/prod/cid1p/jcl/yearly_jobs/]
[/export/home/pema/bin/;/export/home/mtpadmin/bin/]
[/data/test/seqfiles/;/data/seqfiles/]
[/apps/test/cid1s/sys/webroot/;/apps/prod/cid1p/sys/webroot/]
[/apps/test/cid1s/sys/webroot/balancesheet/;/apps/prod/cid1p/sys/webroot/balancesheet/]
[/apps/test/cid1s/sys/webroot/balancesheet/images/;/apps/prod/cid1p/sys/webroot/balancesheet/images/]
[/apps/test/cid1s/sys/webroot/balancesheet/javascript/;/apps/prod/cid1p/sys/webroot/balancesheet/javascript/]
[/apps/test/cid1s/sys/webroot/balancesheet/style/;/apps/prod/cid1p/sys/webroot/balancesheet/style/]
[/apps/test/cid1s/maps/;/apps/prod/cid1p/maps/]
[/apps/test/cid1s/copy/;/apps/prod/cid1p/copy/]
BSSRCH-COMMAREA=
[/apps/test/cid1s/emails/;/apps/prod/cid1p/emails/]
[/apps/test/cid1s/parmlib/;/apps/prod/cid1p/parmlib/]
[/apps/test/cid1s/src/batch/;/apps/prod/cid1p/src/batch/]
[/apps/test/cid1s/src/online/;/apps/prod/cid1p/src/online/]
BSSRCH.cl2=
BSSRCH.cbl=
BSSRCH.lst=
BSSRCHBL.cbl=
BSSRCHBL.lst=
BSRAMTBL.cl2=New
BSRAMTBL.cbl=New
BSRAMTBL.lst=New
[/apps/test/cid1s/exe/onl/;/apps/prod/cid1p/staging/exe_onl/]
BSSRCH.gnt=
BSSRCHBL.gnt=
BSRAMTBL.gnt=New
Archive Process Successfull using - perl /export/home/mtpadmin/bin/mtp_archive.pl CC-7500-PEMA.ini
Move Process Successfull using - perl /export/home/mtpadmin/bin/mtp_move.pl CC-7500-PEMA.ini
Promote process successfull and verified using - perl /export/home/mtpadmin/bin/mtp_verify.pl CC-7500-PEMA.ini
Archived module - /apps/prod/cid1p/copy/archive/BSSRCH-COMMAREA.20201016
Archived module - /apps/prod/cid1p/src/online/archive/BSSRCH.cl2.20201016
Archived module - /apps/prod/cid1p/src/online/archive/BSSRCH.cbl.20201016
Archived module - /apps/prod/cid1p/src/online/archive/BSSRCH.lst.20201016
Archived module - /apps/prod/cid1p/src/online/archive/BSSRCHBL.cbl.20201016
Archived module - /apps/prod/cid1p/src/online/archive/BSSRCHBL.lst.20201016
Archived module - /apps/prod/cid1p/exe/onl/archive/BSSRCH.gnt.20201016
Archived module - /apps/prod/cid1p/exe/onl/archive/BSSRCHBL.gnt.20201016
moved module - /apps/prod/cid1p/copy/BSSRCH-COMMAREA
moved module - /apps/prod/cid1p/src/online/BSSRCH.cl2
moved module - /apps/prod/cid1p/src/online/BSSRCH.cbl
moved module - /apps/prod/cid1p/src/online/BSSRCH.lst
moved module - /apps/prod/cid1p/src/online/BSSRCHBL.cbl
moved module - /apps/prod/cid1p/src/online/BSSRCHBL.lst
moved module - /apps/prod/cid1p/src/online/BSRAMTBL.cl2
moved module - /apps/prod/cid1p/src/online/BSRAMTBL.cbl
moved module - /apps/prod/cid1p/src/online/BSRAMTBL.lst
moved module - /apps/prod/cid1p/staging/exe_onl/BSSRCH.gnt
moved module - /apps/prod/cid1p/staging/exe_onl/BSSRCHBL.gnt
moved module - /apps/prod/cid1p/staging/exe_onl/BSRAMTBL.gnt
