[2019011400002]
[/apps/test/cid1s/jcl/daily_jobs/;/apps/prod/cid1p/jcl/daily_jobs/]
cilgdsql=
cidclgdsql=
[/apps/test/cid1s/jcl/monthly_jobs/;/apps/prod/cid1p/jcl/monthly_jobs/]
[/apps/test/cid1s/jcl/quarterly_jobs/;/apps/prod/cid1p/jcl/quarterly_jobs/]
[/apps/test/cid1s/jcl/yearly_jobs/;/apps/prod/cid1p/jcl/yearly_jobs/]
[/export/home/pema/bin/;/export/home/mtpadmin/bin/]
[/data/test/seqfiles/;/data/seqfiles/]
[/apps/test/cid1s/sys/webroot/;/apps/prod/cid1p/sys/webroot/]
[/apps/test/cid1s/sys/webroot/balancesheet/;/apps/prod/cid1p/sys/webroot/balancesheet/]
[/apps/test/cid1s/sys/webroot/balancesheet/images/;/apps/prod/cid1p/sys/webroot/balancesheet/images/]
[/apps/test/cid1s/sys/webroot/balancesheet/javascript/;/apps/prod/cid1p/sys/webroot/balancesheet/javascript/]
[/apps/test/cid1s/sys/webroot/balancesheet/style/;/apps/prod/cid1p/sys/webroot/balancesheet/style/]
[/apps/test/cid1s/maps/;/apps/prod/cid1p/maps/]
EL114S.bms=
EL114S.map=
EL114S=
[/apps/test/cid1s/copy/;/apps/prod/cid1p/copy/]
ELCBENE=
[/apps/test/cid1s/emails/;/apps/prod/cid1p/emails/]
[/apps/test/cid1s/parmlib/;/apps/prod/cid1p/parmlib/]
[/apps/test/cid1s/src/batch/;/apps/prod/cid1p/src/batch/]
SQLBELBENE.cbl=NEW
SQLBELBENE.lst=NEW
EL352.cbl=
EL352.lst=
CIAPEXT.lst=
CIDBEX1.lst=
CIDBEX2.lst=
CIDDEX1.lst=
CIDNAPEX.lst=
CIOPCLMS.lst=
EL310.lst=
EL343.lst=
EL348.lst=
EL349.lst=
EL350.lst=
EL350PE.lst=
EL360.lst=
LGCIFCE.lst=
[/apps/test/cid1s/src/online/;/apps/prod/cid1p/src/online/]
EL114.cl2=
EL114.cbl=
EL114.lst=
EL008.cbl=
EL008.lst=
EL130.cbl=
EL130.lst=
EL131.cbl=
EL131.lst=
EL141.cbl=
EL141.lst=
EL1523.cbl=
EL1523.lst=
EL152.cbl=
EL152.lst=
EL154.cbl=
EL154.lst=
EL156.cbl=
EL156.lst=
NSRLTRBL.cbl=
NSRLTRBL.lst=
SOCK10.cbl=
SOCK10.lst=
[/apps/test/cid1s/exe/bat/;/apps/prod/cid1p/staging/exe_bat/]
SQLBELBENE.gnt=NEW
EL352.gnt=
CIAPEXT.gnt=
CIDBEX1.gnt=
CIDBEX2.gnt=
CIDDEX1.gnt=
CIDNAPEX.gnt=
CIOPCLMS.gnt=
EL310.gnt=
EL343.gnt=
EL348.gnt=
EL349.gnt=
EL350.gnt=
EL350PE.gnt=
EL360.gnt=
LGCIFCE.gnt=
[/apps/test/cid1s/exe/onl/;/apps/prod/cid1p/staging/exe_onl/]
EL114.gnt=
EL008.gnt=
EL130.gnt=
EL131.gnt=
EL141.gnt=
EL1523.gnt=
EL152.gnt=
EL154.gnt=
EL156.gnt=
NSRLTRBL.gnt=
SOCK10.gnt=
Archive Process Successfull using - perl /export/home/mtpadmin/bin/mtp_archive.pl CC-7248-PEMA.ini
Move Process Successfull using - perl /export/home/mtpadmin/bin/mtp_move.pl CC-7248-PEMA.ini
Promote process successfull and verified using - perl /export/home/mtpadmin/bin/mtp_verify.pl CC-7248-PEMA.ini
Archived module - /apps/prod/cid1p/jcl/daily_jobs/archive/cilgdsql.20190912
Archived module - /apps/prod/cid1p/jcl/daily_jobs/archive/cidclgdsql.20190912
Archived module - /apps/prod/cid1p/maps/archive/EL114S.bms.20190912
Archived module - /apps/prod/cid1p/maps/archive/EL114S.map.20190912
Archived module - /apps/prod/cid1p/maps/archive/EL114S.20190912
Archived module - /apps/prod/cid1p/copy/archive/ELCBENE.20190912
Archived module - /apps/prod/cid1p/src/batch/archive/EL352.cbl.20190912
Archived module - /apps/prod/cid1p/src/batch/archive/EL352.lst.20190912
Archived module - /apps/prod/cid1p/src/batch/archive/CIAPEXT.lst.20190912
Archived module - /apps/prod/cid1p/src/batch/archive/CIDBEX1.lst.20190912
Archived module - /apps/prod/cid1p/src/batch/archive/CIDBEX2.lst.20190912
Archived module - /apps/prod/cid1p/src/batch/archive/CIDDEX1.lst.20190912
Archived module - /apps/prod/cid1p/src/batch/archive/CIDNAPEX.lst.20190912
Archived module - /apps/prod/cid1p/src/batch/archive/CIOPCLMS.lst.20190912
Archived module - /apps/prod/cid1p/src/batch/archive/EL310.lst.20190912
Archived module - /apps/prod/cid1p/src/batch/archive/EL343.lst.20190912
Archived module - /apps/prod/cid1p/src/batch/archive/EL348.lst.20190912
Archived module - /apps/prod/cid1p/src/batch/archive/EL349.lst.20190912
Archived module - /apps/prod/cid1p/src/batch/archive/EL350.lst.20190912
Archived module - /apps/prod/cid1p/src/batch/archive/EL350PE.lst.20190912
Archived module - /apps/prod/cid1p/src/batch/archive/EL360.lst.20190912
Archived module - /apps/prod/cid1p/src/batch/archive/LGCIFCE.lst.20190912
Archived module - /apps/prod/cid1p/src/online/archive/EL114.cl2.20190912
Archived module - /apps/prod/cid1p/src/online/archive/EL114.cbl.20190912
Archived module - /apps/prod/cid1p/src/online/archive/EL114.lst.20190912
Archived module - /apps/prod/cid1p/src/online/archive/EL008.cbl.20190912
Archived module - /apps/prod/cid1p/src/online/archive/EL008.lst.20190912
Archived module - /apps/prod/cid1p/src/online/archive/EL130.cbl.20190912
Archived module - /apps/prod/cid1p/src/online/archive/EL130.lst.20190912
Archived module - /apps/prod/cid1p/src/online/archive/EL131.cbl.20190912
Archived module - /apps/prod/cid1p/src/online/archive/EL131.lst.20190912
Archived module - /apps/prod/cid1p/src/online/archive/EL141.cbl.20190912
Archived module - /apps/prod/cid1p/src/online/archive/EL141.lst.20190912
Archived module - /apps/prod/cid1p/src/online/archive/EL1523.cbl.20190912
Archived module - /apps/prod/cid1p/src/online/archive/EL1523.lst.20190912
Archived module - /apps/prod/cid1p/src/online/archive/EL152.cbl.20190912
Archived module - /apps/prod/cid1p/src/online/archive/EL152.lst.20190912
Archived module - /apps/prod/cid1p/src/online/archive/EL154.cbl.20190912
Archived module - /apps/prod/cid1p/src/online/archive/EL154.lst.20190912
Archived module - /apps/prod/cid1p/src/online/archive/EL156.cbl.20190912
Archived module - /apps/prod/cid1p/src/online/archive/EL156.lst.20190912
Archived module - /apps/prod/cid1p/src/online/archive/NSRLTRBL.cbl.20190912
Archived module - /apps/prod/cid1p/src/online/archive/NSRLTRBL.lst.20190912
Archived module - /apps/prod/cid1p/src/online/archive/SOCK10.cbl.20190912
Archived module - /apps/prod/cid1p/src/online/archive/SOCK10.lst.20190912
Archived module - /apps/prod/cid1p/exe/bat/archive/EL352.gnt.20190912
Archived module - /apps/prod/cid1p/exe/bat/archive/CIAPEXT.gnt.20190912
Archived module - /apps/prod/cid1p/exe/bat/archive/CIDBEX1.gnt.20190912
Archived module - /apps/prod/cid1p/exe/bat/archive/CIDBEX2.gnt.20190912
Archived module - /apps/prod/cid1p/exe/bat/archive/CIDDEX1.gnt.20190912
Archived module - /apps/prod/cid1p/exe/bat/archive/CIDNAPEX.gnt.20190912
Archived module - /apps/prod/cid1p/exe/bat/archive/CIOPCLMS.gnt.20190912
Archived module - /apps/prod/cid1p/exe/bat/archive/EL310.gnt.20190912
Archived module - /apps/prod/cid1p/exe/bat/archive/EL343.gnt.20190912
Archived module - /apps/prod/cid1p/exe/bat/archive/EL348.gnt.20190912
Archived module - /apps/prod/cid1p/exe/bat/archive/EL349.gnt.20190912
Archived module - /apps/prod/cid1p/exe/bat/archive/EL350.gnt.20190912
Archived module - /apps/prod/cid1p/exe/bat/archive/EL350PE.gnt.20190912
Archived module - /apps/prod/cid1p/exe/bat/archive/EL360.gnt.20190912
Archived module - /apps/prod/cid1p/exe/bat/archive/LGCIFCE.gnt.20190912
Archived module - /apps/prod/cid1p/exe/onl/archive/EL114.gnt.20190912
Archived module - /apps/prod/cid1p/exe/onl/archive/EL008.gnt.20190912
Archived module - /apps/prod/cid1p/exe/onl/archive/EL130.gnt.20190912
Archived module - /apps/prod/cid1p/exe/onl/archive/EL131.gnt.20190912
Archived module - /apps/prod/cid1p/exe/onl/archive/EL141.gnt.20190912
Archived module - /apps/prod/cid1p/exe/onl/archive/EL1523.gnt.20190912
Archived module - /apps/prod/cid1p/exe/onl/archive/EL152.gnt.20190912
Archived module - /apps/prod/cid1p/exe/onl/archive/EL154.gnt.20190912
Archived module - /apps/prod/cid1p/exe/onl/archive/EL156.gnt.20190912
Archived module - /apps/prod/cid1p/exe/onl/archive/NSRLTRBL.gnt.20190912
Archived module - /apps/prod/cid1p/exe/onl/archive/SOCK10.gnt.20190912
moved module - /apps/prod/cid1p/jcl/daily_jobs/cilgdsql
moved module - /apps/prod/cid1p/jcl/daily_jobs/cidclgdsql
moved module - /apps/prod/cid1p/maps/EL114S.bms
moved module - /apps/prod/cid1p/maps/EL114S.map
moved module - /apps/prod/cid1p/maps/EL114S
moved module - /apps/prod/cid1p/copy/ELCBENE
moved module - /apps/prod/cid1p/src/batch/SQLBELBENE.cbl
moved module - /apps/prod/cid1p/src/batch/SQLBELBENE.lst
moved module - /apps/prod/cid1p/src/batch/EL352.cbl
moved module - /apps/prod/cid1p/src/batch/EL352.lst
moved module - /apps/prod/cid1p/src/batch/CIAPEXT.lst
moved module - /apps/prod/cid1p/src/batch/CIDBEX1.lst
moved module - /apps/prod/cid1p/src/batch/CIDBEX2.lst
moved module - /apps/prod/cid1p/src/batch/CIDDEX1.lst
moved module - /apps/prod/cid1p/src/batch/CIDNAPEX.lst
moved module - /apps/prod/cid1p/src/batch/CIOPCLMS.lst
moved module - /apps/prod/cid1p/src/batch/EL310.lst
moved module - /apps/prod/cid1p/src/batch/EL343.lst
moved module - /apps/prod/cid1p/src/batch/EL348.lst
moved module - /apps/prod/cid1p/src/batch/EL349.lst
moved module - /apps/prod/cid1p/src/batch/EL350.lst
moved module - /apps/prod/cid1p/src/batch/EL350PE.lst
moved module - /apps/prod/cid1p/src/batch/EL360.lst
moved module - /apps/prod/cid1p/src/batch/LGCIFCE.lst
moved module - /apps/prod/cid1p/src/online/EL114.cl2
moved module - /apps/prod/cid1p/src/online/EL114.cbl
moved module - /apps/prod/cid1p/src/online/EL114.lst
moved module - /apps/prod/cid1p/src/online/EL008.cbl
moved module - /apps/prod/cid1p/src/online/EL008.lst
moved module - /apps/prod/cid1p/src/online/EL130.cbl
moved module - /apps/prod/cid1p/src/online/EL130.lst
moved module - /apps/prod/cid1p/src/online/EL131.cbl
moved module - /apps/prod/cid1p/src/online/EL131.lst
moved module - /apps/prod/cid1p/src/online/EL141.cbl
moved module - /apps/prod/cid1p/src/online/EL141.lst
moved module - /apps/prod/cid1p/src/online/EL1523.cbl
moved module - /apps/prod/cid1p/src/online/EL1523.lst
moved module - /apps/prod/cid1p/src/online/EL152.cbl
moved module - /apps/prod/cid1p/src/online/EL152.lst
moved module - /apps/prod/cid1p/src/online/EL154.cbl
moved module - /apps/prod/cid1p/src/online/EL154.lst
moved module - /apps/prod/cid1p/src/online/EL156.cbl
moved module - /apps/prod/cid1p/src/online/EL156.lst
moved module - /apps/prod/cid1p/src/online/NSRLTRBL.cbl
moved module - /apps/prod/cid1p/src/online/NSRLTRBL.lst
moved module - /apps/prod/cid1p/src/online/SOCK10.cbl
moved module - /apps/prod/cid1p/src/online/SOCK10.lst
moved module - /apps/prod/cid1p/staging/exe_bat/SQLBELBENE.gnt
moved module - /apps/prod/cid1p/staging/exe_bat/EL352.gnt
moved module - /apps/prod/cid1p/staging/exe_bat/CIAPEXT.gnt
moved module - /apps/prod/cid1p/staging/exe_bat/CIDBEX1.gnt
moved module - /apps/prod/cid1p/staging/exe_bat/CIDBEX2.gnt
moved module - /apps/prod/cid1p/staging/exe_bat/CIDDEX1.gnt
moved module - /apps/prod/cid1p/staging/exe_bat/CIDNAPEX.gnt
moved module - /apps/prod/cid1p/staging/exe_bat/CIOPCLMS.gnt
moved module - /apps/prod/cid1p/staging/exe_bat/EL310.gnt
moved module - /apps/prod/cid1p/staging/exe_bat/EL343.gnt
moved module - /apps/prod/cid1p/staging/exe_bat/EL348.gnt
moved module - /apps/prod/cid1p/staging/exe_bat/EL349.gnt
moved module - /apps/prod/cid1p/staging/exe_bat/EL350.gnt
moved module - /apps/prod/cid1p/staging/exe_bat/EL350PE.gnt
moved module - /apps/prod/cid1p/staging/exe_bat/EL360.gnt
moved module - /apps/prod/cid1p/staging/exe_bat/LGCIFCE.gnt
moved module - /apps/prod/cid1p/staging/exe_onl/EL114.gnt
moved module - /apps/prod/cid1p/staging/exe_onl/EL008.gnt
moved module - /apps/prod/cid1p/staging/exe_onl/EL130.gnt
moved module - /apps/prod/cid1p/staging/exe_onl/EL131.gnt
moved module - /apps/prod/cid1p/staging/exe_onl/EL141.gnt
moved module - /apps/prod/cid1p/staging/exe_onl/EL1523.gnt
moved module - /apps/prod/cid1p/staging/exe_onl/EL152.gnt
moved module - /apps/prod/cid1p/staging/exe_onl/EL154.gnt
moved module - /apps/prod/cid1p/staging/exe_onl/EL156.gnt
moved module - /apps/prod/cid1p/staging/exe_onl/NSRLTRBL.gnt
moved module - /apps/prod/cid1p/staging/exe_onl/SOCK10.gnt
