[2019012500003]
[/apps/test/cid1s/jcl/daily_jobs/;/apps/prod/cid1p/jcl/daily_jobs/]
[/apps/test/cid1s/jcl/monthly_jobs/;/apps/prod/cid1p/jcl/monthly_jobs/]
[/apps/test/cid1s/jcl/quarterly_jobs/;/apps/prod/cid1p/jcl/quarterly_jobs/]
[/apps/test/cid1s/jcl/yearly_jobs/;/apps/prod/cid1p/jcl/yearly_jobs/]
[/export/home/pema/;/export/home/mtpadmin/]
[/export/home/pema/bin/;/export/home/mtpadmin/bin/]
balance_eom.pl=
CreateTrendSS.pl=
[/data/test/seqfiles/;/data/seqfiles/]
[/apps/test/cid1s/sys/webroot/;/apps/prod/cid1p/sys/webroot/]
[/apps/test/cid1s/sys/webroot/napersoft/;/apps/prod/cid1p/sys/webroot/napersoft/]
[/apps/test/cid1s/sys/webroot/AdminServ/;/apps/prod/cid1p/sys/webroot/AdminServ/]
[/apps/test/cid1s/sys/webroot/balancesheet/images/;/apps/prod/cid1p/sys/webroot/balancesheet/images/]
[/apps/test/cid1s/sys/webroot/balancesheet/javascript/;/apps/prod/cid1p/sys/webroot/balancesheet/javascript/]
[/apps/test/cid1s/sys/webroot/balancesheet/style/;/apps/prod/cid1p/sys/webroot/balancesheet/style/]
[/apps/test/cid1s/maps/;/apps/prod/cid1p/maps/]
[/apps/test/cid1s/copy/;/apps/prod/cid1p/copy/]
[/apps/test/cid1s/emails/;/apps/prod/cid1p/emails/]
[/apps/test/cid1s/parmlib/;/apps/prod/cid1p/parmlib/]
[/apps/test/cid1s/src/batch/;/apps/prod/cid1p/src/batch/]
CIDNSAFA.cbl=
CIDNSAFA.lst=
DCC017.cbl=
DCC017.lst=
EL310.cbl=
EL310.lst=
EL352.cbl=
EL352.lst=
EL570.cbl=
EL570.lst=
LGCIFCE.cbl=
LGCIFCE.lst=
SQLBEPEC24.cbl=
SQLBEPEC24.lst=
SQLBERMEBL.cbl=
SQLBERMEBL.lst=
SQLBERRS.cbl=
SQLBERRS.lst=
SQLCLMHAF.cbl=
SQLCLMHAF.lst=
SQLROLL24B.cbl=
SQLROLL24B.lst=
VPP017.cbl=
VPP017.lst=
[/apps/test/cid1s/src/online/;/apps/prod/cid1p/src/online/]
[/apps/test/cid1s/exe/onl/;/apps/prod/cid1p/staging/exe_onl/]
[/apps/test/cid1s/exe/bat/;/apps/prod/cid1p/staging/exe_bat/]
CIDNSAFA.gnt=
DCC017.gnt=
EL310.gnt=
EL352.gnt=
EL570.gnt=
LGCIFCE.gnt=
SQLBEPEC24.gnt=
SQLBERMEBL.gnt=
SQLBERRS.gnt=
SQLCLMHAF.gnt=
SQLROLL24B.gnt=
VPP017.gnt=
Archive Process Successfull using - perl /export/home/mtpadmin/bin/mtp_archive.pl CC-8056-PEMA.ini
Move Process Successfull using - perl /export/home/mtpadmin/bin/mtp_move.pl CC-8056-PEMA.ini
Promote process successfull and verified using - perl /export/home/mtpadmin/bin/mtp_verify.pl CC-8056-PEMA.ini
Archived module - /export/home/mtpadmin/bin/archive/balance_eom.pl.20220727
Archived module - /export/home/mtpadmin/bin/archive/CreateTrendSS.pl.20220727
Archived module - /apps/prod/cid1p/src/batch/archive/CIDNSAFA.cbl.20220727
Archived module - /apps/prod/cid1p/src/batch/archive/CIDNSAFA.lst.20220727
Archived module - /apps/prod/cid1p/src/batch/archive/DCC017.cbl.20220727
Archived module - /apps/prod/cid1p/src/batch/archive/DCC017.lst.20220727
Archived module - /apps/prod/cid1p/src/batch/archive/EL310.cbl.20220727
Archived module - /apps/prod/cid1p/src/batch/archive/EL310.lst.20220727
Archived module - /apps/prod/cid1p/src/batch/archive/EL352.cbl.20220727
Archived module - /apps/prod/cid1p/src/batch/archive/EL352.lst.20220727
Archived module - /apps/prod/cid1p/src/batch/archive/EL570.cbl.20220727
Archived module - /apps/prod/cid1p/src/batch/archive/EL570.lst.20220727
Archived module - /apps/prod/cid1p/src/batch/archive/LGCIFCE.cbl.20220727
Archived module - /apps/prod/cid1p/src/batch/archive/LGCIFCE.lst.20220727
Archived module - /apps/prod/cid1p/src/batch/archive/SQLBEPEC24.cbl.20220727
Archived module - /apps/prod/cid1p/src/batch/archive/SQLBEPEC24.lst.20220727
Archived module - /apps/prod/cid1p/src/batch/archive/SQLBERMEBL.cbl.20220727
Archived module - /apps/prod/cid1p/src/batch/archive/SQLBERMEBL.lst.20220727
Archived module - /apps/prod/cid1p/src/batch/archive/SQLBERRS.cbl.20220727
Archived module - /apps/prod/cid1p/src/batch/archive/SQLBERRS.lst.20220727
Archived module - /apps/prod/cid1p/src/batch/archive/SQLCLMHAF.cbl.20220727
Archived module - /apps/prod/cid1p/src/batch/archive/SQLCLMHAF.lst.20220727
Archived module - /apps/prod/cid1p/src/batch/archive/SQLROLL24B.cbl.20220727
Archived module - /apps/prod/cid1p/src/batch/archive/SQLROLL24B.lst.20220727
Archived module - /apps/prod/cid1p/src/batch/archive/VPP017.cbl.20220727
Archived module - /apps/prod/cid1p/src/batch/archive/VPP017.lst.20220727
Archived module - /apps/prod/cid1p/exe/bat/archive/CIDNSAFA.gnt.20220727
Archived module - /apps/prod/cid1p/exe/bat/archive/DCC017.gnt.20220727
Archived module - /apps/prod/cid1p/exe/bat/archive/EL310.gnt.20220727
Archived module - /apps/prod/cid1p/exe/bat/archive/EL352.gnt.20220727
Archived module - /apps/prod/cid1p/exe/bat/archive/EL570.gnt.20220727
Archived module - /apps/prod/cid1p/exe/bat/archive/LGCIFCE.gnt.20220727
Archived module - /apps/prod/cid1p/exe/bat/archive/SQLBEPEC24.gnt.20220727
Archived module - /apps/prod/cid1p/exe/bat/archive/SQLBERMEBL.gnt.20220727
Archived module - /apps/prod/cid1p/exe/bat/archive/SQLBERRS.gnt.20220727
Archived module - /apps/prod/cid1p/exe/bat/archive/SQLCLMHAF.gnt.20220727
Archived module - /apps/prod/cid1p/exe/bat/archive/SQLROLL24B.gnt.20220727
Archived module - /apps/prod/cid1p/exe/bat/archive/VPP017.gnt.20220727
moved module - /export/home/mtpadmin/bin/balance_eom.pl
moved module - /export/home/mtpadmin/bin/CreateTrendSS.pl
moved module - /apps/prod/cid1p/src/batch/CIDNSAFA.cbl
moved module - /apps/prod/cid1p/src/batch/CIDNSAFA.lst
moved module - /apps/prod/cid1p/src/batch/DCC017.cbl
moved module - /apps/prod/cid1p/src/batch/DCC017.lst
moved module - /apps/prod/cid1p/src/batch/EL310.cbl
moved module - /apps/prod/cid1p/src/batch/EL310.lst
moved module - /apps/prod/cid1p/src/batch/EL352.cbl
moved module - /apps/prod/cid1p/src/batch/EL352.lst
moved module - /apps/prod/cid1p/src/batch/EL570.cbl
moved module - /apps/prod/cid1p/src/batch/EL570.lst
moved module - /apps/prod/cid1p/src/batch/LGCIFCE.cbl
moved module - /apps/prod/cid1p/src/batch/LGCIFCE.lst
moved module - /apps/prod/cid1p/src/batch/SQLBEPEC24.cbl
moved module - /apps/prod/cid1p/src/batch/SQLBEPEC24.lst
moved module - /apps/prod/cid1p/src/batch/SQLBERMEBL.cbl
moved module - /apps/prod/cid1p/src/batch/SQLBERMEBL.lst
moved module - /apps/prod/cid1p/src/batch/SQLBERRS.cbl
moved module - /apps/prod/cid1p/src/batch/SQLBERRS.lst
moved module - /apps/prod/cid1p/src/batch/SQLCLMHAF.cbl
moved module - /apps/prod/cid1p/src/batch/SQLCLMHAF.lst
moved module - /apps/prod/cid1p/src/batch/SQLROLL24B.cbl
moved module - /apps/prod/cid1p/src/batch/SQLROLL24B.lst
moved module - /apps/prod/cid1p/src/batch/VPP017.cbl
moved module - /apps/prod/cid1p/src/batch/VPP017.lst
moved module - /apps/prod/cid1p/staging/exe_bat/CIDNSAFA.gnt
moved module - /apps/prod/cid1p/staging/exe_bat/DCC017.gnt
moved module - /apps/prod/cid1p/staging/exe_bat/EL310.gnt
moved module - /apps/prod/cid1p/staging/exe_bat/EL352.gnt
moved module - /apps/prod/cid1p/staging/exe_bat/EL570.gnt
moved module - /apps/prod/cid1p/staging/exe_bat/LGCIFCE.gnt
moved module - /apps/prod/cid1p/staging/exe_bat/SQLBEPEC24.gnt
moved module - /apps/prod/cid1p/staging/exe_bat/SQLBERMEBL.gnt
moved module - /apps/prod/cid1p/staging/exe_bat/SQLBERRS.gnt
moved module - /apps/prod/cid1p/staging/exe_bat/SQLCLMHAF.gnt
moved module - /apps/prod/cid1p/staging/exe_bat/SQLROLL24B.gnt
moved module - /apps/prod/cid1p/staging/exe_bat/VPP017.gnt
