[2020061200002]
[/apps/test/cid1s/jcl/daily_jobs/;/apps/prod/cid1p/jcl/daily_jobs/]
[/apps/test/cid1s/jcl/monthly_jobs/;/apps/prod/cid1p/jcl/monthly_jobs/]
cidcrx4=
fllgcrx4=
[/apps/test/cid1s/jcl/quarterly_jobs/;/apps/prod/cid1p/jcl/quarterly_jobs/]
[/apps/test/cid1s/jcl/yearly_jobs/;/apps/prod/cid1p/jcl/yearly_jobs/]
[/export/home/pema/;/export/home/mtpadmin/]
[/export/home/pema/bin/;/export/home/mtpadmin/bin/]
[/data/test/seqfiles/;/data/seqfiles/]
[/apps/test/cid1s/sys/webroot/;/apps/prod/cid1p/sys/webroot/]
[/apps/test/cid1s/sys/webroot/napersoft/;/apps/prod/cid1p/sys/webroot/napersoft/]
[/apps/test/cid1s/sys/webroot/AdminServ/;/apps/prod/cid1p/sys/webroot/AdminServ/]
[/apps/test/cid1s/sys/webroot/balancesheet/images/;/apps/prod/cid1p/sys/webroot/balancesheet/images/]
[/apps/test/cid1s/sys/webroot/balancesheet/javascript/;/apps/prod/cid1p/sys/webroot/balancesheet/javascript/]
[/apps/test/cid1s/sys/webroot/balancesheet/style/;/apps/prod/cid1p/sys/webroot/balancesheet/style/]
[/apps/test/cid1s/maps/;/apps/prod/cid1p/maps/]
[/apps/test/cid1s/copy/;/apps/prod/cid1p/copy/]
[/apps/test/cid1s/emails/;/apps/prod/cid1p/emails/]
[/apps/test/cid1s/parmlib/;/apps/prod/cid1p/parmlib/]
[/apps/test/cid1s/src/batch/;/apps/prod/cid1p/src/batch/]
CIDCRX4.cbl=
CIDCRX4.lst=
DCCCRX4.cbl=New
DCCCRX4.lst=New
SQLBCERTALL.cbl=
SQLBCERTALL.lst=
SQLBCERTALLD.cbl=
SQLBCERTALLD.lst=
[/apps/test/cid1s/src/online/;/apps/prod/cid1p/src/online/]
[/apps/test/cid1s/exe/onl/;/apps/prod/cid1p/staging/exe_onl/]
[/apps/test/cid1s/exe/bat/;/apps/prod/cid1p/staging/exe_bat/]
CIDCRX4.gnt=
DCCCRX4.gnt=New
SQLBCERTALL.gnt=
SQLBCERTALLD.gnt=
Archive Process Successfull using - perl /export/home/mtpadmin/bin/mtp_archive.pl CC-8038-PEMA.ini
Move Process Successfull using - perl /export/home/mtpadmin/bin/mtp_move.pl CC-8038-PEMA.ini
Promote process successfull and verified using - perl /export/home/mtpadmin/bin/mtp_verify.pl CC-8038-PEMA.ini
Archived module - /apps/prod/cid1p/jcl/monthly_jobs/archive/cidcrx4.20220707
Archived module - /apps/prod/cid1p/jcl/monthly_jobs/archive/fllgcrx4.20220707
Archived module - /apps/prod/cid1p/src/batch/archive/CIDCRX4.cbl.20220707
Archived module - /apps/prod/cid1p/src/batch/archive/CIDCRX4.lst.20220707
Archived module - /apps/prod/cid1p/src/batch/archive/SQLBCERTALL.cbl.20220707
Archived module - /apps/prod/cid1p/src/batch/archive/SQLBCERTALL.lst.20220707
Archived module - /apps/prod/cid1p/src/batch/archive/SQLBCERTALLD.cbl.20220707
Archived module - /apps/prod/cid1p/src/batch/archive/SQLBCERTALLD.lst.20220707
Archived module - /apps/prod/cid1p/exe/bat/archive/CIDCRX4.gnt.20220707
Archived module - /apps/prod/cid1p/exe/bat/archive/SQLBCERTALL.gnt.20220707
Archived module - /apps/prod/cid1p/exe/bat/archive/SQLBCERTALLD.gnt.20220707
moved module - /apps/prod/cid1p/jcl/monthly_jobs/cidcrx4
moved module - /apps/prod/cid1p/jcl/monthly_jobs/fllgcrx4
moved module - /apps/prod/cid1p/src/batch/CIDCRX4.cbl
moved module - /apps/prod/cid1p/src/batch/CIDCRX4.lst
moved module - /apps/prod/cid1p/src/batch/DCCCRX4.cbl
moved module - /apps/prod/cid1p/src/batch/DCCCRX4.lst
moved module - /apps/prod/cid1p/src/batch/SQLBCERTALL.cbl
moved module - /apps/prod/cid1p/src/batch/SQLBCERTALL.lst
moved module - /apps/prod/cid1p/src/batch/SQLBCERTALLD.cbl
moved module - /apps/prod/cid1p/src/batch/SQLBCERTALLD.lst
moved module - /apps/prod/cid1p/staging/exe_bat/CIDCRX4.gnt
moved module - /apps/prod/cid1p/staging/exe_bat/DCCCRX4.gnt
moved module - /apps/prod/cid1p/staging/exe_bat/SQLBCERTALL.gnt
moved module - /apps/prod/cid1p/staging/exe_bat/SQLBCERTALLD.gnt
