[2019012500003]
[/apps/test/cid1s/jcl/daily_jobs/;/apps/prod/cid1p/jcl/daily_jobs/]
[/apps/test/cid1s/jcl/monthly_jobs/;/apps/prod/cid1p/jcl/monthly_jobs/]
[/apps/test/cid1s/jcl/quarterly_jobs/;/apps/prod/cid1p/jcl/quarterly_jobs/]
[/apps/test/cid1s/jcl/yearly_jobs/;/apps/prod/cid1p/jcl/yearly_jobs/]
[/export/home/pema/;/export/home/mtpadmin/]
[/export/home/pema/bin/;/export/home/mtpadmin/bin/]
[/data/test/seqfiles/;/data/seqfiles/]
[/apps/test/cid1s/sys/webroot/;/apps/prod/cid1p/sys/webroot/]
[/apps/test/cid1s/sys/webroot/napersoft/;/apps/prod/cid1p/sys/webroot/napersoft/]
[/apps/test/cid1s/sys/webroot/AdminServ/;/apps/prod/cid1p/sys/webroot/AdminServ/]
[/apps/test/cid1s/sys/webroot/balancesheet/images/;/apps/prod/cid1p/sys/webroot/balancesheet/images/]
[/apps/test/cid1s/sys/webroot/balancesheet/javascript/;/apps/prod/cid1p/sys/webroot/balancesheet/javascript/]
[/apps/test/cid1s/sys/webroot/balancesheet/style/;/apps/prod/cid1p/sys/webroot/balancesheet/style/]
[/apps/test/cid1s/maps/;/apps/prod/cid1p/maps/]
[/apps/test/cid1s/copy/;/apps/prod/cid1p/copy/]
[/apps/test/cid1s/emails/;/apps/prod/cid1p/emails/]
[/apps/test/cid1s/parmlib/;/apps/prod/cid1p/parmlib/]
[/apps/test/cid1s/src/batch/;/apps/prod/cid1p/src/batch/]
[/apps/test/cid1s/src/online/;/apps/prod/cid1p/src/online/]
EL6301.cl2=
EL6301.cbl=
EL6311.cl2=
EL6311.cbl=
EL689.cl2=
EL689.cbl=
ELHLDI.cl2=
ELHLDI.cbl=
NSRASBL.cl2=
NSRASBL.cbl=
SOCK12.cl2=
SOCK12.cbl=
[/apps/test/cid1s/exe/onl/;/apps/prod/cid1p/staging/exe_onl/]
EL6301.gnt=
EL6311.gnt=
EL689.gnt=
ELHLDI.gnt=
NSRASBL.gnt=
SOCK12.gnt=
[/apps/test/cid1s/exe/bat/;/apps/prod/cid1p/staging/exe_bat/]
Archive Process Successfull using - perl /export/home/mtpadmin/bin/mtp_archive.pl CC-8096-PEMA.ini
Move Process Successfull using - perl /export/home/mtpadmin/bin/mtp_move.pl CC-8096-PEMA.ini
Promote process successfull and verified using - perl /export/home/mtpadmin/bin/mtp_verify.pl CC-8096-PEMA.ini
Archived module - /apps/prod/cid1p/src/online/archive/EL6301.cl2.20220830
Archived module - /apps/prod/cid1p/src/online/archive/EL6301.cbl.20220830
Archived module - /apps/prod/cid1p/src/online/archive/EL6311.cl2.20220830
Archived module - /apps/prod/cid1p/src/online/archive/EL6311.cbl.20220830
Archived module - /apps/prod/cid1p/src/online/archive/EL689.cl2.20220830
Archived module - /apps/prod/cid1p/src/online/archive/EL689.cbl.20220830
Archived module - /apps/prod/cid1p/src/online/archive/ELHLDI.cl2.20220830
Archived module - /apps/prod/cid1p/src/online/archive/ELHLDI.cbl.20220830
Archived module - /apps/prod/cid1p/src/online/archive/NSRASBL.cl2.20220830
Archived module - /apps/prod/cid1p/src/online/archive/NSRASBL.cbl.20220830
Archived module - /apps/prod/cid1p/src/online/archive/SOCK12.cl2.20220830
Archived module - /apps/prod/cid1p/src/online/archive/SOCK12.cbl.20220830
Archived module - /apps/prod/cid1p/exe/onl/archive/EL6301.gnt.20220830
Archived module - /apps/prod/cid1p/exe/onl/archive/EL6311.gnt.20220830
Archived module - /apps/prod/cid1p/exe/onl/archive/EL689.gnt.20220830
Archived module - /apps/prod/cid1p/exe/onl/archive/ELHLDI.gnt.20220830
Archived module - /apps/prod/cid1p/exe/onl/archive/NSRASBL.gnt.20220830
Archived module - /apps/prod/cid1p/exe/onl/archive/SOCK12.gnt.20220830
moved module - /apps/prod/cid1p/src/online/EL6301.cl2
moved module - /apps/prod/cid1p/src/online/EL6301.cbl
moved module - /apps/prod/cid1p/src/online/EL6311.cl2
moved module - /apps/prod/cid1p/src/online/EL6311.cbl
moved module - /apps/prod/cid1p/src/online/EL689.cl2
moved module - /apps/prod/cid1p/src/online/EL689.cbl
moved module - /apps/prod/cid1p/src/online/ELHLDI.cl2
moved module - /apps/prod/cid1p/src/online/ELHLDI.cbl
moved module - /apps/prod/cid1p/src/online/NSRASBL.cl2
moved module - /apps/prod/cid1p/src/online/NSRASBL.cbl
moved module - /apps/prod/cid1p/src/online/SOCK12.cl2
moved module - /apps/prod/cid1p/src/online/SOCK12.cbl
moved module - /apps/prod/cid1p/staging/exe_onl/EL6301.gnt
moved module - /apps/prod/cid1p/staging/exe_onl/EL6311.gnt
moved module - /apps/prod/cid1p/staging/exe_onl/EL689.gnt
moved module - /apps/prod/cid1p/staging/exe_onl/ELHLDI.gnt
moved module - /apps/prod/cid1p/staging/exe_onl/NSRASBL.gnt
moved module - /apps/prod/cid1p/staging/exe_onl/SOCK12.gnt
