[2022071400001]
[/apps/test/cid1s/jcl/daily_jobs/;/apps/prod/cid1p/jcl/daily_jobs/]
[/apps/test/cid1s/jcl/monthly_jobs/;/apps/prod/cid1p/jcl/monthly_jobs/]
[/apps/test/cid1s/jcl/quarterly_jobs/;/apps/prod/cid1p/jcl/quarterly_jobs/]
[/apps/test/cid1s/jcl/yearly_jobs/;/apps/prod/cid1p/jcl/yearly_jobs/]
[/export/home/tana/bin/;/export/home/mtpadmin/bin/]
[/apps/test/cid1s/sys/webroot/;/apps/prod/cid1p/sys/webroot/]
[/apps/test/cid1s/sys/webroot/coversheets/;/apps/prod/cid1p/sys/webroot/coversheets/]
[/apps/test/cid1s/sys/webroot/coversheets/images/;/apps/prod/cid1p/sys/webroot/coversheets/images/]
[/apps/test/cid1s/sys/webroot/coversheets/javascript/;/apps/prod/cid1p/sys/webroot/coversheets/javascript/]
[/apps/test/cid1s/sys/webroot/coversheets/style/;/apps/prod/cid1p/sys/webroot/coversheets/style/]
[/apps/test/cid1s/maps/;/apps/prod/cid1p/maps/]
[/apps/test/cid1s/copy/;/apps/prod/cid1p/copy/]
[/apps/test/cid1s/emails/;/apps/prod/cid1p/emails/]
[/apps/test/cid1s/parmlib/;/apps/prod/cid1p/parmlib/]
[/apps/test/cid1s/src/batch/;/apps/prod/cid1p/src/batch/]
[/apps/test/cid1s/src/online/;/apps/prod/cid1p/src/online/]
ELCANC.cbl=
ELCANC.cl2=
ELCANC.idy=
ELCANC.int=
ELCANC.lst=
[/apps/test/cid1s/exe/bat/;/apps/prod/cid1p/staging/exe_bat/]
[/apps/test/cid1s/exe/onl/;/apps/prod/cid1p/staging/exe_onl/]
ELCANC.gnt=Archive Process Successfull using - perl /export/home/mtpadmin/bin/mtp_archive.pl CC-8044-TANA.ini
Move Process Successfull using - perl /export/home/mtpadmin/bin/mtp_move.pl CC-8044-TANA.ini
Promote process successfull and verified using - perl /export/home/mtpadmin/bin/mtp_verify.pl CC-8044-TANA.ini
Archived module - /apps/prod/cid1p/src/online/archive/ELCANC.cbl.20220718
Archived module - /apps/prod/cid1p/src/online/archive/ELCANC.cl2.20220718
Archived module - /apps/prod/cid1p/src/online/archive/ELCANC.idy.20220718
Archived module - /apps/prod/cid1p/src/online/archive/ELCANC.int.20220718
Archived module - /apps/prod/cid1p/src/online/archive/ELCANC.lst.20220718
Archived module - /apps/prod/cid1p/exe/onl/archive/ELCANC.gnt.20220718
moved module - /apps/prod/cid1p/src/online/ELCANC.cbl
moved module - /apps/prod/cid1p/src/online/ELCANC.cl2
moved module - /apps/prod/cid1p/src/online/ELCANC.idy
moved module - /apps/prod/cid1p/src/online/ELCANC.int
moved module - /apps/prod/cid1p/src/online/ELCANC.lst
moved module - /apps/prod/cid1p/staging/exe_onl/ELCANC.gnt
