[2020061200002]
[/apps/test/cid1s/jcl/daily_jobs/;/apps/prod/cid1p/jcl/daily_jobs/]
[/apps/test/cid1s/jcl/monthly_jobs/;/apps/prod/cid1p/jcl/monthly_jobs/]
[/apps/test/cid1s/jcl/quarterly_jobs/;/apps/prod/cid1p/jcl/quarterly_jobs/]
[/apps/test/cid1s/jcl/yearly_jobs/;/apps/prod/cid1p/jcl/yearly_jobs/]
[/export/home/tana/bin/;/export/home/mtpadmin/bin/]
[/apps/test/cid1s/sys/webroot/;/apps/prod/cid1p/sys/webroot/]
ASBOD.tem=
[/apps/test/cid1s/sys/webroot/coversheets/;/apps/prod/cid1p/sys/webroot/coversheets/]
[/apps/test/cid1s/sys/webroot/coversheets/images/;/apps/prod/cid1p/sys/webroot/coversheets/images/]
[/apps/test/cid1s/sys/webroot/coversheets/javascript/;/apps/prod/cid1p/sys/webroot/coversheets/javascript/]
[/apps/test/cid1s/sys/webroot/coversheets/style/;/apps/prod/cid1p/sys/webroot/coversheets/style/]
[/apps/test/cid1s/maps/;/apps/prod/cid1p/maps/]
[/apps/test/cid1s/copy/;/apps/prod/cid1p/copy/]
ELC631PI=
NSCASOUTB=
NSCASVARS=
[/apps/test/cid1s/emails/;/apps/prod/cid1p/emails/]
[/apps/test/cid1s/parmlib/;/apps/prod/cid1p/parmlib/]
[/apps/test/cid1s/src/batch/;/apps/prod/cid1p/src/batch/]
CIDNSASX.cbl=
CIDNSASX.idy=
CIDNSASX.int=
[/apps/test/cid1s/src/online/;/apps/prod/cid1p/src/online/]
EL1278.cbl=
EL1278.cl2=
EL1278.idy=
EL1278.int=
EL1278.lst=
EL677.cbl=
EL677.cl2=
EL677.idy=
EL677.int=
EL677.lst=
EL6301.cbl=
EL6301.cl2=
EL6301.idy=
EL6301.int=
EL6301.lst=
EL6311.cbl=
EL6311.cl2=
EL6311.idy=
EL6311.int=
EL6311.lst=
ELCANC.cbl=
ELCANC.cl2=
ELCANC.idy=
ELCANC.int=
ELCANC.lst=
NSRASBL.cbl=
NSRASBL.cl2=
NSRASBL.idy=
NSRASBL.int=
NSRASBL.lst=
[/apps/test/cid1s/exe/bat/;/apps/prod/cid1p/staging/exe_bat/]
CIDNSASX.gnt=
[/apps/test/cid1s/exe/onl/;/apps/prod/cid1p/staging/exe_onl/]
EL1278.gnt=
EL677.gnt=
EL6301.gnt=
EL6311.gnt=
ELCANC.gnt=
NSRASBL.gnt=Archive Process Successfull using - perl /export/home/mtpadmin/bin/mtp_archive.pl CC-8039-TANA.ini
Move Process Successfull using - perl /export/home/mtpadmin/bin/mtp_move.pl CC-8039-TANA.ini
Promote process successfull and verified using - perl /export/home/mtpadmin/bin/mtp_verify.pl CC-8039-TANA.ini
Archived module - /apps/prod/cid1p/sys/webroot/archive/ASBOD.tem.20220707
Archived module - /apps/prod/cid1p/copy/archive/ELC631PI.20220707
Archived module - /apps/prod/cid1p/copy/archive/NSCASOUTB.20220707
Archived module - /apps/prod/cid1p/copy/archive/NSCASVARS.20220707
Archived module - /apps/prod/cid1p/src/batch/archive/CIDNSASX.cbl.20220707
Archived module - /apps/prod/cid1p/src/batch/archive/CIDNSASX.idy.20220707
Archived module - /apps/prod/cid1p/src/batch/archive/CIDNSASX.int.20220707
Archived module - /apps/prod/cid1p/src/online/archive/EL1278.cbl.20220707
Archived module - /apps/prod/cid1p/src/online/archive/EL1278.cl2.20220707
Archived module - /apps/prod/cid1p/src/online/archive/EL1278.idy.20220707
Archived module - /apps/prod/cid1p/src/online/archive/EL1278.int.20220707
Archived module - /apps/prod/cid1p/src/online/archive/EL1278.lst.20220707
Archived module - /apps/prod/cid1p/src/online/archive/EL677.cbl.20220707
Archived module - /apps/prod/cid1p/src/online/archive/EL677.cl2.20220707
Archived module - /apps/prod/cid1p/src/online/archive/EL677.idy.20220707
Archived module - /apps/prod/cid1p/src/online/archive/EL677.int.20220707
Archived module - /apps/prod/cid1p/src/online/archive/EL677.lst.20220707
Archived module - /apps/prod/cid1p/src/online/archive/EL6301.cbl.20220707
Archived module - /apps/prod/cid1p/src/online/archive/EL6301.cl2.20220707
Archived module - /apps/prod/cid1p/src/online/archive/EL6301.idy.20220707
Archived module - /apps/prod/cid1p/src/online/archive/EL6301.int.20220707
Archived module - /apps/prod/cid1p/src/online/archive/EL6301.lst.20220707
Archived module - /apps/prod/cid1p/src/online/archive/EL6311.cbl.20220707
Archived module - /apps/prod/cid1p/src/online/archive/EL6311.cl2.20220707
Archived module - /apps/prod/cid1p/src/online/archive/EL6311.idy.20220707
Archived module - /apps/prod/cid1p/src/online/archive/EL6311.int.20220707
Archived module - /apps/prod/cid1p/src/online/archive/EL6311.lst.20220707
Archived module - /apps/prod/cid1p/src/online/archive/ELCANC.cbl.20220707
Archived module - /apps/prod/cid1p/src/online/archive/ELCANC.cl2.20220707
Archived module - /apps/prod/cid1p/src/online/archive/ELCANC.idy.20220707
Archived module - /apps/prod/cid1p/src/online/archive/ELCANC.int.20220707
Archived module - /apps/prod/cid1p/src/online/archive/ELCANC.lst.20220707
Archived module - /apps/prod/cid1p/src/online/archive/NSRASBL.cbl.20220707
Archived module - /apps/prod/cid1p/src/online/archive/NSRASBL.cl2.20220707
Archived module - /apps/prod/cid1p/src/online/archive/NSRASBL.idy.20220707
Archived module - /apps/prod/cid1p/src/online/archive/NSRASBL.int.20220707
Archived module - /apps/prod/cid1p/src/online/archive/NSRASBL.lst.20220707
Archived module - /apps/prod/cid1p/exe/bat/archive/CIDNSASX.gnt.20220707
Archived module - /apps/prod/cid1p/exe/onl/archive/EL1278.gnt.20220707
Archived module - /apps/prod/cid1p/exe/onl/archive/EL677.gnt.20220707
Archived module - /apps/prod/cid1p/exe/onl/archive/EL6301.gnt.20220707
Archived module - /apps/prod/cid1p/exe/onl/archive/EL6311.gnt.20220707
Archived module - /apps/prod/cid1p/exe/onl/archive/ELCANC.gnt.20220707
Archived module - /apps/prod/cid1p/exe/onl/archive/NSRASBL.gnt.20220707
moved module - /apps/prod/cid1p/sys/webroot/ASBOD.tem
moved module - /apps/prod/cid1p/copy/ELC631PI
moved module - /apps/prod/cid1p/copy/NSCASOUTB
moved module - /apps/prod/cid1p/copy/NSCASVARS
moved module - /apps/prod/cid1p/src/batch/CIDNSASX.cbl
moved module - /apps/prod/cid1p/src/batch/CIDNSASX.idy
moved module - /apps/prod/cid1p/src/batch/CIDNSASX.int
moved module - /apps/prod/cid1p/src/online/EL1278.cbl
moved module - /apps/prod/cid1p/src/online/EL1278.cl2
moved module - /apps/prod/cid1p/src/online/EL1278.idy
moved module - /apps/prod/cid1p/src/online/EL1278.int
moved module - /apps/prod/cid1p/src/online/EL1278.lst
moved module - /apps/prod/cid1p/src/online/EL677.cbl
moved module - /apps/prod/cid1p/src/online/EL677.cl2
moved module - /apps/prod/cid1p/src/online/EL677.idy
moved module - /apps/prod/cid1p/src/online/EL677.int
moved module - /apps/prod/cid1p/src/online/EL677.lst
moved module - /apps/prod/cid1p/src/online/EL6301.cbl
moved module - /apps/prod/cid1p/src/online/EL6301.cl2
moved module - /apps/prod/cid1p/src/online/EL6301.idy
moved module - /apps/prod/cid1p/src/online/EL6301.int
moved module - /apps/prod/cid1p/src/online/EL6301.lst
moved module - /apps/prod/cid1p/src/online/EL6311.cbl
moved module - /apps/prod/cid1p/src/online/EL6311.cl2
moved module - /apps/prod/cid1p/src/online/EL6311.idy
moved module - /apps/prod/cid1p/src/online/EL6311.int
moved module - /apps/prod/cid1p/src/online/EL6311.lst
moved module - /apps/prod/cid1p/src/online/ELCANC.cbl
moved module - /apps/prod/cid1p/src/online/ELCANC.cl2
moved module - /apps/prod/cid1p/src/online/ELCANC.idy
moved module - /apps/prod/cid1p/src/online/ELCANC.int
moved module - /apps/prod/cid1p/src/online/ELCANC.lst
moved module - /apps/prod/cid1p/src/online/NSRASBL.cbl
moved module - /apps/prod/cid1p/src/online/NSRASBL.cl2
moved module - /apps/prod/cid1p/src/online/NSRASBL.idy
moved module - /apps/prod/cid1p/src/online/NSRASBL.int
moved module - /apps/prod/cid1p/src/online/NSRASBL.lst
moved module - /apps/prod/cid1p/staging/exe_bat/CIDNSASX.gnt
moved module - /apps/prod/cid1p/staging/exe_onl/EL1278.gnt
moved module - /apps/prod/cid1p/staging/exe_onl/EL677.gnt
moved module - /apps/prod/cid1p/staging/exe_onl/EL6301.gnt
moved module - /apps/prod/cid1p/staging/exe_onl/EL6311.gnt
moved module - /apps/prod/cid1p/staging/exe_onl/ELCANC.gnt
moved module - /apps/prod/cid1p/staging/exe_onl/NSRASBL.gnt
