[jcl/daily_jobs/]
[jcl/monthly_jobs/]
ahlgm35=
[jcl/quarterly_jobs/]
[jcl/yearly_jobs/]
[sys/webroot/]
CSHDR.tem=new
KIXERROR.tem=new
[sys/webroot/coversheets/]
[sys/webroot/coversheets/images/]
[sys/webroot/coversheets/javascript/]
[sys/webroot/coversheets/style/]
[maps/]
[copy/]
[emails/]
[src/batch/]
[src/online/]
[exe/bat/]
[exe/onl/]
Archive Process Successfull using - perl /export/home/mtpadmin/bin/mtparchive.pl CC-xxxx-PEMA.ini
Move Process Successfull using - perl /export/home/mtpadmin/bin/mtpmoves.pl CC-xxxx-PEMA.ini
Promote process successfull and verified using - perl /export/home/mtpadmin/bin/mtpverifys.pl CC-xxxx-PEMA.ini
