Error detected during cob of SQLCLMHSB.cbl.cbl
Error detected during cob of SQLCLMHSB.cbl
Error detected during cob of VC001.cbl.cbl
Error detected during cob of SQLCLMHSB.cbl
Error detected during cob of SQLCLMHSB.cbl
Error detected during cob of SQLCLMHSB.cbl
Error detected during cob of SQLCLMHSB.cbl
Error detected during cob of SQLCLMHSB.cbl
Error detected during cob of SQLCLMHSB.cbl
Error detected during cob of SQLCLMHSB.cbl
Error detected during cob of SQLCLMHSB.cbl
Error detected during cob of SQLCLMHSB.cbl
Error detected during cob of SQLCLMHSB.cbl
Error detected during cob of SQLCLMHSB.cbl
Error detected during cob of SQLCLMHSB.cbl
Error detected during cob of SQLCLMHSB.cbl
Error detected during cob of ECS010.cbl
Error detected during cob of AGEB16.cbl.cbl
Error detected during cob of AGEB16.cbl
Error detected during cob of AGEB16.cbl
Error detected during cob of AGEB16.cbl.cbl
Error detected during cob of AGEB16.cbl
Error detected during cob of AGEB16.cbl.cbl
Error detected during cob of EL335.cbl
Error detected during cob of ECS043SL.cbl.cbl
Error detected during cob of EL547R.cbl
Error detected during cob of SQLBERMEBL.cbl
Error detected during cob of .cbl
Error detected during cob of SQLBERMEBL.cbl
Error detected during cob of SQLBERMEBL.cbl
Error detected during cob of SQLBERMEBL.cbl
Error detected during cob of SQLBERMEBL.cbl
Error detected during cob of .cbl.cbl
Error detected during cob of SQLBERMEBL.cbl
Error detected during cob of DCCCRX4.cbl
Error detected during cob of DCCCRX4.cbl
Error detected during cob of DCCCRX4.cbl
Error detected during cob of DCCCRX4.cbl
Error detected during cob of DCCCRX4.cbl
Error detected during cob of DCCCRX4.cbl
Error detected during cob of .cbl
Error detected during cob of .cbl
Error detected during cob of DCCCRX4.cbl
Error detected during cob of DCCRX4.cbl
Error detected during cob of DCCRX4.cbl
Error detected during cob of DCCRX4.cbl
Error detected during cob of DCCCRX4.cbl.cbl
Error detected during cob of EL585M.cbl
Error detected during cob of EL352.cbl.cbl
Error detected during cob of EL352.cbl
Error detected during cob of EL585.cbl
Error detected during cob of CIDCHX1.cbl
Error detected during cob of CIDCHX1.cbl
Error detected during cob of CIDCHX1.cbl.cbl
