Error detected during kixclt of CID.vcprepout
Error detected during kixclt of CID.vcprepout
Error detected during kixclt of CID.vcprepout
Error detected during kixclt of NSADDLTR.vcprepout
Error detected during kixclt of NSRLTRBL.vcprepout
Error detected during kixclt of NSAASBL.vcprepout
Error detected during kixclt of EL177.vcprepout
Error detected during kixclt of SOCK08.vcprepout
Error detected during cob of SOCK08.cbl
Error detected during kixclt of EL050.vcprepout
Error detected during kixclt of EL652.vcprepout
Error detected during kixclt of EL153.vcprepout
Error detected during kixclt of EL6311.vcprepout
Error detected during kixclt of WF001.vcprepout
Error detected during kixclt of EL176.vcprepout
Error detected during kixclt of EL051.vcprepout
Error detected during kixclt of EL6521.vcprepout
Error detected during kixclt of EL1278.vcprepout
Error detected during cob of EL1278.cbl
Error detected during kixclt of EL680.vcprepout
Error detected during kixclt of SOCK00.vcprepout
Error detected during kixclt of EL1284.vcprepout
Error detected during vcprep of new.cl2
Error detected during kixclt of new.vcprepout
Error detected during cob of new.cbl
Error detected during vcprep of new.cl2
Error detected during kixclt of new.vcprepout
Error detected during cob of new.cbl
Error detected during vcprep of new.cl2
Error detected during kixclt of new.vcprepout
Error detected during cob of new.cbl
Error detected during vcprep of new.cl2
Error detected during kixclt of new.vcprepout
Error detected during cob of new.cbl
Error detected during vcprep of new.cl2
Error detected during kixclt of new.vcprepout
Error detected during cob of new.cbl
Error detected during vcprep of new.cl2
Error detected during kixclt of new.vcprepout
Error detected during cob of new.cbl
Error detected during kixclt of SQLCLMHS.vcprepout
Error detected during kixclt of EL150.vcprepout
Error detected during kixclt of EL1501.vcprepout
Error detected during kixclt of EL130.vcprepout
Error detected during cob of EL130.cbl
Error detected during kixclt of EL1275.vcprepout
Error detected during cob of EL1275.cbl
Error detected during kixclt of EL1277.vcprepout
Error detected during kixclt of EL156.vcprepout
Error detected during cob of EL156.cbl
Error detected during kixclt of EL159.vcprepout
Error detected during cob of EL159.cbl
Error detected during kixclt of EL633.vcprepout
Error detected during kixclt of EL1602.vcprepout
Error detected during kixclt of NSREQLTR.vcprepout
Error detected during kixclt of WSMESS01.vcprepout
Error detected during cob of WSMESS01.cbl
Error detected during kixclt of EL205.vcprepout
Error detected during kixclt of EL201.vcprepout
Error detected during cob of EL201.cbl
Error detected during kixclt of NSALTRBL.vcprepout
Error detected during kixclt of WSZIPCD.vcprepout
Error detected during kixclt of WSMESS02.vcprepout
Error detected during cob of WSMESS02.cbl
Error detected during kixclt of SOCK09.vcprepout
Error detected during kixclt of EL691.vcprepout
Error detected during cob of EL691.cbl
Error detected during kixclt of EL601.vcprepout
Error detected during kixclt of SOCK03.vcprepout
Error detected during kixclt of SOCK11.vcprepout
Error detected during kixclt of EL008.vcprepout
Error detected during kixclt of EL1523.vcprepout
Error detected during kixclt of EL143.vcprepout
Error detected during kixclt of EL677.vcprepout
Error detected during kixclt of NSRASBL.vcprepout
Error detected during cob of NSRASBL.cbl
Error detected during kixclt of EL626.vcprepout
Error detected during kixclt of EL125.vcprepout
Error detected during kixclt of SOCK17.vcprepout
Error detected during kixclt of NSAASLTR.vcprepout
Error detected during kixclt of NSRASLTR.vcprepout
Error detected during kixclt of ELHLDI.vcprepout
Error detected during cob of ELHLDI.cbl
Error detected during kixclt of CID.vcprepout
Error detected during kixclt of EL685.vcprepout
Error detected during kixclt of EL202.vcprepout
Error detected during kixclt of EL1503.vcprepout
Error detected during kixclt of EL1504.vcprepout
Error detected during kixclt of WSMESS03.vcprepout
Error detected during cob of WSMESS03.cbl
Error detected during kixclt of EL162.vcprepout
Error detected during kixclt of EL160.vcprepout
Error detected during kixclt of EL6331.vcprepout
Error detected during kixclt of SOCK07.vcprepout
Error detected during kixclt of EL142.vcprepout
Error detected during kixclt of SOCK14.vcprepout
Error detected during kixclt of SOCK10.vcprepout
Error detected during kixclt of EL1812.vcprepout
Error detected during kixclt of EL131.vcprepout
Error detected during kixclt of ELRFND.vcprepout
Error detected during kixclt of EL180.vcprepout
Error detected during kixclt of EL6301.vcprepout
Error detected during cob of EL6301.cbl
Error detected during cob of EL1275.cbl
Error detected during cob of EL159.cbl
Error detected during cob of EL691.cbl
Error detected during cob of NSRASBL.cbl
Error detected during cob of EL156.cbl
Error detected during cob of WSMESS01.cbl
Error detected during kixclt of CID.vcprepout
Error detected during cob of EL1278.cbl
Error detected during kixclt of CID.vcprepout
Error detected during cob of EL1278.cbl
Error detected during cob of EL156.cbl
Error detected during cob of WSMESS01.cbl
Error detected during cob of EL691.cbl
Error detected during cob of NSRASBL.cbl
Error detected during cob of SOCK12.cbl
Error detected during kixclt of EL6311.vcprepout
Error detected during kixclt of EL051.vcprepout
Error detected during kixclt of SQLCLMHS.vcprepout
Error detected during kixclt of EL677.vcprepout
Error detected during cob of EL677.cbl
Error detected during kixclt of EL6301.vcprepout
Error detected during cob of EL6301.cbl
