Local directory now /data/seqfiles
Interactive mode off.
Verbose mode on.
local: CI.DL.CIADM.FICH317.DLY remote: CI.DL.CIADM.FICH317.DLY
229 Entering Extended Passive Mode (|||56422|)
125 Data connection already open; Transfer starting.
226 Transfer complete.
118050 bytes sent in 00:00 (5.05 MB/s)
local: CI.DL.CIADM.FICH315.DLY remote: CI.DL.CIADM.FICH315.DLY
229 Entering Extended Passive Mode (|||56423|)
125 Data connection already open; Transfer starting.
226 Transfer complete.
309905 bytes sent in 00:00 (10.75 MB/s)
local: CI.DL.CIADM.FICH583 remote: CI.DL.CIADM.FICH583
229 Entering Extended Passive Mode (|||56424|)
125 Data connection already open; Transfer starting.
226 Transfer complete.
2913 bytes sent in 00:00 (598.00 KB/s)
local: CI.DL.CIADM.FICH585 remote: CI.DL.CIADM.FICH585
229 Entering Extended Passive Mode (|||56425|)
125 Data connection already open; Transfer starting.
226 Transfer complete.
8635 bytes sent in 00:00 (1.03 MB/s)
local: CI.DL.CIADM.FICH591 remote: CI.DL.CIADM.FICH591
229 Entering Extended Passive Mode (|||56426|)
125 Data connection already open; Transfer starting.
226 Transfer complete.
17849 bytes sent in 00:00 (1.33 MB/s)
local: CI.DL.CIADM.FICH591D remote: CI.DL.CIADM.FICH591D
229 Entering Extended Passive Mode (|||56427|)
125 Data connection already open; Transfer starting.
226 Transfer complete.
610949 bytes sent in 00:00 (20.87 MB/s)
local: CI.DL.CIADM.FICH353 remote: CI.DL.CIADM.FICH353
229 Entering Extended Passive Mode (|||56428|)
125 Data connection already open; Transfer starting.
226 Transfer complete.
674 bytes sent in 00:00 (231.43 KB/s)
local: CI.DL.CIADM.FICH310 remote: CI.DL.CIADM.FICH310
229 Entering Extended Passive Mode (|||56429|)
125 Data connection already open; Transfer starting.
226 Transfer complete.
68726 bytes sent in 00:00 (8.18 MB/s)
local: CI.DL.CIADM.FICHCLEXT remote: CI.DL.CIADM.FICHCLEXT
229 Entering Extended Passive Mode (|||56430|)
125 Data connection already open; Transfer starting.
226 Transfer complete.
883547 bytes sent in 00:00 (22.03 MB/s)
221 Goodbye.
