04/15/2022  02:12:50  unikixtran5 Formatted Dump File

Run-Time Error -
Event Received :     SIGABRT

Transaction: CWXN has abended in Program: KXWBXN  
Failure occurred in Application code
CICS Command Level Trace:
      Function WEB SEND         CID# 00000765 Condition Successful
      Function DOC CREATE       CID# 00000760 Condition Successful
      Function EXTRACT TCPIP    CID# 00000165 Condition Successful
      Function WEB EXTRACT      CID# 00000155 Condition Successful

Current address on heap     (9596000)
Address of Shared Memory    (20000000)
Address of Max Core         (47600000)
Address of Threshold Memory (47200000)

******************  Exec Interface Block   ******************
EIBTIME   0021250c		EIBSYNC   00
EIBDATE   0122105c		EIBFREE   00
EIBTRNID  CWXN    		EIBRECV   00
EIBTASKN  0530011c		EIBSEND   00
EIBTRMID          		EIBATT    00
DFHEIGDI  0000    		EIBEOC    00
EIBCPOSN  0000    		EIBFMH    00
EIBCALEN  0000    		EIBCOMPL  00
EIBAID    00      		EIBSIG    00
EIBFN     3804    		EIBCONF   00
EIBRCODE  000000000000		EIBERR    00
EIBDS             		EIBERRCD  00000000
EIBREQID          		EIBSYNRB  20
EIBRSRCE          		EIBNODAT  00
EIBRESP   00000000		EIBRLDBK  00
EIBRESP2  00000000

*********************************   CWA   ********************************
No Common Work Area present

*********************************   TWA   ********************************
No Transaction Work Area present


*********************************   TCTUA   ******************************
TCTUA LENGTH = 255
9083fd0 00000000  20202020 20202020 20202020 20202020 "                "
                  --- SUPPRESSED -- 00013 LINES -- 0x000000d0 BYTES ---
90840b0 000000e0  20202020 20202020 20202020 20202020 "                "
90840c0 000000f0  20202020 20202020 20202020 202020   "               "


******************************  PROGRAM STACK **************************

PROGRAM: KXWBXN  
WORKING STORAGE
dd04419c 00000000  00                                  "."


COMMAREA
No commarea present
