08/23/2021  14:33:49  unikixtran1 Formatted Dump File

Transaction: EXCR has abended in Program: EL125   
Failure occurred in TPE code
CICS Command Level Trace:

Current address on heap     (a0b7000)
Address of Shared Memory    (20000000)
Address of Max Core         (47600000)
Address of Threshold Memory (47200000)

******************  Exec Interface Block   ******************
EIBTIME   0143349c		EIBSYNC   00
EIBDATE   0121235c		EIBFREE   00
EIBTRNID  EXCR    		EIBRECV   00
EIBTASKN  0000002c		EIBSEND   00
EIBTRMID  C000    		EIBATT    00
DFHEIGDI  0000    		EIBEOC    00
EIBCPOSN  0004    		EIBFMH    00
EIBCALEN  0000    		EIBCOMPL  00
EIBAID    27      		EIBSIG    00
EIBFN     0000    		EIBCONF   00
EIBRCODE  000000000000		EIBERR    00
EIBDS             		EIBERRCD  00000000
EIBREQID          		EIBSYNRB  20
EIBRSRCE          		EIBNODAT  00
EIBRESP   00000000		EIBRLDBK  00
EIBRESP2  00000000

*********************************   CWA   ********************************
No Common Work Area present

*********************************   TWA   ********************************
No Transaction Work Area present


*********************************   TCTUA   ******************************
TCTUA LENGTH = 255
80001ee0 00000000  20202020 20202020 20202020 20202020 "                "
                  --- SUPPRESSED -- 00013 LINES -- 0x000000d0 BYTES ---
80001fc0 000000e0  20202020 20202020 20202020 20202020 "                "
80001fd0 000000f0  20202020 20202020 20202020 202020   "               "


******************************  PROGRAM STACK **************************

PROGRAM: EL125   
WORKING STORAGE


COMMAREA
No commarea present
