#
# A fatal error has been detected by the Java Runtime Environment:
#
#  SIGSEGV (0xb) at pc=0x6a77567a, pid=2649624, tid=0xf66ec700
#
# JRE version: Java(TM) SE Runtime Environment (8.0_281-b09) (build 1.8.0_281-b09)
# Java VM: Java HotSpot(TM) Server VM (25.281-b09 mixed mode linux-x86 )
# Problematic frame:
# C  0x6a77567a
#
# Core dump written. Default location: /apps/test/mdoff/sys/core or core.2649624
#
# If you would like to submit a bug report, please visit:
#   http://bugreport.java.com/bugreport/crash.jsp
# The crash happened outside the Java Virtual Machine in native code.
# See problematic frame for where to report the bug.
#

---------------  T H R E A D  ---------------

Current thread (0x08a32800):  JavaThread "main" [_thread_in_native, id=2649624, stack(0xff81f000,0xff91f000)]

siginfo: si_signo: 11 (SIGSEGV), si_code: 2 (SEGV_ACCERR), si_addr: 0x6a77567a

Registers:
EAX=0x00000000, EBX=0x4d353355, ECX=0xdd306fc1, EDX=0x00000000
ESP=0xff8f07d0, EBP=0x39653442, ESI=0x6e624b7a, EDI=0x504c6758
EIP=0x6a77567a, EFLAGS=0x00010282, CR2=0x6a77567a

Top of Stack: (sp=0xff8f07d0)
0xff8f07d0:   4130304d 4378707a 44557563 47524761
0xff8f07e0:   31786d64 42547a70 62727454 6e6f663c
0xff8f07f0:   69732074 353d657a 733c3e30 70697263
0xff8f0800:   6c613e74 28747265 0a293131 dd309000
0xff8f0810:   dd3090d4 00000224 00000006 f6938590
0xff8f0820:   ff8f0e23 00000000 00000015 00000015
0xff8f0830:   ff8f0da8 00000000 ff8f0e00 00000006
0xff8f0840:   f6f0f440 00000001 00000001 f6c5119e 

Instructions: (pc=0x6a77567a)
0x6a77565a:   00 00 00 00 00 00 00 00 00 00 00 00 00 00 00 00
0x6a77566a:   00 00 00 00 00 00 00 00 00 00 00 00 00 00 00 00
0x6a77567a:   00 00 00 00 00 00 00 00 00 00 00 00 00 00 00 00
0x6a77568a:   00 00 00 00 00 00 00 00 00 00 00 00 00 00 00 00 

Register to memory mapping:

EAX=0x00000000 is an unknown value
EBX=0x4d353355 is an unknown value
ECX=0xdd306fc1: <offset 0x3fc1> in /apps/mtp/mtp/lib/KXWBXN.so at 0xdd303000
EDX=0x00000000 is an unknown value
ESP=0xff8f07d0 is pointing into the stack for thread: 0x08a32800
EBP=0x39653442 is an unknown value
ESI=0x6e624b7a is an unknown value
EDI=0x504c6758 is an unknown value


Stack: [0xff81f000,0xff91f000],  sp=0xff8f07d0,  free space=837k
Native frames: (J=compiled Java code, j=interpreted, Vv=VM code, C=native code)
C  0x6a77567a

Java frames: (J=compiled Java code, j=interpreted, Vv=VM code)
j  com.vcobol.runtime.impl.NativeVCobolCallable.nativeCall00(J)J+0
j  com.vcobol.runtime.impl.NativeVCobolCallable.call([Lcom/vcobol/runtime/memory/Chunk;)J+92
j  com.vcobol.runtime.VCobolRuntime.callCallable(Lcom/vcobol/runtime/ru/RunUnit;Lcom/vcobol/runtime/VCobolCallable;[Lcom/vcobol/runtime/memory/Chunk;)J+21
j  com.vcobol.runtime.VCobolRuntime.callProgram(Lcom/vcobol/runtime/VCobolCallable;[Lcom/vcobol/runtime/memory/Chunk;)J+44
j  KXCALLKIX.PROCEDURE()I+147
j  KXCALLKIX.perform(II)I+39
j  KXCALLKIX.call([Lcom/vcobol/runtime/memory/Chunk;)J+10
j  com.vcobol.runtime.VCobolRuntime.callCallable(Lcom/vcobol/runtime/ru/RunUnit;Lcom/vcobol/runtime/VCobolCallable;[Lcom/vcobol/runtime/memory/Chunk;)J+21
j  com.vcobol.runtime.VCobolRuntime.callProgram(Lcom/vcobol/runtime/VCobolCallable;[Lcom/vcobol/runtime/memory/Chunk;)J+22
j  com.vcobol.runtime.VCobolRuntime.callProgramExtended(Ljava/lang/String;Z[Lcom/vcobol/runtime/memory/Chunk;)J+36
v  ~StubRoutines::call_stub

---------------  P R O C E S S  ---------------

Java Threads: ( => current thread )
  0x08c7d800 JavaThread "Service Thread" daemon [_thread_blocked, id=2649970, stack(0xdccfe000,0xdcdff000)]
  0x08c7a800 JavaThread "C1 CompilerThread2" daemon [_thread_blocked, id=2649968, stack(0xdd07f000,0xdd0ff000)]
  0x08c79000 JavaThread "C2 CompilerThread1" daemon [_thread_blocked, id=2649966, stack(0xdd37f000,0xdd3ff000)]
  0x08c77000 JavaThread "C2 CompilerThread0" daemon [_thread_blocked, id=2649962, stack(0xdd656000,0xdd6d6000)]
  0x08c75800 JavaThread "Attach Listener" daemon [_thread_blocked, id=2649960, stack(0xdcdff000,0xdcf00000)]
  0x08c5b400 JavaThread "Finalizer" daemon [_thread_blocked, id=2649949, stack(0xdd0ff000,0xdd200000)]
  0x08c58400 JavaThread "Reference Handler" daemon [_thread_blocked, id=2649946, stack(0xdd3ff000,0xdd500000)]
=>0x08a32800 JavaThread "main" [_thread_in_native, id=2649624, stack(0xff81f000,0xff91f000)]

Other Threads:
  0x08c52c00 VMThread [stack: 0xdd6d7000,0xdd757000] [id=2649939]
  0x08c7f800 WatcherThread [stack: 0xdcc7e000,0xdccfe000] [id=2649971]

VM state:not at safepoint (normal execution)

VM Mutex/Monitor currently owned by a thread: None

Heap:
 PSYoungGen      total 19200K, used 10360K [0xe3f80000, 0xe54c0000, 0xe6a00000)
  eden space 16640K, 62% used [0xe3f80000,0xe499e168,0xe4fc0000)
  from space 2560K, 0% used [0xe5240000,0xe5240000,0xe54c0000)
  to   space 2560K, 0% used [0xe4fc0000,0xe4fc0000,0xe5240000)
 ParOldGen       total 43776K, used 0K [0xdea00000, 0xe14c0000, 0xe3f80000)
  object space 43776K, 0% used [0xdea00000,0xdea00000,0xe14c0000)
 Metaspace       used 4526K, capacity 4698K, committed 4760K, reserved 5424K

Card table byte_map: [0xe6a59000,0xe6a9a000] byte_map_base: 0xe6364000

Marking Bits: (ParMarkBitMap*) 0xf7b3fe60
 Begin Bits: [0xdde00000, 0xde000000)
 End Bits:   [0xde000000, 0xde200000)

Polling page: 0xf5e80000

CodeCache: size=245760Kb used=1705Kb max_used=1720Kb free=244054Kb
 bounds [0xe6e5a000, 0xe709a000, 0xf5e5a000]
 total_blobs=725 nmethods=526 adapters=113
 compilation: enabled

Compilation events (10 events):
Event: 1.137 Thread 0x08c7a800  521       3       sun.net.www.protocol.file.Handler::parseURL (18 bytes)
Event: 1.138 Thread 0x08c7a800 nmethod 521 0xe6fec388 code [0xe6fec4a0, 0xe6fec658]
Event: 1.138 Thread 0x08c7a800  522       3       java.net.URLStreamHandler::parseURL (1193 bytes)
Event: 1.151 Thread 0x08c7a800 nmethod 522 0xe6fec748 code [0xe6fed320, 0xe6ff51fc]
Event: 1.151 Thread 0x08c7a800  523       3       java.io.File::getName (42 bytes)
Event: 1.151 Thread 0x08c7a800 nmethod 523 0xe6ffb5c8 code [0xe6ffb700, 0xe6ffbaa4]
Event: 1.157 Thread 0x08c77000 nmethod 517 0xe6fffd48 code [0xe7000060, 0xe7001560]
Event: 1.157 Thread 0x08c77000  526  s    4       sun.misc.URLClassPath::getNextLoader (88 bytes)
Event: 1.160 Thread 0x08c79000 nmethod 508 0xe7003588 code [0xe7003840, 0xe7004bd4]
Event: 1.174 Thread 0x08c77000 nmethod 526 0xe7005e08 code [0xe70060a0, 0xe7007234]

GC Heap History (0 events):
No events

Deoptimization events (2 events):
Event: 0.942 Thread 0x08a32800 Uncommon trap: reason=unstable_if action=reinterpret pc=0xe6f2f484 method=java.lang.String.startsWith(Ljava/lang/String;I)Z @ 25
Event: 1.063 Thread 0x08a32800 Uncommon trap: reason=unstable_if action=reinterpret pc=0xe6f1be60 method=java.lang.CharacterDataLatin1.digit(II)I @ 82

Classes redefined (0 events):
No events

Internal exceptions (10 events):
Event: 0.954 Thread 0x08a32800 Exception <a 'java/security/PrivilegedActionException'> (0xe43f1f20) thrown at [/scratch/jenkins/workspace/8-2-build-linux-i586/jdk8u281/880/hotspot/src/share/vm/prims/jvm.cpp, line 1512]
Event: 0.954 Thread 0x08a32800 Exception <a 'java/security/PrivilegedActionException'> (0xe43f2930) thrown at [/scratch/jenkins/workspace/8-2-build-linux-i586/jdk8u281/880/hotspot/src/share/vm/prims/jvm.cpp, line 1512]
Event: 0.954 Thread 0x08a32800 Exception <a 'java/security/PrivilegedActionException'> (0xe43f2b30) thrown at [/scratch/jenkins/workspace/8-2-build-linux-i586/jdk8u281/880/hotspot/src/share/vm/prims/jvm.cpp, line 1512]
Event: 0.954 Thread 0x08a32800 Exception <a 'java/security/PrivilegedActionException'> (0xe43f3590) thrown at [/scratch/jenkins/workspace/8-2-build-linux-i586/jdk8u281/880/hotspot/src/share/vm/prims/jvm.cpp, line 1512]
Event: 0.954 Thread 0x08a32800 Exception <a 'java/security/PrivilegedActionException'> (0xe43f3790) thrown at [/scratch/jenkins/workspace/8-2-build-linux-i586/jdk8u281/880/hotspot/src/share/vm/prims/jvm.cpp, line 1512]
Event: 0.954 Thread 0x08a32800 Exception <a 'java/security/PrivilegedActionException'> (0xe43f41f0) thrown at [/scratch/jenkins/workspace/8-2-build-linux-i586/jdk8u281/880/hotspot/src/share/vm/prims/jvm.cpp, line 1512]
Event: 0.954 Thread 0x08a32800 Exception <a 'java/security/PrivilegedActionException'> (0xe43f43f0) thrown at [/scratch/jenkins/workspace/8-2-build-linux-i586/jdk8u281/880/hotspot/src/share/vm/prims/jvm.cpp, line 1512]
Event: 1.053 Thread 0x08a32800 Exception <a 'java/lang/NoSuchFieldError': method resolution failed> (0xe4501560) thrown at [/scratch/jenkins/workspace/8-2-build-linux-i586/jdk8u281/880/hotspot/src/share/vm/prims/methodHandles.cpp, line 1169]
Event: 1.054 Thread 0x08a32800 Exception <a 'java/lang/NoSuchFieldError': method resolution failed> (0xe450d6e0) thrown at [/scratch/jenkins/workspace/8-2-build-linux-i586/jdk8u281/880/hotspot/src/share/vm/prims/methodHandles.cpp, line 1169]
Event: 1.066 Thread 0x08a32800 Exception <a 'java/io/FileNotFoundException'> (0xe4586060) thrown at [/scratch/jenkins/workspace/8-2-build-linux-i586/jdk8u281/880/hotspot/src/share/vm/prims/jni.cpp, line 710]

Events (10 events):
Event: 1.136 loading class kxdsptch
Event: 1.136 loading class kxdsptch done
Event: 1.136 loading class KXDSPTCH
Event: 1.136 loading class KXDSPTCH done
Event: 1.136 loading class KXDSPTCH
Event: 1.136 loading class KXDSPTCH done
Event: 1.136 loading class kxdsptch
Event: 1.136 loading class kxdsptch done
Event: 4.729 Executing VM operation: EnableBiasedLocking
Event: 4.729 Executing VM operation: EnableBiasedLocking done


Dynamic libraries:
08048000-08049000 r-xp 00000000 08:10 4194405                            /apps/mtp/TPE16.0.2/bin/unikixtran
08049000-0804a000 r--p 00000000 08:10 4194405                            /apps/mtp/TPE16.0.2/bin/unikixtran
0804a000-0804b000 rw-p 00001000 08:10 4194405                            /apps/mtp/TPE16.0.2/bin/unikixtran
08a08000-09160000 rw-p 00000000 00:00 0                                  [heap]
20000000-50000000 rw-s 00000000 00:01 2                                  /SYSV010a037b (deleted)
50002000-80002000 rw-s 00000000 00:01 3                                  /SYSV00000000 (deleted)
80004000-80a2c000 rw-s 00000000 00:01 4                                  /SYSV00000000 (deleted)
80a2e000-80a5c000 rw-s 00000000 00:01 5                                  /SYSV00000000 (deleted)
80a5e000-84a5f000 rw-s 00000000 00:01 6                                  /SYSV00000000 (deleted)
dc600000-dc629000 rw-p 00000000 00:00 0 
dc629000-dc700000 ---p 00000000 00:00 0 
dc800000-dc8f0000 rw-p 00000000 00:00 0 
dc8f0000-dc900000 ---p 00000000 00:00 0 
dc900000-dc988000 rw-p 00000000 00:00 0 
dc988000-dca00000 ---p 00000000 00:00 0 
dca00000-dca60000 rw-p 00000000 00:00 0 
dca60000-dcb00000 ---p 00000000 00:00 0 
dcb00000-dcbfd000 rw-p 00000000 00:00 0 
dcbfd000-dcc00000 ---p 00000000 00:00 0 
dcc7d000-dcc7e000 ---p 00000000 00:00 0 
dcc7e000-dccfe000 rw-p 00000000 00:00 0 
dccfe000-dcd01000 ---p 00000000 00:00 0 
dcd01000-dcdff000 rw-p 00000000 00:00 0 
dcdff000-dce02000 ---p 00000000 00:00 0 
dce02000-dcf00000 rw-p 00000000 00:00 0 
dcf00000-dcfff000 rw-p 00000000 00:00 0 
dcfff000-dd000000 ---p 00000000 00:00 0 
dd051000-dd065000 r-xp 00000000 fd:00 134724891                          /usr/lib/libresolv-2.28.so
dd065000-dd066000 r--p 00013000 fd:00 134724891                          /usr/lib/libresolv-2.28.so
dd066000-dd067000 rw-p 00014000 fd:00 134724891                          /usr/lib/libresolv-2.28.so
dd067000-dd069000 rw-p 00000000 00:00 0 
dd069000-dd06e000 r-xp 00000000 fd:00 134724743                          /usr/lib/libnss_dns-2.28.so
dd06e000-dd06f000 r--p 00004000 fd:00 134724743                          /usr/lib/libnss_dns-2.28.so
dd06f000-dd070000 rw-p 00005000 fd:00 134724743                          /usr/lib/libnss_dns-2.28.so
dd07e000-dd07f000 ---p 00000000 00:00 0 
dd07f000-dd082000 ---p 00000000 00:00 0 
dd082000-dd0ff000 rw-p 00000000 00:00 0 
dd0ff000-dd102000 ---p 00000000 00:00 0 
dd102000-dd200000 rw-p 00000000 00:00 0 
dd200000-dd300000 rw-p 00000000 00:00 0 
dd303000-dd308000 r-xp 00000000 08:10 4195267                            /apps/mtp/TPE16.0.2/lib/KXWBXN.so
dd308000-dd309000 r--p 00004000 08:10 4195267                            /apps/mtp/TPE16.0.2/lib/KXWBXN.so
dd309000-dd30a000 rw-p 00005000 08:10 4195267                            /apps/mtp/TPE16.0.2/lib/KXWBXN.so
dd30a000-dd30b000 r-xp 00000000 fd:00 2469691                            /opt/lib/cobol/NTT_DATA_COBOL_6.0/native/lib/libvcobolmemory.so
dd30b000-dd30c000 r--p 00000000 fd:00 2469691                            /opt/lib/cobol/NTT_DATA_COBOL_6.0/native/lib/libvcobolmemory.so
dd30c000-dd30d000 rw-p 00001000 fd:00 2469691                            /opt/lib/cobol/NTT_DATA_COBOL_6.0/native/lib/libvcobolmemory.so
dd30d000-dd30f000 r-xp 00000000 08:10 9045189                            /apps/test/mdoff/sys/local/bin/libkxusrexit.so
dd30f000-dd310000 r--p 00001000 08:10 9045189                            /apps/test/mdoff/sys/local/bin/libkxusrexit.so
dd310000-dd311000 rw-p 00002000 08:10 9045189                            /apps/test/mdoff/sys/local/bin/libkxusrexit.so
dd311000-dd312000 rw-p 00000000 00:00 0 
dd312000-dd313000 r--s 00002000 08:10 4195716                            /apps/mtp/TPE16.0.2/axis2/axis2-1.7.8/lib/geronimo-annotation_1.0_spec-1.1.jar
dd313000-dd318000 r--s 0005f000 08:10 4195644                            /apps/mtp/TPE16.0.2/axis2/axis2-1.7.8/lib/jibx-bind-1.2.jar
dd318000-dd319000 r--s 00003000 08:10 4195645                            /apps/mtp/TPE16.0.2/axis2/axis2-1.7.8/lib/axis2-spring-1.7.8.jar
dd319000-dd31c000 r--s 0000f000 08:10 4195615                            /apps/mtp/TPE16.0.2/axis2/axis2-1.7.8/lib/commons-fileupload-1.3.3.jar
dd31c000-dd327000 r--s 0005d000 08:10 4195611                            /apps/mtp/TPE16.0.2/axis2/axis2-1.7.8/lib/axiom-api-1.2.20.jar
dd327000-dd32b000 r--s 00034000 08:10 4195652                            /apps/mtp/TPE16.0.2/axis2/axis2-1.7.8/lib/tribes-6.0.16.jar
dd32b000-dd32f000 r--s 00029000 08:10 4195612                            /apps/mtp/TPE16.0.2/axis2/axis2-1.7.8/lib/stax2-api-3.1.1.jar
dd32f000-dd354000 r--s 001d7000 08:10 4195688                            /apps/mtp/TPE16.0.2/axis2/axis2-1.7.8/lib/jaxb-xjc-2.2.6.jar
dd354000-dd356000 r--s 00013000 08:10 4195719                            /apps/mtp/TPE16.0.2/axis2/axis2-1.7.8/lib/xml-resolver-1.2.jar
dd356000-dd358000 r--s 00003000 08:10 4195685                            /apps/mtp/TPE16.0.2/axis2/axis2-1.7.8/lib/axis2-fastinfoset-1.7.8.jar
dd358000-dd35c000 r--s 00015000 08:10 4195687                            /apps/mtp/TPE16.0.2/axis2/axis2-1.7.8/lib/jaxb-api-2.2.6.jar
dd35c000-dd35d000 r--s 00005000 08:10 4195654                            /apps/mtp/TPE16.0.2/axis2/axis2-1.7.8/lib/axis2-ant-plugin-1.7.8.jar
dd35d000-dd36a000 r--s 000aa000 08:10 4195708                            /apps/mtp/TPE16.0.2/axis2/axis2-1.7.8/lib/httpclient-4.5.3.jar
dd36a000-dd37b000 r--s 00136000 08:10 4195663                            /apps/mtp/TPE16.0.2/axis2/axis2-1.7.8/lib/jalopy-1.5rc3.jar
dd37b000-dd37e000 r--s 00015000 08:10 4195675                            /apps/mtp/TPE16.0.2/axis2/axis2-1.7.8/lib/apache-mime4j-core-0.7.2.jar
dd37e000-dd37f000 ---p 00000000 00:00 0 
dd37f000-dd382000 ---p 00000000 00:00 0 
dd382000-dd3ff000 rw-p 00000000 00:00 0 
dd3ff000-dd402000 ---p 00000000 00:00 0 
dd402000-dd500000 rw-p 00000000 00:00 0 
dd500000-dd5fa000 rw-p 00000000 00:00 0 
dd5fa000-dd600000 ---p 00000000 00:00 0 
dd600000-dd602000 r--s 00009000 08:10 4195621                            /apps/mtp/TPE16.0.2/axis2/axis2-1.7.8/lib/commons-cli-1.2.jar
dd602000-dd604000 r--s 0000b000 08:10 4195662                            /apps/mtp/TPE16.0.2/axis2/axis2-1.7.8/lib/axis2-transport-xmpp-1.7.8.jar
dd604000-dd60b000 r--s 00059000 08:10 4195624                            /apps/mtp/TPE16.0.2/axis2/axis2-1.7.8/lib/log4j-1.2.15.jar
dd60b000-dd60d000 r--s 00006000 08:10 4195679                            /apps/mtp/TPE16.0.2/axis2/axis2-1.7.8/lib/commons-codec-1.2.jar
dd60d000-dd610000 r--s 00017000 08:10 4195658                            /apps/mtp/TPE16.0.2/axis2/axis2-1.7.8/lib/axis2-transport-base-1.7.8.jar
dd610000-dd615000 r--s 00020000 08:10 4195677                            /apps/mtp/TPE16.0.2/axis2/axis2-1.7.8/lib/wsdl4j-1.6.2.jar
dd615000-dd617000 r--s 00006000 08:10 4195649                            /apps/mtp/TPE16.0.2/axis2/axis2-1.7.8/lib/geronimo-saaj_1.3_spec-1.0.1.jar
dd617000-dd655000 r--s 0025d000 08:10 4195622                            /apps/mtp/TPE16.0.2/axis2/axis2-1.7.8/lib/xmlbeans-2.6.0.jar
dd655000-dd656000 ---p 00000000 00:00 0 
dd656000-dd659000 ---p 00000000 00:00 0 
dd659000-dd6d6000 rw-p 00000000 00:00 0 
dd6d6000-dd6d7000 ---p 00000000 00:00 0 
dd6d7000-dd757000 rw-p 00000000 00:00 0 
dd757000-dd934000 r--s 03dd0000 fd:00 203051326                          /usr/java/jdk1.8.0_281-i586/jre/lib/rt.jar
dd934000-ddd7a000 rw-p 00000000 00:00 0 
ddd7a000-ddd80000 ---p 00000000 00:00 0 
ddd80000-de200000 rw-p 00000000 00:00 0 
de200000-de221000 rw-p 00000000 00:00 0 
de221000-de300000 ---p 00000000 00:00 0 
de300000-de302000 r--s 00007000 08:10 4195655                            /apps/mtp/TPE16.0.2/axis2/axis2-1.7.8/lib/mex-1.7.8-impl.jar
de302000-de304000 r--s 00003000 08:10 4195686                            /apps/mtp/TPE16.0.2/axis2/axis2-1.7.8/lib/axiom-jaxb-1.2.20.jar
de304000-de30e000 r--s 00082000 08:10 4195676                            /apps/mtp/TPE16.0.2/axis2/axis2-1.7.8/lib/axiom-impl-1.2.20.jar
de30e000-de317000 r--s 00062000 08:10 4195650                            /apps/mtp/TPE16.0.2/axis2/axis2-1.7.8/lib/axis2-metadata-1.7.8.jar
de317000-de319000 r--s 00007000 08:10 4195646                            /apps/mtp/TPE16.0.2/axis2/axis2-1.7.8/lib/axis2-soapmonitor-servlet-1.7.8.jar
de319000-de31a000 r--s 00003000 08:10 4195614                            /apps/mtp/TPE16.0.2/axis2/axis2-1.7.8/lib/geronimo-jta_1.1_spec-1.1.jar
de31a000-de31c000 r--s 0000e000 08:10 4195659                            /apps/mtp/TPE16.0.2/axis2/axis2-1.7.8/lib/activation-1.1.jar
de31c000-de31e000 r--s 0000c000 08:10 4195682                            /apps/mtp/TPE16.0.2/axis2/axis2-1.7.8/lib/axis2-json-1.7.8.jar
de31e000-de31f000 r--s 00006000 08:10 4195660                            /apps/mtp/TPE16.0.2/axis2/axis2-1.7.8/lib/axis2-transport-tcp-1.7.8.jar
de31f000-de321000 r--s 00006000 08:10 4195647                            /apps/mtp/TPE16.0.2/axis2/axis2-1.7.8/lib/axis2-jaxbri-1.7.8.jar
de321000-de323000 r--s 00004000 08:10 4195661                            /apps/mtp/TPE16.0.2/axis2/axis2-1.7.8/lib/axis2-transport-udp-1.7.8.jar
de323000-de327000 r--s 00028000 08:10 4195684                            /apps/mtp/TPE16.0.2/axis2/axis2-1.7.8/lib/gson-2.1.jar
de327000-de329000 r--s 00012000 08:10 4195689                            /apps/mtp/TPE16.0.2/axis2/axis2-1.7.8/lib/axis2-transport-jms-1.7.8.jar
de329000-de32b000 r--s 0002b000 08:10 4195710                            /apps/mtp/TPE16.0.2/axis2/axis2-1.7.8/lib/axis2-adb-codegen-1.7.8.jar
de32b000-de32f000 r--s 00026000 08:10 4195617                            /apps/mtp/TPE16.0.2/axis2/axis2-1.7.8/lib/xmlschema-core-2.2.1.jar
de32f000-de335000 r--s 00070000 08:10 4195639                            /apps/mtp/TPE16.0.2/axis2/axis2-1.7.8/lib/woodstox-core-asl-4.2.0.jar
de335000-de33e000 r--s 00097000 08:10 4195620                            /apps/mtp/TPE16.0.2/axis2/axis2-1.7.8/lib/axis2-adb-1.7.8.jar
de33e000-de33f000 r--s 00007000 08:10 4195636                            /apps/mtp/TPE16.0.2/axis2/axis2-1.7.8/lib/axis2-java2wsdl-1.7.8.jar
de33f000-de355000 r--s 000fa000 08:10 4195648                            /apps/mtp/TPE16.0.2/axis2/axis2-1.7.8/lib/jaxb-impl-2.2.6.jar
de355000-de357000 r--s 00010000 08:10 4195640                            /apps/mtp/TPE16.0.2/axis2/axis2-1.7.8/lib/neethi-3.0.3.jar
de357000-de35a000 r--s 00013000 08:10 4195683                            /apps/mtp/TPE16.0.2/axis2/axis2-1.7.8/lib/jettison-1.3.8.jar
de35a000-de360000 r--s 00033000 08:10 4195638                            /apps/mtp/TPE16.0.2/axis2/axis2-1.7.8/lib/jaxen-1.1.6.jar
de360000-de361000 r--s 00003000 08:10 4195613                            /apps/mtp/TPE16.0.2/axis2/axis2-1.7.8/lib/geronimo-ws-metadata_2.0_spec-1.1.2.jar
de361000-de37f000 r--s 0027d000 08:10 4195720                            /apps/mtp/TPE16.0.2/axis2/axis2-1.7.8/lib/xalan-2.7.0.jar
de37f000-de380000 ---p 00000000 00:00 0 
de380000-de400000 rw-p 00000000 00:00 0 
de400000-de421000 rw-p 00000000 00:00 0 
de421000-de500000 ---p 00000000 00:00 0 
de500000-de502000 r--s 00008000 08:10 4195712                            /apps/mtp/TPE16.0.2/axis2/axis2-1.7.8/lib/axis2-jibx-1.7.8.jar
de502000-de503000 r--s 00004000 08:10 4195653                            /apps/mtp/TPE16.0.2/axis2/axis2-1.7.8/lib/juli-6.0.16.jar
de503000-de505000 r--s 00003000 08:10 4195642                            /apps/mtp/TPE16.0.2/axis2/axis2-1.7.8/lib/axis2-transport-local-1.7.8.jar
de505000-de508000 r--s 00023000 08:10 4195656                            /apps/mtp/TPE16.0.2/axis2/axis2-1.7.8/lib/axis2-corba-1.7.8.jar
de508000-de50d000 r--s 00068000 08:10 4195623                            /apps/mtp/TPE16.0.2/axis2/axis2-1.7.8/lib/antlr-2.7.7.jar
de50d000-de50f000 r--s 0000a000 08:10 4195618                            /apps/mtp/TPE16.0.2/axis2/axis2-1.7.8/lib/jsr311-api-1.1.1.jar
de50f000-de512000 r--s 0000c000 08:10 4195717                            /apps/mtp/TPE16.0.2/axis2/axis2-1.7.8/lib/geronimo-jaxws_2.2_spec-1.0.jar
de512000-de517000 r--s 0003b000 08:10 4195709                            /apps/mtp/TPE16.0.2/axis2/axis2-1.7.8/lib/axis2-codegen-1.7.8.jar
de517000-de520000 r--s 00053000 08:10 4195641                            /apps/mtp/TPE16.0.2/axis2/axis2-1.7.8/lib/woden-core-1.0M10.jar
de520000-de52b000 r--s 000c2000 08:10 4195643                            /apps/mtp/TPE16.0.2/axis2/axis2-1.7.8/lib/jaxws-tools-2.2.6.jar
de52b000-de52e000 r--s 00025000 08:10 4195616                            /apps/mtp/TPE16.0.2/axis2/axis2-1.7.8/lib/commons-io-2.1.jar
de52e000-de530000 r--s 00009000 08:10 4195690                            /apps/mtp/TPE16.0.2/axis2/axis2-1.7.8/lib/axis2-transport-mail-1.7.8.jar
de530000-de53c000 r--s 000a3000 08:10 4195681                            /apps/mtp/TPE16.0.2/axis2/axis2-1.7.8/lib/axiom-dom-1.2.20.jar
de53c000-de546000 r--s 0008c000 08:10 4195714                            /apps/mtp/TPE16.0.2/axis2/axis2-1.7.8/lib/bcel-findbugs-6.0.jar
de546000-de54c000 r--s 00059000 08:10 4195691                            /apps/mtp/TPE16.0.2/axis2/axis2-1.7.8/lib/mail-1.4.jar
de54c000-de55a000 r--s 000aa000 08:10 4195715                            /apps/mtp/TPE16.0.2/axis2/axis2-1.7.8/lib/axis2-jaxws-1.7.8.jar
de55a000-de55d000 r--s 00018000 08:10 4195651                            /apps/mtp/TPE16.0.2/axis2/axis2-1.7.8/lib/axis2-clustering-1.7.8.jar
de55d000-de560000 r--s 0001d000 08:10 4195713                            /apps/mtp/TPE16.0.2/axis2/axis2-1.7.8/lib/jibx-run-1.2.jar
de560000-de566000 r--s 00045000 08:10 4195680                            /apps/mtp/TPE16.0.2/axis2/axis2-1.7.8/lib/commons-httpclient-3.1.jar
de566000-de573000 r--s 000ee000 08:10 4195707                            /apps/mtp/TPE16.0.2/axis2/axis2-1.7.8/lib/axis2-kernel-1.7.8.jar
de573000-de57f000 r--s 00139000 fd:00 203033609                          /opt/software/sqljdbc_9.2/enu/mssql-jdbc-9.2.1.jre8.jar
de57f000-de580000 ---p 00000000 00:00 0 
de580000-de600000 rw-p 00000000 00:00 0 
de600000-de621000 rw-p 00000000 00:00 0 
de621000-de700000 ---p 00000000 00:00 0 
de700000-de701000 r--s 00003000 08:10 4195657                            /apps/mtp/TPE16.0.2/axis2/axis2-1.7.8/lib/axis2-mtompolicy-1.7.8.jar
de701000-de709000 r--s 00048000 08:10 4195619                            /apps/mtp/TPE16.0.2/axis2/axis2-1.7.8/lib/httpcore-4.4.6.jar
de709000-de768000 r--s 003fa000 fd:00 68304477                           /opt/lib/cobol/NTT_DATA_COBOL_6.0/lib/dependencies/bcprov-jdk15on-162.jar
de768000-de77f000 r--s 00140000 fd:00 2469689                            /opt/lib/cobol/NTT_DATA_COBOL_6.0/lib/vcobol-runtime.jar
de77f000-de780000 ---p 00000000 00:00 0 
de780000-de800000 rw-p 00000000 00:00 0 
de800000-de821000 rw-p 00000000 00:00 0 
de821000-de900000 ---p 00000000 00:00 0 
de900000-de914000 r--s 000c1000 fd:00 68304476                           /opt/lib/cobol/NTT_DATA_COBOL_6.0/lib/dependencies/bcpkix-jdk15on-162.jar
de914000-de97d000 r-xp 00000000 fd:00 2469690                            /opt/lib/cobol/NTT_DATA_COBOL_6.0/native/lib/libvcobol.so
de97d000-de97e000 r--p 00068000 fd:00 2469690                            /opt/lib/cobol/NTT_DATA_COBOL_6.0/native/lib/libvcobol.so
de97e000-de97f000 rw-p 00069000 fd:00 2469690                            /opt/lib/cobol/NTT_DATA_COBOL_6.0/native/lib/libvcobol.so
de97f000-de980000 ---p 00000000 00:00 0 
de980000-e14c0000 rw-p 00000000 00:00 0 
e14c0000-e3f80000 ---p 00000000 00:00 0 
e3f80000-e54c0000 rw-p 00000000 00:00 0 
e54c0000-e6a00000 ---p 00000000 00:00 0 
e6a00000-e6a02000 r--s 0000d000 08:10 4195637                            /apps/mtp/TPE16.0.2/axis2/axis2-1.7.8/lib/commons-logging-1.1.1.jar
e6a02000-e6a05000 r--s 00028000 08:10 4195678                            /apps/mtp/TPE16.0.2/axis2/axis2-1.7.8/lib/axis2-transport-http-1.7.8.jar
e6a05000-e6a07000 r--s 00015000 08:10 4195718                            /apps/mtp/TPE16.0.2/axis2/axis2-1.7.8/lib/axis2-saaj-1.7.8.jar
e6a07000-e6a09000 r--s 00006000 08:10 4195674                            /apps/mtp/TPE16.0.2/axis2/axis2-1.7.8/lib/geronimo-stax-api_1.0_spec-1.0.1.jar
e6a09000-e6a0b000 r--s 00006000 08:10 4195711                            /apps/mtp/TPE16.0.2/axis2/axis2-1.7.8/lib/axis2-xmlbeans-1.7.8.jar
e6a0b000-e6a0e000 r--s 00018000 fd:00 68304475                           /opt/lib/cobol/NTT_DATA_COBOL_6.0/lib/dependencies/bcmail-jdk15on-162.jar
e6a0e000-e6a0f000 r--s 00007000 08:10 4195233                            /apps/mtp/TPE16.0.2/lib/transutil.jar
e6a0f000-e6a11000 r-xp 00000000 08:10 4195225                            /apps/mtp/TPE16.0.2/lib/liblang_vcobol.so
e6a11000-e6a12000 r--p 00001000 08:10 4195225                            /apps/mtp/TPE16.0.2/lib/liblang_vcobol.so
e6a12000-e6a13000 rw-p 00002000 08:10 4195225                            /apps/mtp/TPE16.0.2/lib/liblang_vcobol.so
e6a13000-e6a17000 r--s 00075000 08:10 4195231                            /apps/mtp/TPE16.0.2/lib/kixsysapi.jar
e6a17000-e6a1b000 r--s 00022000 08:10 4195232                            /apps/mtp/TPE16.0.2/lib/dfjcics.jar
e6a1b000-e6a1c000 r--p 00000000 fd:00 134610072                          /usr/lib/locale/en_US/LC_NUMERIC
e6a1c000-e6a1d000 r--p 00000000 fd:00 134610041                          /usr/lib/locale/en_US/LC_TIME
e6a1d000-e6a23000 r--p 00000000 fd:00 134305711                          /usr/lib/locale/en_US/LC_COLLATE
e6a23000-e6a24000 r--p 00000000 fd:00 134305702                          /usr/lib/locale/en_US/LC_MONETARY
e6a24000-e6a25000 r--p 00000000 fd:00 67437653                           /usr/lib/locale/en_US/LC_MESSAGES/SYS_LC_MESSAGES
e6a25000-e6a26000 r--p 00000000 fd:00 134610076                          /usr/lib/locale/en_US/LC_PAPER
e6a26000-e6a27000 r--p 00000000 fd:00 134305722                          /usr/lib/locale/en_US/LC_NAME
e6a27000-e6a28000 r--p 00000000 fd:00 134305696                          /usr/lib/locale/en_US/LC_ADDRESS
e6a28000-e6a29000 r--p 00000000 fd:00 134610040                          /usr/lib/locale/en_US/LC_TELEPHONE
e6a29000-e6a2a000 r--p 00000000 fd:00 134305701                          /usr/lib/locale/en_US/LC_MEASUREMENT
e6a2a000-e6a2b000 r--p 00000000 fd:00 134305700                          /usr/lib/locale/en_US/LC_IDENTIFICATION
e6a2b000-e6a44000 rw-p 00000000 00:00 0 
e6a44000-e6a59000 ---p 00000000 00:00 0 
e6a59000-e6a6f000 rw-p 00000000 00:00 0 
e6a6f000-e6a83000 ---p 00000000 00:00 0 
e6a83000-e6a8f000 rw-p 00000000 00:00 0 
e6a8f000-e6a99000 ---p 00000000 00:00 0 
e6a99000-e6aa3000 rw-p 00000000 00:00 0 
e6aa3000-e6e5a000 ---p 00000000 00:00 0 
e6e5a000-e709a000 rwxp 00000000 00:00 0 
e709a000-f5e5a000 ---p 00000000 00:00 0 
f5e5a000-f5e75000 r-xp 00000000 fd:00 137647970                          /usr/java/jdk1.8.0_281-i586/jre/lib/i386/libzip.so
f5e75000-f5e76000 r--p 0001a000 fd:00 137647970                          /usr/java/jdk1.8.0_281-i586/jre/lib/i386/libzip.so
f5e76000-f5e77000 rw-p 0001b000 fd:00 137647970                          /usr/java/jdk1.8.0_281-i586/jre/lib/i386/libzip.so
f5e77000-f5e7f000 rw-s 00000000 fd:00 202189956                          /tmp/hsperfdata_mtpadmin/2649624
f5e7f000-f5e80000 rw-p 00000000 00:00 0 
f5e80000-f5e81000 r--p 00000000 00:00 0 
f5e81000-f5ea8000 r-xp 00000000 fd:00 137303138                          /usr/java/jdk1.8.0_281-i586/jre/lib/i386/libjava.so
f5ea8000-f5ea9000 r--p 00026000 fd:00 137303138                          /usr/java/jdk1.8.0_281-i586/jre/lib/i386/libjava.so
f5ea9000-f5eaa000 rw-p 00027000 fd:00 137303138                          /usr/java/jdk1.8.0_281-i586/jre/lib/i386/libjava.so
f5eaa000-f5eab000 ---p 00000000 00:00 0 
f5eab000-f66ab000 rw-p 00000000 00:00 0 
f66ab000-f66b7000 r-xp 00000000 fd:00 134724748                          /usr/lib/libnss_files-2.28.so
f66b7000-f66b8000 r--p 0000b000 fd:00 134724748                          /usr/lib/libnss_files-2.28.so
f66b8000-f66b9000 rw-p 0000c000 fd:00 134724748                          /usr/lib/libnss_files-2.28.so
f66b9000-f66bf000 rw-p 00000000 00:00 0 
f66bf000-f66ca000 r-xp 00000000 fd:00 137647969                          /usr/java/jdk1.8.0_281-i586/jre/lib/i386/libverify.so
f66ca000-f66cb000 ---p 0000b000 fd:00 137647969                          /usr/java/jdk1.8.0_281-i586/jre/lib/i386/libverify.so
f66cb000-f66cc000 r--p 0000b000 fd:00 137647969                          /usr/java/jdk1.8.0_281-i586/jre/lib/i386/libverify.so
f66cc000-f66cd000 rw-p 0000c000 fd:00 137647969                          /usr/java/jdk1.8.0_281-i586/jre/lib/i386/libverify.so
f66cd000-f66ce000 r-xp 00000000 08:10 4195246                            /apps/mtp/TPE16.0.2/lib/libkixpli.so
f66ce000-f66cf000 r--p 00000000 08:10 4195246                            /apps/mtp/TPE16.0.2/lib/libkixpli.so
f66cf000-f66d0000 rw-p 00001000 08:10 4195246                            /apps/mtp/TPE16.0.2/lib/libkixpli.so
f66d0000-f66e6000 r-xp 00000000 08:10 4195235                            /apps/mtp/TPE16.0.2/lib/libkxsecexit.so
f66e6000-f66e7000 r--p 00015000 08:10 4195235                            /apps/mtp/TPE16.0.2/lib/libkxsecexit.so
f66e7000-f66e8000 rw-p 00016000 08:10 4195235                            /apps/mtp/TPE16.0.2/lib/libkxsecexit.so
f66e8000-f66ee000 rw-p 00000000 00:00 0 
f66ee000-f66f0000 r-xp 00000000 08:10 4195223                            /apps/mtp/TPE16.0.2/lib/liblang_dyn.so
f66f0000-f66f1000 r--p 00001000 08:10 4195223                            /apps/mtp/TPE16.0.2/lib/liblang_dyn.so
f66f1000-f66f2000 rw-p 00002000 08:10 4195223                            /apps/mtp/TPE16.0.2/lib/liblang_dyn.so
f66f2000-f66fa000 r-xp 00000000 fd:00 134724900                          /usr/lib/librt-2.28.so
f66fa000-f66fb000 r--p 00007000 fd:00 134724900                          /usr/lib/librt-2.28.so
f66fb000-f66fc000 rw-p 00008000 fd:00 134724900                          /usr/lib/librt-2.28.so
f66fc000-f66fd000 r-xp 00000000 08:10 9045197                            /apps/test/mdoff/sys/local/bin/libkxrm.so
f66fd000-f66fe000 r--p 00000000 08:10 9045197                            /apps/test/mdoff/sys/local/bin/libkxrm.so
f66fe000-f66ff000 rw-p 00001000 08:10 9045197                            /apps/test/mdoff/sys/local/bin/libkxrm.so
f66ff000-f6701000 rw-p 00000000 00:00 0 
f6701000-f670c000 r-xp 00000000 08:10 4195224                            /apps/mtp/TPE16.0.2/lib/libkxtm.so
f670c000-f670d000 r--p 0000a000 08:10 4195224                            /apps/mtp/TPE16.0.2/lib/libkxtm.so
f670d000-f670e000 rw-p 0000b000 08:10 4195224                            /apps/mtp/TPE16.0.2/lib/libkxtm.so
f670e000-f671c000 r-xp 00000000 08:10 4195230                            /apps/mtp/TPE16.0.2/lib/libkxtables.so
f671c000-f671d000 r--p 0000d000 08:10 4195230                            /apps/mtp/TPE16.0.2/lib/libkxtables.so
f671d000-f671e000 rw-p 0000e000 08:10 4195230                            /apps/mtp/TPE16.0.2/lib/libkxtables.so
f671e000-f673e000 r-xp 00000000 fd:00 136722866                          /usr/lib/libcrypt.so.1.1.0
f673e000-f673f000 ---p 00020000 fd:00 136722866                          /usr/lib/libcrypt.so.1.1.0
f673f000-f6740000 r--p 00020000 fd:00 136722866                          /usr/lib/libcrypt.so.1.1.0
f6740000-f6749000 rw-p 00000000 00:00 0 
f6749000-f6765000 r-xp 00000000 fd:00 134724884                          /usr/lib/libpthread-2.28.so
f6765000-f6766000 ---p 0001c000 fd:00 134724884                          /usr/lib/libpthread-2.28.so
f6766000-f6767000 r--p 0001c000 fd:00 134724884                          /usr/lib/libpthread-2.28.so
f6767000-f6768000 rw-p 0001d000 fd:00 134724884                          /usr/lib/libpthread-2.28.so
f6768000-f676a000 rw-p 00000000 00:00 0 
f676a000-f683a000 r-xp 00000000 fd:00 134724698                          /usr/lib/libm-2.28.so
f683a000-f683b000 r--p 000cf000 fd:00 134724698                          /usr/lib/libm-2.28.so
f683b000-f683c000 rw-p 000d0000 fd:00 134724698                          /usr/lib/libm-2.28.so
f683c000-f683f000 r-xp 00000000 fd:00 134724696                          /usr/lib/libdl-2.28.so
f683f000-f6840000 r--p 00002000 fd:00 134724696                          /usr/lib/libdl-2.28.so
f6840000-f6841000 rw-p 00003000 fd:00 134724696                          /usr/lib/libdl-2.28.so
f6841000-f69e2000 r-xp 00000000 fd:00 134724543                          /usr/lib/libc-2.28.so
f69e2000-f69e3000 ---p 001a1000 fd:00 134724543                          /usr/lib/libc-2.28.so
f69e3000-f69e5000 r--p 001a1000 fd:00 134724543                          /usr/lib/libc-2.28.so
f69e5000-f69e6000 rw-p 001a3000 fd:00 134724543                          /usr/lib/libc-2.28.so
f69e6000-f69e9000 rw-p 00000000 00:00 0 
f69e9000-f69ea000 r-xp 00000000 08:10 9045364                            /apps/test/mdoff/sys/local/bin/libkxtermexit.so
f69ea000-f69eb000 r--p 00000000 08:10 9045364                            /apps/test/mdoff/sys/local/bin/libkxtermexit.so
f69eb000-f69ec000 rw-p 00001000 08:10 9045364                            /apps/test/mdoff/sys/local/bin/libkxtermexit.so
f69ec000-f69ed000 r-xp 00000000 08:10 9045308                            /apps/test/mdoff/sys/local/bin/libkxsockexit.so
f69ed000-f69ee000 r--p 00000000 08:10 9045308                            /apps/test/mdoff/sys/local/bin/libkxsockexit.so
f69ee000-f69ef000 rw-p 00001000 08:10 9045308                            /apps/test/mdoff/sys/local/bin/libkxsockexit.so
f69ef000-f69f1000 r-xp 00000000 08:10 9045255                            /apps/test/mdoff/sys/local/bin/libkxiscexit.so
f69f1000-f69f2000 r--p 00001000 08:10 9045255                            /apps/test/mdoff/sys/local/bin/libkxiscexit.so
f69f2000-f69f3000 rw-p 00002000 08:10 9045255                            /apps/test/mdoff/sys/local/bin/libkxiscexit.so
f69f3000-f69f5000 r-xp 00000000 08:10 9045228                            /apps/test/mdoff/sys/local/bin/libkxconvexit.so
f69f5000-f69f6000 r--p 00001000 08:10 9045228                            /apps/test/mdoff/sys/local/bin/libkxconvexit.so
f69f6000-f69f7000 rw-p 00002000 08:10 9045228                            /apps/test/mdoff/sys/local/bin/libkxconvexit.so
f69f7000-f6cbe000 r-xp 00000000 08:10 4195270                            /apps/mtp/TPE16.0.2/lib/libunikixtran.so
f6cbe000-f6cbf000 r--p 002c6000 08:10 4195270                            /apps/mtp/TPE16.0.2/lib/libunikixtran.so
f6cbf000-f6cdc000 rw-p 002c7000 08:10 4195270                            /apps/mtp/TPE16.0.2/lib/libunikixtran.so
f6cdc000-f6f44000 rw-p 00000000 00:00 0 
f6f44000-f7ac7000 r-xp 00000000 fd:00 68223427                           /usr/java/jdk1.8.0_281-i586/jre/lib/i386/server/libjvm.so
f7ac7000-f7ac8000 ---p 00b83000 fd:00 68223427                           /usr/java/jdk1.8.0_281-i586/jre/lib/i386/server/libjvm.so
f7ac8000-f7b0f000 r--p 00b83000 fd:00 68223427                           /usr/java/jdk1.8.0_281-i586/jre/lib/i386/server/libjvm.so
f7b0f000-f7b2c000 rw-p 00bca000 fd:00 68223427                           /usr/java/jdk1.8.0_281-i586/jre/lib/i386/server/libjvm.so
f7b2c000-f7f51000 rw-p 00000000 00:00 0 
f7f51000-f7f53000 r-xp 00000000 fd:00 137303152                          /usr/java/jdk1.8.0_281-i586/jre/lib/i386/libjsig.so
f7f53000-f7f54000 r--p 00001000 fd:00 137303152                          /usr/java/jdk1.8.0_281-i586/jre/lib/i386/libjsig.so
f7f54000-f7f55000 rw-p 00002000 fd:00 137303152                          /usr/java/jdk1.8.0_281-i586/jre/lib/i386/libjsig.so
f7f55000-f7f58000 rw-p 00000000 00:00 0 
f7f58000-f7f5c000 r--p 00000000 00:00 0                                  [vvar]
f7f5c000-f7f5e000 r-xp 00000000 00:00 0                                  [vdso]
f7f5e000-f7f8c000 r-xp 00000000 fd:00 134305230                          /usr/lib/ld-2.28.so
f7f8c000-f7f8d000 r--p 0002d000 fd:00 134305230                          /usr/lib/ld-2.28.so
f7f8d000-f7f8e000 rw-p 0002e000 fd:00 134305230                          /usr/lib/ld-2.28.so
ff81f000-ff822000 ---p 00000000 00:00 0 
ff822000-ff91f000 rw-p 00000000 00:00 0                                  [stack]

VM Arguments:
jvm_args: -Dvcobol.jdbc.autocommit=false -Dvcobol.runtime.compile_flags.mandatory= -Dvcobol.runtime.compile_flags.prohibited=-d64 -Xrs -Xss1M -DKIXSYS=/apps/test/mdoff/sys -DKIXPROGS=/apps/test/mdoff/exe/onl:/apps/prod/cid1p/exe/onl -DUNIKIX=/apps/mtp/mtp -Xmx128m -Dvcobol.jdbc.driver=com.microsoft.sqlserver.jdbc.SQLServerDriver -Dvcobol.jdbc.url=jdbc:sqlserver://hov-tstdb01.cso.local:1433;databaseName= -Dvcobol.jdbc.autocommit=False -Djava.library.path=/apps/mtp/mtp/lib:/opt/lib/cobol/NTT_DATA_COBOL_6.0/native/lib/ exit abort 
java_command: <unknown>
java_class_path (initial): /apps/mtp/mtp/lib/dfjcics.jar:/apps/mtp/mtp/lib/kixsysapi.jar:/apps/mtp/mtp/lib/transMQJMS.jar:/apps/mtp/mtp/lib/transutil.jar:/opt/lib/cobol/NTT_DATA_COBOL_6.0/lib/vcobol-runtime.jar:/apps/test/mdoff/sys/local/bin:/apps/mtp/mtp/local/bin:/apps/test/mdoff/exe/onl:/apps/prod/cid1p/exe/onl:/opt/software/sqljdbc/enu/mssql-jdbc-9.2.1.jre8.jar:/apps/mtp/mtp/axis2/current/lib/axis2-xmlbeans-1.7.8.jar:/apps/mtp/mtp/axis2/current/lib/axis2-kernel-1.7.8.jar:/apps/mtp/mtp/axis2/current/lib/geronimo-stax-api_1.0_spec-1.0.1.jar:/apps/mtp/mtp/axis2/current/lib/axis2-saaj-1.7.8.jar:/apps/mtp/mtp/axis2/current/lib/httpcore-4.4.6.jar:/apps/mtp/mtp/axis2/current/lib/commons-httpclient-3.1.jar:/apps/mtp/mtp/axis2/current/lib/axis2-transport-http-1.7.8.jar:/apps/mtp/mtp/axis2/current/lib/jibx-run-1.2.jar:/apps/mtp/mtp/axis2/current/lib/axis2-clustering-1.7.8.jar:/apps/mtp/mtp/axis2/current/lib/axis2-jaxws-1.7.8.jar:/apps/mtp/mtp/axis2/current/lib/commons-logging-1.1.1.jar:/apps/mtp/mtp/axis2/current/lib/mail-1.4.jar:/apps/mtp/mtp/axis2/current/lib/bcel-findbugs-6.0.jar:/apps/mtp/mtp/axis2/current/lib/axiom-dom-1.2.20.jar:/apps/mtp/mtp/axis2/current/lib/axis2-transport-mail-1.7.8.jar:/apps/mtp/mtp/axis2/current/lib/commons-io-2.1.jar:/apps/mtp/mtp/axis2/current/lib/jaxws-tools-2.2.6.jar:/apps/mtp/mtp/axis2/current/lib/woden-core-1.0M10.jar:/apps/mtp/mtp/axis2/current/lib/xalan-2.7.0.jar:/apps/mtp/mtp/axis2/current/lib/axis2-mtompolicy-1.7.8.jar:/apps/mtp/mtp/axis2/current/lib/axis2-codegen-1.7.8.jar:/apps/mtp/mtp/axis2/current/lib/geronimo-jaxws_2.2_spec-1.0.jar:/apps/mtp/mtp/axis2/current/lib/jsr311-api-1.1.1.jar:/apps/mtp/mtp/axis2/current/lib/antlr-2.7.7.jar:/apps/mtp/mtp/axis2/current/lib/axis2-corba-1.7.8.jar:/apps/mtp/mtp/axis2/current/lib/axis2-transport-local-1.7.8.jar:/apps/mtp/mtp/axis2/current/lib/juli-6.0.16.jar:/apps/mtp/mtp/axis2/current/lib/axis2-jibx-1.7.8.jar:/apps/mtp/mtp/axis2/current/lib/geronimo-ws-metadata_2.0_spec-1.1.2.jar:/apps/mtp/
Launcher Type: generic

Environment Variables:
PATH=/usr/java/default/bin:/apps/test/mdoff/sys/local/bin:/apps/mtp/mtp/bin:/usr/bin:/bin
LD_LIBRARY_PATH=/apps/test/mdoff/sys/local/bin:/apps/mtp/mtp/lib:/opt/lib/cobol/NTT_DATA_COBOL_6.0/native/lib:/usr/java/default/jre/lib/i386/server:/usr/java/default/jre/lib/i386

Signal Handlers:
SIGSEGV: [libjvm.so+0x94a910], sa_mask[0]=11111111111111111111111111111110, sa_flags=SA_RESTART|SA_SIGINFO
SIGBUS: [libjvm.so+0x94a910], sa_mask[0]=11111111111111111111111111111110, sa_flags=SA_SIGINFO
SIGFPE: [libunikixtran.so+0x256f8b], sa_mask[0]=11111111111111111111111111111110, sa_flags=SA_SIGINFO
SIGPIPE: SIG_IGN, sa_mask[0]=00000000000000000000000000000000, sa_flags=none
SIGXFSZ: SIG_DFL, sa_mask[0]=11111111111111111111111111111110, sa_flags=SA_SIGINFO
SIGILL: [libunikixtran.so+0x256f8b], sa_mask[0]=11111111111111111111111111111110, sa_flags=SA_SIGINFO
SIGUSR1: [libunikixtran.so+0x256f8b], sa_mask[0]=11111111011111111101111111111110, sa_flags=SA_SIGINFO
SIGUSR2: [libunikixtran.so+0x256f8b], sa_mask[0]=11111111011111111101111111111110, sa_flags=SA_RESTART|SA_SIGINFO
SIGHUP: [libunikixtran.so+0x256f8b], sa_mask[0]=11111111011111111101111111111110, sa_flags=SA_SIGINFO
SIGINT: [libunikixtran.so+0x256f8b], sa_mask[0]=11111111011111111101111111111110, sa_flags=SA_SIGINFO
SIGTERM: [libunikixtran.so+0x256f8b], sa_mask[0]=11111111011111111101111111111110, sa_flags=SA_SIGINFO
SIGQUIT: [libunikixtran.so+0x256f8b], sa_mask[0]=11111111011111111101111111111110, sa_flags=SA_SIGINFO


---------------  S Y S T E M  ---------------

OS:Red Hat Enterprise Linux release 8.6 (Ootpa)

uname:Linux 4.18.0-372.26.1.el8_6.x86_64 #1 SMP Sat Aug 27 02:44:20 EDT 2022 x86_64
libc:glibc 2.28 NPTL 2.28 
rlimit: STACK 8192k, CORE infinity, NPROC 62616, NOFILE 262144, AS infinity
load average:1.89 0.61 0.26

/proc/meminfo:
MemTotal:       16091012 kB
MemFree:         2846156 kB
MemAvailable:   13255668 kB
Buffers:          317632 kB
Cached:         11709340 kB
SwapCached:        18980 kB
Active:          8273444 kB
Inactive:        4210248 kB
Active(anon):    1793544 kB
Inactive(anon):   349388 kB
Active(file):    6479900 kB
Inactive(file):  3860860 kB
Unevictable:           0 kB
Mlocked:               0 kB
SwapTotal:       8273916 kB
SwapFree:        7784700 kB
Dirty:               436 kB
Writeback:             0 kB
AnonPages:        443780 kB
Mapped:           179336 kB
Shmem:           1686208 kB
KReclaimable:     412516 kB
Slab:             531192 kB
SReclaimable:     412516 kB
SUnreclaim:       118676 kB
KernelStack:       11108 kB
PageTables:        28116 kB
NFS_Unstable:          0 kB
Bounce:                0 kB
WritebackTmp:          0 kB
CommitLimit:    16319420 kB
Committed_AS:    5659436 kB
VmallocTotal:   34359738367 kB
VmallocUsed:           0 kB
VmallocChunk:          0 kB
Percpu:             3456 kB
HardwareCorrupted:     0 kB
AnonHugePages:    206848 kB
ShmemHugePages:        0 kB
ShmemPmdMapped:        0 kB
FileHugePages:         0 kB
FilePmdMapped:         0 kB
HugePages_Total:       0
HugePages_Free:        0
HugePages_Rsvd:        0
HugePages_Surp:        0
Hugepagesize:       2048 kB
Hugetlb:               0 kB
DirectMap4k:      328204 kB
DirectMap2M:    14235648 kB
DirectMap1G:     4194304 kB

container (cgroup) information:
container_type: cgroupv1
cpu_cpuset_cpus: 0-3
cpu_memory_nodes: 0
active_processor_count: 4
cpu_quota: -1
cpu_period: 100000
cpu_shares: -1
memory_limit_in_bytes: -1
memory_and_swap_limit_in_bytes: -1
memory_soft_limit_in_bytes: -1
memory_usage_in_bytes: 1884737536
memory_max_usage_in_bytes: 1905897472


CPU:total 4 (initial active 4) (2 cores per cpu, 1 threads per core) family 6 model 85 stepping 4, cmov, cx8, fxsr, mmx, sse, sse2, sse3, ssse3, sse4.1, sse4.2, popcnt, avx, avx2, aes, clmul, erms, 3dnowpref, lzcnt, tsc, tscinvbit, bmi1, bmi2, adx

/proc/cpuinfo:
processor	: 0
vendor_id	: GenuineIntel
cpu family	: 6
model		: 85
model name	: Intel(R) Xeon(R) Gold 6154 CPU @ 3.00GHz
stepping	: 4
microcode	: 0x2006c0a
cpu MHz		: 2992.968
cache size	: 25344 KB
physical id	: 0
siblings	: 2
core id		: 0
cpu cores	: 2
apicid		: 0
initial apicid	: 0
fpu		: yes
fpu_exception	: yes
cpuid level	: 22
wp		: yes
flags		: fpu vme de pse tsc msr pae mce cx8 apic sep mtrr pge mca cmov pat pse36 clflush mmx fxsr sse sse2 ss ht syscall nx pdpe1gb rdtscp lm constant_tsc arch_perfmon nopl xtopology tsc_reliable nonstop_tsc cpuid pni pclmulqdq ssse3 fma cx16 pcid sse4_1 sse4_2 x2apic movbe popcnt tsc_deadline_timer aes xsave avx f16c rdrand hypervisor lahf_lm abm 3dnowprefetch cpuid_fault invpcid_single pti ssbd ibrs ibpb stibp fsgsbase tsc_adjust bmi1 avx2 smep bmi2 invpcid avx512f avx512dq rdseed adx smap clflushopt clwb avx512cd avx512bw avx512vl xsaveopt xsavec xsaves arat pku ospke md_clear flush_l1d arch_capabilities
bugs		: cpu_meltdown spectre_v1 spectre_v2 spec_store_bypass l1tf mds swapgs itlb_multihit mmio_stale_data
bogomips	: 5985.93
clflush size	: 64
cache_alignment	: 64
address sizes	: 43 bits physical, 48 bits virtual
power management:

processor	: 1
vendor_id	: GenuineIntel
cpu family	: 6
model		: 85
model name	: Intel(R) Xeon(R) Gold 6154 CPU @ 3.00GHz
stepping	: 4
microcode	: 0x2006c0a
cpu MHz		: 2992.968
cache size	: 25344 KB
physical id	: 0
siblings	: 2
core id		: 1
cpu cores	: 2
apicid		: 1
initial apicid	: 1
fpu		: yes
fpu_exception	: yes
cpuid level	: 22
wp		: yes
flags		: fpu vme de pse tsc msr pae mce cx8 apic sep mtrr pge mca cmov pat pse36 clflush mmx fxsr sse sse2 ss ht syscall nx pdpe1gb rdtscp lm constant_tsc arch_perfmon nopl xtopology tsc_reliable nonstop_tsc cpuid pni pclmulqdq ssse3 fma cx16 pcid sse4_1 sse4_2 x2apic movbe popcnt tsc_deadline_timer aes xsave avx f16c rdrand hypervisor lahf_lm abm 3dnowprefetch cpuid_fault invpcid_single pti ssbd ibrs ibpb stibp fsgsbase tsc_adjust bmi1 avx2 smep bmi2 invpcid avx512f avx512dq rdseed adx smap clflushopt clwb avx512cd avx512bw avx512vl xsaveopt xsavec xsaves arat pku ospke md_clear flush_l1d arch_capabilities
bugs		: cpu_meltdown spectre_v1 spectre_v2 spec_store_bypass l1tf mds swapgs itlb_multihit mmio_stale_data
bogomips	: 5985.93
clflush size	: 64
cache_alignment	: 64
address sizes	: 43 bits physical, 48 bits virtual
power management:

processor	: 2
vendor_id	: GenuineIntel
cpu family	: 6
model		: 85
model name	: Intel(R) Xeon(R) Gold 6154 CPU @ 3.00GHz
stepping	: 4
microcode	: 0x2006c0a
cpu MHz		: 2992.968
cache size	: 25344 KB
physical id	: 1
siblings	: 2
core id		: 0
cpu cores	: 2
apicid		: 2
initial apicid	: 2
fpu		: yes
fpu_exception	: yes
cpuid level	: 22
wp		: yes
flags		: fpu vme de pse tsc msr pae mce cx8 apic sep mtrr pge mca cmov pat pse36 clflush mmx fxsr sse sse2 ss ht syscall nx pdpe1gb rdtscp lm constant_tsc arch_perfmon nopl xtopology tsc_reliable nonstop_tsc cpuid pni pclmulqdq ssse3 fma cx16 pcid sse4_1 sse4_2 x2apic movbe popcnt tsc_deadline_timer aes xsave avx f16c rdrand hypervisor lahf_lm abm 3dnowprefetch cpuid_fault invpcid_single pti ssbd ibrs ibpb stibp fsgsbase tsc_adjust bmi1 avx2 smep bmi2 invpcid avx512f avx512dq rdseed adx smap clflushopt clwb avx512cd avx512bw avx512vl xsaveopt xsavec xsaves arat pku ospke md_clear flush_l1d arch_capabilities
bugs		: cpu_meltdown spectre_v1 spectre_v2 spec_store_bypass l1tf mds swapgs itlb_multihit mmio_stale_data
bogomips	: 5985.93
clflush size	: 64
cache_alignment	: 64
address sizes	: 43 bits physical, 48 bits virtual
power management:

processor	: 3
vendor_id	: GenuineIntel
cpu family	: 6
model		: 85
model name	: Intel(R) Xeon(R) Gold 6154 CPU @ 3.00GHz
stepping	: 4
microcode	: 0x2006c0a
cpu MHz		: 2992.968
cache size	: 25344 KB
physical id	: 1
siblings	: 2
core id		: 1
cpu cores	: 2
apicid		: 3
initial apicid	: 3
fpu		: yes
fpu_exception	: yes
cpuid level	: 22
wp		: yes
flags		: fpu vme de pse tsc msr pae mce cx8 apic sep mtrr pge mca cmov pat pse36 clflush mmx fxsr sse sse2 ss ht syscall nx pdpe1gb rdtscp lm constant_tsc arch_perfmon nopl xtopology tsc_reliable nonstop_tsc cpuid pni pclmulqdq ssse3 fma cx16 pcid sse4_1 sse4_2 x2apic movbe popcnt tsc_deadline_timer aes xsave avx f16c rdrand hypervisor lahf_lm abm 3dnowprefetch cpuid_fault invpcid_single pti ssbd ibrs ibpb stibp fsgsbase tsc_adjust bmi1 avx2 smep bmi2 invpcid avx512f avx512dq rdseed adx smap clflushopt clwb avx512cd avx512bw avx512vl xsaveopt xsavec xsaves arat pku ospke md_clear flush_l1d arch_capabilities
bugs		: cpu_meltdown spectre_v1 spectre_v2 spec_store_bypass l1tf mds swapgs itlb_multihit mmio_stale_data
bogomips	: 5985.93
clflush size	: 64
cache_alignment	: 64
address sizes	: 43 bits physical, 48 bits virtual
power management:



Memory: 4k page, physical 16091012k(2845960k free), swap 8273916k(7784700k free)

vm_info: Java HotSpot(TM) Server VM (25.281-b09) for linux-x86 JRE (1.8.0_281-b09), built on Dec  9 2020 12:36:01 by "java_re" with gcc 7.3.0

time: Fri Oct 14 01:25:14 2022
timezone: CDT
elapsed time: 635868.522243 seconds (7d 8h 37m 48s)

