#
# A fatal error has been detected by the Java Runtime Environment:
#
#  SIGSEGV (0xb) at pc=0xf6c14f87, pid=277482, tid=0xf675f700
#
# JRE version: Java(TM) SE Runtime Environment (8.0_281-b09) (build 1.8.0_281-b09)
# Java VM: Java HotSpot(TM) Server VM (25.281-b09 mixed mode linux-x86 )
# Problematic frame:
# C  [libunikixtran.so+0x1acf87]  abend+0x68
#
# Core dump written. Default location: /apps/test/mdoff/sys/core or core.277482
#
# If you would like to submit a bug report, please visit:
#   http://bugreport.java.com/bugreport/crash.jsp
# The crash happened outside the Java Virtual Machine in native code.
# See problematic frame for where to report the bug.
#

---------------  T H R E A D  ---------------

Current thread (0x08866400):  JavaThread "main" [_thread_in_native, id=277482, stack(0xffe8c000,0xfff8c000)]

siginfo: si_signo: 11 (SIGSEGV), si_code: 1 (SEGV_MAPERR), si_addr: 0x00000014

Registers:
EAX=0x00000000, EBX=0xf6fa2360, ECX=0x00000000, EDX=0x14063000
ESP=0xfff7fcc0, EBP=0x00000001, ESI=0xfff7fd66, EDI=0x4f420b40
EIP=0xf6c14f87, EFLAGS=0x00010246, CR2=0x00000014

Top of Stack: (sp=0xfff7fcc0)
0xfff7fcc0:   00063000 00000000 00000020 00000002
0xfff7fcd0:   00000020 f7b3db5c 0000000c f753459c
0xfff7fce0:   f7b80000 08866400 fff7fd28 f7537512
0xfff7fcf0:   08866538 f7b80000 fff7fd28 f753755f
0xfff7fd00:   00000000 0000000c fff7fc48 00000000
0xfff7fd10:   00000000 4f420b40 00000001 f6bf7d8d
0xfff7fd20:   00021085 00000000 00000000 00000000
0xfff7fd30:   00000200 08969cc8 08eb6364 de97dff4 

Instructions: (pc=0xf6c14f87)
0xf6c14f67:   00 00 83 b8 c0 02 00 00 00 74 0c c7 04 24 8b 6f
0xf6c14f77:   cf f6 e8 8f fa 06 00 c6 43 03 0c a1 64 20 fa f6
0xf6c14f87:   8b 50 14 89 93 b4 00 00 00 8b 40 18 89 83 b8 00
0xf6c14f97:   00 00 80 7e 02 41 75 7f 8b 84 24 98 00 00 00 89 

Register to memory mapping:

EAX=0x00000000 is an unknown value
EBX=0xf6fa2360: xtcb+0 in /apps/mtp/mtp/lib/libunikixtran.so at 0xf6a68000
ECX=0x00000000 is an unknown value
EDX=0x14063000 is an unknown value
ESP=0xfff7fcc0 is pointing into the stack for thread: 0x08866400
EBP=0x00000001 is an unknown value
ESI=0xfff7fd66 is pointing into the stack for thread: 0x08866400
EDI=0x4f420b40 is an unknown value


Stack: [0xffe8c000,0xfff8c000],  sp=0xfff7fcc0,  free space=975k
Native frames: (J=compiled Java code, j=interpreted, Vv=VM code, C=native code)
C  [libunikixtran.so+0x1acf87]  abend+0x68


---------------  P R O C E S S  ---------------

Java Threads: ( => current thread )
  0x08ab1400 JavaThread "Service Thread" daemon [_thread_blocked, id=277628, stack(0xdcdfe000,0xdceff000)]
  0x08aae000 JavaThread "C1 CompilerThread2" daemon [_thread_blocked, id=277627, stack(0xdd17f000,0xdd1ff000)]
  0x08aacc00 JavaThread "C2 CompilerThread1" daemon [_thread_blocked, id=277626, stack(0xdd47f000,0xdd4ff000)]
  0x08aaac00 JavaThread "C2 CompilerThread0" daemon [_thread_blocked, id=277624, stack(0xdd756000,0xdd7d6000)]
  0x08aa9400 JavaThread "Attach Listener" daemon [_thread_blocked, id=277623, stack(0xdceff000,0xdd000000)]
  0x08a8f000 JavaThread "Finalizer" daemon [_thread_blocked, id=277622, stack(0xdd1ff000,0xdd300000)]
  0x08a8c000 JavaThread "Reference Handler" daemon [_thread_blocked, id=277621, stack(0xdd4ff000,0xdd600000)]
=>0x08866400 JavaThread "main" [_thread_in_native, id=277482, stack(0xffe8c000,0xfff8c000)]

Other Threads:
  0x08a86400 VMThread [stack: 0xdd7d7000,0xdd857000] [id=277619]
  0x08ab3400 WatcherThread [stack: 0xdcd7e000,0xdcdfe000] [id=277629]

VM state:not at safepoint (normal execution)

VM Mutex/Monitor currently owned by a thread: None

Heap:
 PSYoungGen      total 19200K, used 9306K [0xe3f80000, 0xe54c0000, 0xe6a00000)
  eden space 16640K, 55% used [0xe3f80000,0xe4896a60,0xe4fc0000)
  from space 2560K, 0% used [0xe5240000,0xe5240000,0xe54c0000)
  to   space 2560K, 0% used [0xe4fc0000,0xe4fc0000,0xe5240000)
 ParOldGen       total 43776K, used 0K [0xdea00000, 0xe14c0000, 0xe3f80000)
  object space 43776K, 0% used [0xdea00000,0xdea00000,0xe14c0000)
 Metaspace       used 4342K, capacity 4506K, committed 4632K, reserved 5424K

Card table byte_map: [0xe6ac6000,0xe6b07000] byte_map_base: 0xe63d1000

Marking Bits: (ParMarkBitMap*) 0xf7bb0e60
 Begin Bits: [0xddf00000, 0xde100000)
 End Bits:   [0xde100000, 0xde300000)

Polling page: 0xf7ffb000

CodeCache: size=245760Kb used=1316Kb max_used=1316Kb free=244443Kb
 bounds [0xe6ec7000, 0xe7107000, 0xf5ec7000]
 total_blobs=583 nmethods=398 adapters=99
 compilation: enabled

Compilation events (10 events):
Event: 0.674 Thread 0x08aae000 nmethod 393 0xe700dbc8 code [0xe700dda0, 0xe700e930]
Event: 0.674 Thread 0x08aae000  394       3       java.net.URL::isBuiltinStreamHandler (7 bytes)
Event: 0.674 Thread 0x08aae000 nmethod 394 0xe700ef88 code [0xe700f0a0, 0xe700f2cc]
Event: 0.674 Thread 0x08aae000  397       3       java.lang.invoke.MemberName::isConstructor (7 bytes)
Event: 0.674 Thread 0x08aae000 nmethod 397 0xe700f3c8 code [0xe700f4e0, 0xe700f6a0]
Event: 0.674 Thread 0x08aae000  395       1       java.util.Hashtable$Entry::getKey (5 bytes)
Event: 0.674 Thread 0x08aae000 nmethod 395 0xe700f788 code [0xe700f880, 0xe700f920]
Event: 0.674 Thread 0x08aae000  396       1       java.util.Hashtable$Entry::getValue (5 bytes)
Event: 0.674 Thread 0x08aae000 nmethod 396 0xe700f988 code [0xe700fa80, 0xe700fb20]
Event: 0.677 Thread 0x08aae000  399  s    3       sun.misc.URLClassPath::getLookupCache (98 bytes)

GC Heap History (0 events):
No events

Deoptimization events (2 events):
Event: 0.371 Thread 0x08866400 Uncommon trap: reason=unstable_if action=reinterpret pc=0xe6f7a078 method=java.lang.String.indexOf(II)I @ 49
Event: 0.489 Thread 0x08866400 Uncommon trap: reason=unstable_if action=reinterpret pc=0xe6fa15c4 method=java.lang.String.startsWith(Ljava/lang/String;I)Z @ 25

Classes redefined (0 events):
No events

Internal exceptions (10 events):
Event: 0.507 Thread 0x08866400 Exception <a 'java/security/PrivilegedActionException'> (0xe43c65a8) thrown at [/scratch/jenkins/workspace/8-2-build-linux-i586/jdk8u281/880/hotspot/src/share/vm/prims/jvm.cpp, line 1512]
Event: 0.507 Thread 0x08866400 Exception <a 'java/security/PrivilegedActionException'> (0xe43c67a8) thrown at [/scratch/jenkins/workspace/8-2-build-linux-i586/jdk8u281/880/hotspot/src/share/vm/prims/jvm.cpp, line 1512]
Event: 0.507 Thread 0x08866400 Exception <a 'java/security/PrivilegedActionException'> (0xe43c7208) thrown at [/scratch/jenkins/workspace/8-2-build-linux-i586/jdk8u281/880/hotspot/src/share/vm/prims/jvm.cpp, line 1512]
Event: 0.507 Thread 0x08866400 Exception <a 'java/security/PrivilegedActionException'> (0xe43c7408) thrown at [/scratch/jenkins/workspace/8-2-build-linux-i586/jdk8u281/880/hotspot/src/share/vm/prims/jvm.cpp, line 1512]
Event: 0.507 Thread 0x08866400 Exception <a 'java/security/PrivilegedActionException'> (0xe43c7e68) thrown at [/scratch/jenkins/workspace/8-2-build-linux-i586/jdk8u281/880/hotspot/src/share/vm/prims/jvm.cpp, line 1512]
Event: 0.507 Thread 0x08866400 Exception <a 'java/security/PrivilegedActionException'> (0xe43c8068) thrown at [/scratch/jenkins/workspace/8-2-build-linux-i586/jdk8u281/880/hotspot/src/share/vm/prims/jvm.cpp, line 1512]
Event: 0.561 Thread 0x08866400 Exception <a 'java/lang/NoSuchFieldError': method resolution failed> (0xe44d1250) thrown at [/scratch/jenkins/workspace/8-2-build-linux-i586/jdk8u281/880/hotspot/src/share/vm/prims/methodHandles.cpp, line 1169]
Event: 0.562 Thread 0x08866400 Exception <a 'java/lang/NoSuchFieldError': method resolution failed> (0xe44dd3d0) thrown at [/scratch/jenkins/workspace/8-2-build-linux-i586/jdk8u281/880/hotspot/src/share/vm/prims/methodHandles.cpp, line 1169]
Event: 0.575 Thread 0x08866400 Exception <a 'java/io/FileNotFoundException'> (0xe4556418) thrown at [/scratch/jenkins/workspace/8-2-build-linux-i586/jdk8u281/880/hotspot/src/share/vm/prims/jni.cpp, line 710]
Event: 0.590 Thread 0x08866400 Exception <a 'java/io/FileNotFoundException'> (0xe4588080) thrown at [/scratch/jenkins/workspace/8-2-build-linux-i586/jdk8u281/880/hotspot/src/share/vm/prims/jni.cpp, line 710]

Events (10 events):
Event: 0.679 loading class KXCALLKIX
Event: 0.679 loading class KXCALLKIX done
Event: 0.679 loading class java/net/URI
Event: 0.679 loading class java/net/URI done
Event: 0.680 loading class java/net/URI$Parser
Event: 0.680 loading class java/net/URI$Parser done
Event: 0.680 loading class KXCALLKIX
Event: 0.680 loading class KXCALLKIX done
Event: 0.680 loading class kxcallkix
Event: 0.680 loading class kxcallkix done


Dynamic libraries:
08048000-08049000 r-xp 00000000 08:10 4194405                            /apps/mtp/TPE16.0.2/bin/unikixtran
08049000-0804a000 r--p 00000000 08:10 4194405                            /apps/mtp/TPE16.0.2/bin/unikixtran
0804a000-0804b000 rw-p 00001000 08:10 4194405                            /apps/mtp/TPE16.0.2/bin/unikixtran
0883c000-08ecf000 rw-p 00000000 00:00 0                                  [heap]
20000000-50000000 rw-s 00000000 00:01 41                                 /SYSV010a037b (deleted)
50002000-80002000 rw-s 00000000 00:01 42                                 /SYSV00000000 (deleted)
80004000-80a2c000 rw-s 00000000 00:01 43                                 /SYSV00000000 (deleted)
80a2e000-80a5c000 rw-s 00000000 00:01 44                                 /SYSV00000000 (deleted)
80a5e000-82a5f000 rw-s 00000000 00:01 45                                 /SYSV00000000 (deleted)
dcc7d000-dccbd000 rw-p 00000000 00:00 0 
dccbd000-dcd7d000 ---p 00000000 00:00 0 
dcd7d000-dcd7e000 ---p 00000000 00:00 0 
dcd7e000-dcdfe000 rw-p 00000000 00:00 0 
dcdfe000-dce01000 ---p 00000000 00:00 0 
dce01000-dceff000 rw-p 00000000 00:00 0 
dceff000-dcf02000 ---p 00000000 00:00 0 
dcf02000-dd000000 rw-p 00000000 00:00 0 
dd000000-dd056000 rw-p 00000000 00:00 0 
dd056000-dd100000 ---p 00000000 00:00 0 
dd10a000-dd10c000 r-xp 00000000 08:10 4195244                            /apps/mtp/TPE16.0.2/lib/libkxusrexit.so
dd10c000-dd10d000 r--p 00001000 08:10 4195244                            /apps/mtp/TPE16.0.2/lib/libkxusrexit.so
dd10d000-dd10e000 rw-p 00002000 08:10 4195244                            /apps/mtp/TPE16.0.2/lib/libkxusrexit.so
dd10e000-dd10f000 rw-p 00000000 00:00 0 
dd10f000-dd110000 r--s 00002000 08:10 4195716                            /apps/mtp/TPE16.0.2/axis2/axis2-1.7.8/lib/geronimo-annotation_1.0_spec-1.1.jar
dd110000-dd115000 r--s 0005f000 08:10 4195644                            /apps/mtp/TPE16.0.2/axis2/axis2-1.7.8/lib/jibx-bind-1.2.jar
dd115000-dd116000 r--s 00003000 08:10 4195645                            /apps/mtp/TPE16.0.2/axis2/axis2-1.7.8/lib/axis2-spring-1.7.8.jar
dd116000-dd119000 r--s 0000f000 08:10 4195615                            /apps/mtp/TPE16.0.2/axis2/axis2-1.7.8/lib/commons-fileupload-1.3.3.jar
dd119000-dd124000 r--s 0005d000 08:10 4195611                            /apps/mtp/TPE16.0.2/axis2/axis2-1.7.8/lib/axiom-api-1.2.20.jar
dd124000-dd128000 r--s 00034000 08:10 4195652                            /apps/mtp/TPE16.0.2/axis2/axis2-1.7.8/lib/tribes-6.0.16.jar
dd128000-dd12c000 r--s 00029000 08:10 4195612                            /apps/mtp/TPE16.0.2/axis2/axis2-1.7.8/lib/stax2-api-3.1.1.jar
dd12c000-dd151000 r--s 001d7000 08:10 4195688                            /apps/mtp/TPE16.0.2/axis2/axis2-1.7.8/lib/jaxb-xjc-2.2.6.jar
dd151000-dd153000 r--s 00013000 08:10 4195719                            /apps/mtp/TPE16.0.2/axis2/axis2-1.7.8/lib/xml-resolver-1.2.jar
dd153000-dd155000 r--s 00003000 08:10 4195685                            /apps/mtp/TPE16.0.2/axis2/axis2-1.7.8/lib/axis2-fastinfoset-1.7.8.jar
dd155000-dd159000 r--s 00015000 08:10 4195687                            /apps/mtp/TPE16.0.2/axis2/axis2-1.7.8/lib/jaxb-api-2.2.6.jar
dd159000-dd15b000 r--s 00009000 08:10 4195621                            /apps/mtp/TPE16.0.2/axis2/axis2-1.7.8/lib/commons-cli-1.2.jar
dd15b000-dd168000 r--s 000aa000 08:10 4195708                            /apps/mtp/TPE16.0.2/axis2/axis2-1.7.8/lib/httpclient-4.5.3.jar
dd168000-dd179000 r--s 00136000 08:10 4195663                            /apps/mtp/TPE16.0.2/axis2/axis2-1.7.8/lib/jalopy-1.5rc3.jar
dd179000-dd17c000 r--s 00015000 08:10 4195675                            /apps/mtp/TPE16.0.2/axis2/axis2-1.7.8/lib/apache-mime4j-core-0.7.2.jar
dd17c000-dd17e000 r--s 0000b000 08:10 4195662                            /apps/mtp/TPE16.0.2/axis2/axis2-1.7.8/lib/axis2-transport-xmpp-1.7.8.jar
dd17e000-dd17f000 ---p 00000000 00:00 0 
dd17f000-dd182000 ---p 00000000 00:00 0 
dd182000-dd1ff000 rw-p 00000000 00:00 0 
dd1ff000-dd202000 ---p 00000000 00:00 0 
dd202000-dd300000 rw-p 00000000 00:00 0 
dd300000-dd3d1000 rw-p 00000000 00:00 0 
dd3d1000-dd400000 ---p 00000000 00:00 0 
dd400000-dd401000 r--s 00005000 08:10 4195654                            /apps/mtp/TPE16.0.2/axis2/axis2-1.7.8/lib/axis2-ant-plugin-1.7.8.jar
dd401000-dd408000 r--s 00059000 08:10 4195624                            /apps/mtp/TPE16.0.2/axis2/axis2-1.7.8/lib/log4j-1.2.15.jar
dd408000-dd40a000 r--s 00006000 08:10 4195679                            /apps/mtp/TPE16.0.2/axis2/axis2-1.7.8/lib/commons-codec-1.2.jar
dd40a000-dd40d000 r--s 00017000 08:10 4195658                            /apps/mtp/TPE16.0.2/axis2/axis2-1.7.8/lib/axis2-transport-base-1.7.8.jar
dd40d000-dd412000 r--s 00020000 08:10 4195677                            /apps/mtp/TPE16.0.2/axis2/axis2-1.7.8/lib/wsdl4j-1.6.2.jar
dd412000-dd414000 r--s 00006000 08:10 4195649                            /apps/mtp/TPE16.0.2/axis2/axis2-1.7.8/lib/geronimo-saaj_1.3_spec-1.0.1.jar
dd414000-dd416000 r--s 00007000 08:10 4195655                            /apps/mtp/TPE16.0.2/axis2/axis2-1.7.8/lib/mex-1.7.8-impl.jar
dd416000-dd418000 r--s 00003000 08:10 4195686                            /apps/mtp/TPE16.0.2/axis2/axis2-1.7.8/lib/axiom-jaxb-1.2.20.jar
dd418000-dd422000 r--s 00082000 08:10 4195676                            /apps/mtp/TPE16.0.2/axis2/axis2-1.7.8/lib/axiom-impl-1.2.20.jar
dd422000-dd42b000 r--s 00062000 08:10 4195650                            /apps/mtp/TPE16.0.2/axis2/axis2-1.7.8/lib/axis2-metadata-1.7.8.jar
dd42b000-dd42d000 r--s 00007000 08:10 4195646                            /apps/mtp/TPE16.0.2/axis2/axis2-1.7.8/lib/axis2-soapmonitor-servlet-1.7.8.jar
dd42d000-dd42e000 r--s 00003000 08:10 4195614                            /apps/mtp/TPE16.0.2/axis2/axis2-1.7.8/lib/geronimo-jta_1.1_spec-1.1.jar
dd42e000-dd430000 r--s 0000e000 08:10 4195659                            /apps/mtp/TPE16.0.2/axis2/axis2-1.7.8/lib/activation-1.1.jar
dd430000-dd432000 r--s 0000c000 08:10 4195682                            /apps/mtp/TPE16.0.2/axis2/axis2-1.7.8/lib/axis2-json-1.7.8.jar
dd432000-dd470000 r--s 0025d000 08:10 4195622                            /apps/mtp/TPE16.0.2/axis2/axis2-1.7.8/lib/xmlbeans-2.6.0.jar
dd470000-dd472000 r--s 00006000 08:10 4195647                            /apps/mtp/TPE16.0.2/axis2/axis2-1.7.8/lib/axis2-jaxbri-1.7.8.jar
dd472000-dd474000 r--s 00004000 08:10 4195661                            /apps/mtp/TPE16.0.2/axis2/axis2-1.7.8/lib/axis2-transport-udp-1.7.8.jar
dd474000-dd478000 r--s 00028000 08:10 4195684                            /apps/mtp/TPE16.0.2/axis2/axis2-1.7.8/lib/gson-2.1.jar
dd478000-dd47a000 r--s 00012000 08:10 4195689                            /apps/mtp/TPE16.0.2/axis2/axis2-1.7.8/lib/axis2-transport-jms-1.7.8.jar
dd47a000-dd47e000 r--s 00026000 08:10 4195617                            /apps/mtp/TPE16.0.2/axis2/axis2-1.7.8/lib/xmlschema-core-2.2.1.jar
dd47e000-dd47f000 ---p 00000000 00:00 0 
dd47f000-dd482000 ---p 00000000 00:00 0 
dd482000-dd4ff000 rw-p 00000000 00:00 0 
dd4ff000-dd502000 ---p 00000000 00:00 0 
dd502000-dd600000 rw-p 00000000 00:00 0 
dd600000-dd6c4000 rw-p 00000000 00:00 0 
dd6c4000-dd700000 ---p 00000000 00:00 0 
dd700000-dd701000 r--s 00006000 08:10 4195660                            /apps/mtp/TPE16.0.2/axis2/axis2-1.7.8/lib/axis2-transport-tcp-1.7.8.jar
dd701000-dd703000 r--s 0002b000 08:10 4195710                            /apps/mtp/TPE16.0.2/axis2/axis2-1.7.8/lib/axis2-adb-codegen-1.7.8.jar
dd703000-dd709000 r--s 00070000 08:10 4195639                            /apps/mtp/TPE16.0.2/axis2/axis2-1.7.8/lib/woodstox-core-asl-4.2.0.jar
dd709000-dd712000 r--s 00097000 08:10 4195620                            /apps/mtp/TPE16.0.2/axis2/axis2-1.7.8/lib/axis2-adb-1.7.8.jar
dd712000-dd713000 r--s 00007000 08:10 4195636                            /apps/mtp/TPE16.0.2/axis2/axis2-1.7.8/lib/axis2-java2wsdl-1.7.8.jar
dd713000-dd729000 r--s 000fa000 08:10 4195648                            /apps/mtp/TPE16.0.2/axis2/axis2-1.7.8/lib/jaxb-impl-2.2.6.jar
dd729000-dd72b000 r--s 00010000 08:10 4195640                            /apps/mtp/TPE16.0.2/axis2/axis2-1.7.8/lib/neethi-3.0.3.jar
dd72b000-dd72e000 r--s 00013000 08:10 4195683                            /apps/mtp/TPE16.0.2/axis2/axis2-1.7.8/lib/jettison-1.3.8.jar
dd72e000-dd734000 r--s 00033000 08:10 4195638                            /apps/mtp/TPE16.0.2/axis2/axis2-1.7.8/lib/jaxen-1.1.6.jar
dd734000-dd735000 r--s 00003000 08:10 4195613                            /apps/mtp/TPE16.0.2/axis2/axis2-1.7.8/lib/geronimo-ws-metadata_2.0_spec-1.1.2.jar
dd735000-dd737000 r--s 00008000 08:10 4195712                            /apps/mtp/TPE16.0.2/axis2/axis2-1.7.8/lib/axis2-jibx-1.7.8.jar
dd737000-dd755000 r--s 0027d000 08:10 4195720                            /apps/mtp/TPE16.0.2/axis2/axis2-1.7.8/lib/xalan-2.7.0.jar
dd755000-dd756000 ---p 00000000 00:00 0 
dd756000-dd759000 ---p 00000000 00:00 0 
dd759000-dd7d6000 rw-p 00000000 00:00 0 
dd7d6000-dd7d7000 ---p 00000000 00:00 0 
dd7d7000-dd857000 rw-p 00000000 00:00 0 
dd857000-dda34000 r--s 03dd0000 fd:00 203051326                          /usr/java/jdk1.8.0_281-i586/jre/lib/rt.jar
dda34000-dde7a000 rw-p 00000000 00:00 0 
dde7a000-dde80000 ---p 00000000 00:00 0 
dde80000-de300000 rw-p 00000000 00:00 0 
de300000-de321000 rw-p 00000000 00:00 0 
de321000-de400000 ---p 00000000 00:00 0 
de400000-de401000 r--s 00004000 08:10 4195653                            /apps/mtp/TPE16.0.2/axis2/axis2-1.7.8/lib/juli-6.0.16.jar
de401000-de403000 r--s 00003000 08:10 4195642                            /apps/mtp/TPE16.0.2/axis2/axis2-1.7.8/lib/axis2-transport-local-1.7.8.jar
de403000-de406000 r--s 00023000 08:10 4195656                            /apps/mtp/TPE16.0.2/axis2/axis2-1.7.8/lib/axis2-corba-1.7.8.jar
de406000-de40b000 r--s 00068000 08:10 4195623                            /apps/mtp/TPE16.0.2/axis2/axis2-1.7.8/lib/antlr-2.7.7.jar
de40b000-de40d000 r--s 0000a000 08:10 4195618                            /apps/mtp/TPE16.0.2/axis2/axis2-1.7.8/lib/jsr311-api-1.1.1.jar
de40d000-de410000 r--s 0000c000 08:10 4195717                            /apps/mtp/TPE16.0.2/axis2/axis2-1.7.8/lib/geronimo-jaxws_2.2_spec-1.0.jar
de410000-de415000 r--s 0003b000 08:10 4195709                            /apps/mtp/TPE16.0.2/axis2/axis2-1.7.8/lib/axis2-codegen-1.7.8.jar
de415000-de420000 r--s 000c2000 08:10 4195643                            /apps/mtp/TPE16.0.2/axis2/axis2-1.7.8/lib/jaxws-tools-2.2.6.jar
de420000-de47f000 r--s 003fa000 fd:00 68304515                           /opt/lib/cobol/NTT_DATA_COBOL_6.0/lib/dependencies/bcprov-jdk15on-162.jar
de47f000-de480000 ---p 00000000 00:00 0 
de480000-de500000 rw-p 00000000 00:00 0 
de500000-de521000 rw-p 00000000 00:00 0 
de521000-de600000 ---p 00000000 00:00 0 
de600000-de601000 r--s 00003000 08:10 4195657                            /apps/mtp/TPE16.0.2/axis2/axis2-1.7.8/lib/axis2-mtompolicy-1.7.8.jar
de601000-de60a000 r--s 00053000 08:10 4195641                            /apps/mtp/TPE16.0.2/axis2/axis2-1.7.8/lib/woden-core-1.0M10.jar
de60a000-de60d000 r--s 00025000 08:10 4195616                            /apps/mtp/TPE16.0.2/axis2/axis2-1.7.8/lib/commons-io-2.1.jar
de60d000-de60f000 r--s 00009000 08:10 4195690                            /apps/mtp/TPE16.0.2/axis2/axis2-1.7.8/lib/axis2-transport-mail-1.7.8.jar
de60f000-de61b000 r--s 000a3000 08:10 4195681                            /apps/mtp/TPE16.0.2/axis2/axis2-1.7.8/lib/axiom-dom-1.2.20.jar
de61b000-de625000 r--s 0008c000 08:10 4195714                            /apps/mtp/TPE16.0.2/axis2/axis2-1.7.8/lib/bcel-findbugs-6.0.jar
de625000-de62b000 r--s 00059000 08:10 4195691                            /apps/mtp/TPE16.0.2/axis2/axis2-1.7.8/lib/mail-1.4.jar
de62b000-de62d000 r--s 0000d000 08:10 4195637                            /apps/mtp/TPE16.0.2/axis2/axis2-1.7.8/lib/commons-logging-1.1.1.jar
de62d000-de63b000 r--s 000aa000 08:10 4195715                            /apps/mtp/TPE16.0.2/axis2/axis2-1.7.8/lib/axis2-jaxws-1.7.8.jar
de63b000-de63e000 r--s 00018000 08:10 4195651                            /apps/mtp/TPE16.0.2/axis2/axis2-1.7.8/lib/axis2-clustering-1.7.8.jar
de63e000-de641000 r--s 0001d000 08:10 4195713                            /apps/mtp/TPE16.0.2/axis2/axis2-1.7.8/lib/jibx-run-1.2.jar
de641000-de644000 r--s 00028000 08:10 4195678                            /apps/mtp/TPE16.0.2/axis2/axis2-1.7.8/lib/axis2-transport-http-1.7.8.jar
de644000-de64a000 r--s 00045000 08:10 4195680                            /apps/mtp/TPE16.0.2/axis2/axis2-1.7.8/lib/commons-httpclient-3.1.jar
de64a000-de652000 r--s 00048000 08:10 4195619                            /apps/mtp/TPE16.0.2/axis2/axis2-1.7.8/lib/httpcore-4.4.6.jar
de652000-de654000 r--s 00015000 08:10 4195718                            /apps/mtp/TPE16.0.2/axis2/axis2-1.7.8/lib/axis2-saaj-1.7.8.jar
de654000-de668000 r--s 000c1000 fd:00 68304514                           /opt/lib/cobol/NTT_DATA_COBOL_6.0/lib/dependencies/bcpkix-jdk15on-162.jar
de668000-de67f000 r--s 0013e000 fd:00 2424346                            /opt/lib/cobol/NTT_DATA_COBOL_6.0/lib/vcobol-runtime.jar
de67f000-de680000 ---p 00000000 00:00 0 
de680000-de700000 rw-p 00000000 00:00 0 
de700000-de721000 rw-p 00000000 00:00 0 
de721000-de800000 ---p 00000000 00:00 0 
de800000-de821000 rw-p 00000000 00:00 0 
de821000-de900000 ---p 00000000 00:00 0 
de900000-de902000 r--s 00006000 08:10 4195674                            /apps/mtp/TPE16.0.2/axis2/axis2-1.7.8/lib/geronimo-stax-api_1.0_spec-1.0.1.jar
de902000-de90f000 r--s 000ee000 08:10 4195707                            /apps/mtp/TPE16.0.2/axis2/axis2-1.7.8/lib/axis2-kernel-1.7.8.jar
de90f000-de911000 r--s 00006000 08:10 4195711                            /apps/mtp/TPE16.0.2/axis2/axis2-1.7.8/lib/axis2-xmlbeans-1.7.8.jar
de911000-de914000 r--s 00018000 fd:00 68304513                           /opt/lib/cobol/NTT_DATA_COBOL_6.0/lib/dependencies/bcmail-jdk15on-162.jar
de914000-de97d000 r-xp 00000000 fd:00 2424358                            /opt/lib/cobol/NTT_DATA_COBOL_6.0/native/lib/libvcobol.so
de97d000-de97e000 r--p 00068000 fd:00 2424358                            /opt/lib/cobol/NTT_DATA_COBOL_6.0/native/lib/libvcobol.so
de97e000-de97f000 rw-p 00069000 fd:00 2424358                            /opt/lib/cobol/NTT_DATA_COBOL_6.0/native/lib/libvcobol.so
de97f000-de980000 ---p 00000000 00:00 0 
de980000-e14c0000 rw-p 00000000 00:00 0 
e14c0000-e3f80000 ---p 00000000 00:00 0 
e3f80000-e54c0000 rw-p 00000000 00:00 0 
e54c0000-e6a00000 ---p 00000000 00:00 0 
e6a00000-e6a01000 r--s 00007000 08:10 4195233                            /apps/mtp/TPE16.0.2/lib/transutil.jar
e6a01000-e6a03000 r-xp 00000000 08:10 4195225                            /apps/mtp/TPE16.0.2/lib/liblang_vcobol.so
e6a03000-e6a04000 r--p 00001000 08:10 4195225                            /apps/mtp/TPE16.0.2/lib/liblang_vcobol.so
e6a04000-e6a05000 rw-p 00002000 08:10 4195225                            /apps/mtp/TPE16.0.2/lib/liblang_vcobol.so
e6a05000-e6a09000 r--s 00075000 08:10 4195231                            /apps/mtp/TPE16.0.2/lib/kixsysapi.jar
e6a09000-e6a0d000 r--s 00022000 08:10 4195232                            /apps/mtp/TPE16.0.2/lib/dfjcics.jar
e6a0d000-e6a0e000 r--p 00000000 fd:00 134305721                          /usr/lib/locale/en_US/LC_NUMERIC
e6a0e000-e6a0f000 r--p 00000000 fd:00 134305710                          /usr/lib/locale/en_US/LC_TIME
e6a0f000-e6a15000 r--p 00000000 fd:00 134305717                          /usr/lib/locale/en_US/LC_COLLATE
e6a15000-e6a16000 r--p 00000000 fd:00 134305708                          /usr/lib/locale/en_US/LC_MONETARY
e6a16000-e6a17000 r--p 00000000 fd:00 68251861                           /usr/lib/locale/en_US/LC_MESSAGES/SYS_LC_MESSAGES
e6a17000-e6a18000 r--p 00000000 fd:00 134305725                          /usr/lib/locale/en_US/LC_PAPER
e6a18000-e6a19000 r--p 00000000 fd:00 134305726                          /usr/lib/locale/en_US/LC_NAME
e6a19000-e6a1a000 r--p 00000000 fd:00 134305703                          /usr/lib/locale/en_US/LC_ADDRESS
e6a1a000-e6a1b000 ---p 00000000 00:00 0 
e6a1b000-e6ab1000 rw-p 00000000 00:00 0 
e6ab1000-e6ac6000 ---p 00000000 00:00 0 
e6ac6000-e6adc000 rw-p 00000000 00:00 0 
e6adc000-e6af0000 ---p 00000000 00:00 0 
e6af0000-e6afc000 rw-p 00000000 00:00 0 
e6afc000-e6b06000 ---p 00000000 00:00 0 
e6b06000-e6b10000 rw-p 00000000 00:00 0 
e6b10000-e6ec7000 ---p 00000000 00:00 0 
e6ec7000-e7107000 rwxp 00000000 00:00 0 
e7107000-f5ec7000 ---p 00000000 00:00 0 
f5ec7000-f5ee2000 r-xp 00000000 fd:00 137647970                          /usr/java/jdk1.8.0_281-i586/jre/lib/i386/libzip.so
f5ee2000-f5ee3000 r--p 0001a000 fd:00 137647970                          /usr/java/jdk1.8.0_281-i586/jre/lib/i386/libzip.so
f5ee3000-f5ee4000 rw-p 0001b000 fd:00 137647970                          /usr/java/jdk1.8.0_281-i586/jre/lib/i386/libzip.so
f5ee4000-f5f0b000 r-xp 00000000 fd:00 137303138                          /usr/java/jdk1.8.0_281-i586/jre/lib/i386/libjava.so
f5f0b000-f5f0c000 r--p 00026000 fd:00 137303138                          /usr/java/jdk1.8.0_281-i586/jre/lib/i386/libjava.so
f5f0c000-f5f0d000 rw-p 00027000 fd:00 137303138                          /usr/java/jdk1.8.0_281-i586/jre/lib/i386/libjava.so
f5f0d000-f5f18000 r-xp 00000000 fd:00 137647969                          /usr/java/jdk1.8.0_281-i586/jre/lib/i386/libverify.so
f5f18000-f5f19000 ---p 0000b000 fd:00 137647969                          /usr/java/jdk1.8.0_281-i586/jre/lib/i386/libverify.so
f5f19000-f5f1a000 r--p 0000b000 fd:00 137647969                          /usr/java/jdk1.8.0_281-i586/jre/lib/i386/libverify.so
f5f1a000-f5f1b000 rw-p 0000c000 fd:00 137647969                          /usr/java/jdk1.8.0_281-i586/jre/lib/i386/libverify.so
f5f1b000-f5f1c000 ---p 00000000 00:00 0 
f5f1c000-f671c000 rw-p 00000000 00:00 0 
f671c000-f6728000 r-xp 00000000 fd:00 134838610                          /usr/lib/libnss_files-2.28.so
f6728000-f6729000 r--p 0000b000 fd:00 134838610                          /usr/lib/libnss_files-2.28.so
f6729000-f672a000 rw-p 0000c000 fd:00 134838610                          /usr/lib/libnss_files-2.28.so
f672a000-f6730000 rw-p 00000000 00:00 0 
f6730000-f6731000 r--p 00000000 fd:00 134305709                          /usr/lib/locale/en_US/LC_TELEPHONE
f6731000-f6732000 r--p 00000000 fd:00 134305707                          /usr/lib/locale/en_US/LC_MEASUREMENT
f6732000-f6735000 rw-p 00000000 00:00 0 
f6735000-f673d000 rw-s 00000000 fd:00 134969086                          /tmp/hsperfdata_mtpadmin/277482
f673d000-f673e000 r-xp 00000000 08:10 4195246                            /apps/mtp/TPE16.0.2/lib/libkixpli.so
f673e000-f673f000 r--p 00000000 08:10 4195246                            /apps/mtp/TPE16.0.2/lib/libkixpli.so
f673f000-f6740000 rw-p 00001000 08:10 4195246                            /apps/mtp/TPE16.0.2/lib/libkixpli.so
f6740000-f6741000 r-xp 00000000 08:10 4195242                            /apps/mtp/TPE16.0.2/lib/libkxtermexit.so
f6741000-f6742000 r--p 00000000 08:10 4195242                            /apps/mtp/TPE16.0.2/lib/libkxtermexit.so
f6742000-f6743000 rw-p 00001000 08:10 4195242                            /apps/mtp/TPE16.0.2/lib/libkxtermexit.so
f6743000-f6759000 r-xp 00000000 08:10 4195235                            /apps/mtp/TPE16.0.2/lib/libkxsecexit.so
f6759000-f675a000 r--p 00015000 08:10 4195235                            /apps/mtp/TPE16.0.2/lib/libkxsecexit.so
f675a000-f675b000 rw-p 00016000 08:10 4195235                            /apps/mtp/TPE16.0.2/lib/libkxsecexit.so
f675b000-f6761000 rw-p 00000000 00:00 0 
f6761000-f6763000 r-xp 00000000 08:10 4195223                            /apps/mtp/TPE16.0.2/lib/liblang_dyn.so
f6763000-f6764000 r--p 00001000 08:10 4195223                            /apps/mtp/TPE16.0.2/lib/liblang_dyn.so
f6764000-f6765000 rw-p 00002000 08:10 4195223                            /apps/mtp/TPE16.0.2/lib/liblang_dyn.so
f6765000-f676d000 r-xp 00000000 fd:00 134838616                          /usr/lib/librt-2.28.so
f676d000-f676e000 r--p 00007000 fd:00 134838616                          /usr/lib/librt-2.28.so
f676e000-f676f000 rw-p 00008000 fd:00 134838616                          /usr/lib/librt-2.28.so
f676f000-f6770000 r-xp 00000000 08:10 4195227                            /apps/mtp/TPE16.0.2/lib/libkxrm.so
f6770000-f6771000 r--p 00000000 08:10 4195227                            /apps/mtp/TPE16.0.2/lib/libkxrm.so
f6771000-f6772000 rw-p 00001000 08:10 4195227                            /apps/mtp/TPE16.0.2/lib/libkxrm.so
f6772000-f6774000 rw-p 00000000 00:00 0 
f6774000-f677f000 r-xp 00000000 08:10 4195224                            /apps/mtp/TPE16.0.2/lib/libkxtm.so
f677f000-f6780000 r--p 0000a000 08:10 4195224                            /apps/mtp/TPE16.0.2/lib/libkxtm.so
f6780000-f6781000 rw-p 0000b000 08:10 4195224                            /apps/mtp/TPE16.0.2/lib/libkxtm.so
f6781000-f678f000 r-xp 00000000 08:10 4195230                            /apps/mtp/TPE16.0.2/lib/libkxtables.so
f678f000-f6790000 r--p 0000d000 08:10 4195230                            /apps/mtp/TPE16.0.2/lib/libkxtables.so
f6790000-f6791000 rw-p 0000e000 08:10 4195230                            /apps/mtp/TPE16.0.2/lib/libkxtables.so
f6791000-f67b2000 r-xp 00000000 fd:00 136722898                          /usr/lib/libcrypt.so.1.1.0
f67b2000-f67b3000 r--p 00020000 fd:00 136722898                          /usr/lib/libcrypt.so.1.1.0
f67b3000-f67bc000 rw-p 00000000 00:00 0 
f67bc000-f67d8000 r-xp 00000000 fd:00 134838612                          /usr/lib/libpthread-2.28.so
f67d8000-f67d9000 r--p 0001b000 fd:00 134838612                          /usr/lib/libpthread-2.28.so
f67d9000-f67da000 rw-p 0001c000 fd:00 134838612                          /usr/lib/libpthread-2.28.so
f67da000-f67dc000 rw-p 00000000 00:00 0 
f67dc000-f68ac000 r-xp 00000000 fd:00 134838604                          /usr/lib/libm-2.28.so
f68ac000-f68ad000 r--p 000cf000 fd:00 134838604                          /usr/lib/libm-2.28.so
f68ad000-f68ae000 rw-p 000d0000 fd:00 134838604                          /usr/lib/libm-2.28.so
f68ae000-f68b1000 r-xp 00000000 fd:00 134838602                          /usr/lib/libdl-2.28.so
f68b1000-f68b2000 r--p 00002000 fd:00 134838602                          /usr/lib/libdl-2.28.so
f68b2000-f68b3000 rw-p 00003000 fd:00 134838602                          /usr/lib/libdl-2.28.so
f68b3000-f6a54000 r-xp 00000000 fd:00 134838600                          /usr/lib/libc-2.28.so
f6a54000-f6a55000 ---p 001a1000 fd:00 134838600                          /usr/lib/libc-2.28.so
f6a55000-f6a57000 r--p 001a1000 fd:00 134838600                          /usr/lib/libc-2.28.so
f6a57000-f6a58000 rw-p 001a3000 fd:00 134838600                          /usr/lib/libc-2.28.so
f6a58000-f6a5b000 rw-p 00000000 00:00 0 
f6a5b000-f6a5c000 r--p 00000000 fd:00 134305704                          /usr/lib/locale/en_US/LC_IDENTIFICATION
f6a5c000-f6a5d000 rw-p 00000000 00:00 0 
f6a5d000-f6a5e000 r-xp 00000000 08:10 4195273                            /apps/mtp/TPE16.0.2/lib/libkxsockexit.so
f6a5e000-f6a5f000 r--p 00000000 08:10 4195273                            /apps/mtp/TPE16.0.2/lib/libkxsockexit.so
f6a5f000-f6a60000 rw-p 00001000 08:10 4195273                            /apps/mtp/TPE16.0.2/lib/libkxsockexit.so
f6a60000-f6a62000 r-xp 00000000 08:10 4195272                            /apps/mtp/TPE16.0.2/lib/libkxiscexit.so
f6a62000-f6a63000 r--p 00001000 08:10 4195272                            /apps/mtp/TPE16.0.2/lib/libkxiscexit.so
f6a63000-f6a64000 rw-p 00002000 08:10 4195272                            /apps/mtp/TPE16.0.2/lib/libkxiscexit.so
f6a64000-f6a66000 r-xp 00000000 08:10 4195271                            /apps/mtp/TPE16.0.2/lib/libkxconvexit.so
f6a66000-f6a67000 r--p 00001000 08:10 4195271                            /apps/mtp/TPE16.0.2/lib/libkxconvexit.so
f6a67000-f6a68000 rw-p 00002000 08:10 4195271                            /apps/mtp/TPE16.0.2/lib/libkxconvexit.so
f6a68000-f6d2f000 r-xp 00000000 08:10 4195270                            /apps/mtp/TPE16.0.2/lib/libunikixtran.so
f6d2f000-f6d30000 r--p 002c6000 08:10 4195270                            /apps/mtp/TPE16.0.2/lib/libunikixtran.so
f6d30000-f6d4d000 rw-p 002c7000 08:10 4195270                            /apps/mtp/TPE16.0.2/lib/libunikixtran.so
f6d4d000-f6fb5000 rw-p 00000000 00:00 0 
f6fb5000-f7b38000 r-xp 00000000 fd:00 68223427                           /usr/java/jdk1.8.0_281-i586/jre/lib/i386/server/libjvm.so
f7b38000-f7b39000 ---p 00b83000 fd:00 68223427                           /usr/java/jdk1.8.0_281-i586/jre/lib/i386/server/libjvm.so
f7b39000-f7b80000 r--p 00b83000 fd:00 68223427                           /usr/java/jdk1.8.0_281-i586/jre/lib/i386/server/libjvm.so
f7b80000-f7b9d000 rw-p 00bca000 fd:00 68223427                           /usr/java/jdk1.8.0_281-i586/jre/lib/i386/server/libjvm.so
f7b9d000-f7fc2000 rw-p 00000000 00:00 0 
f7fc2000-f7fc4000 r-xp 00000000 fd:00 137303152                          /usr/java/jdk1.8.0_281-i586/jre/lib/i386/libjsig.so
f7fc4000-f7fc5000 r--p 00001000 fd:00 137303152                          /usr/java/jdk1.8.0_281-i586/jre/lib/i386/libjsig.so
f7fc5000-f7fc6000 rw-p 00002000 fd:00 137303152                          /usr/java/jdk1.8.0_281-i586/jre/lib/i386/libjsig.so
f7fc6000-f7fc9000 rw-p 00000000 00:00 0 
f7fc9000-f7fcd000 r--p 00000000 00:00 0                                  [vvar]
f7fcd000-f7fcf000 r-xp 00000000 00:00 0                                  [vdso]
f7fcf000-f7ffb000 r-xp 00000000 fd:00 134838593                          /usr/lib/ld-2.28.so
f7ffb000-f7ffc000 r--p 00000000 00:00 0 
f7ffc000-f7ffd000 r--p 0002c000 fd:00 134838593                          /usr/lib/ld-2.28.so
f7ffd000-f7ffe000 rw-p 0002d000 fd:00 134838593                          /usr/lib/ld-2.28.so
ffe8c000-ffe8f000 ---p 00000000 00:00 0 
ffe8f000-fff8c000 rw-p 00000000 00:00 0                                  [stack]

VM Arguments:
jvm_args: -Dvcobol.jdbc.autocommit=false -Dvcobol.runtime.compile_flags.mandatory= -Dvcobol.runtime.compile_flags.prohibited=-d64 -Xrs -Xss1M -DKIXSYS=/apps/test/mdoff/sys -DKIXPROGS=/apps/test/mdoff/exe/onl -DUNIKIX=/apps/mtp/mtp -Xmx128m -Dvcobol.jdbc.driver=com.microsoft.sqlserver.jdbc.SQLServerDriver -Dvcobol.jdbc.url=jdbc:sqlserver://hov-tstdb01.cso.local:1433;databaseName= -Dvcobol.jdbc.autocommit=False -Djava.library.path=/apps/mtp/mtp/lib:/opt/lib/cobol/NTT_DATA_COBOL_6.0/native/lib/ exit abort 
java_command: <unknown>
java_class_path (initial): /apps/mtp/mtp/lib/dfjcics.jar:/apps/mtp/mtp/lib/kixsysapi.jar:/apps/mtp/mtp/lib/transMQJMS.jar:/apps/mtp/mtp/lib/transutil.jar:/opt/lib/cobol/NTT_DATA_COBOL_6.0/lib/vcobol-runtime.jar:/apps/test/mdoff/sys/local/bin:/apps/mtp/mtp/local/bin:/apps/test/mdoff/exe/onl:/apps/mtp/mtp/axis2/current/lib/axis2-xmlbeans-1.7.8.jar:/apps/mtp/mtp/axis2/current/lib/axis2-kernel-1.7.8.jar:/apps/mtp/mtp/axis2/current/lib/geronimo-stax-api_1.0_spec-1.0.1.jar:/apps/mtp/mtp/axis2/current/lib/axis2-saaj-1.7.8.jar:/apps/mtp/mtp/axis2/current/lib/httpcore-4.4.6.jar:/apps/mtp/mtp/axis2/current/lib/commons-httpclient-3.1.jar:/apps/mtp/mtp/axis2/current/lib/axis2-transport-http-1.7.8.jar:/apps/mtp/mtp/axis2/current/lib/jibx-run-1.2.jar:/apps/mtp/mtp/axis2/current/lib/axis2-clustering-1.7.8.jar:/apps/mtp/mtp/axis2/current/lib/axis2-jaxws-1.7.8.jar:/apps/mtp/mtp/axis2/current/lib/commons-logging-1.1.1.jar:/apps/mtp/mtp/axis2/current/lib/mail-1.4.jar:/apps/mtp/mtp/axis2/current/lib/bcel-findbugs-6.0.jar:/apps/mtp/mtp/axis2/current/lib/axiom-dom-1.2.20.jar:/apps/mtp/mtp/axis2/current/lib/axis2-transport-mail-1.7.8.jar:/apps/mtp/mtp/axis2/current/lib/commons-io-2.1.jar:/apps/mtp/mtp/axis2/current/lib/jaxws-tools-2.2.6.jar:/apps/mtp/mtp/axis2/current/lib/woden-core-1.0M10.jar:/apps/mtp/mtp/axis2/current/lib/xalan-2.7.0.jar:/apps/mtp/mtp/axis2/current/lib/axis2-mtompolicy-1.7.8.jar:/apps/mtp/mtp/axis2/current/lib/axis2-codegen-1.7.8.jar:/apps/mtp/mtp/axis2/current/lib/geronimo-jaxws_2.2_spec-1.0.jar:/apps/mtp/mtp/axis2/current/lib/jsr311-api-1.1.1.jar:/apps/mtp/mtp/axis2/current/lib/antlr-2.7.7.jar:/apps/mtp/mtp/axis2/current/lib/axis2-corba-1.7.8.jar:/apps/mtp/mtp/axis2/current/lib/axis2-transport-local-1.7.8.jar:/apps/mtp/mtp/axis2/current/lib/juli-6.0.16.jar:/apps/mtp/mtp/axis2/current/lib/axis2-jibx-1.7.8.jar:/apps/mtp/mtp/axis2/current/lib/geronimo-ws-metadata_2.0_spec-1.1.2.jar:/apps/mtp/mtp/axis2/current/lib/jaxen-1.1.6.jar:/apps/mtp/mtp/axis2/current/lib/jettiso
Launcher Type: generic

Environment Variables:
PATH=/usr/java/default/bin:/apps/test/mdoff/sys/local/bin:/apps/mtp/mtp/bin:/usr/bin:/bin
LD_LIBRARY_PATH=/apps/test/mdoff/sys/local/bin:/apps/mtp/mtp/lib:/opt/lib/cobol/NTT_DATA_COBOL_6.0/native/lib:/usr/java/default/jre/lib/i386/server:/usr/java/default/jre/lib/i386
DISPLAY=

Signal Handlers:
SIGSEGV: [libjvm.so+0x94a910], sa_mask[0]=11111111111111111111111111111110, sa_flags=SA_RESTART|SA_SIGINFO
SIGBUS: [libjvm.so+0x94a910], sa_mask[0]=11111111111111111111111111111110, sa_flags=SA_SIGINFO
SIGFPE: [libunikixtran.so+0x256f8b], sa_mask[0]=11111111111111111111111111111110, sa_flags=SA_SIGINFO
SIGPIPE: SIG_IGN, sa_mask[0]=11111111111111111111111111111110, sa_flags=SA_SIGINFO
SIGXFSZ: SIG_DFL, sa_mask[0]=11111111111111111111111111111110, sa_flags=SA_SIGINFO
SIGILL: [libunikixtran.so+0x256f8b], sa_mask[0]=11111111111111111111111111111110, sa_flags=SA_SIGINFO
SIGUSR1: [libunikixtran.so+0x256f8b], sa_mask[0]=11111111011111111101111111111110, sa_flags=SA_SIGINFO
SIGUSR2: [libunikixtran.so+0x256f8b], sa_mask[0]=11111111011111111101111111111110, sa_flags=SA_RESTART|SA_SIGINFO
SIGHUP: [libunikixtran.so+0x256f8b], sa_mask[0]=11111111011111111101111111111110, sa_flags=SA_SIGINFO
SIGINT: [libunikixtran.so+0x256f8b], sa_mask[0]=11111111011111111101111111111110, sa_flags=SA_SIGINFO
SIGTERM: [libunikixtran.so+0x256f8b], sa_mask[0]=11111111011111111101111111111110, sa_flags=SA_SIGINFO
SIGQUIT: [libunikixtran.so+0x256f8b], sa_mask[0]=11111111011111111101111111111110, sa_flags=SA_SIGINFO


---------------  S Y S T E M  ---------------

OS:Red Hat Enterprise Linux release 8.4 (Ootpa)

uname:Linux 4.18.0-305.12.1.el8_4.x86_64 #1 SMP Mon Jul 26 08:06:24 EDT 2021 x86_64
libc:glibc 2.28 NPTL 2.28 
rlimit: STACK 8192k, CORE infinity, NPROC 63093, NOFILE 262144, AS infinity
load average:31.07 6.97 2.28

/proc/meminfo:
MemTotal:       16211596 kB
MemFree:          162464 kB
MemAvailable:   12946268 kB
Buffers:           30444 kB
Cached:         14581516 kB
SwapCached:         2220 kB
Active:          1796096 kB
Inactive:       13829832 kB
Active(anon):    1517188 kB
Inactive(anon):  1128200 kB
Active(file):     278908 kB
Inactive(file): 12701632 kB
Unevictable:           0 kB
Mlocked:               0 kB
SwapTotal:       8273916 kB
SwapFree:        8133116 kB
Dirty:           2591456 kB
Writeback:         90260 kB
AnonPages:       1007080 kB
Mapped:          5268388 kB
Shmem:           1631388 kB
KReclaimable:     112804 kB
Slab:             203268 kB
SReclaimable:     112804 kB
SUnreclaim:        90464 kB
KernelStack:       13920 kB
PageTables:        49096 kB
NFS_Unstable:          0 kB
Bounce:                0 kB
WritebackTmp:          0 kB
CommitLimit:    16379712 kB
Committed_AS:    8416612 kB
VmallocTotal:   34359738367 kB
VmallocUsed:           0 kB
VmallocChunk:          0 kB
Percpu:             4528 kB
HardwareCorrupted:     0 kB
AnonHugePages:    464896 kB
ShmemHugePages:        0 kB
ShmemPmdMapped:        0 kB
FileHugePages:         0 kB
FilePmdMapped:         0 kB
HugePages_Total:       0
HugePages_Free:        0
HugePages_Rsvd:        0
HugePages_Surp:        0
Hugepagesize:       2048 kB
Hugetlb:               0 kB
DirectMap4k:      339312 kB
DirectMap2M:     9097216 kB
DirectMap1G:     9437184 kB

container (cgroup) information:
container_type: cgroupv1
cpu_cpuset_cpus: 0-3
cpu_memory_nodes: 0
active_processor_count: 4
cpu_quota: -1
cpu_period: 100000
cpu_shares: -1
memory_limit_in_bytes: -1
memory_and_swap_limit_in_bytes: -1
memory_soft_limit_in_bytes: -1
memory_usage_in_bytes: 1863860224
memory_max_usage_in_bytes: 2115162112


CPU:total 4 (initial active 4) (2 cores per cpu, 1 threads per core) family 6 model 85 stepping 4, cmov, cx8, fxsr, mmx, sse, sse2, sse3, ssse3, sse4.1, sse4.2, popcnt, avx, avx2, aes, clmul, erms, 3dnowpref, lzcnt, tsc, tscinvbit, bmi1, bmi2, adx

/proc/cpuinfo:
processor	: 0
vendor_id	: GenuineIntel
cpu family	: 6
model		: 85
model name	: Intel(R) Xeon(R) Gold 6154 CPU @ 3.00GHz
stepping	: 4
microcode	: 0x2006a08
cpu MHz		: 2992.968
cache size	: 25344 KB
physical id	: 0
siblings	: 2
core id		: 0
cpu cores	: 2
apicid		: 0
initial apicid	: 0
fpu		: yes
fpu_exception	: yes
cpuid level	: 22
wp		: yes
flags		: fpu vme de pse tsc msr pae mce cx8 apic sep mtrr pge mca cmov pat pse36 clflush mmx fxsr sse sse2 ss ht syscall nx pdpe1gb rdtscp lm constant_tsc arch_perfmon nopl xtopology tsc_reliable nonstop_tsc cpuid pni pclmulqdq ssse3 fma cx16 pcid sse4_1 sse4_2 x2apic movbe popcnt tsc_deadline_timer aes xsave avx f16c rdrand hypervisor lahf_lm abm 3dnowprefetch cpuid_fault invpcid_single pti ssbd ibrs ibpb stibp fsgsbase tsc_adjust bmi1 avx2 smep bmi2 invpcid avx512f avx512dq rdseed adx smap clflushopt clwb avx512cd avx512bw avx512vl xsaveopt xsavec xsaves arat pku ospke md_clear flush_l1d arch_capabilities
bugs		: cpu_meltdown spectre_v1 spectre_v2 spec_store_bypass l1tf mds swapgs itlb_multihit
bogomips	: 5985.93
clflush size	: 64
cache_alignment	: 64
address sizes	: 43 bits physical, 48 bits virtual
power management:

processor	: 1
vendor_id	: GenuineIntel
cpu family	: 6
model		: 85
model name	: Intel(R) Xeon(R) Gold 6154 CPU @ 3.00GHz
stepping	: 4
microcode	: 0x2006a08
cpu MHz		: 2992.968
cache size	: 25344 KB
physical id	: 0
siblings	: 2
core id		: 1
cpu cores	: 2
apicid		: 1
initial apicid	: 1
fpu		: yes
fpu_exception	: yes
cpuid level	: 22
wp		: yes
flags		: fpu vme de pse tsc msr pae mce cx8 apic sep mtrr pge mca cmov pat pse36 clflush mmx fxsr sse sse2 ss ht syscall nx pdpe1gb rdtscp lm constant_tsc arch_perfmon nopl xtopology tsc_reliable nonstop_tsc cpuid pni pclmulqdq ssse3 fma cx16 pcid sse4_1 sse4_2 x2apic movbe popcnt tsc_deadline_timer aes xsave avx f16c rdrand hypervisor lahf_lm abm 3dnowprefetch cpuid_fault invpcid_single pti ssbd ibrs ibpb stibp fsgsbase tsc_adjust bmi1 avx2 smep bmi2 invpcid avx512f avx512dq rdseed adx smap clflushopt clwb avx512cd avx512bw avx512vl xsaveopt xsavec xsaves arat pku ospke md_clear flush_l1d arch_capabilities
bugs		: cpu_meltdown spectre_v1 spectre_v2 spec_store_bypass l1tf mds swapgs itlb_multihit
bogomips	: 5985.93
clflush size	: 64
cache_alignment	: 64
address sizes	: 43 bits physical, 48 bits virtual
power management:

processor	: 2
vendor_id	: GenuineIntel
cpu family	: 6
model		: 85
model name	: Intel(R) Xeon(R) Gold 6154 CPU @ 3.00GHz
stepping	: 4
microcode	: 0x2006a08
cpu MHz		: 2992.968
cache size	: 25344 KB
physical id	: 1
siblings	: 2
core id		: 0
cpu cores	: 2
apicid		: 2
initial apicid	: 2
fpu		: yes
fpu_exception	: yes
cpuid level	: 22
wp		: yes
flags		: fpu vme de pse tsc msr pae mce cx8 apic sep mtrr pge mca cmov pat pse36 clflush mmx fxsr sse sse2 ss ht syscall nx pdpe1gb rdtscp lm constant_tsc arch_perfmon nopl xtopology tsc_reliable nonstop_tsc cpuid pni pclmulqdq ssse3 fma cx16 pcid sse4_1 sse4_2 x2apic movbe popcnt tsc_deadline_timer aes xsave avx f16c rdrand hypervisor lahf_lm abm 3dnowprefetch cpuid_fault invpcid_single pti ssbd ibrs ibpb stibp fsgsbase tsc_adjust bmi1 avx2 smep bmi2 invpcid avx512f avx512dq rdseed adx smap clflushopt clwb avx512cd avx512bw avx512vl xsaveopt xsavec xsaves arat pku ospke md_clear flush_l1d arch_capabilities
bugs		: cpu_meltdown spectre_v1 spectre_v2 spec_store_bypass l1tf mds swapgs itlb_multihit
bogomips	: 5985.93
clflush size	: 64
cache_alignment	: 64
address sizes	: 43 bits physical, 48 bits virtual
power management:

processor	: 3
vendor_id	: GenuineIntel
cpu family	: 6
model		: 85
model name	: Intel(R) Xeon(R) Gold 6154 CPU @ 3.00GHz
stepping	: 4
microcode	: 0x2006a08
cpu MHz		: 2992.968
cache size	: 25344 KB
physical id	: 1
siblings	: 2
core id		: 1
cpu cores	: 2
apicid		: 3
initial apicid	: 3
fpu		: yes
fpu_exception	: yes
cpuid level	: 22
wp		: yes
flags		: fpu vme de pse tsc msr pae mce cx8 apic sep mtrr pge mca cmov pat pse36 clflush mmx fxsr sse sse2 ss ht syscall nx pdpe1gb rdtscp lm constant_tsc arch_perfmon nopl xtopology tsc_reliable nonstop_tsc cpuid pni pclmulqdq ssse3 fma cx16 pcid sse4_1 sse4_2 x2apic movbe popcnt tsc_deadline_timer aes xsave avx f16c rdrand hypervisor lahf_lm abm 3dnowprefetch cpuid_fault invpcid_single pti ssbd ibrs ibpb stibp fsgsbase tsc_adjust bmi1 avx2 smep bmi2 invpcid avx512f avx512dq rdseed adx smap clflushopt clwb avx512cd avx512bw avx512vl xsaveopt xsavec xsaves arat pku ospke md_clear flush_l1d arch_capabilities
bugs		: cpu_meltdown spectre_v1 spectre_v2 spec_store_bypass l1tf mds swapgs itlb_multihit
bogomips	: 5985.93
clflush size	: 64
cache_alignment	: 64
address sizes	: 43 bits physical, 48 bits virtual
power management:



Memory: 4k page, physical 16211596k(169520k free), swap 8273916k(8133116k free)

vm_info: Java HotSpot(TM) Server VM (25.281-b09) for linux-x86 JRE (1.8.0_281-b09), built on Dec  9 2020 12:36:01 by "java_re" with gcc 7.3.0

time: Fri Aug 20 15:35:35 2021
timezone: CDT
elapsed time: 0.684647 seconds (0d 0h 0m 0s)

