#
# A fatal error has been detected by the Java Runtime Environment:
#
#  SIGSEGV (0xb) at pc=0x2f2f2f2f, pid=3349001, tid=0xf668a700
#
# JRE version: Java(TM) SE Runtime Environment (8.0_281-b09) (build 1.8.0_281-b09)
# Java VM: Java HotSpot(TM) Server VM (25.281-b09 mixed mode linux-x86 )
# Problematic frame:
# C  0x2f2f2f2f
#
# Core dump written. Default location: /apps/test/mdoff/sys/core or core.3349001
#
# If you would like to submit a bug report, please visit:
#   http://bugreport.java.com/bugreport/crash.jsp
# The crash happened outside the Java Virtual Machine in native code.
# See problematic frame for where to report the bug.
#

---------------  T H R E A D  ---------------

Current thread (0x0859b800):  JavaThread "main" [_thread_in_native, id=3349001, stack(0xffc07000,0xffd07000)]

siginfo: si_signo: 11 (SIGSEGV), si_code: 2 (SEGV_ACCERR), si_addr: 0x2f2f2f2f

Registers:
EAX=0x00000000, EBX=0x2f2f2f2f, ECX=0xdd022fc1, EDX=0x00000000
ESP=0xffcd7aa0, EBP=0x2f2f2f2f, ESI=0x2f2f2f2f, EDI=0x2f2f2f2f
EIP=0x2f2f2f2f, EFLAGS=0x00010282, CR2=0x2f2f2f2f

Top of Stack: (sp=0xffcd7aa0)
0xffcd7aa0:   2f2f2f2f 2f2f2f2f 2f2f2f2f 2f2f2f2f
0xffcd7ab0:   2f2f2f2f 2f2f2f2f 2f2f2f2f 2f2f2f2f
0xffcd7ac0:   2f2f2f2f 2f2f2f2f 2f2f2f2f 2f2f2f2f
0xffcd7ad0:   2f2f2f2f 2f2f2f2f 0a2f2f2f dd025000
0xffcd7ae0:   dd0250d4 00000000 00000000 00000000
0xffcd7af0:   00000000 00000000 00000015 00000015
0xffcd7b00:   00000000 00000000 00000000 00000000
0xffcd7b10:   00000000 00000000 00000000 00000000 

Instructions: (pc=0x2f2f2f2f)
0x2f2f2f0f:   00 00 00 00 00 00 00 00 00 00 00 00 00 00 00 00
0x2f2f2f1f:   00 00 00 00 00 00 00 00 00 00 00 00 00 00 00 00
0x2f2f2f2f:   00 00 00 00 00 00 00 00 00 00 00 00 00 00 00 00
0x2f2f2f3f:   00 00 00 00 00 00 00 00 00 00 00 00 00 00 00 00 

Register to memory mapping:

EAX=0x00000000 is an unknown value
EBX=0x2f2f2f2f is an unknown value
ECX=0xdd022fc1: <offset 0x3fc1> in /apps/mtp/mtp/lib/KXWBXN.so at 0xdd01f000
EDX=0x00000000 is an unknown value
ESP=0xffcd7aa0 is pointing into the stack for thread: 0x0859b800
EBP=0x2f2f2f2f is an unknown value
ESI=0x2f2f2f2f is an unknown value
EDI=0x2f2f2f2f is an unknown value


Stack: [0xffc07000,0xffd07000],  sp=0xffcd7aa0,  free space=834k
Native frames: (J=compiled Java code, j=interpreted, Vv=VM code, C=native code)
C  0x2f2f2f2f

Java frames: (J=compiled Java code, j=interpreted, Vv=VM code)
j  com.vcobol.runtime.impl.NativeVCobolCallable.nativeCall00(J)J+0
j  com.vcobol.runtime.impl.NativeVCobolCallable.call([Lcom/vcobol/runtime/memory/Chunk;)J+92
j  com.vcobol.runtime.VCobolRuntime.callCallable(Lcom/vcobol/runtime/ru/RunUnit;Lcom/vcobol/runtime/VCobolCallable;[Lcom/vcobol/runtime/memory/Chunk;)J+21
j  com.vcobol.runtime.VCobolRuntime.callProgram(Lcom/vcobol/runtime/VCobolCallable;[Lcom/vcobol/runtime/memory/Chunk;)J+44
j  KXCALLKIX.PROCEDURE()I+147
j  KXCALLKIX.perform(II)I+39
j  KXCALLKIX.call([Lcom/vcobol/runtime/memory/Chunk;)J+10
j  com.vcobol.runtime.VCobolRuntime.callCallable(Lcom/vcobol/runtime/ru/RunUnit;Lcom/vcobol/runtime/VCobolCallable;[Lcom/vcobol/runtime/memory/Chunk;)J+21
j  com.vcobol.runtime.VCobolRuntime.callProgram(Lcom/vcobol/runtime/VCobolCallable;[Lcom/vcobol/runtime/memory/Chunk;)J+22
j  com.vcobol.runtime.VCobolRuntime.callProgramExtended(Ljava/lang/String;Z[Lcom/vcobol/runtime/memory/Chunk;)J+36
v  ~StubRoutines::call_stub

---------------  P R O C E S S  ---------------

Java Threads: ( => current thread )
  0x087e6800 JavaThread "Service Thread" daemon [_thread_blocked, id=3349214, stack(0xdccfe000,0xdcdff000)]
  0x087e3800 JavaThread "C1 CompilerThread2" daemon [_thread_blocked, id=3349207, stack(0xdd07f000,0xdd0ff000)]
  0x087e2000 JavaThread "C2 CompilerThread1" daemon [_thread_blocked, id=3349203, stack(0xdd37f000,0xdd3ff000)]
  0x087e0000 JavaThread "C2 CompilerThread0" daemon [_thread_blocked, id=3349197, stack(0xdd656000,0xdd6d6000)]
  0x087de800 JavaThread "Attach Listener" daemon [_thread_blocked, id=3349186, stack(0xdcdff000,0xdcf00000)]
  0x087c4400 JavaThread "Finalizer" daemon [_thread_blocked, id=3349172, stack(0xdd0ff000,0xdd200000)]
  0x087c1400 JavaThread "Reference Handler" daemon [_thread_blocked, id=3349170, stack(0xdd3ff000,0xdd500000)]
=>0x0859b800 JavaThread "main" [_thread_in_native, id=3349001, stack(0xffc07000,0xffd07000)]

Other Threads:
  0x087bbc00 VMThread [stack: 0xdd6d7000,0xdd757000] [id=3349165]
  0x087e8800 WatcherThread [stack: 0xdcc7e000,0xdccfe000] [id=3349219]

VM state:not at safepoint (normal execution)

VM Mutex/Monitor currently owned by a thread: None

Heap:
 PSYoungGen      total 12544K, used 5824K [0xe3f80000, 0xe4c40000, 0xe6a00000)
  eden space 12032K, 48% used [0xe3f80000,0xe4524198,0xe4b40000)
  from space 512K, 9% used [0xe4bc0000,0xe4bcc000,0xe4c40000)
  to   space 512K, 0% used [0xe4b40000,0xe4b40000,0xe4bc0000)
 ParOldGen       total 43776K, used 1358K [0xdea00000, 0xe14c0000, 0xe3f80000)
  object space 43776K, 3% used [0xdea00000,0xdeb538d8,0xe14c0000)
 Metaspace       used 5917K, capacity 6074K, committed 6168K, reserved 6448K

Card table byte_map: [0xde9bf000,0xdea00000] byte_map_base: 0xde2ca000

Marking Bits: (ParMarkBitMap*) 0xf7adbe60
 Begin Bits: [0xdde00000, 0xde000000)
 End Bits:   [0xde000000, 0xde200000)

Polling page: 0xf7f26000

CodeCache: size=245760Kb used=6418Kb max_used=6434Kb free=239341Kb
 bounds [0xe6df2000, 0xe746a000, 0xf5df2000]
 total_blobs=1219 nmethods=1021 adapters=112
 compilation: enabled

Compilation events (10 events):
Event: 32972.159 Thread 0x087e2000 1165       4       EL6501::_0600_DISPLAY_RECORD (116 bytes)
Event: 32972.159 Thread 0x087e0000 1164       4       EL6501::_0500_CHECK_MAINT_TYPE (70 bytes)
Event: 32972.161 Thread 0x087e0000 nmethod 1164 0xe701ea48 code [0xe701eb40, 0xe701ebf0]
Event: 32972.161 Thread 0x087e0000 1166       4       EL6501::_8000_STATE_REC_READ (536 bytes)
Event: 32972.164 Thread 0x087e2000 nmethod 1165 0xe6f1c9c8 code [0xe6f1cb20, 0xe6f1cd18]
Event: 32972.164 Thread 0x087e2000 1167       4       EL6501::_8100_SEND_INITIAL_MAP (782 bytes)
Event: 32972.206 Thread 0x087e0000 nmethod 1166 0xe6ffb948 code [0xe6ffbc80, 0xe6ffd454]
Event: 32972.212 Thread 0x087e2000 nmethod 1167 0xe701b4c8 code [0xe701b760, 0xe701cf04]
Event: 33206.658 Thread 0x087e0000 1168       4       EL1272::_8625_WRITE_TEMP_STORAGE (498 bytes)
Event: 33206.681 Thread 0x087e0000 nmethod 1168 0xe70001c8 code [0xe7000400, 0xe7001124]

GC Heap History (10 events):
Event: 29230.347 GC heap before
{Heap before GC invocations=44 (full 0):
 PSYoungGen      total 12544K, used 12096K [0xe3f80000, 0xe4c40000, 0xe6a00000)
  eden space 12032K, 100% used [0xe3f80000,0xe4b40000,0xe4b40000)
  from space 512K, 12% used [0xe4b40000,0xe4b50000,0xe4bc0000)
  to   space 512K, 0% used [0xe4bc0000,0xe4bc0000,0xe4c40000)
 ParOldGen       total 43776K, used 1358K [0xdea00000, 0xe14c0000, 0xe3f80000)
  object space 43776K, 3% used [0xdea00000,0xdeb538d8,0xe14c0000)
 Metaspace       used 5917K, capacity 6074K, committed 6168K, reserved 6448K
Event: 29230.348 GC heap after
Heap after GC invocations=44 (full 0):
 PSYoungGen      total 12544K, used 32K [0xe3f80000, 0xe4c40000, 0xe6a00000)
  eden space 12032K, 0% used [0xe3f80000,0xe3f80000,0xe4b40000)
  from space 512K, 6% used [0xe4bc0000,0xe4bc8000,0xe4c40000)
  to   space 512K, 0% used [0xe4b40000,0xe4b40000,0xe4bc0000)
 ParOldGen       total 43776K, used 1358K [0xdea00000, 0xe14c0000, 0xe3f80000)
  object space 43776K, 3% used [0xdea00000,0xdeb538d8,0xe14c0000)
 Metaspace       used 5917K, capacity 6074K, committed 6168K, reserved 6448K
}
Event: 30193.226 GC heap before
{Heap before GC invocations=45 (full 0):
 PSYoungGen      total 12544K, used 12064K [0xe3f80000, 0xe4c40000, 0xe6a00000)
  eden space 12032K, 100% used [0xe3f80000,0xe4b40000,0xe4b40000)
  from space 512K, 6% used [0xe4bc0000,0xe4bc8000,0xe4c40000)
  to   space 512K, 0% used [0xe4b40000,0xe4b40000,0xe4bc0000)
 ParOldGen       total 43776K, used 1358K [0xdea00000, 0xe14c0000, 0xe3f80000)
  object space 43776K, 3% used [0xdea00000,0xdeb538d8,0xe14c0000)
 Metaspace       used 5917K, capacity 6074K, committed 6168K, reserved 6448K
Event: 30193.227 GC heap after
Heap after GC invocations=45 (full 0):
 PSYoungGen      total 12544K, used 32K [0xe3f80000, 0xe4c40000, 0xe6a00000)
  eden space 12032K, 0% used [0xe3f80000,0xe3f80000,0xe4b40000)
  from space 512K, 6% used [0xe4b40000,0xe4b48000,0xe4bc0000)
  to   space 512K, 0% used [0xe4bc0000,0xe4bc0000,0xe4c40000)
 ParOldGen       total 43776K, used 1358K [0xdea00000, 0xe14c0000, 0xe3f80000)
  object space 43776K, 3% used [0xdea00000,0xdeb538d8,0xe14c0000)
 Metaspace       used 5917K, capacity 6074K, committed 6168K, reserved 6448K
}
Event: 31158.503 GC heap before
{Heap before GC invocations=46 (full 0):
 PSYoungGen      total 12544K, used 12064K [0xe3f80000, 0xe4c40000, 0xe6a00000)
  eden space 12032K, 100% used [0xe3f80000,0xe4b40000,0xe4b40000)
  from space 512K, 6% used [0xe4b40000,0xe4b48000,0xe4bc0000)
  to   space 512K, 0% used [0xe4bc0000,0xe4bc0000,0xe4c40000)
 ParOldGen       total 43776K, used 1358K [0xdea00000, 0xe14c0000, 0xe3f80000)
  object space 43776K, 3% used [0xdea00000,0xdeb538d8,0xe14c0000)
 Metaspace       used 5917K, capacity 6074K, committed 6168K, reserved 6448K
Event: 31158.504 GC heap after
Heap after GC invocations=46 (full 0):
 PSYoungGen      total 12544K, used 64K [0xe3f80000, 0xe4c40000, 0xe6a00000)
  eden space 12032K, 0% used [0xe3f80000,0xe3f80000,0xe4b40000)
  from space 512K, 12% used [0xe4bc0000,0xe4bd0000,0xe4c40000)
  to   space 512K, 0% used [0xe4b40000,0xe4b40000,0xe4bc0000)
 ParOldGen       total 43776K, used 1358K [0xdea00000, 0xe14c0000, 0xe3f80000)
  object space 43776K, 3% used [0xdea00000,0xdeb538d8,0xe14c0000)
 Metaspace       used 5917K, capacity 6074K, committed 6168K, reserved 6448K
}
Event: 32113.181 GC heap before
{Heap before GC invocations=47 (full 0):
 PSYoungGen      total 12544K, used 12096K [0xe3f80000, 0xe4c40000, 0xe6a00000)
  eden space 12032K, 100% used [0xe3f80000,0xe4b40000,0xe4b40000)
  from space 512K, 12% used [0xe4bc0000,0xe4bd0000,0xe4c40000)
  to   space 512K, 0% used [0xe4b40000,0xe4b40000,0xe4bc0000)
 ParOldGen       total 43776K, used 1358K [0xdea00000, 0xe14c0000, 0xe3f80000)
  object space 43776K, 3% used [0xdea00000,0xdeb538d8,0xe14c0000)
 Metaspace       used 5917K, capacity 6074K, committed 6168K, reserved 6448K
Event: 32113.182 GC heap after
Heap after GC invocations=47 (full 0):
 PSYoungGen      total 12544K, used 64K [0xe3f80000, 0xe4c40000, 0xe6a00000)
  eden space 12032K, 0% used [0xe3f80000,0xe3f80000,0xe4b40000)
  from space 512K, 12% used [0xe4b40000,0xe4b50000,0xe4bc0000)
  to   space 512K, 0% used [0xe4bc0000,0xe4bc0000,0xe4c40000)
 ParOldGen       total 43776K, used 1358K [0xdea00000, 0xe14c0000, 0xe3f80000)
  object space 43776K, 3% used [0xdea00000,0xdeb538d8,0xe14c0000)
 Metaspace       used 5917K, capacity 6074K, committed 6168K, reserved 6448K
}
Event: 33043.312 GC heap before
{Heap before GC invocations=48 (full 0):
 PSYoungGen      total 12544K, used 12096K [0xe3f80000, 0xe4c40000, 0xe6a00000)
  eden space 12032K, 100% used [0xe3f80000,0xe4b40000,0xe4b40000)
  from space 512K, 12% used [0xe4b40000,0xe4b50000,0xe4bc0000)
  to   space 512K, 0% used [0xe4bc0000,0xe4bc0000,0xe4c40000)
 ParOldGen       total 43776K, used 1358K [0xdea00000, 0xe14c0000, 0xe3f80000)
  object space 43776K, 3% used [0xdea00000,0xdeb538d8,0xe14c0000)
 Metaspace       used 5917K, capacity 6074K, committed 6168K, reserved 6448K
Event: 33043.313 GC heap after
Heap after GC invocations=48 (full 0):
 PSYoungGen      total 12544K, used 48K [0xe3f80000, 0xe4c40000, 0xe6a00000)
  eden space 12032K, 0% used [0xe3f80000,0xe3f80000,0xe4b40000)
  from space 512K, 9% used [0xe4bc0000,0xe4bcc000,0xe4c40000)
  to   space 512K, 0% used [0xe4b40000,0xe4b40000,0xe4bc0000)
 ParOldGen       total 43776K, used 1358K [0xdea00000, 0xe14c0000, 0xe3f80000)
  object space 43776K, 3% used [0xdea00000,0xdeb538d8,0xe14c0000)
 Metaspace       used 5917K, capacity 6074K, committed 6168K, reserved 6448K
}

Deoptimization events (10 events):
Event: 0.951 Thread 0x0859b800 Uncommon trap: reason=unstable_if action=reinterpret pc=0xe6eaf134 method=java.lang.CharacterDataLatin1.digit(II)I @ 82
Event: 5378.146 Thread 0x0859b800 Uncommon trap: reason=unstable_if action=reinterpret pc=0xe71d0514 method=EL6501._6921_READ_AXRF()I @ 778
Event: 6760.517 Thread 0x0859b800 Uncommon trap: reason=unstable_if action=reinterpret pc=0xe7369b38 method=EL6501._6005_LOOP()I @ 1883
Event: 6872.296 Thread 0x0859b800 Uncommon trap: reason=unstable_if action=reinterpret pc=0xe6fcd2c4 method=com.vcobol.runtime.memory.impl.ChunkUnsafe.put_Int_DSITM(III)V @ 14
Event: 7123.712 Thread 0x0859b800 Uncommon trap: reason=unstable_if action=reinterpret pc=0xe733e3a0 method=ELRTRM._0000_DFHEXIT()I @ 1617
Event: 7985.845 Thread 0x0859b800 Uncommon trap: reason=unstable_if action=reinterpret pc=0xe7372b64 method=EL1272.ned_put_Long_5a5a5a2c5a5a5a2c5a5a392e39392d(Lcom/vcobol/runtime/memory/Chunk;IJ)V @ 375
Event: 8574.800 Thread 0x0859b800 Uncommon trap: reason=unstable_if action=reinterpret pc=0xe73bcbc8 method=EL1272._4095_MOVE_DATA()I @ 1915
Event: 15317.716 Thread 0x0859b800 Uncommon trap: reason=unstable_if action=reinterpret pc=0xe739c9d4 method=EL1272._4100_A_AND_H_INFO()I @ 1305
Event: 18629.252 Thread 0x0859b800 Uncommon trap: reason=unstable_if action=reinterpret pc=0xe740d2f0 method=EL1272._4100_A_AND_H_INFO()I @ 911
Event: 25338.692 Thread 0x0859b800 Uncommon trap: reason=unstable_if action=reinterpret pc=0xe73e6768 method=EL6501._6005_LOOP()I @ 644

Classes redefined (0 events):
No events

Internal exceptions (10 events):
Event: 33529.430 Thread 0x0859b800 Exception <a 'com/vcobol/runtime/api/UnwindException'> (0xdea076c8) thrown at [/scratch/jenkins/workspace/8-2-build-linux-i586/jdk8u281/880/hotspot/src/share/vm/prims/jni.cpp, line 710]
Event: 33529.430 Thread 0x0859b800 Exception <a 'com/vcobol/runtime/api/UnwindException'> (0xdea076c8) thrown at [/scratch/jenkins/workspace/8-2-build-linux-i586/jdk8u281/880/hotspot/src/share/vm/prims/jni.cpp, line 710]
Event: 33529.431 Thread 0x0859b800 Exception <a 'com/vcobol/runtime/api/UnwindException'> (0xdea076c8) thrown at [/scratch/jenkins/workspace/8-2-build-linux-i586/jdk8u281/880/hotspot/src/share/vm/prims/jni.cpp, line 710]
Event: 33529.431 Thread 0x0859b800 Exception <a 'com/vcobol/runtime/api/UnwindException'> (0xdea076c8) thrown at [/scratch/jenkins/workspace/8-2-build-linux-i586/jdk8u281/880/hotspot/src/share/vm/prims/jni.cpp, line 710]
Event: 33529.431 Thread 0x0859b800 Exception <a 'com/vcobol/runtime/api/UnwindException'> (0xdea076c8) thrown at [/scratch/jenkins/workspace/8-2-build-linux-i586/jdk8u281/880/hotspot/src/share/vm/prims/jni.cpp, line 710]
Event: 33529.431 Thread 0x0859b800 Exception <a 'com/vcobol/runtime/api/UnwindException'> (0xdea076c8) thrown at [/scratch/jenkins/workspace/8-2-build-linux-i586/jdk8u281/880/hotspot/src/share/vm/prims/jni.cpp, line 710]
Event: 33533.512 Thread 0x0859b800 Exception <a 'com/vcobol/runtime/api/UnwindException'> (0xdea076c8) thrown at [/scratch/jenkins/workspace/8-2-build-linux-i586/jdk8u281/880/hotspot/src/share/vm/prims/jni.cpp, line 710]
Event: 33533.512 Thread 0x0859b800 Exception <a 'com/vcobol/runtime/api/UnwindException'> (0xdea076c8) thrown at [/scratch/jenkins/workspace/8-2-build-linux-i586/jdk8u281/880/hotspot/src/share/vm/prims/jni.cpp, line 710]
Event: 33533.512 Thread 0x0859b800 Exception <a 'com/vcobol/runtime/api/UnwindException'> (0xdea076c8) thrown at [/scratch/jenkins/workspace/8-2-build-linux-i586/jdk8u281/880/hotspot/src/share/vm/prims/jni.cpp, line 710]
Event: 33533.513 Thread 0x0859b800 Exception <a 'com/vcobol/runtime/api/UnwindException'> (0xdea076c8) thrown at [/scratch/jenkins/workspace/8-2-build-linux-i586/jdk8u281/880/hotspot/src/share/vm/prims/jni.cpp, line 710]

Events (10 events):
Event: 30193.226 Executing VM operation: ParallelGCFailedAllocation
Event: 30193.227 Executing VM operation: ParallelGCFailedAllocation done
Event: 31158.503 Executing VM operation: ParallelGCFailedAllocation
Event: 31158.504 Executing VM operation: ParallelGCFailedAllocation done
Event: 32113.181 Executing VM operation: ParallelGCFailedAllocation
Event: 32113.182 Executing VM operation: ParallelGCFailedAllocation done
Event: 33043.312 Executing VM operation: ParallelGCFailedAllocation
Event: 33043.313 Executing VM operation: ParallelGCFailedAllocation done
Event: 33206.682 Thread 0x087e0000 flushing nmethod 0xe6fc3488
Event: 33206.682 Thread 0x087e0000 flushing nmethod 0xe6fcab08


Dynamic libraries:
08048000-08049000 r-xp 00000000 08:10 4194405                            /apps/mtp/TPE16.0.2/bin/unikixtran
08049000-0804a000 r--p 00000000 08:10 4194405                            /apps/mtp/TPE16.0.2/bin/unikixtran
0804a000-0804b000 rw-p 00001000 08:10 4194405                            /apps/mtp/TPE16.0.2/bin/unikixtran
08571000-08d5f000 rw-p 00000000 00:00 0                                  [heap]
20000000-50000000 rw-s 00000000 00:01 2                                  /SYSV010a037b (deleted)
50002000-80002000 rw-s 00000000 00:01 3                                  /SYSV00000000 (deleted)
80004000-80a2c000 rw-s 00000000 00:01 4                                  /SYSV00000000 (deleted)
80a2e000-80a5c000 rw-s 00000000 00:01 5                                  /SYSV00000000 (deleted)
80a5e000-84a5f000 rw-s 00000000 00:01 6                                  /SYSV00000000 (deleted)
d9d00000-d9df6000 rw-p 00000000 00:00 0 
d9df6000-d9e00000 ---p 00000000 00:00 0 
d9f00000-d9ff9000 rw-p 00000000 00:00 0 
d9ff9000-da000000 ---p 00000000 00:00 0 
da000000-da0f9000 rw-p 00000000 00:00 0 
da0f9000-da100000 ---p 00000000 00:00 0 
da100000-da1c1000 rw-p 00000000 00:00 0 
da1c1000-da200000 ---p 00000000 00:00 0 
da200000-da2f9000 rw-p 00000000 00:00 0 
da2f9000-da300000 ---p 00000000 00:00 0 
da300000-da3ed000 rw-p 00000000 00:00 0 
da3ed000-da400000 ---p 00000000 00:00 0 
da500000-da5fb000 rw-p 00000000 00:00 0 
da5fb000-da600000 ---p 00000000 00:00 0 
da600000-da650000 rw-p 00000000 00:00 0 
da650000-da700000 ---p 00000000 00:00 0 
da700000-da791000 rw-p 00000000 00:00 0 
da791000-da800000 ---p 00000000 00:00 0 
da900000-da9fb000 rw-p 00000000 00:00 0 
da9fb000-daa00000 ---p 00000000 00:00 0 
daa00000-daafb000 rw-p 00000000 00:00 0 
daafb000-dab00000 ---p 00000000 00:00 0 
dab00000-dabec000 rw-p 00000000 00:00 0 
dabec000-dac00000 ---p 00000000 00:00 0 
dad00000-dadf9000 rw-p 00000000 00:00 0 
dadf9000-dae00000 ---p 00000000 00:00 0 
dae00000-daef1000 rw-p 00000000 00:00 0 
daef1000-daf00000 ---p 00000000 00:00 0 
daf00000-dafee000 rw-p 00000000 00:00 0 
dafee000-db000000 ---p 00000000 00:00 0 
db000000-db0ff000 rw-p 00000000 00:00 0 
db0ff000-db100000 ---p 00000000 00:00 0 
db100000-db1f9000 rw-p 00000000 00:00 0 
db1f9000-db200000 ---p 00000000 00:00 0 
db200000-db2fc000 rw-p 00000000 00:00 0 
db2fc000-db300000 ---p 00000000 00:00 0 
db300000-db3f9000 rw-p 00000000 00:00 0 
db3f9000-db400000 ---p 00000000 00:00 0 
db400000-db4fe000 rw-p 00000000 00:00 0 
db4fe000-db500000 ---p 00000000 00:00 0 
db500000-db5f9000 rw-p 00000000 00:00 0 
db5f9000-db600000 ---p 00000000 00:00 0 
db600000-db6f9000 rw-p 00000000 00:00 0 
db6f9000-db700000 ---p 00000000 00:00 0 
db700000-db7f9000 rw-p 00000000 00:00 0 
db7f9000-db800000 ---p 00000000 00:00 0 
db800000-db8e2000 rw-p 00000000 00:00 0 
db8e2000-db900000 ---p 00000000 00:00 0 
db900000-dba00000 rw-p 00000000 00:00 0 
dbb00000-dbbf9000 rw-p 00000000 00:00 0 
dbbf9000-dbc00000 ---p 00000000 00:00 0 
dbc00000-dbcfa000 rw-p 00000000 00:00 0 
dbcfa000-dbd00000 ---p 00000000 00:00 0 
dbd00000-dbdf9000 rw-p 00000000 00:00 0 
dbdf9000-dbe00000 ---p 00000000 00:00 0 
dbe00000-dbf00000 rw-p 00000000 00:00 0 
dbf00000-dbf38000 rw-p 00000000 00:00 0 
dbf38000-dc000000 ---p 00000000 00:00 0 
dc100000-dc1f9000 rw-p 00000000 00:00 0 
dc1f9000-dc200000 ---p 00000000 00:00 0 
dc200000-dc2fa000 rw-p 00000000 00:00 0 
dc2fa000-dc300000 ---p 00000000 00:00 0 
dc300000-dc3fa000 rw-p 00000000 00:00 0 
dc3fa000-dc400000 ---p 00000000 00:00 0 
dc400000-dc4f9000 rw-p 00000000 00:00 0 
dc4f9000-dc500000 ---p 00000000 00:00 0 
dc500000-dc5f9000 rw-p 00000000 00:00 0 
dc5f9000-dc600000 ---p 00000000 00:00 0 
dc600000-dc6ff000 rw-p 00000000 00:00 0 
dc6ff000-dc700000 ---p 00000000 00:00 0 
dc700000-dc7f9000 rw-p 00000000 00:00 0 
dc7f9000-dc800000 ---p 00000000 00:00 0 
dc800000-dc8fa000 rw-p 00000000 00:00 0 
dc8fa000-dc900000 ---p 00000000 00:00 0 
dc900000-dc9c0000 rw-p 00000000 00:00 0 
dc9c0000-dca00000 ---p 00000000 00:00 0 
dca00000-dcb00000 rw-p 00000000 00:00 0 
dcb00000-dcbfb000 rw-p 00000000 00:00 0 
dcbfb000-dcc00000 ---p 00000000 00:00 0 
dcc65000-dcc79000 r-xp 00000000 fd:00 134927337                          /usr/lib/libresolv-2.28.so
dcc79000-dcc7a000 r--p 00013000 fd:00 134927337                          /usr/lib/libresolv-2.28.so
dcc7a000-dcc7b000 rw-p 00014000 fd:00 134927337                          /usr/lib/libresolv-2.28.so
dcc7b000-dcc7d000 rw-p 00000000 00:00 0 
dcc7d000-dcc7e000 ---p 00000000 00:00 0 
dcc7e000-dccfe000 rw-p 00000000 00:00 0 
dccfe000-dcd01000 ---p 00000000 00:00 0 
dcd01000-dcdff000 rw-p 00000000 00:00 0 
dcdff000-dce02000 ---p 00000000 00:00 0 
dce02000-dcf00000 rw-p 00000000 00:00 0 
dcf00000-dcff8000 rw-p 00000000 00:00 0 
dcff8000-dd000000 ---p 00000000 00:00 0 
dd00b000-dd010000 r-xp 00000000 fd:00 134838606                          /usr/lib/libnss_dns-2.28.so
dd010000-dd011000 r--p 00004000 fd:00 134838606                          /usr/lib/libnss_dns-2.28.so
dd011000-dd012000 rw-p 00005000 fd:00 134838606                          /usr/lib/libnss_dns-2.28.so
dd01f000-dd024000 r-xp 00000000 08:10 4195267                            /apps/mtp/TPE16.0.2/lib/KXWBXN.so
dd024000-dd025000 r--p 00004000 08:10 4195267                            /apps/mtp/TPE16.0.2/lib/KXWBXN.so
dd025000-dd026000 rw-p 00005000 08:10 4195267                            /apps/mtp/TPE16.0.2/lib/KXWBXN.so
dd026000-dd027000 r-xp 00000000 fd:00 2469691                            /opt/lib/cobol/NTT_DATA_COBOL_6.0/native/lib/libvcobolmemory.so
dd027000-dd028000 r--p 00000000 fd:00 2469691                            /opt/lib/cobol/NTT_DATA_COBOL_6.0/native/lib/libvcobolmemory.so
dd028000-dd029000 rw-p 00001000 fd:00 2469691                            /opt/lib/cobol/NTT_DATA_COBOL_6.0/native/lib/libvcobolmemory.so
dd029000-dd02b000 r-xp 00000000 08:10 9045189                            /apps/test/mdoff/sys/local/bin/libkxusrexit.so
dd02b000-dd02c000 r--p 00001000 08:10 9045189                            /apps/test/mdoff/sys/local/bin/libkxusrexit.so
dd02c000-dd02d000 rw-p 00002000 08:10 9045189                            /apps/test/mdoff/sys/local/bin/libkxusrexit.so
dd02d000-dd02e000 rw-p 00000000 00:00 0 
dd02e000-dd02f000 r--s 00002000 08:10 4195716                            /apps/mtp/TPE16.0.2/axis2/axis2-1.7.8/lib/geronimo-annotation_1.0_spec-1.1.jar
dd02f000-dd034000 r--s 0005f000 08:10 4195644                            /apps/mtp/TPE16.0.2/axis2/axis2-1.7.8/lib/jibx-bind-1.2.jar
dd034000-dd037000 r--s 0000f000 08:10 4195615                            /apps/mtp/TPE16.0.2/axis2/axis2-1.7.8/lib/commons-fileupload-1.3.3.jar
dd037000-dd042000 r--s 0005d000 08:10 4195611                            /apps/mtp/TPE16.0.2/axis2/axis2-1.7.8/lib/axiom-api-1.2.20.jar
dd042000-dd046000 r--s 00034000 08:10 4195652                            /apps/mtp/TPE16.0.2/axis2/axis2-1.7.8/lib/tribes-6.0.16.jar
dd046000-dd04a000 r--s 00029000 08:10 4195612                            /apps/mtp/TPE16.0.2/axis2/axis2-1.7.8/lib/stax2-api-3.1.1.jar
dd04a000-dd06f000 r--s 001d7000 08:10 4195688                            /apps/mtp/TPE16.0.2/axis2/axis2-1.7.8/lib/jaxb-xjc-2.2.6.jar
dd06f000-dd071000 r--s 00013000 08:10 4195719                            /apps/mtp/TPE16.0.2/axis2/axis2-1.7.8/lib/xml-resolver-1.2.jar
dd071000-dd07e000 r--s 000aa000 08:10 4195708                            /apps/mtp/TPE16.0.2/axis2/axis2-1.7.8/lib/httpclient-4.5.3.jar
dd07e000-dd07f000 ---p 00000000 00:00 0 
dd07f000-dd082000 ---p 00000000 00:00 0 
dd082000-dd0ff000 rw-p 00000000 00:00 0 
dd0ff000-dd102000 ---p 00000000 00:00 0 
dd102000-dd200000 rw-p 00000000 00:00 0 
dd200000-dd300000 rw-p 00000000 00:00 0 
dd300000-dd301000 r--s 00003000 08:10 4195645                            /apps/mtp/TPE16.0.2/axis2/axis2-1.7.8/lib/axis2-spring-1.7.8.jar
dd301000-dd303000 r--s 00003000 08:10 4195685                            /apps/mtp/TPE16.0.2/axis2/axis2-1.7.8/lib/axis2-fastinfoset-1.7.8.jar
dd303000-dd307000 r--s 00015000 08:10 4195687                            /apps/mtp/TPE16.0.2/axis2/axis2-1.7.8/lib/jaxb-api-2.2.6.jar
dd307000-dd309000 r--s 00009000 08:10 4195621                            /apps/mtp/TPE16.0.2/axis2/axis2-1.7.8/lib/commons-cli-1.2.jar
dd309000-dd31a000 r--s 00136000 08:10 4195663                            /apps/mtp/TPE16.0.2/axis2/axis2-1.7.8/lib/jalopy-1.5rc3.jar
dd31a000-dd31d000 r--s 00015000 08:10 4195675                            /apps/mtp/TPE16.0.2/axis2/axis2-1.7.8/lib/apache-mime4j-core-0.7.2.jar
dd31d000-dd31f000 r--s 0000b000 08:10 4195662                            /apps/mtp/TPE16.0.2/axis2/axis2-1.7.8/lib/axis2-transport-xmpp-1.7.8.jar
dd31f000-dd326000 r--s 00059000 08:10 4195624                            /apps/mtp/TPE16.0.2/axis2/axis2-1.7.8/lib/log4j-1.2.15.jar
dd326000-dd328000 r--s 00006000 08:10 4195679                            /apps/mtp/TPE16.0.2/axis2/axis2-1.7.8/lib/commons-codec-1.2.jar
dd328000-dd32b000 r--s 00017000 08:10 4195658                            /apps/mtp/TPE16.0.2/axis2/axis2-1.7.8/lib/axis2-transport-base-1.7.8.jar
dd32b000-dd330000 r--s 00020000 08:10 4195677                            /apps/mtp/TPE16.0.2/axis2/axis2-1.7.8/lib/wsdl4j-1.6.2.jar
dd330000-dd332000 r--s 00006000 08:10 4195649                            /apps/mtp/TPE16.0.2/axis2/axis2-1.7.8/lib/geronimo-saaj_1.3_spec-1.0.1.jar
dd332000-dd334000 r--s 00007000 08:10 4195655                            /apps/mtp/TPE16.0.2/axis2/axis2-1.7.8/lib/mex-1.7.8-impl.jar
dd334000-dd336000 r--s 00003000 08:10 4195686                            /apps/mtp/TPE16.0.2/axis2/axis2-1.7.8/lib/axiom-jaxb-1.2.20.jar
dd336000-dd340000 r--s 00082000 08:10 4195676                            /apps/mtp/TPE16.0.2/axis2/axis2-1.7.8/lib/axiom-impl-1.2.20.jar
dd340000-dd37e000 r--s 0025d000 08:10 4195622                            /apps/mtp/TPE16.0.2/axis2/axis2-1.7.8/lib/xmlbeans-2.6.0.jar
dd37e000-dd37f000 ---p 00000000 00:00 0 
dd37f000-dd382000 ---p 00000000 00:00 0 
dd382000-dd3ff000 rw-p 00000000 00:00 0 
dd3ff000-dd402000 ---p 00000000 00:00 0 
dd402000-dd500000 rw-p 00000000 00:00 0 
dd500000-dd5fc000 rw-p 00000000 00:00 0 
dd5fc000-dd600000 ---p 00000000 00:00 0 
dd600000-dd601000 r--s 00005000 08:10 4195654                            /apps/mtp/TPE16.0.2/axis2/axis2-1.7.8/lib/axis2-ant-plugin-1.7.8.jar
dd601000-dd60a000 r--s 00062000 08:10 4195650                            /apps/mtp/TPE16.0.2/axis2/axis2-1.7.8/lib/axis2-metadata-1.7.8.jar
dd60a000-dd60c000 r--s 00007000 08:10 4195646                            /apps/mtp/TPE16.0.2/axis2/axis2-1.7.8/lib/axis2-soapmonitor-servlet-1.7.8.jar
dd60c000-dd60d000 r--s 00003000 08:10 4195614                            /apps/mtp/TPE16.0.2/axis2/axis2-1.7.8/lib/geronimo-jta_1.1_spec-1.1.jar
dd60d000-dd60f000 r--s 0000e000 08:10 4195659                            /apps/mtp/TPE16.0.2/axis2/axis2-1.7.8/lib/activation-1.1.jar
dd60f000-dd611000 r--s 0000c000 08:10 4195682                            /apps/mtp/TPE16.0.2/axis2/axis2-1.7.8/lib/axis2-json-1.7.8.jar
dd611000-dd612000 r--s 00006000 08:10 4195660                            /apps/mtp/TPE16.0.2/axis2/axis2-1.7.8/lib/axis2-transport-tcp-1.7.8.jar
dd612000-dd614000 r--s 00006000 08:10 4195647                            /apps/mtp/TPE16.0.2/axis2/axis2-1.7.8/lib/axis2-jaxbri-1.7.8.jar
dd614000-dd616000 r--s 00004000 08:10 4195661                            /apps/mtp/TPE16.0.2/axis2/axis2-1.7.8/lib/axis2-transport-udp-1.7.8.jar
dd616000-dd61a000 r--s 00028000 08:10 4195684                            /apps/mtp/TPE16.0.2/axis2/axis2-1.7.8/lib/gson-2.1.jar
dd61a000-dd61c000 r--s 00012000 08:10 4195689                            /apps/mtp/TPE16.0.2/axis2/axis2-1.7.8/lib/axis2-transport-jms-1.7.8.jar
dd61c000-dd61e000 r--s 0002b000 08:10 4195710                            /apps/mtp/TPE16.0.2/axis2/axis2-1.7.8/lib/axis2-adb-codegen-1.7.8.jar
dd61e000-dd622000 r--s 00026000 08:10 4195617                            /apps/mtp/TPE16.0.2/axis2/axis2-1.7.8/lib/xmlschema-core-2.2.1.jar
dd622000-dd628000 r--s 00070000 08:10 4195639                            /apps/mtp/TPE16.0.2/axis2/axis2-1.7.8/lib/woodstox-core-asl-4.2.0.jar
dd628000-dd631000 r--s 00097000 08:10 4195620                            /apps/mtp/TPE16.0.2/axis2/axis2-1.7.8/lib/axis2-adb-1.7.8.jar
dd631000-dd632000 r--s 00007000 08:10 4195636                            /apps/mtp/TPE16.0.2/axis2/axis2-1.7.8/lib/axis2-java2wsdl-1.7.8.jar
dd632000-dd648000 r--s 000fa000 08:10 4195648                            /apps/mtp/TPE16.0.2/axis2/axis2-1.7.8/lib/jaxb-impl-2.2.6.jar
dd648000-dd64a000 r--s 00010000 08:10 4195640                            /apps/mtp/TPE16.0.2/axis2/axis2-1.7.8/lib/neethi-3.0.3.jar
dd64a000-dd64d000 r--s 00013000 08:10 4195683                            /apps/mtp/TPE16.0.2/axis2/axis2-1.7.8/lib/jettison-1.3.8.jar
dd64d000-dd653000 r--s 00033000 08:10 4195638                            /apps/mtp/TPE16.0.2/axis2/axis2-1.7.8/lib/jaxen-1.1.6.jar
dd653000-dd655000 r--s 00008000 08:10 4195712                            /apps/mtp/TPE16.0.2/axis2/axis2-1.7.8/lib/axis2-jibx-1.7.8.jar
dd655000-dd656000 ---p 00000000 00:00 0 
dd656000-dd659000 ---p 00000000 00:00 0 
dd659000-dd6d6000 rw-p 00000000 00:00 0 
dd6d6000-dd6d7000 ---p 00000000 00:00 0 
dd6d7000-dd757000 rw-p 00000000 00:00 0 
dd757000-dd934000 r--s 03dd0000 fd:00 203051326                          /usr/java/jdk1.8.0_281-i586/jre/lib/rt.jar
dd934000-ddd7a000 rw-p 00000000 00:00 0 
ddd7a000-ddd80000 ---p 00000000 00:00 0 
ddd80000-de200000 rw-p 00000000 00:00 0 
de200000-de221000 rw-p 00000000 00:00 0 
de221000-de300000 ---p 00000000 00:00 0 
de300000-de301000 r--s 00003000 08:10 4195613                            /apps/mtp/TPE16.0.2/axis2/axis2-1.7.8/lib/geronimo-ws-metadata_2.0_spec-1.1.2.jar
de301000-de302000 r--s 00004000 08:10 4195653                            /apps/mtp/TPE16.0.2/axis2/axis2-1.7.8/lib/juli-6.0.16.jar
de302000-de304000 r--s 00003000 08:10 4195642                            /apps/mtp/TPE16.0.2/axis2/axis2-1.7.8/lib/axis2-transport-local-1.7.8.jar
de304000-de307000 r--s 00023000 08:10 4195656                            /apps/mtp/TPE16.0.2/axis2/axis2-1.7.8/lib/axis2-corba-1.7.8.jar
de307000-de30c000 r--s 00068000 08:10 4195623                            /apps/mtp/TPE16.0.2/axis2/axis2-1.7.8/lib/antlr-2.7.7.jar
de30c000-de30e000 r--s 0000a000 08:10 4195618                            /apps/mtp/TPE16.0.2/axis2/axis2-1.7.8/lib/jsr311-api-1.1.1.jar
de30e000-de311000 r--s 0000c000 08:10 4195717                            /apps/mtp/TPE16.0.2/axis2/axis2-1.7.8/lib/geronimo-jaxws_2.2_spec-1.0.jar
de311000-de316000 r--s 0003b000 08:10 4195709                            /apps/mtp/TPE16.0.2/axis2/axis2-1.7.8/lib/axis2-codegen-1.7.8.jar
de316000-de334000 r--s 0027d000 08:10 4195720                            /apps/mtp/TPE16.0.2/axis2/axis2-1.7.8/lib/xalan-2.7.0.jar
de334000-de33d000 r--s 00053000 08:10 4195641                            /apps/mtp/TPE16.0.2/axis2/axis2-1.7.8/lib/woden-core-1.0M10.jar
de33d000-de348000 r--s 000c2000 08:10 4195643                            /apps/mtp/TPE16.0.2/axis2/axis2-1.7.8/lib/jaxws-tools-2.2.6.jar
de348000-de34b000 r--s 00025000 08:10 4195616                            /apps/mtp/TPE16.0.2/axis2/axis2-1.7.8/lib/commons-io-2.1.jar
de34b000-de34d000 r--s 00009000 08:10 4195690                            /apps/mtp/TPE16.0.2/axis2/axis2-1.7.8/lib/axis2-transport-mail-1.7.8.jar
de34d000-de359000 r--s 000a3000 08:10 4195681                            /apps/mtp/TPE16.0.2/axis2/axis2-1.7.8/lib/axiom-dom-1.2.20.jar
de359000-de363000 r--s 0008c000 08:10 4195714                            /apps/mtp/TPE16.0.2/axis2/axis2-1.7.8/lib/bcel-findbugs-6.0.jar
de363000-de369000 r--s 00059000 08:10 4195691                            /apps/mtp/TPE16.0.2/axis2/axis2-1.7.8/lib/mail-1.4.jar
de369000-de36b000 r--s 0000d000 08:10 4195637                            /apps/mtp/TPE16.0.2/axis2/axis2-1.7.8/lib/commons-logging-1.1.1.jar
de36b000-de379000 r--s 000aa000 08:10 4195715                            /apps/mtp/TPE16.0.2/axis2/axis2-1.7.8/lib/axis2-jaxws-1.7.8.jar
de379000-de37c000 r--s 00018000 08:10 4195651                            /apps/mtp/TPE16.0.2/axis2/axis2-1.7.8/lib/axis2-clustering-1.7.8.jar
de37c000-de37f000 r--s 0001d000 08:10 4195713                            /apps/mtp/TPE16.0.2/axis2/axis2-1.7.8/lib/jibx-run-1.2.jar
de37f000-de380000 ---p 00000000 00:00 0 
de380000-de400000 rw-p 00000000 00:00 0 
de400000-de421000 rw-p 00000000 00:00 0 
de421000-de500000 ---p 00000000 00:00 0 
de500000-de503000 r--s 00028000 08:10 4195678                            /apps/mtp/TPE16.0.2/axis2/axis2-1.7.8/lib/axis2-transport-http-1.7.8.jar
de503000-de509000 r--s 00045000 08:10 4195680                            /apps/mtp/TPE16.0.2/axis2/axis2-1.7.8/lib/commons-httpclient-3.1.jar
de509000-de511000 r--s 00048000 08:10 4195619                            /apps/mtp/TPE16.0.2/axis2/axis2-1.7.8/lib/httpcore-4.4.6.jar
de511000-de513000 r--s 00015000 08:10 4195718                            /apps/mtp/TPE16.0.2/axis2/axis2-1.7.8/lib/axis2-saaj-1.7.8.jar
de513000-de520000 r--s 000ee000 08:10 4195707                            /apps/mtp/TPE16.0.2/axis2/axis2-1.7.8/lib/axis2-kernel-1.7.8.jar
de520000-de57f000 r--s 003fa000 fd:00 68304477                           /opt/lib/cobol/NTT_DATA_COBOL_6.0/lib/dependencies/bcprov-jdk15on-162.jar
de57f000-de580000 ---p 00000000 00:00 0 
de580000-de600000 rw-p 00000000 00:00 0 
de600000-de621000 rw-p 00000000 00:00 0 
de621000-de700000 ---p 00000000 00:00 0 
de700000-de714000 r--s 000c1000 fd:00 68304476                           /opt/lib/cobol/NTT_DATA_COBOL_6.0/lib/dependencies/bcpkix-jdk15on-162.jar
de714000-de77d000 r-xp 00000000 fd:00 2469690                            /opt/lib/cobol/NTT_DATA_COBOL_6.0/native/lib/libvcobol.so
de77d000-de77e000 r--p 00068000 fd:00 2469690                            /opt/lib/cobol/NTT_DATA_COBOL_6.0/native/lib/libvcobol.so
de77e000-de77f000 rw-p 00069000 fd:00 2469690                            /opt/lib/cobol/NTT_DATA_COBOL_6.0/native/lib/libvcobol.so
de77f000-de780000 ---p 00000000 00:00 0 
de780000-de800000 rw-p 00000000 00:00 0 
de800000-de821000 rw-p 00000000 00:00 0 
de821000-de900000 ---p 00000000 00:00 0 
de900000-de901000 r--s 00003000 08:10 4195657                            /apps/mtp/TPE16.0.2/axis2/axis2-1.7.8/lib/axis2-mtompolicy-1.7.8.jar
de901000-de903000 r--s 00006000 08:10 4195674                            /apps/mtp/TPE16.0.2/axis2/axis2-1.7.8/lib/geronimo-stax-api_1.0_spec-1.0.1.jar
de903000-de905000 r--s 00006000 08:10 4195711                            /apps/mtp/TPE16.0.2/axis2/axis2-1.7.8/lib/axis2-xmlbeans-1.7.8.jar
de905000-de911000 r--s 00139000 fd:00 203033609                          /opt/software/sqljdbc_9.2/enu/mssql-jdbc-9.2.1.jre8.jar
de911000-de914000 r--s 00018000 fd:00 68304475                           /opt/lib/cobol/NTT_DATA_COBOL_6.0/lib/dependencies/bcmail-jdk15on-162.jar
de914000-de92b000 r--s 00140000 fd:00 2469689                            /opt/lib/cobol/NTT_DATA_COBOL_6.0/lib/vcobol-runtime.jar
de92b000-de92c000 r--s 00007000 08:10 4195233                            /apps/mtp/TPE16.0.2/lib/transutil.jar
de92c000-de92e000 r-xp 00000000 08:10 4195225                            /apps/mtp/TPE16.0.2/lib/liblang_vcobol.so
de92e000-de92f000 r--p 00001000 08:10 4195225                            /apps/mtp/TPE16.0.2/lib/liblang_vcobol.so
de92f000-de930000 rw-p 00002000 08:10 4195225                            /apps/mtp/TPE16.0.2/lib/liblang_vcobol.so
de930000-de934000 r--s 00075000 08:10 4195231                            /apps/mtp/TPE16.0.2/lib/kixsysapi.jar
de934000-de938000 r--s 00022000 08:10 4195232                            /apps/mtp/TPE16.0.2/lib/dfjcics.jar
de938000-de93e000 r--p 00000000 fd:00 134305715                          /usr/lib/locale/en_US/LC_COLLATE
de93e000-de93f000 ---p 00000000 00:00 0 
de93f000-de9d5000 rw-p 00000000 00:00 0 
de9d5000-de9e9000 ---p 00000000 00:00 0 
de9e9000-de9f1000 rw-p 00000000 00:00 0 
de9f1000-de9ff000 ---p 00000000 00:00 0 
de9ff000-e14c0000 rw-p 00000000 00:00 0 
e14c0000-e3f80000 ---p 00000000 00:00 0 
e3f80000-e4c40000 rw-p 00000000 00:00 0 
e4c40000-e6a00000 ---p 00000000 00:00 0 
e6a00000-e6a01000 r--p 00000000 fd:00 134305719                          /usr/lib/locale/en_US/LC_NUMERIC
e6a01000-e6a02000 r--p 00000000 fd:00 134970732                          /usr/lib/locale/en_US/LC_TIME
e6a02000-e6a03000 r--p 00000000 fd:00 134970730                          /usr/lib/locale/en_US/LC_MONETARY
e6a03000-e6a04000 r--p 00000000 fd:00 67437872                           /usr/lib/locale/en_US/LC_MESSAGES/SYS_LC_MESSAGES
e6a04000-e6a05000 r--p 00000000 fd:00 134305723                          /usr/lib/locale/en_US/LC_PAPER
e6a05000-e6a06000 r--p 00000000 fd:00 134305724                          /usr/lib/locale/en_US/LC_NAME
e6a06000-e6a07000 r--p 00000000 fd:00 134305701                          /usr/lib/locale/en_US/LC_ADDRESS
e6a07000-e6a1d000 rw-p 00000000 00:00 0 
e6a1d000-e6a32000 ---p 00000000 00:00 0 
e6a32000-e6a4c000 rw-p 00000000 00:00 0 
e6a4c000-e6df2000 ---p 00000000 00:00 0 
e6df2000-e746a000 rwxp 00000000 00:00 0 
e746a000-f5df2000 ---p 00000000 00:00 0 
f5df2000-f5e0d000 r-xp 00000000 fd:00 137647970                          /usr/java/jdk1.8.0_281-i586/jre/lib/i386/libzip.so
f5e0d000-f5e0e000 r--p 0001a000 fd:00 137647970                          /usr/java/jdk1.8.0_281-i586/jre/lib/i386/libzip.so
f5e0e000-f5e0f000 rw-p 0001b000 fd:00 137647970                          /usr/java/jdk1.8.0_281-i586/jre/lib/i386/libzip.so
f5e0f000-f5e36000 r-xp 00000000 fd:00 137303138                          /usr/java/jdk1.8.0_281-i586/jre/lib/i386/libjava.so
f5e36000-f5e37000 r--p 00026000 fd:00 137303138                          /usr/java/jdk1.8.0_281-i586/jre/lib/i386/libjava.so
f5e37000-f5e38000 rw-p 00027000 fd:00 137303138                          /usr/java/jdk1.8.0_281-i586/jre/lib/i386/libjava.so
f5e38000-f5e43000 r-xp 00000000 fd:00 137647969                          /usr/java/jdk1.8.0_281-i586/jre/lib/i386/libverify.so
f5e43000-f5e44000 ---p 0000b000 fd:00 137647969                          /usr/java/jdk1.8.0_281-i586/jre/lib/i386/libverify.so
f5e44000-f5e45000 r--p 0000b000 fd:00 137647969                          /usr/java/jdk1.8.0_281-i586/jre/lib/i386/libverify.so
f5e45000-f5e46000 rw-p 0000c000 fd:00 137647969                          /usr/java/jdk1.8.0_281-i586/jre/lib/i386/libverify.so
f5e46000-f5e47000 ---p 00000000 00:00 0 
f5e47000-f6647000 rw-p 00000000 00:00 0 
f6647000-f6653000 r-xp 00000000 fd:00 134927335                          /usr/lib/libnss_files-2.28.so
f6653000-f6654000 r--p 0000b000 fd:00 134927335                          /usr/lib/libnss_files-2.28.so
f6654000-f6655000 rw-p 0000c000 fd:00 134927335                          /usr/lib/libnss_files-2.28.so
f6655000-f665b000 rw-p 00000000 00:00 0 
f665b000-f665c000 r--p 00000000 fd:00 134970731                          /usr/lib/locale/en_US/LC_TELEPHONE
f665c000-f665d000 r--p 00000000 fd:00 134970729                          /usr/lib/locale/en_US/LC_MEASUREMENT
f665d000-f6660000 rw-p 00000000 00:00 0 
f6660000-f6668000 rw-s 00000000 fd:00 67117565                           /tmp/hsperfdata_mtpadmin/3349001
f6668000-f6669000 r-xp 00000000 08:10 4195246                            /apps/mtp/TPE16.0.2/lib/libkixpli.so
f6669000-f666a000 r--p 00000000 08:10 4195246                            /apps/mtp/TPE16.0.2/lib/libkixpli.so
f666a000-f666b000 rw-p 00001000 08:10 4195246                            /apps/mtp/TPE16.0.2/lib/libkixpli.so
f666b000-f666c000 r-xp 00000000 08:10 9045364                            /apps/test/mdoff/sys/local/bin/libkxtermexit.so
f666c000-f666d000 r--p 00000000 08:10 9045364                            /apps/test/mdoff/sys/local/bin/libkxtermexit.so
f666d000-f666e000 rw-p 00001000 08:10 9045364                            /apps/test/mdoff/sys/local/bin/libkxtermexit.so
f666e000-f6684000 r-xp 00000000 08:10 4195235                            /apps/mtp/TPE16.0.2/lib/libkxsecexit.so
f6684000-f6685000 r--p 00015000 08:10 4195235                            /apps/mtp/TPE16.0.2/lib/libkxsecexit.so
f6685000-f6686000 rw-p 00016000 08:10 4195235                            /apps/mtp/TPE16.0.2/lib/libkxsecexit.so
f6686000-f668c000 rw-p 00000000 00:00 0 
f668c000-f668e000 r-xp 00000000 08:10 4195223                            /apps/mtp/TPE16.0.2/lib/liblang_dyn.so
f668e000-f668f000 r--p 00001000 08:10 4195223                            /apps/mtp/TPE16.0.2/lib/liblang_dyn.so
f668f000-f6690000 rw-p 00002000 08:10 4195223                            /apps/mtp/TPE16.0.2/lib/liblang_dyn.so
f6690000-f6698000 r-xp 00000000 fd:00 134927338                          /usr/lib/librt-2.28.so
f6698000-f6699000 r--p 00007000 fd:00 134927338                          /usr/lib/librt-2.28.so
f6699000-f669a000 rw-p 00008000 fd:00 134927338                          /usr/lib/librt-2.28.so
f669a000-f669b000 r-xp 00000000 08:10 9045197                            /apps/test/mdoff/sys/local/bin/libkxrm.so
f669b000-f669c000 r--p 00000000 08:10 9045197                            /apps/test/mdoff/sys/local/bin/libkxrm.so
f669c000-f669d000 rw-p 00001000 08:10 9045197                            /apps/test/mdoff/sys/local/bin/libkxrm.so
f669d000-f669f000 rw-p 00000000 00:00 0 
f669f000-f66aa000 r-xp 00000000 08:10 4195224                            /apps/mtp/TPE16.0.2/lib/libkxtm.so
f66aa000-f66ab000 r--p 0000a000 08:10 4195224                            /apps/mtp/TPE16.0.2/lib/libkxtm.so
f66ab000-f66ac000 rw-p 0000b000 08:10 4195224                            /apps/mtp/TPE16.0.2/lib/libkxtm.so
f66ac000-f66ba000 r-xp 00000000 08:10 4195230                            /apps/mtp/TPE16.0.2/lib/libkxtables.so
f66ba000-f66bb000 r--p 0000d000 08:10 4195230                            /apps/mtp/TPE16.0.2/lib/libkxtables.so
f66bb000-f66bc000 rw-p 0000e000 08:10 4195230                            /apps/mtp/TPE16.0.2/lib/libkxtables.so
f66bc000-f66dc000 r-xp 00000000 fd:00 136722866                          /usr/lib/libcrypt.so.1.1.0
f66dc000-f66dd000 ---p 00020000 fd:00 136722866                          /usr/lib/libcrypt.so.1.1.0
f66dd000-f66de000 r--p 00020000 fd:00 136722866                          /usr/lib/libcrypt.so.1.1.0
f66de000-f66e7000 rw-p 00000000 00:00 0 
f66e7000-f6703000 r-xp 00000000 fd:00 134927336                          /usr/lib/libpthread-2.28.so
f6703000-f6704000 r--p 0001b000 fd:00 134927336                          /usr/lib/libpthread-2.28.so
f6704000-f6705000 rw-p 0001c000 fd:00 134927336                          /usr/lib/libpthread-2.28.so
f6705000-f6707000 rw-p 00000000 00:00 0 
f6707000-f67d7000 r-xp 00000000 fd:00 134927333                          /usr/lib/libm-2.28.so
f67d7000-f67d8000 r--p 000cf000 fd:00 134927333                          /usr/lib/libm-2.28.so
f67d8000-f67d9000 rw-p 000d0000 fd:00 134927333                          /usr/lib/libm-2.28.so
f67d9000-f67dc000 r-xp 00000000 fd:00 134927332                          /usr/lib/libdl-2.28.so
f67dc000-f67dd000 r--p 00002000 fd:00 134927332                          /usr/lib/libdl-2.28.so
f67dd000-f67de000 rw-p 00003000 fd:00 134927332                          /usr/lib/libdl-2.28.so
f67de000-f697f000 r-xp 00000000 fd:00 134838598                          /usr/lib/libc-2.28.so
f697f000-f6980000 ---p 001a1000 fd:00 134838598                          /usr/lib/libc-2.28.so
f6980000-f6982000 r--p 001a1000 fd:00 134838598                          /usr/lib/libc-2.28.so
f6982000-f6983000 rw-p 001a3000 fd:00 134838598                          /usr/lib/libc-2.28.so
f6983000-f6986000 rw-p 00000000 00:00 0 
f6986000-f6987000 r--p 00000000 fd:00 134305702                          /usr/lib/locale/en_US/LC_IDENTIFICATION
f6987000-f6988000 rw-p 00000000 00:00 0 
f6988000-f6989000 r-xp 00000000 08:10 9045308                            /apps/test/mdoff/sys/local/bin/libkxsockexit.so
f6989000-f698a000 r--p 00000000 08:10 9045308                            /apps/test/mdoff/sys/local/bin/libkxsockexit.so
f698a000-f698b000 rw-p 00001000 08:10 9045308                            /apps/test/mdoff/sys/local/bin/libkxsockexit.so
f698b000-f698d000 r-xp 00000000 08:10 9045255                            /apps/test/mdoff/sys/local/bin/libkxiscexit.so
f698d000-f698e000 r--p 00001000 08:10 9045255                            /apps/test/mdoff/sys/local/bin/libkxiscexit.so
f698e000-f698f000 rw-p 00002000 08:10 9045255                            /apps/test/mdoff/sys/local/bin/libkxiscexit.so
f698f000-f6991000 r-xp 00000000 08:10 9045228                            /apps/test/mdoff/sys/local/bin/libkxconvexit.so
f6991000-f6992000 r--p 00001000 08:10 9045228                            /apps/test/mdoff/sys/local/bin/libkxconvexit.so
f6992000-f6993000 rw-p 00002000 08:10 9045228                            /apps/test/mdoff/sys/local/bin/libkxconvexit.so
f6993000-f6c5a000 r-xp 00000000 08:10 4195270                            /apps/mtp/TPE16.0.2/lib/libunikixtran.so
f6c5a000-f6c5b000 r--p 002c6000 08:10 4195270                            /apps/mtp/TPE16.0.2/lib/libunikixtran.so
f6c5b000-f6c78000 rw-p 002c7000 08:10 4195270                            /apps/mtp/TPE16.0.2/lib/libunikixtran.so
f6c78000-f6ee0000 rw-p 00000000 00:00 0 
f6ee0000-f7a63000 r-xp 00000000 fd:00 68223427                           /usr/java/jdk1.8.0_281-i586/jre/lib/i386/server/libjvm.so
f7a63000-f7a64000 ---p 00b83000 fd:00 68223427                           /usr/java/jdk1.8.0_281-i586/jre/lib/i386/server/libjvm.so
f7a64000-f7aab000 r--p 00b83000 fd:00 68223427                           /usr/java/jdk1.8.0_281-i586/jre/lib/i386/server/libjvm.so
f7aab000-f7ac8000 rw-p 00bca000 fd:00 68223427                           /usr/java/jdk1.8.0_281-i586/jre/lib/i386/server/libjvm.so
f7ac8000-f7eed000 rw-p 00000000 00:00 0 
f7eed000-f7eef000 r-xp 00000000 fd:00 137303152                          /usr/java/jdk1.8.0_281-i586/jre/lib/i386/libjsig.so
f7eef000-f7ef0000 r--p 00001000 fd:00 137303152                          /usr/java/jdk1.8.0_281-i586/jre/lib/i386/libjsig.so
f7ef0000-f7ef1000 rw-p 00002000 fd:00 137303152                          /usr/java/jdk1.8.0_281-i586/jre/lib/i386/libjsig.so
f7ef1000-f7ef4000 rw-p 00000000 00:00 0 
f7ef4000-f7ef8000 r--p 00000000 00:00 0                                  [vvar]
f7ef8000-f7efa000 r-xp 00000000 00:00 0                                  [vdso]
f7efa000-f7f26000 r-xp 00000000 fd:00 134306756                          /usr/lib/ld-2.28.so
f7f26000-f7f27000 r--p 00000000 00:00 0 
f7f27000-f7f28000 r--p 0002c000 fd:00 134306756                          /usr/lib/ld-2.28.so
f7f28000-f7f29000 rw-p 0002d000 fd:00 134306756                          /usr/lib/ld-2.28.so
ffc07000-ffc0a000 ---p 00000000 00:00 0 
ffc0a000-ffd07000 rw-p 00000000 00:00 0                                  [stack]

VM Arguments:
jvm_args: -Dvcobol.jdbc.autocommit=false -Dvcobol.runtime.compile_flags.mandatory= -Dvcobol.runtime.compile_flags.prohibited=-d64 -Xrs -Xss1M -DKIXSYS=/apps/test/mdoff/sys -DKIXPROGS=/apps/test/mdoff/exe/onl:/apps/prod/cid1p/exe/onl -DUNIKIX=/apps/mtp/mtp -Xmx128m -Dvcobol.jdbc.driver=com.microsoft.sqlserver.jdbc.SQLServerDriver -Dvcobol.jdbc.url=jdbc:sqlserver://hov-tstdb01.cso.local:1433;databaseName= -Dvcobol.jdbc.autocommit=False -Djava.library.path=/apps/mtp/mtp/lib:/opt/lib/cobol/NTT_DATA_COBOL_6.0/native/lib/ exit abort 
java_command: <unknown>
java_class_path (initial): /apps/mtp/mtp/lib/dfjcics.jar:/apps/mtp/mtp/lib/kixsysapi.jar:/apps/mtp/mtp/lib/transMQJMS.jar:/apps/mtp/mtp/lib/transutil.jar:/opt/lib/cobol/NTT_DATA_COBOL_6.0/lib/vcobol-runtime.jar:/apps/test/mdoff/sys/local/bin:/apps/mtp/mtp/local/bin:/apps/test/mdoff/exe/onl:/apps/prod/cid1p/exe/onl:/opt/software/sqljdbc/enu/mssql-jdbc-9.2.1.jre8.jar:/apps/mtp/mtp/axis2/current/lib/axis2-xmlbeans-1.7.8.jar:/apps/mtp/mtp/axis2/current/lib/axis2-kernel-1.7.8.jar:/apps/mtp/mtp/axis2/current/lib/geronimo-stax-api_1.0_spec-1.0.1.jar:/apps/mtp/mtp/axis2/current/lib/axis2-saaj-1.7.8.jar:/apps/mtp/mtp/axis2/current/lib/httpcore-4.4.6.jar:/apps/mtp/mtp/axis2/current/lib/commons-httpclient-3.1.jar:/apps/mtp/mtp/axis2/current/lib/axis2-transport-http-1.7.8.jar:/apps/mtp/mtp/axis2/current/lib/jibx-run-1.2.jar:/apps/mtp/mtp/axis2/current/lib/axis2-clustering-1.7.8.jar:/apps/mtp/mtp/axis2/current/lib/axis2-jaxws-1.7.8.jar:/apps/mtp/mtp/axis2/current/lib/commons-logging-1.1.1.jar:/apps/mtp/mtp/axis2/current/lib/mail-1.4.jar:/apps/mtp/mtp/axis2/current/lib/bcel-findbugs-6.0.jar:/apps/mtp/mtp/axis2/current/lib/axiom-dom-1.2.20.jar:/apps/mtp/mtp/axis2/current/lib/axis2-transport-mail-1.7.8.jar:/apps/mtp/mtp/axis2/current/lib/commons-io-2.1.jar:/apps/mtp/mtp/axis2/current/lib/jaxws-tools-2.2.6.jar:/apps/mtp/mtp/axis2/current/lib/woden-core-1.0M10.jar:/apps/mtp/mtp/axis2/current/lib/xalan-2.7.0.jar:/apps/mtp/mtp/axis2/current/lib/axis2-mtompolicy-1.7.8.jar:/apps/mtp/mtp/axis2/current/lib/axis2-codegen-1.7.8.jar:/apps/mtp/mtp/axis2/current/lib/geronimo-jaxws_2.2_spec-1.0.jar:/apps/mtp/mtp/axis2/current/lib/jsr311-api-1.1.1.jar:/apps/mtp/mtp/axis2/current/lib/antlr-2.7.7.jar:/apps/mtp/mtp/axis2/current/lib/axis2-corba-1.7.8.jar:/apps/mtp/mtp/axis2/current/lib/axis2-transport-local-1.7.8.jar:/apps/mtp/mtp/axis2/current/lib/juli-6.0.16.jar:/apps/mtp/mtp/axis2/current/lib/axis2-jibx-1.7.8.jar:/apps/mtp/mtp/axis2/current/lib/geronimo-ws-metadata_2.0_spec-1.1.2.jar:/apps/mtp/
Launcher Type: generic

Environment Variables:
PATH=/usr/java/default/bin:/apps/test/mdoff/sys/local/bin:/apps/mtp/mtp/bin:/usr/bin:/bin
LD_LIBRARY_PATH=/apps/test/mdoff/sys/local/bin:/apps/mtp/mtp/lib:/opt/lib/cobol/NTT_DATA_COBOL_6.0/native/lib:/usr/java/default/jre/lib/i386/server:/usr/java/default/jre/lib/i386

Signal Handlers:
SIGSEGV: [libjvm.so+0x94a910], sa_mask[0]=11111111111111111111111111111110, sa_flags=SA_RESTART|SA_SIGINFO
SIGBUS: [libjvm.so+0x94a910], sa_mask[0]=11111111111111111111111111111110, sa_flags=SA_SIGINFO
SIGFPE: [libunikixtran.so+0x256f8b], sa_mask[0]=11111111111111111111111111111110, sa_flags=SA_SIGINFO
SIGPIPE: SIG_IGN, sa_mask[0]=11111111111111111111111111111110, sa_flags=SA_SIGINFO
SIGXFSZ: SIG_DFL, sa_mask[0]=11111111111111111111111111111110, sa_flags=SA_SIGINFO
SIGILL: [libunikixtran.so+0x256f8b], sa_mask[0]=11111111111111111111111111111110, sa_flags=SA_SIGINFO
SIGUSR1: [libunikixtran.so+0x256f8b], sa_mask[0]=11111111011111111101111111111110, sa_flags=SA_SIGINFO
SIGUSR2: [libunikixtran.so+0x256f8b], sa_mask[0]=11111111011111111101111111111110, sa_flags=SA_RESTART|SA_SIGINFO
SIGHUP: [libunikixtran.so+0x256f8b], sa_mask[0]=11111111011111111101111111111110, sa_flags=SA_SIGINFO
SIGINT: [libunikixtran.so+0x256f8b], sa_mask[0]=11111111011111111101111111111110, sa_flags=SA_SIGINFO
SIGTERM: [libunikixtran.so+0x256f8b], sa_mask[0]=11111111011111111101111111111110, sa_flags=SA_SIGINFO
SIGQUIT: [libunikixtran.so+0x256f8b], sa_mask[0]=11111111011111111101111111111110, sa_flags=SA_SIGINFO


---------------  S Y S T E M  ---------------

OS:Red Hat Enterprise Linux release 8.5 (Ootpa)

uname:Linux 4.18.0-348.20.1.el8_5.x86_64 #1 SMP Tue Mar 8 12:56:54 EST 2022 x86_64
libc:glibc 2.28 NPTL 2.28 
rlimit: STACK 8192k, CORE infinity, NPROC 63093, NOFILE 262144, AS infinity
load average:1.12 0.24 0.08

/proc/meminfo:
MemTotal:       16211440 kB
MemFree:        10646776 kB
MemAvailable:   12450180 kB
Buffers:           94868 kB
Cached:          3494564 kB
SwapCached:            0 kB
Active:          2617976 kB
Inactive:        2356912 kB
Active(anon):    1651404 kB
Inactive(anon):  1410476 kB
Active(file):     966572 kB
Inactive(file):   946436 kB
Unevictable:           0 kB
Mlocked:               0 kB
SwapTotal:       8273916 kB
SwapFree:        8273916 kB
Dirty:               180 kB
Writeback:             0 kB
AnonPages:       1361716 kB
Mapped:           393636 kB
Shmem:           1676432 kB
KReclaimable:     228036 kB
Slab:             325016 kB
SReclaimable:     228036 kB
SUnreclaim:        96980 kB
KernelStack:       11600 kB
PageTables:        32672 kB
NFS_Unstable:          0 kB
Bounce:                0 kB
WritebackTmp:          0 kB
CommitLimit:    16379636 kB
Committed_AS:    5937260 kB
VmallocTotal:   34359738367 kB
VmallocUsed:           0 kB
VmallocChunk:          0 kB
Percpu:             5936 kB
HardwareCorrupted:     0 kB
AnonHugePages:    493568 kB
ShmemHugePages:        0 kB
ShmemPmdMapped:        0 kB
FileHugePages:         0 kB
FilePmdMapped:         0 kB
HugePages_Total:       0
HugePages_Free:        0
HugePages_Rsvd:        0
HugePages_Surp:        0
Hugepagesize:       2048 kB
Hugetlb:               0 kB
DirectMap4k:      333168 kB
DirectMap2M:     8054784 kB
DirectMap1G:    10485760 kB

container (cgroup) information:
container_type: cgroupv1
cpu_cpuset_cpus: 0-3
cpu_memory_nodes: 0
active_processor_count: 4
cpu_quota: -1
cpu_period: 100000
cpu_shares: -1
memory_limit_in_bytes: -1
memory_and_swap_limit_in_bytes: -1
memory_soft_limit_in_bytes: -1
memory_usage_in_bytes: 3044384768
memory_max_usage_in_bytes: 3106570240


CPU:total 4 (initial active 4) (2 cores per cpu, 1 threads per core) family 6 model 85 stepping 4, cmov, cx8, fxsr, mmx, sse, sse2, sse3, ssse3, sse4.1, sse4.2, popcnt, avx, avx2, aes, clmul, erms, 3dnowpref, lzcnt, tsc, tscinvbit, bmi1, bmi2, adx

/proc/cpuinfo:
processor	: 0
vendor_id	: GenuineIntel
cpu family	: 6
model		: 85
model name	: Intel(R) Xeon(R) Gold 6154 CPU @ 3.00GHz
stepping	: 4
microcode	: 0x2006c0a
cpu MHz		: 2992.968
cache size	: 25344 KB
physical id	: 0
siblings	: 2
core id		: 0
cpu cores	: 2
apicid		: 0
initial apicid	: 0
fpu		: yes
fpu_exception	: yes
cpuid level	: 22
wp		: yes
flags		: fpu vme de pse tsc msr pae mce cx8 apic sep mtrr pge mca cmov pat pse36 clflush mmx fxsr sse sse2 ss ht syscall nx pdpe1gb rdtscp lm constant_tsc arch_perfmon nopl xtopology tsc_reliable nonstop_tsc cpuid pni pclmulqdq ssse3 fma cx16 pcid sse4_1 sse4_2 x2apic movbe popcnt tsc_deadline_timer aes xsave avx f16c rdrand hypervisor lahf_lm abm 3dnowprefetch cpuid_fault invpcid_single pti ssbd ibrs ibpb stibp fsgsbase tsc_adjust bmi1 avx2 smep bmi2 invpcid avx512f avx512dq rdseed adx smap clflushopt clwb avx512cd avx512bw avx512vl xsaveopt xsavec xsaves arat pku ospke md_clear flush_l1d arch_capabilities
bugs		: cpu_meltdown spectre_v1 spectre_v2 spec_store_bypass l1tf mds swapgs itlb_multihit
bogomips	: 5985.93
clflush size	: 64
cache_alignment	: 64
address sizes	: 43 bits physical, 48 bits virtual
power management:

processor	: 1
vendor_id	: GenuineIntel
cpu family	: 6
model		: 85
model name	: Intel(R) Xeon(R) Gold 6154 CPU @ 3.00GHz
stepping	: 4
microcode	: 0x2006c0a
cpu MHz		: 2992.968
cache size	: 25344 KB
physical id	: 0
siblings	: 2
core id		: 1
cpu cores	: 2
apicid		: 1
initial apicid	: 1
fpu		: yes
fpu_exception	: yes
cpuid level	: 22
wp		: yes
flags		: fpu vme de pse tsc msr pae mce cx8 apic sep mtrr pge mca cmov pat pse36 clflush mmx fxsr sse sse2 ss ht syscall nx pdpe1gb rdtscp lm constant_tsc arch_perfmon nopl xtopology tsc_reliable nonstop_tsc cpuid pni pclmulqdq ssse3 fma cx16 pcid sse4_1 sse4_2 x2apic movbe popcnt tsc_deadline_timer aes xsave avx f16c rdrand hypervisor lahf_lm abm 3dnowprefetch cpuid_fault invpcid_single pti ssbd ibrs ibpb stibp fsgsbase tsc_adjust bmi1 avx2 smep bmi2 invpcid avx512f avx512dq rdseed adx smap clflushopt clwb avx512cd avx512bw avx512vl xsaveopt xsavec xsaves arat pku ospke md_clear flush_l1d arch_capabilities
bugs		: cpu_meltdown spectre_v1 spectre_v2 spec_store_bypass l1tf mds swapgs itlb_multihit
bogomips	: 5985.93
clflush size	: 64
cache_alignment	: 64
address sizes	: 43 bits physical, 48 bits virtual
power management:

processor	: 2
vendor_id	: GenuineIntel
cpu family	: 6
model		: 85
model name	: Intel(R) Xeon(R) Gold 6154 CPU @ 3.00GHz
stepping	: 4
microcode	: 0x2006c0a
cpu MHz		: 2992.968
cache size	: 25344 KB
physical id	: 1
siblings	: 2
core id		: 0
cpu cores	: 2
apicid		: 2
initial apicid	: 2
fpu		: yes
fpu_exception	: yes
cpuid level	: 22
wp		: yes
flags		: fpu vme de pse tsc msr pae mce cx8 apic sep mtrr pge mca cmov pat pse36 clflush mmx fxsr sse sse2 ss ht syscall nx pdpe1gb rdtscp lm constant_tsc arch_perfmon nopl xtopology tsc_reliable nonstop_tsc cpuid pni pclmulqdq ssse3 fma cx16 pcid sse4_1 sse4_2 x2apic movbe popcnt tsc_deadline_timer aes xsave avx f16c rdrand hypervisor lahf_lm abm 3dnowprefetch cpuid_fault invpcid_single pti ssbd ibrs ibpb stibp fsgsbase tsc_adjust bmi1 avx2 smep bmi2 invpcid avx512f avx512dq rdseed adx smap clflushopt clwb avx512cd avx512bw avx512vl xsaveopt xsavec xsaves arat pku ospke md_clear flush_l1d arch_capabilities
bugs		: cpu_meltdown spectre_v1 spectre_v2 spec_store_bypass l1tf mds swapgs itlb_multihit
bogomips	: 5985.93
clflush size	: 64
cache_alignment	: 64
address sizes	: 43 bits physical, 48 bits virtual
power management:

processor	: 3
vendor_id	: GenuineIntel
cpu family	: 6
model		: 85
model name	: Intel(R) Xeon(R) Gold 6154 CPU @ 3.00GHz
stepping	: 4
microcode	: 0x2006c0a
cpu MHz		: 2992.968
cache size	: 25344 KB
physical id	: 1
siblings	: 2
core id		: 1
cpu cores	: 2
apicid		: 3
initial apicid	: 3
fpu		: yes
fpu_exception	: yes
cpuid level	: 22
wp		: yes
flags		: fpu vme de pse tsc msr pae mce cx8 apic sep mtrr pge mca cmov pat pse36 clflush mmx fxsr sse sse2 ss ht syscall nx pdpe1gb rdtscp lm constant_tsc arch_perfmon nopl xtopology tsc_reliable nonstop_tsc cpuid pni pclmulqdq ssse3 fma cx16 pcid sse4_1 sse4_2 x2apic movbe popcnt tsc_deadline_timer aes xsave avx f16c rdrand hypervisor lahf_lm abm 3dnowprefetch cpuid_fault invpcid_single pti ssbd ibrs ibpb stibp fsgsbase tsc_adjust bmi1 avx2 smep bmi2 invpcid avx512f avx512dq rdseed adx smap clflushopt clwb avx512cd avx512bw avx512vl xsaveopt xsavec xsaves arat pku ospke md_clear flush_l1d arch_capabilities
bugs		: cpu_meltdown spectre_v1 spectre_v2 spec_store_bypass l1tf mds swapgs itlb_multihit
bogomips	: 5985.93
clflush size	: 64
cache_alignment	: 64
address sizes	: 43 bits physical, 48 bits virtual
power management:



Memory: 4k page, physical 16211440k(10646580k free), swap 8273916k(8273916k free)

vm_info: Java HotSpot(TM) Server VM (25.281-b09) for linux-x86 JRE (1.8.0_281-b09), built on Dec  9 2020 12:36:01 by "java_re" with gcc 7.3.0

time: Fri Apr 15 02:11:40 2022
timezone: CDT
elapsed time: 142598.775207 seconds (1d 15h 36m 38s)

