#
# A fatal error has been detected by the Java Runtime Environment:
#
#  SIGSEGV (0xb) at pc=0x6f6c632e, pid=3349065, tid=0xf666e700
#
# JRE version: Java(TM) SE Runtime Environment (8.0_281-b09) (build 1.8.0_281-b09)
# Java VM: Java HotSpot(TM) Server VM (25.281-b09 mixed mode linux-x86 )
# Problematic frame:
# C  0x6f6c632e
#
# Core dump written. Default location: /apps/test/mdoff/sys/core or core.3349065
#
# If you would like to submit a bug report, please visit:
#   http://bugreport.java.com/bugreport/crash.jsp
# The crash happened outside the Java Virtual Machine in native code.
# See problematic frame for where to report the bug.
#

---------------  T H R E A D  ---------------

Current thread (0x09e97800):  JavaThread "main" [_thread_in_native, id=3349065, stack(0xff907000,0xffa07000)]

siginfo: si_signo: 11 (SIGSEGV), si_code: 2 (SEGV_ACCERR), si_addr: 0x6f6c632e

Registers:
EAX=0x00000000, EBX=0x232c2927, ECX=0xdd006fc1, EDX=0x00000000
ESP=0xff9d8020, EBP=0x77232c29, ESI=0x6c662e77, EDI=0x28687375
EIP=0x6f6c632e, EFLAGS=0x00010286, CR2=0x6f6c632e

Top of Stack: (sp=0xff9d8020)
0xff9d8020:   29286573 63612e7d 6e6f6974 dd00000a
0xff9d8030:   dd0090d4 dd0090d4 ff9d88a8 ff9d8134
0xff9d8040:   dd0090d4 dd0090d4 ff9d8234 ff9d8334
0xff9d8050:   dd0090d4 dd0090d4 dd0090d4 dd0090d4
0xff9d8060:   dd0090d4 00000000 00000000 00000000
0xff9d8070:   00000000 00000000 00000015 00000015
0xff9d8080:   00000000 00000000 00000000 00000000
0xff9d8090:   00000000 00000000 00000000 00000000 

Instructions: (pc=0x6f6c632e)
0x6f6c630e:   00 00 00 00 00 00 00 00 00 00 00 00 00 00 00 00
0x6f6c631e:   00 00 00 00 00 00 00 00 00 00 00 00 00 00 00 00
0x6f6c632e:   00 00 00 00 00 00 00 00 00 00 00 00 00 00 00 00
0x6f6c633e:   00 00 00 00 00 00 00 00 00 00 00 00 00 00 00 00 

Register to memory mapping:

EAX=0x00000000 is an unknown value
EBX=0x232c2927 is an unknown value
ECX=0xdd006fc1: <offset 0x3fc1> in /apps/mtp/mtp/lib/KXWBXN.so at 0xdd003000
EDX=0x00000000 is an unknown value
ESP=0xff9d8020 is pointing into the stack for thread: 0x09e97800
EBP=0x77232c29 is an unknown value
ESI=0x6c662e77 is an unknown value
EDI=0x28687375 is an unknown value


Stack: [0xff907000,0xffa07000],  sp=0xff9d8020,  free space=836k
Native frames: (J=compiled Java code, j=interpreted, Vv=VM code, C=native code)
C  0x6f6c632e

Java frames: (J=compiled Java code, j=interpreted, Vv=VM code)
j  com.vcobol.runtime.impl.NativeVCobolCallable.nativeCall00(J)J+0
j  com.vcobol.runtime.impl.NativeVCobolCallable.call([Lcom/vcobol/runtime/memory/Chunk;)J+92
j  com.vcobol.runtime.VCobolRuntime.callCallable(Lcom/vcobol/runtime/ru/RunUnit;Lcom/vcobol/runtime/VCobolCallable;[Lcom/vcobol/runtime/memory/Chunk;)J+21
j  com.vcobol.runtime.VCobolRuntime.callProgram(Lcom/vcobol/runtime/VCobolCallable;[Lcom/vcobol/runtime/memory/Chunk;)J+44
j  KXCALLKIX.PROCEDURE()I+147
j  KXCALLKIX.perform(II)I+39
j  KXCALLKIX.call([Lcom/vcobol/runtime/memory/Chunk;)J+10
j  com.vcobol.runtime.VCobolRuntime.callCallable(Lcom/vcobol/runtime/ru/RunUnit;Lcom/vcobol/runtime/VCobolCallable;[Lcom/vcobol/runtime/memory/Chunk;)J+21
j  com.vcobol.runtime.VCobolRuntime.callProgram(Lcom/vcobol/runtime/VCobolCallable;[Lcom/vcobol/runtime/memory/Chunk;)J+22
j  com.vcobol.runtime.VCobolRuntime.callProgramExtended(Ljava/lang/String;Z[Lcom/vcobol/runtime/memory/Chunk;)J+36
v  ~StubRoutines::call_stub

---------------  P R O C E S S  ---------------

Java Threads: ( => current thread )
  0x0a0e2800 JavaThread "Service Thread" daemon [_thread_blocked, id=3349385, stack(0xdccfe000,0xdcdff000)]
  0x0a0df800 JavaThread "C1 CompilerThread2" daemon [_thread_blocked, id=3349367, stack(0xdd07f000,0xdd0ff000)]
  0x0a0de000 JavaThread "C2 CompilerThread1" daemon [_thread_blocked, id=3349360, stack(0xdd37f000,0xdd3ff000)]
  0x0a0dc000 JavaThread "C2 CompilerThread0" daemon [_thread_blocked, id=3349352, stack(0xdd656000,0xdd6d6000)]
  0x0a0da800 JavaThread "Attach Listener" daemon [_thread_blocked, id=3349349, stack(0xdcdff000,0xdcf00000)]
  0x0a0c0400 JavaThread "Finalizer" daemon [_thread_blocked, id=3349337, stack(0xdd0ff000,0xdd200000)]
  0x0a0bd400 JavaThread "Reference Handler" daemon [_thread_blocked, id=3349325, stack(0xdd3ff000,0xdd500000)]
=>0x09e97800 JavaThread "main" [_thread_in_native, id=3349065, stack(0xff907000,0xffa07000)]

Other Threads:
  0x0a0b7c00 VMThread [stack: 0xdd6d7000,0xdd757000] [id=3349315]
  0x0a0e4800 WatcherThread [stack: 0xdcc7e000,0xdccfe000] [id=3349387]

VM state:not at safepoint (normal execution)

VM Mutex/Monitor currently owned by a thread: None

Heap:
 PSYoungGen      total 12544K, used 7990K [0xe3f80000, 0xe4c40000, 0xe6a00000)
  eden space 12032K, 66% used [0xe3f80000,0xe4741b18,0xe4b40000)
  from space 512K, 9% used [0xe4bc0000,0xe4bcc000,0xe4c40000)
  to   space 512K, 0% used [0xe4b40000,0xe4b40000,0xe4bc0000)
 ParOldGen       total 43776K, used 1357K [0xdea00000, 0xe14c0000, 0xe3f80000)
  object space 43776K, 3% used [0xdea00000,0xdeb53650,0xe14c0000)
 Metaspace       used 5908K, capacity 6106K, committed 6168K, reserved 6448K

Card table byte_map: [0xde9bf000,0xdea00000] byte_map_base: 0xde2ca000

Marking Bits: (ParMarkBitMap*) 0xf7abfe60
 Begin Bits: [0xdde00000, 0xde000000)
 End Bits:   [0xde000000, 0xde200000)

Polling page: 0xf7f0a000

CodeCache: size=245760Kb used=6354Kb max_used=6479Kb free=239405Kb
 bounds [0xe6dd6000, 0xe7446000, 0xf5dd6000]
 total_blobs=1256 nmethods=1058 adapters=112
 compilation: enabled

Compilation events (10 events):
Event: 26658.892 Thread 0x0a0de000 nmethod 1193 0xe6fef548 code [0xe6fef740, 0xe6ff00a4]
Event: 26658.892 Thread 0x0a0de000 1195       4       EL6501::_6700_BUILD_COMM_WORK (349 bytes)
Event: 26658.898 Thread 0x0a0dc000 nmethod 1194 0xe6fca588 code [0xe6fca7c0, 0xe6fcb464]
Event: 26658.907 Thread 0x0a0de000 nmethod 1195 0xe7183c08 code [0xe7183e80, 0xe7184c2c]
Event: 26674.082 Thread 0x0a0dc000 1196       4       EL650::_6000_EDIT_LINE (386 bytes)
Event: 26674.096 Thread 0x0a0dc000 nmethod 1196 0xe6f6b508 code [0xe6f6b6a0, 0xe6f6bd30]
Event: 27549.936 Thread 0x0a0de000 1197       4       EL1272::_4100_A_AND_H_INFO (1702 bytes)
Event: 27549.995 Thread 0x0a0de000 nmethod 1197 0xe717e708 code [0xe717eb80, 0xe718127c]
Event: 28507.958 Thread 0x0a0dc000 1198       4       EL6501::ned_put_Long_39392e3939 (51 bytes)
Event: 28507.966 Thread 0x0a0dc000 nmethod 1198 0xe6f9e388 code [0xe6f9e480, 0xe6f9e770]

GC Heap History (10 events):
Event: 29197.810 GC heap before
{Heap before GC invocations=44 (full 0):
 PSYoungGen      total 12544K, used 12080K [0xe3f80000, 0xe4c40000, 0xe6a00000)
  eden space 12032K, 100% used [0xe3f80000,0xe4b40000,0xe4b40000)
  from space 512K, 9% used [0xe4b40000,0xe4b4c000,0xe4bc0000)
  to   space 512K, 0% used [0xe4bc0000,0xe4bc0000,0xe4c40000)
 ParOldGen       total 43776K, used 1357K [0xdea00000, 0xe14c0000, 0xe3f80000)
  object space 43776K, 3% used [0xdea00000,0xdeb53650,0xe14c0000)
 Metaspace       used 5908K, capacity 6106K, committed 6168K, reserved 6448K
Event: 29197.811 GC heap after
Heap after GC invocations=44 (full 0):
 PSYoungGen      total 12544K, used 64K [0xe3f80000, 0xe4c40000, 0xe6a00000)
  eden space 12032K, 0% used [0xe3f80000,0xe3f80000,0xe4b40000)
  from space 512K, 12% used [0xe4bc0000,0xe4bd0000,0xe4c40000)
  to   space 512K, 0% used [0xe4b40000,0xe4b40000,0xe4bc0000)
 ParOldGen       total 43776K, used 1357K [0xdea00000, 0xe14c0000, 0xe3f80000)
  object space 43776K, 3% used [0xdea00000,0xdeb53650,0xe14c0000)
 Metaspace       used 5908K, capacity 6106K, committed 6168K, reserved 6448K
}
Event: 30035.874 GC heap before
{Heap before GC invocations=45 (full 0):
 PSYoungGen      total 12544K, used 12096K [0xe3f80000, 0xe4c40000, 0xe6a00000)
  eden space 12032K, 100% used [0xe3f80000,0xe4b40000,0xe4b40000)
  from space 512K, 12% used [0xe4bc0000,0xe4bd0000,0xe4c40000)
  to   space 512K, 0% used [0xe4b40000,0xe4b40000,0xe4bc0000)
 ParOldGen       total 43776K, used 1357K [0xdea00000, 0xe14c0000, 0xe3f80000)
  object space 43776K, 3% used [0xdea00000,0xdeb53650,0xe14c0000)
 Metaspace       used 5908K, capacity 6106K, committed 6168K, reserved 6448K
Event: 30035.875 GC heap after
Heap after GC invocations=45 (full 0):
 PSYoungGen      total 12544K, used 48K [0xe3f80000, 0xe4c40000, 0xe6a00000)
  eden space 12032K, 0% used [0xe3f80000,0xe3f80000,0xe4b40000)
  from space 512K, 9% used [0xe4b40000,0xe4b4c000,0xe4bc0000)
  to   space 512K, 0% used [0xe4bc0000,0xe4bc0000,0xe4c40000)
 ParOldGen       total 43776K, used 1357K [0xdea00000, 0xe14c0000, 0xe3f80000)
  object space 43776K, 3% used [0xdea00000,0xdeb53650,0xe14c0000)
 Metaspace       used 5908K, capacity 6106K, committed 6168K, reserved 6448K
}
Event: 31030.456 GC heap before
{Heap before GC invocations=46 (full 0):
 PSYoungGen      total 12544K, used 12080K [0xe3f80000, 0xe4c40000, 0xe6a00000)
  eden space 12032K, 100% used [0xe3f80000,0xe4b40000,0xe4b40000)
  from space 512K, 9% used [0xe4b40000,0xe4b4c000,0xe4bc0000)
  to   space 512K, 0% used [0xe4bc0000,0xe4bc0000,0xe4c40000)
 ParOldGen       total 43776K, used 1357K [0xdea00000, 0xe14c0000, 0xe3f80000)
  object space 43776K, 3% used [0xdea00000,0xdeb53650,0xe14c0000)
 Metaspace       used 5908K, capacity 6106K, committed 6168K, reserved 6448K
Event: 31030.456 GC heap after
Heap after GC invocations=46 (full 0):
 PSYoungGen      total 12544K, used 48K [0xe3f80000, 0xe4c40000, 0xe6a00000)
  eden space 12032K, 0% used [0xe3f80000,0xe3f80000,0xe4b40000)
  from space 512K, 9% used [0xe4bc0000,0xe4bcc000,0xe4c40000)
  to   space 512K, 0% used [0xe4b40000,0xe4b40000,0xe4bc0000)
 ParOldGen       total 43776K, used 1357K [0xdea00000, 0xe14c0000, 0xe3f80000)
  object space 43776K, 3% used [0xdea00000,0xdeb53650,0xe14c0000)
 Metaspace       used 5908K, capacity 6106K, committed 6168K, reserved 6448K
}
Event: 31989.864 GC heap before
{Heap before GC invocations=47 (full 0):
 PSYoungGen      total 12544K, used 12080K [0xe3f80000, 0xe4c40000, 0xe6a00000)
  eden space 12032K, 100% used [0xe3f80000,0xe4b40000,0xe4b40000)
  from space 512K, 9% used [0xe4bc0000,0xe4bcc000,0xe4c40000)
  to   space 512K, 0% used [0xe4b40000,0xe4b40000,0xe4bc0000)
 ParOldGen       total 43776K, used 1357K [0xdea00000, 0xe14c0000, 0xe3f80000)
  object space 43776K, 3% used [0xdea00000,0xdeb53650,0xe14c0000)
 Metaspace       used 5908K, capacity 6106K, committed 6168K, reserved 6448K
Event: 31989.865 GC heap after
Heap after GC invocations=47 (full 0):
 PSYoungGen      total 12544K, used 64K [0xe3f80000, 0xe4c40000, 0xe6a00000)
  eden space 12032K, 0% used [0xe3f80000,0xe3f80000,0xe4b40000)
  from space 512K, 12% used [0xe4b40000,0xe4b50000,0xe4bc0000)
  to   space 512K, 0% used [0xe4bc0000,0xe4bc0000,0xe4c40000)
 ParOldGen       total 43776K, used 1357K [0xdea00000, 0xe14c0000, 0xe3f80000)
  object space 43776K, 3% used [0xdea00000,0xdeb53650,0xe14c0000)
 Metaspace       used 5908K, capacity 6106K, committed 6168K, reserved 6448K
}
Event: 32974.967 GC heap before
{Heap before GC invocations=48 (full 0):
 PSYoungGen      total 12544K, used 12095K [0xe3f80000, 0xe4c40000, 0xe6a00000)
  eden space 12032K, 99% used [0xe3f80000,0xe4b3fff8,0xe4b40000)
  from space 512K, 12% used [0xe4b40000,0xe4b50000,0xe4bc0000)
  to   space 512K, 0% used [0xe4bc0000,0xe4bc0000,0xe4c40000)
 ParOldGen       total 43776K, used 1357K [0xdea00000, 0xe14c0000, 0xe3f80000)
  object space 43776K, 3% used [0xdea00000,0xdeb53650,0xe14c0000)
 Metaspace       used 5908K, capacity 6106K, committed 6168K, reserved 6448K
Event: 32974.967 GC heap after
Heap after GC invocations=48 (full 0):
 PSYoungGen      total 12544K, used 48K [0xe3f80000, 0xe4c40000, 0xe6a00000)
  eden space 12032K, 0% used [0xe3f80000,0xe3f80000,0xe4b40000)
  from space 512K, 9% used [0xe4bc0000,0xe4bcc000,0xe4c40000)
  to   space 512K, 0% used [0xe4b40000,0xe4b40000,0xe4bc0000)
 ParOldGen       total 43776K, used 1357K [0xdea00000, 0xe14c0000, 0xe3f80000)
  object space 43776K, 3% used [0xdea00000,0xdeb53650,0xe14c0000)
 Metaspace       used 5908K, capacity 6106K, committed 6168K, reserved 6448K
}

Deoptimization events (10 events):
Event: 3639.837 Thread 0x09e97800 Uncommon trap: reason=unstable_if action=reinterpret pc=0xe717bb38 method=EL650.perform(II)I @ 5886
Event: 4753.047 Thread 0x09e97800 Uncommon trap: reason=unstable_if action=reinterpret pc=0xe71db18c method=EL6501._6921_READ_AXRF()I @ 778
Event: 5285.086 Thread 0x09e97800 Uncommon trap: reason=unstable_if action=reinterpret pc=0xe714fbac method=EL1272.perform(II)I @ 610
Event: 9822.030 Thread 0x09e97800 Uncommon trap: reason=unstable_if action=reinterpret pc=0xe73b8f8c method=EL1272._4095_MOVE_DATA()I @ 1690
Event: 9822.030 Thread 0x09e97800 Uncommon trap: reason=unstable_if action=reinterpret pc=0xe73a8e80 method=EL1272._4100_A_AND_H_INFO()I @ 1081
Event: 9921.499 Thread 0x09e97800 Uncommon trap: reason=unstable_if action=reinterpret pc=0xe736a75c method=ELRTRM._0000_DFHEXIT()I @ 1617
Event: 11516.096 Thread 0x09e97800 Uncommon trap: reason=unstable_if action=reinterpret pc=0xe73660f0 method=ELRTRM._300_PROCESS_WITH_CERT_EFF_DATE()I @ 596
Event: 16767.370 Thread 0x09e97800 Uncommon trap: reason=unstable_if action=reinterpret pc=0xe6fc24a4 method=EL1272._4100_A_AND_H_INFO()I @ 911
Event: 18558.141 Thread 0x09e97800 Uncommon trap: reason=unstable_if action=reinterpret pc=0xe73901ec method=com.vcobol.runtime.memory.impl.ChunkUnsafe.put_Int_DSITM(III)V @ 14
Event: 22294.253 Thread 0x09e97800 Uncommon trap: reason=unstable_if action=reinterpret pc=0xe7431ac8 method=EL1272._4100_A_AND_H_INFO()I @ 1305

Classes redefined (0 events):
No events

Internal exceptions (10 events):
Event: 33525.186 Thread 0x09e97800 Exception <a 'com/vcobol/runtime/api/UnwindException'> (0xdea06728) thrown at [/scratch/jenkins/workspace/8-2-build-linux-i586/jdk8u281/880/hotspot/src/share/vm/prims/jni.cpp, line 710]
Event: 33525.186 Thread 0x09e97800 Exception <a 'com/vcobol/runtime/api/UnwindException'> (0xdea06728) thrown at [/scratch/jenkins/workspace/8-2-build-linux-i586/jdk8u281/880/hotspot/src/share/vm/prims/jni.cpp, line 710]
Event: 33529.052 Thread 0x09e97800 Exception <a 'com/vcobol/runtime/api/UnwindException'> (0xdea06728) thrown at [/scratch/jenkins/workspace/8-2-build-linux-i586/jdk8u281/880/hotspot/src/share/vm/prims/jni.cpp, line 710]
Event: 33529.052 Thread 0x09e97800 Exception <a 'com/vcobol/runtime/api/UnwindException'> (0xdea06728) thrown at [/scratch/jenkins/workspace/8-2-build-linux-i586/jdk8u281/880/hotspot/src/share/vm/prims/jni.cpp, line 710]
Event: 33529.052 Thread 0x09e97800 Exception <a 'com/vcobol/runtime/api/UnwindException'> (0xdea06728) thrown at [/scratch/jenkins/workspace/8-2-build-linux-i586/jdk8u281/880/hotspot/src/share/vm/prims/jni.cpp, line 710]
Event: 33529.053 Thread 0x09e97800 Exception <a 'com/vcobol/runtime/api/UnwindException'> (0xdea06728) thrown at [/scratch/jenkins/workspace/8-2-build-linux-i586/jdk8u281/880/hotspot/src/share/vm/prims/jni.cpp, line 710]
Event: 33533.093 Thread 0x09e97800 Exception <a 'com/vcobol/runtime/api/UnwindException'> (0xdea06728) thrown at [/scratch/jenkins/workspace/8-2-build-linux-i586/jdk8u281/880/hotspot/src/share/vm/prims/jni.cpp, line 710]
Event: 33533.093 Thread 0x09e97800 Exception <a 'com/vcobol/runtime/api/UnwindException'> (0xdea06728) thrown at [/scratch/jenkins/workspace/8-2-build-linux-i586/jdk8u281/880/hotspot/src/share/vm/prims/jni.cpp, line 710]
Event: 33533.093 Thread 0x09e97800 Exception <a 'com/vcobol/runtime/api/UnwindException'> (0xdea06728) thrown at [/scratch/jenkins/workspace/8-2-build-linux-i586/jdk8u281/880/hotspot/src/share/vm/prims/jni.cpp, line 710]
Event: 33533.093 Thread 0x09e97800 Exception <a 'com/vcobol/runtime/api/UnwindException'> (0xdea06728) thrown at [/scratch/jenkins/workspace/8-2-build-linux-i586/jdk8u281/880/hotspot/src/share/vm/prims/jni.cpp, line 710]

Events (10 events):
Event: 29197.810 Executing VM operation: ParallelGCFailedAllocation
Event: 29197.811 Executing VM operation: ParallelGCFailedAllocation done
Event: 30035.874 Executing VM operation: ParallelGCFailedAllocation
Event: 30035.875 Executing VM operation: ParallelGCFailedAllocation done
Event: 31030.455 Executing VM operation: ParallelGCFailedAllocation
Event: 31030.456 Executing VM operation: ParallelGCFailedAllocation done
Event: 31989.864 Executing VM operation: ParallelGCFailedAllocation
Event: 31989.865 Executing VM operation: ParallelGCFailedAllocation done
Event: 32974.967 Executing VM operation: ParallelGCFailedAllocation
Event: 32974.967 Executing VM operation: ParallelGCFailedAllocation done


Dynamic libraries:
08048000-08049000 r-xp 00000000 08:10 4194405                            /apps/mtp/TPE16.0.2/bin/unikixtran
08049000-0804a000 r--p 00000000 08:10 4194405                            /apps/mtp/TPE16.0.2/bin/unikixtran
0804a000-0804b000 rw-p 00001000 08:10 4194405                            /apps/mtp/TPE16.0.2/bin/unikixtran
09e6d000-0a627000 rw-p 00000000 00:00 0                                  [heap]
20000000-50000000 rw-s 00000000 00:01 2                                  /SYSV010a037b (deleted)
50002000-80002000 rw-s 00000000 00:01 3                                  /SYSV00000000 (deleted)
80004000-80a2c000 rw-s 00000000 00:01 4                                  /SYSV00000000 (deleted)
80a2e000-80a5c000 rw-s 00000000 00:01 5                                  /SYSV00000000 (deleted)
80a5e000-84a5f000 rw-s 00000000 00:01 6                                  /SYSV00000000 (deleted)
da300000-da3f8000 rw-p 00000000 00:00 0 
da3f8000-da400000 ---p 00000000 00:00 0 
da500000-da5f8000 rw-p 00000000 00:00 0 
da5f8000-da600000 ---p 00000000 00:00 0 
da700000-da7f9000 rw-p 00000000 00:00 0 
da7f9000-da800000 ---p 00000000 00:00 0 
da800000-da8f9000 rw-p 00000000 00:00 0 
da8f9000-da900000 ---p 00000000 00:00 0 
da900000-da9fa000 rw-p 00000000 00:00 0 
da9fa000-daa00000 ---p 00000000 00:00 0 
daa00000-daafa000 rw-p 00000000 00:00 0 
daafa000-dab00000 ---p 00000000 00:00 0 
dab00000-dabf1000 rw-p 00000000 00:00 0 
dabf1000-dac00000 ---p 00000000 00:00 0 
dac00000-dacfd000 rw-p 00000000 00:00 0 
dacfd000-dad00000 ---p 00000000 00:00 0 
dad00000-dadfa000 rw-p 00000000 00:00 0 
dadfa000-dae00000 ---p 00000000 00:00 0 
daf00000-daf7e000 rw-p 00000000 00:00 0 
daf7e000-db000000 ---p 00000000 00:00 0 
db100000-db1a1000 rw-p 00000000 00:00 0 
db1a1000-db200000 ---p 00000000 00:00 0 
db200000-db2ff000 rw-p 00000000 00:00 0 
db2ff000-db300000 ---p 00000000 00:00 0 
db300000-db3e0000 rw-p 00000000 00:00 0 
db3e0000-db400000 ---p 00000000 00:00 0 
db400000-db4ab000 rw-p 00000000 00:00 0 
db4ab000-db500000 ---p 00000000 00:00 0 
db500000-db5ea000 rw-p 00000000 00:00 0 
db5ea000-db600000 ---p 00000000 00:00 0 
db600000-db6ca000 rw-p 00000000 00:00 0 
db6ca000-db700000 ---p 00000000 00:00 0 
db700000-db7f2000 rw-p 00000000 00:00 0 
db7f2000-db800000 ---p 00000000 00:00 0 
db900000-db9fd000 rw-p 00000000 00:00 0 
db9fd000-dba00000 ---p 00000000 00:00 0 
dba00000-dbafc000 rw-p 00000000 00:00 0 
dbafc000-dbb00000 ---p 00000000 00:00 0 
dbb00000-dbbf9000 rw-p 00000000 00:00 0 
dbbf9000-dbc00000 ---p 00000000 00:00 0 
dbc00000-dbcf9000 rw-p 00000000 00:00 0 
dbcf9000-dbd00000 ---p 00000000 00:00 0 
dbd00000-dbdd7000 rw-p 00000000 00:00 0 
dbdd7000-dbe00000 ---p 00000000 00:00 0 
dbe00000-dbef9000 rw-p 00000000 00:00 0 
dbef9000-dbf00000 ---p 00000000 00:00 0 
dbf00000-dbff9000 rw-p 00000000 00:00 0 
dbff9000-dc000000 ---p 00000000 00:00 0 
dc000000-dc0f9000 rw-p 00000000 00:00 0 
dc0f9000-dc100000 ---p 00000000 00:00 0 
dc100000-dc1fd000 rw-p 00000000 00:00 0 
dc1fd000-dc200000 ---p 00000000 00:00 0 
dc200000-dc2f9000 rw-p 00000000 00:00 0 
dc2f9000-dc300000 ---p 00000000 00:00 0 
dc300000-dc3fc000 rw-p 00000000 00:00 0 
dc3fc000-dc400000 ---p 00000000 00:00 0 
dc400000-dc4d9000 rw-p 00000000 00:00 0 
dc4d9000-dc500000 ---p 00000000 00:00 0 
dc500000-dc5fc000 rw-p 00000000 00:00 0 
dc5fc000-dc600000 ---p 00000000 00:00 0 
dc600000-dc6ff000 rw-p 00000000 00:00 0 
dc6ff000-dc700000 ---p 00000000 00:00 0 
dc700000-dc7c0000 rw-p 00000000 00:00 0 
dc7c0000-dc800000 ---p 00000000 00:00 0 
dc800000-dc8fb000 rw-p 00000000 00:00 0 
dc8fb000-dc900000 ---p 00000000 00:00 0 
dc900000-dc9eb000 rw-p 00000000 00:00 0 
dc9eb000-dca00000 ---p 00000000 00:00 0 
dca00000-dcb00000 rw-p 00000000 00:00 0 
dcb00000-dcbff000 rw-p 00000000 00:00 0 
dcbff000-dcc00000 ---p 00000000 00:00 0 
dcc51000-dcc65000 r-xp 00000000 fd:00 134927337                          /usr/lib/libresolv-2.28.so
dcc65000-dcc66000 r--p 00013000 fd:00 134927337                          /usr/lib/libresolv-2.28.so
dcc66000-dcc67000 rw-p 00014000 fd:00 134927337                          /usr/lib/libresolv-2.28.so
dcc67000-dcc69000 rw-p 00000000 00:00 0 
dcc69000-dcc6e000 r-xp 00000000 fd:00 134838606                          /usr/lib/libnss_dns-2.28.so
dcc6e000-dcc6f000 r--p 00004000 fd:00 134838606                          /usr/lib/libnss_dns-2.28.so
dcc6f000-dcc70000 rw-p 00005000 fd:00 134838606                          /usr/lib/libnss_dns-2.28.so
dcc7d000-dcc7e000 ---p 00000000 00:00 0 
dcc7e000-dccfe000 rw-p 00000000 00:00 0 
dccfe000-dcd01000 ---p 00000000 00:00 0 
dcd01000-dcdff000 rw-p 00000000 00:00 0 
dcdff000-dce02000 ---p 00000000 00:00 0 
dce02000-dcf00000 rw-p 00000000 00:00 0 
dcf00000-dcfe8000 rw-p 00000000 00:00 0 
dcfe8000-dd000000 ---p 00000000 00:00 0 
dd003000-dd008000 r-xp 00000000 08:10 4195267                            /apps/mtp/TPE16.0.2/lib/KXWBXN.so
dd008000-dd009000 r--p 00004000 08:10 4195267                            /apps/mtp/TPE16.0.2/lib/KXWBXN.so
dd009000-dd00a000 rw-p 00005000 08:10 4195267                            /apps/mtp/TPE16.0.2/lib/KXWBXN.so
dd00a000-dd00b000 r-xp 00000000 fd:00 2469691                            /opt/lib/cobol/NTT_DATA_COBOL_6.0/native/lib/libvcobolmemory.so
dd00b000-dd00c000 r--p 00000000 fd:00 2469691                            /opt/lib/cobol/NTT_DATA_COBOL_6.0/native/lib/libvcobolmemory.so
dd00c000-dd00d000 rw-p 00001000 fd:00 2469691                            /opt/lib/cobol/NTT_DATA_COBOL_6.0/native/lib/libvcobolmemory.so
dd00d000-dd00f000 r-xp 00000000 08:10 9045189                            /apps/test/mdoff/sys/local/bin/libkxusrexit.so
dd00f000-dd010000 r--p 00001000 08:10 9045189                            /apps/test/mdoff/sys/local/bin/libkxusrexit.so
dd010000-dd011000 rw-p 00002000 08:10 9045189                            /apps/test/mdoff/sys/local/bin/libkxusrexit.so
dd011000-dd012000 rw-p 00000000 00:00 0 
dd012000-dd013000 r--s 00002000 08:10 4195716                            /apps/mtp/TPE16.0.2/axis2/axis2-1.7.8/lib/geronimo-annotation_1.0_spec-1.1.jar
dd013000-dd018000 r--s 0005f000 08:10 4195644                            /apps/mtp/TPE16.0.2/axis2/axis2-1.7.8/lib/jibx-bind-1.2.jar
dd018000-dd019000 r--s 00003000 08:10 4195645                            /apps/mtp/TPE16.0.2/axis2/axis2-1.7.8/lib/axis2-spring-1.7.8.jar
dd019000-dd01c000 r--s 0000f000 08:10 4195615                            /apps/mtp/TPE16.0.2/axis2/axis2-1.7.8/lib/commons-fileupload-1.3.3.jar
dd01c000-dd027000 r--s 0005d000 08:10 4195611                            /apps/mtp/TPE16.0.2/axis2/axis2-1.7.8/lib/axiom-api-1.2.20.jar
dd027000-dd02b000 r--s 00034000 08:10 4195652                            /apps/mtp/TPE16.0.2/axis2/axis2-1.7.8/lib/tribes-6.0.16.jar
dd02b000-dd02f000 r--s 00029000 08:10 4195612                            /apps/mtp/TPE16.0.2/axis2/axis2-1.7.8/lib/stax2-api-3.1.1.jar
dd02f000-dd054000 r--s 001d7000 08:10 4195688                            /apps/mtp/TPE16.0.2/axis2/axis2-1.7.8/lib/jaxb-xjc-2.2.6.jar
dd054000-dd056000 r--s 00013000 08:10 4195719                            /apps/mtp/TPE16.0.2/axis2/axis2-1.7.8/lib/xml-resolver-1.2.jar
dd056000-dd058000 r--s 00003000 08:10 4195685                            /apps/mtp/TPE16.0.2/axis2/axis2-1.7.8/lib/axis2-fastinfoset-1.7.8.jar
dd058000-dd05c000 r--s 00015000 08:10 4195687                            /apps/mtp/TPE16.0.2/axis2/axis2-1.7.8/lib/jaxb-api-2.2.6.jar
dd05c000-dd05d000 r--s 00005000 08:10 4195654                            /apps/mtp/TPE16.0.2/axis2/axis2-1.7.8/lib/axis2-ant-plugin-1.7.8.jar
dd05d000-dd06a000 r--s 000aa000 08:10 4195708                            /apps/mtp/TPE16.0.2/axis2/axis2-1.7.8/lib/httpclient-4.5.3.jar
dd06a000-dd07b000 r--s 00136000 08:10 4195663                            /apps/mtp/TPE16.0.2/axis2/axis2-1.7.8/lib/jalopy-1.5rc3.jar
dd07b000-dd07e000 r--s 00015000 08:10 4195675                            /apps/mtp/TPE16.0.2/axis2/axis2-1.7.8/lib/apache-mime4j-core-0.7.2.jar
dd07e000-dd07f000 ---p 00000000 00:00 0 
dd07f000-dd082000 ---p 00000000 00:00 0 
dd082000-dd0ff000 rw-p 00000000 00:00 0 
dd0ff000-dd102000 ---p 00000000 00:00 0 
dd102000-dd200000 rw-p 00000000 00:00 0 
dd200000-dd300000 rw-p 00000000 00:00 0 
dd300000-dd302000 r--s 00009000 08:10 4195621                            /apps/mtp/TPE16.0.2/axis2/axis2-1.7.8/lib/commons-cli-1.2.jar
dd302000-dd304000 r--s 0000b000 08:10 4195662                            /apps/mtp/TPE16.0.2/axis2/axis2-1.7.8/lib/axis2-transport-xmpp-1.7.8.jar
dd304000-dd30b000 r--s 00059000 08:10 4195624                            /apps/mtp/TPE16.0.2/axis2/axis2-1.7.8/lib/log4j-1.2.15.jar
dd30b000-dd30d000 r--s 00006000 08:10 4195679                            /apps/mtp/TPE16.0.2/axis2/axis2-1.7.8/lib/commons-codec-1.2.jar
dd30d000-dd310000 r--s 00017000 08:10 4195658                            /apps/mtp/TPE16.0.2/axis2/axis2-1.7.8/lib/axis2-transport-base-1.7.8.jar
dd310000-dd315000 r--s 00020000 08:10 4195677                            /apps/mtp/TPE16.0.2/axis2/axis2-1.7.8/lib/wsdl4j-1.6.2.jar
dd315000-dd317000 r--s 00006000 08:10 4195649                            /apps/mtp/TPE16.0.2/axis2/axis2-1.7.8/lib/geronimo-saaj_1.3_spec-1.0.1.jar
dd317000-dd319000 r--s 00007000 08:10 4195655                            /apps/mtp/TPE16.0.2/axis2/axis2-1.7.8/lib/mex-1.7.8-impl.jar
dd319000-dd31b000 r--s 00003000 08:10 4195686                            /apps/mtp/TPE16.0.2/axis2/axis2-1.7.8/lib/axiom-jaxb-1.2.20.jar
dd31b000-dd325000 r--s 00082000 08:10 4195676                            /apps/mtp/TPE16.0.2/axis2/axis2-1.7.8/lib/axiom-impl-1.2.20.jar
dd325000-dd32e000 r--s 00062000 08:10 4195650                            /apps/mtp/TPE16.0.2/axis2/axis2-1.7.8/lib/axis2-metadata-1.7.8.jar
dd32e000-dd330000 r--s 00007000 08:10 4195646                            /apps/mtp/TPE16.0.2/axis2/axis2-1.7.8/lib/axis2-soapmonitor-servlet-1.7.8.jar
dd330000-dd331000 r--s 00003000 08:10 4195614                            /apps/mtp/TPE16.0.2/axis2/axis2-1.7.8/lib/geronimo-jta_1.1_spec-1.1.jar
dd331000-dd333000 r--s 0000e000 08:10 4195659                            /apps/mtp/TPE16.0.2/axis2/axis2-1.7.8/lib/activation-1.1.jar
dd333000-dd335000 r--s 0000c000 08:10 4195682                            /apps/mtp/TPE16.0.2/axis2/axis2-1.7.8/lib/axis2-json-1.7.8.jar
dd335000-dd373000 r--s 0025d000 08:10 4195622                            /apps/mtp/TPE16.0.2/axis2/axis2-1.7.8/lib/xmlbeans-2.6.0.jar
dd373000-dd374000 r--s 00006000 08:10 4195660                            /apps/mtp/TPE16.0.2/axis2/axis2-1.7.8/lib/axis2-transport-tcp-1.7.8.jar
dd374000-dd376000 r--s 00006000 08:10 4195647                            /apps/mtp/TPE16.0.2/axis2/axis2-1.7.8/lib/axis2-jaxbri-1.7.8.jar
dd376000-dd378000 r--s 00004000 08:10 4195661                            /apps/mtp/TPE16.0.2/axis2/axis2-1.7.8/lib/axis2-transport-udp-1.7.8.jar
dd378000-dd37c000 r--s 00028000 08:10 4195684                            /apps/mtp/TPE16.0.2/axis2/axis2-1.7.8/lib/gson-2.1.jar
dd37c000-dd37e000 r--s 00012000 08:10 4195689                            /apps/mtp/TPE16.0.2/axis2/axis2-1.7.8/lib/axis2-transport-jms-1.7.8.jar
dd37e000-dd37f000 ---p 00000000 00:00 0 
dd37f000-dd382000 ---p 00000000 00:00 0 
dd382000-dd3ff000 rw-p 00000000 00:00 0 
dd3ff000-dd402000 ---p 00000000 00:00 0 
dd402000-dd500000 rw-p 00000000 00:00 0 
dd500000-dd5fb000 rw-p 00000000 00:00 0 
dd5fb000-dd600000 ---p 00000000 00:00 0 
dd600000-dd602000 r--s 0002b000 08:10 4195710                            /apps/mtp/TPE16.0.2/axis2/axis2-1.7.8/lib/axis2-adb-codegen-1.7.8.jar
dd602000-dd606000 r--s 00026000 08:10 4195617                            /apps/mtp/TPE16.0.2/axis2/axis2-1.7.8/lib/xmlschema-core-2.2.1.jar
dd606000-dd60c000 r--s 00070000 08:10 4195639                            /apps/mtp/TPE16.0.2/axis2/axis2-1.7.8/lib/woodstox-core-asl-4.2.0.jar
dd60c000-dd615000 r--s 00097000 08:10 4195620                            /apps/mtp/TPE16.0.2/axis2/axis2-1.7.8/lib/axis2-adb-1.7.8.jar
dd615000-dd616000 r--s 00007000 08:10 4195636                            /apps/mtp/TPE16.0.2/axis2/axis2-1.7.8/lib/axis2-java2wsdl-1.7.8.jar
dd616000-dd62c000 r--s 000fa000 08:10 4195648                            /apps/mtp/TPE16.0.2/axis2/axis2-1.7.8/lib/jaxb-impl-2.2.6.jar
dd62c000-dd62e000 r--s 00010000 08:10 4195640                            /apps/mtp/TPE16.0.2/axis2/axis2-1.7.8/lib/neethi-3.0.3.jar
dd62e000-dd631000 r--s 00013000 08:10 4195683                            /apps/mtp/TPE16.0.2/axis2/axis2-1.7.8/lib/jettison-1.3.8.jar
dd631000-dd637000 r--s 00033000 08:10 4195638                            /apps/mtp/TPE16.0.2/axis2/axis2-1.7.8/lib/jaxen-1.1.6.jar
dd637000-dd655000 r--s 0027d000 08:10 4195720                            /apps/mtp/TPE16.0.2/axis2/axis2-1.7.8/lib/xalan-2.7.0.jar
dd655000-dd656000 ---p 00000000 00:00 0 
dd656000-dd659000 ---p 00000000 00:00 0 
dd659000-dd6d6000 rw-p 00000000 00:00 0 
dd6d6000-dd6d7000 ---p 00000000 00:00 0 
dd6d7000-dd757000 rw-p 00000000 00:00 0 
dd757000-dd934000 r--s 03dd0000 fd:00 203051326                          /usr/java/jdk1.8.0_281-i586/jre/lib/rt.jar
dd934000-ddd7a000 rw-p 00000000 00:00 0 
ddd7a000-ddd80000 ---p 00000000 00:00 0 
ddd80000-de200000 rw-p 00000000 00:00 0 
de200000-de221000 rw-p 00000000 00:00 0 
de221000-de300000 ---p 00000000 00:00 0 
de300000-de301000 r--s 00003000 08:10 4195613                            /apps/mtp/TPE16.0.2/axis2/axis2-1.7.8/lib/geronimo-ws-metadata_2.0_spec-1.1.2.jar
de301000-de303000 r--s 00008000 08:10 4195712                            /apps/mtp/TPE16.0.2/axis2/axis2-1.7.8/lib/axis2-jibx-1.7.8.jar
de303000-de304000 r--s 00004000 08:10 4195653                            /apps/mtp/TPE16.0.2/axis2/axis2-1.7.8/lib/juli-6.0.16.jar
de304000-de306000 r--s 00003000 08:10 4195642                            /apps/mtp/TPE16.0.2/axis2/axis2-1.7.8/lib/axis2-transport-local-1.7.8.jar
de306000-de309000 r--s 00023000 08:10 4195656                            /apps/mtp/TPE16.0.2/axis2/axis2-1.7.8/lib/axis2-corba-1.7.8.jar
de309000-de30e000 r--s 00068000 08:10 4195623                            /apps/mtp/TPE16.0.2/axis2/axis2-1.7.8/lib/antlr-2.7.7.jar
de30e000-de310000 r--s 0000a000 08:10 4195618                            /apps/mtp/TPE16.0.2/axis2/axis2-1.7.8/lib/jsr311-api-1.1.1.jar
de310000-de313000 r--s 0000c000 08:10 4195717                            /apps/mtp/TPE16.0.2/axis2/axis2-1.7.8/lib/geronimo-jaxws_2.2_spec-1.0.jar
de313000-de318000 r--s 0003b000 08:10 4195709                            /apps/mtp/TPE16.0.2/axis2/axis2-1.7.8/lib/axis2-codegen-1.7.8.jar
de318000-de319000 r--s 00003000 08:10 4195657                            /apps/mtp/TPE16.0.2/axis2/axis2-1.7.8/lib/axis2-mtompolicy-1.7.8.jar
de319000-de322000 r--s 00053000 08:10 4195641                            /apps/mtp/TPE16.0.2/axis2/axis2-1.7.8/lib/woden-core-1.0M10.jar
de322000-de32d000 r--s 000c2000 08:10 4195643                            /apps/mtp/TPE16.0.2/axis2/axis2-1.7.8/lib/jaxws-tools-2.2.6.jar
de32d000-de330000 r--s 00025000 08:10 4195616                            /apps/mtp/TPE16.0.2/axis2/axis2-1.7.8/lib/commons-io-2.1.jar
de330000-de332000 r--s 00009000 08:10 4195690                            /apps/mtp/TPE16.0.2/axis2/axis2-1.7.8/lib/axis2-transport-mail-1.7.8.jar
de332000-de33e000 r--s 000a3000 08:10 4195681                            /apps/mtp/TPE16.0.2/axis2/axis2-1.7.8/lib/axiom-dom-1.2.20.jar
de33e000-de348000 r--s 0008c000 08:10 4195714                            /apps/mtp/TPE16.0.2/axis2/axis2-1.7.8/lib/bcel-findbugs-6.0.jar
de348000-de34e000 r--s 00059000 08:10 4195691                            /apps/mtp/TPE16.0.2/axis2/axis2-1.7.8/lib/mail-1.4.jar
de34e000-de350000 r--s 0000d000 08:10 4195637                            /apps/mtp/TPE16.0.2/axis2/axis2-1.7.8/lib/commons-logging-1.1.1.jar
de350000-de35e000 r--s 000aa000 08:10 4195715                            /apps/mtp/TPE16.0.2/axis2/axis2-1.7.8/lib/axis2-jaxws-1.7.8.jar
de35e000-de361000 r--s 00018000 08:10 4195651                            /apps/mtp/TPE16.0.2/axis2/axis2-1.7.8/lib/axis2-clustering-1.7.8.jar
de361000-de364000 r--s 0001d000 08:10 4195713                            /apps/mtp/TPE16.0.2/axis2/axis2-1.7.8/lib/jibx-run-1.2.jar
de364000-de36a000 r--s 00045000 08:10 4195680                            /apps/mtp/TPE16.0.2/axis2/axis2-1.7.8/lib/commons-httpclient-3.1.jar
de36a000-de372000 r--s 00048000 08:10 4195619                            /apps/mtp/TPE16.0.2/axis2/axis2-1.7.8/lib/httpcore-4.4.6.jar
de372000-de37f000 r--s 000ee000 08:10 4195707                            /apps/mtp/TPE16.0.2/axis2/axis2-1.7.8/lib/axis2-kernel-1.7.8.jar
de37f000-de380000 ---p 00000000 00:00 0 
de380000-de400000 rw-p 00000000 00:00 0 
de400000-de421000 rw-p 00000000 00:00 0 
de421000-de500000 ---p 00000000 00:00 0 
de500000-de503000 r--s 00028000 08:10 4195678                            /apps/mtp/TPE16.0.2/axis2/axis2-1.7.8/lib/axis2-transport-http-1.7.8.jar
de503000-de505000 r--s 00015000 08:10 4195718                            /apps/mtp/TPE16.0.2/axis2/axis2-1.7.8/lib/axis2-saaj-1.7.8.jar
de505000-de507000 r--s 00006000 08:10 4195674                            /apps/mtp/TPE16.0.2/axis2/axis2-1.7.8/lib/geronimo-stax-api_1.0_spec-1.0.1.jar
de507000-de509000 r--s 00006000 08:10 4195711                            /apps/mtp/TPE16.0.2/axis2/axis2-1.7.8/lib/axis2-xmlbeans-1.7.8.jar
de509000-de568000 r--s 003fa000 fd:00 68304477                           /opt/lib/cobol/NTT_DATA_COBOL_6.0/lib/dependencies/bcprov-jdk15on-162.jar
de568000-de57f000 r--s 00140000 fd:00 2469689                            /opt/lib/cobol/NTT_DATA_COBOL_6.0/lib/vcobol-runtime.jar
de57f000-de580000 ---p 00000000 00:00 0 
de580000-de600000 rw-p 00000000 00:00 0 
de600000-de621000 rw-p 00000000 00:00 0 
de621000-de700000 ---p 00000000 00:00 0 
de700000-de714000 r--s 000c1000 fd:00 68304476                           /opt/lib/cobol/NTT_DATA_COBOL_6.0/lib/dependencies/bcpkix-jdk15on-162.jar
de714000-de77d000 r-xp 00000000 fd:00 2469690                            /opt/lib/cobol/NTT_DATA_COBOL_6.0/native/lib/libvcobol.so
de77d000-de77e000 r--p 00068000 fd:00 2469690                            /opt/lib/cobol/NTT_DATA_COBOL_6.0/native/lib/libvcobol.so
de77e000-de77f000 rw-p 00069000 fd:00 2469690                            /opt/lib/cobol/NTT_DATA_COBOL_6.0/native/lib/libvcobol.so
de77f000-de780000 ---p 00000000 00:00 0 
de780000-de800000 rw-p 00000000 00:00 0 
de800000-de821000 rw-p 00000000 00:00 0 
de821000-de900000 ---p 00000000 00:00 0 
de900000-de90c000 r--s 00139000 fd:00 203033609                          /opt/software/sqljdbc_9.2/enu/mssql-jdbc-9.2.1.jre8.jar
de90c000-de90f000 r--s 00018000 fd:00 68304475                           /opt/lib/cobol/NTT_DATA_COBOL_6.0/lib/dependencies/bcmail-jdk15on-162.jar
de90f000-de911000 r-xp 00000000 08:10 4195225                            /apps/mtp/TPE16.0.2/lib/liblang_vcobol.so
de911000-de912000 r--p 00001000 08:10 4195225                            /apps/mtp/TPE16.0.2/lib/liblang_vcobol.so
de912000-de913000 rw-p 00002000 08:10 4195225                            /apps/mtp/TPE16.0.2/lib/liblang_vcobol.so
de913000-de914000 ---p 00000000 00:00 0 
de914000-de9aa000 rw-p 00000000 00:00 0 
de9aa000-de9bf000 ---p 00000000 00:00 0 
de9bf000-de9d5000 rw-p 00000000 00:00 0 
de9d5000-de9e9000 ---p 00000000 00:00 0 
de9e9000-de9f1000 rw-p 00000000 00:00 0 
de9f1000-de9ff000 ---p 00000000 00:00 0 
de9ff000-e14c0000 rw-p 00000000 00:00 0 
e14c0000-e3f80000 ---p 00000000 00:00 0 
e3f80000-e4c40000 rw-p 00000000 00:00 0 
e4c40000-e6a00000 ---p 00000000 00:00 0 
e6a00000-e6a01000 r--s 00007000 08:10 4195233                            /apps/mtp/TPE16.0.2/lib/transutil.jar
e6a01000-e6a05000 r--s 00075000 08:10 4195231                            /apps/mtp/TPE16.0.2/lib/kixsysapi.jar
e6a05000-e6a09000 r--s 00022000 08:10 4195232                            /apps/mtp/TPE16.0.2/lib/dfjcics.jar
e6a09000-e6a0a000 r--p 00000000 fd:00 134305719                          /usr/lib/locale/en_US/LC_NUMERIC
e6a0a000-e6a0b000 r--p 00000000 fd:00 134970732                          /usr/lib/locale/en_US/LC_TIME
e6a0b000-e6a11000 r--p 00000000 fd:00 134305715                          /usr/lib/locale/en_US/LC_COLLATE
e6a11000-e6a12000 r--p 00000000 fd:00 134970730                          /usr/lib/locale/en_US/LC_MONETARY
e6a12000-e6a13000 r--p 00000000 fd:00 67437872                           /usr/lib/locale/en_US/LC_MESSAGES/SYS_LC_MESSAGES
e6a13000-e6a14000 r--p 00000000 fd:00 134305723                          /usr/lib/locale/en_US/LC_PAPER
e6a14000-e6a15000 r--p 00000000 fd:00 134305724                          /usr/lib/locale/en_US/LC_NAME
e6a15000-e6a16000 r--p 00000000 fd:00 134305701                          /usr/lib/locale/en_US/LC_ADDRESS
e6a16000-e6a30000 rw-p 00000000 00:00 0 
e6a30000-e6dd6000 ---p 00000000 00:00 0 
e6dd6000-e7446000 rwxp 00000000 00:00 0 
e7446000-f5dd6000 ---p 00000000 00:00 0 
f5dd6000-f5df1000 r-xp 00000000 fd:00 137647970                          /usr/java/jdk1.8.0_281-i586/jre/lib/i386/libzip.so
f5df1000-f5df2000 r--p 0001a000 fd:00 137647970                          /usr/java/jdk1.8.0_281-i586/jre/lib/i386/libzip.so
f5df2000-f5df3000 rw-p 0001b000 fd:00 137647970                          /usr/java/jdk1.8.0_281-i586/jre/lib/i386/libzip.so
f5df3000-f5e1a000 r-xp 00000000 fd:00 137303138                          /usr/java/jdk1.8.0_281-i586/jre/lib/i386/libjava.so
f5e1a000-f5e1b000 r--p 00026000 fd:00 137303138                          /usr/java/jdk1.8.0_281-i586/jre/lib/i386/libjava.so
f5e1b000-f5e1c000 rw-p 00027000 fd:00 137303138                          /usr/java/jdk1.8.0_281-i586/jre/lib/i386/libjava.so
f5e1c000-f5e27000 r-xp 00000000 fd:00 137647969                          /usr/java/jdk1.8.0_281-i586/jre/lib/i386/libverify.so
f5e27000-f5e28000 ---p 0000b000 fd:00 137647969                          /usr/java/jdk1.8.0_281-i586/jre/lib/i386/libverify.so
f5e28000-f5e29000 r--p 0000b000 fd:00 137647969                          /usr/java/jdk1.8.0_281-i586/jre/lib/i386/libverify.so
f5e29000-f5e2a000 rw-p 0000c000 fd:00 137647969                          /usr/java/jdk1.8.0_281-i586/jre/lib/i386/libverify.so
f5e2a000-f5e2b000 ---p 00000000 00:00 0 
f5e2b000-f662b000 rw-p 00000000 00:00 0 
f662b000-f6637000 r-xp 00000000 fd:00 134927335                          /usr/lib/libnss_files-2.28.so
f6637000-f6638000 r--p 0000b000 fd:00 134927335                          /usr/lib/libnss_files-2.28.so
f6638000-f6639000 rw-p 0000c000 fd:00 134927335                          /usr/lib/libnss_files-2.28.so
f6639000-f663f000 rw-p 00000000 00:00 0 
f663f000-f6640000 r--p 00000000 fd:00 134970731                          /usr/lib/locale/en_US/LC_TELEPHONE
f6640000-f6641000 r--p 00000000 fd:00 134970729                          /usr/lib/locale/en_US/LC_MEASUREMENT
f6641000-f6644000 rw-p 00000000 00:00 0 
f6644000-f664c000 rw-s 00000000 fd:00 67116050                           /tmp/hsperfdata_mtpadmin/3349065
f664c000-f664d000 r-xp 00000000 08:10 4195246                            /apps/mtp/TPE16.0.2/lib/libkixpli.so
f664d000-f664e000 r--p 00000000 08:10 4195246                            /apps/mtp/TPE16.0.2/lib/libkixpli.so
f664e000-f664f000 rw-p 00001000 08:10 4195246                            /apps/mtp/TPE16.0.2/lib/libkixpli.so
f664f000-f6650000 r-xp 00000000 08:10 9045364                            /apps/test/mdoff/sys/local/bin/libkxtermexit.so
f6650000-f6651000 r--p 00000000 08:10 9045364                            /apps/test/mdoff/sys/local/bin/libkxtermexit.so
f6651000-f6652000 rw-p 00001000 08:10 9045364                            /apps/test/mdoff/sys/local/bin/libkxtermexit.so
f6652000-f6668000 r-xp 00000000 08:10 4195235                            /apps/mtp/TPE16.0.2/lib/libkxsecexit.so
f6668000-f6669000 r--p 00015000 08:10 4195235                            /apps/mtp/TPE16.0.2/lib/libkxsecexit.so
f6669000-f666a000 rw-p 00016000 08:10 4195235                            /apps/mtp/TPE16.0.2/lib/libkxsecexit.so
f666a000-f6670000 rw-p 00000000 00:00 0 
f6670000-f6672000 r-xp 00000000 08:10 4195223                            /apps/mtp/TPE16.0.2/lib/liblang_dyn.so
f6672000-f6673000 r--p 00001000 08:10 4195223                            /apps/mtp/TPE16.0.2/lib/liblang_dyn.so
f6673000-f6674000 rw-p 00002000 08:10 4195223                            /apps/mtp/TPE16.0.2/lib/liblang_dyn.so
f6674000-f667c000 r-xp 00000000 fd:00 134927338                          /usr/lib/librt-2.28.so
f667c000-f667d000 r--p 00007000 fd:00 134927338                          /usr/lib/librt-2.28.so
f667d000-f667e000 rw-p 00008000 fd:00 134927338                          /usr/lib/librt-2.28.so
f667e000-f667f000 r-xp 00000000 08:10 9045197                            /apps/test/mdoff/sys/local/bin/libkxrm.so
f667f000-f6680000 r--p 00000000 08:10 9045197                            /apps/test/mdoff/sys/local/bin/libkxrm.so
f6680000-f6681000 rw-p 00001000 08:10 9045197                            /apps/test/mdoff/sys/local/bin/libkxrm.so
f6681000-f6683000 rw-p 00000000 00:00 0 
f6683000-f668e000 r-xp 00000000 08:10 4195224                            /apps/mtp/TPE16.0.2/lib/libkxtm.so
f668e000-f668f000 r--p 0000a000 08:10 4195224                            /apps/mtp/TPE16.0.2/lib/libkxtm.so
f668f000-f6690000 rw-p 0000b000 08:10 4195224                            /apps/mtp/TPE16.0.2/lib/libkxtm.so
f6690000-f669e000 r-xp 00000000 08:10 4195230                            /apps/mtp/TPE16.0.2/lib/libkxtables.so
f669e000-f669f000 r--p 0000d000 08:10 4195230                            /apps/mtp/TPE16.0.2/lib/libkxtables.so
f669f000-f66a0000 rw-p 0000e000 08:10 4195230                            /apps/mtp/TPE16.0.2/lib/libkxtables.so
f66a0000-f66c0000 r-xp 00000000 fd:00 136722866                          /usr/lib/libcrypt.so.1.1.0
f66c0000-f66c1000 ---p 00020000 fd:00 136722866                          /usr/lib/libcrypt.so.1.1.0
f66c1000-f66c2000 r--p 00020000 fd:00 136722866                          /usr/lib/libcrypt.so.1.1.0
f66c2000-f66cb000 rw-p 00000000 00:00 0 
f66cb000-f66e7000 r-xp 00000000 fd:00 134927336                          /usr/lib/libpthread-2.28.so
f66e7000-f66e8000 r--p 0001b000 fd:00 134927336                          /usr/lib/libpthread-2.28.so
f66e8000-f66e9000 rw-p 0001c000 fd:00 134927336                          /usr/lib/libpthread-2.28.so
f66e9000-f66eb000 rw-p 00000000 00:00 0 
f66eb000-f67bb000 r-xp 00000000 fd:00 134927333                          /usr/lib/libm-2.28.so
f67bb000-f67bc000 r--p 000cf000 fd:00 134927333                          /usr/lib/libm-2.28.so
f67bc000-f67bd000 rw-p 000d0000 fd:00 134927333                          /usr/lib/libm-2.28.so
f67bd000-f67c0000 r-xp 00000000 fd:00 134927332                          /usr/lib/libdl-2.28.so
f67c0000-f67c1000 r--p 00002000 fd:00 134927332                          /usr/lib/libdl-2.28.so
f67c1000-f67c2000 rw-p 00003000 fd:00 134927332                          /usr/lib/libdl-2.28.so
f67c2000-f6963000 r-xp 00000000 fd:00 134838598                          /usr/lib/libc-2.28.so
f6963000-f6964000 ---p 001a1000 fd:00 134838598                          /usr/lib/libc-2.28.so
f6964000-f6966000 r--p 001a1000 fd:00 134838598                          /usr/lib/libc-2.28.so
f6966000-f6967000 rw-p 001a3000 fd:00 134838598                          /usr/lib/libc-2.28.so
f6967000-f696a000 rw-p 00000000 00:00 0 
f696a000-f696b000 r--p 00000000 fd:00 134305702                          /usr/lib/locale/en_US/LC_IDENTIFICATION
f696b000-f696c000 rw-p 00000000 00:00 0 
f696c000-f696d000 r-xp 00000000 08:10 9045308                            /apps/test/mdoff/sys/local/bin/libkxsockexit.so
f696d000-f696e000 r--p 00000000 08:10 9045308                            /apps/test/mdoff/sys/local/bin/libkxsockexit.so
f696e000-f696f000 rw-p 00001000 08:10 9045308                            /apps/test/mdoff/sys/local/bin/libkxsockexit.so
f696f000-f6971000 r-xp 00000000 08:10 9045255                            /apps/test/mdoff/sys/local/bin/libkxiscexit.so
f6971000-f6972000 r--p 00001000 08:10 9045255                            /apps/test/mdoff/sys/local/bin/libkxiscexit.so
f6972000-f6973000 rw-p 00002000 08:10 9045255                            /apps/test/mdoff/sys/local/bin/libkxiscexit.so
f6973000-f6975000 r-xp 00000000 08:10 9045228                            /apps/test/mdoff/sys/local/bin/libkxconvexit.so
f6975000-f6976000 r--p 00001000 08:10 9045228                            /apps/test/mdoff/sys/local/bin/libkxconvexit.so
f6976000-f6977000 rw-p 00002000 08:10 9045228                            /apps/test/mdoff/sys/local/bin/libkxconvexit.so
f6977000-f6c3e000 r-xp 00000000 08:10 4195270                            /apps/mtp/TPE16.0.2/lib/libunikixtran.so
f6c3e000-f6c3f000 r--p 002c6000 08:10 4195270                            /apps/mtp/TPE16.0.2/lib/libunikixtran.so
f6c3f000-f6c5c000 rw-p 002c7000 08:10 4195270                            /apps/mtp/TPE16.0.2/lib/libunikixtran.so
f6c5c000-f6ec4000 rw-p 00000000 00:00 0 
f6ec4000-f7a47000 r-xp 00000000 fd:00 68223427                           /usr/java/jdk1.8.0_281-i586/jre/lib/i386/server/libjvm.so
f7a47000-f7a48000 ---p 00b83000 fd:00 68223427                           /usr/java/jdk1.8.0_281-i586/jre/lib/i386/server/libjvm.so
f7a48000-f7a8f000 r--p 00b83000 fd:00 68223427                           /usr/java/jdk1.8.0_281-i586/jre/lib/i386/server/libjvm.so
f7a8f000-f7aac000 rw-p 00bca000 fd:00 68223427                           /usr/java/jdk1.8.0_281-i586/jre/lib/i386/server/libjvm.so
f7aac000-f7ed1000 rw-p 00000000 00:00 0 
f7ed1000-f7ed3000 r-xp 00000000 fd:00 137303152                          /usr/java/jdk1.8.0_281-i586/jre/lib/i386/libjsig.so
f7ed3000-f7ed4000 r--p 00001000 fd:00 137303152                          /usr/java/jdk1.8.0_281-i586/jre/lib/i386/libjsig.so
f7ed4000-f7ed5000 rw-p 00002000 fd:00 137303152                          /usr/java/jdk1.8.0_281-i586/jre/lib/i386/libjsig.so
f7ed5000-f7ed8000 rw-p 00000000 00:00 0 
f7ed8000-f7edc000 r--p 00000000 00:00 0                                  [vvar]
f7edc000-f7ede000 r-xp 00000000 00:00 0                                  [vdso]
f7ede000-f7f0a000 r-xp 00000000 fd:00 134306756                          /usr/lib/ld-2.28.so
f7f0a000-f7f0b000 r--p 00000000 00:00 0 
f7f0b000-f7f0c000 r--p 0002c000 fd:00 134306756                          /usr/lib/ld-2.28.so
f7f0c000-f7f0d000 rw-p 0002d000 fd:00 134306756                          /usr/lib/ld-2.28.so
ff907000-ff90a000 ---p 00000000 00:00 0 
ff90a000-ffa07000 rw-p 00000000 00:00 0                                  [stack]

VM Arguments:
jvm_args: -Dvcobol.jdbc.autocommit=false -Dvcobol.runtime.compile_flags.mandatory= -Dvcobol.runtime.compile_flags.prohibited=-d64 -Xrs -Xss1M -DKIXSYS=/apps/test/mdoff/sys -DKIXPROGS=/apps/test/mdoff/exe/onl:/apps/prod/cid1p/exe/onl -DUNIKIX=/apps/mtp/mtp -Xmx128m -Dvcobol.jdbc.driver=com.microsoft.sqlserver.jdbc.SQLServerDriver -Dvcobol.jdbc.url=jdbc:sqlserver://hov-tstdb01.cso.local:1433;databaseName= -Dvcobol.jdbc.autocommit=False -Djava.library.path=/apps/mtp/mtp/lib:/opt/lib/cobol/NTT_DATA_COBOL_6.0/native/lib/ exit abort 
java_command: <unknown>
java_class_path (initial): /apps/mtp/mtp/lib/dfjcics.jar:/apps/mtp/mtp/lib/kixsysapi.jar:/apps/mtp/mtp/lib/transMQJMS.jar:/apps/mtp/mtp/lib/transutil.jar:/opt/lib/cobol/NTT_DATA_COBOL_6.0/lib/vcobol-runtime.jar:/apps/test/mdoff/sys/local/bin:/apps/mtp/mtp/local/bin:/apps/test/mdoff/exe/onl:/apps/prod/cid1p/exe/onl:/opt/software/sqljdbc/enu/mssql-jdbc-9.2.1.jre8.jar:/apps/mtp/mtp/axis2/current/lib/axis2-xmlbeans-1.7.8.jar:/apps/mtp/mtp/axis2/current/lib/axis2-kernel-1.7.8.jar:/apps/mtp/mtp/axis2/current/lib/geronimo-stax-api_1.0_spec-1.0.1.jar:/apps/mtp/mtp/axis2/current/lib/axis2-saaj-1.7.8.jar:/apps/mtp/mtp/axis2/current/lib/httpcore-4.4.6.jar:/apps/mtp/mtp/axis2/current/lib/commons-httpclient-3.1.jar:/apps/mtp/mtp/axis2/current/lib/axis2-transport-http-1.7.8.jar:/apps/mtp/mtp/axis2/current/lib/jibx-run-1.2.jar:/apps/mtp/mtp/axis2/current/lib/axis2-clustering-1.7.8.jar:/apps/mtp/mtp/axis2/current/lib/axis2-jaxws-1.7.8.jar:/apps/mtp/mtp/axis2/current/lib/commons-logging-1.1.1.jar:/apps/mtp/mtp/axis2/current/lib/mail-1.4.jar:/apps/mtp/mtp/axis2/current/lib/bcel-findbugs-6.0.jar:/apps/mtp/mtp/axis2/current/lib/axiom-dom-1.2.20.jar:/apps/mtp/mtp/axis2/current/lib/axis2-transport-mail-1.7.8.jar:/apps/mtp/mtp/axis2/current/lib/commons-io-2.1.jar:/apps/mtp/mtp/axis2/current/lib/jaxws-tools-2.2.6.jar:/apps/mtp/mtp/axis2/current/lib/woden-core-1.0M10.jar:/apps/mtp/mtp/axis2/current/lib/xalan-2.7.0.jar:/apps/mtp/mtp/axis2/current/lib/axis2-mtompolicy-1.7.8.jar:/apps/mtp/mtp/axis2/current/lib/axis2-codegen-1.7.8.jar:/apps/mtp/mtp/axis2/current/lib/geronimo-jaxws_2.2_spec-1.0.jar:/apps/mtp/mtp/axis2/current/lib/jsr311-api-1.1.1.jar:/apps/mtp/mtp/axis2/current/lib/antlr-2.7.7.jar:/apps/mtp/mtp/axis2/current/lib/axis2-corba-1.7.8.jar:/apps/mtp/mtp/axis2/current/lib/axis2-transport-local-1.7.8.jar:/apps/mtp/mtp/axis2/current/lib/juli-6.0.16.jar:/apps/mtp/mtp/axis2/current/lib/axis2-jibx-1.7.8.jar:/apps/mtp/mtp/axis2/current/lib/geronimo-ws-metadata_2.0_spec-1.1.2.jar:/apps/mtp/
Launcher Type: generic

Environment Variables:
PATH=/usr/java/default/bin:/apps/test/mdoff/sys/local/bin:/apps/mtp/mtp/bin:/usr/bin:/bin
LD_LIBRARY_PATH=/apps/test/mdoff/sys/local/bin:/apps/mtp/mtp/lib:/opt/lib/cobol/NTT_DATA_COBOL_6.0/native/lib:/usr/java/default/jre/lib/i386/server:/usr/java/default/jre/lib/i386

Signal Handlers:
SIGSEGV: [libjvm.so+0x94a910], sa_mask[0]=11111111111111111111111111111110, sa_flags=SA_RESTART|SA_SIGINFO
SIGBUS: [libjvm.so+0x94a910], sa_mask[0]=11111111111111111111111111111110, sa_flags=SA_SIGINFO
SIGFPE: [libunikixtran.so+0x256f8b], sa_mask[0]=11111111111111111111111111111110, sa_flags=SA_SIGINFO
SIGPIPE: SIG_IGN, sa_mask[0]=11111111111111111111111111111110, sa_flags=SA_SIGINFO
SIGXFSZ: SIG_DFL, sa_mask[0]=11111111111111111111111111111110, sa_flags=SA_SIGINFO
SIGILL: [libunikixtran.so+0x256f8b], sa_mask[0]=11111111111111111111111111111110, sa_flags=SA_SIGINFO
SIGUSR1: [libunikixtran.so+0x256f8b], sa_mask[0]=11111111011111111101111111111110, sa_flags=SA_SIGINFO
SIGUSR2: [libunikixtran.so+0x256f8b], sa_mask[0]=11111111011111111101111111111110, sa_flags=SA_RESTART|SA_SIGINFO
SIGHUP: [libunikixtran.so+0x256f8b], sa_mask[0]=11111111011111111101111111111110, sa_flags=SA_SIGINFO
SIGINT: [libunikixtran.so+0x256f8b], sa_mask[0]=11111111011111111101111111111110, sa_flags=SA_SIGINFO
SIGTERM: [libunikixtran.so+0x256f8b], sa_mask[0]=11111111011111111101111111111110, sa_flags=SA_SIGINFO
SIGQUIT: [libunikixtran.so+0x256f8b], sa_mask[0]=11111111011111111101111111111110, sa_flags=SA_SIGINFO


---------------  S Y S T E M  ---------------

OS:Red Hat Enterprise Linux release 8.5 (Ootpa)

uname:Linux 4.18.0-348.20.1.el8_5.x86_64 #1 SMP Tue Mar 8 12:56:54 EST 2022 x86_64
libc:glibc 2.28 NPTL 2.28 
rlimit: STACK 8192k, CORE infinity, NPROC 63093, NOFILE 262144, AS infinity
load average:0.06 0.05 0.00

/proc/meminfo:
MemTotal:       16211440 kB
MemFree:        12320420 kB
MemAvailable:   13983712 kB
Buffers:           93940 kB
Cached:          1800628 kB
SwapCached:            0 kB
Active:           961676 kB
Inactive:        2325124 kB
Active(anon):       2432 kB
Inactive(anon):  1513760 kB
Active(file):     959244 kB
Inactive(file):   811364 kB
Unevictable:           0 kB
Mlocked:               0 kB
SwapTotal:       8273916 kB
SwapFree:        8273916 kB
Dirty:               132 kB
Writeback:             0 kB
AnonPages:       1362572 kB
Mapped:           391384 kB
Shmem:            123956 kB
KReclaimable:     230324 kB
Slab:             326808 kB
SReclaimable:     230324 kB
SUnreclaim:        96484 kB
KernelStack:       11520 kB
PageTables:        33036 kB
NFS_Unstable:          0 kB
Bounce:                0 kB
WritebackTmp:          0 kB
CommitLimit:    16379636 kB
Committed_AS:    5896176 kB
VmallocTotal:   34359738367 kB
VmallocUsed:           0 kB
VmallocChunk:          0 kB
Percpu:             5792 kB
HardwareCorrupted:     0 kB
AnonHugePages:    524288 kB
ShmemHugePages:        0 kB
ShmemPmdMapped:        0 kB
FileHugePages:         0 kB
FilePmdMapped:         0 kB
HugePages_Total:       0
HugePages_Free:        0
HugePages_Rsvd:        0
HugePages_Surp:        0
Hugepagesize:       2048 kB
Hugetlb:               0 kB
DirectMap4k:      324976 kB
DirectMap2M:     8062976 kB
DirectMap1G:    10485760 kB

container (cgroup) information:
container_type: cgroupv1
cpu_cpuset_cpus: 0-3
cpu_memory_nodes: 0
active_processor_count: 4
cpu_quota: -1
cpu_period: 100000
cpu_shares: -1
memory_limit_in_bytes: -1
memory_and_swap_limit_in_bytes: -1
memory_soft_limit_in_bytes: -1
memory_usage_in_bytes: 1508143104
memory_max_usage_in_bytes: 1563791360


CPU:total 4 (initial active 4) (2 cores per cpu, 1 threads per core) family 6 model 85 stepping 4, cmov, cx8, fxsr, mmx, sse, sse2, sse3, ssse3, sse4.1, sse4.2, popcnt, avx, avx2, aes, clmul, erms, 3dnowpref, lzcnt, tsc, tscinvbit, bmi1, bmi2, adx

/proc/cpuinfo:
processor	: 0
vendor_id	: GenuineIntel
cpu family	: 6
model		: 85
model name	: Intel(R) Xeon(R) Gold 6154 CPU @ 3.00GHz
stepping	: 4
microcode	: 0x2006c0a
cpu MHz		: 2992.968
cache size	: 25344 KB
physical id	: 0
siblings	: 2
core id		: 0
cpu cores	: 2
apicid		: 0
initial apicid	: 0
fpu		: yes
fpu_exception	: yes
cpuid level	: 22
wp		: yes
flags		: fpu vme de pse tsc msr pae mce cx8 apic sep mtrr pge mca cmov pat pse36 clflush mmx fxsr sse sse2 ss ht syscall nx pdpe1gb rdtscp lm constant_tsc arch_perfmon nopl xtopology tsc_reliable nonstop_tsc cpuid pni pclmulqdq ssse3 fma cx16 pcid sse4_1 sse4_2 x2apic movbe popcnt tsc_deadline_timer aes xsave avx f16c rdrand hypervisor lahf_lm abm 3dnowprefetch cpuid_fault invpcid_single pti ssbd ibrs ibpb stibp fsgsbase tsc_adjust bmi1 avx2 smep bmi2 invpcid avx512f avx512dq rdseed adx smap clflushopt clwb avx512cd avx512bw avx512vl xsaveopt xsavec xsaves arat pku ospke md_clear flush_l1d arch_capabilities
bugs		: cpu_meltdown spectre_v1 spectre_v2 spec_store_bypass l1tf mds swapgs itlb_multihit
bogomips	: 5985.93
clflush size	: 64
cache_alignment	: 64
address sizes	: 43 bits physical, 48 bits virtual
power management:

processor	: 1
vendor_id	: GenuineIntel
cpu family	: 6
model		: 85
model name	: Intel(R) Xeon(R) Gold 6154 CPU @ 3.00GHz
stepping	: 4
microcode	: 0x2006c0a
cpu MHz		: 2992.968
cache size	: 25344 KB
physical id	: 0
siblings	: 2
core id		: 1
cpu cores	: 2
apicid		: 1
initial apicid	: 1
fpu		: yes
fpu_exception	: yes
cpuid level	: 22
wp		: yes
flags		: fpu vme de pse tsc msr pae mce cx8 apic sep mtrr pge mca cmov pat pse36 clflush mmx fxsr sse sse2 ss ht syscall nx pdpe1gb rdtscp lm constant_tsc arch_perfmon nopl xtopology tsc_reliable nonstop_tsc cpuid pni pclmulqdq ssse3 fma cx16 pcid sse4_1 sse4_2 x2apic movbe popcnt tsc_deadline_timer aes xsave avx f16c rdrand hypervisor lahf_lm abm 3dnowprefetch cpuid_fault invpcid_single pti ssbd ibrs ibpb stibp fsgsbase tsc_adjust bmi1 avx2 smep bmi2 invpcid avx512f avx512dq rdseed adx smap clflushopt clwb avx512cd avx512bw avx512vl xsaveopt xsavec xsaves arat pku ospke md_clear flush_l1d arch_capabilities
bugs		: cpu_meltdown spectre_v1 spectre_v2 spec_store_bypass l1tf mds swapgs itlb_multihit
bogomips	: 5985.93
clflush size	: 64
cache_alignment	: 64
address sizes	: 43 bits physical, 48 bits virtual
power management:

processor	: 2
vendor_id	: GenuineIntel
cpu family	: 6
model		: 85
model name	: Intel(R) Xeon(R) Gold 6154 CPU @ 3.00GHz
stepping	: 4
microcode	: 0x2006c0a
cpu MHz		: 2992.968
cache size	: 25344 KB
physical id	: 1
siblings	: 2
core id		: 0
cpu cores	: 2
apicid		: 2
initial apicid	: 2
fpu		: yes
fpu_exception	: yes
cpuid level	: 22
wp		: yes
flags		: fpu vme de pse tsc msr pae mce cx8 apic sep mtrr pge mca cmov pat pse36 clflush mmx fxsr sse sse2 ss ht syscall nx pdpe1gb rdtscp lm constant_tsc arch_perfmon nopl xtopology tsc_reliable nonstop_tsc cpuid pni pclmulqdq ssse3 fma cx16 pcid sse4_1 sse4_2 x2apic movbe popcnt tsc_deadline_timer aes xsave avx f16c rdrand hypervisor lahf_lm abm 3dnowprefetch cpuid_fault invpcid_single pti ssbd ibrs ibpb stibp fsgsbase tsc_adjust bmi1 avx2 smep bmi2 invpcid avx512f avx512dq rdseed adx smap clflushopt clwb avx512cd avx512bw avx512vl xsaveopt xsavec xsaves arat pku ospke md_clear flush_l1d arch_capabilities
bugs		: cpu_meltdown spectre_v1 spectre_v2 spec_store_bypass l1tf mds swapgs itlb_multihit
bogomips	: 5985.93
clflush size	: 64
cache_alignment	: 64
address sizes	: 43 bits physical, 48 bits virtual
power management:

processor	: 3
vendor_id	: GenuineIntel
cpu family	: 6
model		: 85
model name	: Intel(R) Xeon(R) Gold 6154 CPU @ 3.00GHz
stepping	: 4
microcode	: 0x2006c0a
cpu MHz		: 2992.968
cache size	: 25344 KB
physical id	: 1
siblings	: 2
core id		: 1
cpu cores	: 2
apicid		: 3
initial apicid	: 3
fpu		: yes
fpu_exception	: yes
cpuid level	: 22
wp		: yes
flags		: fpu vme de pse tsc msr pae mce cx8 apic sep mtrr pge mca cmov pat pse36 clflush mmx fxsr sse sse2 ss ht syscall nx pdpe1gb rdtscp lm constant_tsc arch_perfmon nopl xtopology tsc_reliable nonstop_tsc cpuid pni pclmulqdq ssse3 fma cx16 pcid sse4_1 sse4_2 x2apic movbe popcnt tsc_deadline_timer aes xsave avx f16c rdrand hypervisor lahf_lm abm 3dnowprefetch cpuid_fault invpcid_single pti ssbd ibrs ibpb stibp fsgsbase tsc_adjust bmi1 avx2 smep bmi2 invpcid avx512f avx512dq rdseed adx smap clflushopt clwb avx512cd avx512bw avx512vl xsaveopt xsavec xsaves arat pku ospke md_clear flush_l1d arch_capabilities
bugs		: cpu_meltdown spectre_v1 spectre_v2 spec_store_bypass l1tf mds swapgs itlb_multihit
bogomips	: 5985.93
clflush size	: 64
cache_alignment	: 64
address sizes	: 43 bits physical, 48 bits virtual
power management:



Memory: 4k page, physical 16211440k(12320420k free), swap 8273916k(8273916k free)

vm_info: Java HotSpot(TM) Server VM (25.281-b09) for linux-x86 JRE (1.8.0_281-b09), built on Dec  9 2020 12:36:01 by "java_re" with gcc 7.3.0

time: Thu Apr 14 02:19:20 2022
timezone: CDT
elapsed time: 56658.353591 seconds (0d 15h 44m 18s)

