#
# A fatal error has been detected by the Java Runtime Environment:
#
#  SIGSEGV (0xb) at pc=0xf6bbff87, pid=271739, tid=0xf670a700
#
# JRE version: Java(TM) SE Runtime Environment (8.0_281-b09) (build 1.8.0_281-b09)
# Java VM: Java HotSpot(TM) Server VM (25.281-b09 mixed mode linux-x86 )
# Problematic frame:
# C  [libunikixtran.so+0x1acf87]  abend+0x68
#
# Core dump written. Default location: /apps/test/mdoff/sys/core or core.271739
#
# If you would like to submit a bug report, please visit:
#   http://bugreport.java.com/bugreport/crash.jsp
# The crash happened outside the Java Virtual Machine in native code.
# See problematic frame for where to report the bug.
#

---------------  T H R E A D  ---------------

Current thread (0x09dba400):  JavaThread "main" [_thread_in_native, id=271739, stack(0xffdd8000,0xffed8000)]

siginfo: si_signo: 11 (SIGSEGV), si_code: 1 (SEGV_MAPERR), si_addr: 0x00000014

Registers:
EAX=0x00000000, EBX=0xf6f4d360, ECX=0x00000000, EDX=0x14063000
ESP=0xffecb9a0, EBP=0x00000001, ESI=0xffecba46, EDI=0x4f420b40
EIP=0xf6bbff87, EFLAGS=0x00010246, CR2=0x00000014

Top of Stack: (sp=0xffecb9a0)
0xffecb9a0:   00063000 00000000 00000020 00000002
0xffecb9b0:   00000020 f7ae8b5c 0000000c f74df59c
0xffecb9c0:   f7b2b000 09dba400 ffecba08 f74e2512
0xffecb9d0:   09dba538 f7b2b000 ffecba08 f74e255f
0xffecb9e0:   00000000 0000000c ffecb928 00000000
0xffecb9f0:   00000000 4f420b40 00000001 f6ba2d8d
0xffecba00:   00021085 00000000 00000000 00000000
0xffecba10:   00000200 09ebdcc8 0a40aec4 de97dff4 

Instructions: (pc=0xf6bbff87)
0xf6bbff67:   00 00 83 b8 c0 02 00 00 00 74 0c c7 04 24 8b 1f
0xf6bbff77:   ca f6 e8 8f fa 06 00 c6 43 03 0c a1 64 d0 f4 f6
0xf6bbff87:   8b 50 14 89 93 b4 00 00 00 8b 40 18 89 83 b8 00
0xf6bbff97:   00 00 80 7e 02 41 75 7f 8b 84 24 98 00 00 00 89 

Register to memory mapping:

EAX=0x00000000 is an unknown value
EBX=0xf6f4d360: xtcb+0 in /apps/mtp/mtp/lib/libunikixtran.so at 0xf6a13000
ECX=0x00000000 is an unknown value
EDX=0x14063000 is an unknown value
ESP=0xffecb9a0 is pointing into the stack for thread: 0x09dba400
EBP=0x00000001 is an unknown value
ESI=0xffecba46 is pointing into the stack for thread: 0x09dba400
EDI=0x4f420b40 is an unknown value


Stack: [0xffdd8000,0xffed8000],  sp=0xffecb9a0,  free space=974k
Native frames: (J=compiled Java code, j=interpreted, Vv=VM code, C=native code)
C  [libunikixtran.so+0x1acf87]  abend+0x68


---------------  P R O C E S S  ---------------

Java Threads: ( => current thread )
  0x0a005400 JavaThread "Service Thread" daemon [_thread_blocked, id=272052, stack(0xdccfe000,0xdcdff000)]
  0x0a002000 JavaThread "C1 CompilerThread2" daemon [_thread_blocked, id=272050, stack(0xdd07f000,0xdd0ff000)]
  0x0a000c00 JavaThread "C2 CompilerThread1" daemon [_thread_blocked, id=272049, stack(0xdd37f000,0xdd3ff000)]
  0x09ffec00 JavaThread "C2 CompilerThread0" daemon [_thread_blocked, id=272046, stack(0xdd656000,0xdd6d6000)]
  0x09ffd400 JavaThread "Attach Listener" daemon [_thread_blocked, id=272044, stack(0xdcdff000,0xdcf00000)]
  0x09fe3000 JavaThread "Finalizer" daemon [_thread_blocked, id=272038, stack(0xdd0ff000,0xdd200000)]
  0x09fe0000 JavaThread "Reference Handler" daemon [_thread_blocked, id=272032, stack(0xdd3ff000,0xdd500000)]
=>0x09dba400 JavaThread "main" [_thread_in_native, id=271739, stack(0xffdd8000,0xffed8000)]

Other Threads:
  0x09fda400 VMThread [stack: 0xdd6d7000,0xdd757000] [id=272027]
  0x0a007400 WatcherThread [stack: 0xdcc7e000,0xdccfe000] [id=272059]

VM state:not at safepoint (normal execution)

VM Mutex/Monitor currently owned by a thread: None

Heap:
 PSYoungGen      total 19200K, used 9319K [0xe3f80000, 0xe54c0000, 0xe6a00000)
  eden space 16640K, 56% used [0xe3f80000,0xe4899d38,0xe4fc0000)
  from space 2560K, 0% used [0xe5240000,0xe5240000,0xe54c0000)
  to   space 2560K, 0% used [0xe4fc0000,0xe4fc0000,0xe5240000)
 ParOldGen       total 43776K, used 0K [0xdea00000, 0xe14c0000, 0xe3f80000)
  object space 43776K, 0% used [0xdea00000,0xdea00000,0xe14c0000)
 Metaspace       used 4335K, capacity 4504K, committed 4504K, reserved 5424K

Card table byte_map: [0xe6a71000,0xe6ab2000] byte_map_base: 0xe637c000

Marking Bits: (ParMarkBitMap*) 0xf7b5be60
 Begin Bits: [0xdde00000, 0xde000000)
 End Bits:   [0xde000000, 0xde200000)

Polling page: 0xf7fa6000

CodeCache: size=245760Kb used=1278Kb max_used=1278Kb free=244481Kb
 bounds [0xe6e72000, 0xe70b2000, 0xf5e72000]
 total_blobs=593 nmethods=408 adapters=99
 compilation: enabled

Compilation events (10 events):
Event: 0.931 Thread 0x0a002000 nmethod 396 0xe6faf988 code [0xe6fafb00, 0xe6fb0078]
Event: 0.931 Thread 0x0a002000  404  s    3       java.lang.StringBuffer::toString (36 bytes)
Event: 0.931 Thread 0x0a002000 nmethod 404 0xe6fb0208 code [0xe6fb0360, 0xe6fb06cc]
Event: 0.931 Thread 0x0a002000  393   !   3       java.util.zip.Inflater::needsDictionary (19 bytes)
Event: 0.931 Thread 0x0a002000 nmethod 393 0xe6fb0808 code [0xe6fb0940, 0xe6fb0ba0]
Event: 0.931 Thread 0x0a002000  401       1       java.util.Hashtable$Entry::getKey (5 bytes)
Event: 0.931 Thread 0x0a002000 nmethod 401 0xe6fb0c48 code [0xe6fb0d40, 0xe6fb0de0]
Event: 0.931 Thread 0x0a002000  402       1       java.util.Hashtable$Entry::getValue (5 bytes)
Event: 0.931 Thread 0x0a002000 nmethod 402 0xe6fb0e48 code [0xe6fb0f40, 0xe6fb0fe0]
Event: 0.940 Thread 0x0a002000  409       3       java.util.zip.ZipFile::access$1300 (5 bytes)

GC Heap History (0 events):
No events

Deoptimization events (1 events):
Event: 0.619 Thread 0x09dba400 Uncommon trap: reason=unstable_if action=reinterpret pc=0xe6f2def4 method=java.lang.CharacterDataLatin1.digit(II)I @ 82

Classes redefined (0 events):
No events

Internal exceptions (10 events):
Event: 0.417 Thread 0x09dba400 Exception <a 'java/security/PrivilegedActionException'> (0xe43c65e8) thrown at [/scratch/jenkins/workspace/8-2-build-linux-i586/jdk8u281/880/hotspot/src/share/vm/prims/jvm.cpp, line 1512]
Event: 0.417 Thread 0x09dba400 Exception <a 'java/security/PrivilegedActionException'> (0xe43c67e8) thrown at [/scratch/jenkins/workspace/8-2-build-linux-i586/jdk8u281/880/hotspot/src/share/vm/prims/jvm.cpp, line 1512]
Event: 0.417 Thread 0x09dba400 Exception <a 'java/security/PrivilegedActionException'> (0xe43c7248) thrown at [/scratch/jenkins/workspace/8-2-build-linux-i586/jdk8u281/880/hotspot/src/share/vm/prims/jvm.cpp, line 1512]
Event: 0.417 Thread 0x09dba400 Exception <a 'java/security/PrivilegedActionException'> (0xe43c7448) thrown at [/scratch/jenkins/workspace/8-2-build-linux-i586/jdk8u281/880/hotspot/src/share/vm/prims/jvm.cpp, line 1512]
Event: 0.418 Thread 0x09dba400 Exception <a 'java/security/PrivilegedActionException'> (0xe43c7ea8) thrown at [/scratch/jenkins/workspace/8-2-build-linux-i586/jdk8u281/880/hotspot/src/share/vm/prims/jvm.cpp, line 1512]
Event: 0.418 Thread 0x09dba400 Exception <a 'java/security/PrivilegedActionException'> (0xe43c80a8) thrown at [/scratch/jenkins/workspace/8-2-build-linux-i586/jdk8u281/880/hotspot/src/share/vm/prims/jvm.cpp, line 1512]
Event: 0.598 Thread 0x09dba400 Exception <a 'java/lang/NoSuchFieldError': method resolution failed> (0xe44d1350) thrown at [/scratch/jenkins/workspace/8-2-build-linux-i586/jdk8u281/880/hotspot/src/share/vm/prims/methodHandles.cpp, line 1169]
Event: 0.599 Thread 0x09dba400 Exception <a 'java/lang/NoSuchFieldError': method resolution failed> (0xe44dd4d0) thrown at [/scratch/jenkins/workspace/8-2-build-linux-i586/jdk8u281/880/hotspot/src/share/vm/prims/methodHandles.cpp, line 1169]
Event: 0.623 Thread 0x09dba400 Exception <a 'java/io/FileNotFoundException'> (0xe4556000) thrown at [/scratch/jenkins/workspace/8-2-build-linux-i586/jdk8u281/880/hotspot/src/share/vm/prims/jni.cpp, line 710]
Event: 0.625 Thread 0x09dba400 Exception <a 'java/io/FileNotFoundException'> (0xe45885b8) thrown at [/scratch/jenkins/workspace/8-2-build-linux-i586/jdk8u281/880/hotspot/src/share/vm/prims/jni.cpp, line 710]

Events (10 events):
Event: 0.963 loading class KXCALLKIX
Event: 0.963 loading class KXCALLKIX done
Event: 0.963 loading class java/net/URI
Event: 0.964 loading class java/net/URI done
Event: 0.964 loading class java/net/URI$Parser
Event: 0.964 loading class java/net/URI$Parser done
Event: 0.964 loading class KXCALLKIX
Event: 0.964 loading class KXCALLKIX done
Event: 0.964 loading class kxcallkix
Event: 0.964 loading class kxcallkix done


Dynamic libraries:
08048000-08049000 r-xp 00000000 08:10 4194405                            /apps/mtp/TPE16.0.2/bin/unikixtran
08049000-0804a000 r--p 00000000 08:10 4194405                            /apps/mtp/TPE16.0.2/bin/unikixtran
0804a000-0804b000 rw-p 00001000 08:10 4194405                            /apps/mtp/TPE16.0.2/bin/unikixtran
09d90000-0a4f0000 rw-p 00000000 00:00 0                                  [heap]
20000000-50000000 rw-s 00000000 00:01 30                                 /SYSV010a037b (deleted)
50002000-80002000 rw-s 00000000 00:01 31                                 /SYSV00000000 (deleted)
80004000-80a2c000 rw-s 00000000 00:01 32                                 /SYSV00000000 (deleted)
80a2e000-80a5c000 rw-s 00000000 00:01 33                                 /SYSV00000000 (deleted)
80a5e000-82a5f000 rw-s 00000000 00:01 34                                 /SYSV00000000 (deleted)
dca00000-dca20000 rw-p 00000000 00:00 0 
dca20000-dcb00000 ---p 00000000 00:00 0 
dcb00000-dcb46000 rw-p 00000000 00:00 0 
dcb46000-dcc00000 ---p 00000000 00:00 0 
dcc7d000-dcc7e000 ---p 00000000 00:00 0 
dcc7e000-dccfe000 rw-p 00000000 00:00 0 
dccfe000-dcd01000 ---p 00000000 00:00 0 
dcd01000-dcdff000 rw-p 00000000 00:00 0 
dcdff000-dce02000 ---p 00000000 00:00 0 
dce02000-dcf00000 rw-p 00000000 00:00 0 
dcf00000-dcf7f000 rw-p 00000000 00:00 0 
dcf7f000-dd000000 ---p 00000000 00:00 0 
dd07e000-dd07f000 ---p 00000000 00:00 0 
dd07f000-dd082000 ---p 00000000 00:00 0 
dd082000-dd0ff000 rw-p 00000000 00:00 0 
dd0ff000-dd102000 ---p 00000000 00:00 0 
dd102000-dd200000 rw-p 00000000 00:00 0 
dd200000-dd221000 rw-p 00000000 00:00 0 
dd221000-dd300000 ---p 00000000 00:00 0 
dd337000-dd339000 r-xp 00000000 08:10 4195244                            /apps/mtp/TPE16.0.2/lib/libkxusrexit.so
dd339000-dd33a000 r--p 00001000 08:10 4195244                            /apps/mtp/TPE16.0.2/lib/libkxusrexit.so
dd33a000-dd33b000 rw-p 00002000 08:10 4195244                            /apps/mtp/TPE16.0.2/lib/libkxusrexit.so
dd33b000-dd33c000 rw-p 00000000 00:00 0 
dd33c000-dd33d000 r--s 00002000 08:10 4195716                            /apps/mtp/TPE16.0.2/axis2/axis2-1.7.8/lib/geronimo-annotation_1.0_spec-1.1.jar
dd33d000-dd342000 r--s 0005f000 08:10 4195644                            /apps/mtp/TPE16.0.2/axis2/axis2-1.7.8/lib/jibx-bind-1.2.jar
dd342000-dd343000 r--s 00003000 08:10 4195645                            /apps/mtp/TPE16.0.2/axis2/axis2-1.7.8/lib/axis2-spring-1.7.8.jar
dd343000-dd346000 r--s 0000f000 08:10 4195615                            /apps/mtp/TPE16.0.2/axis2/axis2-1.7.8/lib/commons-fileupload-1.3.3.jar
dd346000-dd351000 r--s 0005d000 08:10 4195611                            /apps/mtp/TPE16.0.2/axis2/axis2-1.7.8/lib/axiom-api-1.2.20.jar
dd351000-dd355000 r--s 00034000 08:10 4195652                            /apps/mtp/TPE16.0.2/axis2/axis2-1.7.8/lib/tribes-6.0.16.jar
dd355000-dd359000 r--s 00029000 08:10 4195612                            /apps/mtp/TPE16.0.2/axis2/axis2-1.7.8/lib/stax2-api-3.1.1.jar
dd359000-dd37e000 r--s 001d7000 08:10 4195688                            /apps/mtp/TPE16.0.2/axis2/axis2-1.7.8/lib/jaxb-xjc-2.2.6.jar
dd37e000-dd37f000 ---p 00000000 00:00 0 
dd37f000-dd382000 ---p 00000000 00:00 0 
dd382000-dd3ff000 rw-p 00000000 00:00 0 
dd3ff000-dd402000 ---p 00000000 00:00 0 
dd402000-dd500000 rw-p 00000000 00:00 0 
dd500000-dd5fc000 rw-p 00000000 00:00 0 
dd5fc000-dd600000 ---p 00000000 00:00 0 
dd600000-dd602000 r--s 00013000 08:10 4195719                            /apps/mtp/TPE16.0.2/axis2/axis2-1.7.8/lib/xml-resolver-1.2.jar
dd602000-dd604000 r--s 00003000 08:10 4195685                            /apps/mtp/TPE16.0.2/axis2/axis2-1.7.8/lib/axis2-fastinfoset-1.7.8.jar
dd604000-dd608000 r--s 00015000 08:10 4195687                            /apps/mtp/TPE16.0.2/axis2/axis2-1.7.8/lib/jaxb-api-2.2.6.jar
dd608000-dd60a000 r--s 00009000 08:10 4195621                            /apps/mtp/TPE16.0.2/axis2/axis2-1.7.8/lib/commons-cli-1.2.jar
dd60a000-dd617000 r--s 000aa000 08:10 4195708                            /apps/mtp/TPE16.0.2/axis2/axis2-1.7.8/lib/httpclient-4.5.3.jar
dd617000-dd628000 r--s 00136000 08:10 4195663                            /apps/mtp/TPE16.0.2/axis2/axis2-1.7.8/lib/jalopy-1.5rc3.jar
dd628000-dd62b000 r--s 00015000 08:10 4195675                            /apps/mtp/TPE16.0.2/axis2/axis2-1.7.8/lib/apache-mime4j-core-0.7.2.jar
dd62b000-dd62d000 r--s 0000b000 08:10 4195662                            /apps/mtp/TPE16.0.2/axis2/axis2-1.7.8/lib/axis2-transport-xmpp-1.7.8.jar
dd62d000-dd634000 r--s 00059000 08:10 4195624                            /apps/mtp/TPE16.0.2/axis2/axis2-1.7.8/lib/log4j-1.2.15.jar
dd634000-dd636000 r--s 00006000 08:10 4195679                            /apps/mtp/TPE16.0.2/axis2/axis2-1.7.8/lib/commons-codec-1.2.jar
dd636000-dd639000 r--s 00017000 08:10 4195658                            /apps/mtp/TPE16.0.2/axis2/axis2-1.7.8/lib/axis2-transport-base-1.7.8.jar
dd639000-dd63e000 r--s 00020000 08:10 4195677                            /apps/mtp/TPE16.0.2/axis2/axis2-1.7.8/lib/wsdl4j-1.6.2.jar
dd63e000-dd640000 r--s 00006000 08:10 4195649                            /apps/mtp/TPE16.0.2/axis2/axis2-1.7.8/lib/geronimo-saaj_1.3_spec-1.0.1.jar
dd640000-dd642000 r--s 00007000 08:10 4195655                            /apps/mtp/TPE16.0.2/axis2/axis2-1.7.8/lib/mex-1.7.8-impl.jar
dd642000-dd64c000 r--s 00082000 08:10 4195676                            /apps/mtp/TPE16.0.2/axis2/axis2-1.7.8/lib/axiom-impl-1.2.20.jar
dd64c000-dd655000 r--s 00062000 08:10 4195650                            /apps/mtp/TPE16.0.2/axis2/axis2-1.7.8/lib/axis2-metadata-1.7.8.jar
dd655000-dd656000 ---p 00000000 00:00 0 
dd656000-dd659000 ---p 00000000 00:00 0 
dd659000-dd6d6000 rw-p 00000000 00:00 0 
dd6d6000-dd6d7000 ---p 00000000 00:00 0 
dd6d7000-dd757000 rw-p 00000000 00:00 0 
dd757000-dd934000 r--s 03dd0000 fd:00 203051326                          /usr/java/jdk1.8.0_281-i586/jre/lib/rt.jar
dd934000-ddd7a000 rw-p 00000000 00:00 0 
ddd7a000-ddd80000 ---p 00000000 00:00 0 
ddd80000-de200000 rw-p 00000000 00:00 0 
de200000-de221000 rw-p 00000000 00:00 0 
de221000-de300000 ---p 00000000 00:00 0 
de300000-de301000 r--s 00005000 08:10 4195654                            /apps/mtp/TPE16.0.2/axis2/axis2-1.7.8/lib/axis2-ant-plugin-1.7.8.jar
de301000-de303000 r--s 00003000 08:10 4195686                            /apps/mtp/TPE16.0.2/axis2/axis2-1.7.8/lib/axiom-jaxb-1.2.20.jar
de303000-de305000 r--s 00007000 08:10 4195646                            /apps/mtp/TPE16.0.2/axis2/axis2-1.7.8/lib/axis2-soapmonitor-servlet-1.7.8.jar
de305000-de306000 r--s 00003000 08:10 4195614                            /apps/mtp/TPE16.0.2/axis2/axis2-1.7.8/lib/geronimo-jta_1.1_spec-1.1.jar
de306000-de308000 r--s 0000e000 08:10 4195659                            /apps/mtp/TPE16.0.2/axis2/axis2-1.7.8/lib/activation-1.1.jar
de308000-de30a000 r--s 0000c000 08:10 4195682                            /apps/mtp/TPE16.0.2/axis2/axis2-1.7.8/lib/axis2-json-1.7.8.jar
de30a000-de348000 r--s 0025d000 08:10 4195622                            /apps/mtp/TPE16.0.2/axis2/axis2-1.7.8/lib/xmlbeans-2.6.0.jar
de348000-de349000 r--s 00006000 08:10 4195660                            /apps/mtp/TPE16.0.2/axis2/axis2-1.7.8/lib/axis2-transport-tcp-1.7.8.jar
de349000-de34b000 r--s 00006000 08:10 4195647                            /apps/mtp/TPE16.0.2/axis2/axis2-1.7.8/lib/axis2-jaxbri-1.7.8.jar
de34b000-de34d000 r--s 00004000 08:10 4195661                            /apps/mtp/TPE16.0.2/axis2/axis2-1.7.8/lib/axis2-transport-udp-1.7.8.jar
de34d000-de351000 r--s 00028000 08:10 4195684                            /apps/mtp/TPE16.0.2/axis2/axis2-1.7.8/lib/gson-2.1.jar
de351000-de353000 r--s 00012000 08:10 4195689                            /apps/mtp/TPE16.0.2/axis2/axis2-1.7.8/lib/axis2-transport-jms-1.7.8.jar
de353000-de355000 r--s 0002b000 08:10 4195710                            /apps/mtp/TPE16.0.2/axis2/axis2-1.7.8/lib/axis2-adb-codegen-1.7.8.jar
de355000-de359000 r--s 00026000 08:10 4195617                            /apps/mtp/TPE16.0.2/axis2/axis2-1.7.8/lib/xmlschema-core-2.2.1.jar
de359000-de35f000 r--s 00070000 08:10 4195639                            /apps/mtp/TPE16.0.2/axis2/axis2-1.7.8/lib/woodstox-core-asl-4.2.0.jar
de35f000-de368000 r--s 00097000 08:10 4195620                            /apps/mtp/TPE16.0.2/axis2/axis2-1.7.8/lib/axis2-adb-1.7.8.jar
de368000-de369000 r--s 00007000 08:10 4195636                            /apps/mtp/TPE16.0.2/axis2/axis2-1.7.8/lib/axis2-java2wsdl-1.7.8.jar
de369000-de37f000 r--s 000fa000 08:10 4195648                            /apps/mtp/TPE16.0.2/axis2/axis2-1.7.8/lib/jaxb-impl-2.2.6.jar
de37f000-de380000 ---p 00000000 00:00 0 
de380000-de400000 rw-p 00000000 00:00 0 
de400000-de421000 rw-p 00000000 00:00 0 
de421000-de500000 ---p 00000000 00:00 0 
de500000-de502000 r--s 00010000 08:10 4195640                            /apps/mtp/TPE16.0.2/axis2/axis2-1.7.8/lib/neethi-3.0.3.jar
de502000-de505000 r--s 00013000 08:10 4195683                            /apps/mtp/TPE16.0.2/axis2/axis2-1.7.8/lib/jettison-1.3.8.jar
de505000-de50b000 r--s 00033000 08:10 4195638                            /apps/mtp/TPE16.0.2/axis2/axis2-1.7.8/lib/jaxen-1.1.6.jar
de50b000-de50c000 r--s 00003000 08:10 4195613                            /apps/mtp/TPE16.0.2/axis2/axis2-1.7.8/lib/geronimo-ws-metadata_2.0_spec-1.1.2.jar
de50c000-de50e000 r--s 00008000 08:10 4195712                            /apps/mtp/TPE16.0.2/axis2/axis2-1.7.8/lib/axis2-jibx-1.7.8.jar
de50e000-de50f000 r--s 00004000 08:10 4195653                            /apps/mtp/TPE16.0.2/axis2/axis2-1.7.8/lib/juli-6.0.16.jar
de50f000-de511000 r--s 00003000 08:10 4195642                            /apps/mtp/TPE16.0.2/axis2/axis2-1.7.8/lib/axis2-transport-local-1.7.8.jar
de511000-de514000 r--s 00023000 08:10 4195656                            /apps/mtp/TPE16.0.2/axis2/axis2-1.7.8/lib/axis2-corba-1.7.8.jar
de514000-de519000 r--s 00068000 08:10 4195623                            /apps/mtp/TPE16.0.2/axis2/axis2-1.7.8/lib/antlr-2.7.7.jar
de519000-de51b000 r--s 0000a000 08:10 4195618                            /apps/mtp/TPE16.0.2/axis2/axis2-1.7.8/lib/jsr311-api-1.1.1.jar
de51b000-de51e000 r--s 0000c000 08:10 4195717                            /apps/mtp/TPE16.0.2/axis2/axis2-1.7.8/lib/geronimo-jaxws_2.2_spec-1.0.jar
de51e000-de523000 r--s 0003b000 08:10 4195709                            /apps/mtp/TPE16.0.2/axis2/axis2-1.7.8/lib/axis2-codegen-1.7.8.jar
de523000-de541000 r--s 0027d000 08:10 4195720                            /apps/mtp/TPE16.0.2/axis2/axis2-1.7.8/lib/xalan-2.7.0.jar
de541000-de54a000 r--s 00053000 08:10 4195641                            /apps/mtp/TPE16.0.2/axis2/axis2-1.7.8/lib/woden-core-1.0M10.jar
de54a000-de555000 r--s 000c2000 08:10 4195643                            /apps/mtp/TPE16.0.2/axis2/axis2-1.7.8/lib/jaxws-tools-2.2.6.jar
de555000-de561000 r--s 000a3000 08:10 4195681                            /apps/mtp/TPE16.0.2/axis2/axis2-1.7.8/lib/axiom-dom-1.2.20.jar
de561000-de56b000 r--s 0008c000 08:10 4195714                            /apps/mtp/TPE16.0.2/axis2/axis2-1.7.8/lib/bcel-findbugs-6.0.jar
de56b000-de571000 r--s 00059000 08:10 4195691                            /apps/mtp/TPE16.0.2/axis2/axis2-1.7.8/lib/mail-1.4.jar
de571000-de57f000 r--s 000aa000 08:10 4195715                            /apps/mtp/TPE16.0.2/axis2/axis2-1.7.8/lib/axis2-jaxws-1.7.8.jar
de57f000-de580000 ---p 00000000 00:00 0 
de580000-de600000 rw-p 00000000 00:00 0 
de600000-de621000 rw-p 00000000 00:00 0 
de621000-de700000 ---p 00000000 00:00 0 
de700000-de703000 r--s 00025000 08:10 4195616                            /apps/mtp/TPE16.0.2/axis2/axis2-1.7.8/lib/commons-io-2.1.jar
de703000-de705000 r--s 00009000 08:10 4195690                            /apps/mtp/TPE16.0.2/axis2/axis2-1.7.8/lib/axis2-transport-mail-1.7.8.jar
de705000-de707000 r--s 0000d000 08:10 4195637                            /apps/mtp/TPE16.0.2/axis2/axis2-1.7.8/lib/commons-logging-1.1.1.jar
de707000-de70a000 r--s 00018000 08:10 4195651                            /apps/mtp/TPE16.0.2/axis2/axis2-1.7.8/lib/axis2-clustering-1.7.8.jar
de70a000-de70d000 r--s 0001d000 08:10 4195713                            /apps/mtp/TPE16.0.2/axis2/axis2-1.7.8/lib/jibx-run-1.2.jar
de70d000-de710000 r--s 00028000 08:10 4195678                            /apps/mtp/TPE16.0.2/axis2/axis2-1.7.8/lib/axis2-transport-http-1.7.8.jar
de710000-de716000 r--s 00045000 08:10 4195680                            /apps/mtp/TPE16.0.2/axis2/axis2-1.7.8/lib/commons-httpclient-3.1.jar
de716000-de71e000 r--s 00048000 08:10 4195619                            /apps/mtp/TPE16.0.2/axis2/axis2-1.7.8/lib/httpcore-4.4.6.jar
de71e000-de720000 r--s 00015000 08:10 4195718                            /apps/mtp/TPE16.0.2/axis2/axis2-1.7.8/lib/axis2-saaj-1.7.8.jar
de720000-de77f000 r--s 003fa000 fd:00 68304515                           /opt/lib/cobol/NTT_DATA_COBOL_6.0/lib/dependencies/bcprov-jdk15on-162.jar
de77f000-de780000 ---p 00000000 00:00 0 
de780000-de800000 rw-p 00000000 00:00 0 
de800000-de821000 rw-p 00000000 00:00 0 
de821000-de900000 ---p 00000000 00:00 0 
de900000-de914000 r--s 000c1000 fd:00 68304514                           /opt/lib/cobol/NTT_DATA_COBOL_6.0/lib/dependencies/bcpkix-jdk15on-162.jar
de914000-de97d000 r-xp 00000000 fd:00 2424358                            /opt/lib/cobol/NTT_DATA_COBOL_6.0/native/lib/libvcobol.so
de97d000-de97e000 r--p 00068000 fd:00 2424358                            /opt/lib/cobol/NTT_DATA_COBOL_6.0/native/lib/libvcobol.so
de97e000-de97f000 rw-p 00069000 fd:00 2424358                            /opt/lib/cobol/NTT_DATA_COBOL_6.0/native/lib/libvcobol.so
de97f000-de980000 ---p 00000000 00:00 0 
de980000-e14c0000 rw-p 00000000 00:00 0 
e14c0000-e3f80000 ---p 00000000 00:00 0 
e3f80000-e54c0000 rw-p 00000000 00:00 0 
e54c0000-e6a00000 ---p 00000000 00:00 0 
e6a00000-e6a01000 r--s 00003000 08:10 4195657                            /apps/mtp/TPE16.0.2/axis2/axis2-1.7.8/lib/axis2-mtompolicy-1.7.8.jar
e6a01000-e6a03000 r--s 00006000 08:10 4195674                            /apps/mtp/TPE16.0.2/axis2/axis2-1.7.8/lib/geronimo-stax-api_1.0_spec-1.0.1.jar
e6a03000-e6a10000 r--s 000ee000 08:10 4195707                            /apps/mtp/TPE16.0.2/axis2/axis2-1.7.8/lib/axis2-kernel-1.7.8.jar
e6a10000-e6a12000 r--s 00006000 08:10 4195711                            /apps/mtp/TPE16.0.2/axis2/axis2-1.7.8/lib/axis2-xmlbeans-1.7.8.jar
e6a12000-e6a15000 r--s 00018000 fd:00 68304513                           /opt/lib/cobol/NTT_DATA_COBOL_6.0/lib/dependencies/bcmail-jdk15on-162.jar
e6a15000-e6a2c000 r--s 0013e000 fd:00 2424346                            /opt/lib/cobol/NTT_DATA_COBOL_6.0/lib/vcobol-runtime.jar
e6a2c000-e6a2d000 r--s 00007000 08:10 4195233                            /apps/mtp/TPE16.0.2/lib/transutil.jar
e6a2d000-e6a2f000 r-xp 00000000 08:10 4195225                            /apps/mtp/TPE16.0.2/lib/liblang_vcobol.so
e6a2f000-e6a30000 r--p 00001000 08:10 4195225                            /apps/mtp/TPE16.0.2/lib/liblang_vcobol.so
e6a30000-e6a31000 rw-p 00002000 08:10 4195225                            /apps/mtp/TPE16.0.2/lib/liblang_vcobol.so
e6a31000-e6a35000 r--s 00075000 08:10 4195231                            /apps/mtp/TPE16.0.2/lib/kixsysapi.jar
e6a35000-e6a39000 r--s 00022000 08:10 4195232                            /apps/mtp/TPE16.0.2/lib/dfjcics.jar
e6a39000-e6a3a000 r--p 00000000 fd:00 134305721                          /usr/lib/locale/en_US/LC_NUMERIC
e6a3a000-e6a3b000 r--p 00000000 fd:00 134305710                          /usr/lib/locale/en_US/LC_TIME
e6a3b000-e6a41000 r--p 00000000 fd:00 134305717                          /usr/lib/locale/en_US/LC_COLLATE
e6a41000-e6a42000 r--p 00000000 fd:00 134305708                          /usr/lib/locale/en_US/LC_MONETARY
e6a42000-e6a43000 r--p 00000000 fd:00 68251861                           /usr/lib/locale/en_US/LC_MESSAGES/SYS_LC_MESSAGES
e6a43000-e6a44000 r--p 00000000 fd:00 134305725                          /usr/lib/locale/en_US/LC_PAPER
e6a44000-e6a45000 r--p 00000000 fd:00 134305726                          /usr/lib/locale/en_US/LC_NAME
e6a45000-e6a46000 r--p 00000000 fd:00 134305703                          /usr/lib/locale/en_US/LC_ADDRESS
e6a46000-e6a5c000 rw-p 00000000 00:00 0 
e6a5c000-e6a71000 ---p 00000000 00:00 0 
e6a71000-e6a87000 rw-p 00000000 00:00 0 
e6a87000-e6a9b000 ---p 00000000 00:00 0 
e6a9b000-e6aa7000 rw-p 00000000 00:00 0 
e6aa7000-e6ab1000 ---p 00000000 00:00 0 
e6ab1000-e6abb000 rw-p 00000000 00:00 0 
e6abb000-e6e72000 ---p 00000000 00:00 0 
e6e72000-e70b2000 rwxp 00000000 00:00 0 
e70b2000-f5e72000 ---p 00000000 00:00 0 
f5e72000-f5e8d000 r-xp 00000000 fd:00 137647970                          /usr/java/jdk1.8.0_281-i586/jre/lib/i386/libzip.so
f5e8d000-f5e8e000 r--p 0001a000 fd:00 137647970                          /usr/java/jdk1.8.0_281-i586/jre/lib/i386/libzip.so
f5e8e000-f5e8f000 rw-p 0001b000 fd:00 137647970                          /usr/java/jdk1.8.0_281-i586/jre/lib/i386/libzip.so
f5e8f000-f5eb6000 r-xp 00000000 fd:00 137303138                          /usr/java/jdk1.8.0_281-i586/jre/lib/i386/libjava.so
f5eb6000-f5eb7000 r--p 00026000 fd:00 137303138                          /usr/java/jdk1.8.0_281-i586/jre/lib/i386/libjava.so
f5eb7000-f5eb8000 rw-p 00027000 fd:00 137303138                          /usr/java/jdk1.8.0_281-i586/jre/lib/i386/libjava.so
f5eb8000-f5ec3000 r-xp 00000000 fd:00 137647969                          /usr/java/jdk1.8.0_281-i586/jre/lib/i386/libverify.so
f5ec3000-f5ec4000 ---p 0000b000 fd:00 137647969                          /usr/java/jdk1.8.0_281-i586/jre/lib/i386/libverify.so
f5ec4000-f5ec5000 r--p 0000b000 fd:00 137647969                          /usr/java/jdk1.8.0_281-i586/jre/lib/i386/libverify.so
f5ec5000-f5ec6000 rw-p 0000c000 fd:00 137647969                          /usr/java/jdk1.8.0_281-i586/jre/lib/i386/libverify.so
f5ec6000-f5ec7000 ---p 00000000 00:00 0 
f5ec7000-f66c7000 rw-p 00000000 00:00 0 
f66c7000-f66d3000 r-xp 00000000 fd:00 134838610                          /usr/lib/libnss_files-2.28.so
f66d3000-f66d4000 r--p 0000b000 fd:00 134838610                          /usr/lib/libnss_files-2.28.so
f66d4000-f66d5000 rw-p 0000c000 fd:00 134838610                          /usr/lib/libnss_files-2.28.so
f66d5000-f66db000 rw-p 00000000 00:00 0 
f66db000-f66dc000 r--p 00000000 fd:00 134305709                          /usr/lib/locale/en_US/LC_TELEPHONE
f66dc000-f66dd000 r--p 00000000 fd:00 134305707                          /usr/lib/locale/en_US/LC_MEASUREMENT
f66dd000-f66e0000 rw-p 00000000 00:00 0 
f66e0000-f66e8000 rw-s 00000000 fd:00 134969086                          /tmp/hsperfdata_mtpadmin/271739
f66e8000-f66e9000 r-xp 00000000 08:10 4195246                            /apps/mtp/TPE16.0.2/lib/libkixpli.so
f66e9000-f66ea000 r--p 00000000 08:10 4195246                            /apps/mtp/TPE16.0.2/lib/libkixpli.so
f66ea000-f66eb000 rw-p 00001000 08:10 4195246                            /apps/mtp/TPE16.0.2/lib/libkixpli.so
f66eb000-f66ec000 r-xp 00000000 08:10 4195242                            /apps/mtp/TPE16.0.2/lib/libkxtermexit.so
f66ec000-f66ed000 r--p 00000000 08:10 4195242                            /apps/mtp/TPE16.0.2/lib/libkxtermexit.so
f66ed000-f66ee000 rw-p 00001000 08:10 4195242                            /apps/mtp/TPE16.0.2/lib/libkxtermexit.so
f66ee000-f6704000 r-xp 00000000 08:10 4195235                            /apps/mtp/TPE16.0.2/lib/libkxsecexit.so
f6704000-f6705000 r--p 00015000 08:10 4195235                            /apps/mtp/TPE16.0.2/lib/libkxsecexit.so
f6705000-f6706000 rw-p 00016000 08:10 4195235                            /apps/mtp/TPE16.0.2/lib/libkxsecexit.so
f6706000-f670c000 rw-p 00000000 00:00 0 
f670c000-f670e000 r-xp 00000000 08:10 4195223                            /apps/mtp/TPE16.0.2/lib/liblang_dyn.so
f670e000-f670f000 r--p 00001000 08:10 4195223                            /apps/mtp/TPE16.0.2/lib/liblang_dyn.so
f670f000-f6710000 rw-p 00002000 08:10 4195223                            /apps/mtp/TPE16.0.2/lib/liblang_dyn.so
f6710000-f6718000 r-xp 00000000 fd:00 134838616                          /usr/lib/librt-2.28.so
f6718000-f6719000 r--p 00007000 fd:00 134838616                          /usr/lib/librt-2.28.so
f6719000-f671a000 rw-p 00008000 fd:00 134838616                          /usr/lib/librt-2.28.so
f671a000-f671b000 r-xp 00000000 08:10 4195227                            /apps/mtp/TPE16.0.2/lib/libkxrm.so
f671b000-f671c000 r--p 00000000 08:10 4195227                            /apps/mtp/TPE16.0.2/lib/libkxrm.so
f671c000-f671d000 rw-p 00001000 08:10 4195227                            /apps/mtp/TPE16.0.2/lib/libkxrm.so
f671d000-f671f000 rw-p 00000000 00:00 0 
f671f000-f672a000 r-xp 00000000 08:10 4195224                            /apps/mtp/TPE16.0.2/lib/libkxtm.so
f672a000-f672b000 r--p 0000a000 08:10 4195224                            /apps/mtp/TPE16.0.2/lib/libkxtm.so
f672b000-f672c000 rw-p 0000b000 08:10 4195224                            /apps/mtp/TPE16.0.2/lib/libkxtm.so
f672c000-f673a000 r-xp 00000000 08:10 4195230                            /apps/mtp/TPE16.0.2/lib/libkxtables.so
f673a000-f673b000 r--p 0000d000 08:10 4195230                            /apps/mtp/TPE16.0.2/lib/libkxtables.so
f673b000-f673c000 rw-p 0000e000 08:10 4195230                            /apps/mtp/TPE16.0.2/lib/libkxtables.so
f673c000-f675d000 r-xp 00000000 fd:00 136722898                          /usr/lib/libcrypt.so.1.1.0
f675d000-f675e000 r--p 00020000 fd:00 136722898                          /usr/lib/libcrypt.so.1.1.0
f675e000-f6767000 rw-p 00000000 00:00 0 
f6767000-f6783000 r-xp 00000000 fd:00 134838612                          /usr/lib/libpthread-2.28.so
f6783000-f6784000 r--p 0001b000 fd:00 134838612                          /usr/lib/libpthread-2.28.so
f6784000-f6785000 rw-p 0001c000 fd:00 134838612                          /usr/lib/libpthread-2.28.so
f6785000-f6787000 rw-p 00000000 00:00 0 
f6787000-f6857000 r-xp 00000000 fd:00 134838604                          /usr/lib/libm-2.28.so
f6857000-f6858000 r--p 000cf000 fd:00 134838604                          /usr/lib/libm-2.28.so
f6858000-f6859000 rw-p 000d0000 fd:00 134838604                          /usr/lib/libm-2.28.so
f6859000-f685c000 r-xp 00000000 fd:00 134838602                          /usr/lib/libdl-2.28.so
f685c000-f685d000 r--p 00002000 fd:00 134838602                          /usr/lib/libdl-2.28.so
f685d000-f685e000 rw-p 00003000 fd:00 134838602                          /usr/lib/libdl-2.28.so
f685e000-f69ff000 r-xp 00000000 fd:00 134838600                          /usr/lib/libc-2.28.so
f69ff000-f6a00000 ---p 001a1000 fd:00 134838600                          /usr/lib/libc-2.28.so
f6a00000-f6a02000 r--p 001a1000 fd:00 134838600                          /usr/lib/libc-2.28.so
f6a02000-f6a03000 rw-p 001a3000 fd:00 134838600                          /usr/lib/libc-2.28.so
f6a03000-f6a06000 rw-p 00000000 00:00 0 
f6a06000-f6a07000 r--p 00000000 fd:00 134305704                          /usr/lib/locale/en_US/LC_IDENTIFICATION
f6a07000-f6a08000 rw-p 00000000 00:00 0 
f6a08000-f6a09000 r-xp 00000000 08:10 4195273                            /apps/mtp/TPE16.0.2/lib/libkxsockexit.so
f6a09000-f6a0a000 r--p 00000000 08:10 4195273                            /apps/mtp/TPE16.0.2/lib/libkxsockexit.so
f6a0a000-f6a0b000 rw-p 00001000 08:10 4195273                            /apps/mtp/TPE16.0.2/lib/libkxsockexit.so
f6a0b000-f6a0d000 r-xp 00000000 08:10 4195272                            /apps/mtp/TPE16.0.2/lib/libkxiscexit.so
f6a0d000-f6a0e000 r--p 00001000 08:10 4195272                            /apps/mtp/TPE16.0.2/lib/libkxiscexit.so
f6a0e000-f6a0f000 rw-p 00002000 08:10 4195272                            /apps/mtp/TPE16.0.2/lib/libkxiscexit.so
f6a0f000-f6a11000 r-xp 00000000 08:10 4195271                            /apps/mtp/TPE16.0.2/lib/libkxconvexit.so
f6a11000-f6a12000 r--p 00001000 08:10 4195271                            /apps/mtp/TPE16.0.2/lib/libkxconvexit.so
f6a12000-f6a13000 rw-p 00002000 08:10 4195271                            /apps/mtp/TPE16.0.2/lib/libkxconvexit.so
f6a13000-f6cda000 r-xp 00000000 08:10 4195270                            /apps/mtp/TPE16.0.2/lib/libunikixtran.so
f6cda000-f6cdb000 r--p 002c6000 08:10 4195270                            /apps/mtp/TPE16.0.2/lib/libunikixtran.so
f6cdb000-f6cf8000 rw-p 002c7000 08:10 4195270                            /apps/mtp/TPE16.0.2/lib/libunikixtran.so
f6cf8000-f6f60000 rw-p 00000000 00:00 0 
f6f60000-f7ae3000 r-xp 00000000 fd:00 68223427                           /usr/java/jdk1.8.0_281-i586/jre/lib/i386/server/libjvm.so
f7ae3000-f7ae4000 ---p 00b83000 fd:00 68223427                           /usr/java/jdk1.8.0_281-i586/jre/lib/i386/server/libjvm.so
f7ae4000-f7b2b000 r--p 00b83000 fd:00 68223427                           /usr/java/jdk1.8.0_281-i586/jre/lib/i386/server/libjvm.so
f7b2b000-f7b48000 rw-p 00bca000 fd:00 68223427                           /usr/java/jdk1.8.0_281-i586/jre/lib/i386/server/libjvm.so
f7b48000-f7f6d000 rw-p 00000000 00:00 0 
f7f6d000-f7f6f000 r-xp 00000000 fd:00 137303152                          /usr/java/jdk1.8.0_281-i586/jre/lib/i386/libjsig.so
f7f6f000-f7f70000 r--p 00001000 fd:00 137303152                          /usr/java/jdk1.8.0_281-i586/jre/lib/i386/libjsig.so
f7f70000-f7f71000 rw-p 00002000 fd:00 137303152                          /usr/java/jdk1.8.0_281-i586/jre/lib/i386/libjsig.so
f7f71000-f7f74000 rw-p 00000000 00:00 0 
f7f74000-f7f78000 r--p 00000000 00:00 0                                  [vvar]
f7f78000-f7f7a000 r-xp 00000000 00:00 0                                  [vdso]
f7f7a000-f7fa6000 r-xp 00000000 fd:00 134838593                          /usr/lib/ld-2.28.so
f7fa6000-f7fa7000 r--p 00000000 00:00 0 
f7fa7000-f7fa8000 r--p 0002c000 fd:00 134838593                          /usr/lib/ld-2.28.so
f7fa8000-f7fa9000 rw-p 0002d000 fd:00 134838593                          /usr/lib/ld-2.28.so
ffdd8000-ffddb000 ---p 00000000 00:00 0 
ffddb000-ffed8000 rw-p 00000000 00:00 0                                  [stack]

VM Arguments:
jvm_args: -Dvcobol.jdbc.autocommit=false -Dvcobol.runtime.compile_flags.mandatory= -Dvcobol.runtime.compile_flags.prohibited=-d64 -Xrs -Xss1M -DKIXSYS=/apps/test/mdoff/sys -DKIXPROGS=/apps/test/mdoff/exe/onl -DUNIKIX=/apps/mtp/mtp -Xmx128m -Dvcobol.jdbc.driver=com.microsoft.sqlserver.jdbc.SQLServerDriver -Dvcobol.jdbc.url=jdbc:sqlserver://hov-tstdb01.cso.local:1433;databaseName= -Dvcobol.jdbc.autocommit=False -Djava.library.path=/apps/mtp/mtp/lib:/opt/lib/cobol/NTT_DATA_COBOL_6.0/native/lib/ exit abort 
java_command: <unknown>
java_class_path (initial): /apps/mtp/mtp/lib/dfjcics.jar:/apps/mtp/mtp/lib/kixsysapi.jar:/apps/mtp/mtp/lib/transMQJMS.jar:/apps/mtp/mtp/lib/transutil.jar:/opt/lib/cobol/NTT_DATA_COBOL_6.0/lib/vcobol-runtime.jar:/apps/test/mdoff/sys/local/bin:/apps/mtp/mtp/local/bin:/apps/test/mdoff/exe/onl:/apps/mtp/mtp/axis2/current/lib/axis2-xmlbeans-1.7.8.jar:/apps/mtp/mtp/axis2/current/lib/axis2-kernel-1.7.8.jar:/apps/mtp/mtp/axis2/current/lib/geronimo-stax-api_1.0_spec-1.0.1.jar:/apps/mtp/mtp/axis2/current/lib/axis2-saaj-1.7.8.jar:/apps/mtp/mtp/axis2/current/lib/httpcore-4.4.6.jar:/apps/mtp/mtp/axis2/current/lib/commons-httpclient-3.1.jar:/apps/mtp/mtp/axis2/current/lib/axis2-transport-http-1.7.8.jar:/apps/mtp/mtp/axis2/current/lib/jibx-run-1.2.jar:/apps/mtp/mtp/axis2/current/lib/axis2-clustering-1.7.8.jar:/apps/mtp/mtp/axis2/current/lib/axis2-jaxws-1.7.8.jar:/apps/mtp/mtp/axis2/current/lib/commons-logging-1.1.1.jar:/apps/mtp/mtp/axis2/current/lib/mail-1.4.jar:/apps/mtp/mtp/axis2/current/lib/bcel-findbugs-6.0.jar:/apps/mtp/mtp/axis2/current/lib/axiom-dom-1.2.20.jar:/apps/mtp/mtp/axis2/current/lib/axis2-transport-mail-1.7.8.jar:/apps/mtp/mtp/axis2/current/lib/commons-io-2.1.jar:/apps/mtp/mtp/axis2/current/lib/jaxws-tools-2.2.6.jar:/apps/mtp/mtp/axis2/current/lib/woden-core-1.0M10.jar:/apps/mtp/mtp/axis2/current/lib/xalan-2.7.0.jar:/apps/mtp/mtp/axis2/current/lib/axis2-mtompolicy-1.7.8.jar:/apps/mtp/mtp/axis2/current/lib/axis2-codegen-1.7.8.jar:/apps/mtp/mtp/axis2/current/lib/geronimo-jaxws_2.2_spec-1.0.jar:/apps/mtp/mtp/axis2/current/lib/jsr311-api-1.1.1.jar:/apps/mtp/mtp/axis2/current/lib/antlr-2.7.7.jar:/apps/mtp/mtp/axis2/current/lib/axis2-corba-1.7.8.jar:/apps/mtp/mtp/axis2/current/lib/axis2-transport-local-1.7.8.jar:/apps/mtp/mtp/axis2/current/lib/juli-6.0.16.jar:/apps/mtp/mtp/axis2/current/lib/axis2-jibx-1.7.8.jar:/apps/mtp/mtp/axis2/current/lib/geronimo-ws-metadata_2.0_spec-1.1.2.jar:/apps/mtp/mtp/axis2/current/lib/jaxen-1.1.6.jar:/apps/mtp/mtp/axis2/current/lib/jettiso
Launcher Type: generic

Environment Variables:
PATH=/usr/java/default/bin:/apps/test/mdoff/sys/local/bin:/apps/mtp/mtp/bin:/usr/bin:/bin
LD_LIBRARY_PATH=/apps/test/mdoff/sys/local/bin:/apps/mtp/mtp/lib:/opt/lib/cobol/NTT_DATA_COBOL_6.0/native/lib:/usr/java/default/jre/lib/i386/server:/usr/java/default/jre/lib/i386

Signal Handlers:
SIGSEGV: [libjvm.so+0x94a910], sa_mask[0]=11111111111111111111111111111110, sa_flags=SA_RESTART|SA_SIGINFO
SIGBUS: [libjvm.so+0x94a910], sa_mask[0]=11111111111111111111111111111110, sa_flags=SA_SIGINFO
SIGFPE: [libunikixtran.so+0x256f8b], sa_mask[0]=11111111111111111111111111111110, sa_flags=SA_SIGINFO
SIGPIPE: SIG_IGN, sa_mask[0]=11111111111111111111111111111110, sa_flags=SA_SIGINFO
SIGXFSZ: SIG_DFL, sa_mask[0]=11111111111111111111111111111110, sa_flags=SA_SIGINFO
SIGILL: [libunikixtran.so+0x256f8b], sa_mask[0]=11111111111111111111111111111110, sa_flags=SA_SIGINFO
SIGUSR1: [libunikixtran.so+0x256f8b], sa_mask[0]=11111111011111111101111111111110, sa_flags=SA_SIGINFO
SIGUSR2: [libunikixtran.so+0x256f8b], sa_mask[0]=11111111011111111101111111111110, sa_flags=SA_RESTART|SA_SIGINFO
SIGHUP: [libunikixtran.so+0x256f8b], sa_mask[0]=11111111011111111101111111111110, sa_flags=SA_SIGINFO
SIGINT: [libunikixtran.so+0x256f8b], sa_mask[0]=11111111011111111101111111111110, sa_flags=SA_SIGINFO
SIGTERM: [libunikixtran.so+0x256f8b], sa_mask[0]=11111111011111111101111111111110, sa_flags=SA_SIGINFO
SIGQUIT: [libunikixtran.so+0x256f8b], sa_mask[0]=11111111011111111101111111111110, sa_flags=SA_SIGINFO


---------------  S Y S T E M  ---------------

OS:Red Hat Enterprise Linux release 8.4 (Ootpa)

uname:Linux 4.18.0-305.12.1.el8_4.x86_64 #1 SMP Mon Jul 26 08:06:24 EDT 2021 x86_64
libc:glibc 2.28 NPTL 2.28 
rlimit: STACK 8192k, CORE infinity, NPROC 63093, NOFILE 262144, AS infinity
load average:0.08 0.02 0.01

/proc/meminfo:
MemTotal:       16211596 kB
MemFree:        13413776 kB
MemAvailable:   14280000 kB
Buffers:           47532 kB
Cached:          1086980 kB
SwapCached:         1488 kB
Active:           563800 kB
Inactive:        1854232 kB
Active(anon):      44588 kB
Inactive(anon):  1294632 kB
Active(file):     519212 kB
Inactive(file):   559600 kB
Unevictable:           0 kB
Mlocked:               0 kB
SwapTotal:       8273916 kB
SwapFree:        8247804 kB
Dirty:              1076 kB
Writeback:             8 kB
AnonPages:       1279908 kB
Mapped:           241652 kB
Shmem:             55700 kB
KReclaimable:      81100 kB
Slab:             168560 kB
SReclaimable:      81100 kB
SUnreclaim:        87460 kB
KernelStack:       15040 kB
PageTables:        36276 kB
NFS_Unstable:          0 kB
Bounce:                0 kB
WritebackTmp:          0 kB
CommitLimit:    16379712 kB
Committed_AS:    9505152 kB
VmallocTotal:   34359738367 kB
VmallocUsed:           0 kB
VmallocChunk:          0 kB
Percpu:             4528 kB
HardwareCorrupted:     0 kB
AnonHugePages:    604160 kB
ShmemHugePages:        0 kB
ShmemPmdMapped:        0 kB
FileHugePages:         0 kB
FilePmdMapped:         0 kB
HugePages_Total:       0
HugePages_Free:        0
HugePages_Rsvd:        0
HugePages_Surp:        0
Hugepagesize:       2048 kB
Hugetlb:               0 kB
DirectMap4k:      331120 kB
DirectMap2M:     9105408 kB
DirectMap1G:     9437184 kB

container (cgroup) information:
container_type: cgroupv1
cpu_cpuset_cpus: 0-3
cpu_memory_nodes: 0
active_processor_count: 4
cpu_quota: -1
cpu_period: 100000
cpu_shares: -1
memory_limit_in_bytes: -1
memory_and_swap_limit_in_bytes: -1
memory_soft_limit_in_bytes: -1
memory_usage_in_bytes: 413679616
memory_max_usage_in_bytes: 413679616


CPU:total 4 (initial active 4) (2 cores per cpu, 1 threads per core) family 6 model 85 stepping 4, cmov, cx8, fxsr, mmx, sse, sse2, sse3, ssse3, sse4.1, sse4.2, popcnt, avx, avx2, aes, clmul, erms, 3dnowpref, lzcnt, tsc, tscinvbit, bmi1, bmi2, adx

/proc/cpuinfo:
processor	: 0
vendor_id	: GenuineIntel
cpu family	: 6
model		: 85
model name	: Intel(R) Xeon(R) Gold 6154 CPU @ 3.00GHz
stepping	: 4
microcode	: 0x2006a08
cpu MHz		: 2992.968
cache size	: 25344 KB
physical id	: 0
siblings	: 2
core id		: 0
cpu cores	: 2
apicid		: 0
initial apicid	: 0
fpu		: yes
fpu_exception	: yes
cpuid level	: 22
wp		: yes
flags		: fpu vme de pse tsc msr pae mce cx8 apic sep mtrr pge mca cmov pat pse36 clflush mmx fxsr sse sse2 ss ht syscall nx pdpe1gb rdtscp lm constant_tsc arch_perfmon nopl xtopology tsc_reliable nonstop_tsc cpuid pni pclmulqdq ssse3 fma cx16 pcid sse4_1 sse4_2 x2apic movbe popcnt tsc_deadline_timer aes xsave avx f16c rdrand hypervisor lahf_lm abm 3dnowprefetch cpuid_fault invpcid_single pti ssbd ibrs ibpb stibp fsgsbase tsc_adjust bmi1 avx2 smep bmi2 invpcid avx512f avx512dq rdseed adx smap clflushopt clwb avx512cd avx512bw avx512vl xsaveopt xsavec xsaves arat pku ospke md_clear flush_l1d arch_capabilities
bugs		: cpu_meltdown spectre_v1 spectre_v2 spec_store_bypass l1tf mds swapgs itlb_multihit
bogomips	: 5985.93
clflush size	: 64
cache_alignment	: 64
address sizes	: 43 bits physical, 48 bits virtual
power management:

processor	: 1
vendor_id	: GenuineIntel
cpu family	: 6
model		: 85
model name	: Intel(R) Xeon(R) Gold 6154 CPU @ 3.00GHz
stepping	: 4
microcode	: 0x2006a08
cpu MHz		: 2992.968
cache size	: 25344 KB
physical id	: 0
siblings	: 2
core id		: 1
cpu cores	: 2
apicid		: 1
initial apicid	: 1
fpu		: yes
fpu_exception	: yes
cpuid level	: 22
wp		: yes
flags		: fpu vme de pse tsc msr pae mce cx8 apic sep mtrr pge mca cmov pat pse36 clflush mmx fxsr sse sse2 ss ht syscall nx pdpe1gb rdtscp lm constant_tsc arch_perfmon nopl xtopology tsc_reliable nonstop_tsc cpuid pni pclmulqdq ssse3 fma cx16 pcid sse4_1 sse4_2 x2apic movbe popcnt tsc_deadline_timer aes xsave avx f16c rdrand hypervisor lahf_lm abm 3dnowprefetch cpuid_fault invpcid_single pti ssbd ibrs ibpb stibp fsgsbase tsc_adjust bmi1 avx2 smep bmi2 invpcid avx512f avx512dq rdseed adx smap clflushopt clwb avx512cd avx512bw avx512vl xsaveopt xsavec xsaves arat pku ospke md_clear flush_l1d arch_capabilities
bugs		: cpu_meltdown spectre_v1 spectre_v2 spec_store_bypass l1tf mds swapgs itlb_multihit
bogomips	: 5985.93
clflush size	: 64
cache_alignment	: 64
address sizes	: 43 bits physical, 48 bits virtual
power management:

processor	: 2
vendor_id	: GenuineIntel
cpu family	: 6
model		: 85
model name	: Intel(R) Xeon(R) Gold 6154 CPU @ 3.00GHz
stepping	: 4
microcode	: 0x2006a08
cpu MHz		: 2992.968
cache size	: 25344 KB
physical id	: 1
siblings	: 2
core id		: 0
cpu cores	: 2
apicid		: 2
initial apicid	: 2
fpu		: yes
fpu_exception	: yes
cpuid level	: 22
wp		: yes
flags		: fpu vme de pse tsc msr pae mce cx8 apic sep mtrr pge mca cmov pat pse36 clflush mmx fxsr sse sse2 ss ht syscall nx pdpe1gb rdtscp lm constant_tsc arch_perfmon nopl xtopology tsc_reliable nonstop_tsc cpuid pni pclmulqdq ssse3 fma cx16 pcid sse4_1 sse4_2 x2apic movbe popcnt tsc_deadline_timer aes xsave avx f16c rdrand hypervisor lahf_lm abm 3dnowprefetch cpuid_fault invpcid_single pti ssbd ibrs ibpb stibp fsgsbase tsc_adjust bmi1 avx2 smep bmi2 invpcid avx512f avx512dq rdseed adx smap clflushopt clwb avx512cd avx512bw avx512vl xsaveopt xsavec xsaves arat pku ospke md_clear flush_l1d arch_capabilities
bugs		: cpu_meltdown spectre_v1 spectre_v2 spec_store_bypass l1tf mds swapgs itlb_multihit
bogomips	: 5985.93
clflush size	: 64
cache_alignment	: 64
address sizes	: 43 bits physical, 48 bits virtual
power management:

processor	: 3
vendor_id	: GenuineIntel
cpu family	: 6
model		: 85
model name	: Intel(R) Xeon(R) Gold 6154 CPU @ 3.00GHz
stepping	: 4
microcode	: 0x2006a08
cpu MHz		: 2992.968
cache size	: 25344 KB
physical id	: 1
siblings	: 2
core id		: 1
cpu cores	: 2
apicid		: 3
initial apicid	: 3
fpu		: yes
fpu_exception	: yes
cpuid level	: 22
wp		: yes
flags		: fpu vme de pse tsc msr pae mce cx8 apic sep mtrr pge mca cmov pat pse36 clflush mmx fxsr sse sse2 ss ht syscall nx pdpe1gb rdtscp lm constant_tsc arch_perfmon nopl xtopology tsc_reliable nonstop_tsc cpuid pni pclmulqdq ssse3 fma cx16 pcid sse4_1 sse4_2 x2apic movbe popcnt tsc_deadline_timer aes xsave avx f16c rdrand hypervisor lahf_lm abm 3dnowprefetch cpuid_fault invpcid_single pti ssbd ibrs ibpb stibp fsgsbase tsc_adjust bmi1 avx2 smep bmi2 invpcid avx512f avx512dq rdseed adx smap clflushopt clwb avx512cd avx512bw avx512vl xsaveopt xsavec xsaves arat pku ospke md_clear flush_l1d arch_capabilities
bugs		: cpu_meltdown spectre_v1 spectre_v2 spec_store_bypass l1tf mds swapgs itlb_multihit
bogomips	: 5985.93
clflush size	: 64
cache_alignment	: 64
address sizes	: 43 bits physical, 48 bits virtual
power management:



Memory: 4k page, physical 16211596k(13413776k free), swap 8273916k(8247804k free)

vm_info: Java HotSpot(TM) Server VM (25.281-b09) for linux-x86 JRE (1.8.0_281-b09), built on Dec  9 2020 12:36:01 by "java_re" with gcc 7.3.0

time: Fri Aug 20 14:27:05 2021
timezone: CDT
elapsed time: 0.968484 seconds (0d 0h 0m 0s)

