#
# A fatal error has been detected by the Java Runtime Environment:
#
#  SIGSEGV (0xb) at pc=0xf6b59f87, pid=272209, tid=0xf66a4700
#
# JRE version: Java(TM) SE Runtime Environment (8.0_281-b09) (build 1.8.0_281-b09)
# Java VM: Java HotSpot(TM) Server VM (25.281-b09 mixed mode linux-x86 )
# Problematic frame:
# C  [libunikixtran.so+0x1acf87]  abend+0x68
#
# Core dump written. Default location: /apps/test/mdoff/sys/core or core.272209
#
# If you would like to submit a bug report, please visit:
#   http://bugreport.java.com/bugreport/crash.jsp
# The crash happened outside the Java Virtual Machine in native code.
# See problematic frame for where to report the bug.
#

---------------  T H R E A D  ---------------

Current thread (0x08fee400):  JavaThread "main" [_thread_in_native, id=272209, stack(0xff702000,0xff802000)]

siginfo: si_signo: 11 (SIGSEGV), si_code: 1 (SEGV_MAPERR), si_addr: 0x00000014

Registers:
EAX=0x00000000, EBX=0xf6ee7360, ECX=0x00000000, EDX=0x14063000
ESP=0xff7f5650, EBP=0x00000001, ESI=0xff7f56f6, EDI=0x4f420b40
EIP=0xf6b59f87, EFLAGS=0x00010246, CR2=0x00000014

Top of Stack: (sp=0xff7f5650)
0xff7f5650:   00063000 00000000 00000020 00000002
0xff7f5660:   00000020 f7a82b5c 0000000c f747959c
0xff7f5670:   f7ac5000 08fee400 ff7f56b8 f747c512
0xff7f5680:   08fee538 f7ac5000 ff7f56b8 f747c55f
0xff7f5690:   00000000 0000000c ff7f55d8 00000000
0xff7f56a0:   00000000 4f420b40 00000001 f6b3cd8d
0xff7f56b0:   00021085 00000000 00000000 00000000
0xff7f56c0:   00000200 090f1cc8 0964f4e4 de77dff4 

Instructions: (pc=0xf6b59f87)
0xf6b59f67:   00 00 83 b8 c0 02 00 00 00 74 0c c7 04 24 8b bf
0xf6b59f77:   c3 f6 e8 8f fa 06 00 c6 43 03 0c a1 64 70 ee f6
0xf6b59f87:   8b 50 14 89 93 b4 00 00 00 8b 40 18 89 83 b8 00
0xf6b59f97:   00 00 80 7e 02 41 75 7f 8b 84 24 98 00 00 00 89 

Register to memory mapping:

EAX=0x00000000 is an unknown value
EBX=0xf6ee7360: xtcb+0 in /apps/mtp/mtp/lib/libunikixtran.so at 0xf69ad000
ECX=0x00000000 is an unknown value
EDX=0x14063000 is an unknown value
ESP=0xff7f5650 is pointing into the stack for thread: 0x08fee400
EBP=0x00000001 is an unknown value
ESI=0xff7f56f6 is pointing into the stack for thread: 0x08fee400
EDI=0x4f420b40 is an unknown value


Stack: [0xff702000,0xff802000],  sp=0xff7f5650,  free space=973k
Native frames: (J=compiled Java code, j=interpreted, Vv=VM code, C=native code)
C  [libunikixtran.so+0x1acf87]  abend+0x68


---------------  P R O C E S S  ---------------

Java Threads: ( => current thread )
  0x09239400 JavaThread "Service Thread" daemon [_thread_blocked, id=272277, stack(0xdccfe000,0xdcdff000)]
  0x09236000 JavaThread "C1 CompilerThread2" daemon [_thread_blocked, id=272276, stack(0xdd07f000,0xdd0ff000)]
  0x09234c00 JavaThread "C2 CompilerThread1" daemon [_thread_blocked, id=272275, stack(0xdd37f000,0xdd3ff000)]
  0x09232c00 JavaThread "C2 CompilerThread0" daemon [_thread_in_native, id=272273, stack(0xdd656000,0xdd6d6000)]
  0x09231400 JavaThread "Attach Listener" daemon [_thread_blocked, id=272272, stack(0xdcdff000,0xdcf00000)]
  0x09217000 JavaThread "Finalizer" daemon [_thread_blocked, id=272265, stack(0xdd0ff000,0xdd200000)]
  0x09214000 JavaThread "Reference Handler" daemon [_thread_blocked, id=272264, stack(0xdd3ff000,0xdd500000)]
=>0x08fee400 JavaThread "main" [_thread_in_native, id=272209, stack(0xff702000,0xff802000)]

Other Threads:
  0x0920e400 VMThread [stack: 0xdd6d7000,0xdd757000] [id=272263]
  0x0923b400 WatcherThread [stack: 0xdcc7e000,0xdccfe000] [id=272278]

VM state:not at safepoint (normal execution)

VM Mutex/Monitor currently owned by a thread: None

Heap:
 PSYoungGen      total 19200K, used 9269K [0xe3f80000, 0xe54c0000, 0xe6a00000)
  eden space 16640K, 55% used [0xe3f80000,0xe488d4a8,0xe4fc0000)
  from space 2560K, 0% used [0xe5240000,0xe5240000,0xe54c0000)
  to   space 2560K, 0% used [0xe4fc0000,0xe4fc0000,0xe5240000)
 ParOldGen       total 43776K, used 0K [0xdea00000, 0xe14c0000, 0xe3f80000)
  object space 43776K, 0% used [0xdea00000,0xdea00000,0xe14c0000)
 Metaspace       used 4318K, capacity 4474K, committed 4528K, reserved 5424K

Card table byte_map: [0xe6a0b000,0xe6a4c000] byte_map_base: 0xe6316000

Marking Bits: (ParMarkBitMap*) 0xf7af5e60
 Begin Bits: [0xdde00000, 0xde000000)
 End Bits:   [0xde000000, 0xde200000)

Polling page: 0xf7f40000

CodeCache: size=245760Kb used=1267Kb max_used=1267Kb free=244492Kb
 bounds [0xe6e0c000, 0xe704c000, 0xf5e0c000]
 total_blobs=584 nmethods=399 adapters=99
 compilation: enabled

Compilation events (10 events):
Event: 0.754 Thread 0x09236000  395   !   3       java.util.zip.Inflater::inflate (113 bytes)
Event: 0.754 Thread 0x09236000 nmethod 395 0xe6f46d08 code [0xe6f46ea0, 0xe6f473b0]
Event: 0.754 Thread 0x09236000  393       3       java.lang.invoke.MemberName::isConstructor (7 bytes)
Event: 0.754 Thread 0x09236000 nmethod 393 0xe6f47708 code [0xe6f47820, 0xe6f479e0]
Event: 0.754 Thread 0x09236000  391       1       java.util.Hashtable$Entry::getKey (5 bytes)
Event: 0.754 Thread 0x09236000 nmethod 391 0xe6f47ac8 code [0xe6f47bc0, 0xe6f47c60]
Event: 0.754 Thread 0x09236000  392       1       java.util.Hashtable$Entry::getValue (5 bytes)
Event: 0.754 Thread 0x09236000 nmethod 392 0xe6f47cc8 code [0xe6f47dc0, 0xe6f47e60]
Event: 0.764 Thread 0x09236000  399   !   3       java.util.zip.ZipFile$ZipFileInputStream::read (131 bytes)
Event: 0.767 Thread 0x09232c00  411       4       java.lang.String::replace (127 bytes)

GC Heap History (0 events):
No events

Deoptimization events (3 events):
Event: 0.252 Thread 0x08fee400 Uncommon trap: reason=unstable_if action=reinterpret pc=0xe6ebbef8 method=java.lang.String.indexOf(II)I @ 49
Event: 0.550 Thread 0x08fee400 Uncommon trap: reason=unstable_if action=reinterpret pc=0xe6eca9e0 method=java.lang.CharacterDataLatin1.digit(II)I @ 82
Event: 0.555 Thread 0x08fee400 Uncommon trap: reason=unstable_if action=reinterpret pc=0xe6f16a50 method=java.lang.String.replace(CC)Ljava/lang/String; @ 26

Classes redefined (0 events):
No events

Internal exceptions (10 events):
Event: 0.415 Thread 0x08fee400 Exception <a 'java/security/PrivilegedActionException'> (0xe43c6508) thrown at [/scratch/jenkins/workspace/8-2-build-linux-i586/jdk8u281/880/hotspot/src/share/vm/prims/jvm.cpp, line 1512]
Event: 0.415 Thread 0x08fee400 Exception <a 'java/security/PrivilegedActionException'> (0xe43c6708) thrown at [/scratch/jenkins/workspace/8-2-build-linux-i586/jdk8u281/880/hotspot/src/share/vm/prims/jvm.cpp, line 1512]
Event: 0.415 Thread 0x08fee400 Exception <a 'java/security/PrivilegedActionException'> (0xe43c7168) thrown at [/scratch/jenkins/workspace/8-2-build-linux-i586/jdk8u281/880/hotspot/src/share/vm/prims/jvm.cpp, line 1512]
Event: 0.415 Thread 0x08fee400 Exception <a 'java/security/PrivilegedActionException'> (0xe43c7368) thrown at [/scratch/jenkins/workspace/8-2-build-linux-i586/jdk8u281/880/hotspot/src/share/vm/prims/jvm.cpp, line 1512]
Event: 0.415 Thread 0x08fee400 Exception <a 'java/security/PrivilegedActionException'> (0xe43c7dc8) thrown at [/scratch/jenkins/workspace/8-2-build-linux-i586/jdk8u281/880/hotspot/src/share/vm/prims/jvm.cpp, line 1512]
Event: 0.415 Thread 0x08fee400 Exception <a 'java/security/PrivilegedActionException'> (0xe43c7fc8) thrown at [/scratch/jenkins/workspace/8-2-build-linux-i586/jdk8u281/880/hotspot/src/share/vm/prims/jvm.cpp, line 1512]
Event: 0.493 Thread 0x08fee400 Exception <a 'java/lang/NoSuchFieldError': method resolution failed> (0xe44d0de8) thrown at [/scratch/jenkins/workspace/8-2-build-linux-i586/jdk8u281/880/hotspot/src/share/vm/prims/methodHandles.cpp, line 1169]
Event: 0.494 Thread 0x08fee400 Exception <a 'java/lang/NoSuchFieldError': method resolution failed> (0xe44dcf68) thrown at [/scratch/jenkins/workspace/8-2-build-linux-i586/jdk8u281/880/hotspot/src/share/vm/prims/methodHandles.cpp, line 1169]
Event: 0.554 Thread 0x08fee400 Exception <a 'java/io/FileNotFoundException'> (0xe4555ae8) thrown at [/scratch/jenkins/workspace/8-2-build-linux-i586/jdk8u281/880/hotspot/src/share/vm/prims/jni.cpp, line 710]
Event: 0.555 Thread 0x08fee400 Exception <a 'java/io/FileNotFoundException'> (0xe4587750) thrown at [/scratch/jenkins/workspace/8-2-build-linux-i586/jdk8u281/880/hotspot/src/share/vm/prims/jni.cpp, line 710]

Events (10 events):
Event: 0.767 loading class KXCALLKIX
Event: 0.767 loading class KXCALLKIX done
Event: 0.767 loading class java/net/URI
Event: 0.768 loading class java/net/URI done
Event: 0.768 loading class java/net/URI$Parser
Event: 0.768 loading class java/net/URI$Parser done
Event: 0.768 loading class KXCALLKIX
Event: 0.768 loading class KXCALLKIX done
Event: 0.769 loading class kxcallkix
Event: 0.769 loading class kxcallkix done


Dynamic libraries:
08048000-08049000 r-xp 00000000 08:10 4194405                            /apps/mtp/TPE16.0.2/bin/unikixtran
08049000-0804a000 r--p 00000000 08:10 4194405                            /apps/mtp/TPE16.0.2/bin/unikixtran
0804a000-0804b000 rw-p 00001000 08:10 4194405                            /apps/mtp/TPE16.0.2/bin/unikixtran
08fc4000-09660000 rw-p 00000000 00:00 0                                  [heap]
20000000-50000000 rw-s 00000000 00:01 30                                 /SYSV010a037b (deleted)
50002000-80002000 rw-s 00000000 00:01 31                                 /SYSV00000000 (deleted)
80004000-80a2c000 rw-s 00000000 00:01 32                                 /SYSV00000000 (deleted)
80a2e000-80a5c000 rw-s 00000000 00:01 33                                 /SYSV00000000 (deleted)
80a5e000-82a5f000 rw-s 00000000 00:01 34                                 /SYSV00000000 (deleted)
dca00000-dca20000 rw-p 00000000 00:00 0 
dca20000-dcb00000 ---p 00000000 00:00 0 
dcb00000-dcbb3000 rw-p 00000000 00:00 0 
dcbb3000-dcc00000 ---p 00000000 00:00 0 
dcc7d000-dcc7e000 ---p 00000000 00:00 0 
dcc7e000-dccfe000 rw-p 00000000 00:00 0 
dccfe000-dcd01000 ---p 00000000 00:00 0 
dcd01000-dcdff000 rw-p 00000000 00:00 0 
dcdff000-dce02000 ---p 00000000 00:00 0 
dce02000-dcf00000 rw-p 00000000 00:00 0 
dcf00000-dcf7c000 rw-p 00000000 00:00 0 
dcf7c000-dd000000 ---p 00000000 00:00 0 
dd04f000-dd051000 r-xp 00000000 08:10 4195244                            /apps/mtp/TPE16.0.2/lib/libkxusrexit.so
dd051000-dd052000 r--p 00001000 08:10 4195244                            /apps/mtp/TPE16.0.2/lib/libkxusrexit.so
dd052000-dd053000 rw-p 00002000 08:10 4195244                            /apps/mtp/TPE16.0.2/lib/libkxusrexit.so
dd053000-dd054000 rw-p 00000000 00:00 0 
dd054000-dd059000 r--s 0005f000 08:10 4195644                            /apps/mtp/TPE16.0.2/axis2/axis2-1.7.8/lib/jibx-bind-1.2.jar
dd059000-dd07e000 r--s 001d7000 08:10 4195688                            /apps/mtp/TPE16.0.2/axis2/axis2-1.7.8/lib/jaxb-xjc-2.2.6.jar
dd07e000-dd07f000 ---p 00000000 00:00 0 
dd07f000-dd082000 ---p 00000000 00:00 0 
dd082000-dd0ff000 rw-p 00000000 00:00 0 
dd0ff000-dd102000 ---p 00000000 00:00 0 
dd102000-dd200000 rw-p 00000000 00:00 0 
dd200000-dd256000 rw-p 00000000 00:00 0 
dd256000-dd300000 ---p 00000000 00:00 0 
dd300000-dd301000 r--s 00002000 08:10 4195716                            /apps/mtp/TPE16.0.2/axis2/axis2-1.7.8/lib/geronimo-annotation_1.0_spec-1.1.jar
dd301000-dd302000 r--s 00003000 08:10 4195645                            /apps/mtp/TPE16.0.2/axis2/axis2-1.7.8/lib/axis2-spring-1.7.8.jar
dd302000-dd305000 r--s 0000f000 08:10 4195615                            /apps/mtp/TPE16.0.2/axis2/axis2-1.7.8/lib/commons-fileupload-1.3.3.jar
dd305000-dd310000 r--s 0005d000 08:10 4195611                            /apps/mtp/TPE16.0.2/axis2/axis2-1.7.8/lib/axiom-api-1.2.20.jar
dd310000-dd314000 r--s 00034000 08:10 4195652                            /apps/mtp/TPE16.0.2/axis2/axis2-1.7.8/lib/tribes-6.0.16.jar
dd314000-dd318000 r--s 00029000 08:10 4195612                            /apps/mtp/TPE16.0.2/axis2/axis2-1.7.8/lib/stax2-api-3.1.1.jar
dd318000-dd31a000 r--s 00013000 08:10 4195719                            /apps/mtp/TPE16.0.2/axis2/axis2-1.7.8/lib/xml-resolver-1.2.jar
dd31a000-dd31c000 r--s 00003000 08:10 4195685                            /apps/mtp/TPE16.0.2/axis2/axis2-1.7.8/lib/axis2-fastinfoset-1.7.8.jar
dd31c000-dd320000 r--s 00015000 08:10 4195687                            /apps/mtp/TPE16.0.2/axis2/axis2-1.7.8/lib/jaxb-api-2.2.6.jar
dd320000-dd322000 r--s 00009000 08:10 4195621                            /apps/mtp/TPE16.0.2/axis2/axis2-1.7.8/lib/commons-cli-1.2.jar
dd322000-dd32f000 r--s 000aa000 08:10 4195708                            /apps/mtp/TPE16.0.2/axis2/axis2-1.7.8/lib/httpclient-4.5.3.jar
dd32f000-dd340000 r--s 00136000 08:10 4195663                            /apps/mtp/TPE16.0.2/axis2/axis2-1.7.8/lib/jalopy-1.5rc3.jar
dd340000-dd37e000 r--s 0025d000 08:10 4195622                            /apps/mtp/TPE16.0.2/axis2/axis2-1.7.8/lib/xmlbeans-2.6.0.jar
dd37e000-dd37f000 ---p 00000000 00:00 0 
dd37f000-dd382000 ---p 00000000 00:00 0 
dd382000-dd3ff000 rw-p 00000000 00:00 0 
dd3ff000-dd402000 ---p 00000000 00:00 0 
dd402000-dd500000 rw-p 00000000 00:00 0 
dd500000-dd5fe000 rw-p 00000000 00:00 0 
dd5fe000-dd600000 ---p 00000000 00:00 0 
dd600000-dd601000 r--s 00005000 08:10 4195654                            /apps/mtp/TPE16.0.2/axis2/axis2-1.7.8/lib/axis2-ant-plugin-1.7.8.jar
dd601000-dd604000 r--s 00015000 08:10 4195675                            /apps/mtp/TPE16.0.2/axis2/axis2-1.7.8/lib/apache-mime4j-core-0.7.2.jar
dd604000-dd606000 r--s 0000b000 08:10 4195662                            /apps/mtp/TPE16.0.2/axis2/axis2-1.7.8/lib/axis2-transport-xmpp-1.7.8.jar
dd606000-dd60d000 r--s 00059000 08:10 4195624                            /apps/mtp/TPE16.0.2/axis2/axis2-1.7.8/lib/log4j-1.2.15.jar
dd60d000-dd60f000 r--s 00006000 08:10 4195679                            /apps/mtp/TPE16.0.2/axis2/axis2-1.7.8/lib/commons-codec-1.2.jar
dd60f000-dd612000 r--s 00017000 08:10 4195658                            /apps/mtp/TPE16.0.2/axis2/axis2-1.7.8/lib/axis2-transport-base-1.7.8.jar
dd612000-dd617000 r--s 00020000 08:10 4195677                            /apps/mtp/TPE16.0.2/axis2/axis2-1.7.8/lib/wsdl4j-1.6.2.jar
dd617000-dd619000 r--s 00006000 08:10 4195649                            /apps/mtp/TPE16.0.2/axis2/axis2-1.7.8/lib/geronimo-saaj_1.3_spec-1.0.1.jar
dd619000-dd61b000 r--s 00007000 08:10 4195655                            /apps/mtp/TPE16.0.2/axis2/axis2-1.7.8/lib/mex-1.7.8-impl.jar
dd61b000-dd61d000 r--s 00003000 08:10 4195686                            /apps/mtp/TPE16.0.2/axis2/axis2-1.7.8/lib/axiom-jaxb-1.2.20.jar
dd61d000-dd627000 r--s 00082000 08:10 4195676                            /apps/mtp/TPE16.0.2/axis2/axis2-1.7.8/lib/axiom-impl-1.2.20.jar
dd627000-dd630000 r--s 00062000 08:10 4195650                            /apps/mtp/TPE16.0.2/axis2/axis2-1.7.8/lib/axis2-metadata-1.7.8.jar
dd630000-dd632000 r--s 00007000 08:10 4195646                            /apps/mtp/TPE16.0.2/axis2/axis2-1.7.8/lib/axis2-soapmonitor-servlet-1.7.8.jar
dd632000-dd633000 r--s 00003000 08:10 4195614                            /apps/mtp/TPE16.0.2/axis2/axis2-1.7.8/lib/geronimo-jta_1.1_spec-1.1.jar
dd633000-dd635000 r--s 0000e000 08:10 4195659                            /apps/mtp/TPE16.0.2/axis2/axis2-1.7.8/lib/activation-1.1.jar
dd635000-dd637000 r--s 0000c000 08:10 4195682                            /apps/mtp/TPE16.0.2/axis2/axis2-1.7.8/lib/axis2-json-1.7.8.jar
dd637000-dd638000 r--s 00006000 08:10 4195660                            /apps/mtp/TPE16.0.2/axis2/axis2-1.7.8/lib/axis2-transport-tcp-1.7.8.jar
dd638000-dd63a000 r--s 00006000 08:10 4195647                            /apps/mtp/TPE16.0.2/axis2/axis2-1.7.8/lib/axis2-jaxbri-1.7.8.jar
dd63a000-dd63c000 r--s 00004000 08:10 4195661                            /apps/mtp/TPE16.0.2/axis2/axis2-1.7.8/lib/axis2-transport-udp-1.7.8.jar
dd63c000-dd640000 r--s 00028000 08:10 4195684                            /apps/mtp/TPE16.0.2/axis2/axis2-1.7.8/lib/gson-2.1.jar
dd640000-dd642000 r--s 00012000 08:10 4195689                            /apps/mtp/TPE16.0.2/axis2/axis2-1.7.8/lib/axis2-transport-jms-1.7.8.jar
dd642000-dd646000 r--s 00026000 08:10 4195617                            /apps/mtp/TPE16.0.2/axis2/axis2-1.7.8/lib/xmlschema-core-2.2.1.jar
dd646000-dd64c000 r--s 00070000 08:10 4195639                            /apps/mtp/TPE16.0.2/axis2/axis2-1.7.8/lib/woodstox-core-asl-4.2.0.jar
dd64c000-dd655000 r--s 00097000 08:10 4195620                            /apps/mtp/TPE16.0.2/axis2/axis2-1.7.8/lib/axis2-adb-1.7.8.jar
dd655000-dd656000 ---p 00000000 00:00 0 
dd656000-dd659000 ---p 00000000 00:00 0 
dd659000-dd6d6000 rw-p 00000000 00:00 0 
dd6d6000-dd6d7000 ---p 00000000 00:00 0 
dd6d7000-dd757000 rw-p 00000000 00:00 0 
dd757000-dd934000 r--s 03dd0000 fd:00 203051326                          /usr/java/jdk1.8.0_281-i586/jre/lib/rt.jar
dd934000-de200000 rw-p 00000000 00:00 0 
de200000-de221000 rw-p 00000000 00:00 0 
de221000-de300000 ---p 00000000 00:00 0 
de300000-de302000 r--s 0002b000 08:10 4195710                            /apps/mtp/TPE16.0.2/axis2/axis2-1.7.8/lib/axis2-adb-codegen-1.7.8.jar
de302000-de303000 r--s 00007000 08:10 4195636                            /apps/mtp/TPE16.0.2/axis2/axis2-1.7.8/lib/axis2-java2wsdl-1.7.8.jar
de303000-de319000 r--s 000fa000 08:10 4195648                            /apps/mtp/TPE16.0.2/axis2/axis2-1.7.8/lib/jaxb-impl-2.2.6.jar
de319000-de31b000 r--s 00010000 08:10 4195640                            /apps/mtp/TPE16.0.2/axis2/axis2-1.7.8/lib/neethi-3.0.3.jar
de31b000-de31e000 r--s 00013000 08:10 4195683                            /apps/mtp/TPE16.0.2/axis2/axis2-1.7.8/lib/jettison-1.3.8.jar
de31e000-de324000 r--s 00033000 08:10 4195638                            /apps/mtp/TPE16.0.2/axis2/axis2-1.7.8/lib/jaxen-1.1.6.jar
de324000-de325000 r--s 00003000 08:10 4195613                            /apps/mtp/TPE16.0.2/axis2/axis2-1.7.8/lib/geronimo-ws-metadata_2.0_spec-1.1.2.jar
de325000-de327000 r--s 00008000 08:10 4195712                            /apps/mtp/TPE16.0.2/axis2/axis2-1.7.8/lib/axis2-jibx-1.7.8.jar
de327000-de328000 r--s 00004000 08:10 4195653                            /apps/mtp/TPE16.0.2/axis2/axis2-1.7.8/lib/juli-6.0.16.jar
de328000-de32a000 r--s 00003000 08:10 4195642                            /apps/mtp/TPE16.0.2/axis2/axis2-1.7.8/lib/axis2-transport-local-1.7.8.jar
de32a000-de32d000 r--s 00023000 08:10 4195656                            /apps/mtp/TPE16.0.2/axis2/axis2-1.7.8/lib/axis2-corba-1.7.8.jar
de32d000-de332000 r--s 00068000 08:10 4195623                            /apps/mtp/TPE16.0.2/axis2/axis2-1.7.8/lib/antlr-2.7.7.jar
de332000-de334000 r--s 0000a000 08:10 4195618                            /apps/mtp/TPE16.0.2/axis2/axis2-1.7.8/lib/jsr311-api-1.1.1.jar
de334000-de337000 r--s 0000c000 08:10 4195717                            /apps/mtp/TPE16.0.2/axis2/axis2-1.7.8/lib/geronimo-jaxws_2.2_spec-1.0.jar
de337000-de33c000 r--s 0003b000 08:10 4195709                            /apps/mtp/TPE16.0.2/axis2/axis2-1.7.8/lib/axis2-codegen-1.7.8.jar
de33c000-de35a000 r--s 0027d000 08:10 4195720                            /apps/mtp/TPE16.0.2/axis2/axis2-1.7.8/lib/xalan-2.7.0.jar
de35a000-de363000 r--s 00053000 08:10 4195641                            /apps/mtp/TPE16.0.2/axis2/axis2-1.7.8/lib/woden-core-1.0M10.jar
de363000-de36e000 r--s 000c2000 08:10 4195643                            /apps/mtp/TPE16.0.2/axis2/axis2-1.7.8/lib/jaxws-tools-2.2.6.jar
de36e000-de371000 r--s 00025000 08:10 4195616                            /apps/mtp/TPE16.0.2/axis2/axis2-1.7.8/lib/commons-io-2.1.jar
de371000-de373000 r--s 00009000 08:10 4195690                            /apps/mtp/TPE16.0.2/axis2/axis2-1.7.8/lib/axis2-transport-mail-1.7.8.jar
de373000-de37f000 r--s 000a3000 08:10 4195681                            /apps/mtp/TPE16.0.2/axis2/axis2-1.7.8/lib/axiom-dom-1.2.20.jar
de37f000-de380000 ---p 00000000 00:00 0 
de380000-de400000 rw-p 00000000 00:00 0 
de400000-de421000 rw-p 00000000 00:00 0 
de421000-de500000 ---p 00000000 00:00 0 
de500000-de50a000 r--s 0008c000 08:10 4195714                            /apps/mtp/TPE16.0.2/axis2/axis2-1.7.8/lib/bcel-findbugs-6.0.jar
de50a000-de510000 r--s 00059000 08:10 4195691                            /apps/mtp/TPE16.0.2/axis2/axis2-1.7.8/lib/mail-1.4.jar
de510000-de512000 r--s 0000d000 08:10 4195637                            /apps/mtp/TPE16.0.2/axis2/axis2-1.7.8/lib/commons-logging-1.1.1.jar
de512000-de520000 r--s 000aa000 08:10 4195715                            /apps/mtp/TPE16.0.2/axis2/axis2-1.7.8/lib/axis2-jaxws-1.7.8.jar
de520000-de57f000 r--s 003fa000 fd:00 68304515                           /opt/lib/cobol/NTT_DATA_COBOL_6.0/lib/dependencies/bcprov-jdk15on-162.jar
de57f000-de580000 ---p 00000000 00:00 0 
de580000-de600000 rw-p 00000000 00:00 0 
de600000-de621000 rw-p 00000000 00:00 0 
de621000-de700000 ---p 00000000 00:00 0 
de700000-de703000 r--s 00018000 08:10 4195651                            /apps/mtp/TPE16.0.2/axis2/axis2-1.7.8/lib/axis2-clustering-1.7.8.jar
de703000-de706000 r--s 0001d000 08:10 4195713                            /apps/mtp/TPE16.0.2/axis2/axis2-1.7.8/lib/jibx-run-1.2.jar
de706000-de70c000 r--s 00045000 08:10 4195680                            /apps/mtp/TPE16.0.2/axis2/axis2-1.7.8/lib/commons-httpclient-3.1.jar
de70c000-de714000 r--s 00048000 08:10 4195619                            /apps/mtp/TPE16.0.2/axis2/axis2-1.7.8/lib/httpcore-4.4.6.jar
de714000-de77d000 r-xp 00000000 fd:00 2424358                            /opt/lib/cobol/NTT_DATA_COBOL_6.0/native/lib/libvcobol.so
de77d000-de77e000 r--p 00068000 fd:00 2424358                            /opt/lib/cobol/NTT_DATA_COBOL_6.0/native/lib/libvcobol.so
de77e000-de77f000 rw-p 00069000 fd:00 2424358                            /opt/lib/cobol/NTT_DATA_COBOL_6.0/native/lib/libvcobol.so
de77f000-de780000 ---p 00000000 00:00 0 
de780000-de800000 rw-p 00000000 00:00 0 
de800000-de821000 rw-p 00000000 00:00 0 
de821000-de900000 ---p 00000000 00:00 0 
de900000-de901000 r--s 00003000 08:10 4195657                            /apps/mtp/TPE16.0.2/axis2/axis2-1.7.8/lib/axis2-mtompolicy-1.7.8.jar
de901000-de904000 r--s 00028000 08:10 4195678                            /apps/mtp/TPE16.0.2/axis2/axis2-1.7.8/lib/axis2-transport-http-1.7.8.jar
de904000-de906000 r--s 00015000 08:10 4195718                            /apps/mtp/TPE16.0.2/axis2/axis2-1.7.8/lib/axis2-saaj-1.7.8.jar
de906000-de908000 r--s 00006000 08:10 4195674                            /apps/mtp/TPE16.0.2/axis2/axis2-1.7.8/lib/geronimo-stax-api_1.0_spec-1.0.1.jar
de908000-de915000 r--s 000ee000 08:10 4195707                            /apps/mtp/TPE16.0.2/axis2/axis2-1.7.8/lib/axis2-kernel-1.7.8.jar
de915000-de917000 r--s 00006000 08:10 4195711                            /apps/mtp/TPE16.0.2/axis2/axis2-1.7.8/lib/axis2-xmlbeans-1.7.8.jar
de917000-de92b000 r--s 000c1000 fd:00 68304514                           /opt/lib/cobol/NTT_DATA_COBOL_6.0/lib/dependencies/bcpkix-jdk15on-162.jar
de92b000-de92e000 r--s 00018000 fd:00 68304513                           /opt/lib/cobol/NTT_DATA_COBOL_6.0/lib/dependencies/bcmail-jdk15on-162.jar
de92e000-de945000 r--s 0013e000 fd:00 2424346                            /opt/lib/cobol/NTT_DATA_COBOL_6.0/lib/vcobol-runtime.jar
de945000-de946000 r--s 00007000 08:10 4195233                            /apps/mtp/TPE16.0.2/lib/transutil.jar
de946000-de948000 r-xp 00000000 08:10 4195225                            /apps/mtp/TPE16.0.2/lib/liblang_vcobol.so
de948000-de949000 r--p 00001000 08:10 4195225                            /apps/mtp/TPE16.0.2/lib/liblang_vcobol.so
de949000-de94a000 rw-p 00002000 08:10 4195225                            /apps/mtp/TPE16.0.2/lib/liblang_vcobol.so
de94a000-de94e000 r--s 00075000 08:10 4195231                            /apps/mtp/TPE16.0.2/lib/kixsysapi.jar
de94e000-de952000 r--s 00022000 08:10 4195232                            /apps/mtp/TPE16.0.2/lib/dfjcics.jar
de952000-de953000 r--p 00000000 fd:00 134305721                          /usr/lib/locale/en_US/LC_NUMERIC
de953000-de954000 r--p 00000000 fd:00 134305710                          /usr/lib/locale/en_US/LC_TIME
de954000-de955000 ---p 00000000 00:00 0 
de955000-de9eb000 rw-p 00000000 00:00 0 
de9eb000-dea00000 ---p 00000000 00:00 0 
dea00000-e14c0000 rw-p 00000000 00:00 0 
e14c0000-e3f80000 ---p 00000000 00:00 0 
e3f80000-e54c0000 rw-p 00000000 00:00 0 
e54c0000-e6a00000 ---p 00000000 00:00 0 
e6a00000-e6a06000 r--p 00000000 fd:00 134305717                          /usr/lib/locale/en_US/LC_COLLATE
e6a06000-e6a07000 r--p 00000000 fd:00 134305708                          /usr/lib/locale/en_US/LC_MONETARY
e6a07000-e6a08000 r--p 00000000 fd:00 68251861                           /usr/lib/locale/en_US/LC_MESSAGES/SYS_LC_MESSAGES
e6a08000-e6a09000 r--p 00000000 fd:00 134305725                          /usr/lib/locale/en_US/LC_PAPER
e6a09000-e6a0a000 r--p 00000000 fd:00 134305726                          /usr/lib/locale/en_US/LC_NAME
e6a0a000-e6a0b000 r--p 00000000 fd:00 134305703                          /usr/lib/locale/en_US/LC_ADDRESS
e6a0b000-e6a21000 rw-p 00000000 00:00 0 
e6a21000-e6a35000 ---p 00000000 00:00 0 
e6a35000-e6a41000 rw-p 00000000 00:00 0 
e6a41000-e6a4b000 ---p 00000000 00:00 0 
e6a4b000-e6a55000 rw-p 00000000 00:00 0 
e6a55000-e6e0c000 ---p 00000000 00:00 0 
e6e0c000-e704c000 rwxp 00000000 00:00 0 
e704c000-f5e0c000 ---p 00000000 00:00 0 
f5e0c000-f5e27000 r-xp 00000000 fd:00 137647970                          /usr/java/jdk1.8.0_281-i586/jre/lib/i386/libzip.so
f5e27000-f5e28000 r--p 0001a000 fd:00 137647970                          /usr/java/jdk1.8.0_281-i586/jre/lib/i386/libzip.so
f5e28000-f5e29000 rw-p 0001b000 fd:00 137647970                          /usr/java/jdk1.8.0_281-i586/jre/lib/i386/libzip.so
f5e29000-f5e50000 r-xp 00000000 fd:00 137303138                          /usr/java/jdk1.8.0_281-i586/jre/lib/i386/libjava.so
f5e50000-f5e51000 r--p 00026000 fd:00 137303138                          /usr/java/jdk1.8.0_281-i586/jre/lib/i386/libjava.so
f5e51000-f5e52000 rw-p 00027000 fd:00 137303138                          /usr/java/jdk1.8.0_281-i586/jre/lib/i386/libjava.so
f5e52000-f5e5d000 r-xp 00000000 fd:00 137647969                          /usr/java/jdk1.8.0_281-i586/jre/lib/i386/libverify.so
f5e5d000-f5e5e000 ---p 0000b000 fd:00 137647969                          /usr/java/jdk1.8.0_281-i586/jre/lib/i386/libverify.so
f5e5e000-f5e5f000 r--p 0000b000 fd:00 137647969                          /usr/java/jdk1.8.0_281-i586/jre/lib/i386/libverify.so
f5e5f000-f5e60000 rw-p 0000c000 fd:00 137647969                          /usr/java/jdk1.8.0_281-i586/jre/lib/i386/libverify.so
f5e60000-f5e61000 ---p 00000000 00:00 0 
f5e61000-f6661000 rw-p 00000000 00:00 0 
f6661000-f666d000 r-xp 00000000 fd:00 134838610                          /usr/lib/libnss_files-2.28.so
f666d000-f666e000 r--p 0000b000 fd:00 134838610                          /usr/lib/libnss_files-2.28.so
f666e000-f666f000 rw-p 0000c000 fd:00 134838610                          /usr/lib/libnss_files-2.28.so
f666f000-f6675000 rw-p 00000000 00:00 0 
f6675000-f6676000 r--p 00000000 fd:00 134305709                          /usr/lib/locale/en_US/LC_TELEPHONE
f6676000-f6677000 r--p 00000000 fd:00 134305707                          /usr/lib/locale/en_US/LC_MEASUREMENT
f6677000-f667a000 rw-p 00000000 00:00 0 
f667a000-f6682000 rw-s 00000000 fd:00 134969085                          /tmp/hsperfdata_mtpadmin/272209
f6682000-f6683000 r-xp 00000000 08:10 4195246                            /apps/mtp/TPE16.0.2/lib/libkixpli.so
f6683000-f6684000 r--p 00000000 08:10 4195246                            /apps/mtp/TPE16.0.2/lib/libkixpli.so
f6684000-f6685000 rw-p 00001000 08:10 4195246                            /apps/mtp/TPE16.0.2/lib/libkixpli.so
f6685000-f6686000 r-xp 00000000 08:10 4195242                            /apps/mtp/TPE16.0.2/lib/libkxtermexit.so
f6686000-f6687000 r--p 00000000 08:10 4195242                            /apps/mtp/TPE16.0.2/lib/libkxtermexit.so
f6687000-f6688000 rw-p 00001000 08:10 4195242                            /apps/mtp/TPE16.0.2/lib/libkxtermexit.so
f6688000-f669e000 r-xp 00000000 08:10 4195235                            /apps/mtp/TPE16.0.2/lib/libkxsecexit.so
f669e000-f669f000 r--p 00015000 08:10 4195235                            /apps/mtp/TPE16.0.2/lib/libkxsecexit.so
f669f000-f66a0000 rw-p 00016000 08:10 4195235                            /apps/mtp/TPE16.0.2/lib/libkxsecexit.so
f66a0000-f66a6000 rw-p 00000000 00:00 0 
f66a6000-f66a8000 r-xp 00000000 08:10 4195223                            /apps/mtp/TPE16.0.2/lib/liblang_dyn.so
f66a8000-f66a9000 r--p 00001000 08:10 4195223                            /apps/mtp/TPE16.0.2/lib/liblang_dyn.so
f66a9000-f66aa000 rw-p 00002000 08:10 4195223                            /apps/mtp/TPE16.0.2/lib/liblang_dyn.so
f66aa000-f66b2000 r-xp 00000000 fd:00 134838616                          /usr/lib/librt-2.28.so
f66b2000-f66b3000 r--p 00007000 fd:00 134838616                          /usr/lib/librt-2.28.so
f66b3000-f66b4000 rw-p 00008000 fd:00 134838616                          /usr/lib/librt-2.28.so
f66b4000-f66b5000 r-xp 00000000 08:10 4195227                            /apps/mtp/TPE16.0.2/lib/libkxrm.so
f66b5000-f66b6000 r--p 00000000 08:10 4195227                            /apps/mtp/TPE16.0.2/lib/libkxrm.so
f66b6000-f66b7000 rw-p 00001000 08:10 4195227                            /apps/mtp/TPE16.0.2/lib/libkxrm.so
f66b7000-f66b9000 rw-p 00000000 00:00 0 
f66b9000-f66c4000 r-xp 00000000 08:10 4195224                            /apps/mtp/TPE16.0.2/lib/libkxtm.so
f66c4000-f66c5000 r--p 0000a000 08:10 4195224                            /apps/mtp/TPE16.0.2/lib/libkxtm.so
f66c5000-f66c6000 rw-p 0000b000 08:10 4195224                            /apps/mtp/TPE16.0.2/lib/libkxtm.so
f66c6000-f66d4000 r-xp 00000000 08:10 4195230                            /apps/mtp/TPE16.0.2/lib/libkxtables.so
f66d4000-f66d5000 r--p 0000d000 08:10 4195230                            /apps/mtp/TPE16.0.2/lib/libkxtables.so
f66d5000-f66d6000 rw-p 0000e000 08:10 4195230                            /apps/mtp/TPE16.0.2/lib/libkxtables.so
f66d6000-f66f7000 r-xp 00000000 fd:00 136722898                          /usr/lib/libcrypt.so.1.1.0
f66f7000-f66f8000 r--p 00020000 fd:00 136722898                          /usr/lib/libcrypt.so.1.1.0
f66f8000-f6701000 rw-p 00000000 00:00 0 
f6701000-f671d000 r-xp 00000000 fd:00 134838612                          /usr/lib/libpthread-2.28.so
f671d000-f671e000 r--p 0001b000 fd:00 134838612                          /usr/lib/libpthread-2.28.so
f671e000-f671f000 rw-p 0001c000 fd:00 134838612                          /usr/lib/libpthread-2.28.so
f671f000-f6721000 rw-p 00000000 00:00 0 
f6721000-f67f1000 r-xp 00000000 fd:00 134838604                          /usr/lib/libm-2.28.so
f67f1000-f67f2000 r--p 000cf000 fd:00 134838604                          /usr/lib/libm-2.28.so
f67f2000-f67f3000 rw-p 000d0000 fd:00 134838604                          /usr/lib/libm-2.28.so
f67f3000-f67f6000 r-xp 00000000 fd:00 134838602                          /usr/lib/libdl-2.28.so
f67f6000-f67f7000 r--p 00002000 fd:00 134838602                          /usr/lib/libdl-2.28.so
f67f7000-f67f8000 rw-p 00003000 fd:00 134838602                          /usr/lib/libdl-2.28.so
f67f8000-f6999000 r-xp 00000000 fd:00 134838600                          /usr/lib/libc-2.28.so
f6999000-f699a000 ---p 001a1000 fd:00 134838600                          /usr/lib/libc-2.28.so
f699a000-f699c000 r--p 001a1000 fd:00 134838600                          /usr/lib/libc-2.28.so
f699c000-f699d000 rw-p 001a3000 fd:00 134838600                          /usr/lib/libc-2.28.so
f699d000-f69a0000 rw-p 00000000 00:00 0 
f69a0000-f69a1000 r--p 00000000 fd:00 134305704                          /usr/lib/locale/en_US/LC_IDENTIFICATION
f69a1000-f69a2000 rw-p 00000000 00:00 0 
f69a2000-f69a3000 r-xp 00000000 08:10 4195273                            /apps/mtp/TPE16.0.2/lib/libkxsockexit.so
f69a3000-f69a4000 r--p 00000000 08:10 4195273                            /apps/mtp/TPE16.0.2/lib/libkxsockexit.so
f69a4000-f69a5000 rw-p 00001000 08:10 4195273                            /apps/mtp/TPE16.0.2/lib/libkxsockexit.so
f69a5000-f69a7000 r-xp 00000000 08:10 4195272                            /apps/mtp/TPE16.0.2/lib/libkxiscexit.so
f69a7000-f69a8000 r--p 00001000 08:10 4195272                            /apps/mtp/TPE16.0.2/lib/libkxiscexit.so
f69a8000-f69a9000 rw-p 00002000 08:10 4195272                            /apps/mtp/TPE16.0.2/lib/libkxiscexit.so
f69a9000-f69ab000 r-xp 00000000 08:10 4195271                            /apps/mtp/TPE16.0.2/lib/libkxconvexit.so
f69ab000-f69ac000 r--p 00001000 08:10 4195271                            /apps/mtp/TPE16.0.2/lib/libkxconvexit.so
f69ac000-f69ad000 rw-p 00002000 08:10 4195271                            /apps/mtp/TPE16.0.2/lib/libkxconvexit.so
f69ad000-f6c74000 r-xp 00000000 08:10 4195270                            /apps/mtp/TPE16.0.2/lib/libunikixtran.so
f6c74000-f6c75000 r--p 002c6000 08:10 4195270                            /apps/mtp/TPE16.0.2/lib/libunikixtran.so
f6c75000-f6c92000 rw-p 002c7000 08:10 4195270                            /apps/mtp/TPE16.0.2/lib/libunikixtran.so
f6c92000-f6efa000 rw-p 00000000 00:00 0 
f6efa000-f7a7d000 r-xp 00000000 fd:00 68223427                           /usr/java/jdk1.8.0_281-i586/jre/lib/i386/server/libjvm.so
f7a7d000-f7a7e000 ---p 00b83000 fd:00 68223427                           /usr/java/jdk1.8.0_281-i586/jre/lib/i386/server/libjvm.so
f7a7e000-f7ac5000 r--p 00b83000 fd:00 68223427                           /usr/java/jdk1.8.0_281-i586/jre/lib/i386/server/libjvm.so
f7ac5000-f7ae2000 rw-p 00bca000 fd:00 68223427                           /usr/java/jdk1.8.0_281-i586/jre/lib/i386/server/libjvm.so
f7ae2000-f7f07000 rw-p 00000000 00:00 0 
f7f07000-f7f09000 r-xp 00000000 fd:00 137303152                          /usr/java/jdk1.8.0_281-i586/jre/lib/i386/libjsig.so
f7f09000-f7f0a000 r--p 00001000 fd:00 137303152                          /usr/java/jdk1.8.0_281-i586/jre/lib/i386/libjsig.so
f7f0a000-f7f0b000 rw-p 00002000 fd:00 137303152                          /usr/java/jdk1.8.0_281-i586/jre/lib/i386/libjsig.so
f7f0b000-f7f0e000 rw-p 00000000 00:00 0 
f7f0e000-f7f12000 r--p 00000000 00:00 0                                  [vvar]
f7f12000-f7f14000 r-xp 00000000 00:00 0                                  [vdso]
f7f14000-f7f40000 r-xp 00000000 fd:00 134838593                          /usr/lib/ld-2.28.so
f7f40000-f7f41000 r--p 00000000 00:00 0 
f7f41000-f7f42000 r--p 0002c000 fd:00 134838593                          /usr/lib/ld-2.28.so
f7f42000-f7f43000 rw-p 0002d000 fd:00 134838593                          /usr/lib/ld-2.28.so
ff702000-ff705000 ---p 00000000 00:00 0 
ff705000-ff802000 rw-p 00000000 00:00 0                                  [stack]

VM Arguments:
jvm_args: -Dvcobol.jdbc.autocommit=false -Dvcobol.runtime.compile_flags.mandatory= -Dvcobol.runtime.compile_flags.prohibited=-d64 -Xrs -Xss1M -DKIXSYS=/apps/test/mdoff/sys -DKIXPROGS=/apps/test/mdoff/exe/onl -DUNIKIX=/apps/mtp/mtp -Xmx128m -Dvcobol.jdbc.driver=com.microsoft.sqlserver.jdbc.SQLServerDriver -Dvcobol.jdbc.url=jdbc:sqlserver://hov-tstdb01.cso.local:1433;databaseName= -Dvcobol.jdbc.autocommit=False -Djava.library.path=/apps/mtp/mtp/lib:/opt/lib/cobol/NTT_DATA_COBOL_6.0/native/lib/ exit abort 
java_command: <unknown>
java_class_path (initial): /apps/mtp/mtp/lib/dfjcics.jar:/apps/mtp/mtp/lib/kixsysapi.jar:/apps/mtp/mtp/lib/transMQJMS.jar:/apps/mtp/mtp/lib/transutil.jar:/opt/lib/cobol/NTT_DATA_COBOL_6.0/lib/vcobol-runtime.jar:/apps/test/mdoff/sys/local/bin:/apps/mtp/mtp/local/bin:/apps/test/mdoff/exe/onl:/apps/mtp/mtp/axis2/current/lib/axis2-xmlbeans-1.7.8.jar:/apps/mtp/mtp/axis2/current/lib/axis2-kernel-1.7.8.jar:/apps/mtp/mtp/axis2/current/lib/geronimo-stax-api_1.0_spec-1.0.1.jar:/apps/mtp/mtp/axis2/current/lib/axis2-saaj-1.7.8.jar:/apps/mtp/mtp/axis2/current/lib/httpcore-4.4.6.jar:/apps/mtp/mtp/axis2/current/lib/commons-httpclient-3.1.jar:/apps/mtp/mtp/axis2/current/lib/axis2-transport-http-1.7.8.jar:/apps/mtp/mtp/axis2/current/lib/jibx-run-1.2.jar:/apps/mtp/mtp/axis2/current/lib/axis2-clustering-1.7.8.jar:/apps/mtp/mtp/axis2/current/lib/axis2-jaxws-1.7.8.jar:/apps/mtp/mtp/axis2/current/lib/commons-logging-1.1.1.jar:/apps/mtp/mtp/axis2/current/lib/mail-1.4.jar:/apps/mtp/mtp/axis2/current/lib/bcel-findbugs-6.0.jar:/apps/mtp/mtp/axis2/current/lib/axiom-dom-1.2.20.jar:/apps/mtp/mtp/axis2/current/lib/axis2-transport-mail-1.7.8.jar:/apps/mtp/mtp/axis2/current/lib/commons-io-2.1.jar:/apps/mtp/mtp/axis2/current/lib/jaxws-tools-2.2.6.jar:/apps/mtp/mtp/axis2/current/lib/woden-core-1.0M10.jar:/apps/mtp/mtp/axis2/current/lib/xalan-2.7.0.jar:/apps/mtp/mtp/axis2/current/lib/axis2-mtompolicy-1.7.8.jar:/apps/mtp/mtp/axis2/current/lib/axis2-codegen-1.7.8.jar:/apps/mtp/mtp/axis2/current/lib/geronimo-jaxws_2.2_spec-1.0.jar:/apps/mtp/mtp/axis2/current/lib/jsr311-api-1.1.1.jar:/apps/mtp/mtp/axis2/current/lib/antlr-2.7.7.jar:/apps/mtp/mtp/axis2/current/lib/axis2-corba-1.7.8.jar:/apps/mtp/mtp/axis2/current/lib/axis2-transport-local-1.7.8.jar:/apps/mtp/mtp/axis2/current/lib/juli-6.0.16.jar:/apps/mtp/mtp/axis2/current/lib/axis2-jibx-1.7.8.jar:/apps/mtp/mtp/axis2/current/lib/geronimo-ws-metadata_2.0_spec-1.1.2.jar:/apps/mtp/mtp/axis2/current/lib/jaxen-1.1.6.jar:/apps/mtp/mtp/axis2/current/lib/jettiso
Launcher Type: generic

Environment Variables:
PATH=/usr/java/default/bin:/apps/test/mdoff/sys/local/bin:/apps/mtp/mtp/bin:/usr/bin:/bin
LD_LIBRARY_PATH=/apps/test/mdoff/sys/local/bin:/apps/mtp/mtp/lib:/opt/lib/cobol/NTT_DATA_COBOL_6.0/native/lib:/usr/java/default/jre/lib/i386/server:/usr/java/default/jre/lib/i386
DISPLAY=

Signal Handlers:
SIGSEGV: [libjvm.so+0x94a910], sa_mask[0]=11111111111111111111111111111110, sa_flags=SA_RESTART|SA_SIGINFO
SIGBUS: [libjvm.so+0x94a910], sa_mask[0]=11111111111111111111111111111110, sa_flags=SA_SIGINFO
SIGFPE: [libunikixtran.so+0x256f8b], sa_mask[0]=11111111111111111111111111111110, sa_flags=SA_SIGINFO
SIGPIPE: SIG_IGN, sa_mask[0]=11111111111111111111111111111110, sa_flags=SA_SIGINFO
SIGXFSZ: SIG_DFL, sa_mask[0]=11111111111111111111111111111110, sa_flags=SA_SIGINFO
SIGILL: [libunikixtran.so+0x256f8b], sa_mask[0]=11111111111111111111111111111110, sa_flags=SA_SIGINFO
SIGUSR1: [libunikixtran.so+0x256f8b], sa_mask[0]=11111111011111111101111111111110, sa_flags=SA_SIGINFO
SIGUSR2: [libunikixtran.so+0x256f8b], sa_mask[0]=11111111011111111101111111111110, sa_flags=SA_RESTART|SA_SIGINFO
SIGHUP: [libunikixtran.so+0x256f8b], sa_mask[0]=11111111011111111101111111111110, sa_flags=SA_SIGINFO
SIGINT: [libunikixtran.so+0x256f8b], sa_mask[0]=11111111011111111101111111111110, sa_flags=SA_SIGINFO
SIGTERM: [libunikixtran.so+0x256f8b], sa_mask[0]=11111111011111111101111111111110, sa_flags=SA_SIGINFO
SIGQUIT: [libunikixtran.so+0x256f8b], sa_mask[0]=11111111011111111101111111111110, sa_flags=SA_SIGINFO


---------------  S Y S T E M  ---------------

OS:Red Hat Enterprise Linux release 8.4 (Ootpa)

uname:Linux 4.18.0-305.12.1.el8_4.x86_64 #1 SMP Mon Jul 26 08:06:24 EDT 2021 x86_64
libc:glibc 2.28 NPTL 2.28 
rlimit: STACK 8192k, CORE infinity, NPROC 63093, NOFILE 262144, AS infinity
load average:21.78 4.70 1.53

/proc/meminfo:
MemTotal:       16211596 kB
MemFree:          141272 kB
MemAvailable:   12777680 kB
Buffers:           44448 kB
Cached:         14436964 kB
SwapCached:         1220 kB
Active:          2714388 kB
Inactive:       12935520 kB
Active(anon):    1556580 kB
Inactive(anon):  1257520 kB
Active(file):    1157808 kB
Inactive(file): 11678000 kB
Unevictable:           0 kB
Mlocked:               0 kB
SwapTotal:       8273916 kB
SwapFree:        8237820 kB
Dirty:           2343868 kB
Writeback:        108328 kB
AnonPages:       1165044 kB
Mapped:          3212832 kB
Shmem:           1645392 kB
KReclaimable:     111572 kB
Slab:             201516 kB
SReclaimable:     111572 kB
SUnreclaim:        89944 kB
KernelStack:       14800 kB
PageTables:        43708 kB
NFS_Unstable:          0 kB
Bounce:                0 kB
WritebackTmp:          0 kB
CommitLimit:    16379712 kB
Committed_AS:    9230880 kB
VmallocTotal:   34359738367 kB
VmallocUsed:           0 kB
VmallocChunk:          0 kB
Percpu:             4528 kB
HardwareCorrupted:     0 kB
AnonHugePages:    569344 kB
ShmemHugePages:        0 kB
ShmemPmdMapped:        0 kB
FileHugePages:         0 kB
FilePmdMapped:         0 kB
HugePages_Total:       0
HugePages_Free:        0
HugePages_Rsvd:        0
HugePages_Surp:        0
Hugepagesize:       2048 kB
Hugetlb:               0 kB
DirectMap4k:      339312 kB
DirectMap2M:     9097216 kB
DirectMap1G:     9437184 kB

container (cgroup) information:
container_type: cgroupv1
cpu_cpuset_cpus: 0-3
cpu_memory_nodes: 0
active_processor_count: 4
cpu_quota: -1
cpu_period: 100000
cpu_shares: -1
memory_limit_in_bytes: -1
memory_and_swap_limit_in_bytes: -1
memory_soft_limit_in_bytes: -1
memory_usage_in_bytes: 1945341952
memory_max_usage_in_bytes: 2123526144


CPU:total 4 (initial active 4) (2 cores per cpu, 1 threads per core) family 6 model 85 stepping 4, cmov, cx8, fxsr, mmx, sse, sse2, sse3, ssse3, sse4.1, sse4.2, popcnt, avx, avx2, aes, clmul, erms, 3dnowpref, lzcnt, tsc, tscinvbit, bmi1, bmi2, adx

/proc/cpuinfo:
processor	: 0
vendor_id	: GenuineIntel
cpu family	: 6
model		: 85
model name	: Intel(R) Xeon(R) Gold 6154 CPU @ 3.00GHz
stepping	: 4
microcode	: 0x2006a08
cpu MHz		: 2992.968
cache size	: 25344 KB
physical id	: 0
siblings	: 2
core id		: 0
cpu cores	: 2
apicid		: 0
initial apicid	: 0
fpu		: yes
fpu_exception	: yes
cpuid level	: 22
wp		: yes
flags		: fpu vme de pse tsc msr pae mce cx8 apic sep mtrr pge mca cmov pat pse36 clflush mmx fxsr sse sse2 ss ht syscall nx pdpe1gb rdtscp lm constant_tsc arch_perfmon nopl xtopology tsc_reliable nonstop_tsc cpuid pni pclmulqdq ssse3 fma cx16 pcid sse4_1 sse4_2 x2apic movbe popcnt tsc_deadline_timer aes xsave avx f16c rdrand hypervisor lahf_lm abm 3dnowprefetch cpuid_fault invpcid_single pti ssbd ibrs ibpb stibp fsgsbase tsc_adjust bmi1 avx2 smep bmi2 invpcid avx512f avx512dq rdseed adx smap clflushopt clwb avx512cd avx512bw avx512vl xsaveopt xsavec xsaves arat pku ospke md_clear flush_l1d arch_capabilities
bugs		: cpu_meltdown spectre_v1 spectre_v2 spec_store_bypass l1tf mds swapgs itlb_multihit
bogomips	: 5985.93
clflush size	: 64
cache_alignment	: 64
address sizes	: 43 bits physical, 48 bits virtual
power management:

processor	: 1
vendor_id	: GenuineIntel
cpu family	: 6
model		: 85
model name	: Intel(R) Xeon(R) Gold 6154 CPU @ 3.00GHz
stepping	: 4
microcode	: 0x2006a08
cpu MHz		: 2992.968
cache size	: 25344 KB
physical id	: 0
siblings	: 2
core id		: 1
cpu cores	: 2
apicid		: 1
initial apicid	: 1
fpu		: yes
fpu_exception	: yes
cpuid level	: 22
wp		: yes
flags		: fpu vme de pse tsc msr pae mce cx8 apic sep mtrr pge mca cmov pat pse36 clflush mmx fxsr sse sse2 ss ht syscall nx pdpe1gb rdtscp lm constant_tsc arch_perfmon nopl xtopology tsc_reliable nonstop_tsc cpuid pni pclmulqdq ssse3 fma cx16 pcid sse4_1 sse4_2 x2apic movbe popcnt tsc_deadline_timer aes xsave avx f16c rdrand hypervisor lahf_lm abm 3dnowprefetch cpuid_fault invpcid_single pti ssbd ibrs ibpb stibp fsgsbase tsc_adjust bmi1 avx2 smep bmi2 invpcid avx512f avx512dq rdseed adx smap clflushopt clwb avx512cd avx512bw avx512vl xsaveopt xsavec xsaves arat pku ospke md_clear flush_l1d arch_capabilities
bugs		: cpu_meltdown spectre_v1 spectre_v2 spec_store_bypass l1tf mds swapgs itlb_multihit
bogomips	: 5985.93
clflush size	: 64
cache_alignment	: 64
address sizes	: 43 bits physical, 48 bits virtual
power management:

processor	: 2
vendor_id	: GenuineIntel
cpu family	: 6
model		: 85
model name	: Intel(R) Xeon(R) Gold 6154 CPU @ 3.00GHz
stepping	: 4
microcode	: 0x2006a08
cpu MHz		: 2992.968
cache size	: 25344 KB
physical id	: 1
siblings	: 2
core id		: 0
cpu cores	: 2
apicid		: 2
initial apicid	: 2
fpu		: yes
fpu_exception	: yes
cpuid level	: 22
wp		: yes
flags		: fpu vme de pse tsc msr pae mce cx8 apic sep mtrr pge mca cmov pat pse36 clflush mmx fxsr sse sse2 ss ht syscall nx pdpe1gb rdtscp lm constant_tsc arch_perfmon nopl xtopology tsc_reliable nonstop_tsc cpuid pni pclmulqdq ssse3 fma cx16 pcid sse4_1 sse4_2 x2apic movbe popcnt tsc_deadline_timer aes xsave avx f16c rdrand hypervisor lahf_lm abm 3dnowprefetch cpuid_fault invpcid_single pti ssbd ibrs ibpb stibp fsgsbase tsc_adjust bmi1 avx2 smep bmi2 invpcid avx512f avx512dq rdseed adx smap clflushopt clwb avx512cd avx512bw avx512vl xsaveopt xsavec xsaves arat pku ospke md_clear flush_l1d arch_capabilities
bugs		: cpu_meltdown spectre_v1 spectre_v2 spec_store_bypass l1tf mds swapgs itlb_multihit
bogomips	: 5985.93
clflush size	: 64
cache_alignment	: 64
address sizes	: 43 bits physical, 48 bits virtual
power management:

processor	: 3
vendor_id	: GenuineIntel
cpu family	: 6
model		: 85
model name	: Intel(R) Xeon(R) Gold 6154 CPU @ 3.00GHz
stepping	: 4
microcode	: 0x2006a08
cpu MHz		: 2992.968
cache size	: 25344 KB
physical id	: 1
siblings	: 2
core id		: 1
cpu cores	: 2
apicid		: 3
initial apicid	: 3
fpu		: yes
fpu_exception	: yes
cpuid level	: 22
wp		: yes
flags		: fpu vme de pse tsc msr pae mce cx8 apic sep mtrr pge mca cmov pat pse36 clflush mmx fxsr sse sse2 ss ht syscall nx pdpe1gb rdtscp lm constant_tsc arch_perfmon nopl xtopology tsc_reliable nonstop_tsc cpuid pni pclmulqdq ssse3 fma cx16 pcid sse4_1 sse4_2 x2apic movbe popcnt tsc_deadline_timer aes xsave avx f16c rdrand hypervisor lahf_lm abm 3dnowprefetch cpuid_fault invpcid_single pti ssbd ibrs ibpb stibp fsgsbase tsc_adjust bmi1 avx2 smep bmi2 invpcid avx512f avx512dq rdseed adx smap clflushopt clwb avx512cd avx512bw avx512vl xsaveopt xsavec xsaves arat pku ospke md_clear flush_l1d arch_capabilities
bugs		: cpu_meltdown spectre_v1 spectre_v2 spec_store_bypass l1tf mds swapgs itlb_multihit
bogomips	: 5985.93
clflush size	: 64
cache_alignment	: 64
address sizes	: 43 bits physical, 48 bits virtual
power management:



Memory: 4k page, physical 16211596k(141272k free), swap 8273916k(8237820k free)

vm_info: Java HotSpot(TM) Server VM (25.281-b09) for linux-x86 JRE (1.8.0_281-b09), built on Dec  9 2020 12:36:01 by "java_re" with gcc 7.3.0

time: Fri Aug 20 14:27:14 2021
timezone: CDT
elapsed time: 0.773768 seconds (0d 0h 0m 0s)

