#
# A fatal error has been detected by the Java Runtime Environment:
#
#  SIGSEGV (0xb) at pc=0xf6b97f87, pid=265717, tid=0xf66e2700
#
# JRE version: Java(TM) SE Runtime Environment (8.0_281-b09) (build 1.8.0_281-b09)
# Java VM: Java HotSpot(TM) Server VM (25.281-b09 mixed mode linux-x86 )
# Problematic frame:
# C  [libunikixtran.so+0x1acf87]  abend+0x68
#
# Core dump written. Default location: /apps/test/mdoff/sys/core or core.265717
#
# If you would like to submit a bug report, please visit:
#   http://bugreport.java.com/bugreport/crash.jsp
# The crash happened outside the Java Virtual Machine in native code.
# See problematic frame for where to report the bug.
#

---------------  T H R E A D  ---------------

Current thread (0x09489400):  JavaThread "main" [_thread_in_native, id=265717, stack(0xffc96000,0xffd96000)]

siginfo: si_signo: 11 (SIGSEGV), si_code: 1 (SEGV_MAPERR), si_addr: 0x00000014

Registers:
EAX=0x00000000, EBX=0xf6f25360, ECX=0x00000000, EDX=0x14063000
ESP=0xffd88be0, EBP=0x00000001, ESI=0xffd88c86, EDI=0x4f420b40
EIP=0xf6b97f87, EFLAGS=0x00010246, CR2=0x00000014

Top of Stack: (sp=0xffd88be0)
0xffd88be0:   00063000 00000000 00000020 00000002
0xffd88bf0:   00000020 f7ac0b5c 0000000c f74b759c
0xffd88c00:   f7b03000 09489400 ffd88c48 f74ba512
0xffd88c10:   09489538 f7b03000 ffd88c48 f74ba55f
0xffd88c20:   00000000 0000000c ffd88b68 00000000
0xffd88c30:   00000000 4f420b40 00000001 f6b7ad8d
0xffd88c40:   00021085 00000000 00000000 00000000
0xffd88c50:   00000200 0958cccc 09ada834 de97dff4 

Instructions: (pc=0xf6b97f87)
0xf6b97f67:   00 00 83 b8 c0 02 00 00 00 74 0c c7 04 24 8b 9f
0xf6b97f77:   c7 f6 e8 8f fa 06 00 c6 43 03 0c a1 64 50 f2 f6
0xf6b97f87:   8b 50 14 89 93 b4 00 00 00 8b 40 18 89 83 b8 00
0xf6b97f97:   00 00 80 7e 02 41 75 7f 8b 84 24 98 00 00 00 89 

Register to memory mapping:

EAX=0x00000000 is an unknown value
EBX=0xf6f25360: xtcb+0 in /apps/mtp/mtp/lib/libunikixtran.so at 0xf69eb000
ECX=0x00000000 is an unknown value
EDX=0x14063000 is an unknown value
ESP=0xffd88be0 is pointing into the stack for thread: 0x09489400
EBP=0x00000001 is an unknown value
ESI=0xffd88c86 is pointing into the stack for thread: 0x09489400
EDI=0x4f420b40 is an unknown value


Stack: [0xffc96000,0xffd96000],  sp=0xffd88be0,  free space=970k
Native frames: (J=compiled Java code, j=interpreted, Vv=VM code, C=native code)
C  [libunikixtran.so+0x1acf87]  abend+0x68


---------------  P R O C E S S  ---------------

Java Threads: ( => current thread )
  0x096d4400 JavaThread "Service Thread" daemon [_thread_blocked, id=265810, stack(0xdccfe000,0xdcdff000)]
  0x096d1000 JavaThread "C1 CompilerThread2" daemon [_thread_blocked, id=265806, stack(0xdd07f000,0xdd0ff000)]
  0x096cfc00 JavaThread "C2 CompilerThread1" daemon [_thread_in_vm, id=265804, stack(0xdd37f000,0xdd3ff000)]
  0x096cdc00 JavaThread "C2 CompilerThread0" daemon [_thread_blocked, id=265803, stack(0xdd656000,0xdd6d6000)]
  0x096cc400 JavaThread "Attach Listener" daemon [_thread_blocked, id=265802, stack(0xdcdff000,0xdcf00000)]
  0x096b2000 JavaThread "Finalizer" daemon [_thread_blocked, id=265795, stack(0xdd0ff000,0xdd200000)]
  0x096af000 JavaThread "Reference Handler" daemon [_thread_blocked, id=265794, stack(0xdd3ff000,0xdd500000)]
=>0x09489400 JavaThread "main" [_thread_in_native, id=265717, stack(0xffc96000,0xffd96000)]

Other Threads:
  0x096a9400 VMThread [stack: 0xdd6d7000,0xdd757000] [id=265790]
  0x096d6000 WatcherThread [stack: 0xdcc7e000,0xdccfe000] [id=265812]

VM state:not at safepoint (normal execution)

VM Mutex/Monitor currently owned by a thread: None

Heap:
 PSYoungGen      total 19200K, used 9268K [0xe3f80000, 0xe54c0000, 0xe6a00000)
  eden space 16640K, 55% used [0xe3f80000,0xe488d2a8,0xe4fc0000)
  from space 2560K, 0% used [0xe5240000,0xe5240000,0xe54c0000)
  to   space 2560K, 0% used [0xe4fc0000,0xe4fc0000,0xe5240000)
 ParOldGen       total 43776K, used 0K [0xdea00000, 0xe14c0000, 0xe3f80000)
  object space 43776K, 0% used [0xdea00000,0xdea00000,0xe14c0000)
 Metaspace       used 4345K, capacity 4506K, committed 4632K, reserved 5424K

Card table byte_map: [0xe6a49000,0xe6a8a000] byte_map_base: 0xe6354000

Marking Bits: (ParMarkBitMap*) 0xf7b33e60
 Begin Bits: [0xdde00000, 0xde000000)
 End Bits:   [0xde000000, 0xde200000)

Polling page: 0xf7f7e000

CodeCache: size=245760Kb used=1382Kb max_used=1382Kb free=244377Kb
 bounds [0xe6e4a000, 0xe708a000, 0xf5e4a000]
 total_blobs=645 nmethods=460 adapters=99
 compilation: enabled

Compilation events (10 events):
Event: 0.520 Thread 0x096d1000 nmethod 451 0xe6fa1508 code [0xe6fa1640, 0xe6fa17cc]
Event: 0.520 Thread 0x096d1000  452       3       java.util.zip.ZipFile::ensureOpenOrZipException (18 bytes)
Event: 0.520 Thread 0x096d1000 nmethod 452 0xe6fa1908 code [0xe6fa1a20, 0xe6fa1b8c]
Event: 0.520 Thread 0x096d1000  448   !   3       java.util.zip.ZipFile::getInflater (56 bytes)
Event: 0.520 Thread 0x096d1000 nmethod 448 0xe6fa1c48 code [0xe6fa1e40, 0xe6fa27b8]
Event: 0.520 Thread 0x096d1000  459       3       java.io.UnixFileSystem::prefixLength (25 bytes)
Event: 0.520 Thread 0x096d1000 nmethod 459 0xe6fa2dc8 code [0xe6fa2f00, 0xe6fa328c]
Event: 0.521 Thread 0x096d1000  460       3       java.io.File::isInvalid (47 bytes)
Event: 0.521 Thread 0x096d1000 nmethod 460 0xe6fa3448 code [0xe6fa3580, 0xe6fa388c]
Event: 0.521 Thread 0x096d1000  449       3       java.util.ArrayDeque::poll (5 bytes)

GC Heap History (0 events):
No events

Deoptimization events (3 events):
Event: 0.211 Thread 0x09489400 Uncommon trap: reason=unstable_if action=reinterpret pc=0xe6f1a704 method=java.lang.String.startsWith(Ljava/lang/String;I)Z @ 25
Event: 0.386 Thread 0x09489400 Uncommon trap: reason=unstable_if action=reinterpret pc=0xe6f08c20 method=java.lang.CharacterDataLatin1.digit(II)I @ 82
Event: 0.398 Thread 0x09489400 Uncommon trap: reason=unstable_if action=reinterpret pc=0xe6f49650 method=java.lang.String.replace(CC)Ljava/lang/String; @ 26

Classes redefined (0 events):
No events

Internal exceptions (10 events):
Event: 0.242 Thread 0x09489400 Exception <a 'java/security/PrivilegedActionException'> (0xe43c6578) thrown at [/scratch/jenkins/workspace/8-2-build-linux-i586/jdk8u281/880/hotspot/src/share/vm/prims/jvm.cpp, line 1512]
Event: 0.242 Thread 0x09489400 Exception <a 'java/security/PrivilegedActionException'> (0xe43c6778) thrown at [/scratch/jenkins/workspace/8-2-build-linux-i586/jdk8u281/880/hotspot/src/share/vm/prims/jvm.cpp, line 1512]
Event: 0.242 Thread 0x09489400 Exception <a 'java/security/PrivilegedActionException'> (0xe43c71d8) thrown at [/scratch/jenkins/workspace/8-2-build-linux-i586/jdk8u281/880/hotspot/src/share/vm/prims/jvm.cpp, line 1512]
Event: 0.242 Thread 0x09489400 Exception <a 'java/security/PrivilegedActionException'> (0xe43c73d8) thrown at [/scratch/jenkins/workspace/8-2-build-linux-i586/jdk8u281/880/hotspot/src/share/vm/prims/jvm.cpp, line 1512]
Event: 0.242 Thread 0x09489400 Exception <a 'java/security/PrivilegedActionException'> (0xe43c7e38) thrown at [/scratch/jenkins/workspace/8-2-build-linux-i586/jdk8u281/880/hotspot/src/share/vm/prims/jvm.cpp, line 1512]
Event: 0.242 Thread 0x09489400 Exception <a 'java/security/PrivilegedActionException'> (0xe43c8038) thrown at [/scratch/jenkins/workspace/8-2-build-linux-i586/jdk8u281/880/hotspot/src/share/vm/prims/jvm.cpp, line 1512]
Event: 0.350 Thread 0x09489400 Exception <a 'java/lang/NoSuchFieldError': method resolution failed> (0xe44d0e40) thrown at [/scratch/jenkins/workspace/8-2-build-linux-i586/jdk8u281/880/hotspot/src/share/vm/prims/methodHandles.cpp, line 1169]
Event: 0.351 Thread 0x09489400 Exception <a 'java/lang/NoSuchFieldError': method resolution failed> (0xe44dcfc0) thrown at [/scratch/jenkins/workspace/8-2-build-linux-i586/jdk8u281/880/hotspot/src/share/vm/prims/methodHandles.cpp, line 1169]
Event: 0.388 Thread 0x09489400 Exception <a 'java/io/FileNotFoundException'> (0xe4555938) thrown at [/scratch/jenkins/workspace/8-2-build-linux-i586/jdk8u281/880/hotspot/src/share/vm/prims/jni.cpp, line 710]
Event: 0.398 Thread 0x09489400 Exception <a 'java/io/FileNotFoundException'> (0xe45875a0) thrown at [/scratch/jenkins/workspace/8-2-build-linux-i586/jdk8u281/880/hotspot/src/share/vm/prims/jni.cpp, line 710]

Events (10 events):
Event: 0.519 loading class KXCALLKIX
Event: 0.519 loading class KXCALLKIX done
Event: 0.519 loading class java/net/URI
Event: 0.519 loading class java/net/URI done
Event: 0.520 loading class java/net/URI$Parser
Event: 0.520 loading class java/net/URI$Parser done
Event: 0.520 loading class KXCALLKIX
Event: 0.520 loading class KXCALLKIX done
Event: 0.520 loading class kxcallkix
Event: 0.520 loading class kxcallkix done


Dynamic libraries:
08048000-08049000 r-xp 00000000 08:10 4194405                            /apps/mtp/TPE16.0.2/bin/unikixtran
08049000-0804a000 r--p 00000000 08:10 4194405                            /apps/mtp/TPE16.0.2/bin/unikixtran
0804a000-0804b000 rw-p 00001000 08:10 4194405                            /apps/mtp/TPE16.0.2/bin/unikixtran
0945f000-09bc0000 rw-p 00000000 00:00 0                                  [heap]
20000000-50000000 rw-s 00000000 00:01 19                                 /SYSV010a037b (deleted)
50002000-80002000 rw-s 00000000 00:01 20                                 /SYSV00000000 (deleted)
80004000-80a2c000 rw-s 00000000 00:01 21                                 /SYSV00000000 (deleted)
80a2e000-80a5c000 rw-s 00000000 00:01 22                                 /SYSV00000000 (deleted)
80a5e000-82a5f000 rw-s 00000000 00:01 23                                 /SYSV00000000 (deleted)
dca00000-dca40000 rw-p 00000000 00:00 0 
dca40000-dcb00000 ---p 00000000 00:00 0 
dcb00000-dcb55000 rw-p 00000000 00:00 0 
dcb55000-dcc00000 ---p 00000000 00:00 0 
dcc7d000-dcc7e000 ---p 00000000 00:00 0 
dcc7e000-dccfe000 rw-p 00000000 00:00 0 
dccfe000-dcd01000 ---p 00000000 00:00 0 
dcd01000-dcdff000 rw-p 00000000 00:00 0 
dcdff000-dce02000 ---p 00000000 00:00 0 
dce02000-dcf00000 rw-p 00000000 00:00 0 
dcf00000-dcf53000 rw-p 00000000 00:00 0 
dcf53000-dd000000 ---p 00000000 00:00 0 
dd07e000-dd07f000 ---p 00000000 00:00 0 
dd07f000-dd082000 ---p 00000000 00:00 0 
dd082000-dd0ff000 rw-p 00000000 00:00 0 
dd0ff000-dd102000 ---p 00000000 00:00 0 
dd102000-dd200000 rw-p 00000000 00:00 0 
dd200000-dd24b000 rw-p 00000000 00:00 0 
dd24b000-dd300000 ---p 00000000 00:00 0 
dd30f000-dd311000 r-xp 00000000 08:10 4195244                            /apps/mtp/TPE16.0.2/lib/libkxusrexit.so
dd311000-dd312000 r--p 00001000 08:10 4195244                            /apps/mtp/TPE16.0.2/lib/libkxusrexit.so
dd312000-dd313000 rw-p 00002000 08:10 4195244                            /apps/mtp/TPE16.0.2/lib/libkxusrexit.so
dd313000-dd314000 rw-p 00000000 00:00 0 
dd314000-dd315000 r--s 00002000 08:10 4195716                            /apps/mtp/TPE16.0.2/axis2/axis2-1.7.8/lib/geronimo-annotation_1.0_spec-1.1.jar
dd315000-dd31a000 r--s 0005f000 08:10 4195644                            /apps/mtp/TPE16.0.2/axis2/axis2-1.7.8/lib/jibx-bind-1.2.jar
dd31a000-dd31b000 r--s 00003000 08:10 4195645                            /apps/mtp/TPE16.0.2/axis2/axis2-1.7.8/lib/axis2-spring-1.7.8.jar
dd31b000-dd31e000 r--s 0000f000 08:10 4195615                            /apps/mtp/TPE16.0.2/axis2/axis2-1.7.8/lib/commons-fileupload-1.3.3.jar
dd31e000-dd329000 r--s 0005d000 08:10 4195611                            /apps/mtp/TPE16.0.2/axis2/axis2-1.7.8/lib/axiom-api-1.2.20.jar
dd329000-dd32d000 r--s 00034000 08:10 4195652                            /apps/mtp/TPE16.0.2/axis2/axis2-1.7.8/lib/tribes-6.0.16.jar
dd32d000-dd331000 r--s 00029000 08:10 4195612                            /apps/mtp/TPE16.0.2/axis2/axis2-1.7.8/lib/stax2-api-3.1.1.jar
dd331000-dd356000 r--s 001d7000 08:10 4195688                            /apps/mtp/TPE16.0.2/axis2/axis2-1.7.8/lib/jaxb-xjc-2.2.6.jar
dd356000-dd358000 r--s 00013000 08:10 4195719                            /apps/mtp/TPE16.0.2/axis2/axis2-1.7.8/lib/xml-resolver-1.2.jar
dd358000-dd35a000 r--s 00003000 08:10 4195685                            /apps/mtp/TPE16.0.2/axis2/axis2-1.7.8/lib/axis2-fastinfoset-1.7.8.jar
dd35a000-dd35e000 r--s 00015000 08:10 4195687                            /apps/mtp/TPE16.0.2/axis2/axis2-1.7.8/lib/jaxb-api-2.2.6.jar
dd35e000-dd360000 r--s 00009000 08:10 4195621                            /apps/mtp/TPE16.0.2/axis2/axis2-1.7.8/lib/commons-cli-1.2.jar
dd360000-dd36d000 r--s 000aa000 08:10 4195708                            /apps/mtp/TPE16.0.2/axis2/axis2-1.7.8/lib/httpclient-4.5.3.jar
dd36d000-dd37e000 r--s 00136000 08:10 4195663                            /apps/mtp/TPE16.0.2/axis2/axis2-1.7.8/lib/jalopy-1.5rc3.jar
dd37e000-dd37f000 ---p 00000000 00:00 0 
dd37f000-dd382000 ---p 00000000 00:00 0 
dd382000-dd3ff000 rw-p 00000000 00:00 0 
dd3ff000-dd402000 ---p 00000000 00:00 0 
dd402000-dd500000 rw-p 00000000 00:00 0 
dd500000-dd5f9000 rw-p 00000000 00:00 0 
dd5f9000-dd600000 ---p 00000000 00:00 0 
dd600000-dd601000 r--s 00005000 08:10 4195654                            /apps/mtp/TPE16.0.2/axis2/axis2-1.7.8/lib/axis2-ant-plugin-1.7.8.jar
dd601000-dd604000 r--s 00015000 08:10 4195675                            /apps/mtp/TPE16.0.2/axis2/axis2-1.7.8/lib/apache-mime4j-core-0.7.2.jar
dd604000-dd606000 r--s 0000b000 08:10 4195662                            /apps/mtp/TPE16.0.2/axis2/axis2-1.7.8/lib/axis2-transport-xmpp-1.7.8.jar
dd606000-dd60d000 r--s 00059000 08:10 4195624                            /apps/mtp/TPE16.0.2/axis2/axis2-1.7.8/lib/log4j-1.2.15.jar
dd60d000-dd60f000 r--s 00006000 08:10 4195679                            /apps/mtp/TPE16.0.2/axis2/axis2-1.7.8/lib/commons-codec-1.2.jar
dd60f000-dd612000 r--s 00017000 08:10 4195658                            /apps/mtp/TPE16.0.2/axis2/axis2-1.7.8/lib/axis2-transport-base-1.7.8.jar
dd612000-dd617000 r--s 00020000 08:10 4195677                            /apps/mtp/TPE16.0.2/axis2/axis2-1.7.8/lib/wsdl4j-1.6.2.jar
dd617000-dd655000 r--s 0025d000 08:10 4195622                            /apps/mtp/TPE16.0.2/axis2/axis2-1.7.8/lib/xmlbeans-2.6.0.jar
dd655000-dd656000 ---p 00000000 00:00 0 
dd656000-dd659000 ---p 00000000 00:00 0 
dd659000-dd6d6000 rw-p 00000000 00:00 0 
dd6d6000-dd6d7000 ---p 00000000 00:00 0 
dd6d7000-dd757000 rw-p 00000000 00:00 0 
dd757000-dd934000 r--s 03dd0000 fd:00 203051326                          /usr/java/jdk1.8.0_281-i586/jre/lib/rt.jar
dd934000-ddd7a000 rw-p 00000000 00:00 0 
ddd7a000-ddd80000 ---p 00000000 00:00 0 
ddd80000-de200000 rw-p 00000000 00:00 0 
de200000-de221000 rw-p 00000000 00:00 0 
de221000-de300000 ---p 00000000 00:00 0 
de300000-de302000 r--s 00006000 08:10 4195649                            /apps/mtp/TPE16.0.2/axis2/axis2-1.7.8/lib/geronimo-saaj_1.3_spec-1.0.1.jar
de302000-de304000 r--s 00007000 08:10 4195655                            /apps/mtp/TPE16.0.2/axis2/axis2-1.7.8/lib/mex-1.7.8-impl.jar
de304000-de306000 r--s 00003000 08:10 4195686                            /apps/mtp/TPE16.0.2/axis2/axis2-1.7.8/lib/axiom-jaxb-1.2.20.jar
de306000-de310000 r--s 00082000 08:10 4195676                            /apps/mtp/TPE16.0.2/axis2/axis2-1.7.8/lib/axiom-impl-1.2.20.jar
de310000-de319000 r--s 00062000 08:10 4195650                            /apps/mtp/TPE16.0.2/axis2/axis2-1.7.8/lib/axis2-metadata-1.7.8.jar
de319000-de31b000 r--s 00007000 08:10 4195646                            /apps/mtp/TPE16.0.2/axis2/axis2-1.7.8/lib/axis2-soapmonitor-servlet-1.7.8.jar
de31b000-de31c000 r--s 00003000 08:10 4195614                            /apps/mtp/TPE16.0.2/axis2/axis2-1.7.8/lib/geronimo-jta_1.1_spec-1.1.jar
de31c000-de31e000 r--s 0000e000 08:10 4195659                            /apps/mtp/TPE16.0.2/axis2/axis2-1.7.8/lib/activation-1.1.jar
de31e000-de320000 r--s 0000c000 08:10 4195682                            /apps/mtp/TPE16.0.2/axis2/axis2-1.7.8/lib/axis2-json-1.7.8.jar
de320000-de321000 r--s 00006000 08:10 4195660                            /apps/mtp/TPE16.0.2/axis2/axis2-1.7.8/lib/axis2-transport-tcp-1.7.8.jar
de321000-de323000 r--s 00006000 08:10 4195647                            /apps/mtp/TPE16.0.2/axis2/axis2-1.7.8/lib/axis2-jaxbri-1.7.8.jar
de323000-de325000 r--s 00004000 08:10 4195661                            /apps/mtp/TPE16.0.2/axis2/axis2-1.7.8/lib/axis2-transport-udp-1.7.8.jar
de325000-de329000 r--s 00028000 08:10 4195684                            /apps/mtp/TPE16.0.2/axis2/axis2-1.7.8/lib/gson-2.1.jar
de329000-de32b000 r--s 00012000 08:10 4195689                            /apps/mtp/TPE16.0.2/axis2/axis2-1.7.8/lib/axis2-transport-jms-1.7.8.jar
de32b000-de32d000 r--s 0002b000 08:10 4195710                            /apps/mtp/TPE16.0.2/axis2/axis2-1.7.8/lib/axis2-adb-codegen-1.7.8.jar
de32d000-de331000 r--s 00026000 08:10 4195617                            /apps/mtp/TPE16.0.2/axis2/axis2-1.7.8/lib/xmlschema-core-2.2.1.jar
de331000-de337000 r--s 00070000 08:10 4195639                            /apps/mtp/TPE16.0.2/axis2/axis2-1.7.8/lib/woodstox-core-asl-4.2.0.jar
de337000-de340000 r--s 00097000 08:10 4195620                            /apps/mtp/TPE16.0.2/axis2/axis2-1.7.8/lib/axis2-adb-1.7.8.jar
de340000-de356000 r--s 000fa000 08:10 4195648                            /apps/mtp/TPE16.0.2/axis2/axis2-1.7.8/lib/jaxb-impl-2.2.6.jar
de356000-de358000 r--s 00010000 08:10 4195640                            /apps/mtp/TPE16.0.2/axis2/axis2-1.7.8/lib/neethi-3.0.3.jar
de358000-de35b000 r--s 00013000 08:10 4195683                            /apps/mtp/TPE16.0.2/axis2/axis2-1.7.8/lib/jettison-1.3.8.jar
de35b000-de361000 r--s 00033000 08:10 4195638                            /apps/mtp/TPE16.0.2/axis2/axis2-1.7.8/lib/jaxen-1.1.6.jar
de361000-de37f000 r--s 0027d000 08:10 4195720                            /apps/mtp/TPE16.0.2/axis2/axis2-1.7.8/lib/xalan-2.7.0.jar
de37f000-de380000 ---p 00000000 00:00 0 
de380000-de400000 rw-p 00000000 00:00 0 
de400000-de421000 rw-p 00000000 00:00 0 
de421000-de500000 ---p 00000000 00:00 0 
de500000-de501000 r--s 00007000 08:10 4195636                            /apps/mtp/TPE16.0.2/axis2/axis2-1.7.8/lib/axis2-java2wsdl-1.7.8.jar
de501000-de502000 r--s 00003000 08:10 4195613                            /apps/mtp/TPE16.0.2/axis2/axis2-1.7.8/lib/geronimo-ws-metadata_2.0_spec-1.1.2.jar
de502000-de504000 r--s 00008000 08:10 4195712                            /apps/mtp/TPE16.0.2/axis2/axis2-1.7.8/lib/axis2-jibx-1.7.8.jar
de504000-de505000 r--s 00004000 08:10 4195653                            /apps/mtp/TPE16.0.2/axis2/axis2-1.7.8/lib/juli-6.0.16.jar
de505000-de507000 r--s 00003000 08:10 4195642                            /apps/mtp/TPE16.0.2/axis2/axis2-1.7.8/lib/axis2-transport-local-1.7.8.jar
de507000-de50a000 r--s 00023000 08:10 4195656                            /apps/mtp/TPE16.0.2/axis2/axis2-1.7.8/lib/axis2-corba-1.7.8.jar
de50a000-de50f000 r--s 00068000 08:10 4195623                            /apps/mtp/TPE16.0.2/axis2/axis2-1.7.8/lib/antlr-2.7.7.jar
de50f000-de511000 r--s 0000a000 08:10 4195618                            /apps/mtp/TPE16.0.2/axis2/axis2-1.7.8/lib/jsr311-api-1.1.1.jar
de511000-de514000 r--s 0000c000 08:10 4195717                            /apps/mtp/TPE16.0.2/axis2/axis2-1.7.8/lib/geronimo-jaxws_2.2_spec-1.0.jar
de514000-de519000 r--s 0003b000 08:10 4195709                            /apps/mtp/TPE16.0.2/axis2/axis2-1.7.8/lib/axis2-codegen-1.7.8.jar
de519000-de522000 r--s 00053000 08:10 4195641                            /apps/mtp/TPE16.0.2/axis2/axis2-1.7.8/lib/woden-core-1.0M10.jar
de522000-de52d000 r--s 000c2000 08:10 4195643                            /apps/mtp/TPE16.0.2/axis2/axis2-1.7.8/lib/jaxws-tools-2.2.6.jar
de52d000-de530000 r--s 00025000 08:10 4195616                            /apps/mtp/TPE16.0.2/axis2/axis2-1.7.8/lib/commons-io-2.1.jar
de530000-de532000 r--s 00009000 08:10 4195690                            /apps/mtp/TPE16.0.2/axis2/axis2-1.7.8/lib/axis2-transport-mail-1.7.8.jar
de532000-de53e000 r--s 000a3000 08:10 4195681                            /apps/mtp/TPE16.0.2/axis2/axis2-1.7.8/lib/axiom-dom-1.2.20.jar
de53e000-de548000 r--s 0008c000 08:10 4195714                            /apps/mtp/TPE16.0.2/axis2/axis2-1.7.8/lib/bcel-findbugs-6.0.jar
de548000-de54e000 r--s 00059000 08:10 4195691                            /apps/mtp/TPE16.0.2/axis2/axis2-1.7.8/lib/mail-1.4.jar
de54e000-de550000 r--s 0000d000 08:10 4195637                            /apps/mtp/TPE16.0.2/axis2/axis2-1.7.8/lib/commons-logging-1.1.1.jar
de550000-de55e000 r--s 000aa000 08:10 4195715                            /apps/mtp/TPE16.0.2/axis2/axis2-1.7.8/lib/axis2-jaxws-1.7.8.jar
de55e000-de561000 r--s 00018000 08:10 4195651                            /apps/mtp/TPE16.0.2/axis2/axis2-1.7.8/lib/axis2-clustering-1.7.8.jar
de561000-de564000 r--s 0001d000 08:10 4195713                            /apps/mtp/TPE16.0.2/axis2/axis2-1.7.8/lib/jibx-run-1.2.jar
de564000-de56a000 r--s 00045000 08:10 4195680                            /apps/mtp/TPE16.0.2/axis2/axis2-1.7.8/lib/commons-httpclient-3.1.jar
de56a000-de572000 r--s 00048000 08:10 4195619                            /apps/mtp/TPE16.0.2/axis2/axis2-1.7.8/lib/httpcore-4.4.6.jar
de572000-de57f000 r--s 000ee000 08:10 4195707                            /apps/mtp/TPE16.0.2/axis2/axis2-1.7.8/lib/axis2-kernel-1.7.8.jar
de57f000-de580000 ---p 00000000 00:00 0 
de580000-de600000 rw-p 00000000 00:00 0 
de600000-de621000 rw-p 00000000 00:00 0 
de621000-de700000 ---p 00000000 00:00 0 
de700000-de703000 r--s 00028000 08:10 4195678                            /apps/mtp/TPE16.0.2/axis2/axis2-1.7.8/lib/axis2-transport-http-1.7.8.jar
de703000-de705000 r--s 00015000 08:10 4195718                            /apps/mtp/TPE16.0.2/axis2/axis2-1.7.8/lib/axis2-saaj-1.7.8.jar
de705000-de707000 r--s 00006000 08:10 4195674                            /apps/mtp/TPE16.0.2/axis2/axis2-1.7.8/lib/geronimo-stax-api_1.0_spec-1.0.1.jar
de707000-de709000 r--s 00006000 08:10 4195711                            /apps/mtp/TPE16.0.2/axis2/axis2-1.7.8/lib/axis2-xmlbeans-1.7.8.jar
de709000-de768000 r--s 003fa000 fd:00 68304515                           /opt/lib/cobol/NTT_DATA_COBOL_6.0/lib/dependencies/bcprov-jdk15on-162.jar
de768000-de77f000 r--s 0013e000 fd:00 2424346                            /opt/lib/cobol/NTT_DATA_COBOL_6.0/lib/vcobol-runtime.jar
de77f000-de780000 ---p 00000000 00:00 0 
de780000-de800000 rw-p 00000000 00:00 0 
de800000-de821000 rw-p 00000000 00:00 0 
de821000-de900000 ---p 00000000 00:00 0 
de900000-de914000 r--s 000c1000 fd:00 68304514                           /opt/lib/cobol/NTT_DATA_COBOL_6.0/lib/dependencies/bcpkix-jdk15on-162.jar
de914000-de97d000 r-xp 00000000 fd:00 2424358                            /opt/lib/cobol/NTT_DATA_COBOL_6.0/native/lib/libvcobol.so
de97d000-de97e000 r--p 00068000 fd:00 2424358                            /opt/lib/cobol/NTT_DATA_COBOL_6.0/native/lib/libvcobol.so
de97e000-de97f000 rw-p 00069000 fd:00 2424358                            /opt/lib/cobol/NTT_DATA_COBOL_6.0/native/lib/libvcobol.so
de97f000-de980000 ---p 00000000 00:00 0 
de980000-e14c0000 rw-p 00000000 00:00 0 
e14c0000-e3f80000 ---p 00000000 00:00 0 
e3f80000-e54c0000 rw-p 00000000 00:00 0 
e54c0000-e6a00000 ---p 00000000 00:00 0 
e6a00000-e6a01000 r--s 00003000 08:10 4195657                            /apps/mtp/TPE16.0.2/axis2/axis2-1.7.8/lib/axis2-mtompolicy-1.7.8.jar
e6a01000-e6a04000 r--s 00018000 fd:00 68304513                           /opt/lib/cobol/NTT_DATA_COBOL_6.0/lib/dependencies/bcmail-jdk15on-162.jar
e6a04000-e6a05000 r--s 00007000 08:10 4195233                            /apps/mtp/TPE16.0.2/lib/transutil.jar
e6a05000-e6a07000 r-xp 00000000 08:10 4195225                            /apps/mtp/TPE16.0.2/lib/liblang_vcobol.so
e6a07000-e6a08000 r--p 00001000 08:10 4195225                            /apps/mtp/TPE16.0.2/lib/liblang_vcobol.so
e6a08000-e6a09000 rw-p 00002000 08:10 4195225                            /apps/mtp/TPE16.0.2/lib/liblang_vcobol.so
e6a09000-e6a0d000 r--s 00075000 08:10 4195231                            /apps/mtp/TPE16.0.2/lib/kixsysapi.jar
e6a0d000-e6a11000 r--s 00022000 08:10 4195232                            /apps/mtp/TPE16.0.2/lib/dfjcics.jar
e6a11000-e6a12000 r--p 00000000 fd:00 134305721                          /usr/lib/locale/en_US/LC_NUMERIC
e6a12000-e6a13000 r--p 00000000 fd:00 134305710                          /usr/lib/locale/en_US/LC_TIME
e6a13000-e6a19000 r--p 00000000 fd:00 134305717                          /usr/lib/locale/en_US/LC_COLLATE
e6a19000-e6a1a000 r--p 00000000 fd:00 134305708                          /usr/lib/locale/en_US/LC_MONETARY
e6a1a000-e6a1b000 r--p 00000000 fd:00 68251861                           /usr/lib/locale/en_US/LC_MESSAGES/SYS_LC_MESSAGES
e6a1b000-e6a1c000 r--p 00000000 fd:00 134305725                          /usr/lib/locale/en_US/LC_PAPER
e6a1c000-e6a1d000 r--p 00000000 fd:00 134305726                          /usr/lib/locale/en_US/LC_NAME
e6a1d000-e6a1e000 r--p 00000000 fd:00 134305703                          /usr/lib/locale/en_US/LC_ADDRESS
e6a1e000-e6a34000 rw-p 00000000 00:00 0 
e6a34000-e6a49000 ---p 00000000 00:00 0 
e6a49000-e6a5f000 rw-p 00000000 00:00 0 
e6a5f000-e6a73000 ---p 00000000 00:00 0 
e6a73000-e6a7f000 rw-p 00000000 00:00 0 
e6a7f000-e6a89000 ---p 00000000 00:00 0 
e6a89000-e6a93000 rw-p 00000000 00:00 0 
e6a93000-e6e4a000 ---p 00000000 00:00 0 
e6e4a000-e708a000 rwxp 00000000 00:00 0 
e708a000-f5e4a000 ---p 00000000 00:00 0 
f5e4a000-f5e65000 r-xp 00000000 fd:00 137647970                          /usr/java/jdk1.8.0_281-i586/jre/lib/i386/libzip.so
f5e65000-f5e66000 r--p 0001a000 fd:00 137647970                          /usr/java/jdk1.8.0_281-i586/jre/lib/i386/libzip.so
f5e66000-f5e67000 rw-p 0001b000 fd:00 137647970                          /usr/java/jdk1.8.0_281-i586/jre/lib/i386/libzip.so
f5e67000-f5e8e000 r-xp 00000000 fd:00 137303138                          /usr/java/jdk1.8.0_281-i586/jre/lib/i386/libjava.so
f5e8e000-f5e8f000 r--p 00026000 fd:00 137303138                          /usr/java/jdk1.8.0_281-i586/jre/lib/i386/libjava.so
f5e8f000-f5e90000 rw-p 00027000 fd:00 137303138                          /usr/java/jdk1.8.0_281-i586/jre/lib/i386/libjava.so
f5e90000-f5e9b000 r-xp 00000000 fd:00 137647969                          /usr/java/jdk1.8.0_281-i586/jre/lib/i386/libverify.so
f5e9b000-f5e9c000 ---p 0000b000 fd:00 137647969                          /usr/java/jdk1.8.0_281-i586/jre/lib/i386/libverify.so
f5e9c000-f5e9d000 r--p 0000b000 fd:00 137647969                          /usr/java/jdk1.8.0_281-i586/jre/lib/i386/libverify.so
f5e9d000-f5e9e000 rw-p 0000c000 fd:00 137647969                          /usr/java/jdk1.8.0_281-i586/jre/lib/i386/libverify.so
f5e9e000-f5e9f000 ---p 00000000 00:00 0 
f5e9f000-f669f000 rw-p 00000000 00:00 0 
f669f000-f66ab000 r-xp 00000000 fd:00 134838610                          /usr/lib/libnss_files-2.28.so
f66ab000-f66ac000 r--p 0000b000 fd:00 134838610                          /usr/lib/libnss_files-2.28.so
f66ac000-f66ad000 rw-p 0000c000 fd:00 134838610                          /usr/lib/libnss_files-2.28.so
f66ad000-f66b3000 rw-p 00000000 00:00 0 
f66b3000-f66b4000 r--p 00000000 fd:00 134305709                          /usr/lib/locale/en_US/LC_TELEPHONE
f66b4000-f66b5000 r--p 00000000 fd:00 134305707                          /usr/lib/locale/en_US/LC_MEASUREMENT
f66b5000-f66b8000 rw-p 00000000 00:00 0 
f66b8000-f66c0000 rw-s 00000000 fd:00 134969084                          /tmp/hsperfdata_mtpadmin/265717
f66c0000-f66c1000 r-xp 00000000 08:10 4195246                            /apps/mtp/TPE16.0.2/lib/libkixpli.so
f66c1000-f66c2000 r--p 00000000 08:10 4195246                            /apps/mtp/TPE16.0.2/lib/libkixpli.so
f66c2000-f66c3000 rw-p 00001000 08:10 4195246                            /apps/mtp/TPE16.0.2/lib/libkixpli.so
f66c3000-f66c4000 r-xp 00000000 08:10 4195242                            /apps/mtp/TPE16.0.2/lib/libkxtermexit.so
f66c4000-f66c5000 r--p 00000000 08:10 4195242                            /apps/mtp/TPE16.0.2/lib/libkxtermexit.so
f66c5000-f66c6000 rw-p 00001000 08:10 4195242                            /apps/mtp/TPE16.0.2/lib/libkxtermexit.so
f66c6000-f66dc000 r-xp 00000000 08:10 4195235                            /apps/mtp/TPE16.0.2/lib/libkxsecexit.so
f66dc000-f66dd000 r--p 00015000 08:10 4195235                            /apps/mtp/TPE16.0.2/lib/libkxsecexit.so
f66dd000-f66de000 rw-p 00016000 08:10 4195235                            /apps/mtp/TPE16.0.2/lib/libkxsecexit.so
f66de000-f66e4000 rw-p 00000000 00:00 0 
f66e4000-f66e6000 r-xp 00000000 08:10 4195223                            /apps/mtp/TPE16.0.2/lib/liblang_dyn.so
f66e6000-f66e7000 r--p 00001000 08:10 4195223                            /apps/mtp/TPE16.0.2/lib/liblang_dyn.so
f66e7000-f66e8000 rw-p 00002000 08:10 4195223                            /apps/mtp/TPE16.0.2/lib/liblang_dyn.so
f66e8000-f66f0000 r-xp 00000000 fd:00 134838616                          /usr/lib/librt-2.28.so
f66f0000-f66f1000 r--p 00007000 fd:00 134838616                          /usr/lib/librt-2.28.so
f66f1000-f66f2000 rw-p 00008000 fd:00 134838616                          /usr/lib/librt-2.28.so
f66f2000-f66f3000 r-xp 00000000 08:10 4195227                            /apps/mtp/TPE16.0.2/lib/libkxrm.so
f66f3000-f66f4000 r--p 00000000 08:10 4195227                            /apps/mtp/TPE16.0.2/lib/libkxrm.so
f66f4000-f66f5000 rw-p 00001000 08:10 4195227                            /apps/mtp/TPE16.0.2/lib/libkxrm.so
f66f5000-f66f7000 rw-p 00000000 00:00 0 
f66f7000-f6702000 r-xp 00000000 08:10 4195224                            /apps/mtp/TPE16.0.2/lib/libkxtm.so
f6702000-f6703000 r--p 0000a000 08:10 4195224                            /apps/mtp/TPE16.0.2/lib/libkxtm.so
f6703000-f6704000 rw-p 0000b000 08:10 4195224                            /apps/mtp/TPE16.0.2/lib/libkxtm.so
f6704000-f6712000 r-xp 00000000 08:10 4195230                            /apps/mtp/TPE16.0.2/lib/libkxtables.so
f6712000-f6713000 r--p 0000d000 08:10 4195230                            /apps/mtp/TPE16.0.2/lib/libkxtables.so
f6713000-f6714000 rw-p 0000e000 08:10 4195230                            /apps/mtp/TPE16.0.2/lib/libkxtables.so
f6714000-f6735000 r-xp 00000000 fd:00 136722898                          /usr/lib/libcrypt.so.1.1.0
f6735000-f6736000 r--p 00020000 fd:00 136722898                          /usr/lib/libcrypt.so.1.1.0
f6736000-f673f000 rw-p 00000000 00:00 0 
f673f000-f675b000 r-xp 00000000 fd:00 134838612                          /usr/lib/libpthread-2.28.so
f675b000-f675c000 r--p 0001b000 fd:00 134838612                          /usr/lib/libpthread-2.28.so
f675c000-f675d000 rw-p 0001c000 fd:00 134838612                          /usr/lib/libpthread-2.28.so
f675d000-f675f000 rw-p 00000000 00:00 0 
f675f000-f682f000 r-xp 00000000 fd:00 134838604                          /usr/lib/libm-2.28.so
f682f000-f6830000 r--p 000cf000 fd:00 134838604                          /usr/lib/libm-2.28.so
f6830000-f6831000 rw-p 000d0000 fd:00 134838604                          /usr/lib/libm-2.28.so
f6831000-f6834000 r-xp 00000000 fd:00 134838602                          /usr/lib/libdl-2.28.so
f6834000-f6835000 r--p 00002000 fd:00 134838602                          /usr/lib/libdl-2.28.so
f6835000-f6836000 rw-p 00003000 fd:00 134838602                          /usr/lib/libdl-2.28.so
f6836000-f69d7000 r-xp 00000000 fd:00 134838600                          /usr/lib/libc-2.28.so
f69d7000-f69d8000 ---p 001a1000 fd:00 134838600                          /usr/lib/libc-2.28.so
f69d8000-f69da000 r--p 001a1000 fd:00 134838600                          /usr/lib/libc-2.28.so
f69da000-f69db000 rw-p 001a3000 fd:00 134838600                          /usr/lib/libc-2.28.so
f69db000-f69de000 rw-p 00000000 00:00 0 
f69de000-f69df000 r--p 00000000 fd:00 134305704                          /usr/lib/locale/en_US/LC_IDENTIFICATION
f69df000-f69e0000 rw-p 00000000 00:00 0 
f69e0000-f69e1000 r-xp 00000000 08:10 4195273                            /apps/mtp/TPE16.0.2/lib/libkxsockexit.so
f69e1000-f69e2000 r--p 00000000 08:10 4195273                            /apps/mtp/TPE16.0.2/lib/libkxsockexit.so
f69e2000-f69e3000 rw-p 00001000 08:10 4195273                            /apps/mtp/TPE16.0.2/lib/libkxsockexit.so
f69e3000-f69e5000 r-xp 00000000 08:10 4195272                            /apps/mtp/TPE16.0.2/lib/libkxiscexit.so
f69e5000-f69e6000 r--p 00001000 08:10 4195272                            /apps/mtp/TPE16.0.2/lib/libkxiscexit.so
f69e6000-f69e7000 rw-p 00002000 08:10 4195272                            /apps/mtp/TPE16.0.2/lib/libkxiscexit.so
f69e7000-f69e9000 r-xp 00000000 08:10 4195271                            /apps/mtp/TPE16.0.2/lib/libkxconvexit.so
f69e9000-f69ea000 r--p 00001000 08:10 4195271                            /apps/mtp/TPE16.0.2/lib/libkxconvexit.so
f69ea000-f69eb000 rw-p 00002000 08:10 4195271                            /apps/mtp/TPE16.0.2/lib/libkxconvexit.so
f69eb000-f6cb2000 r-xp 00000000 08:10 4195270                            /apps/mtp/TPE16.0.2/lib/libunikixtran.so
f6cb2000-f6cb3000 r--p 002c6000 08:10 4195270                            /apps/mtp/TPE16.0.2/lib/libunikixtran.so
f6cb3000-f6cd0000 rw-p 002c7000 08:10 4195270                            /apps/mtp/TPE16.0.2/lib/libunikixtran.so
f6cd0000-f6f38000 rw-p 00000000 00:00 0 
f6f38000-f7abb000 r-xp 00000000 fd:00 68223427                           /usr/java/jdk1.8.0_281-i586/jre/lib/i386/server/libjvm.so
f7abb000-f7abc000 ---p 00b83000 fd:00 68223427                           /usr/java/jdk1.8.0_281-i586/jre/lib/i386/server/libjvm.so
f7abc000-f7b03000 r--p 00b83000 fd:00 68223427                           /usr/java/jdk1.8.0_281-i586/jre/lib/i386/server/libjvm.so
f7b03000-f7b20000 rw-p 00bca000 fd:00 68223427                           /usr/java/jdk1.8.0_281-i586/jre/lib/i386/server/libjvm.so
f7b20000-f7f45000 rw-p 00000000 00:00 0 
f7f45000-f7f47000 r-xp 00000000 fd:00 137303152                          /usr/java/jdk1.8.0_281-i586/jre/lib/i386/libjsig.so
f7f47000-f7f48000 r--p 00001000 fd:00 137303152                          /usr/java/jdk1.8.0_281-i586/jre/lib/i386/libjsig.so
f7f48000-f7f49000 rw-p 00002000 fd:00 137303152                          /usr/java/jdk1.8.0_281-i586/jre/lib/i386/libjsig.so
f7f49000-f7f4c000 rw-p 00000000 00:00 0 
f7f4c000-f7f50000 r--p 00000000 00:00 0                                  [vvar]
f7f50000-f7f52000 r-xp 00000000 00:00 0                                  [vdso]
f7f52000-f7f7e000 r-xp 00000000 fd:00 134838593                          /usr/lib/ld-2.28.so
f7f7e000-f7f7f000 r--p 00000000 00:00 0 
f7f7f000-f7f80000 r--p 0002c000 fd:00 134838593                          /usr/lib/ld-2.28.so
f7f80000-f7f81000 rw-p 0002d000 fd:00 134838593                          /usr/lib/ld-2.28.so
ffc96000-ffc99000 ---p 00000000 00:00 0 
ffc99000-ffd96000 rw-p 00000000 00:00 0                                  [stack]

VM Arguments:
jvm_args: -Dvcobol.jdbc.autocommit=false -Dvcobol.runtime.compile_flags.mandatory= -Dvcobol.runtime.compile_flags.prohibited=-d64 -Xrs -Xss1M -DKIXSYS=/apps/test/mdoff/sys -DKIXPROGS=/apps/test/mdoff/exe/onl -DUNIKIX=/apps/mtp/mtp -Xmx128m -Dvcobol.jdbc.driver=com.microsoft.sqlserver.jdbc.SQLServerDriver -Dvcobol.jdbc.url=jdbc:sqlserver://hov-tstdb01.cso.local:1433;databaseName= -Dvcobol.jdbc.autocommit=False -Djava.library.path=/apps/mtp/mtp/lib:/opt/lib/cobol/NTT_DATA_COBOL_6.0/native/lib/ exit abort 
java_command: <unknown>
java_class_path (initial): /apps/mtp/mtp/lib/dfjcics.jar:/apps/mtp/mtp/lib/kixsysapi.jar:/apps/mtp/mtp/lib/transMQJMS.jar:/apps/mtp/mtp/lib/transutil.jar:/opt/lib/cobol/NTT_DATA_COBOL_6.0/lib/vcobol-runtime.jar:/apps/test/mdoff/sys/local/bin:/apps/mtp/mtp/local/bin:/apps/test/mdoff/exe/onl:/apps/mtp/mtp/axis2/current/lib/axis2-xmlbeans-1.7.8.jar:/apps/mtp/mtp/axis2/current/lib/axis2-kernel-1.7.8.jar:/apps/mtp/mtp/axis2/current/lib/geronimo-stax-api_1.0_spec-1.0.1.jar:/apps/mtp/mtp/axis2/current/lib/axis2-saaj-1.7.8.jar:/apps/mtp/mtp/axis2/current/lib/httpcore-4.4.6.jar:/apps/mtp/mtp/axis2/current/lib/commons-httpclient-3.1.jar:/apps/mtp/mtp/axis2/current/lib/axis2-transport-http-1.7.8.jar:/apps/mtp/mtp/axis2/current/lib/jibx-run-1.2.jar:/apps/mtp/mtp/axis2/current/lib/axis2-clustering-1.7.8.jar:/apps/mtp/mtp/axis2/current/lib/axis2-jaxws-1.7.8.jar:/apps/mtp/mtp/axis2/current/lib/commons-logging-1.1.1.jar:/apps/mtp/mtp/axis2/current/lib/mail-1.4.jar:/apps/mtp/mtp/axis2/current/lib/bcel-findbugs-6.0.jar:/apps/mtp/mtp/axis2/current/lib/axiom-dom-1.2.20.jar:/apps/mtp/mtp/axis2/current/lib/axis2-transport-mail-1.7.8.jar:/apps/mtp/mtp/axis2/current/lib/commons-io-2.1.jar:/apps/mtp/mtp/axis2/current/lib/jaxws-tools-2.2.6.jar:/apps/mtp/mtp/axis2/current/lib/woden-core-1.0M10.jar:/apps/mtp/mtp/axis2/current/lib/xalan-2.7.0.jar:/apps/mtp/mtp/axis2/current/lib/axis2-mtompolicy-1.7.8.jar:/apps/mtp/mtp/axis2/current/lib/axis2-codegen-1.7.8.jar:/apps/mtp/mtp/axis2/current/lib/geronimo-jaxws_2.2_spec-1.0.jar:/apps/mtp/mtp/axis2/current/lib/jsr311-api-1.1.1.jar:/apps/mtp/mtp/axis2/current/lib/antlr-2.7.7.jar:/apps/mtp/mtp/axis2/current/lib/axis2-corba-1.7.8.jar:/apps/mtp/mtp/axis2/current/lib/axis2-transport-local-1.7.8.jar:/apps/mtp/mtp/axis2/current/lib/juli-6.0.16.jar:/apps/mtp/mtp/axis2/current/lib/axis2-jibx-1.7.8.jar:/apps/mtp/mtp/axis2/current/lib/geronimo-ws-metadata_2.0_spec-1.1.2.jar:/apps/mtp/mtp/axis2/current/lib/jaxen-1.1.6.jar:/apps/mtp/mtp/axis2/current/lib/jettiso
Launcher Type: generic

Environment Variables:
PATH=/usr/java/default/bin:/apps/test/mdoff/sys/local/bin:/apps/mtp/mtp/bin:/usr/bin:/bin
LD_LIBRARY_PATH=/apps/test/mdoff/sys/local/bin:/apps/mtp/mtp/lib:/opt/lib/cobol/NTT_DATA_COBOL_6.0/native/lib:/usr/java/default/jre/lib/i386/server:/usr/java/default/jre/lib/i386
DISPLAY=

Signal Handlers:
SIGSEGV: [libjvm.so+0x94a910], sa_mask[0]=11111111111111111111111111111110, sa_flags=SA_RESTART|SA_SIGINFO
SIGBUS: [libjvm.so+0x94a910], sa_mask[0]=11111111111111111111111111111110, sa_flags=SA_SIGINFO
SIGFPE: [libunikixtran.so+0x256f8b], sa_mask[0]=11111111111111111111111111111110, sa_flags=SA_SIGINFO
SIGPIPE: SIG_IGN, sa_mask[0]=11111111111111111111111111111110, sa_flags=SA_SIGINFO
SIGXFSZ: SIG_DFL, sa_mask[0]=11111111111111111111111111111110, sa_flags=SA_SIGINFO
SIGILL: [libunikixtran.so+0x256f8b], sa_mask[0]=11111111111111111111111111111110, sa_flags=SA_SIGINFO
SIGUSR1: [libunikixtran.so+0x256f8b], sa_mask[0]=11111111011111111101111111111110, sa_flags=SA_SIGINFO
SIGUSR2: [libunikixtran.so+0x256f8b], sa_mask[0]=11111111011111111101111111111110, sa_flags=SA_RESTART|SA_SIGINFO
SIGHUP: [libunikixtran.so+0x256f8b], sa_mask[0]=11111111011111111101111111111110, sa_flags=SA_SIGINFO
SIGINT: [libunikixtran.so+0x256f8b], sa_mask[0]=11111111011111111101111111111110, sa_flags=SA_SIGINFO
SIGTERM: [libunikixtran.so+0x256f8b], sa_mask[0]=11111111011111111101111111111110, sa_flags=SA_SIGINFO
SIGQUIT: [libunikixtran.so+0x256f8b], sa_mask[0]=11111111011111111101111111111110, sa_flags=SA_SIGINFO


---------------  S Y S T E M  ---------------

OS:Red Hat Enterprise Linux release 8.4 (Ootpa)

uname:Linux 4.18.0-305.12.1.el8_4.x86_64 #1 SMP Mon Jul 26 08:06:24 EDT 2021 x86_64
libc:glibc 2.28 NPTL 2.28 
rlimit: STACK 8192k, CORE infinity, NPROC 63093, NOFILE 262144, AS infinity
load average:35.43 10.32 4.47

/proc/meminfo:
MemTotal:       16211596 kB
MemFree:          143308 kB
MemAvailable:   12844720 kB
Buffers:           41684 kB
Cached:         14504780 kB
SwapCached:         3236 kB
Active:          2059916 kB
Inactive:       13583300 kB
Active(anon):    1527452 kB
Inactive(anon):  1218004 kB
Active(file):     532464 kB
Inactive(file): 12365296 kB
Unevictable:           0 kB
Mlocked:               0 kB
SwapTotal:       8273916 kB
SwapFree:        8251388 kB
Dirty:           2416768 kB
Writeback:        141260 kB
AnonPages:       1090828 kB
Mapped:          5240656 kB
Shmem:           1648240 kB
KReclaimable:     113580 kB
Slab:             204156 kB
SReclaimable:     113580 kB
SUnreclaim:        90576 kB
KernelStack:       14288 kB
PageTables:        49256 kB
NFS_Unstable:          0 kB
Bounce:                0 kB
WritebackTmp:          0 kB
CommitLimit:    16379712 kB
Committed_AS:    8621860 kB
VmallocTotal:   34359738367 kB
VmallocUsed:           0 kB
VmallocChunk:          0 kB
Percpu:             4528 kB
HardwareCorrupted:     0 kB
AnonHugePages:    432128 kB
ShmemHugePages:        0 kB
ShmemPmdMapped:        0 kB
FileHugePages:         0 kB
FilePmdMapped:         0 kB
HugePages_Total:       0
HugePages_Free:        0
HugePages_Rsvd:        0
HugePages_Surp:        0
Hugepagesize:       2048 kB
Hugetlb:               0 kB
DirectMap4k:      331120 kB
DirectMap2M:     9105408 kB
DirectMap1G:     9437184 kB

container (cgroup) information:
container_type: cgroupv1
cpu_cpuset_cpus: 0-3
cpu_memory_nodes: 0
active_processor_count: 4
cpu_quota: -1
cpu_period: 100000
cpu_shares: -1
memory_limit_in_bytes: -1
memory_and_swap_limit_in_bytes: -1
memory_soft_limit_in_bytes: -1
memory_usage_in_bytes: 1888505856
memory_max_usage_in_bytes: 2082938880


CPU:total 4 (initial active 4) (2 cores per cpu, 1 threads per core) family 6 model 85 stepping 4, cmov, cx8, fxsr, mmx, sse, sse2, sse3, ssse3, sse4.1, sse4.2, popcnt, avx, avx2, aes, clmul, erms, 3dnowpref, lzcnt, tsc, tscinvbit, bmi1, bmi2, adx

/proc/cpuinfo:
processor	: 0
vendor_id	: GenuineIntel
cpu family	: 6
model		: 85
model name	: Intel(R) Xeon(R) Gold 6154 CPU @ 3.00GHz
stepping	: 4
microcode	: 0x2006a08
cpu MHz		: 2992.968
cache size	: 25344 KB
physical id	: 0
siblings	: 2
core id		: 0
cpu cores	: 2
apicid		: 0
initial apicid	: 0
fpu		: yes
fpu_exception	: yes
cpuid level	: 22
wp		: yes
flags		: fpu vme de pse tsc msr pae mce cx8 apic sep mtrr pge mca cmov pat pse36 clflush mmx fxsr sse sse2 ss ht syscall nx pdpe1gb rdtscp lm constant_tsc arch_perfmon nopl xtopology tsc_reliable nonstop_tsc cpuid pni pclmulqdq ssse3 fma cx16 pcid sse4_1 sse4_2 x2apic movbe popcnt tsc_deadline_timer aes xsave avx f16c rdrand hypervisor lahf_lm abm 3dnowprefetch cpuid_fault invpcid_single pti ssbd ibrs ibpb stibp fsgsbase tsc_adjust bmi1 avx2 smep bmi2 invpcid avx512f avx512dq rdseed adx smap clflushopt clwb avx512cd avx512bw avx512vl xsaveopt xsavec xsaves arat pku ospke md_clear flush_l1d arch_capabilities
bugs		: cpu_meltdown spectre_v1 spectre_v2 spec_store_bypass l1tf mds swapgs itlb_multihit
bogomips	: 5985.93
clflush size	: 64
cache_alignment	: 64
address sizes	: 43 bits physical, 48 bits virtual
power management:

processor	: 1
vendor_id	: GenuineIntel
cpu family	: 6
model		: 85
model name	: Intel(R) Xeon(R) Gold 6154 CPU @ 3.00GHz
stepping	: 4
microcode	: 0x2006a08
cpu MHz		: 2992.968
cache size	: 25344 KB
physical id	: 0
siblings	: 2
core id		: 1
cpu cores	: 2
apicid		: 1
initial apicid	: 1
fpu		: yes
fpu_exception	: yes
cpuid level	: 22
wp		: yes
flags		: fpu vme de pse tsc msr pae mce cx8 apic sep mtrr pge mca cmov pat pse36 clflush mmx fxsr sse sse2 ss ht syscall nx pdpe1gb rdtscp lm constant_tsc arch_perfmon nopl xtopology tsc_reliable nonstop_tsc cpuid pni pclmulqdq ssse3 fma cx16 pcid sse4_1 sse4_2 x2apic movbe popcnt tsc_deadline_timer aes xsave avx f16c rdrand hypervisor lahf_lm abm 3dnowprefetch cpuid_fault invpcid_single pti ssbd ibrs ibpb stibp fsgsbase tsc_adjust bmi1 avx2 smep bmi2 invpcid avx512f avx512dq rdseed adx smap clflushopt clwb avx512cd avx512bw avx512vl xsaveopt xsavec xsaves arat pku ospke md_clear flush_l1d arch_capabilities
bugs		: cpu_meltdown spectre_v1 spectre_v2 spec_store_bypass l1tf mds swapgs itlb_multihit
bogomips	: 5985.93
clflush size	: 64
cache_alignment	: 64
address sizes	: 43 bits physical, 48 bits virtual
power management:

processor	: 2
vendor_id	: GenuineIntel
cpu family	: 6
model		: 85
model name	: Intel(R) Xeon(R) Gold 6154 CPU @ 3.00GHz
stepping	: 4
microcode	: 0x2006a08
cpu MHz		: 2992.968
cache size	: 25344 KB
physical id	: 1
siblings	: 2
core id		: 0
cpu cores	: 2
apicid		: 2
initial apicid	: 2
fpu		: yes
fpu_exception	: yes
cpuid level	: 22
wp		: yes
flags		: fpu vme de pse tsc msr pae mce cx8 apic sep mtrr pge mca cmov pat pse36 clflush mmx fxsr sse sse2 ss ht syscall nx pdpe1gb rdtscp lm constant_tsc arch_perfmon nopl xtopology tsc_reliable nonstop_tsc cpuid pni pclmulqdq ssse3 fma cx16 pcid sse4_1 sse4_2 x2apic movbe popcnt tsc_deadline_timer aes xsave avx f16c rdrand hypervisor lahf_lm abm 3dnowprefetch cpuid_fault invpcid_single pti ssbd ibrs ibpb stibp fsgsbase tsc_adjust bmi1 avx2 smep bmi2 invpcid avx512f avx512dq rdseed adx smap clflushopt clwb avx512cd avx512bw avx512vl xsaveopt xsavec xsaves arat pku ospke md_clear flush_l1d arch_capabilities
bugs		: cpu_meltdown spectre_v1 spectre_v2 spec_store_bypass l1tf mds swapgs itlb_multihit
bogomips	: 5985.93
clflush size	: 64
cache_alignment	: 64
address sizes	: 43 bits physical, 48 bits virtual
power management:

processor	: 3
vendor_id	: GenuineIntel
cpu family	: 6
model		: 85
model name	: Intel(R) Xeon(R) Gold 6154 CPU @ 3.00GHz
stepping	: 4
microcode	: 0x2006a08
cpu MHz		: 2992.968
cache size	: 25344 KB
physical id	: 1
siblings	: 2
core id		: 1
cpu cores	: 2
apicid		: 3
initial apicid	: 3
fpu		: yes
fpu_exception	: yes
cpuid level	: 22
wp		: yes
flags		: fpu vme de pse tsc msr pae mce cx8 apic sep mtrr pge mca cmov pat pse36 clflush mmx fxsr sse sse2 ss ht syscall nx pdpe1gb rdtscp lm constant_tsc arch_perfmon nopl xtopology tsc_reliable nonstop_tsc cpuid pni pclmulqdq ssse3 fma cx16 pcid sse4_1 sse4_2 x2apic movbe popcnt tsc_deadline_timer aes xsave avx f16c rdrand hypervisor lahf_lm abm 3dnowprefetch cpuid_fault invpcid_single pti ssbd ibrs ibpb stibp fsgsbase tsc_adjust bmi1 avx2 smep bmi2 invpcid avx512f avx512dq rdseed adx smap clflushopt clwb avx512cd avx512bw avx512vl xsaveopt xsavec xsaves arat pku ospke md_clear flush_l1d arch_capabilities
bugs		: cpu_meltdown spectre_v1 spectre_v2 spec_store_bypass l1tf mds swapgs itlb_multihit
bogomips	: 5985.93
clflush size	: 64
cache_alignment	: 64
address sizes	: 43 bits physical, 48 bits virtual
power management:



Memory: 4k page, physical 16211596k(139276k free), swap 8273916k(8251388k free)

vm_info: Java HotSpot(TM) Server VM (25.281-b09) for linux-x86 JRE (1.8.0_281-b09), built on Dec  9 2020 12:36:01 by "java_re" with gcc 7.3.0

time: Fri Aug 20 12:09:17 2021
timezone: CDT
elapsed time: 0.524644 seconds (0d 0h 0m 0s)

