#
# A fatal error has been detected by the Java Runtime Environment:
#
#  SIGSEGV (0xb) at pc=0xf6b2df87, pid=434584, tid=0xf6678700
#
# JRE version: Java(TM) SE Runtime Environment (8.0_281-b09) (build 1.8.0_281-b09)
# Java VM: Java HotSpot(TM) Server VM (25.281-b09 mixed mode linux-x86 )
# Problematic frame:
# C  [libunikixtran.so+0x1acf87]  abend+0x68
#
# Core dump written. Default location: /apps/test/mdoff/sys/core or core.434584
#
# If you would like to submit a bug report, please visit:
#   http://bugreport.java.com/bugreport/crash.jsp
# The crash happened outside the Java Virtual Machine in native code.
# See problematic frame for where to report the bug.
#

---------------  T H R E A D  ---------------

Current thread (0x08ee8400):  JavaThread "main" [_thread_in_native, id=434584, stack(0xff803000,0xff903000)]

siginfo: si_signo: 11 (SIGSEGV), si_code: 1 (SEGV_MAPERR), si_addr: 0x00000014

Registers:
EAX=0x00000000, EBX=0xf6ebb360, ECX=0x00000000, EDX=0x14063000
ESP=0xff8f58f0, EBP=0x00000001, ESI=0xff8f5996, EDI=0x4f420b40
EIP=0xf6b2df87, EFLAGS=0x00010246, CR2=0x00000014

Top of Stack: (sp=0xff8f58f0)
0xff8f58f0:   00063000 00000000 00000020 00000002
0xff8f5900:   00000020 f7a56b5c 0000000c f744d59c
0xff8f5910:   f7a99000 08ee8400 ff8f5958 f7450512
0xff8f5920:   08ee8538 f7a99000 ff8f5958 f745055f
0xff8f5930:   00000000 0000000c ff8f5878 00000000
0xff8f5940:   00000000 4f420b40 00000001 f6b10d8d
0xff8f5950:   00021085 00000000 00000000 00000000
0xff8f5960:   00000200 08febcc8 09539234 de77dff4 

Instructions: (pc=0xf6b2df87)
0xf6b2df67:   00 00 83 b8 c0 02 00 00 00 74 0c c7 04 24 8b ff
0xf6b2df77:   c0 f6 e8 8f fa 06 00 c6 43 03 0c a1 64 b0 eb f6
0xf6b2df87:   8b 50 14 89 93 b4 00 00 00 8b 40 18 89 83 b8 00
0xf6b2df97:   00 00 80 7e 02 41 75 7f 8b 84 24 98 00 00 00 89 

Register to memory mapping:

EAX=0x00000000 is an unknown value
EBX=0xf6ebb360: xtcb+0 in /apps/mtp/mtp/lib/libunikixtran.so at 0xf6981000
ECX=0x00000000 is an unknown value
EDX=0x14063000 is an unknown value
ESP=0xff8f58f0 is pointing into the stack for thread: 0x08ee8400
EBP=0x00000001 is an unknown value
ESI=0xff8f5996 is pointing into the stack for thread: 0x08ee8400
EDI=0x4f420b40 is an unknown value


Stack: [0xff803000,0xff903000],  sp=0xff8f58f0,  free space=970k
Native frames: (J=compiled Java code, j=interpreted, Vv=VM code, C=native code)
C  [libunikixtran.so+0x1acf87]  abend+0x68


---------------  P R O C E S S  ---------------

Java Threads: ( => current thread )
  0x09133400 JavaThread "Service Thread" daemon [_thread_blocked, id=434665, stack(0xdccfe000,0xdcdff000)]
  0x09130000 JavaThread "C1 CompilerThread2" daemon [_thread_blocked, id=434658, stack(0xdd07f000,0xdd0ff000)]
  0x0912ec00 JavaThread "C2 CompilerThread1" daemon [_thread_in_native, id=434657, stack(0xdd37f000,0xdd3ff000)]
  0x0912cc00 JavaThread "C2 CompilerThread0" daemon [_thread_blocked, id=434656, stack(0xdd656000,0xdd6d6000)]
  0x0912b400 JavaThread "Attach Listener" daemon [_thread_blocked, id=434655, stack(0xdcdff000,0xdcf00000)]
  0x09111000 JavaThread "Finalizer" daemon [_thread_blocked, id=434653, stack(0xdd0ff000,0xdd200000)]
  0x0910e000 JavaThread "Reference Handler" daemon [_thread_blocked, id=434652, stack(0xdd3ff000,0xdd500000)]
=>0x08ee8400 JavaThread "main" [_thread_in_native, id=434584, stack(0xff803000,0xff903000)]

Other Threads:
  0x09108400 VMThread [stack: 0xdd6d7000,0xdd757000] [id=434649]
  0x09135400 WatcherThread [stack: 0xdcc7e000,0xdccfe000] [id=434667]

VM state:not at safepoint (normal execution)

VM Mutex/Monitor currently owned by a thread: None

Heap:
 PSYoungGen      total 19200K, used 9307K [0xe3f80000, 0xe54c0000, 0xe6a00000)
  eden space 16640K, 55% used [0xe3f80000,0xe4896c00,0xe4fc0000)
  from space 2560K, 0% used [0xe5240000,0xe5240000,0xe54c0000)
  to   space 2560K, 0% used [0xe4fc0000,0xe4fc0000,0xe5240000)
 ParOldGen       total 43776K, used 0K [0xdea00000, 0xe14c0000, 0xe3f80000)
  object space 43776K, 0% used [0xdea00000,0xdea00000,0xe14c0000)
 Metaspace       used 4360K, capacity 4506K, committed 4632K, reserved 5424K

Card table byte_map: [0xde9bf000,0xdea00000] byte_map_base: 0xde2ca000

Marking Bits: (ParMarkBitMap*) 0xf7ac9e60
 Begin Bits: [0xdde00000, 0xde000000)
 End Bits:   [0xde000000, 0xde200000)

Polling page: 0xf7f14000

CodeCache: size=245760Kb used=1392Kb max_used=1392Kb free=244367Kb
 bounds [0xe6de0000, 0xe7020000, 0xf5de0000]
 total_blobs=636 nmethods=451 adapters=99
 compilation: enabled

Compilation events (10 events):
Event: 0.720 Thread 0x09130000 nmethod 445 0xe6f372c8 code [0xe6f37440, 0xe6f37844]
Event: 0.720 Thread 0x09130000  448       2       java.util.ArrayList::get (11 bytes)
Event: 0.720 Thread 0x09130000 nmethod 448 0xe6f36e88 code [0xe6f36fc0, 0xe6f37138]
Event: 0.720 Thread 0x09130000  447       2       java.util.ArrayList::rangeCheck (22 bytes)
Event: 0.720 Thread 0x09130000 nmethod 447 0xe6f36708 code [0xe6f36880, 0xe6f36b88]
Event: 0.721 Thread 0x09130000  450  s    3       sun.misc.URLClassPath::getLookupCache (98 bytes)
Event: 0.721 Thread 0x09130000 nmethod 450 0xe6f35d48 code [0xe6f35ea0, 0xe6f362b8]
Event: 0.721 Thread 0x09130000  449       3       java.io.File::isInvalid (47 bytes)
Event: 0.721 Thread 0x09130000 nmethod 449 0xe6f35808 code [0xe6f35940, 0xe6f35c4c]
Event: 0.721 Thread 0x09130000  452       3       java.util.AbstractMap::<init> (5 bytes)

GC Heap History (0 events):
No events

Deoptimization events (3 events):
Event: 0.444 Thread 0x08ee8400 Uncommon trap: reason=unstable_if action=reinterpret pc=0xe6ea9cc4 method=java.lang.String.startsWith(Ljava/lang/String;I)Z @ 25
Event: 0.560 Thread 0x08ee8400 Uncommon trap: reason=unstable_if action=reinterpret pc=0xe6e944b4 method=java.lang.CharacterDataLatin1.digit(II)I @ 82
Event: 0.581 Thread 0x08ee8400 Uncommon trap: reason=unstable_if action=reinterpret pc=0xe6eda590 method=java.lang.String.replace(CC)Ljava/lang/String; @ 26

Classes redefined (0 events):
No events

Internal exceptions (10 events):
Event: 0.477 Thread 0x08ee8400 Exception <a 'java/security/PrivilegedActionException'> (0xe43c6668) thrown at [/scratch/jenkins/workspace/8-2-build-linux-i586/jdk8u281/880/hotspot/src/share/vm/prims/jvm.cpp, line 1512]
Event: 0.477 Thread 0x08ee8400 Exception <a 'java/security/PrivilegedActionException'> (0xe43c6868) thrown at [/scratch/jenkins/workspace/8-2-build-linux-i586/jdk8u281/880/hotspot/src/share/vm/prims/jvm.cpp, line 1512]
Event: 0.477 Thread 0x08ee8400 Exception <a 'java/security/PrivilegedActionException'> (0xe43c72c8) thrown at [/scratch/jenkins/workspace/8-2-build-linux-i586/jdk8u281/880/hotspot/src/share/vm/prims/jvm.cpp, line 1512]
Event: 0.477 Thread 0x08ee8400 Exception <a 'java/security/PrivilegedActionException'> (0xe43c74c8) thrown at [/scratch/jenkins/workspace/8-2-build-linux-i586/jdk8u281/880/hotspot/src/share/vm/prims/jvm.cpp, line 1512]
Event: 0.477 Thread 0x08ee8400 Exception <a 'java/security/PrivilegedActionException'> (0xe43c7f28) thrown at [/scratch/jenkins/workspace/8-2-build-linux-i586/jdk8u281/880/hotspot/src/share/vm/prims/jvm.cpp, line 1512]
Event: 0.477 Thread 0x08ee8400 Exception <a 'java/security/PrivilegedActionException'> (0xe43c8128) thrown at [/scratch/jenkins/workspace/8-2-build-linux-i586/jdk8u281/880/hotspot/src/share/vm/prims/jvm.cpp, line 1512]
Event: 0.550 Thread 0x08ee8400 Exception <a 'java/lang/NoSuchFieldError': method resolution failed> (0xe44d1310) thrown at [/scratch/jenkins/workspace/8-2-build-linux-i586/jdk8u281/880/hotspot/src/share/vm/prims/methodHandles.cpp, line 1169]
Event: 0.551 Thread 0x08ee8400 Exception <a 'java/lang/NoSuchFieldError': method resolution failed> (0xe44dd490) thrown at [/scratch/jenkins/workspace/8-2-build-linux-i586/jdk8u281/880/hotspot/src/share/vm/prims/methodHandles.cpp, line 1169]
Event: 0.579 Thread 0x08ee8400 Exception <a 'java/io/FileNotFoundException'> (0xe4556288) thrown at [/scratch/jenkins/workspace/8-2-build-linux-i586/jdk8u281/880/hotspot/src/share/vm/prims/jni.cpp, line 710]
Event: 0.581 Thread 0x08ee8400 Exception <a 'java/io/FileNotFoundException'> (0xe4587ef0) thrown at [/scratch/jenkins/workspace/8-2-build-linux-i586/jdk8u281/880/hotspot/src/share/vm/prims/jni.cpp, line 710]

Events (10 events):
Event: 0.720 loading class KXCALLKIX
Event: 0.720 loading class KXCALLKIX done
Event: 0.720 loading class java/net/URI
Event: 0.720 loading class java/net/URI done
Event: 0.720 loading class java/net/URI$Parser
Event: 0.721 loading class java/net/URI$Parser done
Event: 0.721 loading class KXCALLKIX
Event: 0.721 loading class KXCALLKIX done
Event: 0.721 loading class kxcallkix
Event: 0.721 loading class kxcallkix done


Dynamic libraries:
08048000-08049000 r-xp 00000000 08:10 4194405                            /apps/mtp/TPE16.0.2/bin/unikixtran
08049000-0804a000 r--p 00000000 08:10 4194405                            /apps/mtp/TPE16.0.2/bin/unikixtran
0804a000-0804b000 rw-p 00001000 08:10 4194405                            /apps/mtp/TPE16.0.2/bin/unikixtran
08ebe000-0961f000 rw-p 00000000 00:00 0                                  [heap]
20000000-50000000 rw-s 00000000 00:01 32787                              /SYSV010a037b (deleted)
50002000-80002000 rw-s 00000000 00:01 32788                              /SYSV00000000 (deleted)
80004000-80a2c000 rw-s 00000000 00:01 32789                              /SYSV00000000 (deleted)
80a2e000-80a5c000 rw-s 00000000 00:01 32790                              /SYSV00000000 (deleted)
80a5e000-82a5f000 rw-s 00000000 00:01 32791                              /SYSV00000000 (deleted)
dca00000-dca40000 rw-p 00000000 00:00 0 
dca40000-dcb00000 ---p 00000000 00:00 0 
dcb00000-dcb41000 rw-p 00000000 00:00 0 
dcb41000-dcc00000 ---p 00000000 00:00 0 
dcc7d000-dcc7e000 ---p 00000000 00:00 0 
dcc7e000-dccfe000 rw-p 00000000 00:00 0 
dccfe000-dcd01000 ---p 00000000 00:00 0 
dcd01000-dcdff000 rw-p 00000000 00:00 0 
dcdff000-dce02000 ---p 00000000 00:00 0 
dce02000-dcf00000 rw-p 00000000 00:00 0 
dcf00000-dcf82000 rw-p 00000000 00:00 0 
dcf82000-dd000000 ---p 00000000 00:00 0 
dd023000-dd025000 r-xp 00000000 08:10 4195244                            /apps/mtp/TPE16.0.2/lib/libkxusrexit.so
dd025000-dd026000 r--p 00001000 08:10 4195244                            /apps/mtp/TPE16.0.2/lib/libkxusrexit.so
dd026000-dd027000 rw-p 00002000 08:10 4195244                            /apps/mtp/TPE16.0.2/lib/libkxusrexit.so
dd027000-dd028000 rw-p 00000000 00:00 0 
dd028000-dd029000 r--s 00002000 08:10 4195716                            /apps/mtp/TPE16.0.2/axis2/axis2-1.7.8/lib/geronimo-annotation_1.0_spec-1.1.jar
dd029000-dd02e000 r--s 0005f000 08:10 4195644                            /apps/mtp/TPE16.0.2/axis2/axis2-1.7.8/lib/jibx-bind-1.2.jar
dd02e000-dd031000 r--s 0000f000 08:10 4195615                            /apps/mtp/TPE16.0.2/axis2/axis2-1.7.8/lib/commons-fileupload-1.3.3.jar
dd031000-dd03c000 r--s 0005d000 08:10 4195611                            /apps/mtp/TPE16.0.2/axis2/axis2-1.7.8/lib/axiom-api-1.2.20.jar
dd03c000-dd040000 r--s 00034000 08:10 4195652                            /apps/mtp/TPE16.0.2/axis2/axis2-1.7.8/lib/tribes-6.0.16.jar
dd040000-dd044000 r--s 00029000 08:10 4195612                            /apps/mtp/TPE16.0.2/axis2/axis2-1.7.8/lib/stax2-api-3.1.1.jar
dd044000-dd069000 r--s 001d7000 08:10 4195688                            /apps/mtp/TPE16.0.2/axis2/axis2-1.7.8/lib/jaxb-xjc-2.2.6.jar
dd069000-dd06b000 r--s 00013000 08:10 4195719                            /apps/mtp/TPE16.0.2/axis2/axis2-1.7.8/lib/xml-resolver-1.2.jar
dd06b000-dd06d000 r--s 00003000 08:10 4195685                            /apps/mtp/TPE16.0.2/axis2/axis2-1.7.8/lib/axis2-fastinfoset-1.7.8.jar
dd06d000-dd071000 r--s 00015000 08:10 4195687                            /apps/mtp/TPE16.0.2/axis2/axis2-1.7.8/lib/jaxb-api-2.2.6.jar
dd071000-dd07e000 r--s 000aa000 08:10 4195708                            /apps/mtp/TPE16.0.2/axis2/axis2-1.7.8/lib/httpclient-4.5.3.jar
dd07e000-dd07f000 ---p 00000000 00:00 0 
dd07f000-dd082000 ---p 00000000 00:00 0 
dd082000-dd0ff000 rw-p 00000000 00:00 0 
dd0ff000-dd102000 ---p 00000000 00:00 0 
dd102000-dd200000 rw-p 00000000 00:00 0 
dd200000-dd22d000 rw-p 00000000 00:00 0 
dd22d000-dd300000 ---p 00000000 00:00 0 
dd300000-dd301000 r--s 00003000 08:10 4195645                            /apps/mtp/TPE16.0.2/axis2/axis2-1.7.8/lib/axis2-spring-1.7.8.jar
dd301000-dd302000 r--s 00005000 08:10 4195654                            /apps/mtp/TPE16.0.2/axis2/axis2-1.7.8/lib/axis2-ant-plugin-1.7.8.jar
dd302000-dd304000 r--s 00009000 08:10 4195621                            /apps/mtp/TPE16.0.2/axis2/axis2-1.7.8/lib/commons-cli-1.2.jar
dd304000-dd315000 r--s 00136000 08:10 4195663                            /apps/mtp/TPE16.0.2/axis2/axis2-1.7.8/lib/jalopy-1.5rc3.jar
dd315000-dd318000 r--s 00015000 08:10 4195675                            /apps/mtp/TPE16.0.2/axis2/axis2-1.7.8/lib/apache-mime4j-core-0.7.2.jar
dd318000-dd31a000 r--s 0000b000 08:10 4195662                            /apps/mtp/TPE16.0.2/axis2/axis2-1.7.8/lib/axis2-transport-xmpp-1.7.8.jar
dd31a000-dd321000 r--s 00059000 08:10 4195624                            /apps/mtp/TPE16.0.2/axis2/axis2-1.7.8/lib/log4j-1.2.15.jar
dd321000-dd323000 r--s 00006000 08:10 4195679                            /apps/mtp/TPE16.0.2/axis2/axis2-1.7.8/lib/commons-codec-1.2.jar
dd323000-dd326000 r--s 00017000 08:10 4195658                            /apps/mtp/TPE16.0.2/axis2/axis2-1.7.8/lib/axis2-transport-base-1.7.8.jar
dd326000-dd32b000 r--s 00020000 08:10 4195677                            /apps/mtp/TPE16.0.2/axis2/axis2-1.7.8/lib/wsdl4j-1.6.2.jar
dd32b000-dd32d000 r--s 00006000 08:10 4195649                            /apps/mtp/TPE16.0.2/axis2/axis2-1.7.8/lib/geronimo-saaj_1.3_spec-1.0.1.jar
dd32d000-dd337000 r--s 00082000 08:10 4195676                            /apps/mtp/TPE16.0.2/axis2/axis2-1.7.8/lib/axiom-impl-1.2.20.jar
dd337000-dd340000 r--s 00062000 08:10 4195650                            /apps/mtp/TPE16.0.2/axis2/axis2-1.7.8/lib/axis2-metadata-1.7.8.jar
dd340000-dd37e000 r--s 0025d000 08:10 4195622                            /apps/mtp/TPE16.0.2/axis2/axis2-1.7.8/lib/xmlbeans-2.6.0.jar
dd37e000-dd37f000 ---p 00000000 00:00 0 
dd37f000-dd382000 ---p 00000000 00:00 0 
dd382000-dd3ff000 rw-p 00000000 00:00 0 
dd3ff000-dd402000 ---p 00000000 00:00 0 
dd402000-dd500000 rw-p 00000000 00:00 0 
dd500000-dd5fe000 rw-p 00000000 00:00 0 
dd5fe000-dd600000 ---p 00000000 00:00 0 
dd600000-dd602000 r--s 00007000 08:10 4195655                            /apps/mtp/TPE16.0.2/axis2/axis2-1.7.8/lib/mex-1.7.8-impl.jar
dd602000-dd604000 r--s 00003000 08:10 4195686                            /apps/mtp/TPE16.0.2/axis2/axis2-1.7.8/lib/axiom-jaxb-1.2.20.jar
dd604000-dd606000 r--s 00007000 08:10 4195646                            /apps/mtp/TPE16.0.2/axis2/axis2-1.7.8/lib/axis2-soapmonitor-servlet-1.7.8.jar
dd606000-dd607000 r--s 00003000 08:10 4195614                            /apps/mtp/TPE16.0.2/axis2/axis2-1.7.8/lib/geronimo-jta_1.1_spec-1.1.jar
dd607000-dd609000 r--s 0000e000 08:10 4195659                            /apps/mtp/TPE16.0.2/axis2/axis2-1.7.8/lib/activation-1.1.jar
dd609000-dd60b000 r--s 0000c000 08:10 4195682                            /apps/mtp/TPE16.0.2/axis2/axis2-1.7.8/lib/axis2-json-1.7.8.jar
dd60b000-dd60c000 r--s 00006000 08:10 4195660                            /apps/mtp/TPE16.0.2/axis2/axis2-1.7.8/lib/axis2-transport-tcp-1.7.8.jar
dd60c000-dd60e000 r--s 00006000 08:10 4195647                            /apps/mtp/TPE16.0.2/axis2/axis2-1.7.8/lib/axis2-jaxbri-1.7.8.jar
dd60e000-dd610000 r--s 00004000 08:10 4195661                            /apps/mtp/TPE16.0.2/axis2/axis2-1.7.8/lib/axis2-transport-udp-1.7.8.jar
dd610000-dd614000 r--s 00028000 08:10 4195684                            /apps/mtp/TPE16.0.2/axis2/axis2-1.7.8/lib/gson-2.1.jar
dd614000-dd616000 r--s 00012000 08:10 4195689                            /apps/mtp/TPE16.0.2/axis2/axis2-1.7.8/lib/axis2-transport-jms-1.7.8.jar
dd616000-dd618000 r--s 0002b000 08:10 4195710                            /apps/mtp/TPE16.0.2/axis2/axis2-1.7.8/lib/axis2-adb-codegen-1.7.8.jar
dd618000-dd61c000 r--s 00026000 08:10 4195617                            /apps/mtp/TPE16.0.2/axis2/axis2-1.7.8/lib/xmlschema-core-2.2.1.jar
dd61c000-dd622000 r--s 00070000 08:10 4195639                            /apps/mtp/TPE16.0.2/axis2/axis2-1.7.8/lib/woodstox-core-asl-4.2.0.jar
dd622000-dd62b000 r--s 00097000 08:10 4195620                            /apps/mtp/TPE16.0.2/axis2/axis2-1.7.8/lib/axis2-adb-1.7.8.jar
dd62b000-dd62c000 r--s 00007000 08:10 4195636                            /apps/mtp/TPE16.0.2/axis2/axis2-1.7.8/lib/axis2-java2wsdl-1.7.8.jar
dd62c000-dd642000 r--s 000fa000 08:10 4195648                            /apps/mtp/TPE16.0.2/axis2/axis2-1.7.8/lib/jaxb-impl-2.2.6.jar
dd642000-dd644000 r--s 00010000 08:10 4195640                            /apps/mtp/TPE16.0.2/axis2/axis2-1.7.8/lib/neethi-3.0.3.jar
dd644000-dd647000 r--s 00013000 08:10 4195683                            /apps/mtp/TPE16.0.2/axis2/axis2-1.7.8/lib/jettison-1.3.8.jar
dd647000-dd64d000 r--s 00033000 08:10 4195638                            /apps/mtp/TPE16.0.2/axis2/axis2-1.7.8/lib/jaxen-1.1.6.jar
dd64d000-dd64e000 r--s 00003000 08:10 4195613                            /apps/mtp/TPE16.0.2/axis2/axis2-1.7.8/lib/geronimo-ws-metadata_2.0_spec-1.1.2.jar
dd64e000-dd650000 r--s 00008000 08:10 4195712                            /apps/mtp/TPE16.0.2/axis2/axis2-1.7.8/lib/axis2-jibx-1.7.8.jar
dd650000-dd652000 r--s 00003000 08:10 4195642                            /apps/mtp/TPE16.0.2/axis2/axis2-1.7.8/lib/axis2-transport-local-1.7.8.jar
dd652000-dd655000 r--s 00023000 08:10 4195656                            /apps/mtp/TPE16.0.2/axis2/axis2-1.7.8/lib/axis2-corba-1.7.8.jar
dd655000-dd656000 ---p 00000000 00:00 0 
dd656000-dd659000 ---p 00000000 00:00 0 
dd659000-dd6d6000 rw-p 00000000 00:00 0 
dd6d6000-dd6d7000 ---p 00000000 00:00 0 
dd6d7000-dd757000 rw-p 00000000 00:00 0 
dd757000-dd934000 r--s 03dd0000 fd:00 203051326                          /usr/java/jdk1.8.0_281-i586/jre/lib/rt.jar
dd934000-ddd7a000 rw-p 00000000 00:00 0 
ddd7a000-ddd80000 ---p 00000000 00:00 0 
ddd80000-de200000 rw-p 00000000 00:00 0 
de200000-de221000 rw-p 00000000 00:00 0 
de221000-de300000 ---p 00000000 00:00 0 
de300000-de305000 r--s 00068000 08:10 4195623                            /apps/mtp/TPE16.0.2/axis2/axis2-1.7.8/lib/antlr-2.7.7.jar
de305000-de307000 r--s 0000a000 08:10 4195618                            /apps/mtp/TPE16.0.2/axis2/axis2-1.7.8/lib/jsr311-api-1.1.1.jar
de307000-de30a000 r--s 0000c000 08:10 4195717                            /apps/mtp/TPE16.0.2/axis2/axis2-1.7.8/lib/geronimo-jaxws_2.2_spec-1.0.jar
de30a000-de30f000 r--s 0003b000 08:10 4195709                            /apps/mtp/TPE16.0.2/axis2/axis2-1.7.8/lib/axis2-codegen-1.7.8.jar
de30f000-de32d000 r--s 0027d000 08:10 4195720                            /apps/mtp/TPE16.0.2/axis2/axis2-1.7.8/lib/xalan-2.7.0.jar
de32d000-de336000 r--s 00053000 08:10 4195641                            /apps/mtp/TPE16.0.2/axis2/axis2-1.7.8/lib/woden-core-1.0M10.jar
de336000-de341000 r--s 000c2000 08:10 4195643                            /apps/mtp/TPE16.0.2/axis2/axis2-1.7.8/lib/jaxws-tools-2.2.6.jar
de341000-de344000 r--s 00025000 08:10 4195616                            /apps/mtp/TPE16.0.2/axis2/axis2-1.7.8/lib/commons-io-2.1.jar
de344000-de346000 r--s 00009000 08:10 4195690                            /apps/mtp/TPE16.0.2/axis2/axis2-1.7.8/lib/axis2-transport-mail-1.7.8.jar
de346000-de352000 r--s 000a3000 08:10 4195681                            /apps/mtp/TPE16.0.2/axis2/axis2-1.7.8/lib/axiom-dom-1.2.20.jar
de352000-de35c000 r--s 0008c000 08:10 4195714                            /apps/mtp/TPE16.0.2/axis2/axis2-1.7.8/lib/bcel-findbugs-6.0.jar
de35c000-de362000 r--s 00059000 08:10 4195691                            /apps/mtp/TPE16.0.2/axis2/axis2-1.7.8/lib/mail-1.4.jar
de362000-de370000 r--s 000aa000 08:10 4195715                            /apps/mtp/TPE16.0.2/axis2/axis2-1.7.8/lib/axis2-jaxws-1.7.8.jar
de370000-de373000 r--s 00018000 08:10 4195651                            /apps/mtp/TPE16.0.2/axis2/axis2-1.7.8/lib/axis2-clustering-1.7.8.jar
de373000-de376000 r--s 0001d000 08:10 4195713                            /apps/mtp/TPE16.0.2/axis2/axis2-1.7.8/lib/jibx-run-1.2.jar
de376000-de379000 r--s 00028000 08:10 4195678                            /apps/mtp/TPE16.0.2/axis2/axis2-1.7.8/lib/axis2-transport-http-1.7.8.jar
de379000-de37f000 r--s 00045000 08:10 4195680                            /apps/mtp/TPE16.0.2/axis2/axis2-1.7.8/lib/commons-httpclient-3.1.jar
de37f000-de380000 ---p 00000000 00:00 0 
de380000-de400000 rw-p 00000000 00:00 0 
de400000-de421000 rw-p 00000000 00:00 0 
de421000-de500000 ---p 00000000 00:00 0 
de500000-de501000 r--s 00004000 08:10 4195653                            /apps/mtp/TPE16.0.2/axis2/axis2-1.7.8/lib/juli-6.0.16.jar
de501000-de509000 r--s 00048000 08:10 4195619                            /apps/mtp/TPE16.0.2/axis2/axis2-1.7.8/lib/httpcore-4.4.6.jar
de509000-de568000 r--s 003fa000 fd:00 68304515                           /opt/lib/cobol/NTT_DATA_COBOL_6.0/lib/dependencies/bcprov-jdk15on-162.jar
de568000-de57f000 r--s 0013e000 fd:00 2424346                            /opt/lib/cobol/NTT_DATA_COBOL_6.0/lib/vcobol-runtime.jar
de57f000-de580000 ---p 00000000 00:00 0 
de580000-de600000 rw-p 00000000 00:00 0 
de600000-de621000 rw-p 00000000 00:00 0 
de621000-de700000 ---p 00000000 00:00 0 
de700000-de714000 r--s 000c1000 fd:00 68304514                           /opt/lib/cobol/NTT_DATA_COBOL_6.0/lib/dependencies/bcpkix-jdk15on-162.jar
de714000-de77d000 r-xp 00000000 fd:00 2424358                            /opt/lib/cobol/NTT_DATA_COBOL_6.0/native/lib/libvcobol.so
de77d000-de77e000 r--p 00068000 fd:00 2424358                            /opt/lib/cobol/NTT_DATA_COBOL_6.0/native/lib/libvcobol.so
de77e000-de77f000 rw-p 00069000 fd:00 2424358                            /opt/lib/cobol/NTT_DATA_COBOL_6.0/native/lib/libvcobol.so
de77f000-de780000 ---p 00000000 00:00 0 
de780000-de800000 rw-p 00000000 00:00 0 
de800000-de821000 rw-p 00000000 00:00 0 
de821000-de900000 ---p 00000000 00:00 0 
de900000-de902000 r--s 0000d000 08:10 4195637                            /apps/mtp/TPE16.0.2/axis2/axis2-1.7.8/lib/commons-logging-1.1.1.jar
de902000-de904000 r--s 00015000 08:10 4195718                            /apps/mtp/TPE16.0.2/axis2/axis2-1.7.8/lib/axis2-saaj-1.7.8.jar
de904000-de906000 r--s 00006000 08:10 4195674                            /apps/mtp/TPE16.0.2/axis2/axis2-1.7.8/lib/geronimo-stax-api_1.0_spec-1.0.1.jar
de906000-de913000 r--s 000ee000 08:10 4195707                            /apps/mtp/TPE16.0.2/axis2/axis2-1.7.8/lib/axis2-kernel-1.7.8.jar
de913000-de914000 ---p 00000000 00:00 0 
de914000-de9aa000 rw-p 00000000 00:00 0 
de9aa000-de9bf000 ---p 00000000 00:00 0 
de9bf000-de9d5000 rw-p 00000000 00:00 0 
de9d5000-de9e9000 ---p 00000000 00:00 0 
de9e9000-de9f5000 rw-p 00000000 00:00 0 
de9f5000-de9ff000 ---p 00000000 00:00 0 
de9ff000-e14c0000 rw-p 00000000 00:00 0 
e14c0000-e3f80000 ---p 00000000 00:00 0 
e3f80000-e54c0000 rw-p 00000000 00:00 0 
e54c0000-e6a00000 ---p 00000000 00:00 0 
e6a00000-e6a01000 r--s 00003000 08:10 4195657                            /apps/mtp/TPE16.0.2/axis2/axis2-1.7.8/lib/axis2-mtompolicy-1.7.8.jar
e6a01000-e6a03000 r--s 00006000 08:10 4195711                            /apps/mtp/TPE16.0.2/axis2/axis2-1.7.8/lib/axis2-xmlbeans-1.7.8.jar
e6a03000-e6a06000 r--s 00018000 fd:00 68304513                           /opt/lib/cobol/NTT_DATA_COBOL_6.0/lib/dependencies/bcmail-jdk15on-162.jar
e6a06000-e6a07000 r--s 00007000 08:10 4195233                            /apps/mtp/TPE16.0.2/lib/transutil.jar
e6a07000-e6a09000 r-xp 00000000 08:10 4195225                            /apps/mtp/TPE16.0.2/lib/liblang_vcobol.so
e6a09000-e6a0a000 r--p 00001000 08:10 4195225                            /apps/mtp/TPE16.0.2/lib/liblang_vcobol.so
e6a0a000-e6a0b000 rw-p 00002000 08:10 4195225                            /apps/mtp/TPE16.0.2/lib/liblang_vcobol.so
e6a0b000-e6a0f000 r--s 00075000 08:10 4195231                            /apps/mtp/TPE16.0.2/lib/kixsysapi.jar
e6a0f000-e6a13000 r--s 00022000 08:10 4195232                            /apps/mtp/TPE16.0.2/lib/dfjcics.jar
e6a13000-e6a14000 r--p 00000000 fd:00 134305721                          /usr/lib/locale/en_US/LC_NUMERIC
e6a14000-e6a15000 r--p 00000000 fd:00 134305710                          /usr/lib/locale/en_US/LC_TIME
e6a15000-e6a1b000 r--p 00000000 fd:00 134305717                          /usr/lib/locale/en_US/LC_COLLATE
e6a1b000-e6a1c000 r--p 00000000 fd:00 134305708                          /usr/lib/locale/en_US/LC_MONETARY
e6a1c000-e6a1d000 r--p 00000000 fd:00 68251861                           /usr/lib/locale/en_US/LC_MESSAGES/SYS_LC_MESSAGES
e6a1d000-e6a1e000 r--p 00000000 fd:00 134305725                          /usr/lib/locale/en_US/LC_PAPER
e6a1e000-e6a1f000 r--p 00000000 fd:00 134305726                          /usr/lib/locale/en_US/LC_NAME
e6a1f000-e6a20000 r--p 00000000 fd:00 134305703                          /usr/lib/locale/en_US/LC_ADDRESS
e6a20000-e6a29000 rw-p 00000000 00:00 0 
e6a29000-e6de0000 ---p 00000000 00:00 0 
e6de0000-e7020000 rwxp 00000000 00:00 0 
e7020000-f5de0000 ---p 00000000 00:00 0 
f5de0000-f5dfb000 r-xp 00000000 fd:00 137647970                          /usr/java/jdk1.8.0_281-i586/jre/lib/i386/libzip.so
f5dfb000-f5dfc000 r--p 0001a000 fd:00 137647970                          /usr/java/jdk1.8.0_281-i586/jre/lib/i386/libzip.so
f5dfc000-f5dfd000 rw-p 0001b000 fd:00 137647970                          /usr/java/jdk1.8.0_281-i586/jre/lib/i386/libzip.so
f5dfd000-f5e24000 r-xp 00000000 fd:00 137303138                          /usr/java/jdk1.8.0_281-i586/jre/lib/i386/libjava.so
f5e24000-f5e25000 r--p 00026000 fd:00 137303138                          /usr/java/jdk1.8.0_281-i586/jre/lib/i386/libjava.so
f5e25000-f5e26000 rw-p 00027000 fd:00 137303138                          /usr/java/jdk1.8.0_281-i586/jre/lib/i386/libjava.so
f5e26000-f5e31000 r-xp 00000000 fd:00 137647969                          /usr/java/jdk1.8.0_281-i586/jre/lib/i386/libverify.so
f5e31000-f5e32000 ---p 0000b000 fd:00 137647969                          /usr/java/jdk1.8.0_281-i586/jre/lib/i386/libverify.so
f5e32000-f5e33000 r--p 0000b000 fd:00 137647969                          /usr/java/jdk1.8.0_281-i586/jre/lib/i386/libverify.so
f5e33000-f5e34000 rw-p 0000c000 fd:00 137647969                          /usr/java/jdk1.8.0_281-i586/jre/lib/i386/libverify.so
f5e34000-f5e35000 ---p 00000000 00:00 0 
f5e35000-f6635000 rw-p 00000000 00:00 0 
f6635000-f6641000 r-xp 00000000 fd:00 134838610                          /usr/lib/libnss_files-2.28.so
f6641000-f6642000 r--p 0000b000 fd:00 134838610                          /usr/lib/libnss_files-2.28.so
f6642000-f6643000 rw-p 0000c000 fd:00 134838610                          /usr/lib/libnss_files-2.28.so
f6643000-f6649000 rw-p 00000000 00:00 0 
f6649000-f664a000 r--p 00000000 fd:00 134305709                          /usr/lib/locale/en_US/LC_TELEPHONE
f664a000-f664b000 r--p 00000000 fd:00 134305707                          /usr/lib/locale/en_US/LC_MEASUREMENT
f664b000-f664e000 rw-p 00000000 00:00 0 
f664e000-f6656000 rw-s 00000000 fd:00 135207529                          /tmp/hsperfdata_mtpadmin/434584
f6656000-f6657000 r-xp 00000000 08:10 4195246                            /apps/mtp/TPE16.0.2/lib/libkixpli.so
f6657000-f6658000 r--p 00000000 08:10 4195246                            /apps/mtp/TPE16.0.2/lib/libkixpli.so
f6658000-f6659000 rw-p 00001000 08:10 4195246                            /apps/mtp/TPE16.0.2/lib/libkixpli.so
f6659000-f665a000 r-xp 00000000 08:10 4195242                            /apps/mtp/TPE16.0.2/lib/libkxtermexit.so
f665a000-f665b000 r--p 00000000 08:10 4195242                            /apps/mtp/TPE16.0.2/lib/libkxtermexit.so
f665b000-f665c000 rw-p 00001000 08:10 4195242                            /apps/mtp/TPE16.0.2/lib/libkxtermexit.so
f665c000-f6672000 r-xp 00000000 08:10 4195235                            /apps/mtp/TPE16.0.2/lib/libkxsecexit.so
f6672000-f6673000 r--p 00015000 08:10 4195235                            /apps/mtp/TPE16.0.2/lib/libkxsecexit.so
f6673000-f6674000 rw-p 00016000 08:10 4195235                            /apps/mtp/TPE16.0.2/lib/libkxsecexit.so
f6674000-f667a000 rw-p 00000000 00:00 0 
f667a000-f667c000 r-xp 00000000 08:10 4195223                            /apps/mtp/TPE16.0.2/lib/liblang_dyn.so
f667c000-f667d000 r--p 00001000 08:10 4195223                            /apps/mtp/TPE16.0.2/lib/liblang_dyn.so
f667d000-f667e000 rw-p 00002000 08:10 4195223                            /apps/mtp/TPE16.0.2/lib/liblang_dyn.so
f667e000-f6686000 r-xp 00000000 fd:00 134838616                          /usr/lib/librt-2.28.so
f6686000-f6687000 r--p 00007000 fd:00 134838616                          /usr/lib/librt-2.28.so
f6687000-f6688000 rw-p 00008000 fd:00 134838616                          /usr/lib/librt-2.28.so
f6688000-f6689000 r-xp 00000000 08:10 4195227                            /apps/mtp/TPE16.0.2/lib/libkxrm.so
f6689000-f668a000 r--p 00000000 08:10 4195227                            /apps/mtp/TPE16.0.2/lib/libkxrm.so
f668a000-f668b000 rw-p 00001000 08:10 4195227                            /apps/mtp/TPE16.0.2/lib/libkxrm.so
f668b000-f668d000 rw-p 00000000 00:00 0 
f668d000-f6698000 r-xp 00000000 08:10 4195224                            /apps/mtp/TPE16.0.2/lib/libkxtm.so
f6698000-f6699000 r--p 0000a000 08:10 4195224                            /apps/mtp/TPE16.0.2/lib/libkxtm.so
f6699000-f669a000 rw-p 0000b000 08:10 4195224                            /apps/mtp/TPE16.0.2/lib/libkxtm.so
f669a000-f66a8000 r-xp 00000000 08:10 4195230                            /apps/mtp/TPE16.0.2/lib/libkxtables.so
f66a8000-f66a9000 r--p 0000d000 08:10 4195230                            /apps/mtp/TPE16.0.2/lib/libkxtables.so
f66a9000-f66aa000 rw-p 0000e000 08:10 4195230                            /apps/mtp/TPE16.0.2/lib/libkxtables.so
f66aa000-f66cb000 r-xp 00000000 fd:00 136722898                          /usr/lib/libcrypt.so.1.1.0
f66cb000-f66cc000 r--p 00020000 fd:00 136722898                          /usr/lib/libcrypt.so.1.1.0
f66cc000-f66d5000 rw-p 00000000 00:00 0 
f66d5000-f66f1000 r-xp 00000000 fd:00 134838612                          /usr/lib/libpthread-2.28.so
f66f1000-f66f2000 r--p 0001b000 fd:00 134838612                          /usr/lib/libpthread-2.28.so
f66f2000-f66f3000 rw-p 0001c000 fd:00 134838612                          /usr/lib/libpthread-2.28.so
f66f3000-f66f5000 rw-p 00000000 00:00 0 
f66f5000-f67c5000 r-xp 00000000 fd:00 134838604                          /usr/lib/libm-2.28.so
f67c5000-f67c6000 r--p 000cf000 fd:00 134838604                          /usr/lib/libm-2.28.so
f67c6000-f67c7000 rw-p 000d0000 fd:00 134838604                          /usr/lib/libm-2.28.so
f67c7000-f67ca000 r-xp 00000000 fd:00 134838602                          /usr/lib/libdl-2.28.so
f67ca000-f67cb000 r--p 00002000 fd:00 134838602                          /usr/lib/libdl-2.28.so
f67cb000-f67cc000 rw-p 00003000 fd:00 134838602                          /usr/lib/libdl-2.28.so
f67cc000-f696d000 r-xp 00000000 fd:00 134838600                          /usr/lib/libc-2.28.so
f696d000-f696e000 ---p 001a1000 fd:00 134838600                          /usr/lib/libc-2.28.so
f696e000-f6970000 r--p 001a1000 fd:00 134838600                          /usr/lib/libc-2.28.so
f6970000-f6971000 rw-p 001a3000 fd:00 134838600                          /usr/lib/libc-2.28.so
f6971000-f6974000 rw-p 00000000 00:00 0 
f6974000-f6975000 r--p 00000000 fd:00 134305704                          /usr/lib/locale/en_US/LC_IDENTIFICATION
f6975000-f6976000 rw-p 00000000 00:00 0 
f6976000-f6977000 r-xp 00000000 08:10 4195273                            /apps/mtp/TPE16.0.2/lib/libkxsockexit.so
f6977000-f6978000 r--p 00000000 08:10 4195273                            /apps/mtp/TPE16.0.2/lib/libkxsockexit.so
f6978000-f6979000 rw-p 00001000 08:10 4195273                            /apps/mtp/TPE16.0.2/lib/libkxsockexit.so
f6979000-f697b000 r-xp 00000000 08:10 4195272                            /apps/mtp/TPE16.0.2/lib/libkxiscexit.so
f697b000-f697c000 r--p 00001000 08:10 4195272                            /apps/mtp/TPE16.0.2/lib/libkxiscexit.so
f697c000-f697d000 rw-p 00002000 08:10 4195272                            /apps/mtp/TPE16.0.2/lib/libkxiscexit.so
f697d000-f697f000 r-xp 00000000 08:10 4195271                            /apps/mtp/TPE16.0.2/lib/libkxconvexit.so
f697f000-f6980000 r--p 00001000 08:10 4195271                            /apps/mtp/TPE16.0.2/lib/libkxconvexit.so
f6980000-f6981000 rw-p 00002000 08:10 4195271                            /apps/mtp/TPE16.0.2/lib/libkxconvexit.so
f6981000-f6c48000 r-xp 00000000 08:10 4195270                            /apps/mtp/TPE16.0.2/lib/libunikixtran.so
f6c48000-f6c49000 r--p 002c6000 08:10 4195270                            /apps/mtp/TPE16.0.2/lib/libunikixtran.so
f6c49000-f6c66000 rw-p 002c7000 08:10 4195270                            /apps/mtp/TPE16.0.2/lib/libunikixtran.so
f6c66000-f6ece000 rw-p 00000000 00:00 0 
f6ece000-f7a51000 r-xp 00000000 fd:00 68223427                           /usr/java/jdk1.8.0_281-i586/jre/lib/i386/server/libjvm.so
f7a51000-f7a52000 ---p 00b83000 fd:00 68223427                           /usr/java/jdk1.8.0_281-i586/jre/lib/i386/server/libjvm.so
f7a52000-f7a99000 r--p 00b83000 fd:00 68223427                           /usr/java/jdk1.8.0_281-i586/jre/lib/i386/server/libjvm.so
f7a99000-f7ab6000 rw-p 00bca000 fd:00 68223427                           /usr/java/jdk1.8.0_281-i586/jre/lib/i386/server/libjvm.so
f7ab6000-f7edb000 rw-p 00000000 00:00 0 
f7edb000-f7edd000 r-xp 00000000 fd:00 137303152                          /usr/java/jdk1.8.0_281-i586/jre/lib/i386/libjsig.so
f7edd000-f7ede000 r--p 00001000 fd:00 137303152                          /usr/java/jdk1.8.0_281-i586/jre/lib/i386/libjsig.so
f7ede000-f7edf000 rw-p 00002000 fd:00 137303152                          /usr/java/jdk1.8.0_281-i586/jre/lib/i386/libjsig.so
f7edf000-f7ee2000 rw-p 00000000 00:00 0 
f7ee2000-f7ee6000 r--p 00000000 00:00 0                                  [vvar]
f7ee6000-f7ee8000 r-xp 00000000 00:00 0                                  [vdso]
f7ee8000-f7f14000 r-xp 00000000 fd:00 134838593                          /usr/lib/ld-2.28.so
f7f14000-f7f15000 r--p 00000000 00:00 0 
f7f15000-f7f16000 r--p 0002c000 fd:00 134838593                          /usr/lib/ld-2.28.so
f7f16000-f7f17000 rw-p 0002d000 fd:00 134838593                          /usr/lib/ld-2.28.so
ff803000-ff806000 ---p 00000000 00:00 0 
ff806000-ff903000 rw-p 00000000 00:00 0                                  [stack]

VM Arguments:
jvm_args: -Dvcobol.jdbc.autocommit=false -Dvcobol.runtime.compile_flags.mandatory= -Dvcobol.runtime.compile_flags.prohibited=-d64 -Xrs -Xss1M -DKIXSYS=/apps/test/mdoff/sys -DKIXPROGS=/apps/test/mdoff/exe/onl -DUNIKIX=/apps/mtp/mtp -Xmx128m -Dvcobol.jdbc.driver=com.microsoft.sqlserver.jdbc.SQLServerDriver -Dvcobol.jdbc.url=jdbc:sqlserver://hov-tstdb01.cso.local:1433;databaseName= -Dvcobol.jdbc.autocommit=False -Djava.library.path=/apps/mtp/mtp/lib:/opt/lib/cobol/NTT_DATA_COBOL_6.0/native/lib/ exit abort 
java_command: <unknown>
java_class_path (initial): /apps/mtp/mtp/lib/dfjcics.jar:/apps/mtp/mtp/lib/kixsysapi.jar:/apps/mtp/mtp/lib/transMQJMS.jar:/apps/mtp/mtp/lib/transutil.jar:/opt/lib/cobol/NTT_DATA_COBOL_6.0/lib/vcobol-runtime.jar:/apps/test/mdoff/sys/local/bin:/apps/mtp/mtp/local/bin:/apps/test/mdoff/exe/onl:/apps/mtp/mtp/axis2/current/lib/axis2-xmlbeans-1.7.8.jar:/apps/mtp/mtp/axis2/current/lib/axis2-kernel-1.7.8.jar:/apps/mtp/mtp/axis2/current/lib/geronimo-stax-api_1.0_spec-1.0.1.jar:/apps/mtp/mtp/axis2/current/lib/axis2-saaj-1.7.8.jar:/apps/mtp/mtp/axis2/current/lib/httpcore-4.4.6.jar:/apps/mtp/mtp/axis2/current/lib/commons-httpclient-3.1.jar:/apps/mtp/mtp/axis2/current/lib/axis2-transport-http-1.7.8.jar:/apps/mtp/mtp/axis2/current/lib/jibx-run-1.2.jar:/apps/mtp/mtp/axis2/current/lib/axis2-clustering-1.7.8.jar:/apps/mtp/mtp/axis2/current/lib/axis2-jaxws-1.7.8.jar:/apps/mtp/mtp/axis2/current/lib/commons-logging-1.1.1.jar:/apps/mtp/mtp/axis2/current/lib/mail-1.4.jar:/apps/mtp/mtp/axis2/current/lib/bcel-findbugs-6.0.jar:/apps/mtp/mtp/axis2/current/lib/axiom-dom-1.2.20.jar:/apps/mtp/mtp/axis2/current/lib/axis2-transport-mail-1.7.8.jar:/apps/mtp/mtp/axis2/current/lib/commons-io-2.1.jar:/apps/mtp/mtp/axis2/current/lib/jaxws-tools-2.2.6.jar:/apps/mtp/mtp/axis2/current/lib/woden-core-1.0M10.jar:/apps/mtp/mtp/axis2/current/lib/xalan-2.7.0.jar:/apps/mtp/mtp/axis2/current/lib/axis2-mtompolicy-1.7.8.jar:/apps/mtp/mtp/axis2/current/lib/axis2-codegen-1.7.8.jar:/apps/mtp/mtp/axis2/current/lib/geronimo-jaxws_2.2_spec-1.0.jar:/apps/mtp/mtp/axis2/current/lib/jsr311-api-1.1.1.jar:/apps/mtp/mtp/axis2/current/lib/antlr-2.7.7.jar:/apps/mtp/mtp/axis2/current/lib/axis2-corba-1.7.8.jar:/apps/mtp/mtp/axis2/current/lib/axis2-transport-local-1.7.8.jar:/apps/mtp/mtp/axis2/current/lib/juli-6.0.16.jar:/apps/mtp/mtp/axis2/current/lib/axis2-jibx-1.7.8.jar:/apps/mtp/mtp/axis2/current/lib/geronimo-ws-metadata_2.0_spec-1.1.2.jar:/apps/mtp/mtp/axis2/current/lib/jaxen-1.1.6.jar:/apps/mtp/mtp/axis2/current/lib/jettiso
Launcher Type: generic

Environment Variables:
PATH=/usr/java/default/bin:/apps/test/mdoff/sys/local/bin:/apps/mtp/mtp/bin:/usr/bin:/bin
LD_LIBRARY_PATH=/apps/test/mdoff/sys/local/bin:/apps/mtp/mtp/lib:/opt/lib/cobol/NTT_DATA_COBOL_6.0/native/lib:/usr/java/default/jre/lib/i386/server:/usr/java/default/jre/lib/i386
DISPLAY=

Signal Handlers:
SIGSEGV: [libjvm.so+0x94a910], sa_mask[0]=11111111111111111111111111111110, sa_flags=SA_RESTART|SA_SIGINFO
SIGBUS: [libjvm.so+0x94a910], sa_mask[0]=11111111111111111111111111111110, sa_flags=SA_SIGINFO
SIGFPE: [libunikixtran.so+0x256f8b], sa_mask[0]=11111111111111111111111111111110, sa_flags=SA_SIGINFO
SIGPIPE: SIG_IGN, sa_mask[0]=11111111111111111111111111111110, sa_flags=SA_SIGINFO
SIGXFSZ: SIG_DFL, sa_mask[0]=11111111111111111111111111111110, sa_flags=SA_SIGINFO
SIGILL: [libunikixtran.so+0x256f8b], sa_mask[0]=11111111111111111111111111111110, sa_flags=SA_SIGINFO
SIGUSR1: [libunikixtran.so+0x256f8b], sa_mask[0]=11111111011111111101111111111110, sa_flags=SA_SIGINFO
SIGUSR2: [libunikixtran.so+0x256f8b], sa_mask[0]=11111111011111111101111111111110, sa_flags=SA_RESTART|SA_SIGINFO
SIGHUP: [libunikixtran.so+0x256f8b], sa_mask[0]=11111111011111111101111111111110, sa_flags=SA_SIGINFO
SIGINT: [libunikixtran.so+0x256f8b], sa_mask[0]=11111111011111111101111111111110, sa_flags=SA_SIGINFO
SIGTERM: [libunikixtran.so+0x256f8b], sa_mask[0]=11111111011111111101111111111110, sa_flags=SA_SIGINFO
SIGQUIT: [libunikixtran.so+0x256f8b], sa_mask[0]=11111111011111111101111111111110, sa_flags=SA_SIGINFO


---------------  S Y S T E M  ---------------

OS:Red Hat Enterprise Linux release 8.4 (Ootpa)

uname:Linux 4.18.0-305.12.1.el8_4.x86_64 #1 SMP Mon Jul 26 08:06:24 EDT 2021 x86_64
libc:glibc 2.28 NPTL 2.28 
rlimit: STACK 8192k, CORE infinity, NPROC 63093, NOFILE 262144, AS infinity
load average:26.43 5.72 1.86

/proc/meminfo:
MemTotal:       16211596 kB
MemFree:          155404 kB
MemAvailable:   12431952 kB
Buffers:           26832 kB
Cached:         14090564 kB
SwapCached:        11516 kB
Active:          3094688 kB
Inactive:       12492844 kB
Active(anon):    1527808 kB
Inactive(anon):  1589224 kB
Active(file):    1566880 kB
Inactive(file): 10903620 kB
Unevictable:           0 kB
Mlocked:               0 kB
SwapTotal:       8273916 kB
SwapFree:        7914492 kB
Dirty:           1279904 kB
Writeback:        465156 kB
AnonPages:       1456764 kB
Mapped:          7027476 kB
Shmem:           1646676 kB
KReclaimable:     118376 kB
Slab:             220044 kB
SReclaimable:     118376 kB
SUnreclaim:       101668 kB
KernelStack:       15856 kB
PageTables:        65416 kB
NFS_Unstable:          0 kB
Bounce:                0 kB
WritebackTmp:          0 kB
CommitLimit:    16379712 kB
Committed_AS:   10154840 kB
VmallocTotal:   34359738367 kB
VmallocUsed:           0 kB
VmallocChunk:          0 kB
Percpu:             4544 kB
HardwareCorrupted:     0 kB
AnonHugePages:    788480 kB
ShmemHugePages:        0 kB
ShmemPmdMapped:        0 kB
FileHugePages:         0 kB
FilePmdMapped:         0 kB
HugePages_Total:       0
HugePages_Free:        0
HugePages_Rsvd:        0
HugePages_Surp:        0
Hugepagesize:       2048 kB
Hugetlb:               0 kB
DirectMap4k:      400752 kB
DirectMap2M:    12181504 kB
DirectMap1G:     6291456 kB

container (cgroup) information:
container_type: cgroupv1
cpu_cpuset_cpus: 0-3
cpu_memory_nodes: 0
active_processor_count: 4
cpu_quota: -1
cpu_period: 100000
cpu_shares: -1
memory_limit_in_bytes: -1
memory_and_swap_limit_in_bytes: -1
memory_soft_limit_in_bytes: -1
memory_usage_in_bytes: 1901346816
memory_max_usage_in_bytes: 2177269760


CPU:total 4 (initial active 4) (2 cores per cpu, 1 threads per core) family 6 model 85 stepping 4, cmov, cx8, fxsr, mmx, sse, sse2, sse3, ssse3, sse4.1, sse4.2, popcnt, avx, avx2, aes, clmul, erms, 3dnowpref, lzcnt, tsc, tscinvbit, bmi1, bmi2, adx

/proc/cpuinfo:
processor	: 0
vendor_id	: GenuineIntel
cpu family	: 6
model		: 85
model name	: Intel(R) Xeon(R) Gold 6154 CPU @ 3.00GHz
stepping	: 4
microcode	: 0x2006a08
cpu MHz		: 2992.968
cache size	: 25344 KB
physical id	: 0
siblings	: 2
core id		: 0
cpu cores	: 2
apicid		: 0
initial apicid	: 0
fpu		: yes
fpu_exception	: yes
cpuid level	: 22
wp		: yes
flags		: fpu vme de pse tsc msr pae mce cx8 apic sep mtrr pge mca cmov pat pse36 clflush mmx fxsr sse sse2 ss ht syscall nx pdpe1gb rdtscp lm constant_tsc arch_perfmon nopl xtopology tsc_reliable nonstop_tsc cpuid pni pclmulqdq ssse3 fma cx16 pcid sse4_1 sse4_2 x2apic movbe popcnt tsc_deadline_timer aes xsave avx f16c rdrand hypervisor lahf_lm abm 3dnowprefetch cpuid_fault invpcid_single pti ssbd ibrs ibpb stibp fsgsbase tsc_adjust bmi1 avx2 smep bmi2 invpcid avx512f avx512dq rdseed adx smap clflushopt clwb avx512cd avx512bw avx512vl xsaveopt xsavec xsaves arat pku ospke md_clear flush_l1d arch_capabilities
bugs		: cpu_meltdown spectre_v1 spectre_v2 spec_store_bypass l1tf mds swapgs itlb_multihit
bogomips	: 5985.93
clflush size	: 64
cache_alignment	: 64
address sizes	: 43 bits physical, 48 bits virtual
power management:

processor	: 1
vendor_id	: GenuineIntel
cpu family	: 6
model		: 85
model name	: Intel(R) Xeon(R) Gold 6154 CPU @ 3.00GHz
stepping	: 4
microcode	: 0x2006a08
cpu MHz		: 2992.968
cache size	: 25344 KB
physical id	: 0
siblings	: 2
core id		: 1
cpu cores	: 2
apicid		: 1
initial apicid	: 1
fpu		: yes
fpu_exception	: yes
cpuid level	: 22
wp		: yes
flags		: fpu vme de pse tsc msr pae mce cx8 apic sep mtrr pge mca cmov pat pse36 clflush mmx fxsr sse sse2 ss ht syscall nx pdpe1gb rdtscp lm constant_tsc arch_perfmon nopl xtopology tsc_reliable nonstop_tsc cpuid pni pclmulqdq ssse3 fma cx16 pcid sse4_1 sse4_2 x2apic movbe popcnt tsc_deadline_timer aes xsave avx f16c rdrand hypervisor lahf_lm abm 3dnowprefetch cpuid_fault invpcid_single pti ssbd ibrs ibpb stibp fsgsbase tsc_adjust bmi1 avx2 smep bmi2 invpcid avx512f avx512dq rdseed adx smap clflushopt clwb avx512cd avx512bw avx512vl xsaveopt xsavec xsaves arat pku ospke md_clear flush_l1d arch_capabilities
bugs		: cpu_meltdown spectre_v1 spectre_v2 spec_store_bypass l1tf mds swapgs itlb_multihit
bogomips	: 5985.93
clflush size	: 64
cache_alignment	: 64
address sizes	: 43 bits physical, 48 bits virtual
power management:

processor	: 2
vendor_id	: GenuineIntel
cpu family	: 6
model		: 85
model name	: Intel(R) Xeon(R) Gold 6154 CPU @ 3.00GHz
stepping	: 4
microcode	: 0x2006a08
cpu MHz		: 2992.968
cache size	: 25344 KB
physical id	: 1
siblings	: 2
core id		: 0
cpu cores	: 2
apicid		: 2
initial apicid	: 2
fpu		: yes
fpu_exception	: yes
cpuid level	: 22
wp		: yes
flags		: fpu vme de pse tsc msr pae mce cx8 apic sep mtrr pge mca cmov pat pse36 clflush mmx fxsr sse sse2 ss ht syscall nx pdpe1gb rdtscp lm constant_tsc arch_perfmon nopl xtopology tsc_reliable nonstop_tsc cpuid pni pclmulqdq ssse3 fma cx16 pcid sse4_1 sse4_2 x2apic movbe popcnt tsc_deadline_timer aes xsave avx f16c rdrand hypervisor lahf_lm abm 3dnowprefetch cpuid_fault invpcid_single pti ssbd ibrs ibpb stibp fsgsbase tsc_adjust bmi1 avx2 smep bmi2 invpcid avx512f avx512dq rdseed adx smap clflushopt clwb avx512cd avx512bw avx512vl xsaveopt xsavec xsaves arat pku ospke md_clear flush_l1d arch_capabilities
bugs		: cpu_meltdown spectre_v1 spectre_v2 spec_store_bypass l1tf mds swapgs itlb_multihit
bogomips	: 5985.93
clflush size	: 64
cache_alignment	: 64
address sizes	: 43 bits physical, 48 bits virtual
power management:

processor	: 3
vendor_id	: GenuineIntel
cpu family	: 6
model		: 85
model name	: Intel(R) Xeon(R) Gold 6154 CPU @ 3.00GHz
stepping	: 4
microcode	: 0x2006a08
cpu MHz		: 2992.968
cache size	: 25344 KB
physical id	: 1
siblings	: 2
core id		: 1
cpu cores	: 2
apicid		: 3
initial apicid	: 3
fpu		: yes
fpu_exception	: yes
cpuid level	: 22
wp		: yes
flags		: fpu vme de pse tsc msr pae mce cx8 apic sep mtrr pge mca cmov pat pse36 clflush mmx fxsr sse sse2 ss ht syscall nx pdpe1gb rdtscp lm constant_tsc arch_perfmon nopl xtopology tsc_reliable nonstop_tsc cpuid pni pclmulqdq ssse3 fma cx16 pcid sse4_1 sse4_2 x2apic movbe popcnt tsc_deadline_timer aes xsave avx f16c rdrand hypervisor lahf_lm abm 3dnowprefetch cpuid_fault invpcid_single pti ssbd ibrs ibpb stibp fsgsbase tsc_adjust bmi1 avx2 smep bmi2 invpcid avx512f avx512dq rdseed adx smap clflushopt clwb avx512cd avx512bw avx512vl xsaveopt xsavec xsaves arat pku ospke md_clear flush_l1d arch_capabilities
bugs		: cpu_meltdown spectre_v1 spectre_v2 spec_store_bypass l1tf mds swapgs itlb_multihit
bogomips	: 5985.93
clflush size	: 64
cache_alignment	: 64
address sizes	: 43 bits physical, 48 bits virtual
power management:



Memory: 4k page, physical 16211596k(161940k free), swap 8273916k(7914492k free)

vm_info: Java HotSpot(TM) Server VM (25.281-b09) for linux-x86 JRE (1.8.0_281-b09), built on Dec  9 2020 12:36:01 by "java_re" with gcc 7.3.0

time: Mon Aug 23 11:17:36 2021
timezone: CDT
elapsed time: 0.726635 seconds (0d 0h 0m 0s)

