#
# A fatal error has been detected by the Java Runtime Environment:
#
#  SIGSEGV (0xb) at pc=0x2e2f2e2e, pid=3349010, tid=0xf66eb700
#
# JRE version: Java(TM) SE Runtime Environment (8.0_281-b09) (build 1.8.0_281-b09)
# Java VM: Java HotSpot(TM) Server VM (25.281-b09 mixed mode linux-x86 )
# Problematic frame:
# C  0x2e2f2e2e
#
# Core dump written. Default location: /apps/test/mdoff/sys/core or core.3349010
#
# If you would like to submit a bug report, please visit:
#   http://bugreport.java.com/bugreport/crash.jsp
# The crash happened outside the Java Virtual Machine in native code.
# See problematic frame for where to report the bug.
#

---------------  T H R E A D  ---------------

Current thread (0x09549800):  JavaThread "main" [_thread_in_native, id=3349010, stack(0xff9cc000,0xffacc000)]

siginfo: si_signo: 11 (SIGSEGV), si_code: 2 (SEGV_ACCERR), si_addr: 0x2e2f2e2e

Registers:
EAX=0x00000000, EBX=0x2f2e2f2e, ECX=0xdd305fc1, EDX=0x00000000
ESP=0xffa9d530, EBP=0x2f2e2f2e, ESI=0x2f2e2f2e, EDI=0x2f2e2f2e
EIP=0x2e2f2e2e, EFLAGS=0x00010282, CR2=0x2e2f2e2e

Top of Stack: (sp=0xffa9d530)
0xffa9d530:   2e2e2f2e 2f2e2e2f 2e2f2e2e 2e2e2f2e
0xffa9d540:   2f2e2e2f dd30000a ffa9ddb8 ffa9d644
0xffa9d550:   dd3080d4 dd3080d4 ffa9d744 ffa9d844
0xffa9d560:   dd3080d4 dd3080d4 dd3080d4 dd3080d4
0xffa9d570:   dd3080d4 00000000 00000000 00000000
0xffa9d580:   00000000 00000000 00000015 00000015
0xffa9d590:   00000000 00000000 00000000 00000000
0xffa9d5a0:   00000000 00000000 00000000 00000000 

Instructions: (pc=0x2e2f2e2e)
0x2e2f2e0e:   00 00 00 00 00 00 00 00 00 00 00 00 00 00 00 00
0x2e2f2e1e:   00 00 00 00 00 00 00 00 00 00 00 00 00 00 00 00
0x2e2f2e2e:   00 00 00 00 00 00 00 00 00 00 00 00 00 00 00 00
0x2e2f2e3e:   00 00 00 00 00 00 00 00 00 00 00 00 00 00 00 00 

Register to memory mapping:

EAX=0x00000000 is an unknown value
EBX=0x2f2e2f2e is an unknown value
ECX=0xdd305fc1: <offset 0x3fc1> in /apps/mtp/mtp/lib/KXWBXN.so at 0xdd302000
EDX=0x00000000 is an unknown value
ESP=0xffa9d530 is pointing into the stack for thread: 0x09549800
EBP=0x2f2e2f2e is an unknown value
ESI=0x2f2e2f2e is an unknown value
EDI=0x2f2e2f2e is an unknown value


Stack: [0xff9cc000,0xffacc000],  sp=0xffa9d530,  free space=837k
Native frames: (J=compiled Java code, j=interpreted, Vv=VM code, C=native code)
C  0x2e2f2e2e

Java frames: (J=compiled Java code, j=interpreted, Vv=VM code)
j  com.vcobol.runtime.impl.NativeVCobolCallable.nativeCall00(J)J+0
j  com.vcobol.runtime.impl.NativeVCobolCallable.call([Lcom/vcobol/runtime/memory/Chunk;)J+92
j  com.vcobol.runtime.VCobolRuntime.callCallable(Lcom/vcobol/runtime/ru/RunUnit;Lcom/vcobol/runtime/VCobolCallable;[Lcom/vcobol/runtime/memory/Chunk;)J+21
j  com.vcobol.runtime.VCobolRuntime.callProgram(Lcom/vcobol/runtime/VCobolCallable;[Lcom/vcobol/runtime/memory/Chunk;)J+44
j  KXCALLKIX.PROCEDURE()I+147
j  KXCALLKIX.perform(II)I+39
j  KXCALLKIX.call([Lcom/vcobol/runtime/memory/Chunk;)J+10
j  com.vcobol.runtime.VCobolRuntime.callCallable(Lcom/vcobol/runtime/ru/RunUnit;Lcom/vcobol/runtime/VCobolCallable;[Lcom/vcobol/runtime/memory/Chunk;)J+21
j  com.vcobol.runtime.VCobolRuntime.callProgram(Lcom/vcobol/runtime/VCobolCallable;[Lcom/vcobol/runtime/memory/Chunk;)J+22
j  com.vcobol.runtime.VCobolRuntime.callProgramExtended(Ljava/lang/String;Z[Lcom/vcobol/runtime/memory/Chunk;)J+36
v  ~StubRoutines::call_stub

---------------  P R O C E S S  ---------------

Java Threads: ( => current thread )
  0x09794800 JavaThread "Service Thread" daemon [_thread_blocked, id=3349216, stack(0xdccfe000,0xdcdff000)]
  0x09791800 JavaThread "C1 CompilerThread2" daemon [_thread_blocked, id=3349212, stack(0xdd07f000,0xdd0ff000)]
  0x09790000 JavaThread "C2 CompilerThread1" daemon [_thread_blocked, id=3349208, stack(0xdd37f000,0xdd3ff000)]
  0x0978e000 JavaThread "C2 CompilerThread0" daemon [_thread_blocked, id=3349202, stack(0xdd656000,0xdd6d6000)]
  0x0978c800 JavaThread "Attach Listener" daemon [_thread_blocked, id=3349196, stack(0xdcdff000,0xdcf00000)]
  0x09772400 JavaThread "Finalizer" daemon [_thread_blocked, id=3349149, stack(0xdd0ff000,0xdd200000)]
  0x0976f400 JavaThread "Reference Handler" daemon [_thread_blocked, id=3349145, stack(0xdd3ff000,0xdd500000)]
=>0x09549800 JavaThread "main" [_thread_in_native, id=3349010, stack(0xff9cc000,0xffacc000)]

Other Threads:
  0x09769c00 VMThread [stack: 0xdd6d7000,0xdd757000] [id=3349133]
  0x09796800 WatcherThread [stack: 0xdcc7e000,0xdccfe000] [id=3349217]

VM state:not at safepoint (normal execution)

VM Mutex/Monitor currently owned by a thread: None

Heap:
 PSYoungGen      total 12544K, used 3898K [0xe3f80000, 0xe4c40000, 0xe6a00000)
  eden space 12032K, 32% used [0xe3f80000,0xe43429d0,0xe4b40000)
  from space 512K, 9% used [0xe4bc0000,0xe4bcc000,0xe4c40000)
  to   space 512K, 0% used [0xe4b40000,0xe4b40000,0xe4bc0000)
 ParOldGen       total 43776K, used 1350K [0xdea00000, 0xe14c0000, 0xe3f80000)
  object space 43776K, 3% used [0xdea00000,0xdeb51838,0xe14c0000)
 Metaspace       used 5902K, capacity 6074K, committed 6168K, reserved 6448K

Card table byte_map: [0xe6a52000,0xe6a93000] byte_map_base: 0xe635d000

Marking Bits: (ParMarkBitMap*) 0xf7b3ce60
 Begin Bits: [0xdde00000, 0xde000000)
 End Bits:   [0xde000000, 0xde200000)

Polling page: 0xf7f87000

CodeCache: size=245760Kb used=6009Kb max_used=6644Kb free=239750Kb
 bounds [0xe6e53000, 0xe74eb000, 0xf5e53000]
 total_blobs=1199 nmethods=1001 adapters=112
 compilation: enabled

Compilation events (10 events):
Event: 26836.001 Thread 0x0978e000 1178       4       EL1272::_4900_ENDBROWSE (722 bytes)
Event: 26836.026 Thread 0x0978e000 nmethod 1178 0xe70e5288 code [0xe70e5680, 0xe70e6c34]
Event: 26852.312 Thread 0x09790000 1179       4       EL1272::_0120_MAIN_LOGIC (809 bytes)
Event: 26852.331 Thread 0x09790000 nmethod 1179 0xe7004048 code [0xe7004240, 0xe7004a44]
Event: 27070.340 Thread 0x0978e000 1180       4       EL6501::_9400_CLEAR (262 bytes)
Event: 27070.345 Thread 0x0978e000 nmethod 1180 0xe706fd08 code [0xe706fe20, 0xe706ff90]
Event: 28706.426 Thread 0x09790000 1181       4       EL6501::ned_put_Long_39392e3939 (51 bytes)
Event: 28706.434 Thread 0x09790000 nmethod 1181 0xe7097488 code [0xe7097580, 0xe7097870]
Event: 28896.434 Thread 0x09790000 1182       4       com.vcobol.runtime.VCobolRuntime::stringAlphaNumByDelimiter (128 bytes)
Event: 28896.442 Thread 0x09790000 nmethod 1182 0xe6f99208 code [0xe6f99320, 0xe6f995d0]

GC Heap History (10 events):
Event: 29515.431 GC heap before
{Heap before GC invocations=44 (full 0):
 PSYoungGen      total 12544K, used 12080K [0xe3f80000, 0xe4c40000, 0xe6a00000)
  eden space 12032K, 100% used [0xe3f80000,0xe4b40000,0xe4b40000)
  from space 512K, 9% used [0xe4b40000,0xe4b4c000,0xe4bc0000)
  to   space 512K, 0% used [0xe4bc0000,0xe4bc0000,0xe4c40000)
 ParOldGen       total 43776K, used 1350K [0xdea00000, 0xe14c0000, 0xe3f80000)
  object space 43776K, 3% used [0xdea00000,0xdeb51838,0xe14c0000)
 Metaspace       used 5902K, capacity 6074K, committed 6168K, reserved 6448K
Event: 29515.432 GC heap after
Heap after GC invocations=44 (full 0):
 PSYoungGen      total 12544K, used 48K [0xe3f80000, 0xe4c40000, 0xe6a00000)
  eden space 12032K, 0% used [0xe3f80000,0xe3f80000,0xe4b40000)
  from space 512K, 9% used [0xe4bc0000,0xe4bcc000,0xe4c40000)
  to   space 512K, 0% used [0xe4b40000,0xe4b40000,0xe4bc0000)
 ParOldGen       total 43776K, used 1350K [0xdea00000, 0xe14c0000, 0xe3f80000)
  object space 43776K, 3% used [0xdea00000,0xdeb51838,0xe14c0000)
 Metaspace       used 5902K, capacity 6074K, committed 6168K, reserved 6448K
}
Event: 30437.510 GC heap before
{Heap before GC invocations=45 (full 0):
 PSYoungGen      total 12544K, used 12080K [0xe3f80000, 0xe4c40000, 0xe6a00000)
  eden space 12032K, 100% used [0xe3f80000,0xe4b40000,0xe4b40000)
  from space 512K, 9% used [0xe4bc0000,0xe4bcc000,0xe4c40000)
  to   space 512K, 0% used [0xe4b40000,0xe4b40000,0xe4bc0000)
 ParOldGen       total 43776K, used 1350K [0xdea00000, 0xe14c0000, 0xe3f80000)
  object space 43776K, 3% used [0xdea00000,0xdeb51838,0xe14c0000)
 Metaspace       used 5902K, capacity 6074K, committed 6168K, reserved 6448K
Event: 30437.511 GC heap after
Heap after GC invocations=45 (full 0):
 PSYoungGen      total 12544K, used 64K [0xe3f80000, 0xe4c40000, 0xe6a00000)
  eden space 12032K, 0% used [0xe3f80000,0xe3f80000,0xe4b40000)
  from space 512K, 12% used [0xe4b40000,0xe4b50000,0xe4bc0000)
  to   space 512K, 0% used [0xe4bc0000,0xe4bc0000,0xe4c40000)
 ParOldGen       total 43776K, used 1350K [0xdea00000, 0xe14c0000, 0xe3f80000)
  object space 43776K, 3% used [0xdea00000,0xdeb51838,0xe14c0000)
 Metaspace       used 5902K, capacity 6074K, committed 6168K, reserved 6448K
}
Event: 31346.503 GC heap before
{Heap before GC invocations=46 (full 0):
 PSYoungGen      total 12544K, used 12096K [0xe3f80000, 0xe4c40000, 0xe6a00000)
  eden space 12032K, 100% used [0xe3f80000,0xe4b40000,0xe4b40000)
  from space 512K, 12% used [0xe4b40000,0xe4b50000,0xe4bc0000)
  to   space 512K, 0% used [0xe4bc0000,0xe4bc0000,0xe4c40000)
 ParOldGen       total 43776K, used 1350K [0xdea00000, 0xe14c0000, 0xe3f80000)
  object space 43776K, 3% used [0xdea00000,0xdeb51838,0xe14c0000)
 Metaspace       used 5902K, capacity 6074K, committed 6168K, reserved 6448K
Event: 31346.504 GC heap after
Heap after GC invocations=46 (full 0):
 PSYoungGen      total 12544K, used 64K [0xe3f80000, 0xe4c40000, 0xe6a00000)
  eden space 12032K, 0% used [0xe3f80000,0xe3f80000,0xe4b40000)
  from space 512K, 12% used [0xe4bc0000,0xe4bd0000,0xe4c40000)
  to   space 512K, 0% used [0xe4b40000,0xe4b40000,0xe4bc0000)
 ParOldGen       total 43776K, used 1350K [0xdea00000, 0xe14c0000, 0xe3f80000)
  object space 43776K, 3% used [0xdea00000,0xdeb51838,0xe14c0000)
 Metaspace       used 5902K, capacity 6074K, committed 6168K, reserved 6448K
}
Event: 32317.018 GC heap before
{Heap before GC invocations=47 (full 0):
 PSYoungGen      total 12544K, used 12096K [0xe3f80000, 0xe4c40000, 0xe6a00000)
  eden space 12032K, 100% used [0xe3f80000,0xe4b40000,0xe4b40000)
  from space 512K, 12% used [0xe4bc0000,0xe4bd0000,0xe4c40000)
  to   space 512K, 0% used [0xe4b40000,0xe4b40000,0xe4bc0000)
 ParOldGen       total 43776K, used 1350K [0xdea00000, 0xe14c0000, 0xe3f80000)
  object space 43776K, 3% used [0xdea00000,0xdeb51838,0xe14c0000)
 Metaspace       used 5902K, capacity 6074K, committed 6168K, reserved 6448K
Event: 32317.019 GC heap after
Heap after GC invocations=47 (full 0):
 PSYoungGen      total 12544K, used 64K [0xe3f80000, 0xe4c40000, 0xe6a00000)
  eden space 12032K, 0% used [0xe3f80000,0xe3f80000,0xe4b40000)
  from space 512K, 12% used [0xe4b40000,0xe4b50000,0xe4bc0000)
  to   space 512K, 0% used [0xe4bc0000,0xe4bc0000,0xe4c40000)
 ParOldGen       total 43776K, used 1350K [0xdea00000, 0xe14c0000, 0xe3f80000)
  object space 43776K, 3% used [0xdea00000,0xdeb51838,0xe14c0000)
 Metaspace       used 5902K, capacity 6074K, committed 6168K, reserved 6448K
}
Event: 33224.882 GC heap before
{Heap before GC invocations=48 (full 0):
 PSYoungGen      total 12544K, used 12096K [0xe3f80000, 0xe4c40000, 0xe6a00000)
  eden space 12032K, 100% used [0xe3f80000,0xe4b40000,0xe4b40000)
  from space 512K, 12% used [0xe4b40000,0xe4b50000,0xe4bc0000)
  to   space 512K, 0% used [0xe4bc0000,0xe4bc0000,0xe4c40000)
 ParOldGen       total 43776K, used 1350K [0xdea00000, 0xe14c0000, 0xe3f80000)
  object space 43776K, 3% used [0xdea00000,0xdeb51838,0xe14c0000)
 Metaspace       used 5902K, capacity 6074K, committed 6168K, reserved 6448K
Event: 33224.883 GC heap after
Heap after GC invocations=48 (full 0):
 PSYoungGen      total 12544K, used 48K [0xe3f80000, 0xe4c40000, 0xe6a00000)
  eden space 12032K, 0% used [0xe3f80000,0xe3f80000,0xe4b40000)
  from space 512K, 9% used [0xe4bc0000,0xe4bcc000,0xe4c40000)
  to   space 512K, 0% used [0xe4b40000,0xe4b40000,0xe4bc0000)
 ParOldGen       total 43776K, used 1350K [0xdea00000, 0xe14c0000, 0xe3f80000)
  object space 43776K, 3% used [0xdea00000,0xdeb51838,0xe14c0000)
 Metaspace       used 5902K, capacity 6074K, committed 6168K, reserved 6448K
}

Deoptimization events (10 events):
Event: 5546.052 Thread 0x09549800 Uncommon trap: reason=unstable_if action=reinterpret pc=0xe726c5a0 method=EL1272.perform(II)I @ 2206
Event: 7107.343 Thread 0x09549800 Uncommon trap: reason=unstable_if action=reinterpret pc=0xe73dfb5c method=ELRTRM._0000_DFHEXIT()I @ 1617
Event: 7753.456 Thread 0x09549800 Uncommon trap: reason=unstable_if action=reinterpret pc=0xe7409114 method=EL6501._6005_LOOP()I @ 1334
Event: 8100.301 Thread 0x09549800 Uncommon trap: reason=unstable_if action=reinterpret pc=0xe7413e30 method=EL1272.ned_put_Long_5a5a5a2c5a5a5a2c5a5a392e39392d(Lcom/vcobol/runtime/memory/Chunk;IJ)V @ 442
Event: 8612.957 Thread 0x09549800 Uncommon trap: reason=unstable_if action=reinterpret pc=0xe741e51c method=EL1272._4100_A_AND_H_INFO()I @ 1081
Event: 9974.930 Thread 0x09549800 Uncommon trap: reason=unstable_if action=reinterpret pc=0xe743e864 method=EL1272._4095_MOVE_DATA()I @ 1915
Event: 10434.327 Thread 0x09549800 Uncommon trap: reason=unstable_if action=reinterpret pc=0xe7471560 method=EL6501._6005_LOOP()I @ 644
Event: 11562.280 Thread 0x09549800 Uncommon trap: reason=unstable_if action=reinterpret pc=0xe7469dd8 method=EL1272._4100_A_AND_H_INFO()I @ 1213
Event: 12039.520 Thread 0x09549800 Uncommon trap: reason=unstable_if action=reinterpret pc=0xe7416824 method=com.vcobol.runtime.memory.impl.ChunkUnsafe.put_Int_DSITM(III)V @ 14
Event: 13439.508 Thread 0x09549800 Uncommon trap: reason=unstable_if action=reinterpret pc=0xe7011504 method=com.vcobol.runtime.memory.impl.ChunkUnsafe.put_Int_DSITM(III)V @ 14

Classes redefined (0 events):
No events

Internal exceptions (10 events):
Event: 33531.223 Thread 0x09549800 Exception <a 'com/vcobol/runtime/api/UnwindException'> (0xdea094f0) thrown at [/scratch/jenkins/workspace/8-2-build-linux-i586/jdk8u281/880/hotspot/src/share/vm/prims/jni.cpp, line 710]
Event: 33531.223 Thread 0x09549800 Exception <a 'com/vcobol/runtime/api/UnwindException'> (0xdea094f0) thrown at [/scratch/jenkins/workspace/8-2-build-linux-i586/jdk8u281/880/hotspot/src/share/vm/prims/jni.cpp, line 710]
Event: 33531.223 Thread 0x09549800 Exception <a 'com/vcobol/runtime/api/UnwindException'> (0xdea094f0) thrown at [/scratch/jenkins/workspace/8-2-build-linux-i586/jdk8u281/880/hotspot/src/share/vm/prims/jni.cpp, line 710]
Event: 33531.223 Thread 0x09549800 Exception <a 'com/vcobol/runtime/api/UnwindException'> (0xdea094f0) thrown at [/scratch/jenkins/workspace/8-2-build-linux-i586/jdk8u281/880/hotspot/src/share/vm/prims/jni.cpp, line 710]
Event: 33531.223 Thread 0x09549800 Exception <a 'com/vcobol/runtime/api/UnwindException'> (0xdea094f0) thrown at [/scratch/jenkins/workspace/8-2-build-linux-i586/jdk8u281/880/hotspot/src/share/vm/prims/jni.cpp, line 710]
Event: 33531.224 Thread 0x09549800 Exception <a 'com/vcobol/runtime/api/UnwindException'> (0xdea094f0) thrown at [/scratch/jenkins/workspace/8-2-build-linux-i586/jdk8u281/880/hotspot/src/share/vm/prims/jni.cpp, line 710]
Event: 33536.557 Thread 0x09549800 Exception <a 'com/vcobol/runtime/api/UnwindException'> (0xdea094f0) thrown at [/scratch/jenkins/workspace/8-2-build-linux-i586/jdk8u281/880/hotspot/src/share/vm/prims/jni.cpp, line 710]
Event: 33536.558 Thread 0x09549800 Exception <a 'com/vcobol/runtime/api/UnwindException'> (0xdea094f0) thrown at [/scratch/jenkins/workspace/8-2-build-linux-i586/jdk8u281/880/hotspot/src/share/vm/prims/jni.cpp, line 710]
Event: 33536.558 Thread 0x09549800 Exception <a 'com/vcobol/runtime/api/UnwindException'> (0xdea094f0) thrown at [/scratch/jenkins/workspace/8-2-build-linux-i586/jdk8u281/880/hotspot/src/share/vm/prims/jni.cpp, line 710]
Event: 33536.558 Thread 0x09549800 Exception <a 'com/vcobol/runtime/api/UnwindException'> (0xdea094f0) thrown at [/scratch/jenkins/workspace/8-2-build-linux-i586/jdk8u281/880/hotspot/src/share/vm/prims/jni.cpp, line 710]

Events (10 events):
Event: 29515.431 Executing VM operation: ParallelGCFailedAllocation
Event: 29515.432 Executing VM operation: ParallelGCFailedAllocation done
Event: 30437.510 Executing VM operation: ParallelGCFailedAllocation
Event: 30437.511 Executing VM operation: ParallelGCFailedAllocation done
Event: 31346.503 Executing VM operation: ParallelGCFailedAllocation
Event: 31346.504 Executing VM operation: ParallelGCFailedAllocation done
Event: 32317.018 Executing VM operation: ParallelGCFailedAllocation
Event: 32317.019 Executing VM operation: ParallelGCFailedAllocation done
Event: 33224.882 Executing VM operation: ParallelGCFailedAllocation
Event: 33224.883 Executing VM operation: ParallelGCFailedAllocation done


Dynamic libraries:
08048000-08049000 r-xp 00000000 08:10 4194405                            /apps/mtp/TPE16.0.2/bin/unikixtran
08049000-0804a000 r--p 00000000 08:10 4194405                            /apps/mtp/TPE16.0.2/bin/unikixtran
0804a000-0804b000 rw-p 00001000 08:10 4194405                            /apps/mtp/TPE16.0.2/bin/unikixtran
0951f000-09d34000 rw-p 00000000 00:00 0                                  [heap]
20000000-50000000 rw-s 00000000 00:01 2                                  /SYSV010a037b (deleted)
50002000-80002000 rw-s 00000000 00:01 3                                  /SYSV00000000 (deleted)
80004000-80a2c000 rw-s 00000000 00:01 4                                  /SYSV00000000 (deleted)
80a2e000-80a5c000 rw-s 00000000 00:01 5                                  /SYSV00000000 (deleted)
80a5e000-84a5f000 rw-s 00000000 00:01 6                                  /SYSV00000000 (deleted)
da300000-da3c6000 rw-p 00000000 00:00 0 
da3c6000-da400000 ---p 00000000 00:00 0 
da500000-da5f9000 rw-p 00000000 00:00 0 
da5f9000-da600000 ---p 00000000 00:00 0 
da700000-da7fb000 rw-p 00000000 00:00 0 
da7fb000-da800000 ---p 00000000 00:00 0 
da800000-da8fb000 rw-p 00000000 00:00 0 
da8fb000-da900000 ---p 00000000 00:00 0 
da900000-da9fa000 rw-p 00000000 00:00 0 
da9fa000-daa00000 ---p 00000000 00:00 0 
dab00000-dacfc000 rw-p 00000000 00:00 0 
dacfc000-dad00000 ---p 00000000 00:00 0 
dad00000-dadf2000 rw-p 00000000 00:00 0 
dadf2000-dae00000 ---p 00000000 00:00 0 
daf00000-daffb000 rw-p 00000000 00:00 0 
daffb000-db000000 ---p 00000000 00:00 0 
db100000-db1fa000 rw-p 00000000 00:00 0 
db1fa000-db200000 ---p 00000000 00:00 0 
db200000-db2fa000 rw-p 00000000 00:00 0 
db2fa000-db300000 ---p 00000000 00:00 0 
db300000-db3d5000 rw-p 00000000 00:00 0 
db3d5000-db400000 ---p 00000000 00:00 0 
db400000-db4ff000 rw-p 00000000 00:00 0 
db4ff000-db500000 ---p 00000000 00:00 0 
db500000-db5fa000 rw-p 00000000 00:00 0 
db5fa000-db600000 ---p 00000000 00:00 0 
db600000-db700000 rw-p 00000000 00:00 0 
db700000-db7fa000 rw-p 00000000 00:00 0 
db7fa000-db800000 ---p 00000000 00:00 0 
db900000-db9f9000 rw-p 00000000 00:00 0 
db9f9000-dba00000 ---p 00000000 00:00 0 
dba00000-dbafe000 rw-p 00000000 00:00 0 
dbafe000-dbb00000 ---p 00000000 00:00 0 
dbb00000-dbbf4000 rw-p 00000000 00:00 0 
dbbf4000-dbc00000 ---p 00000000 00:00 0 
dbc00000-dbcf9000 rw-p 00000000 00:00 0 
dbcf9000-dbd00000 ---p 00000000 00:00 0 
dbd00000-dbdf9000 rw-p 00000000 00:00 0 
dbdf9000-dbe00000 ---p 00000000 00:00 0 
dbe00000-dbefa000 rw-p 00000000 00:00 0 
dbefa000-dbf00000 ---p 00000000 00:00 0 
dbf00000-dc000000 rw-p 00000000 00:00 0 
dc200000-dc2f0000 rw-p 00000000 00:00 0 
dc2f0000-dc300000 ---p 00000000 00:00 0 
dc300000-dc3f9000 rw-p 00000000 00:00 0 
dc3f9000-dc400000 ---p 00000000 00:00 0 
dc400000-dc4f9000 rw-p 00000000 00:00 0 
dc4f9000-dc500000 ---p 00000000 00:00 0 
dc500000-dc5f9000 rw-p 00000000 00:00 0 
dc5f9000-dc600000 ---p 00000000 00:00 0 
dc600000-dc6fd000 rw-p 00000000 00:00 0 
dc6fd000-dc700000 ---p 00000000 00:00 0 
dc700000-dc7f9000 rw-p 00000000 00:00 0 
dc7f9000-dc800000 ---p 00000000 00:00 0 
dc800000-dc8fb000 rw-p 00000000 00:00 0 
dc8fb000-dc900000 ---p 00000000 00:00 0 
dc900000-dc9c0000 rw-p 00000000 00:00 0 
dc9c0000-dca00000 ---p 00000000 00:00 0 
dca00000-dcb00000 rw-p 00000000 00:00 0 
dcb00000-dcc00000 rw-p 00000000 00:00 0 
dcc7d000-dcc7e000 ---p 00000000 00:00 0 
dcc7e000-dccfe000 rw-p 00000000 00:00 0 
dccfe000-dcd01000 ---p 00000000 00:00 0 
dcd01000-dcdff000 rw-p 00000000 00:00 0 
dcdff000-dce02000 ---p 00000000 00:00 0 
dce02000-dcf00000 rw-p 00000000 00:00 0 
dcf00000-dcfff000 rw-p 00000000 00:00 0 
dcfff000-dd000000 ---p 00000000 00:00 0 
dd052000-dd066000 r-xp 00000000 fd:00 134927337                          /usr/lib/libresolv-2.28.so
dd066000-dd067000 r--p 00013000 fd:00 134927337                          /usr/lib/libresolv-2.28.so
dd067000-dd068000 rw-p 00014000 fd:00 134927337                          /usr/lib/libresolv-2.28.so
dd068000-dd06a000 rw-p 00000000 00:00 0 
dd06a000-dd06f000 r-xp 00000000 fd:00 134838606                          /usr/lib/libnss_dns-2.28.so
dd06f000-dd070000 r--p 00004000 fd:00 134838606                          /usr/lib/libnss_dns-2.28.so
dd070000-dd071000 rw-p 00005000 fd:00 134838606                          /usr/lib/libnss_dns-2.28.so
dd07e000-dd07f000 ---p 00000000 00:00 0 
dd07f000-dd082000 ---p 00000000 00:00 0 
dd082000-dd0ff000 rw-p 00000000 00:00 0 
dd0ff000-dd102000 ---p 00000000 00:00 0 
dd102000-dd200000 rw-p 00000000 00:00 0 
dd200000-dd2fd000 rw-p 00000000 00:00 0 
dd2fd000-dd300000 ---p 00000000 00:00 0 
dd302000-dd307000 r-xp 00000000 08:10 4195267                            /apps/mtp/TPE16.0.2/lib/KXWBXN.so
dd307000-dd308000 r--p 00004000 08:10 4195267                            /apps/mtp/TPE16.0.2/lib/KXWBXN.so
dd308000-dd309000 rw-p 00005000 08:10 4195267                            /apps/mtp/TPE16.0.2/lib/KXWBXN.so
dd309000-dd30a000 r-xp 00000000 fd:00 2469691                            /opt/lib/cobol/NTT_DATA_COBOL_6.0/native/lib/libvcobolmemory.so
dd30a000-dd30b000 r--p 00000000 fd:00 2469691                            /opt/lib/cobol/NTT_DATA_COBOL_6.0/native/lib/libvcobolmemory.so
dd30b000-dd30c000 rw-p 00001000 fd:00 2469691                            /opt/lib/cobol/NTT_DATA_COBOL_6.0/native/lib/libvcobolmemory.so
dd30c000-dd30e000 r-xp 00000000 08:10 9045189                            /apps/test/mdoff/sys/local/bin/libkxusrexit.so
dd30e000-dd30f000 r--p 00001000 08:10 9045189                            /apps/test/mdoff/sys/local/bin/libkxusrexit.so
dd30f000-dd310000 rw-p 00002000 08:10 9045189                            /apps/test/mdoff/sys/local/bin/libkxusrexit.so
dd310000-dd311000 rw-p 00000000 00:00 0 
dd311000-dd312000 r--s 00002000 08:10 4195716                            /apps/mtp/TPE16.0.2/axis2/axis2-1.7.8/lib/geronimo-annotation_1.0_spec-1.1.jar
dd312000-dd317000 r--s 0005f000 08:10 4195644                            /apps/mtp/TPE16.0.2/axis2/axis2-1.7.8/lib/jibx-bind-1.2.jar
dd317000-dd318000 r--s 00003000 08:10 4195645                            /apps/mtp/TPE16.0.2/axis2/axis2-1.7.8/lib/axis2-spring-1.7.8.jar
dd318000-dd31b000 r--s 0000f000 08:10 4195615                            /apps/mtp/TPE16.0.2/axis2/axis2-1.7.8/lib/commons-fileupload-1.3.3.jar
dd31b000-dd326000 r--s 0005d000 08:10 4195611                            /apps/mtp/TPE16.0.2/axis2/axis2-1.7.8/lib/axiom-api-1.2.20.jar
dd326000-dd32a000 r--s 00034000 08:10 4195652                            /apps/mtp/TPE16.0.2/axis2/axis2-1.7.8/lib/tribes-6.0.16.jar
dd32a000-dd32e000 r--s 00029000 08:10 4195612                            /apps/mtp/TPE16.0.2/axis2/axis2-1.7.8/lib/stax2-api-3.1.1.jar
dd32e000-dd353000 r--s 001d7000 08:10 4195688                            /apps/mtp/TPE16.0.2/axis2/axis2-1.7.8/lib/jaxb-xjc-2.2.6.jar
dd353000-dd355000 r--s 00013000 08:10 4195719                            /apps/mtp/TPE16.0.2/axis2/axis2-1.7.8/lib/xml-resolver-1.2.jar
dd355000-dd357000 r--s 00003000 08:10 4195685                            /apps/mtp/TPE16.0.2/axis2/axis2-1.7.8/lib/axis2-fastinfoset-1.7.8.jar
dd357000-dd35b000 r--s 00015000 08:10 4195687                            /apps/mtp/TPE16.0.2/axis2/axis2-1.7.8/lib/jaxb-api-2.2.6.jar
dd35b000-dd35d000 r--s 00009000 08:10 4195621                            /apps/mtp/TPE16.0.2/axis2/axis2-1.7.8/lib/commons-cli-1.2.jar
dd35d000-dd36a000 r--s 000aa000 08:10 4195708                            /apps/mtp/TPE16.0.2/axis2/axis2-1.7.8/lib/httpclient-4.5.3.jar
dd36a000-dd37b000 r--s 00136000 08:10 4195663                            /apps/mtp/TPE16.0.2/axis2/axis2-1.7.8/lib/jalopy-1.5rc3.jar
dd37b000-dd37e000 r--s 00015000 08:10 4195675                            /apps/mtp/TPE16.0.2/axis2/axis2-1.7.8/lib/apache-mime4j-core-0.7.2.jar
dd37e000-dd37f000 ---p 00000000 00:00 0 
dd37f000-dd382000 ---p 00000000 00:00 0 
dd382000-dd3ff000 rw-p 00000000 00:00 0 
dd3ff000-dd402000 ---p 00000000 00:00 0 
dd402000-dd500000 rw-p 00000000 00:00 0 
dd500000-dd5fc000 rw-p 00000000 00:00 0 
dd5fc000-dd600000 ---p 00000000 00:00 0 
dd600000-dd602000 r--s 0000b000 08:10 4195662                            /apps/mtp/TPE16.0.2/axis2/axis2-1.7.8/lib/axis2-transport-xmpp-1.7.8.jar
dd602000-dd609000 r--s 00059000 08:10 4195624                            /apps/mtp/TPE16.0.2/axis2/axis2-1.7.8/lib/log4j-1.2.15.jar
dd609000-dd60b000 r--s 00006000 08:10 4195679                            /apps/mtp/TPE16.0.2/axis2/axis2-1.7.8/lib/commons-codec-1.2.jar
dd60b000-dd60e000 r--s 00017000 08:10 4195658                            /apps/mtp/TPE16.0.2/axis2/axis2-1.7.8/lib/axis2-transport-base-1.7.8.jar
dd60e000-dd613000 r--s 00020000 08:10 4195677                            /apps/mtp/TPE16.0.2/axis2/axis2-1.7.8/lib/wsdl4j-1.6.2.jar
dd613000-dd615000 r--s 00006000 08:10 4195649                            /apps/mtp/TPE16.0.2/axis2/axis2-1.7.8/lib/geronimo-saaj_1.3_spec-1.0.1.jar
dd615000-dd617000 r--s 00007000 08:10 4195655                            /apps/mtp/TPE16.0.2/axis2/axis2-1.7.8/lib/mex-1.7.8-impl.jar
dd617000-dd655000 r--s 0025d000 08:10 4195622                            /apps/mtp/TPE16.0.2/axis2/axis2-1.7.8/lib/xmlbeans-2.6.0.jar
dd655000-dd656000 ---p 00000000 00:00 0 
dd656000-dd659000 ---p 00000000 00:00 0 
dd659000-dd6d6000 rw-p 00000000 00:00 0 
dd6d6000-dd6d7000 ---p 00000000 00:00 0 
dd6d7000-dd757000 rw-p 00000000 00:00 0 
dd757000-dd934000 r--s 03dd0000 fd:00 203051326                          /usr/java/jdk1.8.0_281-i586/jre/lib/rt.jar
dd934000-ddd7a000 rw-p 00000000 00:00 0 
ddd7a000-ddd80000 ---p 00000000 00:00 0 
ddd80000-de200000 rw-p 00000000 00:00 0 
de200000-de221000 rw-p 00000000 00:00 0 
de221000-de300000 ---p 00000000 00:00 0 
de300000-de301000 r--s 00005000 08:10 4195654                            /apps/mtp/TPE16.0.2/axis2/axis2-1.7.8/lib/axis2-ant-plugin-1.7.8.jar
de301000-de303000 r--s 00003000 08:10 4195686                            /apps/mtp/TPE16.0.2/axis2/axis2-1.7.8/lib/axiom-jaxb-1.2.20.jar
de303000-de30d000 r--s 00082000 08:10 4195676                            /apps/mtp/TPE16.0.2/axis2/axis2-1.7.8/lib/axiom-impl-1.2.20.jar
de30d000-de316000 r--s 00062000 08:10 4195650                            /apps/mtp/TPE16.0.2/axis2/axis2-1.7.8/lib/axis2-metadata-1.7.8.jar
de316000-de318000 r--s 00007000 08:10 4195646                            /apps/mtp/TPE16.0.2/axis2/axis2-1.7.8/lib/axis2-soapmonitor-servlet-1.7.8.jar
de318000-de319000 r--s 00003000 08:10 4195614                            /apps/mtp/TPE16.0.2/axis2/axis2-1.7.8/lib/geronimo-jta_1.1_spec-1.1.jar
de319000-de31b000 r--s 0000e000 08:10 4195659                            /apps/mtp/TPE16.0.2/axis2/axis2-1.7.8/lib/activation-1.1.jar
de31b000-de31d000 r--s 0000c000 08:10 4195682                            /apps/mtp/TPE16.0.2/axis2/axis2-1.7.8/lib/axis2-json-1.7.8.jar
de31d000-de31e000 r--s 00006000 08:10 4195660                            /apps/mtp/TPE16.0.2/axis2/axis2-1.7.8/lib/axis2-transport-tcp-1.7.8.jar
de31e000-de320000 r--s 00006000 08:10 4195647                            /apps/mtp/TPE16.0.2/axis2/axis2-1.7.8/lib/axis2-jaxbri-1.7.8.jar
de320000-de322000 r--s 00004000 08:10 4195661                            /apps/mtp/TPE16.0.2/axis2/axis2-1.7.8/lib/axis2-transport-udp-1.7.8.jar
de322000-de326000 r--s 00028000 08:10 4195684                            /apps/mtp/TPE16.0.2/axis2/axis2-1.7.8/lib/gson-2.1.jar
de326000-de328000 r--s 00012000 08:10 4195689                            /apps/mtp/TPE16.0.2/axis2/axis2-1.7.8/lib/axis2-transport-jms-1.7.8.jar
de328000-de32a000 r--s 0002b000 08:10 4195710                            /apps/mtp/TPE16.0.2/axis2/axis2-1.7.8/lib/axis2-adb-codegen-1.7.8.jar
de32a000-de32e000 r--s 00026000 08:10 4195617                            /apps/mtp/TPE16.0.2/axis2/axis2-1.7.8/lib/xmlschema-core-2.2.1.jar
de32e000-de334000 r--s 00070000 08:10 4195639                            /apps/mtp/TPE16.0.2/axis2/axis2-1.7.8/lib/woodstox-core-asl-4.2.0.jar
de334000-de33d000 r--s 00097000 08:10 4195620                            /apps/mtp/TPE16.0.2/axis2/axis2-1.7.8/lib/axis2-adb-1.7.8.jar
de33d000-de33e000 r--s 00007000 08:10 4195636                            /apps/mtp/TPE16.0.2/axis2/axis2-1.7.8/lib/axis2-java2wsdl-1.7.8.jar
de33e000-de354000 r--s 000fa000 08:10 4195648                            /apps/mtp/TPE16.0.2/axis2/axis2-1.7.8/lib/jaxb-impl-2.2.6.jar
de354000-de356000 r--s 00010000 08:10 4195640                            /apps/mtp/TPE16.0.2/axis2/axis2-1.7.8/lib/neethi-3.0.3.jar
de356000-de359000 r--s 00013000 08:10 4195683                            /apps/mtp/TPE16.0.2/axis2/axis2-1.7.8/lib/jettison-1.3.8.jar
de359000-de35f000 r--s 00033000 08:10 4195638                            /apps/mtp/TPE16.0.2/axis2/axis2-1.7.8/lib/jaxen-1.1.6.jar
de35f000-de361000 r--s 00008000 08:10 4195712                            /apps/mtp/TPE16.0.2/axis2/axis2-1.7.8/lib/axis2-jibx-1.7.8.jar
de361000-de37f000 r--s 0027d000 08:10 4195720                            /apps/mtp/TPE16.0.2/axis2/axis2-1.7.8/lib/xalan-2.7.0.jar
de37f000-de380000 ---p 00000000 00:00 0 
de380000-de400000 rw-p 00000000 00:00 0 
de400000-de421000 rw-p 00000000 00:00 0 
de421000-de500000 ---p 00000000 00:00 0 
de500000-de501000 r--s 00003000 08:10 4195613                            /apps/mtp/TPE16.0.2/axis2/axis2-1.7.8/lib/geronimo-ws-metadata_2.0_spec-1.1.2.jar
de501000-de503000 r--s 00003000 08:10 4195642                            /apps/mtp/TPE16.0.2/axis2/axis2-1.7.8/lib/axis2-transport-local-1.7.8.jar
de503000-de506000 r--s 00023000 08:10 4195656                            /apps/mtp/TPE16.0.2/axis2/axis2-1.7.8/lib/axis2-corba-1.7.8.jar
de506000-de50b000 r--s 00068000 08:10 4195623                            /apps/mtp/TPE16.0.2/axis2/axis2-1.7.8/lib/antlr-2.7.7.jar
de50b000-de50d000 r--s 0000a000 08:10 4195618                            /apps/mtp/TPE16.0.2/axis2/axis2-1.7.8/lib/jsr311-api-1.1.1.jar
de50d000-de510000 r--s 0000c000 08:10 4195717                            /apps/mtp/TPE16.0.2/axis2/axis2-1.7.8/lib/geronimo-jaxws_2.2_spec-1.0.jar
de510000-de515000 r--s 0003b000 08:10 4195709                            /apps/mtp/TPE16.0.2/axis2/axis2-1.7.8/lib/axis2-codegen-1.7.8.jar
de515000-de51e000 r--s 00053000 08:10 4195641                            /apps/mtp/TPE16.0.2/axis2/axis2-1.7.8/lib/woden-core-1.0M10.jar
de51e000-de529000 r--s 000c2000 08:10 4195643                            /apps/mtp/TPE16.0.2/axis2/axis2-1.7.8/lib/jaxws-tools-2.2.6.jar
de529000-de52c000 r--s 00025000 08:10 4195616                            /apps/mtp/TPE16.0.2/axis2/axis2-1.7.8/lib/commons-io-2.1.jar
de52c000-de52e000 r--s 00009000 08:10 4195690                            /apps/mtp/TPE16.0.2/axis2/axis2-1.7.8/lib/axis2-transport-mail-1.7.8.jar
de52e000-de53a000 r--s 000a3000 08:10 4195681                            /apps/mtp/TPE16.0.2/axis2/axis2-1.7.8/lib/axiom-dom-1.2.20.jar
de53a000-de544000 r--s 0008c000 08:10 4195714                            /apps/mtp/TPE16.0.2/axis2/axis2-1.7.8/lib/bcel-findbugs-6.0.jar
de544000-de54a000 r--s 00059000 08:10 4195691                            /apps/mtp/TPE16.0.2/axis2/axis2-1.7.8/lib/mail-1.4.jar
de54a000-de54c000 r--s 0000d000 08:10 4195637                            /apps/mtp/TPE16.0.2/axis2/axis2-1.7.8/lib/commons-logging-1.1.1.jar
de54c000-de55a000 r--s 000aa000 08:10 4195715                            /apps/mtp/TPE16.0.2/axis2/axis2-1.7.8/lib/axis2-jaxws-1.7.8.jar
de55a000-de55d000 r--s 00018000 08:10 4195651                            /apps/mtp/TPE16.0.2/axis2/axis2-1.7.8/lib/axis2-clustering-1.7.8.jar
de55d000-de560000 r--s 0001d000 08:10 4195713                            /apps/mtp/TPE16.0.2/axis2/axis2-1.7.8/lib/jibx-run-1.2.jar
de560000-de566000 r--s 00045000 08:10 4195680                            /apps/mtp/TPE16.0.2/axis2/axis2-1.7.8/lib/commons-httpclient-3.1.jar
de566000-de573000 r--s 000ee000 08:10 4195707                            /apps/mtp/TPE16.0.2/axis2/axis2-1.7.8/lib/axis2-kernel-1.7.8.jar
de573000-de57f000 r--s 00139000 fd:00 203033609                          /opt/software/sqljdbc_9.2/enu/mssql-jdbc-9.2.1.jre8.jar
de57f000-de580000 ---p 00000000 00:00 0 
de580000-de600000 rw-p 00000000 00:00 0 
de600000-de621000 rw-p 00000000 00:00 0 
de621000-de700000 ---p 00000000 00:00 0 
de700000-de701000 r--s 00004000 08:10 4195653                            /apps/mtp/TPE16.0.2/axis2/axis2-1.7.8/lib/juli-6.0.16.jar
de701000-de709000 r--s 00048000 08:10 4195619                            /apps/mtp/TPE16.0.2/axis2/axis2-1.7.8/lib/httpcore-4.4.6.jar
de709000-de768000 r--s 003fa000 fd:00 68304477                           /opt/lib/cobol/NTT_DATA_COBOL_6.0/lib/dependencies/bcprov-jdk15on-162.jar
de768000-de77f000 r--s 00140000 fd:00 2469689                            /opt/lib/cobol/NTT_DATA_COBOL_6.0/lib/vcobol-runtime.jar
de77f000-de780000 ---p 00000000 00:00 0 
de780000-de800000 rw-p 00000000 00:00 0 
de800000-de821000 rw-p 00000000 00:00 0 
de821000-de900000 ---p 00000000 00:00 0 
de900000-de914000 r--s 000c1000 fd:00 68304476                           /opt/lib/cobol/NTT_DATA_COBOL_6.0/lib/dependencies/bcpkix-jdk15on-162.jar
de914000-de97d000 r-xp 00000000 fd:00 2469690                            /opt/lib/cobol/NTT_DATA_COBOL_6.0/native/lib/libvcobol.so
de97d000-de97e000 r--p 00068000 fd:00 2469690                            /opt/lib/cobol/NTT_DATA_COBOL_6.0/native/lib/libvcobol.so
de97e000-de97f000 rw-p 00069000 fd:00 2469690                            /opt/lib/cobol/NTT_DATA_COBOL_6.0/native/lib/libvcobol.so
de97f000-de980000 ---p 00000000 00:00 0 
de980000-e14c0000 rw-p 00000000 00:00 0 
e14c0000-e3f80000 ---p 00000000 00:00 0 
e3f80000-e4c40000 rw-p 00000000 00:00 0 
e4c40000-e6a00000 ---p 00000000 00:00 0 
e6a00000-e6a01000 r--s 00003000 08:10 4195657                            /apps/mtp/TPE16.0.2/axis2/axis2-1.7.8/lib/axis2-mtompolicy-1.7.8.jar
e6a01000-e6a04000 r--s 00028000 08:10 4195678                            /apps/mtp/TPE16.0.2/axis2/axis2-1.7.8/lib/axis2-transport-http-1.7.8.jar
e6a04000-e6a06000 r--s 00015000 08:10 4195718                            /apps/mtp/TPE16.0.2/axis2/axis2-1.7.8/lib/axis2-saaj-1.7.8.jar
e6a06000-e6a08000 r--s 00006000 08:10 4195674                            /apps/mtp/TPE16.0.2/axis2/axis2-1.7.8/lib/geronimo-stax-api_1.0_spec-1.0.1.jar
e6a08000-e6a0a000 r--s 00006000 08:10 4195711                            /apps/mtp/TPE16.0.2/axis2/axis2-1.7.8/lib/axis2-xmlbeans-1.7.8.jar
e6a0a000-e6a0d000 r--s 00018000 fd:00 68304475                           /opt/lib/cobol/NTT_DATA_COBOL_6.0/lib/dependencies/bcmail-jdk15on-162.jar
e6a0d000-e6a0e000 r--s 00007000 08:10 4195233                            /apps/mtp/TPE16.0.2/lib/transutil.jar
e6a0e000-e6a10000 r-xp 00000000 08:10 4195225                            /apps/mtp/TPE16.0.2/lib/liblang_vcobol.so
e6a10000-e6a11000 r--p 00001000 08:10 4195225                            /apps/mtp/TPE16.0.2/lib/liblang_vcobol.so
e6a11000-e6a12000 rw-p 00002000 08:10 4195225                            /apps/mtp/TPE16.0.2/lib/liblang_vcobol.so
e6a12000-e6a16000 r--s 00075000 08:10 4195231                            /apps/mtp/TPE16.0.2/lib/kixsysapi.jar
e6a16000-e6a1a000 r--s 00022000 08:10 4195232                            /apps/mtp/TPE16.0.2/lib/dfjcics.jar
e6a1a000-e6a1b000 r--p 00000000 fd:00 134305719                          /usr/lib/locale/en_US/LC_NUMERIC
e6a1b000-e6a1c000 r--p 00000000 fd:00 134970732                          /usr/lib/locale/en_US/LC_TIME
e6a1c000-e6a22000 r--p 00000000 fd:00 134305715                          /usr/lib/locale/en_US/LC_COLLATE
e6a22000-e6a23000 r--p 00000000 fd:00 134970730                          /usr/lib/locale/en_US/LC_MONETARY
e6a23000-e6a24000 r--p 00000000 fd:00 67437872                           /usr/lib/locale/en_US/LC_MESSAGES/SYS_LC_MESSAGES
e6a24000-e6a25000 r--p 00000000 fd:00 134305723                          /usr/lib/locale/en_US/LC_PAPER
e6a25000-e6a26000 r--p 00000000 fd:00 134305724                          /usr/lib/locale/en_US/LC_NAME
e6a26000-e6a27000 r--p 00000000 fd:00 134305701                          /usr/lib/locale/en_US/LC_ADDRESS
e6a27000-e6a3d000 rw-p 00000000 00:00 0 
e6a3d000-e6a52000 ---p 00000000 00:00 0 
e6a52000-e6a68000 rw-p 00000000 00:00 0 
e6a68000-e6a7c000 ---p 00000000 00:00 0 
e6a7c000-e6a84000 rw-p 00000000 00:00 0 
e6a84000-e6a92000 ---p 00000000 00:00 0 
e6a92000-e6aae000 rw-p 00000000 00:00 0 
e6aae000-e6e53000 ---p 00000000 00:00 0 
e6e53000-e74eb000 rwxp 00000000 00:00 0 
e74eb000-f5e53000 ---p 00000000 00:00 0 
f5e53000-f5e6e000 r-xp 00000000 fd:00 137647970                          /usr/java/jdk1.8.0_281-i586/jre/lib/i386/libzip.so
f5e6e000-f5e6f000 r--p 0001a000 fd:00 137647970                          /usr/java/jdk1.8.0_281-i586/jre/lib/i386/libzip.so
f5e6f000-f5e70000 rw-p 0001b000 fd:00 137647970                          /usr/java/jdk1.8.0_281-i586/jre/lib/i386/libzip.so
f5e70000-f5e97000 r-xp 00000000 fd:00 137303138                          /usr/java/jdk1.8.0_281-i586/jre/lib/i386/libjava.so
f5e97000-f5e98000 r--p 00026000 fd:00 137303138                          /usr/java/jdk1.8.0_281-i586/jre/lib/i386/libjava.so
f5e98000-f5e99000 rw-p 00027000 fd:00 137303138                          /usr/java/jdk1.8.0_281-i586/jre/lib/i386/libjava.so
f5e99000-f5ea4000 r-xp 00000000 fd:00 137647969                          /usr/java/jdk1.8.0_281-i586/jre/lib/i386/libverify.so
f5ea4000-f5ea5000 ---p 0000b000 fd:00 137647969                          /usr/java/jdk1.8.0_281-i586/jre/lib/i386/libverify.so
f5ea5000-f5ea6000 r--p 0000b000 fd:00 137647969                          /usr/java/jdk1.8.0_281-i586/jre/lib/i386/libverify.so
f5ea6000-f5ea7000 rw-p 0000c000 fd:00 137647969                          /usr/java/jdk1.8.0_281-i586/jre/lib/i386/libverify.so
f5ea7000-f5ea8000 ---p 00000000 00:00 0 
f5ea8000-f66a8000 rw-p 00000000 00:00 0 
f66a8000-f66b4000 r-xp 00000000 fd:00 134927335                          /usr/lib/libnss_files-2.28.so
f66b4000-f66b5000 r--p 0000b000 fd:00 134927335                          /usr/lib/libnss_files-2.28.so
f66b5000-f66b6000 rw-p 0000c000 fd:00 134927335                          /usr/lib/libnss_files-2.28.so
f66b6000-f66bc000 rw-p 00000000 00:00 0 
f66bc000-f66bd000 r--p 00000000 fd:00 134970731                          /usr/lib/locale/en_US/LC_TELEPHONE
f66bd000-f66be000 r--p 00000000 fd:00 134970729                          /usr/lib/locale/en_US/LC_MEASUREMENT
f66be000-f66c1000 rw-p 00000000 00:00 0 
f66c1000-f66c9000 rw-s 00000000 fd:00 67117054                           /tmp/hsperfdata_mtpadmin/3349010
f66c9000-f66ca000 r-xp 00000000 08:10 4195246                            /apps/mtp/TPE16.0.2/lib/libkixpli.so
f66ca000-f66cb000 r--p 00000000 08:10 4195246                            /apps/mtp/TPE16.0.2/lib/libkixpli.so
f66cb000-f66cc000 rw-p 00001000 08:10 4195246                            /apps/mtp/TPE16.0.2/lib/libkixpli.so
f66cc000-f66cd000 r-xp 00000000 08:10 9045364                            /apps/test/mdoff/sys/local/bin/libkxtermexit.so
f66cd000-f66ce000 r--p 00000000 08:10 9045364                            /apps/test/mdoff/sys/local/bin/libkxtermexit.so
f66ce000-f66cf000 rw-p 00001000 08:10 9045364                            /apps/test/mdoff/sys/local/bin/libkxtermexit.so
f66cf000-f66e5000 r-xp 00000000 08:10 4195235                            /apps/mtp/TPE16.0.2/lib/libkxsecexit.so
f66e5000-f66e6000 r--p 00015000 08:10 4195235                            /apps/mtp/TPE16.0.2/lib/libkxsecexit.so
f66e6000-f66e7000 rw-p 00016000 08:10 4195235                            /apps/mtp/TPE16.0.2/lib/libkxsecexit.so
f66e7000-f66ed000 rw-p 00000000 00:00 0 
f66ed000-f66ef000 r-xp 00000000 08:10 4195223                            /apps/mtp/TPE16.0.2/lib/liblang_dyn.so
f66ef000-f66f0000 r--p 00001000 08:10 4195223                            /apps/mtp/TPE16.0.2/lib/liblang_dyn.so
f66f0000-f66f1000 rw-p 00002000 08:10 4195223                            /apps/mtp/TPE16.0.2/lib/liblang_dyn.so
f66f1000-f66f9000 r-xp 00000000 fd:00 134927338                          /usr/lib/librt-2.28.so
f66f9000-f66fa000 r--p 00007000 fd:00 134927338                          /usr/lib/librt-2.28.so
f66fa000-f66fb000 rw-p 00008000 fd:00 134927338                          /usr/lib/librt-2.28.so
f66fb000-f66fc000 r-xp 00000000 08:10 9045197                            /apps/test/mdoff/sys/local/bin/libkxrm.so
f66fc000-f66fd000 r--p 00000000 08:10 9045197                            /apps/test/mdoff/sys/local/bin/libkxrm.so
f66fd000-f66fe000 rw-p 00001000 08:10 9045197                            /apps/test/mdoff/sys/local/bin/libkxrm.so
f66fe000-f6700000 rw-p 00000000 00:00 0 
f6700000-f670b000 r-xp 00000000 08:10 4195224                            /apps/mtp/TPE16.0.2/lib/libkxtm.so
f670b000-f670c000 r--p 0000a000 08:10 4195224                            /apps/mtp/TPE16.0.2/lib/libkxtm.so
f670c000-f670d000 rw-p 0000b000 08:10 4195224                            /apps/mtp/TPE16.0.2/lib/libkxtm.so
f670d000-f671b000 r-xp 00000000 08:10 4195230                            /apps/mtp/TPE16.0.2/lib/libkxtables.so
f671b000-f671c000 r--p 0000d000 08:10 4195230                            /apps/mtp/TPE16.0.2/lib/libkxtables.so
f671c000-f671d000 rw-p 0000e000 08:10 4195230                            /apps/mtp/TPE16.0.2/lib/libkxtables.so
f671d000-f673d000 r-xp 00000000 fd:00 136722866                          /usr/lib/libcrypt.so.1.1.0
f673d000-f673e000 ---p 00020000 fd:00 136722866                          /usr/lib/libcrypt.so.1.1.0
f673e000-f673f000 r--p 00020000 fd:00 136722866                          /usr/lib/libcrypt.so.1.1.0
f673f000-f6748000 rw-p 00000000 00:00 0 
f6748000-f6764000 r-xp 00000000 fd:00 134927336                          /usr/lib/libpthread-2.28.so
f6764000-f6765000 r--p 0001b000 fd:00 134927336                          /usr/lib/libpthread-2.28.so
f6765000-f6766000 rw-p 0001c000 fd:00 134927336                          /usr/lib/libpthread-2.28.so
f6766000-f6768000 rw-p 00000000 00:00 0 
f6768000-f6838000 r-xp 00000000 fd:00 134927333                          /usr/lib/libm-2.28.so
f6838000-f6839000 r--p 000cf000 fd:00 134927333                          /usr/lib/libm-2.28.so
f6839000-f683a000 rw-p 000d0000 fd:00 134927333                          /usr/lib/libm-2.28.so
f683a000-f683d000 r-xp 00000000 fd:00 134927332                          /usr/lib/libdl-2.28.so
f683d000-f683e000 r--p 00002000 fd:00 134927332                          /usr/lib/libdl-2.28.so
f683e000-f683f000 rw-p 00003000 fd:00 134927332                          /usr/lib/libdl-2.28.so
f683f000-f69e0000 r-xp 00000000 fd:00 134838598                          /usr/lib/libc-2.28.so
f69e0000-f69e1000 ---p 001a1000 fd:00 134838598                          /usr/lib/libc-2.28.so
f69e1000-f69e3000 r--p 001a1000 fd:00 134838598                          /usr/lib/libc-2.28.so
f69e3000-f69e4000 rw-p 001a3000 fd:00 134838598                          /usr/lib/libc-2.28.so
f69e4000-f69e7000 rw-p 00000000 00:00 0 
f69e7000-f69e8000 r--p 00000000 fd:00 134305702                          /usr/lib/locale/en_US/LC_IDENTIFICATION
f69e8000-f69e9000 rw-p 00000000 00:00 0 
f69e9000-f69ea000 r-xp 00000000 08:10 9045308                            /apps/test/mdoff/sys/local/bin/libkxsockexit.so
f69ea000-f69eb000 r--p 00000000 08:10 9045308                            /apps/test/mdoff/sys/local/bin/libkxsockexit.so
f69eb000-f69ec000 rw-p 00001000 08:10 9045308                            /apps/test/mdoff/sys/local/bin/libkxsockexit.so
f69ec000-f69ee000 r-xp 00000000 08:10 9045255                            /apps/test/mdoff/sys/local/bin/libkxiscexit.so
f69ee000-f69ef000 r--p 00001000 08:10 9045255                            /apps/test/mdoff/sys/local/bin/libkxiscexit.so
f69ef000-f69f0000 rw-p 00002000 08:10 9045255                            /apps/test/mdoff/sys/local/bin/libkxiscexit.so
f69f0000-f69f2000 r-xp 00000000 08:10 9045228                            /apps/test/mdoff/sys/local/bin/libkxconvexit.so
f69f2000-f69f3000 r--p 00001000 08:10 9045228                            /apps/test/mdoff/sys/local/bin/libkxconvexit.so
f69f3000-f69f4000 rw-p 00002000 08:10 9045228                            /apps/test/mdoff/sys/local/bin/libkxconvexit.so
f69f4000-f6cbb000 r-xp 00000000 08:10 4195270                            /apps/mtp/TPE16.0.2/lib/libunikixtran.so
f6cbb000-f6cbc000 r--p 002c6000 08:10 4195270                            /apps/mtp/TPE16.0.2/lib/libunikixtran.so
f6cbc000-f6cd9000 rw-p 002c7000 08:10 4195270                            /apps/mtp/TPE16.0.2/lib/libunikixtran.so
f6cd9000-f6f41000 rw-p 00000000 00:00 0 
f6f41000-f7ac4000 r-xp 00000000 fd:00 68223427                           /usr/java/jdk1.8.0_281-i586/jre/lib/i386/server/libjvm.so
f7ac4000-f7ac5000 ---p 00b83000 fd:00 68223427                           /usr/java/jdk1.8.0_281-i586/jre/lib/i386/server/libjvm.so
f7ac5000-f7b0c000 r--p 00b83000 fd:00 68223427                           /usr/java/jdk1.8.0_281-i586/jre/lib/i386/server/libjvm.so
f7b0c000-f7b29000 rw-p 00bca000 fd:00 68223427                           /usr/java/jdk1.8.0_281-i586/jre/lib/i386/server/libjvm.so
f7b29000-f7f4e000 rw-p 00000000 00:00 0 
f7f4e000-f7f50000 r-xp 00000000 fd:00 137303152                          /usr/java/jdk1.8.0_281-i586/jre/lib/i386/libjsig.so
f7f50000-f7f51000 r--p 00001000 fd:00 137303152                          /usr/java/jdk1.8.0_281-i586/jre/lib/i386/libjsig.so
f7f51000-f7f52000 rw-p 00002000 fd:00 137303152                          /usr/java/jdk1.8.0_281-i586/jre/lib/i386/libjsig.so
f7f52000-f7f55000 rw-p 00000000 00:00 0 
f7f55000-f7f59000 r--p 00000000 00:00 0                                  [vvar]
f7f59000-f7f5b000 r-xp 00000000 00:00 0                                  [vdso]
f7f5b000-f7f87000 r-xp 00000000 fd:00 134306756                          /usr/lib/ld-2.28.so
f7f87000-f7f88000 r--p 00000000 00:00 0 
f7f88000-f7f89000 r--p 0002c000 fd:00 134306756                          /usr/lib/ld-2.28.so
f7f89000-f7f8a000 rw-p 0002d000 fd:00 134306756                          /usr/lib/ld-2.28.so
ff9cc000-ff9cf000 ---p 00000000 00:00 0 
ff9cf000-ffacc000 rw-p 00000000 00:00 0                                  [stack]

VM Arguments:
jvm_args: -Dvcobol.jdbc.autocommit=false -Dvcobol.runtime.compile_flags.mandatory= -Dvcobol.runtime.compile_flags.prohibited=-d64 -Xrs -Xss1M -DKIXSYS=/apps/test/mdoff/sys -DKIXPROGS=/apps/test/mdoff/exe/onl:/apps/prod/cid1p/exe/onl -DUNIKIX=/apps/mtp/mtp -Xmx128m -Dvcobol.jdbc.driver=com.microsoft.sqlserver.jdbc.SQLServerDriver -Dvcobol.jdbc.url=jdbc:sqlserver://hov-tstdb01.cso.local:1433;databaseName= -Dvcobol.jdbc.autocommit=False -Djava.library.path=/apps/mtp/mtp/lib:/opt/lib/cobol/NTT_DATA_COBOL_6.0/native/lib/ exit abort 
java_command: <unknown>
java_class_path (initial): /apps/mtp/mtp/lib/dfjcics.jar:/apps/mtp/mtp/lib/kixsysapi.jar:/apps/mtp/mtp/lib/transMQJMS.jar:/apps/mtp/mtp/lib/transutil.jar:/opt/lib/cobol/NTT_DATA_COBOL_6.0/lib/vcobol-runtime.jar:/apps/test/mdoff/sys/local/bin:/apps/mtp/mtp/local/bin:/apps/test/mdoff/exe/onl:/apps/prod/cid1p/exe/onl:/opt/software/sqljdbc/enu/mssql-jdbc-9.2.1.jre8.jar:/apps/mtp/mtp/axis2/current/lib/axis2-xmlbeans-1.7.8.jar:/apps/mtp/mtp/axis2/current/lib/axis2-kernel-1.7.8.jar:/apps/mtp/mtp/axis2/current/lib/geronimo-stax-api_1.0_spec-1.0.1.jar:/apps/mtp/mtp/axis2/current/lib/axis2-saaj-1.7.8.jar:/apps/mtp/mtp/axis2/current/lib/httpcore-4.4.6.jar:/apps/mtp/mtp/axis2/current/lib/commons-httpclient-3.1.jar:/apps/mtp/mtp/axis2/current/lib/axis2-transport-http-1.7.8.jar:/apps/mtp/mtp/axis2/current/lib/jibx-run-1.2.jar:/apps/mtp/mtp/axis2/current/lib/axis2-clustering-1.7.8.jar:/apps/mtp/mtp/axis2/current/lib/axis2-jaxws-1.7.8.jar:/apps/mtp/mtp/axis2/current/lib/commons-logging-1.1.1.jar:/apps/mtp/mtp/axis2/current/lib/mail-1.4.jar:/apps/mtp/mtp/axis2/current/lib/bcel-findbugs-6.0.jar:/apps/mtp/mtp/axis2/current/lib/axiom-dom-1.2.20.jar:/apps/mtp/mtp/axis2/current/lib/axis2-transport-mail-1.7.8.jar:/apps/mtp/mtp/axis2/current/lib/commons-io-2.1.jar:/apps/mtp/mtp/axis2/current/lib/jaxws-tools-2.2.6.jar:/apps/mtp/mtp/axis2/current/lib/woden-core-1.0M10.jar:/apps/mtp/mtp/axis2/current/lib/xalan-2.7.0.jar:/apps/mtp/mtp/axis2/current/lib/axis2-mtompolicy-1.7.8.jar:/apps/mtp/mtp/axis2/current/lib/axis2-codegen-1.7.8.jar:/apps/mtp/mtp/axis2/current/lib/geronimo-jaxws_2.2_spec-1.0.jar:/apps/mtp/mtp/axis2/current/lib/jsr311-api-1.1.1.jar:/apps/mtp/mtp/axis2/current/lib/antlr-2.7.7.jar:/apps/mtp/mtp/axis2/current/lib/axis2-corba-1.7.8.jar:/apps/mtp/mtp/axis2/current/lib/axis2-transport-local-1.7.8.jar:/apps/mtp/mtp/axis2/current/lib/juli-6.0.16.jar:/apps/mtp/mtp/axis2/current/lib/axis2-jibx-1.7.8.jar:/apps/mtp/mtp/axis2/current/lib/geronimo-ws-metadata_2.0_spec-1.1.2.jar:/apps/mtp/
Launcher Type: generic

Environment Variables:
PATH=/usr/java/default/bin:/apps/test/mdoff/sys/local/bin:/apps/mtp/mtp/bin:/usr/bin:/bin
LD_LIBRARY_PATH=/apps/test/mdoff/sys/local/bin:/apps/mtp/mtp/lib:/opt/lib/cobol/NTT_DATA_COBOL_6.0/native/lib:/usr/java/default/jre/lib/i386/server:/usr/java/default/jre/lib/i386

Signal Handlers:
SIGSEGV: [libjvm.so+0x94a910], sa_mask[0]=11111111111111111111111111111110, sa_flags=SA_RESTART|SA_SIGINFO
SIGBUS: [libjvm.so+0x94a910], sa_mask[0]=11111111111111111111111111111110, sa_flags=SA_SIGINFO
SIGFPE: [libunikixtran.so+0x256f8b], sa_mask[0]=11111111111111111111111111111110, sa_flags=SA_SIGINFO
SIGPIPE: SIG_IGN, sa_mask[0]=11111111111111111111111111111110, sa_flags=SA_SIGINFO
SIGXFSZ: SIG_DFL, sa_mask[0]=11111111111111111111111111111110, sa_flags=SA_SIGINFO
SIGILL: [libunikixtran.so+0x256f8b], sa_mask[0]=11111111111111111111111111111110, sa_flags=SA_SIGINFO
SIGUSR1: [libunikixtran.so+0x256f8b], sa_mask[0]=11111111011111111101111111111110, sa_flags=SA_SIGINFO
SIGUSR2: [libunikixtran.so+0x256f8b], sa_mask[0]=11111111011111111101111111111110, sa_flags=SA_RESTART|SA_SIGINFO
SIGHUP: [libunikixtran.so+0x256f8b], sa_mask[0]=11111111011111111101111111111110, sa_flags=SA_SIGINFO
SIGINT: [libunikixtran.so+0x256f8b], sa_mask[0]=11111111011111111101111111111110, sa_flags=SA_SIGINFO
SIGTERM: [libunikixtran.so+0x256f8b], sa_mask[0]=11111111011111111101111111111110, sa_flags=SA_SIGINFO
SIGQUIT: [libunikixtran.so+0x256f8b], sa_mask[0]=11111111011111111101111111111110, sa_flags=SA_SIGINFO


---------------  S Y S T E M  ---------------

OS:Red Hat Enterprise Linux release 8.5 (Ootpa)

uname:Linux 4.18.0-348.20.1.el8_5.x86_64 #1 SMP Tue Mar 8 12:56:54 EST 2022 x86_64
libc:glibc 2.28 NPTL 2.28 
rlimit: STACK 8192k, CORE infinity, NPROC 63093, NOFILE 262144, AS infinity
load average:0.06 0.05 0.00

/proc/meminfo:
MemTotal:       16211440 kB
MemFree:         9851220 kB
MemAvailable:   12762732 kB
Buffers:           93940 kB
Cached:          4259868 kB
SwapCached:            0 kB
Active:           961692 kB
Inactive:        4785388 kB
Active(anon):       2432 kB
Inactive(anon):  2731180 kB
Active(file):     959260 kB
Inactive(file):  2054208 kB
Unevictable:           0 kB
Mlocked:               0 kB
SwapTotal:       8273916 kB
SwapFree:        8273916 kB
Dirty:           1243136 kB
Writeback:             0 kB
AnonPages:       1363840 kB
Mapped:          1607624 kB
Shmem:           1339940 kB
KReclaimable:     235684 kB
Slab:             332384 kB
SReclaimable:     235684 kB
SUnreclaim:        96700 kB
KernelStack:       11536 kB
PageTables:        35600 kB
NFS_Unstable:          0 kB
Bounce:                0 kB
WritebackTmp:          0 kB
CommitLimit:    16379636 kB
Committed_AS:    5884736 kB
VmallocTotal:   34359738367 kB
VmallocUsed:           0 kB
VmallocChunk:          0 kB
Percpu:             5792 kB
HardwareCorrupted:     0 kB
AnonHugePages:    522240 kB
ShmemHugePages:        0 kB
ShmemPmdMapped:        0 kB
FileHugePages:         0 kB
FilePmdMapped:         0 kB
HugePages_Total:       0
HugePages_Free:        0
HugePages_Rsvd:        0
HugePages_Surp:        0
Hugepagesize:       2048 kB
Hugetlb:               0 kB
DirectMap4k:      324976 kB
DirectMap2M:     8062976 kB
DirectMap1G:    10485760 kB

container (cgroup) information:
container_type: cgroupv1
cpu_cpuset_cpus: 0-3
cpu_memory_nodes: 0
active_processor_count: 4
cpu_quota: -1
cpu_period: 100000
cpu_shares: -1
memory_limit_in_bytes: -1
memory_and_swap_limit_in_bytes: -1
memory_soft_limit_in_bytes: -1
memory_usage_in_bytes: 2759557120
memory_max_usage_in_bytes: 2759557120


CPU:total 4 (initial active 4) (2 cores per cpu, 1 threads per core) family 6 model 85 stepping 4, cmov, cx8, fxsr, mmx, sse, sse2, sse3, ssse3, sse4.1, sse4.2, popcnt, avx, avx2, aes, clmul, erms, 3dnowpref, lzcnt, tsc, tscinvbit, bmi1, bmi2, adx

/proc/cpuinfo:
processor	: 0
vendor_id	: GenuineIntel
cpu family	: 6
model		: 85
model name	: Intel(R) Xeon(R) Gold 6154 CPU @ 3.00GHz
stepping	: 4
microcode	: 0x2006c0a
cpu MHz		: 2992.968
cache size	: 25344 KB
physical id	: 0
siblings	: 2
core id		: 0
cpu cores	: 2
apicid		: 0
initial apicid	: 0
fpu		: yes
fpu_exception	: yes
cpuid level	: 22
wp		: yes
flags		: fpu vme de pse tsc msr pae mce cx8 apic sep mtrr pge mca cmov pat pse36 clflush mmx fxsr sse sse2 ss ht syscall nx pdpe1gb rdtscp lm constant_tsc arch_perfmon nopl xtopology tsc_reliable nonstop_tsc cpuid pni pclmulqdq ssse3 fma cx16 pcid sse4_1 sse4_2 x2apic movbe popcnt tsc_deadline_timer aes xsave avx f16c rdrand hypervisor lahf_lm abm 3dnowprefetch cpuid_fault invpcid_single pti ssbd ibrs ibpb stibp fsgsbase tsc_adjust bmi1 avx2 smep bmi2 invpcid avx512f avx512dq rdseed adx smap clflushopt clwb avx512cd avx512bw avx512vl xsaveopt xsavec xsaves arat pku ospke md_clear flush_l1d arch_capabilities
bugs		: cpu_meltdown spectre_v1 spectre_v2 spec_store_bypass l1tf mds swapgs itlb_multihit
bogomips	: 5985.93
clflush size	: 64
cache_alignment	: 64
address sizes	: 43 bits physical, 48 bits virtual
power management:

processor	: 1
vendor_id	: GenuineIntel
cpu family	: 6
model		: 85
model name	: Intel(R) Xeon(R) Gold 6154 CPU @ 3.00GHz
stepping	: 4
microcode	: 0x2006c0a
cpu MHz		: 2992.968
cache size	: 25344 KB
physical id	: 0
siblings	: 2
core id		: 1
cpu cores	: 2
apicid		: 1
initial apicid	: 1
fpu		: yes
fpu_exception	: yes
cpuid level	: 22
wp		: yes
flags		: fpu vme de pse tsc msr pae mce cx8 apic sep mtrr pge mca cmov pat pse36 clflush mmx fxsr sse sse2 ss ht syscall nx pdpe1gb rdtscp lm constant_tsc arch_perfmon nopl xtopology tsc_reliable nonstop_tsc cpuid pni pclmulqdq ssse3 fma cx16 pcid sse4_1 sse4_2 x2apic movbe popcnt tsc_deadline_timer aes xsave avx f16c rdrand hypervisor lahf_lm abm 3dnowprefetch cpuid_fault invpcid_single pti ssbd ibrs ibpb stibp fsgsbase tsc_adjust bmi1 avx2 smep bmi2 invpcid avx512f avx512dq rdseed adx smap clflushopt clwb avx512cd avx512bw avx512vl xsaveopt xsavec xsaves arat pku ospke md_clear flush_l1d arch_capabilities
bugs		: cpu_meltdown spectre_v1 spectre_v2 spec_store_bypass l1tf mds swapgs itlb_multihit
bogomips	: 5985.93
clflush size	: 64
cache_alignment	: 64
address sizes	: 43 bits physical, 48 bits virtual
power management:

processor	: 2
vendor_id	: GenuineIntel
cpu family	: 6
model		: 85
model name	: Intel(R) Xeon(R) Gold 6154 CPU @ 3.00GHz
stepping	: 4
microcode	: 0x2006c0a
cpu MHz		: 2992.968
cache size	: 25344 KB
physical id	: 1
siblings	: 2
core id		: 0
cpu cores	: 2
apicid		: 2
initial apicid	: 2
fpu		: yes
fpu_exception	: yes
cpuid level	: 22
wp		: yes
flags		: fpu vme de pse tsc msr pae mce cx8 apic sep mtrr pge mca cmov pat pse36 clflush mmx fxsr sse sse2 ss ht syscall nx pdpe1gb rdtscp lm constant_tsc arch_perfmon nopl xtopology tsc_reliable nonstop_tsc cpuid pni pclmulqdq ssse3 fma cx16 pcid sse4_1 sse4_2 x2apic movbe popcnt tsc_deadline_timer aes xsave avx f16c rdrand hypervisor lahf_lm abm 3dnowprefetch cpuid_fault invpcid_single pti ssbd ibrs ibpb stibp fsgsbase tsc_adjust bmi1 avx2 smep bmi2 invpcid avx512f avx512dq rdseed adx smap clflushopt clwb avx512cd avx512bw avx512vl xsaveopt xsavec xsaves arat pku ospke md_clear flush_l1d arch_capabilities
bugs		: cpu_meltdown spectre_v1 spectre_v2 spec_store_bypass l1tf mds swapgs itlb_multihit
bogomips	: 5985.93
clflush size	: 64
cache_alignment	: 64
address sizes	: 43 bits physical, 48 bits virtual
power management:

processor	: 3
vendor_id	: GenuineIntel
cpu family	: 6
model		: 85
model name	: Intel(R) Xeon(R) Gold 6154 CPU @ 3.00GHz
stepping	: 4
microcode	: 0x2006c0a
cpu MHz		: 2992.968
cache size	: 25344 KB
physical id	: 1
siblings	: 2
core id		: 1
cpu cores	: 2
apicid		: 3
initial apicid	: 3
fpu		: yes
fpu_exception	: yes
cpuid level	: 22
wp		: yes
flags		: fpu vme de pse tsc msr pae mce cx8 apic sep mtrr pge mca cmov pat pse36 clflush mmx fxsr sse sse2 ss ht syscall nx pdpe1gb rdtscp lm constant_tsc arch_perfmon nopl xtopology tsc_reliable nonstop_tsc cpuid pni pclmulqdq ssse3 fma cx16 pcid sse4_1 sse4_2 x2apic movbe popcnt tsc_deadline_timer aes xsave avx f16c rdrand hypervisor lahf_lm abm 3dnowprefetch cpuid_fault invpcid_single pti ssbd ibrs ibpb stibp fsgsbase tsc_adjust bmi1 avx2 smep bmi2 invpcid avx512f avx512dq rdseed adx smap clflushopt clwb avx512cd avx512bw avx512vl xsaveopt xsavec xsaves arat pku ospke md_clear flush_l1d arch_capabilities
bugs		: cpu_meltdown spectre_v1 spectre_v2 spec_store_bypass l1tf mds swapgs itlb_multihit
bogomips	: 5985.93
clflush size	: 64
cache_alignment	: 64
address sizes	: 43 bits physical, 48 bits virtual
power management:



Memory: 4k page, physical 16211440k(9848476k free), swap 8273916k(8273916k free)

vm_info: Java HotSpot(TM) Server VM (25.281-b09) for linux-x86 JRE (1.8.0_281-b09), built on Dec  9 2020 12:36:01 by "java_re" with gcc 7.3.0

time: Thu Apr 14 02:19:21 2022
timezone: CDT
elapsed time: 56659.853246 seconds (0d 15h 44m 19s)

