#
# A fatal error has been detected by the Java Runtime Environment:
#
#  SIGSEGV (0xb) at pc=0xf6c07f87, pid=262473, tid=0xf6752700
#
# JRE version: Java(TM) SE Runtime Environment (8.0_281-b09) (build 1.8.0_281-b09)
# Java VM: Java HotSpot(TM) Server VM (25.281-b09 mixed mode linux-x86 )
# Problematic frame:
# C  [libunikixtran.so+0x1acf87]  abend+0x68
#
# Core dump written. Default location: /apps/test/mdoff/sys/core or core.262473
#
# If you would like to submit a bug report, please visit:
#   http://bugreport.java.com/bugreport/crash.jsp
# The crash happened outside the Java Virtual Machine in native code.
# See problematic frame for where to report the bug.
#

---------------  T H R E A D  ---------------

Current thread (0x086e0400):  JavaThread "main" [_thread_in_native, id=262473, stack(0xffa35000,0xffb35000)]

siginfo: si_signo: 11 (SIGSEGV), si_code: 1 (SEGV_MAPERR), si_addr: 0x00000014

Registers:
EAX=0x00000000, EBX=0xf6f95360, ECX=0x00000000, EDX=0x14063000
ESP=0xffb27a00, EBP=0x00000001, ESI=0xffb27aa6, EDI=0x4f420b40
EIP=0xf6c07f87, EFLAGS=0x00010246, CR2=0x00000014

Top of Stack: (sp=0xffb27a00)
0xffb27a00:   00063000 00000000 00000020 00000002
0xffb27a10:   00000020 f7b30b5c 0000000c f752759c
0xffb27a20:   f7b73000 086e0400 ffb27a68 f752a512
0xffb27a30:   086e0538 f7b73000 ffb27a68 f752a55f
0xffb27a40:   00000000 0000000c ffb27988 00000000
0xffb27a50:   00000000 4f420b40 00000001 f6bead8d
0xffb27a60:   00021085 00000000 00000000 00000000
0xffb27a70:   00000200 087e3ca0 08d69154 de971ff4 

Instructions: (pc=0xf6c07f87)
0xf6c07f67:   00 00 83 b8 c0 02 00 00 00 74 0c c7 04 24 8b 9f
0xf6c07f77:   ce f6 e8 8f fa 06 00 c6 43 03 0c a1 64 50 f9 f6
0xf6c07f87:   8b 50 14 89 93 b4 00 00 00 8b 40 18 89 83 b8 00
0xf6c07f97:   00 00 80 7e 02 41 75 7f 8b 84 24 98 00 00 00 89 

Register to memory mapping:

EAX=0x00000000 is an unknown value
EBX=0xf6f95360: xtcb+0 in /apps/mtp/mtp/lib/libunikixtran.so at 0xf6a5b000
ECX=0x00000000 is an unknown value
EDX=0x14063000 is an unknown value
ESP=0xffb27a00 is pointing into the stack for thread: 0x086e0400
EBP=0x00000001 is an unknown value
ESI=0xffb27aa6 is pointing into the stack for thread: 0x086e0400
EDI=0x4f420b40 is an unknown value


Stack: [0xffa35000,0xffb35000],  sp=0xffb27a00,  free space=970k
Native frames: (J=compiled Java code, j=interpreted, Vv=VM code, C=native code)
C  [libunikixtran.so+0x1acf87]  abend+0x68


---------------  P R O C E S S  ---------------

Java Threads: ( => current thread )
  0x0892b400 JavaThread "Service Thread" daemon [_thread_blocked, id=262502, stack(0xdcdfe000,0xdceff000)]
  0x08928000 JavaThread "C1 CompilerThread2" daemon [_thread_blocked, id=262501, stack(0xdd17f000,0xdd1ff000)]
  0x08926c00 JavaThread "C2 CompilerThread1" daemon [_thread_blocked, id=262500, stack(0xdd47f000,0xdd4ff000)]
  0x08924c00 JavaThread "C2 CompilerThread0" daemon [_thread_blocked, id=262499, stack(0xdd756000,0xdd7d6000)]
  0x08923400 JavaThread "Attach Listener" daemon [_thread_blocked, id=262498, stack(0xdceff000,0xdd000000)]
  0x08909000 JavaThread "Finalizer" daemon [_thread_blocked, id=262497, stack(0xdd1ff000,0xdd300000)]
  0x08906000 JavaThread "Reference Handler" daemon [_thread_blocked, id=262496, stack(0xdd4ff000,0xdd600000)]
=>0x086e0400 JavaThread "main" [_thread_in_native, id=262473, stack(0xffa35000,0xffb35000)]

Other Threads:
  0x08900400 VMThread [stack: 0xdd7d7000,0xdd857000] [id=262495]
  0x0892d400 WatcherThread [stack: 0xdcd7e000,0xdcdfe000] [id=262503]

VM state:not at safepoint (normal execution)

VM Mutex/Monitor currently owned by a thread: None

Heap:
 PSYoungGen      total 19200K, used 9267K [0xe3f80000, 0xe54c0000, 0xe6a00000)
  eden space 16640K, 55% used [0xe3f80000,0xe488cf70,0xe4fc0000)
  from space 2560K, 0% used [0xe5240000,0xe5240000,0xe54c0000)
  to   space 2560K, 0% used [0xe4fc0000,0xe4fc0000,0xe5240000)
 ParOldGen       total 43776K, used 0K [0xdea00000, 0xe14c0000, 0xe3f80000)
  object space 43776K, 0% used [0xdea00000,0xdea00000,0xe14c0000)
 Metaspace       used 4336K, capacity 4506K, committed 4632K, reserved 5424K

Card table byte_map: [0xe6ab9000,0xe6afa000] byte_map_base: 0xe63c4000

Marking Bits: (ParMarkBitMap*) 0xf7ba3e60
 Begin Bits: [0xddf00000, 0xde100000)
 End Bits:   [0xde100000, 0xde300000)

Polling page: 0xf7fee000

CodeCache: size=245760Kb used=1317Kb max_used=1317Kb free=244442Kb
 bounds [0xe6eba000, 0xe70fa000, 0xf5eba000]
 total_blobs=592 nmethods=407 adapters=99
 compilation: enabled

Compilation events (10 events):
Event: 0.294 Thread 0x08928000  402       3       java.nio.charset.CharsetDecoder::maxCharsPerByte (5 bytes)
Event: 0.294 Thread 0x08928000 nmethod 402 0xe7001288 code [0xe70013a0, 0xe7001480]
Event: 0.294 Thread 0x08928000  406       3       java.net.URL::isBuiltinStreamHandler (29 bytes)
Event: 0.294 Thread 0x08928000 nmethod 406 0xe7001508 code [0xe70016e0, 0xe7002270]
Event: 0.294 Thread 0x08928000  407       3       java.net.URL::isBuiltinStreamHandler (7 bytes)
Event: 0.294 Thread 0x08928000 nmethod 407 0xe70028c8 code [0xe70029e0, 0xe7002c0c]
Event: 0.294 Thread 0x08928000  401       3       java.util.Locale::getDefault (4 bytes)
Event: 0.294 Thread 0x08928000 nmethod 401 0xe7002d08 code [0xe7002e20, 0xe7002ee0]
Event: 0.302 Thread 0x08926c00  417       4       java.lang.String::replace (127 bytes)
Event: 0.302 Thread 0x08928000  415       1       java.util.zip.ZStreamRef::address (5 bytes)

GC Heap History (0 events):
No events

Deoptimization events (4 events):
Event: 0.107 Thread 0x086e0400 Uncommon trap: reason=unstable_if action=reinterpret pc=0xe6f76778 method=java.lang.String.indexOf(II)I @ 49
Event: 0.154 Thread 0x086e0400 Uncommon trap: reason=unstable_if action=reinterpret pc=0xe6f9c004 method=java.lang.String.startsWith(Ljava/lang/String;I)Z @ 25
Event: 0.202 Thread 0x086e0400 Uncommon trap: reason=unstable_if action=reinterpret pc=0xe6f7bf74 method=java.lang.CharacterDataLatin1.digit(II)I @ 82
Event: 0.220 Thread 0x086e0400 Uncommon trap: reason=unstable_if action=reinterpret pc=0xe6fcef90 method=java.lang.String.replace(CC)Ljava/lang/String; @ 26

Classes redefined (0 events):
No events

Internal exceptions (10 events):
Event: 0.162 Thread 0x086e0400 Exception <a 'java/security/PrivilegedActionException'> (0xe43c6568) thrown at [/scratch/jenkins/workspace/8-2-build-linux-i586/jdk8u281/880/hotspot/src/share/vm/prims/jvm.cpp, line 1512]
Event: 0.162 Thread 0x086e0400 Exception <a 'java/security/PrivilegedActionException'> (0xe43c6768) thrown at [/scratch/jenkins/workspace/8-2-build-linux-i586/jdk8u281/880/hotspot/src/share/vm/prims/jvm.cpp, line 1512]
Event: 0.162 Thread 0x086e0400 Exception <a 'java/security/PrivilegedActionException'> (0xe43c71c8) thrown at [/scratch/jenkins/workspace/8-2-build-linux-i586/jdk8u281/880/hotspot/src/share/vm/prims/jvm.cpp, line 1512]
Event: 0.162 Thread 0x086e0400 Exception <a 'java/security/PrivilegedActionException'> (0xe43c73c8) thrown at [/scratch/jenkins/workspace/8-2-build-linux-i586/jdk8u281/880/hotspot/src/share/vm/prims/jvm.cpp, line 1512]
Event: 0.162 Thread 0x086e0400 Exception <a 'java/security/PrivilegedActionException'> (0xe43c7e28) thrown at [/scratch/jenkins/workspace/8-2-build-linux-i586/jdk8u281/880/hotspot/src/share/vm/prims/jvm.cpp, line 1512]
Event: 0.162 Thread 0x086e0400 Exception <a 'java/security/PrivilegedActionException'> (0xe43c8028) thrown at [/scratch/jenkins/workspace/8-2-build-linux-i586/jdk8u281/880/hotspot/src/share/vm/prims/jvm.cpp, line 1512]
Event: 0.192 Thread 0x086e0400 Exception <a 'java/lang/NoSuchFieldError': method resolution failed> (0xe44d0e30) thrown at [/scratch/jenkins/workspace/8-2-build-linux-i586/jdk8u281/880/hotspot/src/share/vm/prims/methodHandles.cpp, line 1169]
Event: 0.194 Thread 0x086e0400 Exception <a 'java/lang/NoSuchFieldError': method resolution failed> (0xe44dcfb0) thrown at [/scratch/jenkins/workspace/8-2-build-linux-i586/jdk8u281/880/hotspot/src/share/vm/prims/methodHandles.cpp, line 1169]
Event: 0.219 Thread 0x086e0400 Exception <a 'java/io/FileNotFoundException'> (0xe4555ba8) thrown at [/scratch/jenkins/workspace/8-2-build-linux-i586/jdk8u281/880/hotspot/src/share/vm/prims/jni.cpp, line 710]
Event: 0.220 Thread 0x086e0400 Exception <a 'java/io/FileNotFoundException'> (0xe4587810) thrown at [/scratch/jenkins/workspace/8-2-build-linux-i586/jdk8u281/880/hotspot/src/share/vm/prims/jni.cpp, line 710]

Events (10 events):
Event: 0.305 loading class KXCALLKIX
Event: 0.305 loading class KXCALLKIX done
Event: 0.306 loading class java/net/URI
Event: 0.306 loading class java/net/URI done
Event: 0.306 loading class java/net/URI$Parser
Event: 0.306 loading class java/net/URI$Parser done
Event: 0.306 loading class KXCALLKIX
Event: 0.306 loading class KXCALLKIX done
Event: 0.307 loading class kxcallkix
Event: 0.307 loading class kxcallkix done


Dynamic libraries:
08048000-08049000 r-xp 00000000 08:10 4194405                            /apps/mtp/TPE16.0.2/bin/unikixtran
08049000-0804a000 r--p 00000000 08:10 4194405                            /apps/mtp/TPE16.0.2/bin/unikixtran
0804a000-0804b000 rw-p 00001000 08:10 4194405                            /apps/mtp/TPE16.0.2/bin/unikixtran
086b6000-08d91000 rw-p 00000000 00:00 0                                  [heap]
20000000-50000000 rw-s 00000000 00:01 3                                  /SYSV010a037b (deleted)
50002000-80002000 rw-s 00000000 00:01 4                                  /SYSV00000000 (deleted)
80004000-80a2c000 rw-s 00000000 00:01 5                                  /SYSV00000000 (deleted)
80a2e000-80a5c000 rw-s 00000000 00:01 6                                  /SYSV00000000 (deleted)
80a5e000-82a5f000 rw-s 00000000 00:01 7                                  /SYSV00000000 (deleted)
dcb00000-dcb3a000 rw-p 00000000 00:00 0 
dcb3a000-dcc00000 ---p 00000000 00:00 0 
dcc78000-dcc7a000 r-xp 00000000 08:10 4195244                            /apps/mtp/TPE16.0.2/lib/libkxusrexit.so
dcc7a000-dcc7b000 r--p 00001000 08:10 4195244                            /apps/mtp/TPE16.0.2/lib/libkxusrexit.so
dcc7b000-dcc7c000 rw-p 00002000 08:10 4195244                            /apps/mtp/TPE16.0.2/lib/libkxusrexit.so
dcc7c000-dccbd000 rw-p 00000000 00:00 0 
dccbd000-dcd7d000 ---p 00000000 00:00 0 
dcd7d000-dcd7e000 ---p 00000000 00:00 0 
dcd7e000-dcdfe000 rw-p 00000000 00:00 0 
dcdfe000-dce01000 ---p 00000000 00:00 0 
dce01000-dceff000 rw-p 00000000 00:00 0 
dceff000-dcf02000 ---p 00000000 00:00 0 
dcf02000-dd000000 rw-p 00000000 00:00 0 
dd000000-dd100000 rw-p 00000000 00:00 0 
dd102000-dd103000 r--s 00002000 08:10 4195716                            /apps/mtp/TPE16.0.2/axis2/axis2-1.7.8/lib/geronimo-annotation_1.0_spec-1.1.jar
dd103000-dd108000 r--s 0005f000 08:10 4195644                            /apps/mtp/TPE16.0.2/axis2/axis2-1.7.8/lib/jibx-bind-1.2.jar
dd108000-dd109000 r--s 00003000 08:10 4195645                            /apps/mtp/TPE16.0.2/axis2/axis2-1.7.8/lib/axis2-spring-1.7.8.jar
dd109000-dd10c000 r--s 0000f000 08:10 4195615                            /apps/mtp/TPE16.0.2/axis2/axis2-1.7.8/lib/commons-fileupload-1.3.3.jar
dd10c000-dd117000 r--s 0005d000 08:10 4195611                            /apps/mtp/TPE16.0.2/axis2/axis2-1.7.8/lib/axiom-api-1.2.20.jar
dd117000-dd11b000 r--s 00034000 08:10 4195652                            /apps/mtp/TPE16.0.2/axis2/axis2-1.7.8/lib/tribes-6.0.16.jar
dd11b000-dd11f000 r--s 00029000 08:10 4195612                            /apps/mtp/TPE16.0.2/axis2/axis2-1.7.8/lib/stax2-api-3.1.1.jar
dd11f000-dd144000 r--s 001d7000 08:10 4195688                            /apps/mtp/TPE16.0.2/axis2/axis2-1.7.8/lib/jaxb-xjc-2.2.6.jar
dd144000-dd146000 r--s 00013000 08:10 4195719                            /apps/mtp/TPE16.0.2/axis2/axis2-1.7.8/lib/xml-resolver-1.2.jar
dd146000-dd148000 r--s 00003000 08:10 4195685                            /apps/mtp/TPE16.0.2/axis2/axis2-1.7.8/lib/axis2-fastinfoset-1.7.8.jar
dd148000-dd14c000 r--s 00015000 08:10 4195687                            /apps/mtp/TPE16.0.2/axis2/axis2-1.7.8/lib/jaxb-api-2.2.6.jar
dd14c000-dd14d000 r--s 00005000 08:10 4195654                            /apps/mtp/TPE16.0.2/axis2/axis2-1.7.8/lib/axis2-ant-plugin-1.7.8.jar
dd14d000-dd14f000 r--s 00009000 08:10 4195621                            /apps/mtp/TPE16.0.2/axis2/axis2-1.7.8/lib/commons-cli-1.2.jar
dd14f000-dd15c000 r--s 000aa000 08:10 4195708                            /apps/mtp/TPE16.0.2/axis2/axis2-1.7.8/lib/httpclient-4.5.3.jar
dd15c000-dd16d000 r--s 00136000 08:10 4195663                            /apps/mtp/TPE16.0.2/axis2/axis2-1.7.8/lib/jalopy-1.5rc3.jar
dd16d000-dd170000 r--s 00015000 08:10 4195675                            /apps/mtp/TPE16.0.2/axis2/axis2-1.7.8/lib/apache-mime4j-core-0.7.2.jar
dd170000-dd172000 r--s 0000b000 08:10 4195662                            /apps/mtp/TPE16.0.2/axis2/axis2-1.7.8/lib/axis2-transport-xmpp-1.7.8.jar
dd172000-dd179000 r--s 00059000 08:10 4195624                            /apps/mtp/TPE16.0.2/axis2/axis2-1.7.8/lib/log4j-1.2.15.jar
dd179000-dd17b000 r--s 00006000 08:10 4195679                            /apps/mtp/TPE16.0.2/axis2/axis2-1.7.8/lib/commons-codec-1.2.jar
dd17b000-dd17e000 r--s 00017000 08:10 4195658                            /apps/mtp/TPE16.0.2/axis2/axis2-1.7.8/lib/axis2-transport-base-1.7.8.jar
dd17e000-dd17f000 ---p 00000000 00:00 0 
dd17f000-dd182000 ---p 00000000 00:00 0 
dd182000-dd1ff000 rw-p 00000000 00:00 0 
dd1ff000-dd202000 ---p 00000000 00:00 0 
dd202000-dd300000 rw-p 00000000 00:00 0 
dd300000-dd34f000 rw-p 00000000 00:00 0 
dd34f000-dd400000 ---p 00000000 00:00 0 
dd400000-dd405000 r--s 00020000 08:10 4195677                            /apps/mtp/TPE16.0.2/axis2/axis2-1.7.8/lib/wsdl4j-1.6.2.jar
dd405000-dd407000 r--s 00006000 08:10 4195649                            /apps/mtp/TPE16.0.2/axis2/axis2-1.7.8/lib/geronimo-saaj_1.3_spec-1.0.1.jar
dd407000-dd409000 r--s 00007000 08:10 4195655                            /apps/mtp/TPE16.0.2/axis2/axis2-1.7.8/lib/mex-1.7.8-impl.jar
dd409000-dd40b000 r--s 00003000 08:10 4195686                            /apps/mtp/TPE16.0.2/axis2/axis2-1.7.8/lib/axiom-jaxb-1.2.20.jar
dd40b000-dd415000 r--s 00082000 08:10 4195676                            /apps/mtp/TPE16.0.2/axis2/axis2-1.7.8/lib/axiom-impl-1.2.20.jar
dd415000-dd41e000 r--s 00062000 08:10 4195650                            /apps/mtp/TPE16.0.2/axis2/axis2-1.7.8/lib/axis2-metadata-1.7.8.jar
dd41e000-dd420000 r--s 00007000 08:10 4195646                            /apps/mtp/TPE16.0.2/axis2/axis2-1.7.8/lib/axis2-soapmonitor-servlet-1.7.8.jar
dd420000-dd421000 r--s 00003000 08:10 4195614                            /apps/mtp/TPE16.0.2/axis2/axis2-1.7.8/lib/geronimo-jta_1.1_spec-1.1.jar
dd421000-dd423000 r--s 0000e000 08:10 4195659                            /apps/mtp/TPE16.0.2/axis2/axis2-1.7.8/lib/activation-1.1.jar
dd423000-dd425000 r--s 0000c000 08:10 4195682                            /apps/mtp/TPE16.0.2/axis2/axis2-1.7.8/lib/axis2-json-1.7.8.jar
dd425000-dd463000 r--s 0025d000 08:10 4195622                            /apps/mtp/TPE16.0.2/axis2/axis2-1.7.8/lib/xmlbeans-2.6.0.jar
dd463000-dd465000 r--s 00006000 08:10 4195647                            /apps/mtp/TPE16.0.2/axis2/axis2-1.7.8/lib/axis2-jaxbri-1.7.8.jar
dd465000-dd467000 r--s 00004000 08:10 4195661                            /apps/mtp/TPE16.0.2/axis2/axis2-1.7.8/lib/axis2-transport-udp-1.7.8.jar
dd467000-dd46b000 r--s 00028000 08:10 4195684                            /apps/mtp/TPE16.0.2/axis2/axis2-1.7.8/lib/gson-2.1.jar
dd46b000-dd46d000 r--s 00012000 08:10 4195689                            /apps/mtp/TPE16.0.2/axis2/axis2-1.7.8/lib/axis2-transport-jms-1.7.8.jar
dd46d000-dd46f000 r--s 0002b000 08:10 4195710                            /apps/mtp/TPE16.0.2/axis2/axis2-1.7.8/lib/axis2-adb-codegen-1.7.8.jar
dd46f000-dd475000 r--s 00070000 08:10 4195639                            /apps/mtp/TPE16.0.2/axis2/axis2-1.7.8/lib/woodstox-core-asl-4.2.0.jar
dd475000-dd47e000 r--s 00097000 08:10 4195620                            /apps/mtp/TPE16.0.2/axis2/axis2-1.7.8/lib/axis2-adb-1.7.8.jar
dd47e000-dd47f000 ---p 00000000 00:00 0 
dd47f000-dd482000 ---p 00000000 00:00 0 
dd482000-dd4ff000 rw-p 00000000 00:00 0 
dd4ff000-dd502000 ---p 00000000 00:00 0 
dd502000-dd600000 rw-p 00000000 00:00 0 
dd600000-dd6b5000 rw-p 00000000 00:00 0 
dd6b5000-dd700000 ---p 00000000 00:00 0 
dd700000-dd701000 r--s 00006000 08:10 4195660                            /apps/mtp/TPE16.0.2/axis2/axis2-1.7.8/lib/axis2-transport-tcp-1.7.8.jar
dd701000-dd705000 r--s 00026000 08:10 4195617                            /apps/mtp/TPE16.0.2/axis2/axis2-1.7.8/lib/xmlschema-core-2.2.1.jar
dd705000-dd706000 r--s 00007000 08:10 4195636                            /apps/mtp/TPE16.0.2/axis2/axis2-1.7.8/lib/axis2-java2wsdl-1.7.8.jar
dd706000-dd71c000 r--s 000fa000 08:10 4195648                            /apps/mtp/TPE16.0.2/axis2/axis2-1.7.8/lib/jaxb-impl-2.2.6.jar
dd71c000-dd71e000 r--s 00010000 08:10 4195640                            /apps/mtp/TPE16.0.2/axis2/axis2-1.7.8/lib/neethi-3.0.3.jar
dd71e000-dd721000 r--s 00013000 08:10 4195683                            /apps/mtp/TPE16.0.2/axis2/axis2-1.7.8/lib/jettison-1.3.8.jar
dd721000-dd727000 r--s 00033000 08:10 4195638                            /apps/mtp/TPE16.0.2/axis2/axis2-1.7.8/lib/jaxen-1.1.6.jar
dd727000-dd728000 r--s 00003000 08:10 4195613                            /apps/mtp/TPE16.0.2/axis2/axis2-1.7.8/lib/geronimo-ws-metadata_2.0_spec-1.1.2.jar
dd728000-dd72a000 r--s 00008000 08:10 4195712                            /apps/mtp/TPE16.0.2/axis2/axis2-1.7.8/lib/axis2-jibx-1.7.8.jar
dd72a000-dd72b000 r--s 00004000 08:10 4195653                            /apps/mtp/TPE16.0.2/axis2/axis2-1.7.8/lib/juli-6.0.16.jar
dd72b000-dd72d000 r--s 00003000 08:10 4195642                            /apps/mtp/TPE16.0.2/axis2/axis2-1.7.8/lib/axis2-transport-local-1.7.8.jar
dd72d000-dd730000 r--s 00023000 08:10 4195656                            /apps/mtp/TPE16.0.2/axis2/axis2-1.7.8/lib/axis2-corba-1.7.8.jar
dd730000-dd735000 r--s 00068000 08:10 4195623                            /apps/mtp/TPE16.0.2/axis2/axis2-1.7.8/lib/antlr-2.7.7.jar
dd735000-dd737000 r--s 0000a000 08:10 4195618                            /apps/mtp/TPE16.0.2/axis2/axis2-1.7.8/lib/jsr311-api-1.1.1.jar
dd737000-dd755000 r--s 0027d000 08:10 4195720                            /apps/mtp/TPE16.0.2/axis2/axis2-1.7.8/lib/xalan-2.7.0.jar
dd755000-dd756000 ---p 00000000 00:00 0 
dd756000-dd759000 ---p 00000000 00:00 0 
dd759000-dd7d6000 rw-p 00000000 00:00 0 
dd7d6000-dd7d7000 ---p 00000000 00:00 0 
dd7d7000-dd857000 rw-p 00000000 00:00 0 
dd857000-dda34000 r--s 03dd0000 fd:00 203051326                          /usr/java/jdk1.8.0_281-i586/jre/lib/rt.jar
dda34000-dde7a000 rw-p 00000000 00:00 0 
dde7a000-dde80000 ---p 00000000 00:00 0 
dde80000-de300000 rw-p 00000000 00:00 0 
de300000-de321000 rw-p 00000000 00:00 0 
de321000-de400000 ---p 00000000 00:00 0 
de400000-de403000 r--s 0000c000 08:10 4195717                            /apps/mtp/TPE16.0.2/axis2/axis2-1.7.8/lib/geronimo-jaxws_2.2_spec-1.0.jar
de403000-de408000 r--s 0003b000 08:10 4195709                            /apps/mtp/TPE16.0.2/axis2/axis2-1.7.8/lib/axis2-codegen-1.7.8.jar
de408000-de409000 r--s 00003000 08:10 4195657                            /apps/mtp/TPE16.0.2/axis2/axis2-1.7.8/lib/axis2-mtompolicy-1.7.8.jar
de409000-de412000 r--s 00053000 08:10 4195641                            /apps/mtp/TPE16.0.2/axis2/axis2-1.7.8/lib/woden-core-1.0M10.jar
de412000-de41d000 r--s 000c2000 08:10 4195643                            /apps/mtp/TPE16.0.2/axis2/axis2-1.7.8/lib/jaxws-tools-2.2.6.jar
de41d000-de420000 r--s 00025000 08:10 4195616                            /apps/mtp/TPE16.0.2/axis2/axis2-1.7.8/lib/commons-io-2.1.jar
de420000-de47f000 r--s 003fa000 fd:00 68304515                           /opt/lib/cobol/NTT_DATA_COBOL_6.0/lib/dependencies/bcprov-jdk15on-162.jar
de47f000-de480000 ---p 00000000 00:00 0 
de480000-de500000 rw-p 00000000 00:00 0 
de500000-de521000 rw-p 00000000 00:00 0 
de521000-de600000 ---p 00000000 00:00 0 
de600000-de602000 r--s 00009000 08:10 4195690                            /apps/mtp/TPE16.0.2/axis2/axis2-1.7.8/lib/axis2-transport-mail-1.7.8.jar
de602000-de60e000 r--s 000a3000 08:10 4195681                            /apps/mtp/TPE16.0.2/axis2/axis2-1.7.8/lib/axiom-dom-1.2.20.jar
de60e000-de618000 r--s 0008c000 08:10 4195714                            /apps/mtp/TPE16.0.2/axis2/axis2-1.7.8/lib/bcel-findbugs-6.0.jar
de618000-de61e000 r--s 00059000 08:10 4195691                            /apps/mtp/TPE16.0.2/axis2/axis2-1.7.8/lib/mail-1.4.jar
de61e000-de620000 r--s 0000d000 08:10 4195637                            /apps/mtp/TPE16.0.2/axis2/axis2-1.7.8/lib/commons-logging-1.1.1.jar
de620000-de62e000 r--s 000aa000 08:10 4195715                            /apps/mtp/TPE16.0.2/axis2/axis2-1.7.8/lib/axis2-jaxws-1.7.8.jar
de62e000-de631000 r--s 00018000 08:10 4195651                            /apps/mtp/TPE16.0.2/axis2/axis2-1.7.8/lib/axis2-clustering-1.7.8.jar
de631000-de634000 r--s 0001d000 08:10 4195713                            /apps/mtp/TPE16.0.2/axis2/axis2-1.7.8/lib/jibx-run-1.2.jar
de634000-de637000 r--s 00028000 08:10 4195678                            /apps/mtp/TPE16.0.2/axis2/axis2-1.7.8/lib/axis2-transport-http-1.7.8.jar
de637000-de63d000 r--s 00045000 08:10 4195680                            /apps/mtp/TPE16.0.2/axis2/axis2-1.7.8/lib/commons-httpclient-3.1.jar
de63d000-de645000 r--s 00048000 08:10 4195619                            /apps/mtp/TPE16.0.2/axis2/axis2-1.7.8/lib/httpcore-4.4.6.jar
de645000-de647000 r--s 00015000 08:10 4195718                            /apps/mtp/TPE16.0.2/axis2/axis2-1.7.8/lib/axis2-saaj-1.7.8.jar
de647000-de654000 r--s 000ee000 08:10 4195707                            /apps/mtp/TPE16.0.2/axis2/axis2-1.7.8/lib/axis2-kernel-1.7.8.jar
de654000-de668000 r--s 000c1000 fd:00 68304514                           /opt/lib/cobol/NTT_DATA_COBOL_6.0/lib/dependencies/bcpkix-jdk15on-162.jar
de668000-de67f000 r--s 0013e000 fd:00 2424346                            /opt/lib/cobol/NTT_DATA_COBOL_6.0/lib/vcobol-runtime.jar
de67f000-de680000 ---p 00000000 00:00 0 
de680000-de700000 rw-p 00000000 00:00 0 
de700000-de721000 rw-p 00000000 00:00 0 
de721000-de800000 ---p 00000000 00:00 0 
de800000-de821000 rw-p 00000000 00:00 0 
de821000-de900000 ---p 00000000 00:00 0 
de900000-de902000 r--s 00006000 08:10 4195674                            /apps/mtp/TPE16.0.2/axis2/axis2-1.7.8/lib/geronimo-stax-api_1.0_spec-1.0.1.jar
de902000-de904000 r--s 00006000 08:10 4195711                            /apps/mtp/TPE16.0.2/axis2/axis2-1.7.8/lib/axis2-xmlbeans-1.7.8.jar
de904000-de907000 r--s 00018000 fd:00 68304513                           /opt/lib/cobol/NTT_DATA_COBOL_6.0/lib/dependencies/bcmail-jdk15on-162.jar
de907000-de908000 r--s 00007000 08:10 4195233                            /apps/mtp/TPE16.0.2/lib/transutil.jar
de908000-de971000 r-xp 00000000 fd:00 2424358                            /opt/lib/cobol/NTT_DATA_COBOL_6.0/native/lib/libvcobol.so
de971000-de972000 r--p 00068000 fd:00 2424358                            /opt/lib/cobol/NTT_DATA_COBOL_6.0/native/lib/libvcobol.so
de972000-de973000 rw-p 00069000 fd:00 2424358                            /opt/lib/cobol/NTT_DATA_COBOL_6.0/native/lib/libvcobol.so
de973000-de975000 r-xp 00000000 08:10 4195225                            /apps/mtp/TPE16.0.2/lib/liblang_vcobol.so
de975000-de976000 r--p 00001000 08:10 4195225                            /apps/mtp/TPE16.0.2/lib/liblang_vcobol.so
de976000-de977000 rw-p 00002000 08:10 4195225                            /apps/mtp/TPE16.0.2/lib/liblang_vcobol.so
de977000-de97b000 r--s 00075000 08:10 4195231                            /apps/mtp/TPE16.0.2/lib/kixsysapi.jar
de97b000-de97f000 r--s 00022000 08:10 4195232                            /apps/mtp/TPE16.0.2/lib/dfjcics.jar
de97f000-de980000 ---p 00000000 00:00 0 
de980000-e14c0000 rw-p 00000000 00:00 0 
e14c0000-e3f80000 ---p 00000000 00:00 0 
e3f80000-e54c0000 rw-p 00000000 00:00 0 
e54c0000-e6a00000 ---p 00000000 00:00 0 
e6a00000-e6a01000 r--p 00000000 fd:00 134305721                          /usr/lib/locale/en_US/LC_NUMERIC
e6a01000-e6a02000 r--p 00000000 fd:00 134305710                          /usr/lib/locale/en_US/LC_TIME
e6a02000-e6a08000 r--p 00000000 fd:00 134305717                          /usr/lib/locale/en_US/LC_COLLATE
e6a08000-e6a09000 r--p 00000000 fd:00 134305708                          /usr/lib/locale/en_US/LC_MONETARY
e6a09000-e6a0a000 r--p 00000000 fd:00 68251861                           /usr/lib/locale/en_US/LC_MESSAGES/SYS_LC_MESSAGES
e6a0a000-e6a0b000 r--p 00000000 fd:00 134305725                          /usr/lib/locale/en_US/LC_PAPER
e6a0b000-e6a0c000 r--p 00000000 fd:00 134305726                          /usr/lib/locale/en_US/LC_NAME
e6a0c000-e6a0d000 r--p 00000000 fd:00 134305703                          /usr/lib/locale/en_US/LC_ADDRESS
e6a0d000-e6a0e000 ---p 00000000 00:00 0 
e6a0e000-e6aa4000 rw-p 00000000 00:00 0 
e6aa4000-e6ab9000 ---p 00000000 00:00 0 
e6ab9000-e6acf000 rw-p 00000000 00:00 0 
e6acf000-e6ae3000 ---p 00000000 00:00 0 
e6ae3000-e6aef000 rw-p 00000000 00:00 0 
e6aef000-e6af9000 ---p 00000000 00:00 0 
e6af9000-e6b03000 rw-p 00000000 00:00 0 
e6b03000-e6eba000 ---p 00000000 00:00 0 
e6eba000-e70fa000 rwxp 00000000 00:00 0 
e70fa000-f5eba000 ---p 00000000 00:00 0 
f5eba000-f5ed5000 r-xp 00000000 fd:00 137647970                          /usr/java/jdk1.8.0_281-i586/jre/lib/i386/libzip.so
f5ed5000-f5ed6000 r--p 0001a000 fd:00 137647970                          /usr/java/jdk1.8.0_281-i586/jre/lib/i386/libzip.so
f5ed6000-f5ed7000 rw-p 0001b000 fd:00 137647970                          /usr/java/jdk1.8.0_281-i586/jre/lib/i386/libzip.so
f5ed7000-f5efe000 r-xp 00000000 fd:00 137303138                          /usr/java/jdk1.8.0_281-i586/jre/lib/i386/libjava.so
f5efe000-f5eff000 r--p 00026000 fd:00 137303138                          /usr/java/jdk1.8.0_281-i586/jre/lib/i386/libjava.so
f5eff000-f5f00000 rw-p 00027000 fd:00 137303138                          /usr/java/jdk1.8.0_281-i586/jre/lib/i386/libjava.so
f5f00000-f5f0b000 r-xp 00000000 fd:00 137647969                          /usr/java/jdk1.8.0_281-i586/jre/lib/i386/libverify.so
f5f0b000-f5f0c000 ---p 0000b000 fd:00 137647969                          /usr/java/jdk1.8.0_281-i586/jre/lib/i386/libverify.so
f5f0c000-f5f0d000 r--p 0000b000 fd:00 137647969                          /usr/java/jdk1.8.0_281-i586/jre/lib/i386/libverify.so
f5f0d000-f5f0e000 rw-p 0000c000 fd:00 137647969                          /usr/java/jdk1.8.0_281-i586/jre/lib/i386/libverify.so
f5f0e000-f5f0f000 ---p 00000000 00:00 0 
f5f0f000-f670f000 rw-p 00000000 00:00 0 
f670f000-f671b000 r-xp 00000000 fd:00 134838610                          /usr/lib/libnss_files-2.28.so
f671b000-f671c000 r--p 0000b000 fd:00 134838610                          /usr/lib/libnss_files-2.28.so
f671c000-f671d000 rw-p 0000c000 fd:00 134838610                          /usr/lib/libnss_files-2.28.so
f671d000-f6723000 rw-p 00000000 00:00 0 
f6723000-f6724000 r--p 00000000 fd:00 134305709                          /usr/lib/locale/en_US/LC_TELEPHONE
f6724000-f6725000 r--p 00000000 fd:00 134305707                          /usr/lib/locale/en_US/LC_MEASUREMENT
f6725000-f6728000 rw-p 00000000 00:00 0 
f6728000-f6730000 rw-s 00000000 fd:00 134969073                          /tmp/hsperfdata_mtpadmin/262473
f6730000-f6731000 r-xp 00000000 08:10 4195246                            /apps/mtp/TPE16.0.2/lib/libkixpli.so
f6731000-f6732000 r--p 00000000 08:10 4195246                            /apps/mtp/TPE16.0.2/lib/libkixpli.so
f6732000-f6733000 rw-p 00001000 08:10 4195246                            /apps/mtp/TPE16.0.2/lib/libkixpli.so
f6733000-f6734000 r-xp 00000000 08:10 4195242                            /apps/mtp/TPE16.0.2/lib/libkxtermexit.so
f6734000-f6735000 r--p 00000000 08:10 4195242                            /apps/mtp/TPE16.0.2/lib/libkxtermexit.so
f6735000-f6736000 rw-p 00001000 08:10 4195242                            /apps/mtp/TPE16.0.2/lib/libkxtermexit.so
f6736000-f674c000 r-xp 00000000 08:10 4195235                            /apps/mtp/TPE16.0.2/lib/libkxsecexit.so
f674c000-f674d000 r--p 00015000 08:10 4195235                            /apps/mtp/TPE16.0.2/lib/libkxsecexit.so
f674d000-f674e000 rw-p 00016000 08:10 4195235                            /apps/mtp/TPE16.0.2/lib/libkxsecexit.so
f674e000-f6754000 rw-p 00000000 00:00 0 
f6754000-f6756000 r-xp 00000000 08:10 4195223                            /apps/mtp/TPE16.0.2/lib/liblang_dyn.so
f6756000-f6757000 r--p 00001000 08:10 4195223                            /apps/mtp/TPE16.0.2/lib/liblang_dyn.so
f6757000-f6758000 rw-p 00002000 08:10 4195223                            /apps/mtp/TPE16.0.2/lib/liblang_dyn.so
f6758000-f6760000 r-xp 00000000 fd:00 134838616                          /usr/lib/librt-2.28.so
f6760000-f6761000 r--p 00007000 fd:00 134838616                          /usr/lib/librt-2.28.so
f6761000-f6762000 rw-p 00008000 fd:00 134838616                          /usr/lib/librt-2.28.so
f6762000-f6763000 r-xp 00000000 08:10 4195227                            /apps/mtp/TPE16.0.2/lib/libkxrm.so
f6763000-f6764000 r--p 00000000 08:10 4195227                            /apps/mtp/TPE16.0.2/lib/libkxrm.so
f6764000-f6765000 rw-p 00001000 08:10 4195227                            /apps/mtp/TPE16.0.2/lib/libkxrm.so
f6765000-f6767000 rw-p 00000000 00:00 0 
f6767000-f6772000 r-xp 00000000 08:10 4195224                            /apps/mtp/TPE16.0.2/lib/libkxtm.so
f6772000-f6773000 r--p 0000a000 08:10 4195224                            /apps/mtp/TPE16.0.2/lib/libkxtm.so
f6773000-f6774000 rw-p 0000b000 08:10 4195224                            /apps/mtp/TPE16.0.2/lib/libkxtm.so
f6774000-f6782000 r-xp 00000000 08:10 4195230                            /apps/mtp/TPE16.0.2/lib/libkxtables.so
f6782000-f6783000 r--p 0000d000 08:10 4195230                            /apps/mtp/TPE16.0.2/lib/libkxtables.so
f6783000-f6784000 rw-p 0000e000 08:10 4195230                            /apps/mtp/TPE16.0.2/lib/libkxtables.so
f6784000-f67a5000 r-xp 00000000 fd:00 136722898                          /usr/lib/libcrypt.so.1.1.0
f67a5000-f67a6000 r--p 00020000 fd:00 136722898                          /usr/lib/libcrypt.so.1.1.0
f67a6000-f67af000 rw-p 00000000 00:00 0 
f67af000-f67cb000 r-xp 00000000 fd:00 134838612                          /usr/lib/libpthread-2.28.so
f67cb000-f67cc000 r--p 0001b000 fd:00 134838612                          /usr/lib/libpthread-2.28.so
f67cc000-f67cd000 rw-p 0001c000 fd:00 134838612                          /usr/lib/libpthread-2.28.so
f67cd000-f67cf000 rw-p 00000000 00:00 0 
f67cf000-f689f000 r-xp 00000000 fd:00 134838604                          /usr/lib/libm-2.28.so
f689f000-f68a0000 r--p 000cf000 fd:00 134838604                          /usr/lib/libm-2.28.so
f68a0000-f68a1000 rw-p 000d0000 fd:00 134838604                          /usr/lib/libm-2.28.so
f68a1000-f68a4000 r-xp 00000000 fd:00 134838602                          /usr/lib/libdl-2.28.so
f68a4000-f68a5000 r--p 00002000 fd:00 134838602                          /usr/lib/libdl-2.28.so
f68a5000-f68a6000 rw-p 00003000 fd:00 134838602                          /usr/lib/libdl-2.28.so
f68a6000-f6a47000 r-xp 00000000 fd:00 134838600                          /usr/lib/libc-2.28.so
f6a47000-f6a48000 ---p 001a1000 fd:00 134838600                          /usr/lib/libc-2.28.so
f6a48000-f6a4a000 r--p 001a1000 fd:00 134838600                          /usr/lib/libc-2.28.so
f6a4a000-f6a4b000 rw-p 001a3000 fd:00 134838600                          /usr/lib/libc-2.28.so
f6a4b000-f6a4e000 rw-p 00000000 00:00 0 
f6a4e000-f6a4f000 r--p 00000000 fd:00 134305704                          /usr/lib/locale/en_US/LC_IDENTIFICATION
f6a4f000-f6a50000 rw-p 00000000 00:00 0 
f6a50000-f6a51000 r-xp 00000000 08:10 4195273                            /apps/mtp/TPE16.0.2/lib/libkxsockexit.so
f6a51000-f6a52000 r--p 00000000 08:10 4195273                            /apps/mtp/TPE16.0.2/lib/libkxsockexit.so
f6a52000-f6a53000 rw-p 00001000 08:10 4195273                            /apps/mtp/TPE16.0.2/lib/libkxsockexit.so
f6a53000-f6a55000 r-xp 00000000 08:10 4195272                            /apps/mtp/TPE16.0.2/lib/libkxiscexit.so
f6a55000-f6a56000 r--p 00001000 08:10 4195272                            /apps/mtp/TPE16.0.2/lib/libkxiscexit.so
f6a56000-f6a57000 rw-p 00002000 08:10 4195272                            /apps/mtp/TPE16.0.2/lib/libkxiscexit.so
f6a57000-f6a59000 r-xp 00000000 08:10 4195271                            /apps/mtp/TPE16.0.2/lib/libkxconvexit.so
f6a59000-f6a5a000 r--p 00001000 08:10 4195271                            /apps/mtp/TPE16.0.2/lib/libkxconvexit.so
f6a5a000-f6a5b000 rw-p 00002000 08:10 4195271                            /apps/mtp/TPE16.0.2/lib/libkxconvexit.so
f6a5b000-f6d22000 r-xp 00000000 08:10 4195270                            /apps/mtp/TPE16.0.2/lib/libunikixtran.so
f6d22000-f6d23000 r--p 002c6000 08:10 4195270                            /apps/mtp/TPE16.0.2/lib/libunikixtran.so
f6d23000-f6d40000 rw-p 002c7000 08:10 4195270                            /apps/mtp/TPE16.0.2/lib/libunikixtran.so
f6d40000-f6fa8000 rw-p 00000000 00:00 0 
f6fa8000-f7b2b000 r-xp 00000000 fd:00 68223427                           /usr/java/jdk1.8.0_281-i586/jre/lib/i386/server/libjvm.so
f7b2b000-f7b2c000 ---p 00b83000 fd:00 68223427                           /usr/java/jdk1.8.0_281-i586/jre/lib/i386/server/libjvm.so
f7b2c000-f7b73000 r--p 00b83000 fd:00 68223427                           /usr/java/jdk1.8.0_281-i586/jre/lib/i386/server/libjvm.so
f7b73000-f7b90000 rw-p 00bca000 fd:00 68223427                           /usr/java/jdk1.8.0_281-i586/jre/lib/i386/server/libjvm.so
f7b90000-f7fb5000 rw-p 00000000 00:00 0 
f7fb5000-f7fb7000 r-xp 00000000 fd:00 137303152                          /usr/java/jdk1.8.0_281-i586/jre/lib/i386/libjsig.so
f7fb7000-f7fb8000 r--p 00001000 fd:00 137303152                          /usr/java/jdk1.8.0_281-i586/jre/lib/i386/libjsig.so
f7fb8000-f7fb9000 rw-p 00002000 fd:00 137303152                          /usr/java/jdk1.8.0_281-i586/jre/lib/i386/libjsig.so
f7fb9000-f7fbc000 rw-p 00000000 00:00 0 
f7fbc000-f7fc0000 r--p 00000000 00:00 0                                  [vvar]
f7fc0000-f7fc2000 r-xp 00000000 00:00 0                                  [vdso]
f7fc2000-f7fee000 r-xp 00000000 fd:00 134838593                          /usr/lib/ld-2.28.so
f7fee000-f7fef000 r--p 00000000 00:00 0 
f7fef000-f7ff0000 r--p 0002c000 fd:00 134838593                          /usr/lib/ld-2.28.so
f7ff0000-f7ff1000 rw-p 0002d000 fd:00 134838593                          /usr/lib/ld-2.28.so
ffa35000-ffa38000 ---p 00000000 00:00 0 
ffa38000-ffb35000 rw-p 00000000 00:00 0                                  [stack]

VM Arguments:
jvm_args: -Dvcobol.jdbc.autocommit=false -Dvcobol.runtime.compile_flags.mandatory= -Dvcobol.runtime.compile_flags.prohibited=-d64 -Xrs -Xss1M -DKIXSYS=/apps/test/mdoff/sys -DKIXPROGS=/apps/test/mdoff/exe/onl -DUNIKIX=/apps/mtp/mtp -Xmx128m -Dvcobol.jdbc.driver=com.microsoft.sqlserver.jdbc.SQLServerDriver -Dvcobol.jdbc.url=jdbc:sqlserver://hov-tstdb01.cso.local:1433;databaseName= -Dvcobol.jdbc.autocommit=False -Djava.library.path=/apps/mtp/mtp/lib:/opt/lib/cobol/NTT_DATA_COBOL_6.0/native/lib/ exit abort 
java_command: <unknown>
java_class_path (initial): /apps/mtp/mtp/lib/dfjcics.jar:/apps/mtp/mtp/lib/kixsysapi.jar:/apps/mtp/mtp/lib/transMQJMS.jar:/apps/mtp/mtp/lib/transutil.jar:/opt/lib/cobol/NTT_DATA_COBOL_6.0/lib/vcobol-runtime.jar:/apps/test/mdoff/sys/local/bin:/apps/mtp/mtp/local/bin:/apps/test/mdoff/exe/onl:/apps/mtp/mtp/axis2/current/lib/axis2-xmlbeans-1.7.8.jar:/apps/mtp/mtp/axis2/current/lib/axis2-kernel-1.7.8.jar:/apps/mtp/mtp/axis2/current/lib/geronimo-stax-api_1.0_spec-1.0.1.jar:/apps/mtp/mtp/axis2/current/lib/axis2-saaj-1.7.8.jar:/apps/mtp/mtp/axis2/current/lib/httpcore-4.4.6.jar:/apps/mtp/mtp/axis2/current/lib/commons-httpclient-3.1.jar:/apps/mtp/mtp/axis2/current/lib/axis2-transport-http-1.7.8.jar:/apps/mtp/mtp/axis2/current/lib/jibx-run-1.2.jar:/apps/mtp/mtp/axis2/current/lib/axis2-clustering-1.7.8.jar:/apps/mtp/mtp/axis2/current/lib/axis2-jaxws-1.7.8.jar:/apps/mtp/mtp/axis2/current/lib/commons-logging-1.1.1.jar:/apps/mtp/mtp/axis2/current/lib/mail-1.4.jar:/apps/mtp/mtp/axis2/current/lib/bcel-findbugs-6.0.jar:/apps/mtp/mtp/axis2/current/lib/axiom-dom-1.2.20.jar:/apps/mtp/mtp/axis2/current/lib/axis2-transport-mail-1.7.8.jar:/apps/mtp/mtp/axis2/current/lib/commons-io-2.1.jar:/apps/mtp/mtp/axis2/current/lib/jaxws-tools-2.2.6.jar:/apps/mtp/mtp/axis2/current/lib/woden-core-1.0M10.jar:/apps/mtp/mtp/axis2/current/lib/xalan-2.7.0.jar:/apps/mtp/mtp/axis2/current/lib/axis2-mtompolicy-1.7.8.jar:/apps/mtp/mtp/axis2/current/lib/axis2-codegen-1.7.8.jar:/apps/mtp/mtp/axis2/current/lib/geronimo-jaxws_2.2_spec-1.0.jar:/apps/mtp/mtp/axis2/current/lib/jsr311-api-1.1.1.jar:/apps/mtp/mtp/axis2/current/lib/antlr-2.7.7.jar:/apps/mtp/mtp/axis2/current/lib/axis2-corba-1.7.8.jar:/apps/mtp/mtp/axis2/current/lib/axis2-transport-local-1.7.8.jar:/apps/mtp/mtp/axis2/current/lib/juli-6.0.16.jar:/apps/mtp/mtp/axis2/current/lib/axis2-jibx-1.7.8.jar:/apps/mtp/mtp/axis2/current/lib/geronimo-ws-metadata_2.0_spec-1.1.2.jar:/apps/mtp/mtp/axis2/current/lib/jaxen-1.1.6.jar:/apps/mtp/mtp/axis2/current/lib/jettiso
Launcher Type: generic

Environment Variables:
PATH=/usr/java/default/bin:/apps/test/mdoff/sys/local/bin:/apps/mtp/mtp/bin:/usr/bin:/bin
LD_LIBRARY_PATH=/apps/test/mdoff/sys/local/bin:/apps/mtp/mtp/lib:/opt/lib/cobol/NTT_DATA_COBOL_6.0/native/lib:/usr/java/default/jre/lib/i386/server:/usr/java/default/jre/lib/i386
DISPLAY=

Signal Handlers:
SIGSEGV: [libjvm.so+0x94a910], sa_mask[0]=11111111111111111111111111111110, sa_flags=SA_RESTART|SA_SIGINFO
SIGBUS: [libjvm.so+0x94a910], sa_mask[0]=11111111111111111111111111111110, sa_flags=SA_SIGINFO
SIGFPE: [libunikixtran.so+0x256f8b], sa_mask[0]=11111111111111111111111111111110, sa_flags=SA_SIGINFO
SIGPIPE: SIG_IGN, sa_mask[0]=11111111111111111111111111111110, sa_flags=SA_SIGINFO
SIGXFSZ: SIG_DFL, sa_mask[0]=11111111111111111111111111111110, sa_flags=SA_SIGINFO
SIGILL: [libunikixtran.so+0x256f8b], sa_mask[0]=11111111111111111111111111111110, sa_flags=SA_SIGINFO
SIGUSR1: [libunikixtran.so+0x256f8b], sa_mask[0]=11111111011111111101111111111110, sa_flags=SA_SIGINFO
SIGUSR2: [libunikixtran.so+0x256f8b], sa_mask[0]=11111111011111111101111111111110, sa_flags=SA_RESTART|SA_SIGINFO
SIGHUP: [libunikixtran.so+0x256f8b], sa_mask[0]=11111111011111111101111111111110, sa_flags=SA_SIGINFO
SIGINT: [libunikixtran.so+0x256f8b], sa_mask[0]=11111111011111111101111111111110, sa_flags=SA_SIGINFO
SIGTERM: [libunikixtran.so+0x256f8b], sa_mask[0]=11111111011111111101111111111110, sa_flags=SA_SIGINFO
SIGQUIT: [libunikixtran.so+0x256f8b], sa_mask[0]=11111111011111111101111111111110, sa_flags=SA_SIGINFO


---------------  S Y S T E M  ---------------

OS:Red Hat Enterprise Linux release 8.4 (Ootpa)

uname:Linux 4.18.0-305.12.1.el8_4.x86_64 #1 SMP Mon Jul 26 08:06:24 EDT 2021 x86_64
libc:glibc 2.28 NPTL 2.28 
rlimit: STACK 8192k, CORE infinity, NPROC 63093, NOFILE 262144, AS infinity
load average:15.80 3.35 1.08

/proc/meminfo:
MemTotal:       16211596 kB
MemFree:          161176 kB
MemAvailable:   13024960 kB
Buffers:           21156 kB
Cached:         14655044 kB
SwapCached:           88 kB
Active:          2724444 kB
Inactive:       12798724 kB
Active(anon):    1594704 kB
Inactive(anon):   878396 kB
Active(file):    1129740 kB
Inactive(file): 11920328 kB
Unevictable:           0 kB
Mlocked:               0 kB
SwapTotal:       8273916 kB
SwapFree:        8270588 kB
Dirty:           2676520 kB
Writeback:        417348 kB
AnonPages:        844492 kB
Mapped:          3490008 kB
Shmem:           1625536 kB
KReclaimable:     133708 kB
Slab:             229244 kB
SReclaimable:     133708 kB
SUnreclaim:        95536 kB
KernelStack:       11872 kB
PageTables:        61952 kB
NFS_Unstable:          0 kB
Bounce:                0 kB
WritebackTmp:          0 kB
CommitLimit:    16379712 kB
Committed_AS:    5996692 kB
VmallocTotal:   34359738367 kB
VmallocUsed:           0 kB
VmallocChunk:          0 kB
Percpu:             4496 kB
HardwareCorrupted:     0 kB
AnonHugePages:    366592 kB
ShmemHugePages:        0 kB
ShmemPmdMapped:        0 kB
FileHugePages:         0 kB
FilePmdMapped:         0 kB
HugePages_Total:       0
HugePages_Free:        0
HugePages_Rsvd:        0
HugePages_Surp:        0
Hugepagesize:       2048 kB
Hugetlb:               0 kB
DirectMap4k:      269680 kB
DirectMap2M:     9166848 kB
DirectMap1G:     9437184 kB

container (cgroup) information:
container_type: cgroupv1
cpu_cpuset_cpus: 0-3
cpu_memory_nodes: 0
active_processor_count: 4
cpu_quota: -1
cpu_period: 100000
cpu_shares: -1
memory_limit_in_bytes: -1
memory_and_swap_limit_in_bytes: -1
memory_soft_limit_in_bytes: -1
memory_usage_in_bytes: 2084237312
memory_max_usage_in_bytes: 2141892608


CPU:total 4 (initial active 4) (2 cores per cpu, 1 threads per core) family 6 model 85 stepping 4, cmov, cx8, fxsr, mmx, sse, sse2, sse3, ssse3, sse4.1, sse4.2, popcnt, avx, avx2, aes, clmul, erms, 3dnowpref, lzcnt, tsc, tscinvbit, bmi1, bmi2, adx

/proc/cpuinfo:
processor	: 0
vendor_id	: GenuineIntel
cpu family	: 6
model		: 85
model name	: Intel(R) Xeon(R) Gold 6154 CPU @ 3.00GHz
stepping	: 4
microcode	: 0x2006a08
cpu MHz		: 2992.968
cache size	: 25344 KB
physical id	: 0
siblings	: 2
core id		: 0
cpu cores	: 2
apicid		: 0
initial apicid	: 0
fpu		: yes
fpu_exception	: yes
cpuid level	: 22
wp		: yes
flags		: fpu vme de pse tsc msr pae mce cx8 apic sep mtrr pge mca cmov pat pse36 clflush mmx fxsr sse sse2 ss ht syscall nx pdpe1gb rdtscp lm constant_tsc arch_perfmon nopl xtopology tsc_reliable nonstop_tsc cpuid pni pclmulqdq ssse3 fma cx16 pcid sse4_1 sse4_2 x2apic movbe popcnt tsc_deadline_timer aes xsave avx f16c rdrand hypervisor lahf_lm abm 3dnowprefetch cpuid_fault invpcid_single pti ssbd ibrs ibpb stibp fsgsbase tsc_adjust bmi1 avx2 smep bmi2 invpcid avx512f avx512dq rdseed adx smap clflushopt clwb avx512cd avx512bw avx512vl xsaveopt xsavec xsaves arat pku ospke md_clear flush_l1d arch_capabilities
bugs		: cpu_meltdown spectre_v1 spectre_v2 spec_store_bypass l1tf mds swapgs itlb_multihit
bogomips	: 5985.93
clflush size	: 64
cache_alignment	: 64
address sizes	: 43 bits physical, 48 bits virtual
power management:

processor	: 1
vendor_id	: GenuineIntel
cpu family	: 6
model		: 85
model name	: Intel(R) Xeon(R) Gold 6154 CPU @ 3.00GHz
stepping	: 4
microcode	: 0x2006a08
cpu MHz		: 2992.968
cache size	: 25344 KB
physical id	: 0
siblings	: 2
core id		: 1
cpu cores	: 2
apicid		: 1
initial apicid	: 1
fpu		: yes
fpu_exception	: yes
cpuid level	: 22
wp		: yes
flags		: fpu vme de pse tsc msr pae mce cx8 apic sep mtrr pge mca cmov pat pse36 clflush mmx fxsr sse sse2 ss ht syscall nx pdpe1gb rdtscp lm constant_tsc arch_perfmon nopl xtopology tsc_reliable nonstop_tsc cpuid pni pclmulqdq ssse3 fma cx16 pcid sse4_1 sse4_2 x2apic movbe popcnt tsc_deadline_timer aes xsave avx f16c rdrand hypervisor lahf_lm abm 3dnowprefetch cpuid_fault invpcid_single pti ssbd ibrs ibpb stibp fsgsbase tsc_adjust bmi1 avx2 smep bmi2 invpcid avx512f avx512dq rdseed adx smap clflushopt clwb avx512cd avx512bw avx512vl xsaveopt xsavec xsaves arat pku ospke md_clear flush_l1d arch_capabilities
bugs		: cpu_meltdown spectre_v1 spectre_v2 spec_store_bypass l1tf mds swapgs itlb_multihit
bogomips	: 5985.93
clflush size	: 64
cache_alignment	: 64
address sizes	: 43 bits physical, 48 bits virtual
power management:

processor	: 2
vendor_id	: GenuineIntel
cpu family	: 6
model		: 85
model name	: Intel(R) Xeon(R) Gold 6154 CPU @ 3.00GHz
stepping	: 4
microcode	: 0x2006a08
cpu MHz		: 2992.968
cache size	: 25344 KB
physical id	: 1
siblings	: 2
core id		: 0
cpu cores	: 2
apicid		: 2
initial apicid	: 2
fpu		: yes
fpu_exception	: yes
cpuid level	: 22
wp		: yes
flags		: fpu vme de pse tsc msr pae mce cx8 apic sep mtrr pge mca cmov pat pse36 clflush mmx fxsr sse sse2 ss ht syscall nx pdpe1gb rdtscp lm constant_tsc arch_perfmon nopl xtopology tsc_reliable nonstop_tsc cpuid pni pclmulqdq ssse3 fma cx16 pcid sse4_1 sse4_2 x2apic movbe popcnt tsc_deadline_timer aes xsave avx f16c rdrand hypervisor lahf_lm abm 3dnowprefetch cpuid_fault invpcid_single pti ssbd ibrs ibpb stibp fsgsbase tsc_adjust bmi1 avx2 smep bmi2 invpcid avx512f avx512dq rdseed adx smap clflushopt clwb avx512cd avx512bw avx512vl xsaveopt xsavec xsaves arat pku ospke md_clear flush_l1d arch_capabilities
bugs		: cpu_meltdown spectre_v1 spectre_v2 spec_store_bypass l1tf mds swapgs itlb_multihit
bogomips	: 5985.93
clflush size	: 64
cache_alignment	: 64
address sizes	: 43 bits physical, 48 bits virtual
power management:

processor	: 3
vendor_id	: GenuineIntel
cpu family	: 6
model		: 85
model name	: Intel(R) Xeon(R) Gold 6154 CPU @ 3.00GHz
stepping	: 4
microcode	: 0x2006a08
cpu MHz		: 2992.968
cache size	: 25344 KB
physical id	: 1
siblings	: 2
core id		: 1
cpu cores	: 2
apicid		: 3
initial apicid	: 3
fpu		: yes
fpu_exception	: yes
cpuid level	: 22
wp		: yes
flags		: fpu vme de pse tsc msr pae mce cx8 apic sep mtrr pge mca cmov pat pse36 clflush mmx fxsr sse sse2 ss ht syscall nx pdpe1gb rdtscp lm constant_tsc arch_perfmon nopl xtopology tsc_reliable nonstop_tsc cpuid pni pclmulqdq ssse3 fma cx16 pcid sse4_1 sse4_2 x2apic movbe popcnt tsc_deadline_timer aes xsave avx f16c rdrand hypervisor lahf_lm abm 3dnowprefetch cpuid_fault invpcid_single pti ssbd ibrs ibpb stibp fsgsbase tsc_adjust bmi1 avx2 smep bmi2 invpcid avx512f avx512dq rdseed adx smap clflushopt clwb avx512cd avx512bw avx512vl xsaveopt xsavec xsaves arat pku ospke md_clear flush_l1d arch_capabilities
bugs		: cpu_meltdown spectre_v1 spectre_v2 spec_store_bypass l1tf mds swapgs itlb_multihit
bogomips	: 5985.93
clflush size	: 64
cache_alignment	: 64
address sizes	: 43 bits physical, 48 bits virtual
power management:



Memory: 4k page, physical 16211596k(160168k free), swap 8273916k(8270588k free)

vm_info: Java HotSpot(TM) Server VM (25.281-b09) for linux-x86 JRE (1.8.0_281-b09), built on Dec  9 2020 12:36:01 by "java_re" with gcc 7.3.0

time: Fri Aug 20 12:02:51 2021
timezone: CDT
elapsed time: 0.343411 seconds (0d 0h 0m 0s)

