#
# A fatal error has been detected by the Java Runtime Environment:
#
#  SIGSEGV (0xb) at pc=0x6f6c632e, pid=1206819, tid=0xf66ba700
#
# JRE version: Java(TM) SE Runtime Environment (8.0_281-b09) (build 1.8.0_281-b09)
# Java VM: Java HotSpot(TM) Server VM (25.281-b09 mixed mode linux-x86 )
# Problematic frame:
# C  0x6f6c632e
#
# Core dump written. Default location: /apps/test/mdoff/sys/core or core.1206819
#
# If you would like to submit a bug report, please visit:
#   http://bugreport.java.com/bugreport/crash.jsp
# The crash happened outside the Java Virtual Machine in native code.
# See problematic frame for where to report the bug.
#

---------------  T H R E A D  ---------------

Current thread (0x09987800):  JavaThread "main" [_thread_in_native, id=1206819, stack(0xff84f000,0xff94f000)]

siginfo: si_signo: 11 (SIGSEGV), si_code: 2 (SEGV_ACCERR), si_addr: 0x6f6c632e

Registers:
EAX=0x00000000, EBX=0x232c2927, ECX=0xdd052fc1, EDX=0x00000000
ESP=0xff920170, EBP=0x77232c29, ESI=0x6c662e77, EDI=0x28687375
EIP=0x6f6c632e, EFLAGS=0x00010286, CR2=0x6f6c632e

Top of Stack: (sp=0xff920170)
0xff920170:   29286573 63612e7d 6e6f6974 dd05000a
0xff920180:   dd0550d4 dd0550d4 ff9209f8 ff920284
0xff920190:   dd0550d4 dd0550d4 ff920384 ff920484
0xff9201a0:   dd0550d4 dd0550d4 dd0550d4 dd0550d4
0xff9201b0:   dd0550d4 00000000 00000000 00000000
0xff9201c0:   00000000 00000000 00000015 00000015
0xff9201d0:   00000000 00000000 00000000 00000000
0xff9201e0:   00000000 00000000 00000000 00000000 

Instructions: (pc=0x6f6c632e)
0x6f6c630e:   00 00 00 00 00 00 00 00 00 00 00 00 00 00 00 00
0x6f6c631e:   00 00 00 00 00 00 00 00 00 00 00 00 00 00 00 00
0x6f6c632e:   00 00 00 00 00 00 00 00 00 00 00 00 00 00 00 00
0x6f6c633e:   00 00 00 00 00 00 00 00 00 00 00 00 00 00 00 00 

Register to memory mapping:

EAX=0x00000000 is an unknown value
EBX=0x232c2927 is an unknown value
ECX=0xdd052fc1: <offset 0x3fc1> in /apps/mtp/mtp/lib/KXWBXN.so at 0xdd04f000
EDX=0x00000000 is an unknown value
ESP=0xff920170 is pointing into the stack for thread: 0x09987800
EBP=0x77232c29 is an unknown value
ESI=0x6c662e77 is an unknown value
EDI=0x28687375 is an unknown value


Stack: [0xff84f000,0xff94f000],  sp=0xff920170,  free space=836k
Native frames: (J=compiled Java code, j=interpreted, Vv=VM code, C=native code)
C  0x6f6c632e

Java frames: (J=compiled Java code, j=interpreted, Vv=VM code)
j  com.vcobol.runtime.impl.NativeVCobolCallable.nativeCall00(J)J+0
j  com.vcobol.runtime.impl.NativeVCobolCallable.call([Lcom/vcobol/runtime/memory/Chunk;)J+92
j  com.vcobol.runtime.VCobolRuntime.callCallable(Lcom/vcobol/runtime/ru/RunUnit;Lcom/vcobol/runtime/VCobolCallable;[Lcom/vcobol/runtime/memory/Chunk;)J+21
j  com.vcobol.runtime.VCobolRuntime.callProgram(Lcom/vcobol/runtime/VCobolCallable;[Lcom/vcobol/runtime/memory/Chunk;)J+44
j  KXCALLKIX.PROCEDURE()I+147
j  KXCALLKIX.perform(II)I+39
j  KXCALLKIX.call([Lcom/vcobol/runtime/memory/Chunk;)J+10
j  com.vcobol.runtime.VCobolRuntime.callCallable(Lcom/vcobol/runtime/ru/RunUnit;Lcom/vcobol/runtime/VCobolCallable;[Lcom/vcobol/runtime/memory/Chunk;)J+21
j  com.vcobol.runtime.VCobolRuntime.callProgram(Lcom/vcobol/runtime/VCobolCallable;[Lcom/vcobol/runtime/memory/Chunk;)J+22
j  com.vcobol.runtime.VCobolRuntime.callProgramExtended(Ljava/lang/String;Z[Lcom/vcobol/runtime/memory/Chunk;)J+36
v  ~StubRoutines::call_stub

---------------  P R O C E S S  ---------------

Java Threads: ( => current thread )
  0x09bd2800 JavaThread "Service Thread" daemon [_thread_blocked, id=1207111, stack(0xdccfe000,0xdcdff000)]
  0x09bcf800 JavaThread "C1 CompilerThread2" daemon [_thread_blocked, id=1207110, stack(0xdd07f000,0xdd0ff000)]
  0x09bce000 JavaThread "C2 CompilerThread1" daemon [_thread_blocked, id=1207107, stack(0xdd37f000,0xdd3ff000)]
  0x09bcc000 JavaThread "C2 CompilerThread0" daemon [_thread_blocked, id=1207096, stack(0xdd656000,0xdd6d6000)]
  0x09bca800 JavaThread "Attach Listener" daemon [_thread_blocked, id=1207087, stack(0xdcdff000,0xdcf00000)]
  0x09bb0400 JavaThread "Finalizer" daemon [_thread_blocked, id=1207067, stack(0xdd0ff000,0xdd200000)]
  0x09bad400 JavaThread "Reference Handler" daemon [_thread_blocked, id=1207055, stack(0xdd3ff000,0xdd500000)]
=>0x09987800 JavaThread "main" [_thread_in_native, id=1206819, stack(0xff84f000,0xff94f000)]

Other Threads:
  0x09ba7c00 VMThread [stack: 0xdd6d7000,0xdd757000] [id=1207050]
  0x09bd4800 WatcherThread [stack: 0xdcc7e000,0xdccfe000] [id=1207115]

VM state:not at safepoint (normal execution)

VM Mutex/Monitor currently owned by a thread: None

Heap:
 PSYoungGen      total 19200K, used 10360K [0xe3f80000, 0xe54c0000, 0xe6a00000)
  eden space 16640K, 62% used [0xe3f80000,0xe499e1f0,0xe4fc0000)
  from space 2560K, 0% used [0xe5240000,0xe5240000,0xe54c0000)
  to   space 2560K, 0% used [0xe4fc0000,0xe4fc0000,0xe5240000)
 ParOldGen       total 43776K, used 0K [0xdea00000, 0xe14c0000, 0xe3f80000)
  object space 43776K, 0% used [0xdea00000,0xdea00000,0xe14c0000)
 Metaspace       used 4473K, capacity 4634K, committed 4760K, reserved 5424K

Card table byte_map: [0xe6a21000,0xe6a62000] byte_map_base: 0xe632c000

Marking Bits: (ParMarkBitMap*) 0xf7b0be60
 Begin Bits: [0xdde00000, 0xde000000)
 End Bits:   [0xde000000, 0xde200000)

Polling page: 0xf7f56000

CodeCache: size=245760Kb used=1390Kb max_used=1406Kb free=244369Kb
 bounds [0xe6e22000, 0xe7062000, 0xf5e22000]
 total_blobs=635 nmethods=437 adapters=112
 compilation: enabled

Compilation events (10 events):
Event: 1.032 Thread 0x09bcf800  426       3       java.util.zip.ZipFile::access$1300 (5 bytes)
Event: 1.032 Thread 0x09bcf800 nmethod 426 0xe6f6f248 code [0xe6f6f380, 0xe6f6f50c]
Event: 1.032 Thread 0x09bcf800  423       3       java.lang.invoke.MethodType::equals (29 bytes)
Event: 1.032 Thread 0x09bcf800 nmethod 423 0xe6f713c8 code [0xe6f71500, 0xe6f718cc]
Event: 1.168 Thread 0x09bcc000  437   !   4       sun.misc.URLClassPath$JarLoader::getResource (85 bytes)
Event: 1.168 Thread 0x09bce000  436       4       java.lang.String::substring (79 bytes)
Event: 1.171 Thread 0x09bce000 nmethod 436 0xe6f7c448 code [0xe6f7c580, 0xe6f7c910]
Event: 1.171 Thread 0x09bcf800  434       3       java.io.UnixFileSystem::getBooleanAttributes (49 bytes)
Event: 1.171 Thread 0x09bcf800 nmethod 434 0xe6f7bc48 code [0xe6f7bda0, 0xe6f7c1c4]
Event: 1.216 Thread 0x09bcc000 nmethod 437 0xe6f7f808 code [0xe6f7fb20, 0xe6f81020]

GC Heap History (0 events):
No events

Deoptimization events (3 events):
Event: 0.485 Thread 0x09987800 Uncommon trap: reason=unstable_if action=reinterpret pc=0xe6ef2784 method=java.lang.String.startsWith(Ljava/lang/String;I)Z @ 25
Event: 0.757 Thread 0x09987800 Uncommon trap: reason=unstable_if action=reinterpret pc=0xe6edb974 method=java.lang.CharacterDataLatin1.digit(II)I @ 82
Event: 0.808 Thread 0x09987800 Uncommon trap: reason=unstable_if action=reinterpret pc=0xe6f48850 method=java.lang.String.replace(CC)Ljava/lang/String; @ 26

Classes redefined (0 events):
No events

Internal exceptions (10 events):
Event: 0.565 Thread 0x09987800 Exception <a 'java/security/PrivilegedActionException'> (0xe43f1f98) thrown at [/scratch/jenkins/workspace/8-2-build-linux-i586/jdk8u281/880/hotspot/src/share/vm/prims/jvm.cpp, line 1512]
Event: 0.565 Thread 0x09987800 Exception <a 'java/security/PrivilegedActionException'> (0xe43f29a8) thrown at [/scratch/jenkins/workspace/8-2-build-linux-i586/jdk8u281/880/hotspot/src/share/vm/prims/jvm.cpp, line 1512]
Event: 0.565 Thread 0x09987800 Exception <a 'java/security/PrivilegedActionException'> (0xe43f2ba8) thrown at [/scratch/jenkins/workspace/8-2-build-linux-i586/jdk8u281/880/hotspot/src/share/vm/prims/jvm.cpp, line 1512]
Event: 0.565 Thread 0x09987800 Exception <a 'java/security/PrivilegedActionException'> (0xe43f3608) thrown at [/scratch/jenkins/workspace/8-2-build-linux-i586/jdk8u281/880/hotspot/src/share/vm/prims/jvm.cpp, line 1512]
Event: 0.565 Thread 0x09987800 Exception <a 'java/security/PrivilegedActionException'> (0xe43f3808) thrown at [/scratch/jenkins/workspace/8-2-build-linux-i586/jdk8u281/880/hotspot/src/share/vm/prims/jvm.cpp, line 1512]
Event: 0.565 Thread 0x09987800 Exception <a 'java/security/PrivilegedActionException'> (0xe43f4268) thrown at [/scratch/jenkins/workspace/8-2-build-linux-i586/jdk8u281/880/hotspot/src/share/vm/prims/jvm.cpp, line 1512]
Event: 0.565 Thread 0x09987800 Exception <a 'java/security/PrivilegedActionException'> (0xe43f4468) thrown at [/scratch/jenkins/workspace/8-2-build-linux-i586/jdk8u281/880/hotspot/src/share/vm/prims/jvm.cpp, line 1512]
Event: 0.727 Thread 0x09987800 Exception <a 'java/lang/NoSuchFieldError': method resolution failed> (0xe45015d8) thrown at [/scratch/jenkins/workspace/8-2-build-linux-i586/jdk8u281/880/hotspot/src/share/vm/prims/methodHandles.cpp, line 1169]
Event: 0.748 Thread 0x09987800 Exception <a 'java/lang/NoSuchFieldError': method resolution failed> (0xe450d758) thrown at [/scratch/jenkins/workspace/8-2-build-linux-i586/jdk8u281/880/hotspot/src/share/vm/prims/methodHandles.cpp, line 1169]
Event: 0.759 Thread 0x09987800 Exception <a 'java/io/FileNotFoundException'> (0xe45860d8) thrown at [/scratch/jenkins/workspace/8-2-build-linux-i586/jdk8u281/880/hotspot/src/share/vm/prims/jni.cpp, line 710]

Events (10 events):
Event: 1.168 loading class kxdsptch
Event: 1.168 loading class kxdsptch done
Event: 1.168 loading class KXDSPTCH
Event: 1.168 loading class KXDSPTCH done
Event: 1.168 loading class KXDSPTCH
Event: 1.168 loading class KXDSPTCH done
Event: 1.168 loading class kxdsptch
Event: 1.168 loading class kxdsptch done
Event: 4.308 Executing VM operation: EnableBiasedLocking
Event: 4.308 Executing VM operation: EnableBiasedLocking done


Dynamic libraries:
08048000-08049000 r-xp 00000000 08:10 4194405                            /apps/mtp/TPE16.0.2/bin/unikixtran
08049000-0804a000 r--p 00000000 08:10 4194405                            /apps/mtp/TPE16.0.2/bin/unikixtran
0804a000-0804b000 rw-p 00001000 08:10 4194405                            /apps/mtp/TPE16.0.2/bin/unikixtran
0995d000-0a0b5000 rw-p 00000000 00:00 0                                  [heap]
20000000-50000000 rw-s 00000000 00:01 2                                  /SYSV010a037b (deleted)
50002000-80002000 rw-s 00000000 00:01 3                                  /SYSV00000000 (deleted)
80004000-80a2c000 rw-s 00000000 00:01 4                                  /SYSV00000000 (deleted)
80a2e000-80a5c000 rw-s 00000000 00:01 5                                  /SYSV00000000 (deleted)
80a5e000-84a5f000 rw-s 00000000 00:01 6                                  /SYSV00000000 (deleted)
dca00000-dca60000 rw-p 00000000 00:00 0 
dca60000-dcb00000 ---p 00000000 00:00 0 
dcb00000-dcb6b000 rw-p 00000000 00:00 0 
dcb6b000-dcc00000 ---p 00000000 00:00 0 
dcc7d000-dcc7e000 ---p 00000000 00:00 0 
dcc7e000-dccfe000 rw-p 00000000 00:00 0 
dccfe000-dcd01000 ---p 00000000 00:00 0 
dcd01000-dcdff000 rw-p 00000000 00:00 0 
dcdff000-dce02000 ---p 00000000 00:00 0 
dce02000-dcf00000 rw-p 00000000 00:00 0 
dcf00000-dcffa000 rw-p 00000000 00:00 0 
dcffa000-dd000000 ---p 00000000 00:00 0 
dd023000-dd037000 r-xp 00000000 fd:00 134838613                          /usr/lib/libresolv-2.28.so
dd037000-dd038000 r--p 00013000 fd:00 134838613                          /usr/lib/libresolv-2.28.so
dd038000-dd039000 rw-p 00014000 fd:00 134838613                          /usr/lib/libresolv-2.28.so
dd039000-dd03b000 rw-p 00000000 00:00 0 
dd03b000-dd040000 r-xp 00000000 fd:00 134838607                          /usr/lib/libnss_dns-2.28.so
dd040000-dd041000 r--p 00004000 fd:00 134838607                          /usr/lib/libnss_dns-2.28.so
dd041000-dd042000 rw-p 00005000 fd:00 134838607                          /usr/lib/libnss_dns-2.28.so
dd04f000-dd054000 r-xp 00000000 08:10 4195267                            /apps/mtp/TPE16.0.2/lib/KXWBXN.so
dd054000-dd055000 r--p 00004000 08:10 4195267                            /apps/mtp/TPE16.0.2/lib/KXWBXN.so
dd055000-dd056000 rw-p 00005000 08:10 4195267                            /apps/mtp/TPE16.0.2/lib/KXWBXN.so
dd056000-dd057000 r-xp 00000000 fd:00 2469691                            /opt/lib/cobol/NTT_DATA_COBOL_6.0/native/lib/libvcobolmemory.so
dd057000-dd058000 r--p 00000000 fd:00 2469691                            /opt/lib/cobol/NTT_DATA_COBOL_6.0/native/lib/libvcobolmemory.so
dd058000-dd059000 rw-p 00001000 fd:00 2469691                            /opt/lib/cobol/NTT_DATA_COBOL_6.0/native/lib/libvcobolmemory.so
dd059000-dd07e000 r--s 001d7000 08:10 4195688                            /apps/mtp/TPE16.0.2/axis2/axis2-1.7.8/lib/jaxb-xjc-2.2.6.jar
dd07e000-dd07f000 ---p 00000000 00:00 0 
dd07f000-dd082000 ---p 00000000 00:00 0 
dd082000-dd0ff000 rw-p 00000000 00:00 0 
dd0ff000-dd102000 ---p 00000000 00:00 0 
dd102000-dd200000 rw-p 00000000 00:00 0 
dd200000-dd229000 rw-p 00000000 00:00 0 
dd229000-dd300000 ---p 00000000 00:00 0 
dd300000-dd302000 r-xp 00000000 08:10 9045189                            /apps/test/mdoff/sys/local/bin/libkxusrexit.so
dd302000-dd303000 r--p 00001000 08:10 9045189                            /apps/test/mdoff/sys/local/bin/libkxusrexit.so
dd303000-dd304000 rw-p 00002000 08:10 9045189                            /apps/test/mdoff/sys/local/bin/libkxusrexit.so
dd304000-dd305000 rw-p 00000000 00:00 0 
dd305000-dd306000 r--s 00002000 08:10 4195716                            /apps/mtp/TPE16.0.2/axis2/axis2-1.7.8/lib/geronimo-annotation_1.0_spec-1.1.jar
dd306000-dd30b000 r--s 0005f000 08:10 4195644                            /apps/mtp/TPE16.0.2/axis2/axis2-1.7.8/lib/jibx-bind-1.2.jar
dd30b000-dd30c000 r--s 00003000 08:10 4195645                            /apps/mtp/TPE16.0.2/axis2/axis2-1.7.8/lib/axis2-spring-1.7.8.jar
dd30c000-dd30f000 r--s 0000f000 08:10 4195615                            /apps/mtp/TPE16.0.2/axis2/axis2-1.7.8/lib/commons-fileupload-1.3.3.jar
dd30f000-dd31a000 r--s 0005d000 08:10 4195611                            /apps/mtp/TPE16.0.2/axis2/axis2-1.7.8/lib/axiom-api-1.2.20.jar
dd31a000-dd31e000 r--s 00034000 08:10 4195652                            /apps/mtp/TPE16.0.2/axis2/axis2-1.7.8/lib/tribes-6.0.16.jar
dd31e000-dd322000 r--s 00029000 08:10 4195612                            /apps/mtp/TPE16.0.2/axis2/axis2-1.7.8/lib/stax2-api-3.1.1.jar
dd322000-dd324000 r--s 00013000 08:10 4195719                            /apps/mtp/TPE16.0.2/axis2/axis2-1.7.8/lib/xml-resolver-1.2.jar
dd324000-dd326000 r--s 00003000 08:10 4195685                            /apps/mtp/TPE16.0.2/axis2/axis2-1.7.8/lib/axis2-fastinfoset-1.7.8.jar
dd326000-dd32a000 r--s 00015000 08:10 4195687                            /apps/mtp/TPE16.0.2/axis2/axis2-1.7.8/lib/jaxb-api-2.2.6.jar
dd32a000-dd32b000 r--s 00005000 08:10 4195654                            /apps/mtp/TPE16.0.2/axis2/axis2-1.7.8/lib/axis2-ant-plugin-1.7.8.jar
dd32b000-dd32d000 r--s 00009000 08:10 4195621                            /apps/mtp/TPE16.0.2/axis2/axis2-1.7.8/lib/commons-cli-1.2.jar
dd32d000-dd33a000 r--s 000aa000 08:10 4195708                            /apps/mtp/TPE16.0.2/axis2/axis2-1.7.8/lib/httpclient-4.5.3.jar
dd33a000-dd34b000 r--s 00136000 08:10 4195663                            /apps/mtp/TPE16.0.2/axis2/axis2-1.7.8/lib/jalopy-1.5rc3.jar
dd34b000-dd34e000 r--s 00015000 08:10 4195675                            /apps/mtp/TPE16.0.2/axis2/axis2-1.7.8/lib/apache-mime4j-core-0.7.2.jar
dd34e000-dd350000 r--s 0000b000 08:10 4195662                            /apps/mtp/TPE16.0.2/axis2/axis2-1.7.8/lib/axis2-transport-xmpp-1.7.8.jar
dd350000-dd357000 r--s 00059000 08:10 4195624                            /apps/mtp/TPE16.0.2/axis2/axis2-1.7.8/lib/log4j-1.2.15.jar
dd357000-dd359000 r--s 00006000 08:10 4195679                            /apps/mtp/TPE16.0.2/axis2/axis2-1.7.8/lib/commons-codec-1.2.jar
dd359000-dd35c000 r--s 00017000 08:10 4195658                            /apps/mtp/TPE16.0.2/axis2/axis2-1.7.8/lib/axis2-transport-base-1.7.8.jar
dd35c000-dd361000 r--s 00020000 08:10 4195677                            /apps/mtp/TPE16.0.2/axis2/axis2-1.7.8/lib/wsdl4j-1.6.2.jar
dd361000-dd363000 r--s 00006000 08:10 4195649                            /apps/mtp/TPE16.0.2/axis2/axis2-1.7.8/lib/geronimo-saaj_1.3_spec-1.0.1.jar
dd363000-dd365000 r--s 00007000 08:10 4195655                            /apps/mtp/TPE16.0.2/axis2/axis2-1.7.8/lib/mex-1.7.8-impl.jar
dd365000-dd367000 r--s 00003000 08:10 4195686                            /apps/mtp/TPE16.0.2/axis2/axis2-1.7.8/lib/axiom-jaxb-1.2.20.jar
dd367000-dd371000 r--s 00082000 08:10 4195676                            /apps/mtp/TPE16.0.2/axis2/axis2-1.7.8/lib/axiom-impl-1.2.20.jar
dd371000-dd37a000 r--s 00062000 08:10 4195650                            /apps/mtp/TPE16.0.2/axis2/axis2-1.7.8/lib/axis2-metadata-1.7.8.jar
dd37a000-dd37c000 r--s 00007000 08:10 4195646                            /apps/mtp/TPE16.0.2/axis2/axis2-1.7.8/lib/axis2-soapmonitor-servlet-1.7.8.jar
dd37c000-dd37e000 r--s 0000e000 08:10 4195659                            /apps/mtp/TPE16.0.2/axis2/axis2-1.7.8/lib/activation-1.1.jar
dd37e000-dd37f000 ---p 00000000 00:00 0 
dd37f000-dd382000 ---p 00000000 00:00 0 
dd382000-dd3ff000 rw-p 00000000 00:00 0 
dd3ff000-dd402000 ---p 00000000 00:00 0 
dd402000-dd500000 rw-p 00000000 00:00 0 
dd500000-dd5fa000 rw-p 00000000 00:00 0 
dd5fa000-dd600000 ---p 00000000 00:00 0 
dd600000-dd601000 r--s 00003000 08:10 4195614                            /apps/mtp/TPE16.0.2/axis2/axis2-1.7.8/lib/geronimo-jta_1.1_spec-1.1.jar
dd601000-dd603000 r--s 0000c000 08:10 4195682                            /apps/mtp/TPE16.0.2/axis2/axis2-1.7.8/lib/axis2-json-1.7.8.jar
dd603000-dd641000 r--s 0025d000 08:10 4195622                            /apps/mtp/TPE16.0.2/axis2/axis2-1.7.8/lib/xmlbeans-2.6.0.jar
dd641000-dd643000 r--s 00006000 08:10 4195647                            /apps/mtp/TPE16.0.2/axis2/axis2-1.7.8/lib/axis2-jaxbri-1.7.8.jar
dd643000-dd645000 r--s 00004000 08:10 4195661                            /apps/mtp/TPE16.0.2/axis2/axis2-1.7.8/lib/axis2-transport-udp-1.7.8.jar
dd645000-dd649000 r--s 00028000 08:10 4195684                            /apps/mtp/TPE16.0.2/axis2/axis2-1.7.8/lib/gson-2.1.jar
dd649000-dd64b000 r--s 00012000 08:10 4195689                            /apps/mtp/TPE16.0.2/axis2/axis2-1.7.8/lib/axis2-transport-jms-1.7.8.jar
dd64b000-dd64f000 r--s 00026000 08:10 4195617                            /apps/mtp/TPE16.0.2/axis2/axis2-1.7.8/lib/xmlschema-core-2.2.1.jar
dd64f000-dd655000 r--s 00070000 08:10 4195639                            /apps/mtp/TPE16.0.2/axis2/axis2-1.7.8/lib/woodstox-core-asl-4.2.0.jar
dd655000-dd656000 ---p 00000000 00:00 0 
dd656000-dd659000 ---p 00000000 00:00 0 
dd659000-dd6d6000 rw-p 00000000 00:00 0 
dd6d6000-dd6d7000 ---p 00000000 00:00 0 
dd6d7000-dd757000 rw-p 00000000 00:00 0 
dd757000-dd934000 r--s 03dd0000 fd:00 203051326                          /usr/java/jdk1.8.0_281-i586/jre/lib/rt.jar
dd934000-ddd7a000 rw-p 00000000 00:00 0 
ddd7a000-ddd80000 ---p 00000000 00:00 0 
ddd80000-de200000 rw-p 00000000 00:00 0 
de200000-de221000 rw-p 00000000 00:00 0 
de221000-de300000 ---p 00000000 00:00 0 
de300000-de301000 r--s 00006000 08:10 4195660                            /apps/mtp/TPE16.0.2/axis2/axis2-1.7.8/lib/axis2-transport-tcp-1.7.8.jar
de301000-de303000 r--s 0002b000 08:10 4195710                            /apps/mtp/TPE16.0.2/axis2/axis2-1.7.8/lib/axis2-adb-codegen-1.7.8.jar
de303000-de30c000 r--s 00097000 08:10 4195620                            /apps/mtp/TPE16.0.2/axis2/axis2-1.7.8/lib/axis2-adb-1.7.8.jar
de30c000-de30d000 r--s 00007000 08:10 4195636                            /apps/mtp/TPE16.0.2/axis2/axis2-1.7.8/lib/axis2-java2wsdl-1.7.8.jar
de30d000-de323000 r--s 000fa000 08:10 4195648                            /apps/mtp/TPE16.0.2/axis2/axis2-1.7.8/lib/jaxb-impl-2.2.6.jar
de323000-de325000 r--s 00010000 08:10 4195640                            /apps/mtp/TPE16.0.2/axis2/axis2-1.7.8/lib/neethi-3.0.3.jar
de325000-de328000 r--s 00013000 08:10 4195683                            /apps/mtp/TPE16.0.2/axis2/axis2-1.7.8/lib/jettison-1.3.8.jar
de328000-de32e000 r--s 00033000 08:10 4195638                            /apps/mtp/TPE16.0.2/axis2/axis2-1.7.8/lib/jaxen-1.1.6.jar
de32e000-de32f000 r--s 00003000 08:10 4195613                            /apps/mtp/TPE16.0.2/axis2/axis2-1.7.8/lib/geronimo-ws-metadata_2.0_spec-1.1.2.jar
de32f000-de331000 r--s 00008000 08:10 4195712                            /apps/mtp/TPE16.0.2/axis2/axis2-1.7.8/lib/axis2-jibx-1.7.8.jar
de331000-de332000 r--s 00004000 08:10 4195653                            /apps/mtp/TPE16.0.2/axis2/axis2-1.7.8/lib/juli-6.0.16.jar
de332000-de334000 r--s 00003000 08:10 4195642                            /apps/mtp/TPE16.0.2/axis2/axis2-1.7.8/lib/axis2-transport-local-1.7.8.jar
de334000-de337000 r--s 00023000 08:10 4195656                            /apps/mtp/TPE16.0.2/axis2/axis2-1.7.8/lib/axis2-corba-1.7.8.jar
de337000-de33c000 r--s 00068000 08:10 4195623                            /apps/mtp/TPE16.0.2/axis2/axis2-1.7.8/lib/antlr-2.7.7.jar
de33c000-de33e000 r--s 0000a000 08:10 4195618                            /apps/mtp/TPE16.0.2/axis2/axis2-1.7.8/lib/jsr311-api-1.1.1.jar
de33e000-de341000 r--s 0000c000 08:10 4195717                            /apps/mtp/TPE16.0.2/axis2/axis2-1.7.8/lib/geronimo-jaxws_2.2_spec-1.0.jar
de341000-de35f000 r--s 0027d000 08:10 4195720                            /apps/mtp/TPE16.0.2/axis2/axis2-1.7.8/lib/xalan-2.7.0.jar
de35f000-de368000 r--s 00053000 08:10 4195641                            /apps/mtp/TPE16.0.2/axis2/axis2-1.7.8/lib/woden-core-1.0M10.jar
de368000-de373000 r--s 000c2000 08:10 4195643                            /apps/mtp/TPE16.0.2/axis2/axis2-1.7.8/lib/jaxws-tools-2.2.6.jar
de373000-de37f000 r--s 000a3000 08:10 4195681                            /apps/mtp/TPE16.0.2/axis2/axis2-1.7.8/lib/axiom-dom-1.2.20.jar
de37f000-de380000 ---p 00000000 00:00 0 
de380000-de400000 rw-p 00000000 00:00 0 
de400000-de421000 rw-p 00000000 00:00 0 
de421000-de500000 ---p 00000000 00:00 0 
de500000-de505000 r--s 0003b000 08:10 4195709                            /apps/mtp/TPE16.0.2/axis2/axis2-1.7.8/lib/axis2-codegen-1.7.8.jar
de505000-de508000 r--s 00025000 08:10 4195616                            /apps/mtp/TPE16.0.2/axis2/axis2-1.7.8/lib/commons-io-2.1.jar
de508000-de512000 r--s 0008c000 08:10 4195714                            /apps/mtp/TPE16.0.2/axis2/axis2-1.7.8/lib/bcel-findbugs-6.0.jar
de512000-de520000 r--s 000aa000 08:10 4195715                            /apps/mtp/TPE16.0.2/axis2/axis2-1.7.8/lib/axis2-jaxws-1.7.8.jar
de520000-de57f000 r--s 003fa000 fd:00 68304477                           /opt/lib/cobol/NTT_DATA_COBOL_6.0/lib/dependencies/bcprov-jdk15on-162.jar
de57f000-de580000 ---p 00000000 00:00 0 
de580000-de600000 rw-p 00000000 00:00 0 
de600000-de621000 rw-p 00000000 00:00 0 
de621000-de700000 ---p 00000000 00:00 0 
de700000-de701000 r--s 00003000 08:10 4195657                            /apps/mtp/TPE16.0.2/axis2/axis2-1.7.8/lib/axis2-mtompolicy-1.7.8.jar
de701000-de703000 r--s 00009000 08:10 4195690                            /apps/mtp/TPE16.0.2/axis2/axis2-1.7.8/lib/axis2-transport-mail-1.7.8.jar
de703000-de709000 r--s 00059000 08:10 4195691                            /apps/mtp/TPE16.0.2/axis2/axis2-1.7.8/lib/mail-1.4.jar
de709000-de70b000 r--s 0000d000 08:10 4195637                            /apps/mtp/TPE16.0.2/axis2/axis2-1.7.8/lib/commons-logging-1.1.1.jar
de70b000-de70e000 r--s 00018000 08:10 4195651                            /apps/mtp/TPE16.0.2/axis2/axis2-1.7.8/lib/axis2-clustering-1.7.8.jar
de70e000-de711000 r--s 0001d000 08:10 4195713                            /apps/mtp/TPE16.0.2/axis2/axis2-1.7.8/lib/jibx-run-1.2.jar
de711000-de714000 r--s 00028000 08:10 4195678                            /apps/mtp/TPE16.0.2/axis2/axis2-1.7.8/lib/axis2-transport-http-1.7.8.jar
de714000-de77d000 r-xp 00000000 fd:00 2469690                            /opt/lib/cobol/NTT_DATA_COBOL_6.0/native/lib/libvcobol.so
de77d000-de77e000 r--p 00068000 fd:00 2469690                            /opt/lib/cobol/NTT_DATA_COBOL_6.0/native/lib/libvcobol.so
de77e000-de77f000 rw-p 00069000 fd:00 2469690                            /opt/lib/cobol/NTT_DATA_COBOL_6.0/native/lib/libvcobol.so
de77f000-de780000 ---p 00000000 00:00 0 
de780000-de800000 rw-p 00000000 00:00 0 
de800000-de821000 rw-p 00000000 00:00 0 
de821000-de900000 ---p 00000000 00:00 0 
de900000-de906000 r--s 00045000 08:10 4195680                            /apps/mtp/TPE16.0.2/axis2/axis2-1.7.8/lib/commons-httpclient-3.1.jar
de906000-de90e000 r--s 00048000 08:10 4195619                            /apps/mtp/TPE16.0.2/axis2/axis2-1.7.8/lib/httpcore-4.4.6.jar
de90e000-de910000 r--s 00015000 08:10 4195718                            /apps/mtp/TPE16.0.2/axis2/axis2-1.7.8/lib/axis2-saaj-1.7.8.jar
de910000-de91d000 r--s 000ee000 08:10 4195707                            /apps/mtp/TPE16.0.2/axis2/axis2-1.7.8/lib/axis2-kernel-1.7.8.jar
de91d000-de929000 r--s 00139000 fd:00 203033609                          /opt/software/sqljdbc_9.2/enu/mssql-jdbc-9.2.1.jre8.jar
de929000-de93d000 r--s 000c1000 fd:00 68304476                           /opt/lib/cobol/NTT_DATA_COBOL_6.0/lib/dependencies/bcpkix-jdk15on-162.jar
de93d000-de954000 r--s 00140000 fd:00 2469689                            /opt/lib/cobol/NTT_DATA_COBOL_6.0/lib/vcobol-runtime.jar
de954000-de955000 ---p 00000000 00:00 0 
de955000-de9eb000 rw-p 00000000 00:00 0 
de9eb000-dea00000 ---p 00000000 00:00 0 
dea00000-e14c0000 rw-p 00000000 00:00 0 
e14c0000-e3f80000 ---p 00000000 00:00 0 
e3f80000-e54c0000 rw-p 00000000 00:00 0 
e54c0000-e6a00000 ---p 00000000 00:00 0 
e6a00000-e6a02000 r--s 00006000 08:10 4195674                            /apps/mtp/TPE16.0.2/axis2/axis2-1.7.8/lib/geronimo-stax-api_1.0_spec-1.0.1.jar
e6a02000-e6a04000 r--s 00006000 08:10 4195711                            /apps/mtp/TPE16.0.2/axis2/axis2-1.7.8/lib/axis2-xmlbeans-1.7.8.jar
e6a04000-e6a07000 r--s 00018000 fd:00 68304475                           /opt/lib/cobol/NTT_DATA_COBOL_6.0/lib/dependencies/bcmail-jdk15on-162.jar
e6a07000-e6a08000 r--s 00007000 08:10 4195233                            /apps/mtp/TPE16.0.2/lib/transutil.jar
e6a08000-e6a0a000 r-xp 00000000 08:10 4195225                            /apps/mtp/TPE16.0.2/lib/liblang_vcobol.so
e6a0a000-e6a0b000 r--p 00001000 08:10 4195225                            /apps/mtp/TPE16.0.2/lib/liblang_vcobol.so
e6a0b000-e6a0c000 rw-p 00002000 08:10 4195225                            /apps/mtp/TPE16.0.2/lib/liblang_vcobol.so
e6a0c000-e6a10000 r--s 00075000 08:10 4195231                            /apps/mtp/TPE16.0.2/lib/kixsysapi.jar
e6a10000-e6a14000 r--s 00022000 08:10 4195232                            /apps/mtp/TPE16.0.2/lib/dfjcics.jar
e6a14000-e6a15000 r--p 00000000 fd:00 134305720                          /usr/lib/locale/en_US/LC_NUMERIC
e6a15000-e6a16000 r--p 00000000 fd:00 134970733                          /usr/lib/locale/en_US/LC_TIME
e6a16000-e6a1c000 r--p 00000000 fd:00 134305716                          /usr/lib/locale/en_US/LC_COLLATE
e6a1c000-e6a1d000 r--p 00000000 fd:00 134970731                          /usr/lib/locale/en_US/LC_MONETARY
e6a1d000-e6a1e000 r--p 00000000 fd:00 68196620                           /usr/lib/locale/en_US/LC_MESSAGES/SYS_LC_MESSAGES
e6a1e000-e6a1f000 r--p 00000000 fd:00 134305724                          /usr/lib/locale/en_US/LC_PAPER
e6a1f000-e6a20000 r--p 00000000 fd:00 134970738                          /usr/lib/locale/en_US/LC_NAME
e6a20000-e6a21000 r--p 00000000 fd:00 134305702                          /usr/lib/locale/en_US/LC_ADDRESS
e6a21000-e6a37000 rw-p 00000000 00:00 0 
e6a37000-e6a4b000 ---p 00000000 00:00 0 
e6a4b000-e6a57000 rw-p 00000000 00:00 0 
e6a57000-e6a61000 ---p 00000000 00:00 0 
e6a61000-e6a6b000 rw-p 00000000 00:00 0 
e6a6b000-e6e22000 ---p 00000000 00:00 0 
e6e22000-e7062000 rwxp 00000000 00:00 0 
e7062000-f5e22000 ---p 00000000 00:00 0 
f5e22000-f5e3d000 r-xp 00000000 fd:00 137647970                          /usr/java/jdk1.8.0_281-i586/jre/lib/i386/libzip.so
f5e3d000-f5e3e000 r--p 0001a000 fd:00 137647970                          /usr/java/jdk1.8.0_281-i586/jre/lib/i386/libzip.so
f5e3e000-f5e3f000 rw-p 0001b000 fd:00 137647970                          /usr/java/jdk1.8.0_281-i586/jre/lib/i386/libzip.so
f5e3f000-f5e66000 r-xp 00000000 fd:00 137303138                          /usr/java/jdk1.8.0_281-i586/jre/lib/i386/libjava.so
f5e66000-f5e67000 r--p 00026000 fd:00 137303138                          /usr/java/jdk1.8.0_281-i586/jre/lib/i386/libjava.so
f5e67000-f5e68000 rw-p 00027000 fd:00 137303138                          /usr/java/jdk1.8.0_281-i586/jre/lib/i386/libjava.so
f5e68000-f5e73000 r-xp 00000000 fd:00 137647969                          /usr/java/jdk1.8.0_281-i586/jre/lib/i386/libverify.so
f5e73000-f5e74000 ---p 0000b000 fd:00 137647969                          /usr/java/jdk1.8.0_281-i586/jre/lib/i386/libverify.so
f5e74000-f5e75000 r--p 0000b000 fd:00 137647969                          /usr/java/jdk1.8.0_281-i586/jre/lib/i386/libverify.so
f5e75000-f5e76000 rw-p 0000c000 fd:00 137647969                          /usr/java/jdk1.8.0_281-i586/jre/lib/i386/libverify.so
f5e76000-f5e77000 ---p 00000000 00:00 0 
f5e77000-f6677000 rw-p 00000000 00:00 0 
f6677000-f6683000 r-xp 00000000 fd:00 134838609                          /usr/lib/libnss_files-2.28.so
f6683000-f6684000 r--p 0000b000 fd:00 134838609                          /usr/lib/libnss_files-2.28.so
f6684000-f6685000 rw-p 0000c000 fd:00 134838609                          /usr/lib/libnss_files-2.28.so
f6685000-f668b000 rw-p 00000000 00:00 0 
f668b000-f668c000 r--p 00000000 fd:00 134970732                          /usr/lib/locale/en_US/LC_TELEPHONE
f668c000-f668d000 r--p 00000000 fd:00 134970730                          /usr/lib/locale/en_US/LC_MEASUREMENT
f668d000-f6690000 rw-p 00000000 00:00 0 
f6690000-f6698000 rw-s 00000000 fd:00 201654546                          /tmp/hsperfdata_mtpadmin/1206819
f6698000-f6699000 r-xp 00000000 08:10 4195246                            /apps/mtp/TPE16.0.2/lib/libkixpli.so
f6699000-f669a000 r--p 00000000 08:10 4195246                            /apps/mtp/TPE16.0.2/lib/libkixpli.so
f669a000-f669b000 rw-p 00001000 08:10 4195246                            /apps/mtp/TPE16.0.2/lib/libkixpli.so
f669b000-f669c000 r-xp 00000000 08:10 9045364                            /apps/test/mdoff/sys/local/bin/libkxtermexit.so
f669c000-f669d000 r--p 00000000 08:10 9045364                            /apps/test/mdoff/sys/local/bin/libkxtermexit.so
f669d000-f669e000 rw-p 00001000 08:10 9045364                            /apps/test/mdoff/sys/local/bin/libkxtermexit.so
f669e000-f66b4000 r-xp 00000000 08:10 4195235                            /apps/mtp/TPE16.0.2/lib/libkxsecexit.so
f66b4000-f66b5000 r--p 00015000 08:10 4195235                            /apps/mtp/TPE16.0.2/lib/libkxsecexit.so
f66b5000-f66b6000 rw-p 00016000 08:10 4195235                            /apps/mtp/TPE16.0.2/lib/libkxsecexit.so
f66b6000-f66bc000 rw-p 00000000 00:00 0 
f66bc000-f66be000 r-xp 00000000 08:10 4195223                            /apps/mtp/TPE16.0.2/lib/liblang_dyn.so
f66be000-f66bf000 r--p 00001000 08:10 4195223                            /apps/mtp/TPE16.0.2/lib/liblang_dyn.so
f66bf000-f66c0000 rw-p 00002000 08:10 4195223                            /apps/mtp/TPE16.0.2/lib/liblang_dyn.so
f66c0000-f66c8000 r-xp 00000000 fd:00 134838615                          /usr/lib/librt-2.28.so
f66c8000-f66c9000 r--p 00007000 fd:00 134838615                          /usr/lib/librt-2.28.so
f66c9000-f66ca000 rw-p 00008000 fd:00 134838615                          /usr/lib/librt-2.28.so
f66ca000-f66cb000 r-xp 00000000 08:10 9045197                            /apps/test/mdoff/sys/local/bin/libkxrm.so
f66cb000-f66cc000 r--p 00000000 08:10 9045197                            /apps/test/mdoff/sys/local/bin/libkxrm.so
f66cc000-f66cd000 rw-p 00001000 08:10 9045197                            /apps/test/mdoff/sys/local/bin/libkxrm.so
f66cd000-f66cf000 rw-p 00000000 00:00 0 
f66cf000-f66da000 r-xp 00000000 08:10 4195224                            /apps/mtp/TPE16.0.2/lib/libkxtm.so
f66da000-f66db000 r--p 0000a000 08:10 4195224                            /apps/mtp/TPE16.0.2/lib/libkxtm.so
f66db000-f66dc000 rw-p 0000b000 08:10 4195224                            /apps/mtp/TPE16.0.2/lib/libkxtm.so
f66dc000-f66ea000 r-xp 00000000 08:10 4195230                            /apps/mtp/TPE16.0.2/lib/libkxtables.so
f66ea000-f66eb000 r--p 0000d000 08:10 4195230                            /apps/mtp/TPE16.0.2/lib/libkxtables.so
f66eb000-f66ec000 rw-p 0000e000 08:10 4195230                            /apps/mtp/TPE16.0.2/lib/libkxtables.so
f66ec000-f670c000 r-xp 00000000 fd:00 136722866                          /usr/lib/libcrypt.so.1.1.0
f670c000-f670d000 ---p 00020000 fd:00 136722866                          /usr/lib/libcrypt.so.1.1.0
f670d000-f670e000 r--p 00020000 fd:00 136722866                          /usr/lib/libcrypt.so.1.1.0
f670e000-f6717000 rw-p 00000000 00:00 0 
f6717000-f6733000 r-xp 00000000 fd:00 134838611                          /usr/lib/libpthread-2.28.so
f6733000-f6734000 r--p 0001b000 fd:00 134838611                          /usr/lib/libpthread-2.28.so
f6734000-f6735000 rw-p 0001c000 fd:00 134838611                          /usr/lib/libpthread-2.28.so
f6735000-f6737000 rw-p 00000000 00:00 0 
f6737000-f6807000 r-xp 00000000 fd:00 134838603                          /usr/lib/libm-2.28.so
f6807000-f6808000 r--p 000cf000 fd:00 134838603                          /usr/lib/libm-2.28.so
f6808000-f6809000 rw-p 000d0000 fd:00 134838603                          /usr/lib/libm-2.28.so
f6809000-f680c000 r-xp 00000000 fd:00 134838601                          /usr/lib/libdl-2.28.so
f680c000-f680d000 r--p 00002000 fd:00 134838601                          /usr/lib/libdl-2.28.so
f680d000-f680e000 rw-p 00003000 fd:00 134838601                          /usr/lib/libdl-2.28.so
f680e000-f69af000 r-xp 00000000 fd:00 134838599                          /usr/lib/libc-2.28.so
f69af000-f69b0000 ---p 001a1000 fd:00 134838599                          /usr/lib/libc-2.28.so
f69b0000-f69b2000 r--p 001a1000 fd:00 134838599                          /usr/lib/libc-2.28.so
f69b2000-f69b3000 rw-p 001a3000 fd:00 134838599                          /usr/lib/libc-2.28.so
f69b3000-f69b6000 rw-p 00000000 00:00 0 
f69b6000-f69b7000 r--p 00000000 fd:00 134970729                          /usr/lib/locale/en_US/LC_IDENTIFICATION
f69b7000-f69b8000 rw-p 00000000 00:00 0 
f69b8000-f69b9000 r-xp 00000000 08:10 9045308                            /apps/test/mdoff/sys/local/bin/libkxsockexit.so
f69b9000-f69ba000 r--p 00000000 08:10 9045308                            /apps/test/mdoff/sys/local/bin/libkxsockexit.so
f69ba000-f69bb000 rw-p 00001000 08:10 9045308                            /apps/test/mdoff/sys/local/bin/libkxsockexit.so
f69bb000-f69bd000 r-xp 00000000 08:10 9045255                            /apps/test/mdoff/sys/local/bin/libkxiscexit.so
f69bd000-f69be000 r--p 00001000 08:10 9045255                            /apps/test/mdoff/sys/local/bin/libkxiscexit.so
f69be000-f69bf000 rw-p 00002000 08:10 9045255                            /apps/test/mdoff/sys/local/bin/libkxiscexit.so
f69bf000-f69c1000 r-xp 00000000 08:10 9045228                            /apps/test/mdoff/sys/local/bin/libkxconvexit.so
f69c1000-f69c2000 r--p 00001000 08:10 9045228                            /apps/test/mdoff/sys/local/bin/libkxconvexit.so
f69c2000-f69c3000 rw-p 00002000 08:10 9045228                            /apps/test/mdoff/sys/local/bin/libkxconvexit.so
f69c3000-f6c8a000 r-xp 00000000 08:10 4195270                            /apps/mtp/TPE16.0.2/lib/libunikixtran.so
f6c8a000-f6c8b000 r--p 002c6000 08:10 4195270                            /apps/mtp/TPE16.0.2/lib/libunikixtran.so
f6c8b000-f6ca8000 rw-p 002c7000 08:10 4195270                            /apps/mtp/TPE16.0.2/lib/libunikixtran.so
f6ca8000-f6f10000 rw-p 00000000 00:00 0 
f6f10000-f7a93000 r-xp 00000000 fd:00 68223427                           /usr/java/jdk1.8.0_281-i586/jre/lib/i386/server/libjvm.so
f7a93000-f7a94000 ---p 00b83000 fd:00 68223427                           /usr/java/jdk1.8.0_281-i586/jre/lib/i386/server/libjvm.so
f7a94000-f7adb000 r--p 00b83000 fd:00 68223427                           /usr/java/jdk1.8.0_281-i586/jre/lib/i386/server/libjvm.so
f7adb000-f7af8000 rw-p 00bca000 fd:00 68223427                           /usr/java/jdk1.8.0_281-i586/jre/lib/i386/server/libjvm.so
f7af8000-f7f1d000 rw-p 00000000 00:00 0 
f7f1d000-f7f1f000 r-xp 00000000 fd:00 137303152                          /usr/java/jdk1.8.0_281-i586/jre/lib/i386/libjsig.so
f7f1f000-f7f20000 r--p 00001000 fd:00 137303152                          /usr/java/jdk1.8.0_281-i586/jre/lib/i386/libjsig.so
f7f20000-f7f21000 rw-p 00002000 fd:00 137303152                          /usr/java/jdk1.8.0_281-i586/jre/lib/i386/libjsig.so
f7f21000-f7f24000 rw-p 00000000 00:00 0 
f7f24000-f7f28000 r--p 00000000 00:00 0                                  [vvar]
f7f28000-f7f2a000 r-xp 00000000 00:00 0                                  [vdso]
f7f2a000-f7f56000 r-xp 00000000 fd:00 134300228                          /usr/lib/ld-2.28.so
f7f56000-f7f57000 r--p 00000000 00:00 0 
f7f57000-f7f58000 r--p 0002c000 fd:00 134300228                          /usr/lib/ld-2.28.so
f7f58000-f7f59000 rw-p 0002d000 fd:00 134300228                          /usr/lib/ld-2.28.so
ff84f000-ff852000 ---p 00000000 00:00 0 
ff852000-ff94f000 rw-p 00000000 00:00 0                                  [stack]

VM Arguments:
jvm_args: -Dvcobol.jdbc.autocommit=false -Dvcobol.runtime.compile_flags.mandatory= -Dvcobol.runtime.compile_flags.prohibited=-d64 -Xrs -Xss1M -DKIXSYS=/apps/test/mdoff/sys -DKIXPROGS=/apps/test/mdoff/exe/onl:/apps/prod/cid1p/exe/onl -DUNIKIX=/apps/mtp/mtp -Xmx128m -Dvcobol.jdbc.driver=com.microsoft.sqlserver.jdbc.SQLServerDriver -Dvcobol.jdbc.url=jdbc:sqlserver://hov-tstdb01.cso.local:1433;databaseName= -Dvcobol.jdbc.autocommit=False -Djava.library.path=/apps/mtp/mtp/lib:/opt/lib/cobol/NTT_DATA_COBOL_6.0/native/lib/ exit abort 
java_command: <unknown>
java_class_path (initial): /apps/mtp/mtp/lib/dfjcics.jar:/apps/mtp/mtp/lib/kixsysapi.jar:/apps/mtp/mtp/lib/transMQJMS.jar:/apps/mtp/mtp/lib/transutil.jar:/opt/lib/cobol/NTT_DATA_COBOL_6.0/lib/vcobol-runtime.jar:/apps/test/mdoff/sys/local/bin:/apps/mtp/mtp/local/bin:/apps/test/mdoff/exe/onl:/apps/prod/cid1p/exe/onl:/opt/software/sqljdbc/enu/mssql-jdbc-9.2.1.jre8.jar:/apps/mtp/mtp/axis2/current/lib/axis2-xmlbeans-1.7.8.jar:/apps/mtp/mtp/axis2/current/lib/axis2-kernel-1.7.8.jar:/apps/mtp/mtp/axis2/current/lib/geronimo-stax-api_1.0_spec-1.0.1.jar:/apps/mtp/mtp/axis2/current/lib/axis2-saaj-1.7.8.jar:/apps/mtp/mtp/axis2/current/lib/httpcore-4.4.6.jar:/apps/mtp/mtp/axis2/current/lib/commons-httpclient-3.1.jar:/apps/mtp/mtp/axis2/current/lib/axis2-transport-http-1.7.8.jar:/apps/mtp/mtp/axis2/current/lib/jibx-run-1.2.jar:/apps/mtp/mtp/axis2/current/lib/axis2-clustering-1.7.8.jar:/apps/mtp/mtp/axis2/current/lib/axis2-jaxws-1.7.8.jar:/apps/mtp/mtp/axis2/current/lib/commons-logging-1.1.1.jar:/apps/mtp/mtp/axis2/current/lib/mail-1.4.jar:/apps/mtp/mtp/axis2/current/lib/bcel-findbugs-6.0.jar:/apps/mtp/mtp/axis2/current/lib/axiom-dom-1.2.20.jar:/apps/mtp/mtp/axis2/current/lib/axis2-transport-mail-1.7.8.jar:/apps/mtp/mtp/axis2/current/lib/commons-io-2.1.jar:/apps/mtp/mtp/axis2/current/lib/jaxws-tools-2.2.6.jar:/apps/mtp/mtp/axis2/current/lib/woden-core-1.0M10.jar:/apps/mtp/mtp/axis2/current/lib/xalan-2.7.0.jar:/apps/mtp/mtp/axis2/current/lib/axis2-mtompolicy-1.7.8.jar:/apps/mtp/mtp/axis2/current/lib/axis2-codegen-1.7.8.jar:/apps/mtp/mtp/axis2/current/lib/geronimo-jaxws_2.2_spec-1.0.jar:/apps/mtp/mtp/axis2/current/lib/jsr311-api-1.1.1.jar:/apps/mtp/mtp/axis2/current/lib/antlr-2.7.7.jar:/apps/mtp/mtp/axis2/current/lib/axis2-corba-1.7.8.jar:/apps/mtp/mtp/axis2/current/lib/axis2-transport-local-1.7.8.jar:/apps/mtp/mtp/axis2/current/lib/juli-6.0.16.jar:/apps/mtp/mtp/axis2/current/lib/axis2-jibx-1.7.8.jar:/apps/mtp/mtp/axis2/current/lib/geronimo-ws-metadata_2.0_spec-1.1.2.jar:/apps/mtp/
Launcher Type: generic

Environment Variables:
PATH=/usr/java/default/bin:/apps/test/mdoff/sys/local/bin:/apps/mtp/mtp/bin:/usr/bin:/bin
LD_LIBRARY_PATH=/apps/test/mdoff/sys/local/bin:/apps/mtp/mtp/lib:/opt/lib/cobol/NTT_DATA_COBOL_6.0/native/lib:/usr/java/default/jre/lib/i386/server:/usr/java/default/jre/lib/i386

Signal Handlers:
SIGSEGV: [libjvm.so+0x94a910], sa_mask[0]=11111111111111111111111111111110, sa_flags=SA_RESTART|SA_SIGINFO
SIGBUS: [libjvm.so+0x94a910], sa_mask[0]=11111111111111111111111111111110, sa_flags=SA_SIGINFO
SIGFPE: [libunikixtran.so+0x256f8b], sa_mask[0]=11111111111111111111111111111110, sa_flags=SA_SIGINFO
SIGPIPE: SIG_IGN, sa_mask[0]=11111111111111111111111111111110, sa_flags=SA_SIGINFO
SIGXFSZ: SIG_DFL, sa_mask[0]=11111111111111111111111111111110, sa_flags=SA_SIGINFO
SIGILL: [libunikixtran.so+0x256f8b], sa_mask[0]=11111111111111111111111111111110, sa_flags=SA_SIGINFO
SIGUSR1: [libunikixtran.so+0x256f8b], sa_mask[0]=11111111011111111101111111111110, sa_flags=SA_SIGINFO
SIGUSR2: [libunikixtran.so+0x256f8b], sa_mask[0]=11111111011111111101111111111110, sa_flags=SA_RESTART|SA_SIGINFO
SIGHUP: [libunikixtran.so+0x256f8b], sa_mask[0]=11111111011111111101111111111110, sa_flags=SA_SIGINFO
SIGINT: [libunikixtran.so+0x256f8b], sa_mask[0]=11111111011111111101111111111110, sa_flags=SA_SIGINFO
SIGTERM: [libunikixtran.so+0x256f8b], sa_mask[0]=11111111011111111101111111111110, sa_flags=SA_SIGINFO
SIGQUIT: [libunikixtran.so+0x256f8b], sa_mask[0]=11111111011111111101111111111110, sa_flags=SA_SIGINFO


---------------  S Y S T E M  ---------------

OS:Red Hat Enterprise Linux release 8.5 (Ootpa)

uname:Linux 4.18.0-348.2.1.el8_5.x86_64 #1 SMP Mon Nov 8 13:30:15 EST 2021 x86_64
libc:glibc 2.28 NPTL 2.28 
rlimit: STACK 8192k, CORE infinity, NPROC 63093, NOFILE 262144, AS infinity
load average:0.20 0.08 0.02

/proc/meminfo:
MemTotal:       16211448 kB
MemFree:        13382100 kB
MemAvailable:   14667696 kB
Buffers:           42560 kB
Cached:          1436588 kB
SwapCached:            0 kB
Active:           730900 kB
Inactive:        1556832 kB
Active(anon):       2452 kB
Inactive(anon):   852864 kB
Active(file):     728448 kB
Inactive(file):   703968 kB
Unevictable:           0 kB
Mlocked:               0 kB
SwapTotal:       8273916 kB
SwapFree:        8273916 kB
Dirty:               188 kB
Writeback:             0 kB
AnonPages:        806656 kB
Mapped:           293364 kB
Shmem:             46728 kB
KReclaimable:     190820 kB
Slab:             282384 kB
SReclaimable:     190820 kB
SUnreclaim:        91564 kB
KernelStack:       11504 kB
PageTables:        29752 kB
NFS_Unstable:          0 kB
Bounce:                0 kB
WritebackTmp:          0 kB
CommitLimit:    16379640 kB
Committed_AS:    5798648 kB
VmallocTotal:   34359738367 kB
VmallocUsed:           0 kB
VmallocChunk:          0 kB
Percpu:             5760 kB
HardwareCorrupted:     0 kB
AnonHugePages:    397312 kB
ShmemHugePages:        0 kB
ShmemPmdMapped:        0 kB
FileHugePages:         0 kB
FilePmdMapped:         0 kB
HugePages_Total:       0
HugePages_Free:        0
HugePages_Rsvd:        0
HugePages_Surp:        0
Hugepagesize:       2048 kB
Hugetlb:               0 kB
DirectMap4k:      281968 kB
DirectMap2M:     7057408 kB
DirectMap1G:    11534336 kB

container (cgroup) information:
container_type: cgroupv1
cpu_cpuset_cpus: 0-3
cpu_memory_nodes: 0
active_processor_count: 4
cpu_quota: -1
cpu_period: 100000
cpu_shares: -1
memory_limit_in_bytes: -1
memory_and_swap_limit_in_bytes: -1
memory_soft_limit_in_bytes: -1
memory_usage_in_bytes: 574955520
memory_max_usage_in_bytes: 574976000


CPU:total 4 (initial active 4) (2 cores per cpu, 1 threads per core) family 6 model 85 stepping 4, cmov, cx8, fxsr, mmx, sse, sse2, sse3, ssse3, sse4.1, sse4.2, popcnt, avx, avx2, aes, clmul, erms, 3dnowpref, lzcnt, tsc, tscinvbit, bmi1, bmi2, adx

/proc/cpuinfo:
processor	: 0
vendor_id	: GenuineIntel
cpu family	: 6
model		: 85
model name	: Intel(R) Xeon(R) Gold 6154 CPU @ 3.00GHz
stepping	: 4
microcode	: 0x2006b06
cpu MHz		: 2992.968
cache size	: 25344 KB
physical id	: 0
siblings	: 2
core id		: 0
cpu cores	: 2
apicid		: 0
initial apicid	: 0
fpu		: yes
fpu_exception	: yes
cpuid level	: 22
wp		: yes
flags		: fpu vme de pse tsc msr pae mce cx8 apic sep mtrr pge mca cmov pat pse36 clflush mmx fxsr sse sse2 ss ht syscall nx pdpe1gb rdtscp lm constant_tsc arch_perfmon nopl xtopology tsc_reliable nonstop_tsc cpuid pni pclmulqdq ssse3 fma cx16 pcid sse4_1 sse4_2 x2apic movbe popcnt tsc_deadline_timer aes xsave avx f16c rdrand hypervisor lahf_lm abm 3dnowprefetch cpuid_fault invpcid_single pti ssbd ibrs ibpb stibp fsgsbase tsc_adjust bmi1 avx2 smep bmi2 invpcid avx512f avx512dq rdseed adx smap clflushopt clwb avx512cd avx512bw avx512vl xsaveopt xsavec xsaves arat pku ospke md_clear flush_l1d arch_capabilities
bugs		: cpu_meltdown spectre_v1 spectre_v2 spec_store_bypass l1tf mds swapgs itlb_multihit
bogomips	: 5985.93
clflush size	: 64
cache_alignment	: 64
address sizes	: 43 bits physical, 48 bits virtual
power management:

processor	: 1
vendor_id	: GenuineIntel
cpu family	: 6
model		: 85
model name	: Intel(R) Xeon(R) Gold 6154 CPU @ 3.00GHz
stepping	: 4
microcode	: 0x2006b06
cpu MHz		: 2992.968
cache size	: 25344 KB
physical id	: 0
siblings	: 2
core id		: 1
cpu cores	: 2
apicid		: 1
initial apicid	: 1
fpu		: yes
fpu_exception	: yes
cpuid level	: 22
wp		: yes
flags		: fpu vme de pse tsc msr pae mce cx8 apic sep mtrr pge mca cmov pat pse36 clflush mmx fxsr sse sse2 ss ht syscall nx pdpe1gb rdtscp lm constant_tsc arch_perfmon nopl xtopology tsc_reliable nonstop_tsc cpuid pni pclmulqdq ssse3 fma cx16 pcid sse4_1 sse4_2 x2apic movbe popcnt tsc_deadline_timer aes xsave avx f16c rdrand hypervisor lahf_lm abm 3dnowprefetch cpuid_fault invpcid_single pti ssbd ibrs ibpb stibp fsgsbase tsc_adjust bmi1 avx2 smep bmi2 invpcid avx512f avx512dq rdseed adx smap clflushopt clwb avx512cd avx512bw avx512vl xsaveopt xsavec xsaves arat pku ospke md_clear flush_l1d arch_capabilities
bugs		: cpu_meltdown spectre_v1 spectre_v2 spec_store_bypass l1tf mds swapgs itlb_multihit
bogomips	: 5985.93
clflush size	: 64
cache_alignment	: 64
address sizes	: 43 bits physical, 48 bits virtual
power management:

processor	: 2
vendor_id	: GenuineIntel
cpu family	: 6
model		: 85
model name	: Intel(R) Xeon(R) Gold 6154 CPU @ 3.00GHz
stepping	: 4
microcode	: 0x2006b06
cpu MHz		: 2992.968
cache size	: 25344 KB
physical id	: 1
siblings	: 2
core id		: 0
cpu cores	: 2
apicid		: 2
initial apicid	: 2
fpu		: yes
fpu_exception	: yes
cpuid level	: 22
wp		: yes
flags		: fpu vme de pse tsc msr pae mce cx8 apic sep mtrr pge mca cmov pat pse36 clflush mmx fxsr sse sse2 ss ht syscall nx pdpe1gb rdtscp lm constant_tsc arch_perfmon nopl xtopology tsc_reliable nonstop_tsc cpuid pni pclmulqdq ssse3 fma cx16 pcid sse4_1 sse4_2 x2apic movbe popcnt tsc_deadline_timer aes xsave avx f16c rdrand hypervisor lahf_lm abm 3dnowprefetch cpuid_fault invpcid_single pti ssbd ibrs ibpb stibp fsgsbase tsc_adjust bmi1 avx2 smep bmi2 invpcid avx512f avx512dq rdseed adx smap clflushopt clwb avx512cd avx512bw avx512vl xsaveopt xsavec xsaves arat pku ospke md_clear flush_l1d arch_capabilities
bugs		: cpu_meltdown spectre_v1 spectre_v2 spec_store_bypass l1tf mds swapgs itlb_multihit
bogomips	: 5985.93
clflush size	: 64
cache_alignment	: 64
address sizes	: 43 bits physical, 48 bits virtual
power management:

processor	: 3
vendor_id	: GenuineIntel
cpu family	: 6
model		: 85
model name	: Intel(R) Xeon(R) Gold 6154 CPU @ 3.00GHz
stepping	: 4
microcode	: 0x2006b06
cpu MHz		: 2992.968
cache size	: 25344 KB
physical id	: 1
siblings	: 2
core id		: 1
cpu cores	: 2
apicid		: 3
initial apicid	: 3
fpu		: yes
fpu_exception	: yes
cpuid level	: 22
wp		: yes
flags		: fpu vme de pse tsc msr pae mce cx8 apic sep mtrr pge mca cmov pat pse36 clflush mmx fxsr sse sse2 ss ht syscall nx pdpe1gb rdtscp lm constant_tsc arch_perfmon nopl xtopology tsc_reliable nonstop_tsc cpuid pni pclmulqdq ssse3 fma cx16 pcid sse4_1 sse4_2 x2apic movbe popcnt tsc_deadline_timer aes xsave avx f16c rdrand hypervisor lahf_lm abm 3dnowprefetch cpuid_fault invpcid_single pti ssbd ibrs ibpb stibp fsgsbase tsc_adjust bmi1 avx2 smep bmi2 invpcid avx512f avx512dq rdseed adx smap clflushopt clwb avx512cd avx512bw avx512vl xsaveopt xsavec xsaves arat pku ospke md_clear flush_l1d arch_capabilities
bugs		: cpu_meltdown spectre_v1 spectre_v2 spec_store_bypass l1tf mds swapgs itlb_multihit
bogomips	: 5985.93
clflush size	: 64
cache_alignment	: 64
address sizes	: 43 bits physical, 48 bits virtual
power management:



Memory: 4k page, physical 16211448k(13382100k free), swap 8273916k(8273916k free)

vm_info: Java HotSpot(TM) Server VM (25.281-b09) for linux-x86 JRE (1.8.0_281-b09), built on Dec  9 2020 12:36:01 by "java_re" with gcc 7.3.0

time: Thu Jan 13 02:18:51 2022
timezone: CST
elapsed time: 51067.423614 seconds (0d 14h 11m 7s)

