#
# A fatal error has been detected by the Java Runtime Environment:
#
#  SIGSEGV (0xb) at pc=0x2e2f2e2e, pid=193862, tid=0xf66e7700
#
# JRE version: Java(TM) SE Runtime Environment (8.0_281-b09) (build 1.8.0_281-b09)
# Java VM: Java HotSpot(TM) Server VM (25.281-b09 mixed mode linux-x86 )
# Problematic frame:
# C  0x2e2f2e2e
#
# Core dump written. Default location: /apps/test/mdoff/sys/core or core.193862
#
# If you would like to submit a bug report, please visit:
#   http://bugreport.java.com/bugreport/crash.jsp
# The crash happened outside the Java Virtual Machine in native code.
# See problematic frame for where to report the bug.
#

---------------  T H R E A D  ---------------

Current thread (0x090bb800):  JavaThread "main" [_thread_in_native, id=193862, stack(0xffbae000,0xffcae000)]

siginfo: si_signo: 11 (SIGSEGV), si_code: 2 (SEGV_ACCERR), si_addr: 0x2e2f2e2e

Registers:
EAX=0x00000000, EBX=0x2f2e2f2e, ECX=0xdd07afc1, EDX=0x00000000
ESP=0xffc7ee90, EBP=0x2f2e2f2e, ESI=0x2f2e2f2e, EDI=0x2f2e2f2e
EIP=0x2e2f2e2e, EFLAGS=0x00010282, CR2=0x2e2f2e2e

Top of Stack: (sp=0xffc7ee90)
0xffc7ee90:   2e2e2f2e 2f2e2e2f 2e2f2e2e 2e2e2f2e
0xffc7eea0:   2f2e2e2f dd07000a ffc7f718 ffc7efa4
0xffc7eeb0:   dd07d0d4 dd07d0d4 ffc7f0a4 ffc7f1a4
0xffc7eec0:   dd07d0d4 dd07d0d4 dd07d0d4 dd07d0d4
0xffc7eed0:   dd07d0d4 00000000 00000000 00000000
0xffc7eee0:   00000000 00000000 00000015 00000015
0xffc7eef0:   00000000 00000000 00000000 00000000
0xffc7ef00:   00000000 00000000 00000000 00000000 

Instructions: (pc=0x2e2f2e2e)
0x2e2f2e0e:   00 00 00 00 00 00 00 00 00 00 00 00 00 00 00 00
0x2e2f2e1e:   00 00 00 00 00 00 00 00 00 00 00 00 00 00 00 00
0x2e2f2e2e:   00 00 00 00 00 00 00 00 00 00 00 00 00 00 00 00
0x2e2f2e3e:   00 00 00 00 00 00 00 00 00 00 00 00 00 00 00 00 

Register to memory mapping:

EAX=0x00000000 is an unknown value
EBX=0x2f2e2f2e is an unknown value
ECX=0xdd07afc1: <offset 0x3fc1> in /apps/mtp/mtp/lib/KXWBXN.so at 0xdd077000
EDX=0x00000000 is an unknown value
ESP=0xffc7ee90 is pointing into the stack for thread: 0x090bb800
EBP=0x2f2e2f2e is an unknown value
ESI=0x2f2e2f2e is an unknown value
EDI=0x2f2e2f2e is an unknown value


Stack: [0xffbae000,0xffcae000],  sp=0xffc7ee90,  free space=835k
Native frames: (J=compiled Java code, j=interpreted, Vv=VM code, C=native code)
C  0x2e2f2e2e

Java frames: (J=compiled Java code, j=interpreted, Vv=VM code)
j  com.vcobol.runtime.impl.NativeVCobolCallable.nativeCall00(J)J+0
j  com.vcobol.runtime.impl.NativeVCobolCallable.call([Lcom/vcobol/runtime/memory/Chunk;)J+92
j  com.vcobol.runtime.VCobolRuntime.callCallable(Lcom/vcobol/runtime/ru/RunUnit;Lcom/vcobol/runtime/VCobolCallable;[Lcom/vcobol/runtime/memory/Chunk;)J+21
j  com.vcobol.runtime.VCobolRuntime.callProgram(Lcom/vcobol/runtime/VCobolCallable;[Lcom/vcobol/runtime/memory/Chunk;)J+44
j  KXCALLKIX.PROCEDURE()I+147
j  KXCALLKIX.perform(II)I+39
j  KXCALLKIX.call([Lcom/vcobol/runtime/memory/Chunk;)J+10
j  com.vcobol.runtime.VCobolRuntime.callCallable(Lcom/vcobol/runtime/ru/RunUnit;Lcom/vcobol/runtime/VCobolCallable;[Lcom/vcobol/runtime/memory/Chunk;)J+21
j  com.vcobol.runtime.VCobolRuntime.callProgram(Lcom/vcobol/runtime/VCobolCallable;[Lcom/vcobol/runtime/memory/Chunk;)J+22
j  com.vcobol.runtime.VCobolRuntime.callProgramExtended(Ljava/lang/String;Z[Lcom/vcobol/runtime/memory/Chunk;)J+36
v  ~StubRoutines::call_stub

---------------  P R O C E S S  ---------------

Java Threads: ( => current thread )
  0x09307000 JavaThread "Service Thread" daemon [_thread_blocked, id=193897, stack(0xdccfe000,0xdcdff000)]
  0x09303c00 JavaThread "C1 CompilerThread2" daemon [_thread_blocked, id=193896, stack(0xdd07f000,0xdd0ff000)]
  0x09302000 JavaThread "C2 CompilerThread1" daemon [_thread_blocked, id=193895, stack(0xdd37f000,0xdd3ff000)]
  0x09300000 JavaThread "C2 CompilerThread0" daemon [_thread_blocked, id=193894, stack(0xdd656000,0xdd6d6000)]
  0x092fe800 JavaThread "Attach Listener" daemon [_thread_blocked, id=193893, stack(0xdcdff000,0xdcf00000)]
  0x092e4400 JavaThread "Finalizer" daemon [_thread_blocked, id=193892, stack(0xdd0ff000,0xdd200000)]
  0x092e1400 JavaThread "Reference Handler" daemon [_thread_blocked, id=193891, stack(0xdd3ff000,0xdd500000)]
=>0x090bb800 JavaThread "main" [_thread_in_native, id=193862, stack(0xffbae000,0xffcae000)]

Other Threads:
  0x092dbc00 VMThread [stack: 0xdd6d7000,0xdd757000] [id=193890]
  0x09312000 WatcherThread [stack: 0xdcc7e000,0xdccfe000] [id=193898]

VM state:not at safepoint (normal execution)

VM Mutex/Monitor currently owned by a thread: None

Heap:
 PSYoungGen      total 19200K, used 10361K [0xe3f80000, 0xe54c0000, 0xe6a00000)
  eden space 16640K, 62% used [0xe3f80000,0xe499e6a8,0xe4fc0000)
  from space 2560K, 0% used [0xe5240000,0xe5240000,0xe54c0000)
  to   space 2560K, 0% used [0xe4fc0000,0xe4fc0000,0xe5240000)
 ParOldGen       total 43776K, used 0K [0xdea00000, 0xe14c0000, 0xe3f80000)
  object space 43776K, 0% used [0xdea00000,0xdea00000,0xe14c0000)
 Metaspace       used 4497K, capacity 4666K, committed 4760K, reserved 5424K

Card table byte_map: [0xe6a4e000,0xe6a8f000] byte_map_base: 0xe6359000

Marking Bits: (ParMarkBitMap*) 0xf7b38e60
 Begin Bits: [0xdde00000, 0xde000000)
 End Bits:   [0xde000000, 0xde200000)

Polling page: 0xf7f83000

CodeCache: size=245760Kb used=1581Kb max_used=1596Kb free=244178Kb
 bounds [0xe6e4f000, 0xe708f000, 0xf5e4f000]
 total_blobs=683 nmethods=485 adapters=112
 compilation: enabled

Compilation events (10 events):
Event: 0.271 Thread 0x09303c00 nmethod 483 0xe6fcf948 code [0xe6fcfb20, 0xe6fd0410]
Event: 0.271 Thread 0x09303c00  482       3       java.io.UnixFileSystem::getBooleanAttributes (49 bytes)
Event: 0.272 Thread 0x09303c00 nmethod 482 0xe6fd0a08 code [0xe6fd0b60, 0xe6fd0f84]
Event: 0.272 Thread 0x09303c00  470   !   3       java.util.zip.ZipFile$ZipFileInputStream::read (131 bytes)
Event: 0.272 Thread 0x09303c00 nmethod 470 0xe6fd1208 code [0xe6fd13c0, 0xe6fd1a84]
Event: 0.273 Thread 0x09302000  484  s!   4       sun.misc.URLClassPath::getLoader (243 bytes)
Event: 0.293 Thread 0x09300000 nmethod 477 0xe6fd60c8 code [0xe6fd63e0, 0xe6fd78e0]
Event: 0.293 Thread 0x09300000  485  s    4       sun.misc.URLClassPath::getNextLoader (88 bytes)
Event: 0.296 Thread 0x09302000 nmethod 484 0xe6fd9908 code [0xe6fd9bc0, 0xe6fdaf54]
Event: 0.311 Thread 0x09300000 nmethod 485 0xe6fdc188 code [0xe6fdc420, 0xe6fdd5b4]

GC Heap History (0 events):
No events

Deoptimization events (3 events):
Event: 0.093 Thread 0x090bb800 Uncommon trap: reason=unstable_if action=reinterpret pc=0xe6f06738 method=java.lang.String.indexOf(II)I @ 49
Event: 0.135 Thread 0x090bb800 Uncommon trap: reason=unstable_if action=reinterpret pc=0xe6f2c004 method=java.lang.String.startsWith(Ljava/lang/String;I)Z @ 25
Event: 0.193 Thread 0x090bb800 Uncommon trap: reason=unstable_if action=reinterpret pc=0xe6f0da74 method=java.lang.CharacterDataLatin1.digit(II)I @ 82

Classes redefined (0 events):
No events

Internal exceptions (10 events):
Event: 0.154 Thread 0x090bb800 Exception <a 'java/security/PrivilegedActionException'> (0xe43f20f8) thrown at [/scratch/jenkins/workspace/8-2-build-linux-i586/jdk8u281/880/hotspot/src/share/vm/prims/jvm.cpp, line 1512]
Event: 0.154 Thread 0x090bb800 Exception <a 'java/security/PrivilegedActionException'> (0xe43f2b08) thrown at [/scratch/jenkins/workspace/8-2-build-linux-i586/jdk8u281/880/hotspot/src/share/vm/prims/jvm.cpp, line 1512]
Event: 0.154 Thread 0x090bb800 Exception <a 'java/security/PrivilegedActionException'> (0xe43f2d08) thrown at [/scratch/jenkins/workspace/8-2-build-linux-i586/jdk8u281/880/hotspot/src/share/vm/prims/jvm.cpp, line 1512]
Event: 0.154 Thread 0x090bb800 Exception <a 'java/security/PrivilegedActionException'> (0xe43f3768) thrown at [/scratch/jenkins/workspace/8-2-build-linux-i586/jdk8u281/880/hotspot/src/share/vm/prims/jvm.cpp, line 1512]
Event: 0.154 Thread 0x090bb800 Exception <a 'java/security/PrivilegedActionException'> (0xe43f3968) thrown at [/scratch/jenkins/workspace/8-2-build-linux-i586/jdk8u281/880/hotspot/src/share/vm/prims/jvm.cpp, line 1512]
Event: 0.155 Thread 0x090bb800 Exception <a 'java/security/PrivilegedActionException'> (0xe43f43c8) thrown at [/scratch/jenkins/workspace/8-2-build-linux-i586/jdk8u281/880/hotspot/src/share/vm/prims/jvm.cpp, line 1512]
Event: 0.155 Thread 0x090bb800 Exception <a 'java/security/PrivilegedActionException'> (0xe43f45c8) thrown at [/scratch/jenkins/workspace/8-2-build-linux-i586/jdk8u281/880/hotspot/src/share/vm/prims/jvm.cpp, line 1512]
Event: 0.185 Thread 0x090bb800 Exception <a 'java/lang/NoSuchFieldError': method resolution failed> (0xe4501728) thrown at [/scratch/jenkins/workspace/8-2-build-linux-i586/jdk8u281/880/hotspot/src/share/vm/prims/methodHandles.cpp, line 1169]
Event: 0.185 Thread 0x090bb800 Exception <a 'java/lang/NoSuchFieldError': method resolution failed> (0xe450d8b8) thrown at [/scratch/jenkins/workspace/8-2-build-linux-i586/jdk8u281/880/hotspot/src/share/vm/prims/methodHandles.cpp, line 1169]
Event: 0.195 Thread 0x090bb800 Exception <a 'java/io/FileNotFoundException'> (0xe4586278) thrown at [/scratch/jenkins/workspace/8-2-build-linux-i586/jdk8u281/880/hotspot/src/share/vm/prims/jni.cpp, line 710]

Events (10 events):
Event: 0.268 loading class kxdsptch
Event: 0.268 loading class kxdsptch done
Event: 0.268 loading class KXDSPTCH
Event: 0.268 loading class KXDSPTCH done
Event: 0.268 loading class KXDSPTCH
Event: 0.268 loading class KXDSPTCH done
Event: 0.268 loading class kxdsptch
Event: 0.268 loading class kxdsptch done
Event: 4.071 Executing VM operation: EnableBiasedLocking
Event: 4.071 Executing VM operation: EnableBiasedLocking done


Dynamic libraries:
08048000-08049000 r-xp 00000000 08:10 4194405                            /apps/mtp/TPE16.0.2/bin/unikixtran
08049000-0804a000 r--p 00000000 08:10 4194405                            /apps/mtp/TPE16.0.2/bin/unikixtran
0804a000-0804b000 rw-p 00001000 08:10 4194405                            /apps/mtp/TPE16.0.2/bin/unikixtran
09091000-097a2000 rw-p 00000000 00:00 0                                  [heap]
20000000-50000000 rw-s 00000000 00:01 3                                  /SYSV010a037b (deleted)
50002000-80002000 rw-s 00000000 00:01 4                                  /SYSV00000000 (deleted)
80004000-80a2c000 rw-s 00000000 00:01 5                                  /SYSV00000000 (deleted)
80a2e000-80a5c000 rw-s 00000000 00:01 6                                  /SYSV00000000 (deleted)
80a5e000-84a5f000 rw-s 00000000 00:01 7                                  /SYSV00000000 (deleted)
dc800000-dc87e000 rw-p 00000000 00:00 0 
dc87e000-dc900000 ---p 00000000 00:00 0 
dca00000-dca9d000 rw-p 00000000 00:00 0 
dca9d000-dcb00000 ---p 00000000 00:00 0 
dcb7d000-dcbdd000 rw-p 00000000 00:00 0 
dcbdd000-dcc7d000 ---p 00000000 00:00 0 
dcc7d000-dcc7e000 ---p 00000000 00:00 0 
dcc7e000-dccfe000 rw-p 00000000 00:00 0 
dccfe000-dcd01000 ---p 00000000 00:00 0 
dcd01000-dcdff000 rw-p 00000000 00:00 0 
dcdff000-dce02000 ---p 00000000 00:00 0 
dce02000-dcf00000 rw-p 00000000 00:00 0 
dcf00000-dcff8000 rw-p 00000000 00:00 0 
dcff8000-dd000000 ---p 00000000 00:00 0 
dd04b000-dd05f000 r-xp 00000000 fd:00 134838613                          /usr/lib/libresolv-2.28.so
dd05f000-dd060000 r--p 00013000 fd:00 134838613                          /usr/lib/libresolv-2.28.so
dd060000-dd061000 rw-p 00014000 fd:00 134838613                          /usr/lib/libresolv-2.28.so
dd061000-dd063000 rw-p 00000000 00:00 0 
dd063000-dd068000 r-xp 00000000 fd:00 134838607                          /usr/lib/libnss_dns-2.28.so
dd068000-dd069000 r--p 00004000 fd:00 134838607                          /usr/lib/libnss_dns-2.28.so
dd069000-dd06a000 rw-p 00005000 fd:00 134838607                          /usr/lib/libnss_dns-2.28.so
dd077000-dd07c000 r-xp 00000000 08:10 4195267                            /apps/mtp/TPE16.0.2/lib/KXWBXN.so
dd07c000-dd07d000 r--p 00004000 08:10 4195267                            /apps/mtp/TPE16.0.2/lib/KXWBXN.so
dd07d000-dd07e000 rw-p 00005000 08:10 4195267                            /apps/mtp/TPE16.0.2/lib/KXWBXN.so
dd07e000-dd07f000 ---p 00000000 00:00 0 
dd07f000-dd082000 ---p 00000000 00:00 0 
dd082000-dd0ff000 rw-p 00000000 00:00 0 
dd0ff000-dd102000 ---p 00000000 00:00 0 
dd102000-dd200000 rw-p 00000000 00:00 0 
dd200000-dd2ff000 rw-p 00000000 00:00 0 
dd2ff000-dd300000 ---p 00000000 00:00 0 
dd305000-dd306000 r-xp 00000000 fd:00 2469691                            /opt/lib/cobol/NTT_DATA_COBOL_6.0/native/lib/libvcobolmemory.so
dd306000-dd307000 r--p 00000000 fd:00 2469691                            /opt/lib/cobol/NTT_DATA_COBOL_6.0/native/lib/libvcobolmemory.so
dd307000-dd308000 rw-p 00001000 fd:00 2469691                            /opt/lib/cobol/NTT_DATA_COBOL_6.0/native/lib/libvcobolmemory.so
dd308000-dd30a000 r-xp 00000000 08:10 9045189                            /apps/test/mdoff/sys/local/bin/libkxusrexit.so
dd30a000-dd30b000 r--p 00001000 08:10 9045189                            /apps/test/mdoff/sys/local/bin/libkxusrexit.so
dd30b000-dd30c000 rw-p 00002000 08:10 9045189                            /apps/test/mdoff/sys/local/bin/libkxusrexit.so
dd30c000-dd30d000 rw-p 00000000 00:00 0 
dd30d000-dd30e000 r--s 00002000 08:10 4195716                            /apps/mtp/TPE16.0.2/axis2/axis2-1.7.8/lib/geronimo-annotation_1.0_spec-1.1.jar
dd30e000-dd313000 r--s 0005f000 08:10 4195644                            /apps/mtp/TPE16.0.2/axis2/axis2-1.7.8/lib/jibx-bind-1.2.jar
dd313000-dd314000 r--s 00003000 08:10 4195645                            /apps/mtp/TPE16.0.2/axis2/axis2-1.7.8/lib/axis2-spring-1.7.8.jar
dd314000-dd317000 r--s 0000f000 08:10 4195615                            /apps/mtp/TPE16.0.2/axis2/axis2-1.7.8/lib/commons-fileupload-1.3.3.jar
dd317000-dd322000 r--s 0005d000 08:10 4195611                            /apps/mtp/TPE16.0.2/axis2/axis2-1.7.8/lib/axiom-api-1.2.20.jar
dd322000-dd326000 r--s 00034000 08:10 4195652                            /apps/mtp/TPE16.0.2/axis2/axis2-1.7.8/lib/tribes-6.0.16.jar
dd326000-dd32a000 r--s 00029000 08:10 4195612                            /apps/mtp/TPE16.0.2/axis2/axis2-1.7.8/lib/stax2-api-3.1.1.jar
dd32a000-dd34f000 r--s 001d7000 08:10 4195688                            /apps/mtp/TPE16.0.2/axis2/axis2-1.7.8/lib/jaxb-xjc-2.2.6.jar
dd34f000-dd351000 r--s 00013000 08:10 4195719                            /apps/mtp/TPE16.0.2/axis2/axis2-1.7.8/lib/xml-resolver-1.2.jar
dd351000-dd353000 r--s 00003000 08:10 4195685                            /apps/mtp/TPE16.0.2/axis2/axis2-1.7.8/lib/axis2-fastinfoset-1.7.8.jar
dd353000-dd357000 r--s 00015000 08:10 4195687                            /apps/mtp/TPE16.0.2/axis2/axis2-1.7.8/lib/jaxb-api-2.2.6.jar
dd357000-dd359000 r--s 00009000 08:10 4195621                            /apps/mtp/TPE16.0.2/axis2/axis2-1.7.8/lib/commons-cli-1.2.jar
dd359000-dd366000 r--s 000aa000 08:10 4195708                            /apps/mtp/TPE16.0.2/axis2/axis2-1.7.8/lib/httpclient-4.5.3.jar
dd366000-dd377000 r--s 00136000 08:10 4195663                            /apps/mtp/TPE16.0.2/axis2/axis2-1.7.8/lib/jalopy-1.5rc3.jar
dd377000-dd37e000 r--s 00059000 08:10 4195624                            /apps/mtp/TPE16.0.2/axis2/axis2-1.7.8/lib/log4j-1.2.15.jar
dd37e000-dd37f000 ---p 00000000 00:00 0 
dd37f000-dd382000 ---p 00000000 00:00 0 
dd382000-dd3ff000 rw-p 00000000 00:00 0 
dd3ff000-dd402000 ---p 00000000 00:00 0 
dd402000-dd500000 rw-p 00000000 00:00 0 
dd500000-dd5dd000 rw-p 00000000 00:00 0 
dd5dd000-dd600000 ---p 00000000 00:00 0 
dd600000-dd601000 r--s 00005000 08:10 4195654                            /apps/mtp/TPE16.0.2/axis2/axis2-1.7.8/lib/axis2-ant-plugin-1.7.8.jar
dd601000-dd604000 r--s 00015000 08:10 4195675                            /apps/mtp/TPE16.0.2/axis2/axis2-1.7.8/lib/apache-mime4j-core-0.7.2.jar
dd604000-dd606000 r--s 0000b000 08:10 4195662                            /apps/mtp/TPE16.0.2/axis2/axis2-1.7.8/lib/axis2-transport-xmpp-1.7.8.jar
dd606000-dd608000 r--s 00006000 08:10 4195679                            /apps/mtp/TPE16.0.2/axis2/axis2-1.7.8/lib/commons-codec-1.2.jar
dd608000-dd60d000 r--s 00020000 08:10 4195677                            /apps/mtp/TPE16.0.2/axis2/axis2-1.7.8/lib/wsdl4j-1.6.2.jar
dd60d000-dd617000 r--s 00082000 08:10 4195676                            /apps/mtp/TPE16.0.2/axis2/axis2-1.7.8/lib/axiom-impl-1.2.20.jar
dd617000-dd655000 r--s 0025d000 08:10 4195622                            /apps/mtp/TPE16.0.2/axis2/axis2-1.7.8/lib/xmlbeans-2.6.0.jar
dd655000-dd656000 ---p 00000000 00:00 0 
dd656000-dd659000 ---p 00000000 00:00 0 
dd659000-dd6d6000 rw-p 00000000 00:00 0 
dd6d6000-dd6d7000 ---p 00000000 00:00 0 
dd6d7000-dd757000 rw-p 00000000 00:00 0 
dd757000-dd934000 r--s 03dd0000 fd:00 203051326                          /usr/java/jdk1.8.0_281-i586/jre/lib/rt.jar
dd934000-ddd7a000 rw-p 00000000 00:00 0 
ddd7a000-ddd80000 ---p 00000000 00:00 0 
ddd80000-de200000 rw-p 00000000 00:00 0 
de200000-de221000 rw-p 00000000 00:00 0 
de221000-de300000 ---p 00000000 00:00 0 
de300000-de303000 r--s 00017000 08:10 4195658                            /apps/mtp/TPE16.0.2/axis2/axis2-1.7.8/lib/axis2-transport-base-1.7.8.jar
de303000-de305000 r--s 00006000 08:10 4195649                            /apps/mtp/TPE16.0.2/axis2/axis2-1.7.8/lib/geronimo-saaj_1.3_spec-1.0.1.jar
de305000-de307000 r--s 00007000 08:10 4195655                            /apps/mtp/TPE16.0.2/axis2/axis2-1.7.8/lib/mex-1.7.8-impl.jar
de307000-de309000 r--s 00003000 08:10 4195686                            /apps/mtp/TPE16.0.2/axis2/axis2-1.7.8/lib/axiom-jaxb-1.2.20.jar
de309000-de312000 r--s 00062000 08:10 4195650                            /apps/mtp/TPE16.0.2/axis2/axis2-1.7.8/lib/axis2-metadata-1.7.8.jar
de312000-de314000 r--s 00007000 08:10 4195646                            /apps/mtp/TPE16.0.2/axis2/axis2-1.7.8/lib/axis2-soapmonitor-servlet-1.7.8.jar
de314000-de315000 r--s 00003000 08:10 4195614                            /apps/mtp/TPE16.0.2/axis2/axis2-1.7.8/lib/geronimo-jta_1.1_spec-1.1.jar
de315000-de317000 r--s 0000e000 08:10 4195659                            /apps/mtp/TPE16.0.2/axis2/axis2-1.7.8/lib/activation-1.1.jar
de317000-de319000 r--s 0000c000 08:10 4195682                            /apps/mtp/TPE16.0.2/axis2/axis2-1.7.8/lib/axis2-json-1.7.8.jar
de319000-de31a000 r--s 00006000 08:10 4195660                            /apps/mtp/TPE16.0.2/axis2/axis2-1.7.8/lib/axis2-transport-tcp-1.7.8.jar
de31a000-de31c000 r--s 00006000 08:10 4195647                            /apps/mtp/TPE16.0.2/axis2/axis2-1.7.8/lib/axis2-jaxbri-1.7.8.jar
de31c000-de31e000 r--s 00004000 08:10 4195661                            /apps/mtp/TPE16.0.2/axis2/axis2-1.7.8/lib/axis2-transport-udp-1.7.8.jar
de31e000-de322000 r--s 00028000 08:10 4195684                            /apps/mtp/TPE16.0.2/axis2/axis2-1.7.8/lib/gson-2.1.jar
de322000-de324000 r--s 00012000 08:10 4195689                            /apps/mtp/TPE16.0.2/axis2/axis2-1.7.8/lib/axis2-transport-jms-1.7.8.jar
de324000-de326000 r--s 0002b000 08:10 4195710                            /apps/mtp/TPE16.0.2/axis2/axis2-1.7.8/lib/axis2-adb-codegen-1.7.8.jar
de326000-de32a000 r--s 00026000 08:10 4195617                            /apps/mtp/TPE16.0.2/axis2/axis2-1.7.8/lib/xmlschema-core-2.2.1.jar
de32a000-de330000 r--s 00070000 08:10 4195639                            /apps/mtp/TPE16.0.2/axis2/axis2-1.7.8/lib/woodstox-core-asl-4.2.0.jar
de330000-de339000 r--s 00097000 08:10 4195620                            /apps/mtp/TPE16.0.2/axis2/axis2-1.7.8/lib/axis2-adb-1.7.8.jar
de339000-de33a000 r--s 00007000 08:10 4195636                            /apps/mtp/TPE16.0.2/axis2/axis2-1.7.8/lib/axis2-java2wsdl-1.7.8.jar
de33a000-de350000 r--s 000fa000 08:10 4195648                            /apps/mtp/TPE16.0.2/axis2/axis2-1.7.8/lib/jaxb-impl-2.2.6.jar
de350000-de352000 r--s 00010000 08:10 4195640                            /apps/mtp/TPE16.0.2/axis2/axis2-1.7.8/lib/neethi-3.0.3.jar
de352000-de355000 r--s 00013000 08:10 4195683                            /apps/mtp/TPE16.0.2/axis2/axis2-1.7.8/lib/jettison-1.3.8.jar
de355000-de35b000 r--s 00033000 08:10 4195638                            /apps/mtp/TPE16.0.2/axis2/axis2-1.7.8/lib/jaxen-1.1.6.jar
de35b000-de35c000 r--s 00003000 08:10 4195613                            /apps/mtp/TPE16.0.2/axis2/axis2-1.7.8/lib/geronimo-ws-metadata_2.0_spec-1.1.2.jar
de35c000-de35e000 r--s 00008000 08:10 4195712                            /apps/mtp/TPE16.0.2/axis2/axis2-1.7.8/lib/axis2-jibx-1.7.8.jar
de35e000-de35f000 r--s 00004000 08:10 4195653                            /apps/mtp/TPE16.0.2/axis2/axis2-1.7.8/lib/juli-6.0.16.jar
de35f000-de361000 r--s 00003000 08:10 4195642                            /apps/mtp/TPE16.0.2/axis2/axis2-1.7.8/lib/axis2-transport-local-1.7.8.jar
de361000-de37f000 r--s 0027d000 08:10 4195720                            /apps/mtp/TPE16.0.2/axis2/axis2-1.7.8/lib/xalan-2.7.0.jar
de37f000-de380000 ---p 00000000 00:00 0 
de380000-de400000 rw-p 00000000 00:00 0 
de400000-de421000 rw-p 00000000 00:00 0 
de421000-de500000 ---p 00000000 00:00 0 
de500000-de503000 r--s 00023000 08:10 4195656                            /apps/mtp/TPE16.0.2/axis2/axis2-1.7.8/lib/axis2-corba-1.7.8.jar
de503000-de508000 r--s 00068000 08:10 4195623                            /apps/mtp/TPE16.0.2/axis2/axis2-1.7.8/lib/antlr-2.7.7.jar
de508000-de50a000 r--s 0000a000 08:10 4195618                            /apps/mtp/TPE16.0.2/axis2/axis2-1.7.8/lib/jsr311-api-1.1.1.jar
de50a000-de50d000 r--s 0000c000 08:10 4195717                            /apps/mtp/TPE16.0.2/axis2/axis2-1.7.8/lib/geronimo-jaxws_2.2_spec-1.0.jar
de50d000-de512000 r--s 0003b000 08:10 4195709                            /apps/mtp/TPE16.0.2/axis2/axis2-1.7.8/lib/axis2-codegen-1.7.8.jar
de512000-de51b000 r--s 00053000 08:10 4195641                            /apps/mtp/TPE16.0.2/axis2/axis2-1.7.8/lib/woden-core-1.0M10.jar
de51b000-de526000 r--s 000c2000 08:10 4195643                            /apps/mtp/TPE16.0.2/axis2/axis2-1.7.8/lib/jaxws-tools-2.2.6.jar
de526000-de529000 r--s 00025000 08:10 4195616                            /apps/mtp/TPE16.0.2/axis2/axis2-1.7.8/lib/commons-io-2.1.jar
de529000-de52b000 r--s 00009000 08:10 4195690                            /apps/mtp/TPE16.0.2/axis2/axis2-1.7.8/lib/axis2-transport-mail-1.7.8.jar
de52b000-de537000 r--s 000a3000 08:10 4195681                            /apps/mtp/TPE16.0.2/axis2/axis2-1.7.8/lib/axiom-dom-1.2.20.jar
de537000-de541000 r--s 0008c000 08:10 4195714                            /apps/mtp/TPE16.0.2/axis2/axis2-1.7.8/lib/bcel-findbugs-6.0.jar
de541000-de547000 r--s 00059000 08:10 4195691                            /apps/mtp/TPE16.0.2/axis2/axis2-1.7.8/lib/mail-1.4.jar
de547000-de549000 r--s 0000d000 08:10 4195637                            /apps/mtp/TPE16.0.2/axis2/axis2-1.7.8/lib/commons-logging-1.1.1.jar
de549000-de557000 r--s 000aa000 08:10 4195715                            /apps/mtp/TPE16.0.2/axis2/axis2-1.7.8/lib/axis2-jaxws-1.7.8.jar
de557000-de55a000 r--s 00018000 08:10 4195651                            /apps/mtp/TPE16.0.2/axis2/axis2-1.7.8/lib/axis2-clustering-1.7.8.jar
de55a000-de55d000 r--s 0001d000 08:10 4195713                            /apps/mtp/TPE16.0.2/axis2/axis2-1.7.8/lib/jibx-run-1.2.jar
de55d000-de560000 r--s 00028000 08:10 4195678                            /apps/mtp/TPE16.0.2/axis2/axis2-1.7.8/lib/axis2-transport-http-1.7.8.jar
de560000-de566000 r--s 00045000 08:10 4195680                            /apps/mtp/TPE16.0.2/axis2/axis2-1.7.8/lib/commons-httpclient-3.1.jar
de566000-de573000 r--s 000ee000 08:10 4195707                            /apps/mtp/TPE16.0.2/axis2/axis2-1.7.8/lib/axis2-kernel-1.7.8.jar
de573000-de57f000 r--s 00139000 fd:00 203033609                          /opt/software/sqljdbc_9.2/enu/mssql-jdbc-9.2.1.jre8.jar
de57f000-de580000 ---p 00000000 00:00 0 
de580000-de600000 rw-p 00000000 00:00 0 
de600000-de621000 rw-p 00000000 00:00 0 
de621000-de700000 ---p 00000000 00:00 0 
de700000-de701000 r--s 00003000 08:10 4195657                            /apps/mtp/TPE16.0.2/axis2/axis2-1.7.8/lib/axis2-mtompolicy-1.7.8.jar
de701000-de709000 r--s 00048000 08:10 4195619                            /apps/mtp/TPE16.0.2/axis2/axis2-1.7.8/lib/httpcore-4.4.6.jar
de709000-de768000 r--s 003fa000 fd:00 68304477                           /opt/lib/cobol/NTT_DATA_COBOL_6.0/lib/dependencies/bcprov-jdk15on-162.jar
de768000-de77f000 r--s 00140000 fd:00 2469689                            /opt/lib/cobol/NTT_DATA_COBOL_6.0/lib/vcobol-runtime.jar
de77f000-de780000 ---p 00000000 00:00 0 
de780000-de800000 rw-p 00000000 00:00 0 
de800000-de821000 rw-p 00000000 00:00 0 
de821000-de900000 ---p 00000000 00:00 0 
de900000-de914000 r--s 000c1000 fd:00 68304476                           /opt/lib/cobol/NTT_DATA_COBOL_6.0/lib/dependencies/bcpkix-jdk15on-162.jar
de914000-de97d000 r-xp 00000000 fd:00 2469690                            /opt/lib/cobol/NTT_DATA_COBOL_6.0/native/lib/libvcobol.so
de97d000-de97e000 r--p 00068000 fd:00 2469690                            /opt/lib/cobol/NTT_DATA_COBOL_6.0/native/lib/libvcobol.so
de97e000-de97f000 rw-p 00069000 fd:00 2469690                            /opt/lib/cobol/NTT_DATA_COBOL_6.0/native/lib/libvcobol.so
de97f000-de980000 ---p 00000000 00:00 0 
de980000-e14c0000 rw-p 00000000 00:00 0 
e14c0000-e3f80000 ---p 00000000 00:00 0 
e3f80000-e54c0000 rw-p 00000000 00:00 0 
e54c0000-e6a00000 ---p 00000000 00:00 0 
e6a00000-e6a02000 r--s 00015000 08:10 4195718                            /apps/mtp/TPE16.0.2/axis2/axis2-1.7.8/lib/axis2-saaj-1.7.8.jar
e6a02000-e6a04000 r--s 00006000 08:10 4195674                            /apps/mtp/TPE16.0.2/axis2/axis2-1.7.8/lib/geronimo-stax-api_1.0_spec-1.0.1.jar
e6a04000-e6a06000 r--s 00006000 08:10 4195711                            /apps/mtp/TPE16.0.2/axis2/axis2-1.7.8/lib/axis2-xmlbeans-1.7.8.jar
e6a06000-e6a09000 r--s 00018000 fd:00 68304475                           /opt/lib/cobol/NTT_DATA_COBOL_6.0/lib/dependencies/bcmail-jdk15on-162.jar
e6a09000-e6a0a000 r--s 00007000 08:10 4195233                            /apps/mtp/TPE16.0.2/lib/transutil.jar
e6a0a000-e6a0c000 r-xp 00000000 08:10 4195225                            /apps/mtp/TPE16.0.2/lib/liblang_vcobol.so
e6a0c000-e6a0d000 r--p 00001000 08:10 4195225                            /apps/mtp/TPE16.0.2/lib/liblang_vcobol.so
e6a0d000-e6a0e000 rw-p 00002000 08:10 4195225                            /apps/mtp/TPE16.0.2/lib/liblang_vcobol.so
e6a0e000-e6a12000 r--s 00075000 08:10 4195231                            /apps/mtp/TPE16.0.2/lib/kixsysapi.jar
e6a12000-e6a16000 r--s 00022000 08:10 4195232                            /apps/mtp/TPE16.0.2/lib/dfjcics.jar
e6a16000-e6a17000 r--p 00000000 fd:00 134305720                          /usr/lib/locale/en_US/LC_NUMERIC
e6a17000-e6a18000 r--p 00000000 fd:00 134970733                          /usr/lib/locale/en_US/LC_TIME
e6a18000-e6a1e000 r--p 00000000 fd:00 134305716                          /usr/lib/locale/en_US/LC_COLLATE
e6a1e000-e6a1f000 r--p 00000000 fd:00 134970731                          /usr/lib/locale/en_US/LC_MONETARY
e6a1f000-e6a20000 r--p 00000000 fd:00 68196620                           /usr/lib/locale/en_US/LC_MESSAGES/SYS_LC_MESSAGES
e6a20000-e6a21000 r--p 00000000 fd:00 134305724                          /usr/lib/locale/en_US/LC_PAPER
e6a21000-e6a22000 r--p 00000000 fd:00 134970738                          /usr/lib/locale/en_US/LC_NAME
e6a22000-e6a23000 r--p 00000000 fd:00 134305702                          /usr/lib/locale/en_US/LC_ADDRESS
e6a23000-e6a39000 rw-p 00000000 00:00 0 
e6a39000-e6a4e000 ---p 00000000 00:00 0 
e6a4e000-e6a64000 rw-p 00000000 00:00 0 
e6a64000-e6a78000 ---p 00000000 00:00 0 
e6a78000-e6a84000 rw-p 00000000 00:00 0 
e6a84000-e6a8e000 ---p 00000000 00:00 0 
e6a8e000-e6a98000 rw-p 00000000 00:00 0 
e6a98000-e6e4f000 ---p 00000000 00:00 0 
e6e4f000-e708f000 rwxp 00000000 00:00 0 
e708f000-f5e4f000 ---p 00000000 00:00 0 
f5e4f000-f5e6a000 r-xp 00000000 fd:00 137647970                          /usr/java/jdk1.8.0_281-i586/jre/lib/i386/libzip.so
f5e6a000-f5e6b000 r--p 0001a000 fd:00 137647970                          /usr/java/jdk1.8.0_281-i586/jre/lib/i386/libzip.so
f5e6b000-f5e6c000 rw-p 0001b000 fd:00 137647970                          /usr/java/jdk1.8.0_281-i586/jre/lib/i386/libzip.so
f5e6c000-f5e93000 r-xp 00000000 fd:00 137303138                          /usr/java/jdk1.8.0_281-i586/jre/lib/i386/libjava.so
f5e93000-f5e94000 r--p 00026000 fd:00 137303138                          /usr/java/jdk1.8.0_281-i586/jre/lib/i386/libjava.so
f5e94000-f5e95000 rw-p 00027000 fd:00 137303138                          /usr/java/jdk1.8.0_281-i586/jre/lib/i386/libjava.so
f5e95000-f5ea0000 r-xp 00000000 fd:00 137647969                          /usr/java/jdk1.8.0_281-i586/jre/lib/i386/libverify.so
f5ea0000-f5ea1000 ---p 0000b000 fd:00 137647969                          /usr/java/jdk1.8.0_281-i586/jre/lib/i386/libverify.so
f5ea1000-f5ea2000 r--p 0000b000 fd:00 137647969                          /usr/java/jdk1.8.0_281-i586/jre/lib/i386/libverify.so
f5ea2000-f5ea3000 rw-p 0000c000 fd:00 137647969                          /usr/java/jdk1.8.0_281-i586/jre/lib/i386/libverify.so
f5ea3000-f5ea4000 ---p 00000000 00:00 0 
f5ea4000-f66a4000 rw-p 00000000 00:00 0 
f66a4000-f66b0000 r-xp 00000000 fd:00 134838609                          /usr/lib/libnss_files-2.28.so
f66b0000-f66b1000 r--p 0000b000 fd:00 134838609                          /usr/lib/libnss_files-2.28.so
f66b1000-f66b2000 rw-p 0000c000 fd:00 134838609                          /usr/lib/libnss_files-2.28.so
f66b2000-f66b8000 rw-p 00000000 00:00 0 
f66b8000-f66b9000 r--p 00000000 fd:00 134970732                          /usr/lib/locale/en_US/LC_TELEPHONE
f66b9000-f66ba000 r--p 00000000 fd:00 134970730                          /usr/lib/locale/en_US/LC_MEASUREMENT
f66ba000-f66bd000 rw-p 00000000 00:00 0 
f66bd000-f66c5000 rw-s 00000000 fd:00 201654543                          /tmp/hsperfdata_mtpadmin/193862
f66c5000-f66c6000 r-xp 00000000 08:10 4195246                            /apps/mtp/TPE16.0.2/lib/libkixpli.so
f66c6000-f66c7000 r--p 00000000 08:10 4195246                            /apps/mtp/TPE16.0.2/lib/libkixpli.so
f66c7000-f66c8000 rw-p 00001000 08:10 4195246                            /apps/mtp/TPE16.0.2/lib/libkixpli.so
f66c8000-f66c9000 r-xp 00000000 08:10 9045364                            /apps/test/mdoff/sys/local/bin/libkxtermexit.so
f66c9000-f66ca000 r--p 00000000 08:10 9045364                            /apps/test/mdoff/sys/local/bin/libkxtermexit.so
f66ca000-f66cb000 rw-p 00001000 08:10 9045364                            /apps/test/mdoff/sys/local/bin/libkxtermexit.so
f66cb000-f66e1000 r-xp 00000000 08:10 4195235                            /apps/mtp/TPE16.0.2/lib/libkxsecexit.so
f66e1000-f66e2000 r--p 00015000 08:10 4195235                            /apps/mtp/TPE16.0.2/lib/libkxsecexit.so
f66e2000-f66e3000 rw-p 00016000 08:10 4195235                            /apps/mtp/TPE16.0.2/lib/libkxsecexit.so
f66e3000-f66e9000 rw-p 00000000 00:00 0 
f66e9000-f66eb000 r-xp 00000000 08:10 4195223                            /apps/mtp/TPE16.0.2/lib/liblang_dyn.so
f66eb000-f66ec000 r--p 00001000 08:10 4195223                            /apps/mtp/TPE16.0.2/lib/liblang_dyn.so
f66ec000-f66ed000 rw-p 00002000 08:10 4195223                            /apps/mtp/TPE16.0.2/lib/liblang_dyn.so
f66ed000-f66f5000 r-xp 00000000 fd:00 134838615                          /usr/lib/librt-2.28.so
f66f5000-f66f6000 r--p 00007000 fd:00 134838615                          /usr/lib/librt-2.28.so
f66f6000-f66f7000 rw-p 00008000 fd:00 134838615                          /usr/lib/librt-2.28.so
f66f7000-f66f8000 r-xp 00000000 08:10 9045197                            /apps/test/mdoff/sys/local/bin/libkxrm.so
f66f8000-f66f9000 r--p 00000000 08:10 9045197                            /apps/test/mdoff/sys/local/bin/libkxrm.so
f66f9000-f66fa000 rw-p 00001000 08:10 9045197                            /apps/test/mdoff/sys/local/bin/libkxrm.so
f66fa000-f66fc000 rw-p 00000000 00:00 0 
f66fc000-f6707000 r-xp 00000000 08:10 4195224                            /apps/mtp/TPE16.0.2/lib/libkxtm.so
f6707000-f6708000 r--p 0000a000 08:10 4195224                            /apps/mtp/TPE16.0.2/lib/libkxtm.so
f6708000-f6709000 rw-p 0000b000 08:10 4195224                            /apps/mtp/TPE16.0.2/lib/libkxtm.so
f6709000-f6717000 r-xp 00000000 08:10 4195230                            /apps/mtp/TPE16.0.2/lib/libkxtables.so
f6717000-f6718000 r--p 0000d000 08:10 4195230                            /apps/mtp/TPE16.0.2/lib/libkxtables.so
f6718000-f6719000 rw-p 0000e000 08:10 4195230                            /apps/mtp/TPE16.0.2/lib/libkxtables.so
f6719000-f6739000 r-xp 00000000 fd:00 136722866                          /usr/lib/libcrypt.so.1.1.0
f6739000-f673a000 ---p 00020000 fd:00 136722866                          /usr/lib/libcrypt.so.1.1.0
f673a000-f673b000 r--p 00020000 fd:00 136722866                          /usr/lib/libcrypt.so.1.1.0
f673b000-f6744000 rw-p 00000000 00:00 0 
f6744000-f6760000 r-xp 00000000 fd:00 134838611                          /usr/lib/libpthread-2.28.so
f6760000-f6761000 r--p 0001b000 fd:00 134838611                          /usr/lib/libpthread-2.28.so
f6761000-f6762000 rw-p 0001c000 fd:00 134838611                          /usr/lib/libpthread-2.28.so
f6762000-f6764000 rw-p 00000000 00:00 0 
f6764000-f6834000 r-xp 00000000 fd:00 134838603                          /usr/lib/libm-2.28.so
f6834000-f6835000 r--p 000cf000 fd:00 134838603                          /usr/lib/libm-2.28.so
f6835000-f6836000 rw-p 000d0000 fd:00 134838603                          /usr/lib/libm-2.28.so
f6836000-f6839000 r-xp 00000000 fd:00 134838601                          /usr/lib/libdl-2.28.so
f6839000-f683a000 r--p 00002000 fd:00 134838601                          /usr/lib/libdl-2.28.so
f683a000-f683b000 rw-p 00003000 fd:00 134838601                          /usr/lib/libdl-2.28.so
f683b000-f69dc000 r-xp 00000000 fd:00 134838599                          /usr/lib/libc-2.28.so
f69dc000-f69dd000 ---p 001a1000 fd:00 134838599                          /usr/lib/libc-2.28.so
f69dd000-f69df000 r--p 001a1000 fd:00 134838599                          /usr/lib/libc-2.28.so
f69df000-f69e0000 rw-p 001a3000 fd:00 134838599                          /usr/lib/libc-2.28.so
f69e0000-f69e3000 rw-p 00000000 00:00 0 
f69e3000-f69e4000 r--p 00000000 fd:00 134970729                          /usr/lib/locale/en_US/LC_IDENTIFICATION
f69e4000-f69e5000 rw-p 00000000 00:00 0 
f69e5000-f69e6000 r-xp 00000000 08:10 9045308                            /apps/test/mdoff/sys/local/bin/libkxsockexit.so
f69e6000-f69e7000 r--p 00000000 08:10 9045308                            /apps/test/mdoff/sys/local/bin/libkxsockexit.so
f69e7000-f69e8000 rw-p 00001000 08:10 9045308                            /apps/test/mdoff/sys/local/bin/libkxsockexit.so
f69e8000-f69ea000 r-xp 00000000 08:10 9045255                            /apps/test/mdoff/sys/local/bin/libkxiscexit.so
f69ea000-f69eb000 r--p 00001000 08:10 9045255                            /apps/test/mdoff/sys/local/bin/libkxiscexit.so
f69eb000-f69ec000 rw-p 00002000 08:10 9045255                            /apps/test/mdoff/sys/local/bin/libkxiscexit.so
f69ec000-f69ee000 r-xp 00000000 08:10 9045228                            /apps/test/mdoff/sys/local/bin/libkxconvexit.so
f69ee000-f69ef000 r--p 00001000 08:10 9045228                            /apps/test/mdoff/sys/local/bin/libkxconvexit.so
f69ef000-f69f0000 rw-p 00002000 08:10 9045228                            /apps/test/mdoff/sys/local/bin/libkxconvexit.so
f69f0000-f6cb7000 r-xp 00000000 08:10 4195270                            /apps/mtp/TPE16.0.2/lib/libunikixtran.so
f6cb7000-f6cb8000 r--p 002c6000 08:10 4195270                            /apps/mtp/TPE16.0.2/lib/libunikixtran.so
f6cb8000-f6cd5000 rw-p 002c7000 08:10 4195270                            /apps/mtp/TPE16.0.2/lib/libunikixtran.so
f6cd5000-f6f3d000 rw-p 00000000 00:00 0 
f6f3d000-f7ac0000 r-xp 00000000 fd:00 68223427                           /usr/java/jdk1.8.0_281-i586/jre/lib/i386/server/libjvm.so
f7ac0000-f7ac1000 ---p 00b83000 fd:00 68223427                           /usr/java/jdk1.8.0_281-i586/jre/lib/i386/server/libjvm.so
f7ac1000-f7b08000 r--p 00b83000 fd:00 68223427                           /usr/java/jdk1.8.0_281-i586/jre/lib/i386/server/libjvm.so
f7b08000-f7b25000 rw-p 00bca000 fd:00 68223427                           /usr/java/jdk1.8.0_281-i586/jre/lib/i386/server/libjvm.so
f7b25000-f7f4a000 rw-p 00000000 00:00 0 
f7f4a000-f7f4c000 r-xp 00000000 fd:00 137303152                          /usr/java/jdk1.8.0_281-i586/jre/lib/i386/libjsig.so
f7f4c000-f7f4d000 r--p 00001000 fd:00 137303152                          /usr/java/jdk1.8.0_281-i586/jre/lib/i386/libjsig.so
f7f4d000-f7f4e000 rw-p 00002000 fd:00 137303152                          /usr/java/jdk1.8.0_281-i586/jre/lib/i386/libjsig.so
f7f4e000-f7f51000 rw-p 00000000 00:00 0 
f7f51000-f7f55000 r--p 00000000 00:00 0                                  [vvar]
f7f55000-f7f57000 r-xp 00000000 00:00 0                                  [vdso]
f7f57000-f7f83000 r-xp 00000000 fd:00 134300228                          /usr/lib/ld-2.28.so
f7f83000-f7f84000 r--p 00000000 00:00 0 
f7f84000-f7f85000 r--p 0002c000 fd:00 134300228                          /usr/lib/ld-2.28.so
f7f85000-f7f86000 rw-p 0002d000 fd:00 134300228                          /usr/lib/ld-2.28.so
ffbae000-ffbb1000 ---p 00000000 00:00 0 
ffbb1000-ffcae000 rw-p 00000000 00:00 0                                  [stack]

VM Arguments:
jvm_args: -Dvcobol.jdbc.autocommit=false -Dvcobol.runtime.compile_flags.mandatory= -Dvcobol.runtime.compile_flags.prohibited=-d64 -Xrs -Xss1M -DKIXSYS=/apps/test/mdoff/sys -DKIXPROGS=/apps/test/mdoff/exe/onl:/apps/prod/cid1p/exe/onl -DUNIKIX=/apps/mtp/mtp -Xmx128m -Dvcobol.jdbc.driver=com.microsoft.sqlserver.jdbc.SQLServerDriver -Dvcobol.jdbc.url=jdbc:sqlserver://hov-tstdb01.cso.local:1433;databaseName= -Dvcobol.jdbc.autocommit=False -Djava.library.path=/apps/mtp/mtp/lib:/opt/lib/cobol/NTT_DATA_COBOL_6.0/native/lib/ exit abort 
java_command: <unknown>
java_class_path (initial): /apps/mtp/mtp/lib/dfjcics.jar:/apps/mtp/mtp/lib/kixsysapi.jar:/apps/mtp/mtp/lib/transMQJMS.jar:/apps/mtp/mtp/lib/transutil.jar:/opt/lib/cobol/NTT_DATA_COBOL_6.0/lib/vcobol-runtime.jar:/apps/test/mdoff/sys/local/bin:/apps/mtp/mtp/local/bin:/apps/test/mdoff/exe/onl:/apps/prod/cid1p/exe/onl:/opt/software/sqljdbc/enu/mssql-jdbc-9.2.1.jre8.jar:/apps/mtp/mtp/axis2/current/lib/axis2-xmlbeans-1.7.8.jar:/apps/mtp/mtp/axis2/current/lib/axis2-kernel-1.7.8.jar:/apps/mtp/mtp/axis2/current/lib/geronimo-stax-api_1.0_spec-1.0.1.jar:/apps/mtp/mtp/axis2/current/lib/axis2-saaj-1.7.8.jar:/apps/mtp/mtp/axis2/current/lib/httpcore-4.4.6.jar:/apps/mtp/mtp/axis2/current/lib/commons-httpclient-3.1.jar:/apps/mtp/mtp/axis2/current/lib/axis2-transport-http-1.7.8.jar:/apps/mtp/mtp/axis2/current/lib/jibx-run-1.2.jar:/apps/mtp/mtp/axis2/current/lib/axis2-clustering-1.7.8.jar:/apps/mtp/mtp/axis2/current/lib/axis2-jaxws-1.7.8.jar:/apps/mtp/mtp/axis2/current/lib/commons-logging-1.1.1.jar:/apps/mtp/mtp/axis2/current/lib/mail-1.4.jar:/apps/mtp/mtp/axis2/current/lib/bcel-findbugs-6.0.jar:/apps/mtp/mtp/axis2/current/lib/axiom-dom-1.2.20.jar:/apps/mtp/mtp/axis2/current/lib/axis2-transport-mail-1.7.8.jar:/apps/mtp/mtp/axis2/current/lib/commons-io-2.1.jar:/apps/mtp/mtp/axis2/current/lib/jaxws-tools-2.2.6.jar:/apps/mtp/mtp/axis2/current/lib/woden-core-1.0M10.jar:/apps/mtp/mtp/axis2/current/lib/xalan-2.7.0.jar:/apps/mtp/mtp/axis2/current/lib/axis2-mtompolicy-1.7.8.jar:/apps/mtp/mtp/axis2/current/lib/axis2-codegen-1.7.8.jar:/apps/mtp/mtp/axis2/current/lib/geronimo-jaxws_2.2_spec-1.0.jar:/apps/mtp/mtp/axis2/current/lib/jsr311-api-1.1.1.jar:/apps/mtp/mtp/axis2/current/lib/antlr-2.7.7.jar:/apps/mtp/mtp/axis2/current/lib/axis2-corba-1.7.8.jar:/apps/mtp/mtp/axis2/current/lib/axis2-transport-local-1.7.8.jar:/apps/mtp/mtp/axis2/current/lib/juli-6.0.16.jar:/apps/mtp/mtp/axis2/current/lib/axis2-jibx-1.7.8.jar:/apps/mtp/mtp/axis2/current/lib/geronimo-ws-metadata_2.0_spec-1.1.2.jar:/apps/mtp/
Launcher Type: generic

Environment Variables:
PATH=/usr/java/default/bin:/apps/test/mdoff/sys/local/bin:/apps/mtp/mtp/bin:/usr/bin:/bin
LD_LIBRARY_PATH=/apps/test/mdoff/sys/local/bin:/apps/mtp/mtp/lib:/opt/lib/cobol/NTT_DATA_COBOL_6.0/native/lib:/usr/java/default/jre/lib/i386/server:/usr/java/default/jre/lib/i386
DISPLAY=

Signal Handlers:
SIGSEGV: [libjvm.so+0x94a910], sa_mask[0]=11111111111111111111111111111110, sa_flags=SA_RESTART|SA_SIGINFO
SIGBUS: [libjvm.so+0x94a910], sa_mask[0]=11111111111111111111111111111110, sa_flags=SA_SIGINFO
SIGFPE: [libunikixtran.so+0x256f8b], sa_mask[0]=11111111111111111111111111111110, sa_flags=SA_SIGINFO
SIGPIPE: SIG_IGN, sa_mask[0]=11111111111111111111111111111110, sa_flags=SA_SIGINFO
SIGXFSZ: SIG_DFL, sa_mask[0]=11111111111111111111111111111110, sa_flags=SA_SIGINFO
SIGILL: [libunikixtran.so+0x256f8b], sa_mask[0]=11111111111111111111111111111110, sa_flags=SA_SIGINFO
SIGUSR1: [libunikixtran.so+0x256f8b], sa_mask[0]=11111111011111111101111111111110, sa_flags=SA_SIGINFO
SIGUSR2: [libunikixtran.so+0x256f8b], sa_mask[0]=11111111011111111101111111111110, sa_flags=SA_RESTART|SA_SIGINFO
SIGHUP: [libunikixtran.so+0x256f8b], sa_mask[0]=11111111011111111101111111111110, sa_flags=SA_SIGINFO
SIGINT: [libunikixtran.so+0x256f8b], sa_mask[0]=11111111011111111101111111111110, sa_flags=SA_SIGINFO
SIGTERM: [libunikixtran.so+0x256f8b], sa_mask[0]=11111111011111111101111111111110, sa_flags=SA_SIGINFO
SIGQUIT: [libunikixtran.so+0x256f8b], sa_mask[0]=11111111011111111101111111111110, sa_flags=SA_SIGINFO


---------------  S Y S T E M  ---------------

OS:Red Hat Enterprise Linux release 8.5 (Ootpa)

uname:Linux 4.18.0-348.7.1.el8_5.x86_64 #1 SMP Wed Dec 8 21:51:17 EST 2021 x86_64
libc:glibc 2.28 NPTL 2.28 
rlimit: STACK 8192k, CORE infinity, NPROC 63093, NOFILE 262144, AS infinity
load average:1.20 0.25 0.08

/proc/meminfo:
MemTotal:       16211448 kB
MemFree:        10679220 kB
MemAvailable:   13056824 kB
Buffers:           25104 kB
Cached:          4200364 kB
SwapCached:            0 kB
Active:          2341512 kB
Inactive:        2726832 kB
Active(anon):    1651448 kB
Inactive(anon):   859656 kB
Active(file):     690064 kB
Inactive(file):  1867176 kB
Unevictable:           0 kB
Mlocked:               0 kB
SwapTotal:       8273916 kB
SwapFree:        8273916 kB
Dirty:           1178628 kB
Writeback:             0 kB
AnonPages:        836672 kB
Mapped:          1438612 kB
Shmem:           1668180 kB
KReclaimable:     147060 kB
Slab:             231980 kB
SReclaimable:     147060 kB
SUnreclaim:        84920 kB
KernelStack:       11424 kB
PageTables:        30404 kB
NFS_Unstable:          0 kB
Bounce:                0 kB
WritebackTmp:          0 kB
CommitLimit:    16379640 kB
Committed_AS:    5742400 kB
VmallocTotal:   34359738367 kB
VmallocUsed:           0 kB
VmallocChunk:          0 kB
Percpu:             4384 kB
HardwareCorrupted:     0 kB
AnonHugePages:    385024 kB
ShmemHugePages:        0 kB
ShmemPmdMapped:        0 kB
FileHugePages:         0 kB
FilePmdMapped:         0 kB
HugePages_Total:       0
HugePages_Free:        0
HugePages_Rsvd:        0
HugePages_Surp:        0
Hugepagesize:       2048 kB
Hugetlb:               0 kB
DirectMap4k:      267632 kB
DirectMap2M:     7071744 kB
DirectMap1G:    11534336 kB

container (cgroup) information:
container_type: cgroupv1
cpu_cpuset_cpus: 0-3
cpu_memory_nodes: 0
active_processor_count: 4
cpu_quota: -1
cpu_period: 100000
cpu_shares: -1
memory_limit_in_bytes: -1
memory_and_swap_limit_in_bytes: -1
memory_soft_limit_in_bytes: -1
memory_usage_in_bytes: 2343333888
memory_max_usage_in_bytes: 2343358464


CPU:total 4 (initial active 4) (2 cores per cpu, 1 threads per core) family 6 model 85 stepping 4, cmov, cx8, fxsr, mmx, sse, sse2, sse3, ssse3, sse4.1, sse4.2, popcnt, avx, avx2, aes, clmul, erms, 3dnowpref, lzcnt, tsc, tscinvbit, bmi1, bmi2, adx

/proc/cpuinfo:
processor	: 0
vendor_id	: GenuineIntel
cpu family	: 6
model		: 85
model name	: Intel(R) Xeon(R) Gold 6154 CPU @ 3.00GHz
stepping	: 4
microcode	: 0x2006b06
cpu MHz		: 2992.968
cache size	: 25344 KB
physical id	: 0
siblings	: 2
core id		: 0
cpu cores	: 2
apicid		: 0
initial apicid	: 0
fpu		: yes
fpu_exception	: yes
cpuid level	: 22
wp		: yes
flags		: fpu vme de pse tsc msr pae mce cx8 apic sep mtrr pge mca cmov pat pse36 clflush mmx fxsr sse sse2 ss ht syscall nx pdpe1gb rdtscp lm constant_tsc arch_perfmon nopl xtopology tsc_reliable nonstop_tsc cpuid pni pclmulqdq ssse3 fma cx16 pcid sse4_1 sse4_2 x2apic movbe popcnt tsc_deadline_timer aes xsave avx f16c rdrand hypervisor lahf_lm abm 3dnowprefetch cpuid_fault invpcid_single pti ssbd ibrs ibpb stibp fsgsbase tsc_adjust bmi1 avx2 smep bmi2 invpcid avx512f avx512dq rdseed adx smap clflushopt clwb avx512cd avx512bw avx512vl xsaveopt xsavec xsaves arat pku ospke md_clear flush_l1d arch_capabilities
bugs		: cpu_meltdown spectre_v1 spectre_v2 spec_store_bypass l1tf mds swapgs itlb_multihit
bogomips	: 5985.93
clflush size	: 64
cache_alignment	: 64
address sizes	: 43 bits physical, 48 bits virtual
power management:

processor	: 1
vendor_id	: GenuineIntel
cpu family	: 6
model		: 85
model name	: Intel(R) Xeon(R) Gold 6154 CPU @ 3.00GHz
stepping	: 4
microcode	: 0x2006b06
cpu MHz		: 2992.968
cache size	: 25344 KB
physical id	: 0
siblings	: 2
core id		: 1
cpu cores	: 2
apicid		: 1
initial apicid	: 1
fpu		: yes
fpu_exception	: yes
cpuid level	: 22
wp		: yes
flags		: fpu vme de pse tsc msr pae mce cx8 apic sep mtrr pge mca cmov pat pse36 clflush mmx fxsr sse sse2 ss ht syscall nx pdpe1gb rdtscp lm constant_tsc arch_perfmon nopl xtopology tsc_reliable nonstop_tsc cpuid pni pclmulqdq ssse3 fma cx16 pcid sse4_1 sse4_2 x2apic movbe popcnt tsc_deadline_timer aes xsave avx f16c rdrand hypervisor lahf_lm abm 3dnowprefetch cpuid_fault invpcid_single pti ssbd ibrs ibpb stibp fsgsbase tsc_adjust bmi1 avx2 smep bmi2 invpcid avx512f avx512dq rdseed adx smap clflushopt clwb avx512cd avx512bw avx512vl xsaveopt xsavec xsaves arat pku ospke md_clear flush_l1d arch_capabilities
bugs		: cpu_meltdown spectre_v1 spectre_v2 spec_store_bypass l1tf mds swapgs itlb_multihit
bogomips	: 5985.93
clflush size	: 64
cache_alignment	: 64
address sizes	: 43 bits physical, 48 bits virtual
power management:

processor	: 2
vendor_id	: GenuineIntel
cpu family	: 6
model		: 85
model name	: Intel(R) Xeon(R) Gold 6154 CPU @ 3.00GHz
stepping	: 4
microcode	: 0x2006b06
cpu MHz		: 2992.968
cache size	: 25344 KB
physical id	: 1
siblings	: 2
core id		: 0
cpu cores	: 2
apicid		: 2
initial apicid	: 2
fpu		: yes
fpu_exception	: yes
cpuid level	: 22
wp		: yes
flags		: fpu vme de pse tsc msr pae mce cx8 apic sep mtrr pge mca cmov pat pse36 clflush mmx fxsr sse sse2 ss ht syscall nx pdpe1gb rdtscp lm constant_tsc arch_perfmon nopl xtopology tsc_reliable nonstop_tsc cpuid pni pclmulqdq ssse3 fma cx16 pcid sse4_1 sse4_2 x2apic movbe popcnt tsc_deadline_timer aes xsave avx f16c rdrand hypervisor lahf_lm abm 3dnowprefetch cpuid_fault invpcid_single pti ssbd ibrs ibpb stibp fsgsbase tsc_adjust bmi1 avx2 smep bmi2 invpcid avx512f avx512dq rdseed adx smap clflushopt clwb avx512cd avx512bw avx512vl xsaveopt xsavec xsaves arat pku ospke md_clear flush_l1d arch_capabilities
bugs		: cpu_meltdown spectre_v1 spectre_v2 spec_store_bypass l1tf mds swapgs itlb_multihit
bogomips	: 5985.93
clflush size	: 64
cache_alignment	: 64
address sizes	: 43 bits physical, 48 bits virtual
power management:

processor	: 3
vendor_id	: GenuineIntel
cpu family	: 6
model		: 85
model name	: Intel(R) Xeon(R) Gold 6154 CPU @ 3.00GHz
stepping	: 4
microcode	: 0x2006b06
cpu MHz		: 2992.968
cache size	: 25344 KB
physical id	: 1
siblings	: 2
core id		: 1
cpu cores	: 2
apicid		: 3
initial apicid	: 3
fpu		: yes
fpu_exception	: yes
cpuid level	: 22
wp		: yes
flags		: fpu vme de pse tsc msr pae mce cx8 apic sep mtrr pge mca cmov pat pse36 clflush mmx fxsr sse sse2 ss ht syscall nx pdpe1gb rdtscp lm constant_tsc arch_perfmon nopl xtopology tsc_reliable nonstop_tsc cpuid pni pclmulqdq ssse3 fma cx16 pcid sse4_1 sse4_2 x2apic movbe popcnt tsc_deadline_timer aes xsave avx f16c rdrand hypervisor lahf_lm abm 3dnowprefetch cpuid_fault invpcid_single pti ssbd ibrs ibpb stibp fsgsbase tsc_adjust bmi1 avx2 smep bmi2 invpcid avx512f avx512dq rdseed adx smap clflushopt clwb avx512cd avx512bw avx512vl xsaveopt xsavec xsaves arat pku ospke md_clear flush_l1d arch_capabilities
bugs		: cpu_meltdown spectre_v1 spectre_v2 spec_store_bypass l1tf mds swapgs itlb_multihit
bogomips	: 5985.93
clflush size	: 64
cache_alignment	: 64
address sizes	: 43 bits physical, 48 bits virtual
power management:



Memory: 4k page, physical 16211448k(10677636k free), swap 8273916k(8273916k free)

vm_info: Java HotSpot(TM) Server VM (25.281-b09) for linux-x86 JRE (1.8.0_281-b09), built on Dec  9 2020 12:36:01 by "java_re" with gcc 7.3.0

time: Thu Jan 27 02:18:20 2022
timezone: CST
elapsed time: 604794.484977 seconds (6d 23h 59m 54s)

