#
# A fatal error has been detected by the Java Runtime Environment:
#
#  SIGSEGV (0xb) at pc=0xf6c10f87, pid=265564, tid=0xf675b700
#
# JRE version: Java(TM) SE Runtime Environment (8.0_281-b09) (build 1.8.0_281-b09)
# Java VM: Java HotSpot(TM) Server VM (25.281-b09 mixed mode linux-x86 )
# Problematic frame:
# C  [libunikixtran.so+0x1acf87]  abend+0x68
#
# Core dump written. Default location: /apps/test/mdoff/sys/core or core.265564
#
# If you would like to submit a bug report, please visit:
#   http://bugreport.java.com/bugreport/crash.jsp
# The crash happened outside the Java Virtual Machine in native code.
# See problematic frame for where to report the bug.
#

---------------  T H R E A D  ---------------

Current thread (0x08d82400):  JavaThread "main" [_thread_in_native, id=265564, stack(0xffd79000,0xffe79000)]

siginfo: si_signo: 11 (SIGSEGV), si_code: 1 (SEGV_MAPERR), si_addr: 0x00000014

Registers:
EAX=0x00000000, EBX=0xf6f9e360, ECX=0x00000000, EDX=0x14063000
ESP=0xffe6c090, EBP=0x00000001, ESI=0xffe6c136, EDI=0x4f420b40
EIP=0xf6c10f87, EFLAGS=0x00010246, CR2=0x00000014

Top of Stack: (sp=0xffe6c090)
0xffe6c090:   00063000 00000000 00000020 00000002
0xffe6c0a0:   00000020 f7b39b5c 0000000c f753059c
0xffe6c0b0:   f7b7c000 08d82400 ffe6c0f8 f7533512
0xffe6c0c0:   08d82538 f7b7c000 ffe6c0f8 f753355f
0xffe6c0d0:   00000000 0000000c ffe6c018 00000000
0xffe6c0e0:   00000000 4f420b40 00000001 f6bf3d8d
0xffe6c0f0:   00021085 00000000 00000000 00000000
0xffe6c100:   00000200 08e85ca0 0943b454 de979ff4 

Instructions: (pc=0xf6c10f87)
0xf6c10f67:   00 00 83 b8 c0 02 00 00 00 74 0c c7 04 24 8b 2f
0xf6c10f77:   cf f6 e8 8f fa 06 00 c6 43 03 0c a1 64 e0 f9 f6
0xf6c10f87:   8b 50 14 89 93 b4 00 00 00 8b 40 18 89 83 b8 00
0xf6c10f97:   00 00 80 7e 02 41 75 7f 8b 84 24 98 00 00 00 89 

Register to memory mapping:

EAX=0x00000000 is an unknown value
EBX=0xf6f9e360: xtcb+0 in /apps/mtp/mtp/lib/libunikixtran.so at 0xf6a64000
ECX=0x00000000 is an unknown value
EDX=0x14063000 is an unknown value
ESP=0xffe6c090 is pointing into the stack for thread: 0x08d82400
EBP=0x00000001 is an unknown value
ESI=0xffe6c136 is pointing into the stack for thread: 0x08d82400
EDI=0x4f420b40 is an unknown value


Stack: [0xffd79000,0xffe79000],  sp=0xffe6c090,  free space=972k
Native frames: (J=compiled Java code, j=interpreted, Vv=VM code, C=native code)
C  [libunikixtran.so+0x1acf87]  abend+0x68


---------------  P R O C E S S  ---------------

Java Threads: ( => current thread )
  0x08fcd400 JavaThread "Service Thread" daemon [_thread_blocked, id=265746, stack(0xdcdfe000,0xdceff000)]
  0x08fca000 JavaThread "C1 CompilerThread2" daemon [_thread_blocked, id=265743, stack(0xdd17f000,0xdd1ff000)]
  0x08fc8c00 JavaThread "C2 CompilerThread1" daemon [_thread_blocked, id=265720, stack(0xdd47f000,0xdd4ff000)]
  0x08fc6c00 JavaThread "C2 CompilerThread0" daemon [_thread_blocked, id=265718, stack(0xdd756000,0xdd7d6000)]
  0x08fc5400 JavaThread "Attach Listener" daemon [_thread_blocked, id=265716, stack(0xdceff000,0xdd000000)]
  0x08fab000 JavaThread "Finalizer" daemon [_thread_blocked, id=265710, stack(0xdd1ff000,0xdd300000)]
  0x08fa8000 JavaThread "Reference Handler" daemon [_thread_blocked, id=265706, stack(0xdd4ff000,0xdd600000)]
=>0x08d82400 JavaThread "main" [_thread_in_native, id=265564, stack(0xffd79000,0xffe79000)]

Other Threads:
  0x08fa2400 VMThread [stack: 0xdd7d7000,0xdd857000] [id=265698]
  0x08fcf400 WatcherThread [stack: 0xdcd7e000,0xdcdfe000] [id=265749]

VM state:not at safepoint (normal execution)

VM Mutex/Monitor currently owned by a thread: None

Heap:
 PSYoungGen      total 19200K, used 9307K [0xe3f80000, 0xe54c0000, 0xe6a00000)
  eden space 16640K, 55% used [0xe3f80000,0xe4896c90,0xe4fc0000)
  from space 2560K, 0% used [0xe5240000,0xe5240000,0xe54c0000)
  to   space 2560K, 0% used [0xe4fc0000,0xe4fc0000,0xe5240000)
 ParOldGen       total 43776K, used 0K [0xdea00000, 0xe14c0000, 0xe3f80000)
  object space 43776K, 0% used [0xdea00000,0xdea00000,0xe14c0000)
 Metaspace       used 4338K, capacity 4506K, committed 4632K, reserved 5424K

Card table byte_map: [0xe6ac2000,0xe6b03000] byte_map_base: 0xe63cd000

Marking Bits: (ParMarkBitMap*) 0xf7bace60
 Begin Bits: [0xddf00000, 0xde100000)
 End Bits:   [0xde100000, 0xde300000)

Polling page: 0xf7ff7000

CodeCache: size=245760Kb used=1313Kb max_used=1313Kb free=244446Kb
 bounds [0xe6ec3000, 0xe7103000, 0xf5ec3000]
 total_blobs=583 nmethods=398 adapters=99
 compilation: enabled

Compilation events (10 events):
Event: 1.272 Thread 0x08fca000 nmethod 402 0xe7009d08 code [0xe7009e20, 0xe7009f6c]
Event: 1.272 Thread 0x08fca000  399       3       java.util.Locale::getDefault (4 bytes)
Event: 1.272 Thread 0x08fca000 nmethod 399 0xe700a008 code [0xe700a120, 0xe700a1e0]
Event: 1.272 Thread 0x08fca000  394       3       sun.misc.PerfCounter::increment (6 bytes)
Event: 1.272 Thread 0x08fca000 nmethod 394 0xe700a248 code [0xe700a3e0, 0xe700a9b8]
Event: 1.272 Thread 0x08fca000  403       1       java.util.Hashtable$Entry::getKey (5 bytes)
Event: 1.272 Thread 0x08fca000 nmethod 403 0xe700acc8 code [0xe700adc0, 0xe700ae60]
Event: 1.272 Thread 0x08fca000  404       1       java.util.Hashtable$Entry::getValue (5 bytes)
Event: 1.272 Thread 0x08fca000 nmethod 404 0xe700aec8 code [0xe700afc0, 0xe700b060]
Event: 1.296 Thread 0x08fca000  407       3       java.util.jar.JarFile::maybeInstantiateVerifier (96 bytes)

GC Heap History (0 events):
No events

Deoptimization events (1 events):
Event: 0.795 Thread 0x08d82400 Uncommon trap: reason=unstable_if action=reinterpret pc=0xe6f8d0c4 method=java.lang.String.startsWith(Ljava/lang/String;I)Z @ 25

Classes redefined (0 events):
No events

Internal exceptions (10 events):
Event: 0.797 Thread 0x08d82400 Exception <a 'java/security/PrivilegedActionException'> (0xe43c67d8) thrown at [/scratch/jenkins/workspace/8-2-build-linux-i586/jdk8u281/880/hotspot/src/share/vm/prims/jvm.cpp, line 1512]
Event: 0.797 Thread 0x08d82400 Exception <a 'java/security/PrivilegedActionException'> (0xe43c69d8) thrown at [/scratch/jenkins/workspace/8-2-build-linux-i586/jdk8u281/880/hotspot/src/share/vm/prims/jvm.cpp, line 1512]
Event: 0.797 Thread 0x08d82400 Exception <a 'java/security/PrivilegedActionException'> (0xe43c7438) thrown at [/scratch/jenkins/workspace/8-2-build-linux-i586/jdk8u281/880/hotspot/src/share/vm/prims/jvm.cpp, line 1512]
Event: 0.797 Thread 0x08d82400 Exception <a 'java/security/PrivilegedActionException'> (0xe43c7638) thrown at [/scratch/jenkins/workspace/8-2-build-linux-i586/jdk8u281/880/hotspot/src/share/vm/prims/jvm.cpp, line 1512]
Event: 0.797 Thread 0x08d82400 Exception <a 'java/security/PrivilegedActionException'> (0xe43c8098) thrown at [/scratch/jenkins/workspace/8-2-build-linux-i586/jdk8u281/880/hotspot/src/share/vm/prims/jvm.cpp, line 1512]
Event: 0.797 Thread 0x08d82400 Exception <a 'java/security/PrivilegedActionException'> (0xe43c8298) thrown at [/scratch/jenkins/workspace/8-2-build-linux-i586/jdk8u281/880/hotspot/src/share/vm/prims/jvm.cpp, line 1512]
Event: 0.850 Thread 0x08d82400 Exception <a 'java/lang/NoSuchFieldError': method resolution failed> (0xe44d1480) thrown at [/scratch/jenkins/workspace/8-2-build-linux-i586/jdk8u281/880/hotspot/src/share/vm/prims/methodHandles.cpp, line 1169]
Event: 0.851 Thread 0x08d82400 Exception <a 'java/lang/NoSuchFieldError': method resolution failed> (0xe44dd600) thrown at [/scratch/jenkins/workspace/8-2-build-linux-i586/jdk8u281/880/hotspot/src/share/vm/prims/methodHandles.cpp, line 1169]
Event: 0.882 Thread 0x08d82400 Exception <a 'java/io/FileNotFoundException'> (0xe4556648) thrown at [/scratch/jenkins/workspace/8-2-build-linux-i586/jdk8u281/880/hotspot/src/share/vm/prims/jni.cpp, line 710]
Event: 0.883 Thread 0x08d82400 Exception <a 'java/io/FileNotFoundException'> (0xe45882b0) thrown at [/scratch/jenkins/workspace/8-2-build-linux-i586/jdk8u281/880/hotspot/src/share/vm/prims/jni.cpp, line 710]

Events (10 events):
Event: 1.341 loading class KXCALLKIX
Event: 1.341 loading class KXCALLKIX done
Event: 1.341 loading class java/net/URI
Event: 1.341 loading class java/net/URI done
Event: 1.342 loading class java/net/URI$Parser
Event: 1.342 loading class java/net/URI$Parser done
Event: 1.342 loading class KXCALLKIX
Event: 1.342 loading class KXCALLKIX done
Event: 1.342 loading class kxcallkix
Event: 1.342 loading class kxcallkix done


Dynamic libraries:
08048000-08049000 r-xp 00000000 08:10 4194405                            /apps/mtp/TPE16.0.2/bin/unikixtran
08049000-0804a000 r--p 00000000 08:10 4194405                            /apps/mtp/TPE16.0.2/bin/unikixtran
0804a000-0804b000 rw-p 00001000 08:10 4194405                            /apps/mtp/TPE16.0.2/bin/unikixtran
08d58000-09462000 rw-p 00000000 00:00 0                                  [heap]
20000000-50000000 rw-s 00000000 00:01 19                                 /SYSV010a037b (deleted)
50002000-80002000 rw-s 00000000 00:01 20                                 /SYSV00000000 (deleted)
80004000-80a2c000 rw-s 00000000 00:01 21                                 /SYSV00000000 (deleted)
80a2e000-80a5c000 rw-s 00000000 00:01 22                                 /SYSV00000000 (deleted)
80a5e000-82a5f000 rw-s 00000000 00:01 23                                 /SYSV00000000 (deleted)
dcc7d000-dccbd000 rw-p 00000000 00:00 0 
dccbd000-dcd7d000 ---p 00000000 00:00 0 
dcd7d000-dcd7e000 ---p 00000000 00:00 0 
dcd7e000-dcdfe000 rw-p 00000000 00:00 0 
dcdfe000-dce01000 ---p 00000000 00:00 0 
dce01000-dceff000 rw-p 00000000 00:00 0 
dceff000-dcf02000 ---p 00000000 00:00 0 
dcf02000-dd000000 rw-p 00000000 00:00 0 
dd000000-dd05b000 rw-p 00000000 00:00 0 
dd05b000-dd100000 ---p 00000000 00:00 0 
dd106000-dd108000 r-xp 00000000 08:10 4195244                            /apps/mtp/TPE16.0.2/lib/libkxusrexit.so
dd108000-dd109000 r--p 00001000 08:10 4195244                            /apps/mtp/TPE16.0.2/lib/libkxusrexit.so
dd109000-dd10a000 rw-p 00002000 08:10 4195244                            /apps/mtp/TPE16.0.2/lib/libkxusrexit.so
dd10a000-dd10b000 rw-p 00000000 00:00 0 
dd10b000-dd10c000 r--s 00002000 08:10 4195716                            /apps/mtp/TPE16.0.2/axis2/axis2-1.7.8/lib/geronimo-annotation_1.0_spec-1.1.jar
dd10c000-dd111000 r--s 0005f000 08:10 4195644                            /apps/mtp/TPE16.0.2/axis2/axis2-1.7.8/lib/jibx-bind-1.2.jar
dd111000-dd112000 r--s 00003000 08:10 4195645                            /apps/mtp/TPE16.0.2/axis2/axis2-1.7.8/lib/axis2-spring-1.7.8.jar
dd112000-dd115000 r--s 0000f000 08:10 4195615                            /apps/mtp/TPE16.0.2/axis2/axis2-1.7.8/lib/commons-fileupload-1.3.3.jar
dd115000-dd120000 r--s 0005d000 08:10 4195611                            /apps/mtp/TPE16.0.2/axis2/axis2-1.7.8/lib/axiom-api-1.2.20.jar
dd120000-dd124000 r--s 00034000 08:10 4195652                            /apps/mtp/TPE16.0.2/axis2/axis2-1.7.8/lib/tribes-6.0.16.jar
dd124000-dd128000 r--s 00029000 08:10 4195612                            /apps/mtp/TPE16.0.2/axis2/axis2-1.7.8/lib/stax2-api-3.1.1.jar
dd128000-dd14d000 r--s 001d7000 08:10 4195688                            /apps/mtp/TPE16.0.2/axis2/axis2-1.7.8/lib/jaxb-xjc-2.2.6.jar
dd14d000-dd14f000 r--s 00013000 08:10 4195719                            /apps/mtp/TPE16.0.2/axis2/axis2-1.7.8/lib/xml-resolver-1.2.jar
dd14f000-dd151000 r--s 00003000 08:10 4195685                            /apps/mtp/TPE16.0.2/axis2/axis2-1.7.8/lib/axis2-fastinfoset-1.7.8.jar
dd151000-dd155000 r--s 00015000 08:10 4195687                            /apps/mtp/TPE16.0.2/axis2/axis2-1.7.8/lib/jaxb-api-2.2.6.jar
dd155000-dd156000 r--s 00005000 08:10 4195654                            /apps/mtp/TPE16.0.2/axis2/axis2-1.7.8/lib/axis2-ant-plugin-1.7.8.jar
dd156000-dd163000 r--s 000aa000 08:10 4195708                            /apps/mtp/TPE16.0.2/axis2/axis2-1.7.8/lib/httpclient-4.5.3.jar
dd163000-dd174000 r--s 00136000 08:10 4195663                            /apps/mtp/TPE16.0.2/axis2/axis2-1.7.8/lib/jalopy-1.5rc3.jar
dd174000-dd177000 r--s 00015000 08:10 4195675                            /apps/mtp/TPE16.0.2/axis2/axis2-1.7.8/lib/apache-mime4j-core-0.7.2.jar
dd177000-dd17e000 r--s 00059000 08:10 4195624                            /apps/mtp/TPE16.0.2/axis2/axis2-1.7.8/lib/log4j-1.2.15.jar
dd17e000-dd17f000 ---p 00000000 00:00 0 
dd17f000-dd182000 ---p 00000000 00:00 0 
dd182000-dd1ff000 rw-p 00000000 00:00 0 
dd1ff000-dd202000 ---p 00000000 00:00 0 
dd202000-dd300000 rw-p 00000000 00:00 0 
dd300000-dd348000 rw-p 00000000 00:00 0 
dd348000-dd400000 ---p 00000000 00:00 0 
dd400000-dd402000 r--s 00009000 08:10 4195621                            /apps/mtp/TPE16.0.2/axis2/axis2-1.7.8/lib/commons-cli-1.2.jar
dd402000-dd404000 r--s 0000b000 08:10 4195662                            /apps/mtp/TPE16.0.2/axis2/axis2-1.7.8/lib/axis2-transport-xmpp-1.7.8.jar
dd404000-dd406000 r--s 00006000 08:10 4195679                            /apps/mtp/TPE16.0.2/axis2/axis2-1.7.8/lib/commons-codec-1.2.jar
dd406000-dd409000 r--s 00017000 08:10 4195658                            /apps/mtp/TPE16.0.2/axis2/axis2-1.7.8/lib/axis2-transport-base-1.7.8.jar
dd409000-dd40e000 r--s 00020000 08:10 4195677                            /apps/mtp/TPE16.0.2/axis2/axis2-1.7.8/lib/wsdl4j-1.6.2.jar
dd40e000-dd410000 r--s 00006000 08:10 4195649                            /apps/mtp/TPE16.0.2/axis2/axis2-1.7.8/lib/geronimo-saaj_1.3_spec-1.0.1.jar
dd410000-dd412000 r--s 00007000 08:10 4195655                            /apps/mtp/TPE16.0.2/axis2/axis2-1.7.8/lib/mex-1.7.8-impl.jar
dd412000-dd414000 r--s 00003000 08:10 4195686                            /apps/mtp/TPE16.0.2/axis2/axis2-1.7.8/lib/axiom-jaxb-1.2.20.jar
dd414000-dd41e000 r--s 00082000 08:10 4195676                            /apps/mtp/TPE16.0.2/axis2/axis2-1.7.8/lib/axiom-impl-1.2.20.jar
dd41e000-dd427000 r--s 00062000 08:10 4195650                            /apps/mtp/TPE16.0.2/axis2/axis2-1.7.8/lib/axis2-metadata-1.7.8.jar
dd427000-dd429000 r--s 00007000 08:10 4195646                            /apps/mtp/TPE16.0.2/axis2/axis2-1.7.8/lib/axis2-soapmonitor-servlet-1.7.8.jar
dd429000-dd42a000 r--s 00003000 08:10 4195614                            /apps/mtp/TPE16.0.2/axis2/axis2-1.7.8/lib/geronimo-jta_1.1_spec-1.1.jar
dd42a000-dd42c000 r--s 0000e000 08:10 4195659                            /apps/mtp/TPE16.0.2/axis2/axis2-1.7.8/lib/activation-1.1.jar
dd42c000-dd42e000 r--s 0000c000 08:10 4195682                            /apps/mtp/TPE16.0.2/axis2/axis2-1.7.8/lib/axis2-json-1.7.8.jar
dd42e000-dd46c000 r--s 0025d000 08:10 4195622                            /apps/mtp/TPE16.0.2/axis2/axis2-1.7.8/lib/xmlbeans-2.6.0.jar
dd46c000-dd46e000 r--s 00006000 08:10 4195647                            /apps/mtp/TPE16.0.2/axis2/axis2-1.7.8/lib/axis2-jaxbri-1.7.8.jar
dd46e000-dd470000 r--s 00004000 08:10 4195661                            /apps/mtp/TPE16.0.2/axis2/axis2-1.7.8/lib/axis2-transport-udp-1.7.8.jar
dd470000-dd474000 r--s 00028000 08:10 4195684                            /apps/mtp/TPE16.0.2/axis2/axis2-1.7.8/lib/gson-2.1.jar
dd474000-dd476000 r--s 00012000 08:10 4195689                            /apps/mtp/TPE16.0.2/axis2/axis2-1.7.8/lib/axis2-transport-jms-1.7.8.jar
dd476000-dd478000 r--s 0002b000 08:10 4195710                            /apps/mtp/TPE16.0.2/axis2/axis2-1.7.8/lib/axis2-adb-codegen-1.7.8.jar
dd478000-dd47e000 r--s 00070000 08:10 4195639                            /apps/mtp/TPE16.0.2/axis2/axis2-1.7.8/lib/woodstox-core-asl-4.2.0.jar
dd47e000-dd47f000 ---p 00000000 00:00 0 
dd47f000-dd482000 ---p 00000000 00:00 0 
dd482000-dd4ff000 rw-p 00000000 00:00 0 
dd4ff000-dd502000 ---p 00000000 00:00 0 
dd502000-dd600000 rw-p 00000000 00:00 0 
dd600000-dd6eb000 rw-p 00000000 00:00 0 
dd6eb000-dd700000 ---p 00000000 00:00 0 
dd700000-dd701000 r--s 00006000 08:10 4195660                            /apps/mtp/TPE16.0.2/axis2/axis2-1.7.8/lib/axis2-transport-tcp-1.7.8.jar
dd701000-dd705000 r--s 00026000 08:10 4195617                            /apps/mtp/TPE16.0.2/axis2/axis2-1.7.8/lib/xmlschema-core-2.2.1.jar
dd705000-dd70e000 r--s 00097000 08:10 4195620                            /apps/mtp/TPE16.0.2/axis2/axis2-1.7.8/lib/axis2-adb-1.7.8.jar
dd70e000-dd70f000 r--s 00007000 08:10 4195636                            /apps/mtp/TPE16.0.2/axis2/axis2-1.7.8/lib/axis2-java2wsdl-1.7.8.jar
dd70f000-dd725000 r--s 000fa000 08:10 4195648                            /apps/mtp/TPE16.0.2/axis2/axis2-1.7.8/lib/jaxb-impl-2.2.6.jar
dd725000-dd727000 r--s 00010000 08:10 4195640                            /apps/mtp/TPE16.0.2/axis2/axis2-1.7.8/lib/neethi-3.0.3.jar
dd727000-dd72a000 r--s 00013000 08:10 4195683                            /apps/mtp/TPE16.0.2/axis2/axis2-1.7.8/lib/jettison-1.3.8.jar
dd72a000-dd730000 r--s 00033000 08:10 4195638                            /apps/mtp/TPE16.0.2/axis2/axis2-1.7.8/lib/jaxen-1.1.6.jar
dd730000-dd731000 r--s 00003000 08:10 4195613                            /apps/mtp/TPE16.0.2/axis2/axis2-1.7.8/lib/geronimo-ws-metadata_2.0_spec-1.1.2.jar
dd731000-dd733000 r--s 00008000 08:10 4195712                            /apps/mtp/TPE16.0.2/axis2/axis2-1.7.8/lib/axis2-jibx-1.7.8.jar
dd733000-dd734000 r--s 00004000 08:10 4195653                            /apps/mtp/TPE16.0.2/axis2/axis2-1.7.8/lib/juli-6.0.16.jar
dd734000-dd737000 r--s 00023000 08:10 4195656                            /apps/mtp/TPE16.0.2/axis2/axis2-1.7.8/lib/axis2-corba-1.7.8.jar
dd737000-dd755000 r--s 0027d000 08:10 4195720                            /apps/mtp/TPE16.0.2/axis2/axis2-1.7.8/lib/xalan-2.7.0.jar
dd755000-dd756000 ---p 00000000 00:00 0 
dd756000-dd759000 ---p 00000000 00:00 0 
dd759000-dd7d6000 rw-p 00000000 00:00 0 
dd7d6000-dd7d7000 ---p 00000000 00:00 0 
dd7d7000-dd857000 rw-p 00000000 00:00 0 
dd857000-dda34000 r--s 03dd0000 fd:00 203051326                          /usr/java/jdk1.8.0_281-i586/jre/lib/rt.jar
dda34000-dde7a000 rw-p 00000000 00:00 0 
dde7a000-dde80000 ---p 00000000 00:00 0 
dde80000-de300000 rw-p 00000000 00:00 0 
de300000-de321000 rw-p 00000000 00:00 0 
de321000-de400000 ---p 00000000 00:00 0 
de400000-de402000 r--s 00003000 08:10 4195642                            /apps/mtp/TPE16.0.2/axis2/axis2-1.7.8/lib/axis2-transport-local-1.7.8.jar
de402000-de407000 r--s 00068000 08:10 4195623                            /apps/mtp/TPE16.0.2/axis2/axis2-1.7.8/lib/antlr-2.7.7.jar
de407000-de409000 r--s 0000a000 08:10 4195618                            /apps/mtp/TPE16.0.2/axis2/axis2-1.7.8/lib/jsr311-api-1.1.1.jar
de409000-de40c000 r--s 0000c000 08:10 4195717                            /apps/mtp/TPE16.0.2/axis2/axis2-1.7.8/lib/geronimo-jaxws_2.2_spec-1.0.jar
de40c000-de415000 r--s 00053000 08:10 4195641                            /apps/mtp/TPE16.0.2/axis2/axis2-1.7.8/lib/woden-core-1.0M10.jar
de415000-de420000 r--s 000c2000 08:10 4195643                            /apps/mtp/TPE16.0.2/axis2/axis2-1.7.8/lib/jaxws-tools-2.2.6.jar
de420000-de47f000 r--s 003fa000 fd:00 68304515                           /opt/lib/cobol/NTT_DATA_COBOL_6.0/lib/dependencies/bcprov-jdk15on-162.jar
de47f000-de480000 ---p 00000000 00:00 0 
de480000-de500000 rw-p 00000000 00:00 0 
de500000-de521000 rw-p 00000000 00:00 0 
de521000-de600000 ---p 00000000 00:00 0 
de600000-de605000 r--s 0003b000 08:10 4195709                            /apps/mtp/TPE16.0.2/axis2/axis2-1.7.8/lib/axis2-codegen-1.7.8.jar
de605000-de608000 r--s 00025000 08:10 4195616                            /apps/mtp/TPE16.0.2/axis2/axis2-1.7.8/lib/commons-io-2.1.jar
de608000-de60a000 r--s 00009000 08:10 4195690                            /apps/mtp/TPE16.0.2/axis2/axis2-1.7.8/lib/axis2-transport-mail-1.7.8.jar
de60a000-de616000 r--s 000a3000 08:10 4195681                            /apps/mtp/TPE16.0.2/axis2/axis2-1.7.8/lib/axiom-dom-1.2.20.jar
de616000-de620000 r--s 0008c000 08:10 4195714                            /apps/mtp/TPE16.0.2/axis2/axis2-1.7.8/lib/bcel-findbugs-6.0.jar
de620000-de626000 r--s 00059000 08:10 4195691                            /apps/mtp/TPE16.0.2/axis2/axis2-1.7.8/lib/mail-1.4.jar
de626000-de628000 r--s 0000d000 08:10 4195637                            /apps/mtp/TPE16.0.2/axis2/axis2-1.7.8/lib/commons-logging-1.1.1.jar
de628000-de636000 r--s 000aa000 08:10 4195715                            /apps/mtp/TPE16.0.2/axis2/axis2-1.7.8/lib/axis2-jaxws-1.7.8.jar
de636000-de639000 r--s 00018000 08:10 4195651                            /apps/mtp/TPE16.0.2/axis2/axis2-1.7.8/lib/axis2-clustering-1.7.8.jar
de639000-de63c000 r--s 0001d000 08:10 4195713                            /apps/mtp/TPE16.0.2/axis2/axis2-1.7.8/lib/jibx-run-1.2.jar
de63c000-de63f000 r--s 00028000 08:10 4195678                            /apps/mtp/TPE16.0.2/axis2/axis2-1.7.8/lib/axis2-transport-http-1.7.8.jar
de63f000-de647000 r--s 00048000 08:10 4195619                            /apps/mtp/TPE16.0.2/axis2/axis2-1.7.8/lib/httpcore-4.4.6.jar
de647000-de654000 r--s 000ee000 08:10 4195707                            /apps/mtp/TPE16.0.2/axis2/axis2-1.7.8/lib/axis2-kernel-1.7.8.jar
de654000-de668000 r--s 000c1000 fd:00 68304514                           /opt/lib/cobol/NTT_DATA_COBOL_6.0/lib/dependencies/bcpkix-jdk15on-162.jar
de668000-de67f000 r--s 0013e000 fd:00 2424346                            /opt/lib/cobol/NTT_DATA_COBOL_6.0/lib/vcobol-runtime.jar
de67f000-de680000 ---p 00000000 00:00 0 
de680000-de700000 rw-p 00000000 00:00 0 
de700000-de721000 rw-p 00000000 00:00 0 
de721000-de800000 ---p 00000000 00:00 0 
de800000-de821000 rw-p 00000000 00:00 0 
de821000-de900000 ---p 00000000 00:00 0 
de900000-de901000 r--s 00003000 08:10 4195657                            /apps/mtp/TPE16.0.2/axis2/axis2-1.7.8/lib/axis2-mtompolicy-1.7.8.jar
de901000-de907000 r--s 00045000 08:10 4195680                            /apps/mtp/TPE16.0.2/axis2/axis2-1.7.8/lib/commons-httpclient-3.1.jar
de907000-de909000 r--s 00015000 08:10 4195718                            /apps/mtp/TPE16.0.2/axis2/axis2-1.7.8/lib/axis2-saaj-1.7.8.jar
de909000-de90b000 r--s 00006000 08:10 4195674                            /apps/mtp/TPE16.0.2/axis2/axis2-1.7.8/lib/geronimo-stax-api_1.0_spec-1.0.1.jar
de90b000-de90d000 r--s 00006000 08:10 4195711                            /apps/mtp/TPE16.0.2/axis2/axis2-1.7.8/lib/axis2-xmlbeans-1.7.8.jar
de90d000-de910000 r--s 00018000 fd:00 68304513                           /opt/lib/cobol/NTT_DATA_COBOL_6.0/lib/dependencies/bcmail-jdk15on-162.jar
de910000-de979000 r-xp 00000000 fd:00 2424358                            /opt/lib/cobol/NTT_DATA_COBOL_6.0/native/lib/libvcobol.so
de979000-de97a000 r--p 00068000 fd:00 2424358                            /opt/lib/cobol/NTT_DATA_COBOL_6.0/native/lib/libvcobol.so
de97a000-de97b000 rw-p 00069000 fd:00 2424358                            /opt/lib/cobol/NTT_DATA_COBOL_6.0/native/lib/libvcobol.so
de97b000-de97d000 r-xp 00000000 08:10 4195225                            /apps/mtp/TPE16.0.2/lib/liblang_vcobol.so
de97d000-de97e000 r--p 00001000 08:10 4195225                            /apps/mtp/TPE16.0.2/lib/liblang_vcobol.so
de97e000-de97f000 rw-p 00002000 08:10 4195225                            /apps/mtp/TPE16.0.2/lib/liblang_vcobol.so
de97f000-de980000 ---p 00000000 00:00 0 
de980000-e14c0000 rw-p 00000000 00:00 0 
e14c0000-e3f80000 ---p 00000000 00:00 0 
e3f80000-e54c0000 rw-p 00000000 00:00 0 
e54c0000-e6a00000 ---p 00000000 00:00 0 
e6a00000-e6a01000 r--s 00007000 08:10 4195233                            /apps/mtp/TPE16.0.2/lib/transutil.jar
e6a01000-e6a05000 r--s 00075000 08:10 4195231                            /apps/mtp/TPE16.0.2/lib/kixsysapi.jar
e6a05000-e6a09000 r--s 00022000 08:10 4195232                            /apps/mtp/TPE16.0.2/lib/dfjcics.jar
e6a09000-e6a0a000 r--p 00000000 fd:00 134305721                          /usr/lib/locale/en_US/LC_NUMERIC
e6a0a000-e6a0b000 r--p 00000000 fd:00 134305710                          /usr/lib/locale/en_US/LC_TIME
e6a0b000-e6a11000 r--p 00000000 fd:00 134305717                          /usr/lib/locale/en_US/LC_COLLATE
e6a11000-e6a12000 r--p 00000000 fd:00 134305708                          /usr/lib/locale/en_US/LC_MONETARY
e6a12000-e6a13000 r--p 00000000 fd:00 68251861                           /usr/lib/locale/en_US/LC_MESSAGES/SYS_LC_MESSAGES
e6a13000-e6a14000 r--p 00000000 fd:00 134305725                          /usr/lib/locale/en_US/LC_PAPER
e6a14000-e6a15000 r--p 00000000 fd:00 134305726                          /usr/lib/locale/en_US/LC_NAME
e6a15000-e6a16000 r--p 00000000 fd:00 134305703                          /usr/lib/locale/en_US/LC_ADDRESS
e6a16000-e6a17000 ---p 00000000 00:00 0 
e6a17000-e6aad000 rw-p 00000000 00:00 0 
e6aad000-e6ac2000 ---p 00000000 00:00 0 
e6ac2000-e6ad8000 rw-p 00000000 00:00 0 
e6ad8000-e6aec000 ---p 00000000 00:00 0 
e6aec000-e6af8000 rw-p 00000000 00:00 0 
e6af8000-e6b02000 ---p 00000000 00:00 0 
e6b02000-e6b0c000 rw-p 00000000 00:00 0 
e6b0c000-e6ec3000 ---p 00000000 00:00 0 
e6ec3000-e7103000 rwxp 00000000 00:00 0 
e7103000-f5ec3000 ---p 00000000 00:00 0 
f5ec3000-f5ede000 r-xp 00000000 fd:00 137647970                          /usr/java/jdk1.8.0_281-i586/jre/lib/i386/libzip.so
f5ede000-f5edf000 r--p 0001a000 fd:00 137647970                          /usr/java/jdk1.8.0_281-i586/jre/lib/i386/libzip.so
f5edf000-f5ee0000 rw-p 0001b000 fd:00 137647970                          /usr/java/jdk1.8.0_281-i586/jre/lib/i386/libzip.so
f5ee0000-f5f07000 r-xp 00000000 fd:00 137303138                          /usr/java/jdk1.8.0_281-i586/jre/lib/i386/libjava.so
f5f07000-f5f08000 r--p 00026000 fd:00 137303138                          /usr/java/jdk1.8.0_281-i586/jre/lib/i386/libjava.so
f5f08000-f5f09000 rw-p 00027000 fd:00 137303138                          /usr/java/jdk1.8.0_281-i586/jre/lib/i386/libjava.so
f5f09000-f5f14000 r-xp 00000000 fd:00 137647969                          /usr/java/jdk1.8.0_281-i586/jre/lib/i386/libverify.so
f5f14000-f5f15000 ---p 0000b000 fd:00 137647969                          /usr/java/jdk1.8.0_281-i586/jre/lib/i386/libverify.so
f5f15000-f5f16000 r--p 0000b000 fd:00 137647969                          /usr/java/jdk1.8.0_281-i586/jre/lib/i386/libverify.so
f5f16000-f5f17000 rw-p 0000c000 fd:00 137647969                          /usr/java/jdk1.8.0_281-i586/jre/lib/i386/libverify.so
f5f17000-f5f18000 ---p 00000000 00:00 0 
f5f18000-f6718000 rw-p 00000000 00:00 0 
f6718000-f6724000 r-xp 00000000 fd:00 134838610                          /usr/lib/libnss_files-2.28.so
f6724000-f6725000 r--p 0000b000 fd:00 134838610                          /usr/lib/libnss_files-2.28.so
f6725000-f6726000 rw-p 0000c000 fd:00 134838610                          /usr/lib/libnss_files-2.28.so
f6726000-f672c000 rw-p 00000000 00:00 0 
f672c000-f672d000 r--p 00000000 fd:00 134305709                          /usr/lib/locale/en_US/LC_TELEPHONE
f672d000-f672e000 r--p 00000000 fd:00 134305707                          /usr/lib/locale/en_US/LC_MEASUREMENT
f672e000-f6731000 rw-p 00000000 00:00 0 
f6731000-f6739000 rw-s 00000000 fd:00 134969087                          /tmp/hsperfdata_mtpadmin/265564
f6739000-f673a000 r-xp 00000000 08:10 4195246                            /apps/mtp/TPE16.0.2/lib/libkixpli.so
f673a000-f673b000 r--p 00000000 08:10 4195246                            /apps/mtp/TPE16.0.2/lib/libkixpli.so
f673b000-f673c000 rw-p 00001000 08:10 4195246                            /apps/mtp/TPE16.0.2/lib/libkixpli.so
f673c000-f673d000 r-xp 00000000 08:10 4195242                            /apps/mtp/TPE16.0.2/lib/libkxtermexit.so
f673d000-f673e000 r--p 00000000 08:10 4195242                            /apps/mtp/TPE16.0.2/lib/libkxtermexit.so
f673e000-f673f000 rw-p 00001000 08:10 4195242                            /apps/mtp/TPE16.0.2/lib/libkxtermexit.so
f673f000-f6755000 r-xp 00000000 08:10 4195235                            /apps/mtp/TPE16.0.2/lib/libkxsecexit.so
f6755000-f6756000 r--p 00015000 08:10 4195235                            /apps/mtp/TPE16.0.2/lib/libkxsecexit.so
f6756000-f6757000 rw-p 00016000 08:10 4195235                            /apps/mtp/TPE16.0.2/lib/libkxsecexit.so
f6757000-f675d000 rw-p 00000000 00:00 0 
f675d000-f675f000 r-xp 00000000 08:10 4195223                            /apps/mtp/TPE16.0.2/lib/liblang_dyn.so
f675f000-f6760000 r--p 00001000 08:10 4195223                            /apps/mtp/TPE16.0.2/lib/liblang_dyn.so
f6760000-f6761000 rw-p 00002000 08:10 4195223                            /apps/mtp/TPE16.0.2/lib/liblang_dyn.so
f6761000-f6769000 r-xp 00000000 fd:00 134838616                          /usr/lib/librt-2.28.so
f6769000-f676a000 r--p 00007000 fd:00 134838616                          /usr/lib/librt-2.28.so
f676a000-f676b000 rw-p 00008000 fd:00 134838616                          /usr/lib/librt-2.28.so
f676b000-f676c000 r-xp 00000000 08:10 4195227                            /apps/mtp/TPE16.0.2/lib/libkxrm.so
f676c000-f676d000 r--p 00000000 08:10 4195227                            /apps/mtp/TPE16.0.2/lib/libkxrm.so
f676d000-f676e000 rw-p 00001000 08:10 4195227                            /apps/mtp/TPE16.0.2/lib/libkxrm.so
f676e000-f6770000 rw-p 00000000 00:00 0 
f6770000-f677b000 r-xp 00000000 08:10 4195224                            /apps/mtp/TPE16.0.2/lib/libkxtm.so
f677b000-f677c000 r--p 0000a000 08:10 4195224                            /apps/mtp/TPE16.0.2/lib/libkxtm.so
f677c000-f677d000 rw-p 0000b000 08:10 4195224                            /apps/mtp/TPE16.0.2/lib/libkxtm.so
f677d000-f678b000 r-xp 00000000 08:10 4195230                            /apps/mtp/TPE16.0.2/lib/libkxtables.so
f678b000-f678c000 r--p 0000d000 08:10 4195230                            /apps/mtp/TPE16.0.2/lib/libkxtables.so
f678c000-f678d000 rw-p 0000e000 08:10 4195230                            /apps/mtp/TPE16.0.2/lib/libkxtables.so
f678d000-f67ae000 r-xp 00000000 fd:00 136722898                          /usr/lib/libcrypt.so.1.1.0
f67ae000-f67af000 r--p 00020000 fd:00 136722898                          /usr/lib/libcrypt.so.1.1.0
f67af000-f67b8000 rw-p 00000000 00:00 0 
f67b8000-f67d4000 r-xp 00000000 fd:00 134838612                          /usr/lib/libpthread-2.28.so
f67d4000-f67d5000 r--p 0001b000 fd:00 134838612                          /usr/lib/libpthread-2.28.so
f67d5000-f67d6000 rw-p 0001c000 fd:00 134838612                          /usr/lib/libpthread-2.28.so
f67d6000-f67d8000 rw-p 00000000 00:00 0 
f67d8000-f68a8000 r-xp 00000000 fd:00 134838604                          /usr/lib/libm-2.28.so
f68a8000-f68a9000 r--p 000cf000 fd:00 134838604                          /usr/lib/libm-2.28.so
f68a9000-f68aa000 rw-p 000d0000 fd:00 134838604                          /usr/lib/libm-2.28.so
f68aa000-f68ad000 r-xp 00000000 fd:00 134838602                          /usr/lib/libdl-2.28.so
f68ad000-f68ae000 r--p 00002000 fd:00 134838602                          /usr/lib/libdl-2.28.so
f68ae000-f68af000 rw-p 00003000 fd:00 134838602                          /usr/lib/libdl-2.28.so
f68af000-f6a50000 r-xp 00000000 fd:00 134838600                          /usr/lib/libc-2.28.so
f6a50000-f6a51000 ---p 001a1000 fd:00 134838600                          /usr/lib/libc-2.28.so
f6a51000-f6a53000 r--p 001a1000 fd:00 134838600                          /usr/lib/libc-2.28.so
f6a53000-f6a54000 rw-p 001a3000 fd:00 134838600                          /usr/lib/libc-2.28.so
f6a54000-f6a57000 rw-p 00000000 00:00 0 
f6a57000-f6a58000 r--p 00000000 fd:00 134305704                          /usr/lib/locale/en_US/LC_IDENTIFICATION
f6a58000-f6a59000 rw-p 00000000 00:00 0 
f6a59000-f6a5a000 r-xp 00000000 08:10 4195273                            /apps/mtp/TPE16.0.2/lib/libkxsockexit.so
f6a5a000-f6a5b000 r--p 00000000 08:10 4195273                            /apps/mtp/TPE16.0.2/lib/libkxsockexit.so
f6a5b000-f6a5c000 rw-p 00001000 08:10 4195273                            /apps/mtp/TPE16.0.2/lib/libkxsockexit.so
f6a5c000-f6a5e000 r-xp 00000000 08:10 4195272                            /apps/mtp/TPE16.0.2/lib/libkxiscexit.so
f6a5e000-f6a5f000 r--p 00001000 08:10 4195272                            /apps/mtp/TPE16.0.2/lib/libkxiscexit.so
f6a5f000-f6a60000 rw-p 00002000 08:10 4195272                            /apps/mtp/TPE16.0.2/lib/libkxiscexit.so
f6a60000-f6a62000 r-xp 00000000 08:10 4195271                            /apps/mtp/TPE16.0.2/lib/libkxconvexit.so
f6a62000-f6a63000 r--p 00001000 08:10 4195271                            /apps/mtp/TPE16.0.2/lib/libkxconvexit.so
f6a63000-f6a64000 rw-p 00002000 08:10 4195271                            /apps/mtp/TPE16.0.2/lib/libkxconvexit.so
f6a64000-f6d2b000 r-xp 00000000 08:10 4195270                            /apps/mtp/TPE16.0.2/lib/libunikixtran.so
f6d2b000-f6d2c000 r--p 002c6000 08:10 4195270                            /apps/mtp/TPE16.0.2/lib/libunikixtran.so
f6d2c000-f6d49000 rw-p 002c7000 08:10 4195270                            /apps/mtp/TPE16.0.2/lib/libunikixtran.so
f6d49000-f6fb1000 rw-p 00000000 00:00 0 
f6fb1000-f7b34000 r-xp 00000000 fd:00 68223427                           /usr/java/jdk1.8.0_281-i586/jre/lib/i386/server/libjvm.so
f7b34000-f7b35000 ---p 00b83000 fd:00 68223427                           /usr/java/jdk1.8.0_281-i586/jre/lib/i386/server/libjvm.so
f7b35000-f7b7c000 r--p 00b83000 fd:00 68223427                           /usr/java/jdk1.8.0_281-i586/jre/lib/i386/server/libjvm.so
f7b7c000-f7b99000 rw-p 00bca000 fd:00 68223427                           /usr/java/jdk1.8.0_281-i586/jre/lib/i386/server/libjvm.so
f7b99000-f7fbe000 rw-p 00000000 00:00 0 
f7fbe000-f7fc0000 r-xp 00000000 fd:00 137303152                          /usr/java/jdk1.8.0_281-i586/jre/lib/i386/libjsig.so
f7fc0000-f7fc1000 r--p 00001000 fd:00 137303152                          /usr/java/jdk1.8.0_281-i586/jre/lib/i386/libjsig.so
f7fc1000-f7fc2000 rw-p 00002000 fd:00 137303152                          /usr/java/jdk1.8.0_281-i586/jre/lib/i386/libjsig.so
f7fc2000-f7fc5000 rw-p 00000000 00:00 0 
f7fc5000-f7fc9000 r--p 00000000 00:00 0                                  [vvar]
f7fc9000-f7fcb000 r-xp 00000000 00:00 0                                  [vdso]
f7fcb000-f7ff7000 r-xp 00000000 fd:00 134838593                          /usr/lib/ld-2.28.so
f7ff7000-f7ff8000 r--p 00000000 00:00 0 
f7ff8000-f7ff9000 r--p 0002c000 fd:00 134838593                          /usr/lib/ld-2.28.so
f7ff9000-f7ffa000 rw-p 0002d000 fd:00 134838593                          /usr/lib/ld-2.28.so
ffd79000-ffd7c000 ---p 00000000 00:00 0 
ffd7c000-ffe79000 rw-p 00000000 00:00 0                                  [stack]

VM Arguments:
jvm_args: -Dvcobol.jdbc.autocommit=false -Dvcobol.runtime.compile_flags.mandatory= -Dvcobol.runtime.compile_flags.prohibited=-d64 -Xrs -Xss1M -DKIXSYS=/apps/test/mdoff/sys -DKIXPROGS=/apps/test/mdoff/exe/onl -DUNIKIX=/apps/mtp/mtp -Xmx128m -Dvcobol.jdbc.driver=com.microsoft.sqlserver.jdbc.SQLServerDriver -Dvcobol.jdbc.url=jdbc:sqlserver://hov-tstdb01.cso.local:1433;databaseName= -Dvcobol.jdbc.autocommit=False -Djava.library.path=/apps/mtp/mtp/lib:/opt/lib/cobol/NTT_DATA_COBOL_6.0/native/lib/ exit abort 
java_command: <unknown>
java_class_path (initial): /apps/mtp/mtp/lib/dfjcics.jar:/apps/mtp/mtp/lib/kixsysapi.jar:/apps/mtp/mtp/lib/transMQJMS.jar:/apps/mtp/mtp/lib/transutil.jar:/opt/lib/cobol/NTT_DATA_COBOL_6.0/lib/vcobol-runtime.jar:/apps/test/mdoff/sys/local/bin:/apps/mtp/mtp/local/bin:/apps/test/mdoff/exe/onl:/apps/mtp/mtp/axis2/current/lib/axis2-xmlbeans-1.7.8.jar:/apps/mtp/mtp/axis2/current/lib/axis2-kernel-1.7.8.jar:/apps/mtp/mtp/axis2/current/lib/geronimo-stax-api_1.0_spec-1.0.1.jar:/apps/mtp/mtp/axis2/current/lib/axis2-saaj-1.7.8.jar:/apps/mtp/mtp/axis2/current/lib/httpcore-4.4.6.jar:/apps/mtp/mtp/axis2/current/lib/commons-httpclient-3.1.jar:/apps/mtp/mtp/axis2/current/lib/axis2-transport-http-1.7.8.jar:/apps/mtp/mtp/axis2/current/lib/jibx-run-1.2.jar:/apps/mtp/mtp/axis2/current/lib/axis2-clustering-1.7.8.jar:/apps/mtp/mtp/axis2/current/lib/axis2-jaxws-1.7.8.jar:/apps/mtp/mtp/axis2/current/lib/commons-logging-1.1.1.jar:/apps/mtp/mtp/axis2/current/lib/mail-1.4.jar:/apps/mtp/mtp/axis2/current/lib/bcel-findbugs-6.0.jar:/apps/mtp/mtp/axis2/current/lib/axiom-dom-1.2.20.jar:/apps/mtp/mtp/axis2/current/lib/axis2-transport-mail-1.7.8.jar:/apps/mtp/mtp/axis2/current/lib/commons-io-2.1.jar:/apps/mtp/mtp/axis2/current/lib/jaxws-tools-2.2.6.jar:/apps/mtp/mtp/axis2/current/lib/woden-core-1.0M10.jar:/apps/mtp/mtp/axis2/current/lib/xalan-2.7.0.jar:/apps/mtp/mtp/axis2/current/lib/axis2-mtompolicy-1.7.8.jar:/apps/mtp/mtp/axis2/current/lib/axis2-codegen-1.7.8.jar:/apps/mtp/mtp/axis2/current/lib/geronimo-jaxws_2.2_spec-1.0.jar:/apps/mtp/mtp/axis2/current/lib/jsr311-api-1.1.1.jar:/apps/mtp/mtp/axis2/current/lib/antlr-2.7.7.jar:/apps/mtp/mtp/axis2/current/lib/axis2-corba-1.7.8.jar:/apps/mtp/mtp/axis2/current/lib/axis2-transport-local-1.7.8.jar:/apps/mtp/mtp/axis2/current/lib/juli-6.0.16.jar:/apps/mtp/mtp/axis2/current/lib/axis2-jibx-1.7.8.jar:/apps/mtp/mtp/axis2/current/lib/geronimo-ws-metadata_2.0_spec-1.1.2.jar:/apps/mtp/mtp/axis2/current/lib/jaxen-1.1.6.jar:/apps/mtp/mtp/axis2/current/lib/jettiso
Launcher Type: generic

Environment Variables:
PATH=/usr/java/default/bin:/apps/test/mdoff/sys/local/bin:/apps/mtp/mtp/bin:/usr/bin:/bin
LD_LIBRARY_PATH=/apps/test/mdoff/sys/local/bin:/apps/mtp/mtp/lib:/opt/lib/cobol/NTT_DATA_COBOL_6.0/native/lib:/usr/java/default/jre/lib/i386/server:/usr/java/default/jre/lib/i386
DISPLAY=

Signal Handlers:
SIGSEGV: [libjvm.so+0x94a910], sa_mask[0]=11111111111111111111111111111110, sa_flags=SA_RESTART|SA_SIGINFO
SIGBUS: [libjvm.so+0x94a910], sa_mask[0]=11111111111111111111111111111110, sa_flags=SA_SIGINFO
SIGFPE: [libunikixtran.so+0x256f8b], sa_mask[0]=11111111111111111111111111111110, sa_flags=SA_SIGINFO
SIGPIPE: SIG_IGN, sa_mask[0]=11111111111111111111111111111110, sa_flags=SA_SIGINFO
SIGXFSZ: SIG_DFL, sa_mask[0]=11111111111111111111111111111110, sa_flags=SA_SIGINFO
SIGILL: [libunikixtran.so+0x256f8b], sa_mask[0]=11111111111111111111111111111110, sa_flags=SA_SIGINFO
SIGUSR1: [libunikixtran.so+0x256f8b], sa_mask[0]=11111111011111111101111111111110, sa_flags=SA_SIGINFO
SIGUSR2: [libunikixtran.so+0x256f8b], sa_mask[0]=11111111011111111101111111111110, sa_flags=SA_RESTART|SA_SIGINFO
SIGHUP: [libunikixtran.so+0x256f8b], sa_mask[0]=11111111011111111101111111111110, sa_flags=SA_SIGINFO
SIGINT: [libunikixtran.so+0x256f8b], sa_mask[0]=11111111011111111101111111111110, sa_flags=SA_SIGINFO
SIGTERM: [libunikixtran.so+0x256f8b], sa_mask[0]=11111111011111111101111111111110, sa_flags=SA_SIGINFO
SIGQUIT: [libunikixtran.so+0x256f8b], sa_mask[0]=11111111011111111101111111111110, sa_flags=SA_SIGINFO


---------------  S Y S T E M  ---------------

OS:Red Hat Enterprise Linux release 8.4 (Ootpa)

uname:Linux 4.18.0-305.12.1.el8_4.x86_64 #1 SMP Mon Jul 26 08:06:24 EDT 2021 x86_64
libc:glibc 2.28 NPTL 2.28 
rlimit: STACK 8192k, CORE infinity, NPROC 63093, NOFILE 262144, AS infinity
load average:35.43 10.32 4.47

/proc/meminfo:
MemTotal:       16211596 kB
MemFree:          161984 kB
MemAvailable:   12854512 kB
Buffers:           41700 kB
Cached:         14494768 kB
SwapCached:         3236 kB
Active:          2057936 kB
Inactive:       13563168 kB
Active(anon):    1531548 kB
Inactive(anon):  1201184 kB
Active(file):     526388 kB
Inactive(file): 12361984 kB
Unevictable:           0 kB
Mlocked:               0 kB
SwapTotal:       8273916 kB
SwapFree:        8251388 kB
Dirty:           2338564 kB
Writeback:        135184 kB
AnonPages:       1078304 kB
Mapped:          5028192 kB
Shmem:           1648240 kB
KReclaimable:     113580 kB
Slab:             204156 kB
SReclaimable:     113580 kB
SUnreclaim:        90576 kB
KernelStack:       14288 kB
PageTables:        49256 kB
NFS_Unstable:          0 kB
Bounce:                0 kB
WritebackTmp:          0 kB
CommitLimit:    16379712 kB
Committed_AS:    8621860 kB
VmallocTotal:   34359738367 kB
VmallocUsed:           0 kB
VmallocChunk:          0 kB
Percpu:             4528 kB
HardwareCorrupted:     0 kB
AnonHugePages:    432128 kB
ShmemHugePages:        0 kB
ShmemPmdMapped:        0 kB
FileHugePages:         0 kB
FilePmdMapped:         0 kB
HugePages_Total:       0
HugePages_Free:        0
HugePages_Rsvd:        0
HugePages_Surp:        0
Hugepagesize:       2048 kB
Hugetlb:               0 kB
DirectMap4k:      331120 kB
DirectMap2M:     9105408 kB
DirectMap1G:     9437184 kB

container (cgroup) information:
container_type: cgroupv1
cpu_cpuset_cpus: 0-3
cpu_memory_nodes: 0
active_processor_count: 4
cpu_quota: -1
cpu_period: 100000
cpu_shares: -1
memory_limit_in_bytes: -1
memory_and_swap_limit_in_bytes: -1
memory_soft_limit_in_bytes: -1
memory_usage_in_bytes: 1875107840
memory_max_usage_in_bytes: 2082938880


CPU:total 4 (initial active 4) (2 cores per cpu, 1 threads per core) family 6 model 85 stepping 4, cmov, cx8, fxsr, mmx, sse, sse2, sse3, ssse3, sse4.1, sse4.2, popcnt, avx, avx2, aes, clmul, erms, 3dnowpref, lzcnt, tsc, tscinvbit, bmi1, bmi2, adx

/proc/cpuinfo:
processor	: 0
vendor_id	: GenuineIntel
cpu family	: 6
model		: 85
model name	: Intel(R) Xeon(R) Gold 6154 CPU @ 3.00GHz
stepping	: 4
microcode	: 0x2006a08
cpu MHz		: 2992.968
cache size	: 25344 KB
physical id	: 0
siblings	: 2
core id		: 0
cpu cores	: 2
apicid		: 0
initial apicid	: 0
fpu		: yes
fpu_exception	: yes
cpuid level	: 22
wp		: yes
flags		: fpu vme de pse tsc msr pae mce cx8 apic sep mtrr pge mca cmov pat pse36 clflush mmx fxsr sse sse2 ss ht syscall nx pdpe1gb rdtscp lm constant_tsc arch_perfmon nopl xtopology tsc_reliable nonstop_tsc cpuid pni pclmulqdq ssse3 fma cx16 pcid sse4_1 sse4_2 x2apic movbe popcnt tsc_deadline_timer aes xsave avx f16c rdrand hypervisor lahf_lm abm 3dnowprefetch cpuid_fault invpcid_single pti ssbd ibrs ibpb stibp fsgsbase tsc_adjust bmi1 avx2 smep bmi2 invpcid avx512f avx512dq rdseed adx smap clflushopt clwb avx512cd avx512bw avx512vl xsaveopt xsavec xsaves arat pku ospke md_clear flush_l1d arch_capabilities
bugs		: cpu_meltdown spectre_v1 spectre_v2 spec_store_bypass l1tf mds swapgs itlb_multihit
bogomips	: 5985.93
clflush size	: 64
cache_alignment	: 64
address sizes	: 43 bits physical, 48 bits virtual
power management:

processor	: 1
vendor_id	: GenuineIntel
cpu family	: 6
model		: 85
model name	: Intel(R) Xeon(R) Gold 6154 CPU @ 3.00GHz
stepping	: 4
microcode	: 0x2006a08
cpu MHz		: 2992.968
cache size	: 25344 KB
physical id	: 0
siblings	: 2
core id		: 1
cpu cores	: 2
apicid		: 1
initial apicid	: 1
fpu		: yes
fpu_exception	: yes
cpuid level	: 22
wp		: yes
flags		: fpu vme de pse tsc msr pae mce cx8 apic sep mtrr pge mca cmov pat pse36 clflush mmx fxsr sse sse2 ss ht syscall nx pdpe1gb rdtscp lm constant_tsc arch_perfmon nopl xtopology tsc_reliable nonstop_tsc cpuid pni pclmulqdq ssse3 fma cx16 pcid sse4_1 sse4_2 x2apic movbe popcnt tsc_deadline_timer aes xsave avx f16c rdrand hypervisor lahf_lm abm 3dnowprefetch cpuid_fault invpcid_single pti ssbd ibrs ibpb stibp fsgsbase tsc_adjust bmi1 avx2 smep bmi2 invpcid avx512f avx512dq rdseed adx smap clflushopt clwb avx512cd avx512bw avx512vl xsaveopt xsavec xsaves arat pku ospke md_clear flush_l1d arch_capabilities
bugs		: cpu_meltdown spectre_v1 spectre_v2 spec_store_bypass l1tf mds swapgs itlb_multihit
bogomips	: 5985.93
clflush size	: 64
cache_alignment	: 64
address sizes	: 43 bits physical, 48 bits virtual
power management:

processor	: 2
vendor_id	: GenuineIntel
cpu family	: 6
model		: 85
model name	: Intel(R) Xeon(R) Gold 6154 CPU @ 3.00GHz
stepping	: 4
microcode	: 0x2006a08
cpu MHz		: 2992.968
cache size	: 25344 KB
physical id	: 1
siblings	: 2
core id		: 0
cpu cores	: 2
apicid		: 2
initial apicid	: 2
fpu		: yes
fpu_exception	: yes
cpuid level	: 22
wp		: yes
flags		: fpu vme de pse tsc msr pae mce cx8 apic sep mtrr pge mca cmov pat pse36 clflush mmx fxsr sse sse2 ss ht syscall nx pdpe1gb rdtscp lm constant_tsc arch_perfmon nopl xtopology tsc_reliable nonstop_tsc cpuid pni pclmulqdq ssse3 fma cx16 pcid sse4_1 sse4_2 x2apic movbe popcnt tsc_deadline_timer aes xsave avx f16c rdrand hypervisor lahf_lm abm 3dnowprefetch cpuid_fault invpcid_single pti ssbd ibrs ibpb stibp fsgsbase tsc_adjust bmi1 avx2 smep bmi2 invpcid avx512f avx512dq rdseed adx smap clflushopt clwb avx512cd avx512bw avx512vl xsaveopt xsavec xsaves arat pku ospke md_clear flush_l1d arch_capabilities
bugs		: cpu_meltdown spectre_v1 spectre_v2 spec_store_bypass l1tf mds swapgs itlb_multihit
bogomips	: 5985.93
clflush size	: 64
cache_alignment	: 64
address sizes	: 43 bits physical, 48 bits virtual
power management:

processor	: 3
vendor_id	: GenuineIntel
cpu family	: 6
model		: 85
model name	: Intel(R) Xeon(R) Gold 6154 CPU @ 3.00GHz
stepping	: 4
microcode	: 0x2006a08
cpu MHz		: 2992.968
cache size	: 25344 KB
physical id	: 1
siblings	: 2
core id		: 1
cpu cores	: 2
apicid		: 3
initial apicid	: 3
fpu		: yes
fpu_exception	: yes
cpuid level	: 22
wp		: yes
flags		: fpu vme de pse tsc msr pae mce cx8 apic sep mtrr pge mca cmov pat pse36 clflush mmx fxsr sse sse2 ss ht syscall nx pdpe1gb rdtscp lm constant_tsc arch_perfmon nopl xtopology tsc_reliable nonstop_tsc cpuid pni pclmulqdq ssse3 fma cx16 pcid sse4_1 sse4_2 x2apic movbe popcnt tsc_deadline_timer aes xsave avx f16c rdrand hypervisor lahf_lm abm 3dnowprefetch cpuid_fault invpcid_single pti ssbd ibrs ibpb stibp fsgsbase tsc_adjust bmi1 avx2 smep bmi2 invpcid avx512f avx512dq rdseed adx smap clflushopt clwb avx512cd avx512bw avx512vl xsaveopt xsavec xsaves arat pku ospke md_clear flush_l1d arch_capabilities
bugs		: cpu_meltdown spectre_v1 spectre_v2 spec_store_bypass l1tf mds swapgs itlb_multihit
bogomips	: 5985.93
clflush size	: 64
cache_alignment	: 64
address sizes	: 43 bits physical, 48 bits virtual
power management:



Memory: 4k page, physical 16211596k(168536k free), swap 8273916k(8251388k free)

vm_info: Java HotSpot(TM) Server VM (25.281-b09) for linux-x86 JRE (1.8.0_281-b09), built on Dec  9 2020 12:36:01 by "java_re" with gcc 7.3.0

time: Fri Aug 20 12:09:17 2021
timezone: CDT
elapsed time: 1.346868 seconds (0d 0h 0m 1s)

