#
# A fatal error has been detected by the Java Runtime Environment:
#
#  SIGSEGV (0xb) at pc=0xf6b5cf87, pid=271723, tid=0xf66a7700
#
# JRE version: Java(TM) SE Runtime Environment (8.0_281-b09) (build 1.8.0_281-b09)
# Java VM: Java HotSpot(TM) Server VM (25.281-b09 mixed mode linux-x86 )
# Problematic frame:
# C  [libunikixtran.so+0x1acf87]  abend+0x68
#
# Core dump written. Default location: /apps/test/mdoff/sys/core or core.271723
#
# If you would like to submit a bug report, please visit:
#   http://bugreport.java.com/bugreport/crash.jsp
# The crash happened outside the Java Virtual Machine in native code.
# See problematic frame for where to report the bug.
#

---------------  T H R E A D  ---------------

Current thread (0x09935400):  JavaThread "main" [_thread_in_native, id=271723, stack(0xff715000,0xff815000)]

siginfo: si_signo: 11 (SIGSEGV), si_code: 1 (SEGV_MAPERR), si_addr: 0x00000014

Registers:
EAX=0x00000000, EBX=0xf6eea360, ECX=0x00000000, EDX=0x14063000
ESP=0xff807ed0, EBP=0x00000001, ESI=0xff807f76, EDI=0x4f420b40
EIP=0xf6b5cf87, EFLAGS=0x00010246, CR2=0x00000014

Top of Stack: (sp=0xff807ed0)
0xff807ed0:   00063000 00000000 00000020 00000002
0xff807ee0:   00000020 f7a85b5c 0000000c f747c59c
0xff807ef0:   f7ac8000 09935400 ff807f38 f747f512
0xff807f00:   09935538 f7ac8000 ff807f38 f747f55f
0xff807f10:   00000000 0000000c ff807e58 00000000
0xff807f20:   00000000 4f420b40 00000001 f6b3fd8d
0xff807f30:   00021085 00000000 00000000 00000000
0xff807f40:   00000200 09a38cc8 09f86794 de77dff4 

Instructions: (pc=0xf6b5cf87)
0xf6b5cf67:   00 00 83 b8 c0 02 00 00 00 74 0c c7 04 24 8b ef
0xf6b5cf77:   c3 f6 e8 8f fa 06 00 c6 43 03 0c a1 64 a0 ee f6
0xf6b5cf87:   8b 50 14 89 93 b4 00 00 00 8b 40 18 89 83 b8 00
0xf6b5cf97:   00 00 80 7e 02 41 75 7f 8b 84 24 98 00 00 00 89 

Register to memory mapping:

EAX=0x00000000 is an unknown value
EBX=0xf6eea360: xtcb+0 in /apps/mtp/mtp/lib/libunikixtran.so at 0xf69b0000
ECX=0x00000000 is an unknown value
EDX=0x14063000 is an unknown value
ESP=0xff807ed0 is pointing into the stack for thread: 0x09935400
EBP=0x00000001 is an unknown value
ESI=0xff807f76 is pointing into the stack for thread: 0x09935400
EDI=0x4f420b40 is an unknown value


Stack: [0xff715000,0xff815000],  sp=0xff807ed0,  free space=971k
Native frames: (J=compiled Java code, j=interpreted, Vv=VM code, C=native code)
C  [libunikixtran.so+0x1acf87]  abend+0x68


---------------  P R O C E S S  ---------------

Java Threads: ( => current thread )
  0x09b80400 JavaThread "Service Thread" daemon [_thread_blocked, id=272041, stack(0xdccfe000,0xdcdff000)]
  0x09b7d000 JavaThread "C1 CompilerThread2" daemon [_thread_blocked, id=272025, stack(0xdd07f000,0xdd0ff000)]
  0x09b7bc00 JavaThread "C2 CompilerThread1" daemon [_thread_blocked, id=272012, stack(0xdd37f000,0xdd3ff000)]
  0x09b79c00 JavaThread "C2 CompilerThread0" daemon [_thread_blocked, id=271993, stack(0xdd656000,0xdd6d6000)]
  0x09b78400 JavaThread "Attach Listener" daemon [_thread_blocked, id=271975, stack(0xdcdff000,0xdcf00000)]
  0x09b5e000 JavaThread "Finalizer" daemon [_thread_blocked, id=271972, stack(0xdd0ff000,0xdd200000)]
  0x09b5b000 JavaThread "Reference Handler" daemon [_thread_blocked, id=271971, stack(0xdd3ff000,0xdd500000)]
=>0x09935400 JavaThread "main" [_thread_in_native, id=271723, stack(0xff715000,0xff815000)]

Other Threads:
  0x09b55400 VMThread [stack: 0xdd6d7000,0xdd757000] [id=271970]
  0x09b82400 WatcherThread [stack: 0xdcc7e000,0xdccfe000] [id=272048]

VM state:not at safepoint (normal execution)

VM Mutex/Monitor currently owned by a thread: None

Heap:
 PSYoungGen      total 19200K, used 9319K [0xe3f80000, 0xe54c0000, 0xe6a00000)
  eden space 16640K, 56% used [0xe3f80000,0xe4899d50,0xe4fc0000)
  from space 2560K, 0% used [0xe5240000,0xe5240000,0xe54c0000)
  to   space 2560K, 0% used [0xe4fc0000,0xe4fc0000,0xe5240000)
 ParOldGen       total 43776K, used 0K [0xdea00000, 0xe14c0000, 0xe3f80000)
  object space 43776K, 0% used [0xdea00000,0xdea00000,0xe14c0000)
 Metaspace       used 4327K, capacity 4504K, committed 4504K, reserved 5424K

Card table byte_map: [0xe6a0e000,0xe6a4f000] byte_map_base: 0xe6319000

Marking Bits: (ParMarkBitMap*) 0xf7af8e60
 Begin Bits: [0xdde00000, 0xde000000)
 End Bits:   [0xde000000, 0xde200000)

Polling page: 0xf7f43000

CodeCache: size=245760Kb used=1240Kb max_used=1240Kb free=244519Kb
 bounds [0xe6e0f000, 0xe704f000, 0xf5e0f000]
 total_blobs=555 nmethods=370 adapters=99
 compilation: enabled

Compilation events (10 events):
Event: 0.865 Thread 0x09b7d000 nmethod 353 0xe6f42ec8 code [0xe6f430e0, 0xe6f43b0c]
Event: 0.865 Thread 0x09b7d000  354  s    3       sun.misc.URLClassPath::knownToNotExist (24 bytes)
Event: 0.866 Thread 0x09b7d000 nmethod 354 0xe6f43f88 code [0xe6f440c0, 0xe6f443ac]
Event: 0.866 Thread 0x09b7d000  367       1       java.lang.Class$MethodArray::length (5 bytes)
Event: 0.866 Thread 0x09b7d000 nmethod 367 0xe6f44448 code [0xe6f44540, 0xe6f445e0]
Event: 0.866 Thread 0x09b7d000  366       1       java.util.HashMap::size (5 bytes)
Event: 0.866 Thread 0x09b7d000 nmethod 366 0xe6f44648 code [0xe6f44740, 0xe6f447e0]
Event: 0.866 Thread 0x09b7d000  369       1       sun.util.locale.BaseLocale::getLanguage (5 bytes)
Event: 0.866 Thread 0x09b7d000 nmethod 369 0xe6f44848 code [0xe6f44940, 0xe6f449e0]
Event: 0.909 Thread 0x09b7d000  378       3       sun.misc.URLClassPath$JarLoader::findResource (18 bytes)

GC Heap History (0 events):
No events

Deoptimization events (2 events):
Event: 0.710 Thread 0x09935400 Uncommon trap: reason=unstable_if action=reinterpret pc=0xe6ed66e0 method=java.lang.CharacterDataLatin1.digit(II)I @ 82
Event: 0.787 Thread 0x09935400 Uncommon trap: reason=unstable_if action=reinterpret pc=0xe6f0e010 method=java.lang.String.replace(CC)Ljava/lang/String; @ 26

Classes redefined (0 events):
No events

Internal exceptions (10 events):
Event: 0.527 Thread 0x09935400 Exception <a 'java/security/PrivilegedActionException'> (0xe43c6600) thrown at [/scratch/jenkins/workspace/8-2-build-linux-i586/jdk8u281/880/hotspot/src/share/vm/prims/jvm.cpp, line 1512]
Event: 0.527 Thread 0x09935400 Exception <a 'java/security/PrivilegedActionException'> (0xe43c6800) thrown at [/scratch/jenkins/workspace/8-2-build-linux-i586/jdk8u281/880/hotspot/src/share/vm/prims/jvm.cpp, line 1512]
Event: 0.527 Thread 0x09935400 Exception <a 'java/security/PrivilegedActionException'> (0xe43c7260) thrown at [/scratch/jenkins/workspace/8-2-build-linux-i586/jdk8u281/880/hotspot/src/share/vm/prims/jvm.cpp, line 1512]
Event: 0.527 Thread 0x09935400 Exception <a 'java/security/PrivilegedActionException'> (0xe43c7460) thrown at [/scratch/jenkins/workspace/8-2-build-linux-i586/jdk8u281/880/hotspot/src/share/vm/prims/jvm.cpp, line 1512]
Event: 0.527 Thread 0x09935400 Exception <a 'java/security/PrivilegedActionException'> (0xe43c7ec0) thrown at [/scratch/jenkins/workspace/8-2-build-linux-i586/jdk8u281/880/hotspot/src/share/vm/prims/jvm.cpp, line 1512]
Event: 0.527 Thread 0x09935400 Exception <a 'java/security/PrivilegedActionException'> (0xe43c80c0) thrown at [/scratch/jenkins/workspace/8-2-build-linux-i586/jdk8u281/880/hotspot/src/share/vm/prims/jvm.cpp, line 1512]
Event: 0.672 Thread 0x09935400 Exception <a 'java/lang/NoSuchFieldError': method resolution failed> (0xe44d1368) thrown at [/scratch/jenkins/workspace/8-2-build-linux-i586/jdk8u281/880/hotspot/src/share/vm/prims/methodHandles.cpp, line 1169]
Event: 0.673 Thread 0x09935400 Exception <a 'java/lang/NoSuchFieldError': method resolution failed> (0xe44dd4e8) thrown at [/scratch/jenkins/workspace/8-2-build-linux-i586/jdk8u281/880/hotspot/src/share/vm/prims/methodHandles.cpp, line 1169]
Event: 0.728 Thread 0x09935400 Exception <a 'java/io/FileNotFoundException'> (0xe4555dd0) thrown at [/scratch/jenkins/workspace/8-2-build-linux-i586/jdk8u281/880/hotspot/src/share/vm/prims/jni.cpp, line 710]
Event: 0.730 Thread 0x09935400 Exception <a 'java/io/FileNotFoundException'> (0xe45885d0) thrown at [/scratch/jenkins/workspace/8-2-build-linux-i586/jdk8u281/880/hotspot/src/share/vm/prims/jni.cpp, line 710]

Events (10 events):
Event: 0.915 loading class KXCALLKIX
Event: 0.915 loading class KXCALLKIX done
Event: 0.916 loading class java/net/URI
Event: 0.916 loading class java/net/URI done
Event: 0.916 loading class java/net/URI$Parser
Event: 0.916 loading class java/net/URI$Parser done
Event: 0.916 loading class KXCALLKIX
Event: 0.916 loading class KXCALLKIX done
Event: 0.917 loading class kxcallkix
Event: 0.917 loading class kxcallkix done


Dynamic libraries:
08048000-08049000 r-xp 00000000 08:10 4194405                            /apps/mtp/TPE16.0.2/bin/unikixtran
08049000-0804a000 r--p 00000000 08:10 4194405                            /apps/mtp/TPE16.0.2/bin/unikixtran
0804a000-0804b000 rw-p 00001000 08:10 4194405                            /apps/mtp/TPE16.0.2/bin/unikixtran
0990b000-09f93000 rw-p 00000000 00:00 0                                  [heap]
20000000-50000000 rw-s 00000000 00:01 30                                 /SYSV010a037b (deleted)
50002000-80002000 rw-s 00000000 00:01 31                                 /SYSV00000000 (deleted)
80004000-80a2c000 rw-s 00000000 00:01 32                                 /SYSV00000000 (deleted)
80a2e000-80a5c000 rw-s 00000000 00:01 33                                 /SYSV00000000 (deleted)
80a5e000-82a5f000 rw-s 00000000 00:01 34                                 /SYSV00000000 (deleted)
dca00000-dca20000 rw-p 00000000 00:00 0 
dca20000-dcb00000 ---p 00000000 00:00 0 
dcb00000-dcb73000 rw-p 00000000 00:00 0 
dcb73000-dcc00000 ---p 00000000 00:00 0 
dcc7d000-dcc7e000 ---p 00000000 00:00 0 
dcc7e000-dccfe000 rw-p 00000000 00:00 0 
dccfe000-dcd01000 ---p 00000000 00:00 0 
dcd01000-dcdff000 rw-p 00000000 00:00 0 
dcdff000-dce02000 ---p 00000000 00:00 0 
dce02000-dcf00000 rw-p 00000000 00:00 0 
dcf00000-dcf87000 rw-p 00000000 00:00 0 
dcf87000-dd000000 ---p 00000000 00:00 0 
dd04f000-dd051000 r-xp 00000000 08:10 4195244                            /apps/mtp/TPE16.0.2/lib/libkxusrexit.so
dd051000-dd052000 r--p 00001000 08:10 4195244                            /apps/mtp/TPE16.0.2/lib/libkxusrexit.so
dd052000-dd053000 rw-p 00002000 08:10 4195244                            /apps/mtp/TPE16.0.2/lib/libkxusrexit.so
dd053000-dd054000 rw-p 00000000 00:00 0 
dd054000-dd059000 r--s 0005f000 08:10 4195644                            /apps/mtp/TPE16.0.2/axis2/axis2-1.7.8/lib/jibx-bind-1.2.jar
dd059000-dd07e000 r--s 001d7000 08:10 4195688                            /apps/mtp/TPE16.0.2/axis2/axis2-1.7.8/lib/jaxb-xjc-2.2.6.jar
dd07e000-dd07f000 ---p 00000000 00:00 0 
dd07f000-dd082000 ---p 00000000 00:00 0 
dd082000-dd0ff000 rw-p 00000000 00:00 0 
dd0ff000-dd102000 ---p 00000000 00:00 0 
dd102000-dd200000 rw-p 00000000 00:00 0 
dd200000-dd295000 rw-p 00000000 00:00 0 
dd295000-dd300000 ---p 00000000 00:00 0 
dd303000-dd304000 r--s 00002000 08:10 4195716                            /apps/mtp/TPE16.0.2/axis2/axis2-1.7.8/lib/geronimo-annotation_1.0_spec-1.1.jar
dd304000-dd307000 r--s 0000f000 08:10 4195615                            /apps/mtp/TPE16.0.2/axis2/axis2-1.7.8/lib/commons-fileupload-1.3.3.jar
dd307000-dd312000 r--s 0005d000 08:10 4195611                            /apps/mtp/TPE16.0.2/axis2/axis2-1.7.8/lib/axiom-api-1.2.20.jar
dd312000-dd316000 r--s 00034000 08:10 4195652                            /apps/mtp/TPE16.0.2/axis2/axis2-1.7.8/lib/tribes-6.0.16.jar
dd316000-dd31a000 r--s 00029000 08:10 4195612                            /apps/mtp/TPE16.0.2/axis2/axis2-1.7.8/lib/stax2-api-3.1.1.jar
dd31a000-dd31c000 r--s 00013000 08:10 4195719                            /apps/mtp/TPE16.0.2/axis2/axis2-1.7.8/lib/xml-resolver-1.2.jar
dd31c000-dd31e000 r--s 00003000 08:10 4195685                            /apps/mtp/TPE16.0.2/axis2/axis2-1.7.8/lib/axis2-fastinfoset-1.7.8.jar
dd31e000-dd322000 r--s 00015000 08:10 4195687                            /apps/mtp/TPE16.0.2/axis2/axis2-1.7.8/lib/jaxb-api-2.2.6.jar
dd322000-dd32f000 r--s 000aa000 08:10 4195708                            /apps/mtp/TPE16.0.2/axis2/axis2-1.7.8/lib/httpclient-4.5.3.jar
dd32f000-dd340000 r--s 00136000 08:10 4195663                            /apps/mtp/TPE16.0.2/axis2/axis2-1.7.8/lib/jalopy-1.5rc3.jar
dd340000-dd37e000 r--s 0025d000 08:10 4195622                            /apps/mtp/TPE16.0.2/axis2/axis2-1.7.8/lib/xmlbeans-2.6.0.jar
dd37e000-dd37f000 ---p 00000000 00:00 0 
dd37f000-dd382000 ---p 00000000 00:00 0 
dd382000-dd3ff000 rw-p 00000000 00:00 0 
dd3ff000-dd402000 ---p 00000000 00:00 0 
dd402000-dd500000 rw-p 00000000 00:00 0 
dd500000-dd5fd000 rw-p 00000000 00:00 0 
dd5fd000-dd600000 ---p 00000000 00:00 0 
dd600000-dd601000 r--s 00003000 08:10 4195645                            /apps/mtp/TPE16.0.2/axis2/axis2-1.7.8/lib/axis2-spring-1.7.8.jar
dd601000-dd602000 r--s 00005000 08:10 4195654                            /apps/mtp/TPE16.0.2/axis2/axis2-1.7.8/lib/axis2-ant-plugin-1.7.8.jar
dd602000-dd604000 r--s 00009000 08:10 4195621                            /apps/mtp/TPE16.0.2/axis2/axis2-1.7.8/lib/commons-cli-1.2.jar
dd604000-dd607000 r--s 00015000 08:10 4195675                            /apps/mtp/TPE16.0.2/axis2/axis2-1.7.8/lib/apache-mime4j-core-0.7.2.jar
dd607000-dd609000 r--s 0000b000 08:10 4195662                            /apps/mtp/TPE16.0.2/axis2/axis2-1.7.8/lib/axis2-transport-xmpp-1.7.8.jar
dd609000-dd610000 r--s 00059000 08:10 4195624                            /apps/mtp/TPE16.0.2/axis2/axis2-1.7.8/lib/log4j-1.2.15.jar
dd610000-dd612000 r--s 00006000 08:10 4195679                            /apps/mtp/TPE16.0.2/axis2/axis2-1.7.8/lib/commons-codec-1.2.jar
dd612000-dd615000 r--s 00017000 08:10 4195658                            /apps/mtp/TPE16.0.2/axis2/axis2-1.7.8/lib/axis2-transport-base-1.7.8.jar
dd615000-dd61a000 r--s 00020000 08:10 4195677                            /apps/mtp/TPE16.0.2/axis2/axis2-1.7.8/lib/wsdl4j-1.6.2.jar
dd61a000-dd61c000 r--s 00006000 08:10 4195649                            /apps/mtp/TPE16.0.2/axis2/axis2-1.7.8/lib/geronimo-saaj_1.3_spec-1.0.1.jar
dd61c000-dd61e000 r--s 00007000 08:10 4195655                            /apps/mtp/TPE16.0.2/axis2/axis2-1.7.8/lib/mex-1.7.8-impl.jar
dd61e000-dd620000 r--s 00003000 08:10 4195686                            /apps/mtp/TPE16.0.2/axis2/axis2-1.7.8/lib/axiom-jaxb-1.2.20.jar
dd620000-dd62a000 r--s 00082000 08:10 4195676                            /apps/mtp/TPE16.0.2/axis2/axis2-1.7.8/lib/axiom-impl-1.2.20.jar
dd62a000-dd633000 r--s 00062000 08:10 4195650                            /apps/mtp/TPE16.0.2/axis2/axis2-1.7.8/lib/axis2-metadata-1.7.8.jar
dd633000-dd635000 r--s 00007000 08:10 4195646                            /apps/mtp/TPE16.0.2/axis2/axis2-1.7.8/lib/axis2-soapmonitor-servlet-1.7.8.jar
dd635000-dd636000 r--s 00003000 08:10 4195614                            /apps/mtp/TPE16.0.2/axis2/axis2-1.7.8/lib/geronimo-jta_1.1_spec-1.1.jar
dd636000-dd638000 r--s 0000e000 08:10 4195659                            /apps/mtp/TPE16.0.2/axis2/axis2-1.7.8/lib/activation-1.1.jar
dd638000-dd63a000 r--s 0000c000 08:10 4195682                            /apps/mtp/TPE16.0.2/axis2/axis2-1.7.8/lib/axis2-json-1.7.8.jar
dd63a000-dd63c000 r--s 00006000 08:10 4195647                            /apps/mtp/TPE16.0.2/axis2/axis2-1.7.8/lib/axis2-jaxbri-1.7.8.jar
dd63c000-dd63e000 r--s 00004000 08:10 4195661                            /apps/mtp/TPE16.0.2/axis2/axis2-1.7.8/lib/axis2-transport-udp-1.7.8.jar
dd63e000-dd642000 r--s 00028000 08:10 4195684                            /apps/mtp/TPE16.0.2/axis2/axis2-1.7.8/lib/gson-2.1.jar
dd642000-dd644000 r--s 00012000 08:10 4195689                            /apps/mtp/TPE16.0.2/axis2/axis2-1.7.8/lib/axis2-transport-jms-1.7.8.jar
dd644000-dd646000 r--s 0002b000 08:10 4195710                            /apps/mtp/TPE16.0.2/axis2/axis2-1.7.8/lib/axis2-adb-codegen-1.7.8.jar
dd646000-dd64c000 r--s 00070000 08:10 4195639                            /apps/mtp/TPE16.0.2/axis2/axis2-1.7.8/lib/woodstox-core-asl-4.2.0.jar
dd64c000-dd655000 r--s 00097000 08:10 4195620                            /apps/mtp/TPE16.0.2/axis2/axis2-1.7.8/lib/axis2-adb-1.7.8.jar
dd655000-dd656000 ---p 00000000 00:00 0 
dd656000-dd659000 ---p 00000000 00:00 0 
dd659000-dd6d6000 rw-p 00000000 00:00 0 
dd6d6000-dd6d7000 ---p 00000000 00:00 0 
dd6d7000-dd757000 rw-p 00000000 00:00 0 
dd757000-dd934000 r--s 03dd0000 fd:00 203051326                          /usr/java/jdk1.8.0_281-i586/jre/lib/rt.jar
dd934000-ddd7a000 rw-p 00000000 00:00 0 
ddd7a000-ddd80000 ---p 00000000 00:00 0 
ddd80000-de200000 rw-p 00000000 00:00 0 
de200000-de221000 rw-p 00000000 00:00 0 
de221000-de300000 ---p 00000000 00:00 0 
de300000-de301000 r--s 00006000 08:10 4195660                            /apps/mtp/TPE16.0.2/axis2/axis2-1.7.8/lib/axis2-transport-tcp-1.7.8.jar
de301000-de305000 r--s 00026000 08:10 4195617                            /apps/mtp/TPE16.0.2/axis2/axis2-1.7.8/lib/xmlschema-core-2.2.1.jar
de305000-de306000 r--s 00007000 08:10 4195636                            /apps/mtp/TPE16.0.2/axis2/axis2-1.7.8/lib/axis2-java2wsdl-1.7.8.jar
de306000-de31c000 r--s 000fa000 08:10 4195648                            /apps/mtp/TPE16.0.2/axis2/axis2-1.7.8/lib/jaxb-impl-2.2.6.jar
de31c000-de31e000 r--s 00010000 08:10 4195640                            /apps/mtp/TPE16.0.2/axis2/axis2-1.7.8/lib/neethi-3.0.3.jar
de31e000-de321000 r--s 00013000 08:10 4195683                            /apps/mtp/TPE16.0.2/axis2/axis2-1.7.8/lib/jettison-1.3.8.jar
de321000-de327000 r--s 00033000 08:10 4195638                            /apps/mtp/TPE16.0.2/axis2/axis2-1.7.8/lib/jaxen-1.1.6.jar
de327000-de328000 r--s 00003000 08:10 4195613                            /apps/mtp/TPE16.0.2/axis2/axis2-1.7.8/lib/geronimo-ws-metadata_2.0_spec-1.1.2.jar
de328000-de32a000 r--s 00008000 08:10 4195712                            /apps/mtp/TPE16.0.2/axis2/axis2-1.7.8/lib/axis2-jibx-1.7.8.jar
de32a000-de32c000 r--s 00003000 08:10 4195642                            /apps/mtp/TPE16.0.2/axis2/axis2-1.7.8/lib/axis2-transport-local-1.7.8.jar
de32c000-de32f000 r--s 00023000 08:10 4195656                            /apps/mtp/TPE16.0.2/axis2/axis2-1.7.8/lib/axis2-corba-1.7.8.jar
de32f000-de334000 r--s 00068000 08:10 4195623                            /apps/mtp/TPE16.0.2/axis2/axis2-1.7.8/lib/antlr-2.7.7.jar
de334000-de336000 r--s 0000a000 08:10 4195618                            /apps/mtp/TPE16.0.2/axis2/axis2-1.7.8/lib/jsr311-api-1.1.1.jar
de336000-de339000 r--s 0000c000 08:10 4195717                            /apps/mtp/TPE16.0.2/axis2/axis2-1.7.8/lib/geronimo-jaxws_2.2_spec-1.0.jar
de339000-de33e000 r--s 0003b000 08:10 4195709                            /apps/mtp/TPE16.0.2/axis2/axis2-1.7.8/lib/axis2-codegen-1.7.8.jar
de33e000-de35c000 r--s 0027d000 08:10 4195720                            /apps/mtp/TPE16.0.2/axis2/axis2-1.7.8/lib/xalan-2.7.0.jar
de35c000-de365000 r--s 00053000 08:10 4195641                            /apps/mtp/TPE16.0.2/axis2/axis2-1.7.8/lib/woden-core-1.0M10.jar
de365000-de370000 r--s 000c2000 08:10 4195643                            /apps/mtp/TPE16.0.2/axis2/axis2-1.7.8/lib/jaxws-tools-2.2.6.jar
de370000-de373000 r--s 00025000 08:10 4195616                            /apps/mtp/TPE16.0.2/axis2/axis2-1.7.8/lib/commons-io-2.1.jar
de373000-de37f000 r--s 000a3000 08:10 4195681                            /apps/mtp/TPE16.0.2/axis2/axis2-1.7.8/lib/axiom-dom-1.2.20.jar
de37f000-de380000 ---p 00000000 00:00 0 
de380000-de400000 rw-p 00000000 00:00 0 
de400000-de421000 rw-p 00000000 00:00 0 
de421000-de500000 ---p 00000000 00:00 0 
de500000-de502000 r--s 00009000 08:10 4195690                            /apps/mtp/TPE16.0.2/axis2/axis2-1.7.8/lib/axis2-transport-mail-1.7.8.jar
de502000-de50c000 r--s 0008c000 08:10 4195714                            /apps/mtp/TPE16.0.2/axis2/axis2-1.7.8/lib/bcel-findbugs-6.0.jar
de50c000-de512000 r--s 00059000 08:10 4195691                            /apps/mtp/TPE16.0.2/axis2/axis2-1.7.8/lib/mail-1.4.jar
de512000-de520000 r--s 000aa000 08:10 4195715                            /apps/mtp/TPE16.0.2/axis2/axis2-1.7.8/lib/axis2-jaxws-1.7.8.jar
de520000-de57f000 r--s 003fa000 fd:00 68304515                           /opt/lib/cobol/NTT_DATA_COBOL_6.0/lib/dependencies/bcprov-jdk15on-162.jar
de57f000-de580000 ---p 00000000 00:00 0 
de580000-de600000 rw-p 00000000 00:00 0 
de600000-de621000 rw-p 00000000 00:00 0 
de621000-de700000 ---p 00000000 00:00 0 
de700000-de701000 r--s 00004000 08:10 4195653                            /apps/mtp/TPE16.0.2/axis2/axis2-1.7.8/lib/juli-6.0.16.jar
de701000-de703000 r--s 0000d000 08:10 4195637                            /apps/mtp/TPE16.0.2/axis2/axis2-1.7.8/lib/commons-logging-1.1.1.jar
de703000-de706000 r--s 00018000 08:10 4195651                            /apps/mtp/TPE16.0.2/axis2/axis2-1.7.8/lib/axis2-clustering-1.7.8.jar
de706000-de709000 r--s 0001d000 08:10 4195713                            /apps/mtp/TPE16.0.2/axis2/axis2-1.7.8/lib/jibx-run-1.2.jar
de709000-de70c000 r--s 00028000 08:10 4195678                            /apps/mtp/TPE16.0.2/axis2/axis2-1.7.8/lib/axis2-transport-http-1.7.8.jar
de70c000-de714000 r--s 00048000 08:10 4195619                            /apps/mtp/TPE16.0.2/axis2/axis2-1.7.8/lib/httpcore-4.4.6.jar
de714000-de77d000 r-xp 00000000 fd:00 2424358                            /opt/lib/cobol/NTT_DATA_COBOL_6.0/native/lib/libvcobol.so
de77d000-de77e000 r--p 00068000 fd:00 2424358                            /opt/lib/cobol/NTT_DATA_COBOL_6.0/native/lib/libvcobol.so
de77e000-de77f000 rw-p 00069000 fd:00 2424358                            /opt/lib/cobol/NTT_DATA_COBOL_6.0/native/lib/libvcobol.so
de77f000-de780000 ---p 00000000 00:00 0 
de780000-de800000 rw-p 00000000 00:00 0 
de800000-de821000 rw-p 00000000 00:00 0 
de821000-de900000 ---p 00000000 00:00 0 
de900000-de901000 r--s 00003000 08:10 4195657                            /apps/mtp/TPE16.0.2/axis2/axis2-1.7.8/lib/axis2-mtompolicy-1.7.8.jar
de901000-de907000 r--s 00045000 08:10 4195680                            /apps/mtp/TPE16.0.2/axis2/axis2-1.7.8/lib/commons-httpclient-3.1.jar
de907000-de909000 r--s 00015000 08:10 4195718                            /apps/mtp/TPE16.0.2/axis2/axis2-1.7.8/lib/axis2-saaj-1.7.8.jar
de909000-de90b000 r--s 00006000 08:10 4195674                            /apps/mtp/TPE16.0.2/axis2/axis2-1.7.8/lib/geronimo-stax-api_1.0_spec-1.0.1.jar
de90b000-de918000 r--s 000ee000 08:10 4195707                            /apps/mtp/TPE16.0.2/axis2/axis2-1.7.8/lib/axis2-kernel-1.7.8.jar
de918000-de91a000 r--s 00006000 08:10 4195711                            /apps/mtp/TPE16.0.2/axis2/axis2-1.7.8/lib/axis2-xmlbeans-1.7.8.jar
de91a000-de92e000 r--s 000c1000 fd:00 68304514                           /opt/lib/cobol/NTT_DATA_COBOL_6.0/lib/dependencies/bcpkix-jdk15on-162.jar
de92e000-de931000 r--s 00018000 fd:00 68304513                           /opt/lib/cobol/NTT_DATA_COBOL_6.0/lib/dependencies/bcmail-jdk15on-162.jar
de931000-de948000 r--s 0013e000 fd:00 2424346                            /opt/lib/cobol/NTT_DATA_COBOL_6.0/lib/vcobol-runtime.jar
de948000-de94a000 r-xp 00000000 08:10 4195225                            /apps/mtp/TPE16.0.2/lib/liblang_vcobol.so
de94a000-de94b000 r--p 00001000 08:10 4195225                            /apps/mtp/TPE16.0.2/lib/liblang_vcobol.so
de94b000-de94c000 rw-p 00002000 08:10 4195225                            /apps/mtp/TPE16.0.2/lib/liblang_vcobol.so
de94c000-de950000 r--s 00075000 08:10 4195231                            /apps/mtp/TPE16.0.2/lib/kixsysapi.jar
de950000-de954000 r--s 00022000 08:10 4195232                            /apps/mtp/TPE16.0.2/lib/dfjcics.jar
de954000-de955000 ---p 00000000 00:00 0 
de955000-de9eb000 rw-p 00000000 00:00 0 
de9eb000-dea00000 ---p 00000000 00:00 0 
dea00000-e14c0000 rw-p 00000000 00:00 0 
e14c0000-e3f80000 ---p 00000000 00:00 0 
e3f80000-e54c0000 rw-p 00000000 00:00 0 
e54c0000-e6a00000 ---p 00000000 00:00 0 
e6a00000-e6a01000 r--s 00007000 08:10 4195233                            /apps/mtp/TPE16.0.2/lib/transutil.jar
e6a01000-e6a02000 r--p 00000000 fd:00 134305721                          /usr/lib/locale/en_US/LC_NUMERIC
e6a02000-e6a03000 r--p 00000000 fd:00 134305710                          /usr/lib/locale/en_US/LC_TIME
e6a03000-e6a09000 r--p 00000000 fd:00 134305717                          /usr/lib/locale/en_US/LC_COLLATE
e6a09000-e6a0a000 r--p 00000000 fd:00 134305708                          /usr/lib/locale/en_US/LC_MONETARY
e6a0a000-e6a0b000 r--p 00000000 fd:00 68251861                           /usr/lib/locale/en_US/LC_MESSAGES/SYS_LC_MESSAGES
e6a0b000-e6a0c000 r--p 00000000 fd:00 134305725                          /usr/lib/locale/en_US/LC_PAPER
e6a0c000-e6a0d000 r--p 00000000 fd:00 134305726                          /usr/lib/locale/en_US/LC_NAME
e6a0d000-e6a0e000 r--p 00000000 fd:00 134305703                          /usr/lib/locale/en_US/LC_ADDRESS
e6a0e000-e6a24000 rw-p 00000000 00:00 0 
e6a24000-e6a38000 ---p 00000000 00:00 0 
e6a38000-e6a44000 rw-p 00000000 00:00 0 
e6a44000-e6a4e000 ---p 00000000 00:00 0 
e6a4e000-e6a58000 rw-p 00000000 00:00 0 
e6a58000-e6e0f000 ---p 00000000 00:00 0 
e6e0f000-e704f000 rwxp 00000000 00:00 0 
e704f000-f5e0f000 ---p 00000000 00:00 0 
f5e0f000-f5e2a000 r-xp 00000000 fd:00 137647970                          /usr/java/jdk1.8.0_281-i586/jre/lib/i386/libzip.so
f5e2a000-f5e2b000 r--p 0001a000 fd:00 137647970                          /usr/java/jdk1.8.0_281-i586/jre/lib/i386/libzip.so
f5e2b000-f5e2c000 rw-p 0001b000 fd:00 137647970                          /usr/java/jdk1.8.0_281-i586/jre/lib/i386/libzip.so
f5e2c000-f5e53000 r-xp 00000000 fd:00 137303138                          /usr/java/jdk1.8.0_281-i586/jre/lib/i386/libjava.so
f5e53000-f5e54000 r--p 00026000 fd:00 137303138                          /usr/java/jdk1.8.0_281-i586/jre/lib/i386/libjava.so
f5e54000-f5e55000 rw-p 00027000 fd:00 137303138                          /usr/java/jdk1.8.0_281-i586/jre/lib/i386/libjava.so
f5e55000-f5e60000 r-xp 00000000 fd:00 137647969                          /usr/java/jdk1.8.0_281-i586/jre/lib/i386/libverify.so
f5e60000-f5e61000 ---p 0000b000 fd:00 137647969                          /usr/java/jdk1.8.0_281-i586/jre/lib/i386/libverify.so
f5e61000-f5e62000 r--p 0000b000 fd:00 137647969                          /usr/java/jdk1.8.0_281-i586/jre/lib/i386/libverify.so
f5e62000-f5e63000 rw-p 0000c000 fd:00 137647969                          /usr/java/jdk1.8.0_281-i586/jre/lib/i386/libverify.so
f5e63000-f5e64000 ---p 00000000 00:00 0 
f5e64000-f6664000 rw-p 00000000 00:00 0 
f6664000-f6670000 r-xp 00000000 fd:00 134838610                          /usr/lib/libnss_files-2.28.so
f6670000-f6671000 r--p 0000b000 fd:00 134838610                          /usr/lib/libnss_files-2.28.so
f6671000-f6672000 rw-p 0000c000 fd:00 134838610                          /usr/lib/libnss_files-2.28.so
f6672000-f6678000 rw-p 00000000 00:00 0 
f6678000-f6679000 r--p 00000000 fd:00 134305709                          /usr/lib/locale/en_US/LC_TELEPHONE
f6679000-f667a000 r--p 00000000 fd:00 134305707                          /usr/lib/locale/en_US/LC_MEASUREMENT
f667a000-f667d000 rw-p 00000000 00:00 0 
f667d000-f6685000 rw-s 00000000 fd:00 134969084                          /tmp/hsperfdata_mtpadmin/271723
f6685000-f6686000 r-xp 00000000 08:10 4195246                            /apps/mtp/TPE16.0.2/lib/libkixpli.so
f6686000-f6687000 r--p 00000000 08:10 4195246                            /apps/mtp/TPE16.0.2/lib/libkixpli.so
f6687000-f6688000 rw-p 00001000 08:10 4195246                            /apps/mtp/TPE16.0.2/lib/libkixpli.so
f6688000-f6689000 r-xp 00000000 08:10 4195242                            /apps/mtp/TPE16.0.2/lib/libkxtermexit.so
f6689000-f668a000 r--p 00000000 08:10 4195242                            /apps/mtp/TPE16.0.2/lib/libkxtermexit.so
f668a000-f668b000 rw-p 00001000 08:10 4195242                            /apps/mtp/TPE16.0.2/lib/libkxtermexit.so
f668b000-f66a1000 r-xp 00000000 08:10 4195235                            /apps/mtp/TPE16.0.2/lib/libkxsecexit.so
f66a1000-f66a2000 r--p 00015000 08:10 4195235                            /apps/mtp/TPE16.0.2/lib/libkxsecexit.so
f66a2000-f66a3000 rw-p 00016000 08:10 4195235                            /apps/mtp/TPE16.0.2/lib/libkxsecexit.so
f66a3000-f66a9000 rw-p 00000000 00:00 0 
f66a9000-f66ab000 r-xp 00000000 08:10 4195223                            /apps/mtp/TPE16.0.2/lib/liblang_dyn.so
f66ab000-f66ac000 r--p 00001000 08:10 4195223                            /apps/mtp/TPE16.0.2/lib/liblang_dyn.so
f66ac000-f66ad000 rw-p 00002000 08:10 4195223                            /apps/mtp/TPE16.0.2/lib/liblang_dyn.so
f66ad000-f66b5000 r-xp 00000000 fd:00 134838616                          /usr/lib/librt-2.28.so
f66b5000-f66b6000 r--p 00007000 fd:00 134838616                          /usr/lib/librt-2.28.so
f66b6000-f66b7000 rw-p 00008000 fd:00 134838616                          /usr/lib/librt-2.28.so
f66b7000-f66b8000 r-xp 00000000 08:10 4195227                            /apps/mtp/TPE16.0.2/lib/libkxrm.so
f66b8000-f66b9000 r--p 00000000 08:10 4195227                            /apps/mtp/TPE16.0.2/lib/libkxrm.so
f66b9000-f66ba000 rw-p 00001000 08:10 4195227                            /apps/mtp/TPE16.0.2/lib/libkxrm.so
f66ba000-f66bc000 rw-p 00000000 00:00 0 
f66bc000-f66c7000 r-xp 00000000 08:10 4195224                            /apps/mtp/TPE16.0.2/lib/libkxtm.so
f66c7000-f66c8000 r--p 0000a000 08:10 4195224                            /apps/mtp/TPE16.0.2/lib/libkxtm.so
f66c8000-f66c9000 rw-p 0000b000 08:10 4195224                            /apps/mtp/TPE16.0.2/lib/libkxtm.so
f66c9000-f66d7000 r-xp 00000000 08:10 4195230                            /apps/mtp/TPE16.0.2/lib/libkxtables.so
f66d7000-f66d8000 r--p 0000d000 08:10 4195230                            /apps/mtp/TPE16.0.2/lib/libkxtables.so
f66d8000-f66d9000 rw-p 0000e000 08:10 4195230                            /apps/mtp/TPE16.0.2/lib/libkxtables.so
f66d9000-f66fa000 r-xp 00000000 fd:00 136722898                          /usr/lib/libcrypt.so.1.1.0
f66fa000-f66fb000 r--p 00020000 fd:00 136722898                          /usr/lib/libcrypt.so.1.1.0
f66fb000-f6704000 rw-p 00000000 00:00 0 
f6704000-f6720000 r-xp 00000000 fd:00 134838612                          /usr/lib/libpthread-2.28.so
f6720000-f6721000 r--p 0001b000 fd:00 134838612                          /usr/lib/libpthread-2.28.so
f6721000-f6722000 rw-p 0001c000 fd:00 134838612                          /usr/lib/libpthread-2.28.so
f6722000-f6724000 rw-p 00000000 00:00 0 
f6724000-f67f4000 r-xp 00000000 fd:00 134838604                          /usr/lib/libm-2.28.so
f67f4000-f67f5000 r--p 000cf000 fd:00 134838604                          /usr/lib/libm-2.28.so
f67f5000-f67f6000 rw-p 000d0000 fd:00 134838604                          /usr/lib/libm-2.28.so
f67f6000-f67f9000 r-xp 00000000 fd:00 134838602                          /usr/lib/libdl-2.28.so
f67f9000-f67fa000 r--p 00002000 fd:00 134838602                          /usr/lib/libdl-2.28.so
f67fa000-f67fb000 rw-p 00003000 fd:00 134838602                          /usr/lib/libdl-2.28.so
f67fb000-f699c000 r-xp 00000000 fd:00 134838600                          /usr/lib/libc-2.28.so
f699c000-f699d000 ---p 001a1000 fd:00 134838600                          /usr/lib/libc-2.28.so
f699d000-f699f000 r--p 001a1000 fd:00 134838600                          /usr/lib/libc-2.28.so
f699f000-f69a0000 rw-p 001a3000 fd:00 134838600                          /usr/lib/libc-2.28.so
f69a0000-f69a3000 rw-p 00000000 00:00 0 
f69a3000-f69a4000 r--p 00000000 fd:00 134305704                          /usr/lib/locale/en_US/LC_IDENTIFICATION
f69a4000-f69a5000 rw-p 00000000 00:00 0 
f69a5000-f69a6000 r-xp 00000000 08:10 4195273                            /apps/mtp/TPE16.0.2/lib/libkxsockexit.so
f69a6000-f69a7000 r--p 00000000 08:10 4195273                            /apps/mtp/TPE16.0.2/lib/libkxsockexit.so
f69a7000-f69a8000 rw-p 00001000 08:10 4195273                            /apps/mtp/TPE16.0.2/lib/libkxsockexit.so
f69a8000-f69aa000 r-xp 00000000 08:10 4195272                            /apps/mtp/TPE16.0.2/lib/libkxiscexit.so
f69aa000-f69ab000 r--p 00001000 08:10 4195272                            /apps/mtp/TPE16.0.2/lib/libkxiscexit.so
f69ab000-f69ac000 rw-p 00002000 08:10 4195272                            /apps/mtp/TPE16.0.2/lib/libkxiscexit.so
f69ac000-f69ae000 r-xp 00000000 08:10 4195271                            /apps/mtp/TPE16.0.2/lib/libkxconvexit.so
f69ae000-f69af000 r--p 00001000 08:10 4195271                            /apps/mtp/TPE16.0.2/lib/libkxconvexit.so
f69af000-f69b0000 rw-p 00002000 08:10 4195271                            /apps/mtp/TPE16.0.2/lib/libkxconvexit.so
f69b0000-f6c77000 r-xp 00000000 08:10 4195270                            /apps/mtp/TPE16.0.2/lib/libunikixtran.so
f6c77000-f6c78000 r--p 002c6000 08:10 4195270                            /apps/mtp/TPE16.0.2/lib/libunikixtran.so
f6c78000-f6c95000 rw-p 002c7000 08:10 4195270                            /apps/mtp/TPE16.0.2/lib/libunikixtran.so
f6c95000-f6efd000 rw-p 00000000 00:00 0 
f6efd000-f7a80000 r-xp 00000000 fd:00 68223427                           /usr/java/jdk1.8.0_281-i586/jre/lib/i386/server/libjvm.so
f7a80000-f7a81000 ---p 00b83000 fd:00 68223427                           /usr/java/jdk1.8.0_281-i586/jre/lib/i386/server/libjvm.so
f7a81000-f7ac8000 r--p 00b83000 fd:00 68223427                           /usr/java/jdk1.8.0_281-i586/jre/lib/i386/server/libjvm.so
f7ac8000-f7ae5000 rw-p 00bca000 fd:00 68223427                           /usr/java/jdk1.8.0_281-i586/jre/lib/i386/server/libjvm.so
f7ae5000-f7f0a000 rw-p 00000000 00:00 0 
f7f0a000-f7f0c000 r-xp 00000000 fd:00 137303152                          /usr/java/jdk1.8.0_281-i586/jre/lib/i386/libjsig.so
f7f0c000-f7f0d000 r--p 00001000 fd:00 137303152                          /usr/java/jdk1.8.0_281-i586/jre/lib/i386/libjsig.so
f7f0d000-f7f0e000 rw-p 00002000 fd:00 137303152                          /usr/java/jdk1.8.0_281-i586/jre/lib/i386/libjsig.so
f7f0e000-f7f11000 rw-p 00000000 00:00 0 
f7f11000-f7f15000 r--p 00000000 00:00 0                                  [vvar]
f7f15000-f7f17000 r-xp 00000000 00:00 0                                  [vdso]
f7f17000-f7f43000 r-xp 00000000 fd:00 134838593                          /usr/lib/ld-2.28.so
f7f43000-f7f44000 r--p 00000000 00:00 0 
f7f44000-f7f45000 r--p 0002c000 fd:00 134838593                          /usr/lib/ld-2.28.so
f7f45000-f7f46000 rw-p 0002d000 fd:00 134838593                          /usr/lib/ld-2.28.so
ff715000-ff718000 ---p 00000000 00:00 0 
ff718000-ff815000 rw-p 00000000 00:00 0                                  [stack]

VM Arguments:
jvm_args: -Dvcobol.jdbc.autocommit=false -Dvcobol.runtime.compile_flags.mandatory= -Dvcobol.runtime.compile_flags.prohibited=-d64 -Xrs -Xss1M -DKIXSYS=/apps/test/mdoff/sys -DKIXPROGS=/apps/test/mdoff/exe/onl -DUNIKIX=/apps/mtp/mtp -Xmx128m -Dvcobol.jdbc.driver=com.microsoft.sqlserver.jdbc.SQLServerDriver -Dvcobol.jdbc.url=jdbc:sqlserver://hov-tstdb01.cso.local:1433;databaseName= -Dvcobol.jdbc.autocommit=False -Djava.library.path=/apps/mtp/mtp/lib:/opt/lib/cobol/NTT_DATA_COBOL_6.0/native/lib/ exit abort 
java_command: <unknown>
java_class_path (initial): /apps/mtp/mtp/lib/dfjcics.jar:/apps/mtp/mtp/lib/kixsysapi.jar:/apps/mtp/mtp/lib/transMQJMS.jar:/apps/mtp/mtp/lib/transutil.jar:/opt/lib/cobol/NTT_DATA_COBOL_6.0/lib/vcobol-runtime.jar:/apps/test/mdoff/sys/local/bin:/apps/mtp/mtp/local/bin:/apps/test/mdoff/exe/onl:/apps/mtp/mtp/axis2/current/lib/axis2-xmlbeans-1.7.8.jar:/apps/mtp/mtp/axis2/current/lib/axis2-kernel-1.7.8.jar:/apps/mtp/mtp/axis2/current/lib/geronimo-stax-api_1.0_spec-1.0.1.jar:/apps/mtp/mtp/axis2/current/lib/axis2-saaj-1.7.8.jar:/apps/mtp/mtp/axis2/current/lib/httpcore-4.4.6.jar:/apps/mtp/mtp/axis2/current/lib/commons-httpclient-3.1.jar:/apps/mtp/mtp/axis2/current/lib/axis2-transport-http-1.7.8.jar:/apps/mtp/mtp/axis2/current/lib/jibx-run-1.2.jar:/apps/mtp/mtp/axis2/current/lib/axis2-clustering-1.7.8.jar:/apps/mtp/mtp/axis2/current/lib/axis2-jaxws-1.7.8.jar:/apps/mtp/mtp/axis2/current/lib/commons-logging-1.1.1.jar:/apps/mtp/mtp/axis2/current/lib/mail-1.4.jar:/apps/mtp/mtp/axis2/current/lib/bcel-findbugs-6.0.jar:/apps/mtp/mtp/axis2/current/lib/axiom-dom-1.2.20.jar:/apps/mtp/mtp/axis2/current/lib/axis2-transport-mail-1.7.8.jar:/apps/mtp/mtp/axis2/current/lib/commons-io-2.1.jar:/apps/mtp/mtp/axis2/current/lib/jaxws-tools-2.2.6.jar:/apps/mtp/mtp/axis2/current/lib/woden-core-1.0M10.jar:/apps/mtp/mtp/axis2/current/lib/xalan-2.7.0.jar:/apps/mtp/mtp/axis2/current/lib/axis2-mtompolicy-1.7.8.jar:/apps/mtp/mtp/axis2/current/lib/axis2-codegen-1.7.8.jar:/apps/mtp/mtp/axis2/current/lib/geronimo-jaxws_2.2_spec-1.0.jar:/apps/mtp/mtp/axis2/current/lib/jsr311-api-1.1.1.jar:/apps/mtp/mtp/axis2/current/lib/antlr-2.7.7.jar:/apps/mtp/mtp/axis2/current/lib/axis2-corba-1.7.8.jar:/apps/mtp/mtp/axis2/current/lib/axis2-transport-local-1.7.8.jar:/apps/mtp/mtp/axis2/current/lib/juli-6.0.16.jar:/apps/mtp/mtp/axis2/current/lib/axis2-jibx-1.7.8.jar:/apps/mtp/mtp/axis2/current/lib/geronimo-ws-metadata_2.0_spec-1.1.2.jar:/apps/mtp/mtp/axis2/current/lib/jaxen-1.1.6.jar:/apps/mtp/mtp/axis2/current/lib/jettiso
Launcher Type: generic

Environment Variables:
PATH=/usr/java/default/bin:/apps/test/mdoff/sys/local/bin:/apps/mtp/mtp/bin:/usr/bin:/bin
LD_LIBRARY_PATH=/apps/test/mdoff/sys/local/bin:/apps/mtp/mtp/lib:/opt/lib/cobol/NTT_DATA_COBOL_6.0/native/lib:/usr/java/default/jre/lib/i386/server:/usr/java/default/jre/lib/i386

Signal Handlers:
SIGSEGV: [libjvm.so+0x94a910], sa_mask[0]=11111111111111111111111111111110, sa_flags=SA_RESTART|SA_SIGINFO
SIGBUS: [libjvm.so+0x94a910], sa_mask[0]=11111111111111111111111111111110, sa_flags=SA_SIGINFO
SIGFPE: [libunikixtran.so+0x256f8b], sa_mask[0]=11111111111111111111111111111110, sa_flags=SA_SIGINFO
SIGPIPE: SIG_IGN, sa_mask[0]=11111111111111111111111111111110, sa_flags=SA_SIGINFO
SIGXFSZ: SIG_DFL, sa_mask[0]=11111111111111111111111111111110, sa_flags=SA_SIGINFO
SIGILL: [libunikixtran.so+0x256f8b], sa_mask[0]=11111111111111111111111111111110, sa_flags=SA_SIGINFO
SIGUSR1: [libunikixtran.so+0x256f8b], sa_mask[0]=11111111011111111101111111111110, sa_flags=SA_SIGINFO
SIGUSR2: [libunikixtran.so+0x256f8b], sa_mask[0]=11111111011111111101111111111110, sa_flags=SA_RESTART|SA_SIGINFO
SIGHUP: [libunikixtran.so+0x256f8b], sa_mask[0]=11111111011111111101111111111110, sa_flags=SA_SIGINFO
SIGINT: [libunikixtran.so+0x256f8b], sa_mask[0]=11111111011111111101111111111110, sa_flags=SA_SIGINFO
SIGTERM: [libunikixtran.so+0x256f8b], sa_mask[0]=11111111011111111101111111111110, sa_flags=SA_SIGINFO
SIGQUIT: [libunikixtran.so+0x256f8b], sa_mask[0]=11111111011111111101111111111110, sa_flags=SA_SIGINFO


---------------  S Y S T E M  ---------------

OS:Red Hat Enterprise Linux release 8.4 (Ootpa)

uname:Linux 4.18.0-305.12.1.el8_4.x86_64 #1 SMP Mon Jul 26 08:06:24 EDT 2021 x86_64
libc:glibc 2.28 NPTL 2.28 
rlimit: STACK 8192k, CORE infinity, NPROC 63093, NOFILE 262144, AS infinity
load average:0.08 0.02 0.01

/proc/meminfo:
MemTotal:       16211596 kB
MemFree:        13431688 kB
MemAvailable:   14297512 kB
Buffers:           47532 kB
Cached:          1086972 kB
SwapCached:         1496 kB
Active:           563800 kB
Inactive:        1838852 kB
Active(anon):      44588 kB
Inactive(anon):  1279252 kB
Active(file):     519212 kB
Inactive(file):   559600 kB
Unevictable:           0 kB
Mlocked:               0 kB
SwapTotal:       8273916 kB
SwapFree:        8247804 kB
Dirty:              1076 kB
Writeback:             8 kB
AnonPages:       1264836 kB
Mapped:           241064 kB
Shmem:             55700 kB
KReclaimable:      80300 kB
Slab:             167340 kB
SReclaimable:      80300 kB
SUnreclaim:        87040 kB
KernelStack:       15040 kB
PageTables:        35400 kB
NFS_Unstable:          0 kB
Bounce:                0 kB
WritebackTmp:          0 kB
CommitLimit:    16379712 kB
Committed_AS:    9416768 kB
VmallocTotal:   34359738367 kB
VmallocUsed:           0 kB
VmallocChunk:          0 kB
Percpu:             4528 kB
HardwareCorrupted:     0 kB
AnonHugePages:    604160 kB
ShmemHugePages:        0 kB
ShmemPmdMapped:        0 kB
FileHugePages:         0 kB
FilePmdMapped:         0 kB
HugePages_Total:       0
HugePages_Free:        0
HugePages_Rsvd:        0
HugePages_Surp:        0
Hugepagesize:       2048 kB
Hugetlb:               0 kB
DirectMap4k:      331120 kB
DirectMap2M:     9105408 kB
DirectMap1G:     9437184 kB

container (cgroup) information:
container_type: cgroupv1
cpu_cpuset_cpus: 0-3
cpu_memory_nodes: 0
active_processor_count: 4
cpu_quota: -1
cpu_period: 100000
cpu_shares: -1
memory_limit_in_bytes: -1
memory_and_swap_limit_in_bytes: -1
memory_soft_limit_in_bytes: -1
memory_usage_in_bytes: 403718144
memory_max_usage_in_bytes: 403718144


CPU:total 4 (initial active 4) (2 cores per cpu, 1 threads per core) family 6 model 85 stepping 4, cmov, cx8, fxsr, mmx, sse, sse2, sse3, ssse3, sse4.1, sse4.2, popcnt, avx, avx2, aes, clmul, erms, 3dnowpref, lzcnt, tsc, tscinvbit, bmi1, bmi2, adx

/proc/cpuinfo:
processor	: 0
vendor_id	: GenuineIntel
cpu family	: 6
model		: 85
model name	: Intel(R) Xeon(R) Gold 6154 CPU @ 3.00GHz
stepping	: 4
microcode	: 0x2006a08
cpu MHz		: 2992.968
cache size	: 25344 KB
physical id	: 0
siblings	: 2
core id		: 0
cpu cores	: 2
apicid		: 0
initial apicid	: 0
fpu		: yes
fpu_exception	: yes
cpuid level	: 22
wp		: yes
flags		: fpu vme de pse tsc msr pae mce cx8 apic sep mtrr pge mca cmov pat pse36 clflush mmx fxsr sse sse2 ss ht syscall nx pdpe1gb rdtscp lm constant_tsc arch_perfmon nopl xtopology tsc_reliable nonstop_tsc cpuid pni pclmulqdq ssse3 fma cx16 pcid sse4_1 sse4_2 x2apic movbe popcnt tsc_deadline_timer aes xsave avx f16c rdrand hypervisor lahf_lm abm 3dnowprefetch cpuid_fault invpcid_single pti ssbd ibrs ibpb stibp fsgsbase tsc_adjust bmi1 avx2 smep bmi2 invpcid avx512f avx512dq rdseed adx smap clflushopt clwb avx512cd avx512bw avx512vl xsaveopt xsavec xsaves arat pku ospke md_clear flush_l1d arch_capabilities
bugs		: cpu_meltdown spectre_v1 spectre_v2 spec_store_bypass l1tf mds swapgs itlb_multihit
bogomips	: 5985.93
clflush size	: 64
cache_alignment	: 64
address sizes	: 43 bits physical, 48 bits virtual
power management:

processor	: 1
vendor_id	: GenuineIntel
cpu family	: 6
model		: 85
model name	: Intel(R) Xeon(R) Gold 6154 CPU @ 3.00GHz
stepping	: 4
microcode	: 0x2006a08
cpu MHz		: 2992.968
cache size	: 25344 KB
physical id	: 0
siblings	: 2
core id		: 1
cpu cores	: 2
apicid		: 1
initial apicid	: 1
fpu		: yes
fpu_exception	: yes
cpuid level	: 22
wp		: yes
flags		: fpu vme de pse tsc msr pae mce cx8 apic sep mtrr pge mca cmov pat pse36 clflush mmx fxsr sse sse2 ss ht syscall nx pdpe1gb rdtscp lm constant_tsc arch_perfmon nopl xtopology tsc_reliable nonstop_tsc cpuid pni pclmulqdq ssse3 fma cx16 pcid sse4_1 sse4_2 x2apic movbe popcnt tsc_deadline_timer aes xsave avx f16c rdrand hypervisor lahf_lm abm 3dnowprefetch cpuid_fault invpcid_single pti ssbd ibrs ibpb stibp fsgsbase tsc_adjust bmi1 avx2 smep bmi2 invpcid avx512f avx512dq rdseed adx smap clflushopt clwb avx512cd avx512bw avx512vl xsaveopt xsavec xsaves arat pku ospke md_clear flush_l1d arch_capabilities
bugs		: cpu_meltdown spectre_v1 spectre_v2 spec_store_bypass l1tf mds swapgs itlb_multihit
bogomips	: 5985.93
clflush size	: 64
cache_alignment	: 64
address sizes	: 43 bits physical, 48 bits virtual
power management:

processor	: 2
vendor_id	: GenuineIntel
cpu family	: 6
model		: 85
model name	: Intel(R) Xeon(R) Gold 6154 CPU @ 3.00GHz
stepping	: 4
microcode	: 0x2006a08
cpu MHz		: 2992.968
cache size	: 25344 KB
physical id	: 1
siblings	: 2
core id		: 0
cpu cores	: 2
apicid		: 2
initial apicid	: 2
fpu		: yes
fpu_exception	: yes
cpuid level	: 22
wp		: yes
flags		: fpu vme de pse tsc msr pae mce cx8 apic sep mtrr pge mca cmov pat pse36 clflush mmx fxsr sse sse2 ss ht syscall nx pdpe1gb rdtscp lm constant_tsc arch_perfmon nopl xtopology tsc_reliable nonstop_tsc cpuid pni pclmulqdq ssse3 fma cx16 pcid sse4_1 sse4_2 x2apic movbe popcnt tsc_deadline_timer aes xsave avx f16c rdrand hypervisor lahf_lm abm 3dnowprefetch cpuid_fault invpcid_single pti ssbd ibrs ibpb stibp fsgsbase tsc_adjust bmi1 avx2 smep bmi2 invpcid avx512f avx512dq rdseed adx smap clflushopt clwb avx512cd avx512bw avx512vl xsaveopt xsavec xsaves arat pku ospke md_clear flush_l1d arch_capabilities
bugs		: cpu_meltdown spectre_v1 spectre_v2 spec_store_bypass l1tf mds swapgs itlb_multihit
bogomips	: 5985.93
clflush size	: 64
cache_alignment	: 64
address sizes	: 43 bits physical, 48 bits virtual
power management:

processor	: 3
vendor_id	: GenuineIntel
cpu family	: 6
model		: 85
model name	: Intel(R) Xeon(R) Gold 6154 CPU @ 3.00GHz
stepping	: 4
microcode	: 0x2006a08
cpu MHz		: 2992.968
cache size	: 25344 KB
physical id	: 1
siblings	: 2
core id		: 1
cpu cores	: 2
apicid		: 3
initial apicid	: 3
fpu		: yes
fpu_exception	: yes
cpuid level	: 22
wp		: yes
flags		: fpu vme de pse tsc msr pae mce cx8 apic sep mtrr pge mca cmov pat pse36 clflush mmx fxsr sse sse2 ss ht syscall nx pdpe1gb rdtscp lm constant_tsc arch_perfmon nopl xtopology tsc_reliable nonstop_tsc cpuid pni pclmulqdq ssse3 fma cx16 pcid sse4_1 sse4_2 x2apic movbe popcnt tsc_deadline_timer aes xsave avx f16c rdrand hypervisor lahf_lm abm 3dnowprefetch cpuid_fault invpcid_single pti ssbd ibrs ibpb stibp fsgsbase tsc_adjust bmi1 avx2 smep bmi2 invpcid avx512f avx512dq rdseed adx smap clflushopt clwb avx512cd avx512bw avx512vl xsaveopt xsavec xsaves arat pku ospke md_clear flush_l1d arch_capabilities
bugs		: cpu_meltdown spectre_v1 spectre_v2 spec_store_bypass l1tf mds swapgs itlb_multihit
bogomips	: 5985.93
clflush size	: 64
cache_alignment	: 64
address sizes	: 43 bits physical, 48 bits virtual
power management:



Memory: 4k page, physical 16211596k(13431688k free), swap 8273916k(8247804k free)

vm_info: Java HotSpot(TM) Server VM (25.281-b09) for linux-x86 JRE (1.8.0_281-b09), built on Dec  9 2020 12:36:01 by "java_re" with gcc 7.3.0

time: Fri Aug 20 14:27:05 2021
timezone: CDT
elapsed time: 0.920875 seconds (0d 0h 0m 0s)

