#
# A fatal error has been detected by the Java Runtime Environment:
#
#  SIGSEGV (0xb) at pc=0x736f6c63, pid=55153, tid=0xf6735700
#
# JRE version: Java(TM) SE Runtime Environment (8.0_281-b09) (build 1.8.0_281-b09)
# Java VM: Java HotSpot(TM) Server VM (25.281-b09 mixed mode linux-x86 )
# Problematic frame:
# C  0x736f6c63
#
# Core dump written. Default location: /apps/test/mdoff/sys/core or core.55153
#
# If you would like to submit a bug report, please visit:
#   http://bugreport.java.com/bugreport/crash.jsp
# The crash happened outside the Java Virtual Machine in native code.
# See problematic frame for where to report the bug.
#

---------------  T H R E A D  ---------------

Current thread (0x08cc5800):  JavaThread "main" [_thread_in_native, id=55153, stack(0xffbb2000,0xffcb2000)]

siginfo: si_signo: 11 (SIGSEGV), si_code: 2 (SEGV_ACCERR), si_addr: 0x736f6c63

Registers:
EAX=0x00000000, EBX=0x77232c29, ECX=0xdd34dfc1, EDX=0x00000000
ESP=0xffc83710, EBP=0x2e77232c, ESI=0x756c662e, EDI=0x29286873
EIP=0x736f6c63, EFLAGS=0x00010286, CR2=0x736f6c63

Top of Stack: (sp=0xffc83710)
0xffc83710:   7d292865 7463612e 0a6e6f69 dd350000
0xffc83720:   dd3500d4 dd3500d4 ffc83f98 ffc83824
0xffc83730:   dd3500d4 dd3500d4 ffc83924 ffc83a24
0xffc83740:   dd3500d4 dd3500d4 dd3500d4 dd3500d4
0xffc83750:   dd3500d4 00000000 00000000 00000000
0xffc83760:   00000000 00000000 00000015 00000015
0xffc83770:   00000000 00000000 00000000 00000000
0xffc83780:   00000000 00000000 00000000 00000000 

Instructions: (pc=0x736f6c63)
0x736f6c43:   00 00 00 00 00 00 00 00 00 00 00 00 00 00 00 00
0x736f6c53:   00 00 00 00 00 00 00 00 00 00 00 00 00 00 00 00
0x736f6c63:   00 00 00 00 00 00 00 00 00 00 00 00 00 00 00 00
0x736f6c73:   00 00 00 00 00 00 00 00 00 00 00 00 00 00 00 00 

Register to memory mapping:

EAX=0x00000000 is an unknown value
EBX=0x77232c29 is an unknown value
ECX=0xdd34dfc1: <offset 0x3fc1> in /apps/mtp/mtp/lib/KXWBXN.so at 0xdd34a000
EDX=0x00000000 is an unknown value
ESP=0xffc83710 is pointing into the stack for thread: 0x08cc5800
EBP=0x2e77232c is an unknown value
ESI=0x756c662e is an unknown value
EDI=0x29286873 is an unknown value


Stack: [0xffbb2000,0xffcb2000],  sp=0xffc83710,  free space=837k
Native frames: (J=compiled Java code, j=interpreted, Vv=VM code, C=native code)
C  0x736f6c63

Java frames: (J=compiled Java code, j=interpreted, Vv=VM code)
j  com.vcobol.runtime.impl.NativeVCobolCallable.nativeCall00(J)J+0
j  com.vcobol.runtime.impl.NativeVCobolCallable.call([Lcom/vcobol/runtime/memory/Chunk;)J+92
j  com.vcobol.runtime.VCobolRuntime.callCallable(Lcom/vcobol/runtime/ru/RunUnit;Lcom/vcobol/runtime/VCobolCallable;[Lcom/vcobol/runtime/memory/Chunk;)J+21
j  com.vcobol.runtime.VCobolRuntime.callProgram(Lcom/vcobol/runtime/VCobolCallable;[Lcom/vcobol/runtime/memory/Chunk;)J+44
j  KXCALLKIX.PROCEDURE()I+147
j  KXCALLKIX.perform(II)I+39
j  KXCALLKIX.call([Lcom/vcobol/runtime/memory/Chunk;)J+10
j  com.vcobol.runtime.VCobolRuntime.callCallable(Lcom/vcobol/runtime/ru/RunUnit;Lcom/vcobol/runtime/VCobolCallable;[Lcom/vcobol/runtime/memory/Chunk;)J+21
j  com.vcobol.runtime.VCobolRuntime.callProgram(Lcom/vcobol/runtime/VCobolCallable;[Lcom/vcobol/runtime/memory/Chunk;)J+22
j  com.vcobol.runtime.VCobolRuntime.callProgramExtended(Ljava/lang/String;Z[Lcom/vcobol/runtime/memory/Chunk;)J+36
v  ~StubRoutines::call_stub

---------------  P R O C E S S  ---------------

Java Threads: ( => current thread )
  0x08f10c00 JavaThread "Service Thread" daemon [_thread_blocked, id=55441, stack(0xdccfe000,0xdcdff000)]
  0x08f0dc00 JavaThread "C1 CompilerThread2" daemon [_thread_blocked, id=55424, stack(0xdd07f000,0xdd0ff000)]
  0x08f0c000 JavaThread "C2 CompilerThread1" daemon [_thread_blocked, id=55422, stack(0xdd37f000,0xdd3ff000)]
  0x08f0a000 JavaThread "C2 CompilerThread0" daemon [_thread_blocked, id=55418, stack(0xdd656000,0xdd6d6000)]
  0x08f08800 JavaThread "Attach Listener" daemon [_thread_blocked, id=55407, stack(0xdcdff000,0xdcf00000)]
  0x08eee400 JavaThread "Finalizer" daemon [_thread_blocked, id=55398, stack(0xdd0ff000,0xdd200000)]
  0x08eeb400 JavaThread "Reference Handler" daemon [_thread_blocked, id=55395, stack(0xdd3ff000,0xdd500000)]
=>0x08cc5800 JavaThread "main" [_thread_in_native, id=55153, stack(0xffbb2000,0xffcb2000)]

Other Threads:
  0x08ee5c00 VMThread [stack: 0xdd6d7000,0xdd757000] [id=55381]
  0x08f14000 WatcherThread [stack: 0xdcc7e000,0xdccfe000] [id=55456]

VM state:not at safepoint (normal execution)

VM Mutex/Monitor currently owned by a thread: None

Heap:
 PSYoungGen      total 19200K, used 10343K [0xe3f80000, 0xe54c0000, 0xe6a00000)
  eden space 16640K, 62% used [0xe3f80000,0xe4999cc0,0xe4fc0000)
  from space 2560K, 0% used [0xe5240000,0xe5240000,0xe54c0000)
  to   space 2560K, 0% used [0xe4fc0000,0xe4fc0000,0xe5240000)
 ParOldGen       total 43776K, used 0K [0xdea00000, 0xe14c0000, 0xe3f80000)
  object space 43776K, 0% used [0xdea00000,0xdea00000,0xe14c0000)
 Metaspace       used 4501K, capacity 4666K, committed 4760K, reserved 5424K

Card table byte_map: [0xe6a9c000,0xe6add000] byte_map_base: 0xe63a7000

Marking Bits: (ParMarkBitMap*) 0xf7b86e60
 Begin Bits: [0xdde00000, 0xde000000)
 End Bits:   [0xde000000, 0xde200000)

Polling page: 0xf7fd1000

CodeCache: size=245760Kb used=1571Kb max_used=1571Kb free=244188Kb
 bounds [0xe6e9d000, 0xe70dd000, 0xf5e9d000]
 total_blobs=664 nmethods=466 adapters=112
 compilation: enabled

Compilation events (10 events):
Event: 1.188 Thread 0x08f0dc00  463       3       java.net.URL::<init> (8 bytes)
Event: 1.188 Thread 0x08f0dc00 nmethod 463 0xe700b288 code [0xe700b3a0, 0xe700b4ac]
Event: 1.188 Thread 0x08f0dc00  465       3       java.net.URLStreamHandler::setURL (73 bytes)
Event: 1.189 Thread 0x08f0dc00 nmethod 465 0xe7009f08 code [0xe700a100, 0xe700ac00]
Event: 1.189 Thread 0x08f0dc00  466   !   3       java.net.URL::set (114 bytes)
Event: 1.189 Thread 0x08f0dc00 nmethod 466 0xe700ff88 code [0xe7010160, 0xe7010a50]
Event: 1.189 Thread 0x08f0dc00  461       3       sun.net.www.protocol.file.Handler::parseURL (18 bytes)
Event: 1.189 Thread 0x08f0dc00 nmethod 461 0xe7009b48 code [0xe7009c60, 0xe7009e18]
Event: 1.189 Thread 0x08f0dc00  462       3       java.net.URLStreamHandler::parseURL (1193 bytes)
Event: 1.194 Thread 0x08f0dc00 nmethod 462 0xe7019888 code [0xe701a460, 0xe702233c]

GC Heap History (0 events):
No events

Deoptimization events (3 events):
Event: 0.229 Thread 0x08cc5800 Uncommon trap: reason=unstable_if action=reinterpret pc=0xe6f529b8 method=java.lang.String.indexOf(II)I @ 49
Event: 0.570 Thread 0x08cc5800 Uncommon trap: reason=unstable_if action=reinterpret pc=0xe6f71684 method=java.lang.String.startsWith(Ljava/lang/String;I)Z @ 25
Event: 0.850 Thread 0x08cc5800 Uncommon trap: reason=unstable_if action=reinterpret pc=0xe6fbd590 method=java.lang.String.replace(CC)Ljava/lang/String; @ 26

Classes redefined (0 events):
No events

Internal exceptions (10 events):
Event: 0.666 Thread 0x08cc5800 Exception <a 'java/security/PrivilegedActionException'> (0xe43f2c18) thrown at [/scratch/jenkins/workspace/8-2-build-linux-i586/jdk8u281/880/hotspot/src/share/vm/prims/jvm.cpp, line 1512]
Event: 0.666 Thread 0x08cc5800 Exception <a 'java/security/PrivilegedActionException'> (0xe43f3628) thrown at [/scratch/jenkins/workspace/8-2-build-linux-i586/jdk8u281/880/hotspot/src/share/vm/prims/jvm.cpp, line 1512]
Event: 0.666 Thread 0x08cc5800 Exception <a 'java/security/PrivilegedActionException'> (0xe43f3828) thrown at [/scratch/jenkins/workspace/8-2-build-linux-i586/jdk8u281/880/hotspot/src/share/vm/prims/jvm.cpp, line 1512]
Event: 0.666 Thread 0x08cc5800 Exception <a 'java/security/PrivilegedActionException'> (0xe43f4288) thrown at [/scratch/jenkins/workspace/8-2-build-linux-i586/jdk8u281/880/hotspot/src/share/vm/prims/jvm.cpp, line 1512]
Event: 0.666 Thread 0x08cc5800 Exception <a 'java/security/PrivilegedActionException'> (0xe43f4488) thrown at [/scratch/jenkins/workspace/8-2-build-linux-i586/jdk8u281/880/hotspot/src/share/vm/prims/jvm.cpp, line 1512]
Event: 0.666 Thread 0x08cc5800 Exception <a 'java/security/PrivilegedActionException'> (0xe43f4ee8) thrown at [/scratch/jenkins/workspace/8-2-build-linux-i586/jdk8u281/880/hotspot/src/share/vm/prims/jvm.cpp, line 1512]
Event: 0.666 Thread 0x08cc5800 Exception <a 'java/security/PrivilegedActionException'> (0xe43f50e8) thrown at [/scratch/jenkins/workspace/8-2-build-linux-i586/jdk8u281/880/hotspot/src/share/vm/prims/jvm.cpp, line 1512]
Event: 0.765 Thread 0x08cc5800 Exception <a 'java/lang/NoSuchFieldError': method resolution failed> (0xe4502308) thrown at [/scratch/jenkins/workspace/8-2-build-linux-i586/jdk8u281/880/hotspot/src/share/vm/prims/methodHandles.cpp, line 1169]
Event: 0.827 Thread 0x08cc5800 Exception <a 'java/lang/NoSuchFieldError': method resolution failed> (0xe450e488) thrown at [/scratch/jenkins/workspace/8-2-build-linux-i586/jdk8u281/880/hotspot/src/share/vm/prims/methodHandles.cpp, line 1169]
Event: 0.848 Thread 0x08cc5800 Exception <a 'java/io/FileNotFoundException'> (0xe4586d78) thrown at [/scratch/jenkins/workspace/8-2-build-linux-i586/jdk8u281/880/hotspot/src/share/vm/prims/jni.cpp, line 710]

Events (10 events):
Event: 1.186 loading class kxdsptch
Event: 1.186 loading class kxdsptch done
Event: 1.186 loading class KXDSPTCH
Event: 1.186 loading class KXDSPTCH done
Event: 1.186 loading class KXDSPTCH
Event: 1.186 loading class KXDSPTCH done
Event: 1.186 loading class kxdsptch
Event: 1.186 loading class kxdsptch done
Event: 4.223 Executing VM operation: EnableBiasedLocking
Event: 4.223 Executing VM operation: EnableBiasedLocking done


Dynamic libraries:
08048000-08049000 r-xp 00000000 08:10 4194405                            /apps/mtp/TPE16.0.2/bin/unikixtran
08049000-0804a000 r--p 00000000 08:10 4194405                            /apps/mtp/TPE16.0.2/bin/unikixtran
0804a000-0804b000 rw-p 00001000 08:10 4194405                            /apps/mtp/TPE16.0.2/bin/unikixtran
08c9b000-093f4000 rw-p 00000000 00:00 0                                  [heap]
20000000-50000000 rw-s 00000000 00:01 3                                  /SYSV010a037b (deleted)
50002000-80002000 rw-s 00000000 00:01 4                                  /SYSV00000000 (deleted)
80004000-80a2c000 rw-s 00000000 00:01 5                                  /SYSV00000000 (deleted)
80a2e000-80a5c000 rw-s 00000000 00:01 6                                  /SYSV00000000 (deleted)
80a5e000-84a5f000 rw-s 00000000 00:01 7                                  /SYSV00000000 (deleted)
dc800000-dc8ef000 rw-p 00000000 00:00 0 
dc8ef000-dc900000 ---p 00000000 00:00 0 
dca00000-dca60000 rw-p 00000000 00:00 0 
dca60000-dcb00000 ---p 00000000 00:00 0 
dcb00000-dcb51000 rw-p 00000000 00:00 0 
dcb51000-dcc00000 ---p 00000000 00:00 0 
dcc7d000-dcc7e000 ---p 00000000 00:00 0 
dcc7e000-dccfe000 rw-p 00000000 00:00 0 
dccfe000-dcd01000 ---p 00000000 00:00 0 
dcd01000-dcdff000 rw-p 00000000 00:00 0 
dcdff000-dce02000 ---p 00000000 00:00 0 
dce02000-dcf00000 rw-p 00000000 00:00 0 
dcf00000-dcfc7000 rw-p 00000000 00:00 0 
dcfc7000-dd000000 ---p 00000000 00:00 0 
dd07e000-dd07f000 ---p 00000000 00:00 0 
dd07f000-dd082000 ---p 00000000 00:00 0 
dd082000-dd0ff000 rw-p 00000000 00:00 0 
dd0ff000-dd102000 ---p 00000000 00:00 0 
dd102000-dd200000 rw-p 00000000 00:00 0 
dd200000-dd2f9000 rw-p 00000000 00:00 0 
dd2f9000-dd300000 ---p 00000000 00:00 0 
dd31e000-dd332000 r-xp 00000000 fd:00 134838613                          /usr/lib/libresolv-2.28.so
dd332000-dd333000 r--p 00013000 fd:00 134838613                          /usr/lib/libresolv-2.28.so
dd333000-dd334000 rw-p 00014000 fd:00 134838613                          /usr/lib/libresolv-2.28.so
dd334000-dd336000 rw-p 00000000 00:00 0 
dd336000-dd33b000 r-xp 00000000 fd:00 134838607                          /usr/lib/libnss_dns-2.28.so
dd33b000-dd33c000 r--p 00004000 fd:00 134838607                          /usr/lib/libnss_dns-2.28.so
dd33c000-dd33d000 rw-p 00005000 fd:00 134838607                          /usr/lib/libnss_dns-2.28.so
dd34a000-dd34f000 r-xp 00000000 08:10 4195267                            /apps/mtp/TPE16.0.2/lib/KXWBXN.so
dd34f000-dd350000 r--p 00004000 08:10 4195267                            /apps/mtp/TPE16.0.2/lib/KXWBXN.so
dd350000-dd351000 rw-p 00005000 08:10 4195267                            /apps/mtp/TPE16.0.2/lib/KXWBXN.so
dd351000-dd352000 r-xp 00000000 fd:00 2469691                            /opt/lib/cobol/NTT_DATA_COBOL_6.0/native/lib/libvcobolmemory.so
dd352000-dd353000 r--p 00000000 fd:00 2469691                            /opt/lib/cobol/NTT_DATA_COBOL_6.0/native/lib/libvcobolmemory.so
dd353000-dd354000 rw-p 00001000 fd:00 2469691                            /opt/lib/cobol/NTT_DATA_COBOL_6.0/native/lib/libvcobolmemory.so
dd354000-dd356000 r-xp 00000000 08:10 9045189                            /apps/test/mdoff/sys/local/bin/libkxusrexit.so
dd356000-dd357000 r--p 00001000 08:10 9045189                            /apps/test/mdoff/sys/local/bin/libkxusrexit.so
dd357000-dd358000 rw-p 00002000 08:10 9045189                            /apps/test/mdoff/sys/local/bin/libkxusrexit.so
dd358000-dd359000 rw-p 00000000 00:00 0 
dd359000-dd37e000 r--s 001d7000 08:10 4195688                            /apps/mtp/TPE16.0.2/axis2/axis2-1.7.8/lib/jaxb-xjc-2.2.6.jar
dd37e000-dd37f000 ---p 00000000 00:00 0 
dd37f000-dd382000 ---p 00000000 00:00 0 
dd382000-dd3ff000 rw-p 00000000 00:00 0 
dd3ff000-dd402000 ---p 00000000 00:00 0 
dd402000-dd500000 rw-p 00000000 00:00 0 
dd500000-dd5fd000 rw-p 00000000 00:00 0 
dd5fd000-dd600000 ---p 00000000 00:00 0 
dd602000-dd603000 r--s 00002000 08:10 4195716                            /apps/mtp/TPE16.0.2/axis2/axis2-1.7.8/lib/geronimo-annotation_1.0_spec-1.1.jar
dd603000-dd608000 r--s 0005f000 08:10 4195644                            /apps/mtp/TPE16.0.2/axis2/axis2-1.7.8/lib/jibx-bind-1.2.jar
dd608000-dd609000 r--s 00003000 08:10 4195645                            /apps/mtp/TPE16.0.2/axis2/axis2-1.7.8/lib/axis2-spring-1.7.8.jar
dd609000-dd60c000 r--s 0000f000 08:10 4195615                            /apps/mtp/TPE16.0.2/axis2/axis2-1.7.8/lib/commons-fileupload-1.3.3.jar
dd60c000-dd617000 r--s 0005d000 08:10 4195611                            /apps/mtp/TPE16.0.2/axis2/axis2-1.7.8/lib/axiom-api-1.2.20.jar
dd617000-dd61b000 r--s 00034000 08:10 4195652                            /apps/mtp/TPE16.0.2/axis2/axis2-1.7.8/lib/tribes-6.0.16.jar
dd61b000-dd61f000 r--s 00029000 08:10 4195612                            /apps/mtp/TPE16.0.2/axis2/axis2-1.7.8/lib/stax2-api-3.1.1.jar
dd61f000-dd621000 r--s 00013000 08:10 4195719                            /apps/mtp/TPE16.0.2/axis2/axis2-1.7.8/lib/xml-resolver-1.2.jar
dd621000-dd623000 r--s 00003000 08:10 4195685                            /apps/mtp/TPE16.0.2/axis2/axis2-1.7.8/lib/axis2-fastinfoset-1.7.8.jar
dd623000-dd627000 r--s 00015000 08:10 4195687                            /apps/mtp/TPE16.0.2/axis2/axis2-1.7.8/lib/jaxb-api-2.2.6.jar
dd627000-dd629000 r--s 00009000 08:10 4195621                            /apps/mtp/TPE16.0.2/axis2/axis2-1.7.8/lib/commons-cli-1.2.jar
dd629000-dd636000 r--s 000aa000 08:10 4195708                            /apps/mtp/TPE16.0.2/axis2/axis2-1.7.8/lib/httpclient-4.5.3.jar
dd636000-dd647000 r--s 00136000 08:10 4195663                            /apps/mtp/TPE16.0.2/axis2/axis2-1.7.8/lib/jalopy-1.5rc3.jar
dd647000-dd64a000 r--s 00015000 08:10 4195675                            /apps/mtp/TPE16.0.2/axis2/axis2-1.7.8/lib/apache-mime4j-core-0.7.2.jar
dd64a000-dd64c000 r--s 0000b000 08:10 4195662                            /apps/mtp/TPE16.0.2/axis2/axis2-1.7.8/lib/axis2-transport-xmpp-1.7.8.jar
dd64c000-dd653000 r--s 00059000 08:10 4195624                            /apps/mtp/TPE16.0.2/axis2/axis2-1.7.8/lib/log4j-1.2.15.jar
dd653000-dd655000 r--s 00006000 08:10 4195679                            /apps/mtp/TPE16.0.2/axis2/axis2-1.7.8/lib/commons-codec-1.2.jar
dd655000-dd656000 ---p 00000000 00:00 0 
dd656000-dd659000 ---p 00000000 00:00 0 
dd659000-dd6d6000 rw-p 00000000 00:00 0 
dd6d6000-dd6d7000 ---p 00000000 00:00 0 
dd6d7000-dd757000 rw-p 00000000 00:00 0 
dd757000-dd934000 r--s 03dd0000 fd:00 203051326                          /usr/java/jdk1.8.0_281-i586/jre/lib/rt.jar
dd934000-ddd7a000 rw-p 00000000 00:00 0 
ddd7a000-ddd80000 ---p 00000000 00:00 0 
ddd80000-de200000 rw-p 00000000 00:00 0 
de200000-de221000 rw-p 00000000 00:00 0 
de221000-de300000 ---p 00000000 00:00 0 
de300000-de301000 r--s 00005000 08:10 4195654                            /apps/mtp/TPE16.0.2/axis2/axis2-1.7.8/lib/axis2-ant-plugin-1.7.8.jar
de301000-de304000 r--s 00017000 08:10 4195658                            /apps/mtp/TPE16.0.2/axis2/axis2-1.7.8/lib/axis2-transport-base-1.7.8.jar
de304000-de309000 r--s 00020000 08:10 4195677                            /apps/mtp/TPE16.0.2/axis2/axis2-1.7.8/lib/wsdl4j-1.6.2.jar
de309000-de30b000 r--s 00006000 08:10 4195649                            /apps/mtp/TPE16.0.2/axis2/axis2-1.7.8/lib/geronimo-saaj_1.3_spec-1.0.1.jar
de30b000-de30d000 r--s 00007000 08:10 4195655                            /apps/mtp/TPE16.0.2/axis2/axis2-1.7.8/lib/mex-1.7.8-impl.jar
de30d000-de30f000 r--s 00003000 08:10 4195686                            /apps/mtp/TPE16.0.2/axis2/axis2-1.7.8/lib/axiom-jaxb-1.2.20.jar
de30f000-de319000 r--s 00082000 08:10 4195676                            /apps/mtp/TPE16.0.2/axis2/axis2-1.7.8/lib/axiom-impl-1.2.20.jar
de319000-de322000 r--s 00062000 08:10 4195650                            /apps/mtp/TPE16.0.2/axis2/axis2-1.7.8/lib/axis2-metadata-1.7.8.jar
de322000-de324000 r--s 00007000 08:10 4195646                            /apps/mtp/TPE16.0.2/axis2/axis2-1.7.8/lib/axis2-soapmonitor-servlet-1.7.8.jar
de324000-de325000 r--s 00003000 08:10 4195614                            /apps/mtp/TPE16.0.2/axis2/axis2-1.7.8/lib/geronimo-jta_1.1_spec-1.1.jar
de325000-de327000 r--s 0000e000 08:10 4195659                            /apps/mtp/TPE16.0.2/axis2/axis2-1.7.8/lib/activation-1.1.jar
de327000-de329000 r--s 0000c000 08:10 4195682                            /apps/mtp/TPE16.0.2/axis2/axis2-1.7.8/lib/axis2-json-1.7.8.jar
de329000-de367000 r--s 0025d000 08:10 4195622                            /apps/mtp/TPE16.0.2/axis2/axis2-1.7.8/lib/xmlbeans-2.6.0.jar
de367000-de368000 r--s 00006000 08:10 4195660                            /apps/mtp/TPE16.0.2/axis2/axis2-1.7.8/lib/axis2-transport-tcp-1.7.8.jar
de368000-de36a000 r--s 00006000 08:10 4195647                            /apps/mtp/TPE16.0.2/axis2/axis2-1.7.8/lib/axis2-jaxbri-1.7.8.jar
de36a000-de36c000 r--s 00004000 08:10 4195661                            /apps/mtp/TPE16.0.2/axis2/axis2-1.7.8/lib/axis2-transport-udp-1.7.8.jar
de36c000-de370000 r--s 00028000 08:10 4195684                            /apps/mtp/TPE16.0.2/axis2/axis2-1.7.8/lib/gson-2.1.jar
de370000-de372000 r--s 00012000 08:10 4195689                            /apps/mtp/TPE16.0.2/axis2/axis2-1.7.8/lib/axis2-transport-jms-1.7.8.jar
de372000-de376000 r--s 00026000 08:10 4195617                            /apps/mtp/TPE16.0.2/axis2/axis2-1.7.8/lib/xmlschema-core-2.2.1.jar
de376000-de37f000 r--s 00097000 08:10 4195620                            /apps/mtp/TPE16.0.2/axis2/axis2-1.7.8/lib/axis2-adb-1.7.8.jar
de37f000-de380000 ---p 00000000 00:00 0 
de380000-de400000 rw-p 00000000 00:00 0 
de400000-de421000 rw-p 00000000 00:00 0 
de421000-de500000 ---p 00000000 00:00 0 
de500000-de502000 r--s 0002b000 08:10 4195710                            /apps/mtp/TPE16.0.2/axis2/axis2-1.7.8/lib/axis2-adb-codegen-1.7.8.jar
de502000-de508000 r--s 00070000 08:10 4195639                            /apps/mtp/TPE16.0.2/axis2/axis2-1.7.8/lib/woodstox-core-asl-4.2.0.jar
de508000-de509000 r--s 00007000 08:10 4195636                            /apps/mtp/TPE16.0.2/axis2/axis2-1.7.8/lib/axis2-java2wsdl-1.7.8.jar
de509000-de51f000 r--s 000fa000 08:10 4195648                            /apps/mtp/TPE16.0.2/axis2/axis2-1.7.8/lib/jaxb-impl-2.2.6.jar
de51f000-de521000 r--s 00010000 08:10 4195640                            /apps/mtp/TPE16.0.2/axis2/axis2-1.7.8/lib/neethi-3.0.3.jar
de521000-de524000 r--s 00013000 08:10 4195683                            /apps/mtp/TPE16.0.2/axis2/axis2-1.7.8/lib/jettison-1.3.8.jar
de524000-de52a000 r--s 00033000 08:10 4195638                            /apps/mtp/TPE16.0.2/axis2/axis2-1.7.8/lib/jaxen-1.1.6.jar
de52a000-de52b000 r--s 00003000 08:10 4195613                            /apps/mtp/TPE16.0.2/axis2/axis2-1.7.8/lib/geronimo-ws-metadata_2.0_spec-1.1.2.jar
de52b000-de52d000 r--s 00008000 08:10 4195712                            /apps/mtp/TPE16.0.2/axis2/axis2-1.7.8/lib/axis2-jibx-1.7.8.jar
de52d000-de52f000 r--s 00003000 08:10 4195642                            /apps/mtp/TPE16.0.2/axis2/axis2-1.7.8/lib/axis2-transport-local-1.7.8.jar
de52f000-de532000 r--s 00023000 08:10 4195656                            /apps/mtp/TPE16.0.2/axis2/axis2-1.7.8/lib/axis2-corba-1.7.8.jar
de532000-de537000 r--s 00068000 08:10 4195623                            /apps/mtp/TPE16.0.2/axis2/axis2-1.7.8/lib/antlr-2.7.7.jar
de537000-de539000 r--s 0000a000 08:10 4195618                            /apps/mtp/TPE16.0.2/axis2/axis2-1.7.8/lib/jsr311-api-1.1.1.jar
de539000-de53c000 r--s 0000c000 08:10 4195717                            /apps/mtp/TPE16.0.2/axis2/axis2-1.7.8/lib/geronimo-jaxws_2.2_spec-1.0.jar
de53c000-de541000 r--s 0003b000 08:10 4195709                            /apps/mtp/TPE16.0.2/axis2/axis2-1.7.8/lib/axis2-codegen-1.7.8.jar
de541000-de55f000 r--s 0027d000 08:10 4195720                            /apps/mtp/TPE16.0.2/axis2/axis2-1.7.8/lib/xalan-2.7.0.jar
de55f000-de568000 r--s 00053000 08:10 4195641                            /apps/mtp/TPE16.0.2/axis2/axis2-1.7.8/lib/woden-core-1.0M10.jar
de568000-de573000 r--s 000c2000 08:10 4195643                            /apps/mtp/TPE16.0.2/axis2/axis2-1.7.8/lib/jaxws-tools-2.2.6.jar
de573000-de57f000 r--s 000a3000 08:10 4195681                            /apps/mtp/TPE16.0.2/axis2/axis2-1.7.8/lib/axiom-dom-1.2.20.jar
de57f000-de580000 ---p 00000000 00:00 0 
de580000-de600000 rw-p 00000000 00:00 0 
de600000-de621000 rw-p 00000000 00:00 0 
de621000-de700000 ---p 00000000 00:00 0 
de700000-de701000 r--s 00004000 08:10 4195653                            /apps/mtp/TPE16.0.2/axis2/axis2-1.7.8/lib/juli-6.0.16.jar
de701000-de702000 r--s 00003000 08:10 4195657                            /apps/mtp/TPE16.0.2/axis2/axis2-1.7.8/lib/axis2-mtompolicy-1.7.8.jar
de702000-de70c000 r--s 0008c000 08:10 4195714                            /apps/mtp/TPE16.0.2/axis2/axis2-1.7.8/lib/bcel-findbugs-6.0.jar
de70c000-de712000 r--s 00059000 08:10 4195691                            /apps/mtp/TPE16.0.2/axis2/axis2-1.7.8/lib/mail-1.4.jar
de712000-de720000 r--s 000aa000 08:10 4195715                            /apps/mtp/TPE16.0.2/axis2/axis2-1.7.8/lib/axis2-jaxws-1.7.8.jar
de720000-de77f000 r--s 003fa000 fd:00 68304477                           /opt/lib/cobol/NTT_DATA_COBOL_6.0/lib/dependencies/bcprov-jdk15on-162.jar
de77f000-de780000 ---p 00000000 00:00 0 
de780000-de800000 rw-p 00000000 00:00 0 
de800000-de821000 rw-p 00000000 00:00 0 
de821000-de900000 ---p 00000000 00:00 0 
de900000-de903000 r--s 00025000 08:10 4195616                            /apps/mtp/TPE16.0.2/axis2/axis2-1.7.8/lib/commons-io-2.1.jar
de903000-de905000 r--s 00009000 08:10 4195690                            /apps/mtp/TPE16.0.2/axis2/axis2-1.7.8/lib/axis2-transport-mail-1.7.8.jar
de905000-de908000 r--s 00018000 08:10 4195651                            /apps/mtp/TPE16.0.2/axis2/axis2-1.7.8/lib/axis2-clustering-1.7.8.jar
de908000-de90b000 r--s 0001d000 08:10 4195713                            /apps/mtp/TPE16.0.2/axis2/axis2-1.7.8/lib/jibx-run-1.2.jar
de90b000-de90e000 r--s 00028000 08:10 4195678                            /apps/mtp/TPE16.0.2/axis2/axis2-1.7.8/lib/axis2-transport-http-1.7.8.jar
de90e000-de914000 r--s 00045000 08:10 4195680                            /apps/mtp/TPE16.0.2/axis2/axis2-1.7.8/lib/commons-httpclient-3.1.jar
de914000-de97d000 r-xp 00000000 fd:00 2469690                            /opt/lib/cobol/NTT_DATA_COBOL_6.0/native/lib/libvcobol.so
de97d000-de97e000 r--p 00068000 fd:00 2469690                            /opt/lib/cobol/NTT_DATA_COBOL_6.0/native/lib/libvcobol.so
de97e000-de97f000 rw-p 00069000 fd:00 2469690                            /opt/lib/cobol/NTT_DATA_COBOL_6.0/native/lib/libvcobol.so
de97f000-de980000 ---p 00000000 00:00 0 
de980000-e14c0000 rw-p 00000000 00:00 0 
e14c0000-e3f80000 ---p 00000000 00:00 0 
e3f80000-e54c0000 rw-p 00000000 00:00 0 
e54c0000-e6a00000 ---p 00000000 00:00 0 
e6a00000-e6a02000 r--s 0000d000 08:10 4195637                            /apps/mtp/TPE16.0.2/axis2/axis2-1.7.8/lib/commons-logging-1.1.1.jar
e6a02000-e6a0a000 r--s 00048000 08:10 4195619                            /apps/mtp/TPE16.0.2/axis2/axis2-1.7.8/lib/httpcore-4.4.6.jar
e6a0a000-e6a0c000 r--s 00015000 08:10 4195718                            /apps/mtp/TPE16.0.2/axis2/axis2-1.7.8/lib/axis2-saaj-1.7.8.jar
e6a0c000-e6a0e000 r--s 00006000 08:10 4195674                            /apps/mtp/TPE16.0.2/axis2/axis2-1.7.8/lib/geronimo-stax-api_1.0_spec-1.0.1.jar
e6a0e000-e6a1b000 r--s 000ee000 08:10 4195707                            /apps/mtp/TPE16.0.2/axis2/axis2-1.7.8/lib/axis2-kernel-1.7.8.jar
e6a1b000-e6a1d000 r--s 00006000 08:10 4195711                            /apps/mtp/TPE16.0.2/axis2/axis2-1.7.8/lib/axis2-xmlbeans-1.7.8.jar
e6a1d000-e6a29000 r--s 00139000 fd:00 203033609                          /opt/software/sqljdbc_9.2/enu/mssql-jdbc-9.2.1.jre8.jar
e6a29000-e6a3d000 r--s 000c1000 fd:00 68304476                           /opt/lib/cobol/NTT_DATA_COBOL_6.0/lib/dependencies/bcpkix-jdk15on-162.jar
e6a3d000-e6a40000 r--s 00018000 fd:00 68304475                           /opt/lib/cobol/NTT_DATA_COBOL_6.0/lib/dependencies/bcmail-jdk15on-162.jar
e6a40000-e6a57000 r--s 00140000 fd:00 2469689                            /opt/lib/cobol/NTT_DATA_COBOL_6.0/lib/vcobol-runtime.jar
e6a57000-e6a58000 r--s 00007000 08:10 4195233                            /apps/mtp/TPE16.0.2/lib/transutil.jar
e6a58000-e6a5a000 r-xp 00000000 08:10 4195225                            /apps/mtp/TPE16.0.2/lib/liblang_vcobol.so
e6a5a000-e6a5b000 r--p 00001000 08:10 4195225                            /apps/mtp/TPE16.0.2/lib/liblang_vcobol.so
e6a5b000-e6a5c000 rw-p 00002000 08:10 4195225                            /apps/mtp/TPE16.0.2/lib/liblang_vcobol.so
e6a5c000-e6a60000 r--s 00075000 08:10 4195231                            /apps/mtp/TPE16.0.2/lib/kixsysapi.jar
e6a60000-e6a64000 r--s 00022000 08:10 4195232                            /apps/mtp/TPE16.0.2/lib/dfjcics.jar
e6a64000-e6a65000 r--p 00000000 fd:00 134305720                          /usr/lib/locale/en_US/LC_NUMERIC
e6a65000-e6a66000 r--p 00000000 fd:00 134970733                          /usr/lib/locale/en_US/LC_TIME
e6a66000-e6a6c000 r--p 00000000 fd:00 134305716                          /usr/lib/locale/en_US/LC_COLLATE
e6a6c000-e6a6d000 r--p 00000000 fd:00 134970731                          /usr/lib/locale/en_US/LC_MONETARY
e6a6d000-e6a6e000 r--p 00000000 fd:00 68196620                           /usr/lib/locale/en_US/LC_MESSAGES/SYS_LC_MESSAGES
e6a6e000-e6a6f000 r--p 00000000 fd:00 134305724                          /usr/lib/locale/en_US/LC_PAPER
e6a6f000-e6a70000 r--p 00000000 fd:00 134970738                          /usr/lib/locale/en_US/LC_NAME
e6a70000-e6a71000 r--p 00000000 fd:00 134305702                          /usr/lib/locale/en_US/LC_ADDRESS
e6a71000-e6a87000 rw-p 00000000 00:00 0 
e6a87000-e6a9c000 ---p 00000000 00:00 0 
e6a9c000-e6ab2000 rw-p 00000000 00:00 0 
e6ab2000-e6ac6000 ---p 00000000 00:00 0 
e6ac6000-e6ad2000 rw-p 00000000 00:00 0 
e6ad2000-e6adc000 ---p 00000000 00:00 0 
e6adc000-e6ae6000 rw-p 00000000 00:00 0 
e6ae6000-e6e9d000 ---p 00000000 00:00 0 
e6e9d000-e70dd000 rwxp 00000000 00:00 0 
e70dd000-f5e9d000 ---p 00000000 00:00 0 
f5e9d000-f5eb8000 r-xp 00000000 fd:00 137647970                          /usr/java/jdk1.8.0_281-i586/jre/lib/i386/libzip.so
f5eb8000-f5eb9000 r--p 0001a000 fd:00 137647970                          /usr/java/jdk1.8.0_281-i586/jre/lib/i386/libzip.so
f5eb9000-f5eba000 rw-p 0001b000 fd:00 137647970                          /usr/java/jdk1.8.0_281-i586/jre/lib/i386/libzip.so
f5eba000-f5ee1000 r-xp 00000000 fd:00 137303138                          /usr/java/jdk1.8.0_281-i586/jre/lib/i386/libjava.so
f5ee1000-f5ee2000 r--p 00026000 fd:00 137303138                          /usr/java/jdk1.8.0_281-i586/jre/lib/i386/libjava.so
f5ee2000-f5ee3000 rw-p 00027000 fd:00 137303138                          /usr/java/jdk1.8.0_281-i586/jre/lib/i386/libjava.so
f5ee3000-f5eee000 r-xp 00000000 fd:00 137647969                          /usr/java/jdk1.8.0_281-i586/jre/lib/i386/libverify.so
f5eee000-f5eef000 ---p 0000b000 fd:00 137647969                          /usr/java/jdk1.8.0_281-i586/jre/lib/i386/libverify.so
f5eef000-f5ef0000 r--p 0000b000 fd:00 137647969                          /usr/java/jdk1.8.0_281-i586/jre/lib/i386/libverify.so
f5ef0000-f5ef1000 rw-p 0000c000 fd:00 137647969                          /usr/java/jdk1.8.0_281-i586/jre/lib/i386/libverify.so
f5ef1000-f5ef2000 ---p 00000000 00:00 0 
f5ef2000-f66f2000 rw-p 00000000 00:00 0 
f66f2000-f66fe000 r-xp 00000000 fd:00 134838609                          /usr/lib/libnss_files-2.28.so
f66fe000-f66ff000 r--p 0000b000 fd:00 134838609                          /usr/lib/libnss_files-2.28.so
f66ff000-f6700000 rw-p 0000c000 fd:00 134838609                          /usr/lib/libnss_files-2.28.so
f6700000-f6706000 rw-p 00000000 00:00 0 
f6706000-f6707000 r--p 00000000 fd:00 134970732                          /usr/lib/locale/en_US/LC_TELEPHONE
f6707000-f6708000 r--p 00000000 fd:00 134970730                          /usr/lib/locale/en_US/LC_MEASUREMENT
f6708000-f670b000 rw-p 00000000 00:00 0 
f670b000-f6713000 rw-s 00000000 fd:00 201654403                          /tmp/hsperfdata_mtpadmin/55153
f6713000-f6714000 r-xp 00000000 08:10 4195246                            /apps/mtp/TPE16.0.2/lib/libkixpli.so
f6714000-f6715000 r--p 00000000 08:10 4195246                            /apps/mtp/TPE16.0.2/lib/libkixpli.so
f6715000-f6716000 rw-p 00001000 08:10 4195246                            /apps/mtp/TPE16.0.2/lib/libkixpli.so
f6716000-f6717000 r-xp 00000000 08:10 9045364                            /apps/test/mdoff/sys/local/bin/libkxtermexit.so
f6717000-f6718000 r--p 00000000 08:10 9045364                            /apps/test/mdoff/sys/local/bin/libkxtermexit.so
f6718000-f6719000 rw-p 00001000 08:10 9045364                            /apps/test/mdoff/sys/local/bin/libkxtermexit.so
f6719000-f672f000 r-xp 00000000 08:10 4195235                            /apps/mtp/TPE16.0.2/lib/libkxsecexit.so
f672f000-f6730000 r--p 00015000 08:10 4195235                            /apps/mtp/TPE16.0.2/lib/libkxsecexit.so
f6730000-f6731000 rw-p 00016000 08:10 4195235                            /apps/mtp/TPE16.0.2/lib/libkxsecexit.so
f6731000-f6737000 rw-p 00000000 00:00 0 
f6737000-f6739000 r-xp 00000000 08:10 4195223                            /apps/mtp/TPE16.0.2/lib/liblang_dyn.so
f6739000-f673a000 r--p 00001000 08:10 4195223                            /apps/mtp/TPE16.0.2/lib/liblang_dyn.so
f673a000-f673b000 rw-p 00002000 08:10 4195223                            /apps/mtp/TPE16.0.2/lib/liblang_dyn.so
f673b000-f6743000 r-xp 00000000 fd:00 134838615                          /usr/lib/librt-2.28.so
f6743000-f6744000 r--p 00007000 fd:00 134838615                          /usr/lib/librt-2.28.so
f6744000-f6745000 rw-p 00008000 fd:00 134838615                          /usr/lib/librt-2.28.so
f6745000-f6746000 r-xp 00000000 08:10 9045197                            /apps/test/mdoff/sys/local/bin/libkxrm.so
f6746000-f6747000 r--p 00000000 08:10 9045197                            /apps/test/mdoff/sys/local/bin/libkxrm.so
f6747000-f6748000 rw-p 00001000 08:10 9045197                            /apps/test/mdoff/sys/local/bin/libkxrm.so
f6748000-f674a000 rw-p 00000000 00:00 0 
f674a000-f6755000 r-xp 00000000 08:10 4195224                            /apps/mtp/TPE16.0.2/lib/libkxtm.so
f6755000-f6756000 r--p 0000a000 08:10 4195224                            /apps/mtp/TPE16.0.2/lib/libkxtm.so
f6756000-f6757000 rw-p 0000b000 08:10 4195224                            /apps/mtp/TPE16.0.2/lib/libkxtm.so
f6757000-f6765000 r-xp 00000000 08:10 4195230                            /apps/mtp/TPE16.0.2/lib/libkxtables.so
f6765000-f6766000 r--p 0000d000 08:10 4195230                            /apps/mtp/TPE16.0.2/lib/libkxtables.so
f6766000-f6767000 rw-p 0000e000 08:10 4195230                            /apps/mtp/TPE16.0.2/lib/libkxtables.so
f6767000-f6787000 r-xp 00000000 fd:00 136722866                          /usr/lib/libcrypt.so.1.1.0
f6787000-f6788000 ---p 00020000 fd:00 136722866                          /usr/lib/libcrypt.so.1.1.0
f6788000-f6789000 r--p 00020000 fd:00 136722866                          /usr/lib/libcrypt.so.1.1.0
f6789000-f6792000 rw-p 00000000 00:00 0 
f6792000-f67ae000 r-xp 00000000 fd:00 134838611                          /usr/lib/libpthread-2.28.so
f67ae000-f67af000 r--p 0001b000 fd:00 134838611                          /usr/lib/libpthread-2.28.so
f67af000-f67b0000 rw-p 0001c000 fd:00 134838611                          /usr/lib/libpthread-2.28.so
f67b0000-f67b2000 rw-p 00000000 00:00 0 
f67b2000-f6882000 r-xp 00000000 fd:00 134838603                          /usr/lib/libm-2.28.so
f6882000-f6883000 r--p 000cf000 fd:00 134838603                          /usr/lib/libm-2.28.so
f6883000-f6884000 rw-p 000d0000 fd:00 134838603                          /usr/lib/libm-2.28.so
f6884000-f6887000 r-xp 00000000 fd:00 134838601                          /usr/lib/libdl-2.28.so
f6887000-f6888000 r--p 00002000 fd:00 134838601                          /usr/lib/libdl-2.28.so
f6888000-f6889000 rw-p 00003000 fd:00 134838601                          /usr/lib/libdl-2.28.so
f6889000-f6a2a000 r-xp 00000000 fd:00 134838599                          /usr/lib/libc-2.28.so
f6a2a000-f6a2b000 ---p 001a1000 fd:00 134838599                          /usr/lib/libc-2.28.so
f6a2b000-f6a2d000 r--p 001a1000 fd:00 134838599                          /usr/lib/libc-2.28.so
f6a2d000-f6a2e000 rw-p 001a3000 fd:00 134838599                          /usr/lib/libc-2.28.so
f6a2e000-f6a31000 rw-p 00000000 00:00 0 
f6a31000-f6a32000 r--p 00000000 fd:00 134970729                          /usr/lib/locale/en_US/LC_IDENTIFICATION
f6a32000-f6a33000 rw-p 00000000 00:00 0 
f6a33000-f6a34000 r-xp 00000000 08:10 9045308                            /apps/test/mdoff/sys/local/bin/libkxsockexit.so
f6a34000-f6a35000 r--p 00000000 08:10 9045308                            /apps/test/mdoff/sys/local/bin/libkxsockexit.so
f6a35000-f6a36000 rw-p 00001000 08:10 9045308                            /apps/test/mdoff/sys/local/bin/libkxsockexit.so
f6a36000-f6a38000 r-xp 00000000 08:10 9045255                            /apps/test/mdoff/sys/local/bin/libkxiscexit.so
f6a38000-f6a39000 r--p 00001000 08:10 9045255                            /apps/test/mdoff/sys/local/bin/libkxiscexit.so
f6a39000-f6a3a000 rw-p 00002000 08:10 9045255                            /apps/test/mdoff/sys/local/bin/libkxiscexit.so
f6a3a000-f6a3c000 r-xp 00000000 08:10 9045228                            /apps/test/mdoff/sys/local/bin/libkxconvexit.so
f6a3c000-f6a3d000 r--p 00001000 08:10 9045228                            /apps/test/mdoff/sys/local/bin/libkxconvexit.so
f6a3d000-f6a3e000 rw-p 00002000 08:10 9045228                            /apps/test/mdoff/sys/local/bin/libkxconvexit.so
f6a3e000-f6d05000 r-xp 00000000 08:10 4195270                            /apps/mtp/TPE16.0.2/lib/libunikixtran.so
f6d05000-f6d06000 r--p 002c6000 08:10 4195270                            /apps/mtp/TPE16.0.2/lib/libunikixtran.so
f6d06000-f6d23000 rw-p 002c7000 08:10 4195270                            /apps/mtp/TPE16.0.2/lib/libunikixtran.so
f6d23000-f6f8b000 rw-p 00000000 00:00 0 
f6f8b000-f7b0e000 r-xp 00000000 fd:00 68223427                           /usr/java/jdk1.8.0_281-i586/jre/lib/i386/server/libjvm.so
f7b0e000-f7b0f000 ---p 00b83000 fd:00 68223427                           /usr/java/jdk1.8.0_281-i586/jre/lib/i386/server/libjvm.so
f7b0f000-f7b56000 r--p 00b83000 fd:00 68223427                           /usr/java/jdk1.8.0_281-i586/jre/lib/i386/server/libjvm.so
f7b56000-f7b73000 rw-p 00bca000 fd:00 68223427                           /usr/java/jdk1.8.0_281-i586/jre/lib/i386/server/libjvm.so
f7b73000-f7f98000 rw-p 00000000 00:00 0 
f7f98000-f7f9a000 r-xp 00000000 fd:00 137303152                          /usr/java/jdk1.8.0_281-i586/jre/lib/i386/libjsig.so
f7f9a000-f7f9b000 r--p 00001000 fd:00 137303152                          /usr/java/jdk1.8.0_281-i586/jre/lib/i386/libjsig.so
f7f9b000-f7f9c000 rw-p 00002000 fd:00 137303152                          /usr/java/jdk1.8.0_281-i586/jre/lib/i386/libjsig.so
f7f9c000-f7f9f000 rw-p 00000000 00:00 0 
f7f9f000-f7fa3000 r--p 00000000 00:00 0                                  [vvar]
f7fa3000-f7fa5000 r-xp 00000000 00:00 0                                  [vdso]
f7fa5000-f7fd1000 r-xp 00000000 fd:00 134300228                          /usr/lib/ld-2.28.so
f7fd1000-f7fd2000 r--p 00000000 00:00 0 
f7fd2000-f7fd3000 r--p 0002c000 fd:00 134300228                          /usr/lib/ld-2.28.so
f7fd3000-f7fd4000 rw-p 0002d000 fd:00 134300228                          /usr/lib/ld-2.28.so
ffbb2000-ffbb5000 ---p 00000000 00:00 0 
ffbb5000-ffcb2000 rw-p 00000000 00:00 0                                  [stack]

VM Arguments:
jvm_args: -Dvcobol.jdbc.autocommit=false -Dvcobol.runtime.compile_flags.mandatory= -Dvcobol.runtime.compile_flags.prohibited=-d64 -Xrs -Xss1M -DKIXSYS=/apps/test/mdoff/sys -DKIXPROGS=/apps/test/mdoff/exe/onl:/apps/prod/cid1p/exe/onl -DUNIKIX=/apps/mtp/mtp -Xmx128m -Dvcobol.jdbc.driver=com.microsoft.sqlserver.jdbc.SQLServerDriver -Dvcobol.jdbc.url=jdbc:sqlserver://hov-tstdb01.cso.local:1433;databaseName= -Dvcobol.jdbc.autocommit=False -Djava.library.path=/apps/mtp/mtp/lib:/opt/lib/cobol/NTT_DATA_COBOL_6.0/native/lib/ exit abort 
java_command: <unknown>
java_class_path (initial): /apps/mtp/mtp/lib/dfjcics.jar:/apps/mtp/mtp/lib/kixsysapi.jar:/apps/mtp/mtp/lib/transMQJMS.jar:/apps/mtp/mtp/lib/transutil.jar:/opt/lib/cobol/NTT_DATA_COBOL_6.0/lib/vcobol-runtime.jar:/apps/test/mdoff/sys/local/bin:/apps/mtp/mtp/local/bin:/apps/test/mdoff/exe/onl:/apps/prod/cid1p/exe/onl:/opt/software/sqljdbc/enu/mssql-jdbc-9.2.1.jre8.jar:/apps/mtp/mtp/axis2/current/lib/axis2-xmlbeans-1.7.8.jar:/apps/mtp/mtp/axis2/current/lib/axis2-kernel-1.7.8.jar:/apps/mtp/mtp/axis2/current/lib/geronimo-stax-api_1.0_spec-1.0.1.jar:/apps/mtp/mtp/axis2/current/lib/axis2-saaj-1.7.8.jar:/apps/mtp/mtp/axis2/current/lib/httpcore-4.4.6.jar:/apps/mtp/mtp/axis2/current/lib/commons-httpclient-3.1.jar:/apps/mtp/mtp/axis2/current/lib/axis2-transport-http-1.7.8.jar:/apps/mtp/mtp/axis2/current/lib/jibx-run-1.2.jar:/apps/mtp/mtp/axis2/current/lib/axis2-clustering-1.7.8.jar:/apps/mtp/mtp/axis2/current/lib/axis2-jaxws-1.7.8.jar:/apps/mtp/mtp/axis2/current/lib/commons-logging-1.1.1.jar:/apps/mtp/mtp/axis2/current/lib/mail-1.4.jar:/apps/mtp/mtp/axis2/current/lib/bcel-findbugs-6.0.jar:/apps/mtp/mtp/axis2/current/lib/axiom-dom-1.2.20.jar:/apps/mtp/mtp/axis2/current/lib/axis2-transport-mail-1.7.8.jar:/apps/mtp/mtp/axis2/current/lib/commons-io-2.1.jar:/apps/mtp/mtp/axis2/current/lib/jaxws-tools-2.2.6.jar:/apps/mtp/mtp/axis2/current/lib/woden-core-1.0M10.jar:/apps/mtp/mtp/axis2/current/lib/xalan-2.7.0.jar:/apps/mtp/mtp/axis2/current/lib/axis2-mtompolicy-1.7.8.jar:/apps/mtp/mtp/axis2/current/lib/axis2-codegen-1.7.8.jar:/apps/mtp/mtp/axis2/current/lib/geronimo-jaxws_2.2_spec-1.0.jar:/apps/mtp/mtp/axis2/current/lib/jsr311-api-1.1.1.jar:/apps/mtp/mtp/axis2/current/lib/antlr-2.7.7.jar:/apps/mtp/mtp/axis2/current/lib/axis2-corba-1.7.8.jar:/apps/mtp/mtp/axis2/current/lib/axis2-transport-local-1.7.8.jar:/apps/mtp/mtp/axis2/current/lib/juli-6.0.16.jar:/apps/mtp/mtp/axis2/current/lib/axis2-jibx-1.7.8.jar:/apps/mtp/mtp/axis2/current/lib/geronimo-ws-metadata_2.0_spec-1.1.2.jar:/apps/mtp/
Launcher Type: generic

Environment Variables:
PATH=/usr/java/default/bin:/apps/test/mdoff/sys/local/bin:/apps/mtp/mtp/bin:/usr/bin:/bin
LD_LIBRARY_PATH=/apps/test/mdoff/sys/local/bin:/apps/mtp/mtp/lib:/opt/lib/cobol/NTT_DATA_COBOL_6.0/native/lib:/usr/java/default/jre/lib/i386/server:/usr/java/default/jre/lib/i386

Signal Handlers:
SIGSEGV: [libjvm.so+0x94a910], sa_mask[0]=11111111111111111111111111111110, sa_flags=SA_RESTART|SA_SIGINFO
SIGBUS: [libjvm.so+0x94a910], sa_mask[0]=11111111111111111111111111111110, sa_flags=SA_SIGINFO
SIGFPE: [libunikixtran.so+0x256f8b], sa_mask[0]=11111111111111111111111111111110, sa_flags=SA_SIGINFO
SIGPIPE: SIG_IGN, sa_mask[0]=11111111111111111111111111111110, sa_flags=SA_SIGINFO
SIGXFSZ: SIG_DFL, sa_mask[0]=11111111111111111111111111111110, sa_flags=SA_SIGINFO
SIGILL: [libunikixtran.so+0x256f8b], sa_mask[0]=11111111111111111111111111111110, sa_flags=SA_SIGINFO
SIGUSR1: [libunikixtran.so+0x256f8b], sa_mask[0]=11111111011111111101111111111110, sa_flags=SA_SIGINFO
SIGUSR2: [libunikixtran.so+0x256f8b], sa_mask[0]=11111111011111111101111111111110, sa_flags=SA_RESTART|SA_SIGINFO
SIGHUP: [libunikixtran.so+0x256f8b], sa_mask[0]=11111111011111111101111111111110, sa_flags=SA_SIGINFO
SIGINT: [libunikixtran.so+0x256f8b], sa_mask[0]=11111111011111111101111111111110, sa_flags=SA_SIGINFO
SIGTERM: [libunikixtran.so+0x256f8b], sa_mask[0]=11111111011111111101111111111110, sa_flags=SA_SIGINFO
SIGQUIT: [libunikixtran.so+0x256f8b], sa_mask[0]=11111111011111111101111111111110, sa_flags=SA_SIGINFO


---------------  S Y S T E M  ---------------

OS:Red Hat Enterprise Linux release 8.5 (Ootpa)

uname:Linux 4.18.0-348.7.1.el8_5.x86_64 #1 SMP Wed Dec 8 21:51:17 EST 2021 x86_64
libc:glibc 2.28 NPTL 2.28 
rlimit: STACK 8192k, CORE infinity, NPROC 63093, NOFILE 262144, AS infinity
load average:0.00 0.00 0.00

/proc/meminfo:
MemTotal:       16211448 kB
MemFree:        11768060 kB
MemAvailable:   13036000 kB
Buffers:           29872 kB
Cached:          3082512 kB
SwapCached:            0 kB
Active:          2369232 kB
Inactive:        1595400 kB
Active(anon):    1651444 kB
Inactive(anon):   868972 kB
Active(file):     717788 kB
Inactive(file):   726428 kB
Unevictable:           0 kB
Mlocked:               0 kB
SwapTotal:       8273916 kB
SwapFree:        8273916 kB
Dirty:               184 kB
Writeback:             0 kB
AnonPages:        848280 kB
Mapped:           289080 kB
Shmem:           1668176 kB
KReclaimable:     153780 kB
Slab:             242300 kB
SReclaimable:     153780 kB
SUnreclaim:        88520 kB
KernelStack:       11424 kB
PageTables:        27928 kB
NFS_Unstable:          0 kB
Bounce:                0 kB
WritebackTmp:          0 kB
CommitLimit:    16379640 kB
Committed_AS:    5788584 kB
VmallocTotal:   34359738367 kB
VmallocUsed:           0 kB
VmallocChunk:          0 kB
Percpu:             6160 kB
HardwareCorrupted:     0 kB
AnonHugePages:    393216 kB
ShmemHugePages:        0 kB
ShmemPmdMapped:        0 kB
FileHugePages:         0 kB
FilePmdMapped:         0 kB
HugePages_Total:       0
HugePages_Free:        0
HugePages_Rsvd:        0
HugePages_Surp:        0
Hugepagesize:       2048 kB
Hugetlb:               0 kB
DirectMap4k:      292208 kB
DirectMap2M:     8095744 kB
DirectMap1G:    10485760 kB

container (cgroup) information:
container_type: cgroupv1
cpu_cpuset_cpus: 0-3
cpu_memory_nodes: 0
active_processor_count: 4
cpu_quota: -1
cpu_period: 100000
cpu_shares: -1
memory_limit_in_bytes: -1
memory_and_swap_limit_in_bytes: -1
memory_soft_limit_in_bytes: -1
memory_usage_in_bytes: 2345775104
memory_max_usage_in_bytes: 2348138496


CPU:total 4 (initial active 4) (2 cores per cpu, 1 threads per core) family 6 model 85 stepping 4, cmov, cx8, fxsr, mmx, sse, sse2, sse3, ssse3, sse4.1, sse4.2, popcnt, avx, avx2, aes, clmul, erms, 3dnowpref, lzcnt, tsc, tscinvbit, bmi1, bmi2, adx

/proc/cpuinfo:
processor	: 0
vendor_id	: GenuineIntel
cpu family	: 6
model		: 85
model name	: Intel(R) Xeon(R) Gold 6154 CPU @ 3.00GHz
stepping	: 4
microcode	: 0x2006b06
cpu MHz		: 2992.968
cache size	: 25344 KB
physical id	: 0
siblings	: 2
core id		: 0
cpu cores	: 2
apicid		: 0
initial apicid	: 0
fpu		: yes
fpu_exception	: yes
cpuid level	: 22
wp		: yes
flags		: fpu vme de pse tsc msr pae mce cx8 apic sep mtrr pge mca cmov pat pse36 clflush mmx fxsr sse sse2 ss ht syscall nx pdpe1gb rdtscp lm constant_tsc arch_perfmon nopl xtopology tsc_reliable nonstop_tsc cpuid pni pclmulqdq ssse3 fma cx16 pcid sse4_1 sse4_2 x2apic movbe popcnt tsc_deadline_timer aes xsave avx f16c rdrand hypervisor lahf_lm abm 3dnowprefetch cpuid_fault invpcid_single pti ssbd ibrs ibpb stibp fsgsbase tsc_adjust bmi1 avx2 smep bmi2 invpcid avx512f avx512dq rdseed adx smap clflushopt clwb avx512cd avx512bw avx512vl xsaveopt xsavec xsaves arat pku ospke md_clear flush_l1d arch_capabilities
bugs		: cpu_meltdown spectre_v1 spectre_v2 spec_store_bypass l1tf mds swapgs itlb_multihit
bogomips	: 5985.93
clflush size	: 64
cache_alignment	: 64
address sizes	: 43 bits physical, 48 bits virtual
power management:

processor	: 1
vendor_id	: GenuineIntel
cpu family	: 6
model		: 85
model name	: Intel(R) Xeon(R) Gold 6154 CPU @ 3.00GHz
stepping	: 4
microcode	: 0x2006b06
cpu MHz		: 2992.968
cache size	: 25344 KB
physical id	: 0
siblings	: 2
core id		: 1
cpu cores	: 2
apicid		: 1
initial apicid	: 1
fpu		: yes
fpu_exception	: yes
cpuid level	: 22
wp		: yes
flags		: fpu vme de pse tsc msr pae mce cx8 apic sep mtrr pge mca cmov pat pse36 clflush mmx fxsr sse sse2 ss ht syscall nx pdpe1gb rdtscp lm constant_tsc arch_perfmon nopl xtopology tsc_reliable nonstop_tsc cpuid pni pclmulqdq ssse3 fma cx16 pcid sse4_1 sse4_2 x2apic movbe popcnt tsc_deadline_timer aes xsave avx f16c rdrand hypervisor lahf_lm abm 3dnowprefetch cpuid_fault invpcid_single pti ssbd ibrs ibpb stibp fsgsbase tsc_adjust bmi1 avx2 smep bmi2 invpcid avx512f avx512dq rdseed adx smap clflushopt clwb avx512cd avx512bw avx512vl xsaveopt xsavec xsaves arat pku ospke md_clear flush_l1d arch_capabilities
bugs		: cpu_meltdown spectre_v1 spectre_v2 spec_store_bypass l1tf mds swapgs itlb_multihit
bogomips	: 5985.93
clflush size	: 64
cache_alignment	: 64
address sizes	: 43 bits physical, 48 bits virtual
power management:

processor	: 2
vendor_id	: GenuineIntel
cpu family	: 6
model		: 85
model name	: Intel(R) Xeon(R) Gold 6154 CPU @ 3.00GHz
stepping	: 4
microcode	: 0x2006b06
cpu MHz		: 2992.968
cache size	: 25344 KB
physical id	: 1
siblings	: 2
core id		: 0
cpu cores	: 2
apicid		: 2
initial apicid	: 2
fpu		: yes
fpu_exception	: yes
cpuid level	: 22
wp		: yes
flags		: fpu vme de pse tsc msr pae mce cx8 apic sep mtrr pge mca cmov pat pse36 clflush mmx fxsr sse sse2 ss ht syscall nx pdpe1gb rdtscp lm constant_tsc arch_perfmon nopl xtopology tsc_reliable nonstop_tsc cpuid pni pclmulqdq ssse3 fma cx16 pcid sse4_1 sse4_2 x2apic movbe popcnt tsc_deadline_timer aes xsave avx f16c rdrand hypervisor lahf_lm abm 3dnowprefetch cpuid_fault invpcid_single pti ssbd ibrs ibpb stibp fsgsbase tsc_adjust bmi1 avx2 smep bmi2 invpcid avx512f avx512dq rdseed adx smap clflushopt clwb avx512cd avx512bw avx512vl xsaveopt xsavec xsaves arat pku ospke md_clear flush_l1d arch_capabilities
bugs		: cpu_meltdown spectre_v1 spectre_v2 spec_store_bypass l1tf mds swapgs itlb_multihit
bogomips	: 5985.93
clflush size	: 64
cache_alignment	: 64
address sizes	: 43 bits physical, 48 bits virtual
power management:

processor	: 3
vendor_id	: GenuineIntel
cpu family	: 6
model		: 85
model name	: Intel(R) Xeon(R) Gold 6154 CPU @ 3.00GHz
stepping	: 4
microcode	: 0x2006b06
cpu MHz		: 2992.968
cache size	: 25344 KB
physical id	: 1
siblings	: 2
core id		: 1
cpu cores	: 2
apicid		: 3
initial apicid	: 3
fpu		: yes
fpu_exception	: yes
cpuid level	: 22
wp		: yes
flags		: fpu vme de pse tsc msr pae mce cx8 apic sep mtrr pge mca cmov pat pse36 clflush mmx fxsr sse sse2 ss ht syscall nx pdpe1gb rdtscp lm constant_tsc arch_perfmon nopl xtopology tsc_reliable nonstop_tsc cpuid pni pclmulqdq ssse3 fma cx16 pcid sse4_1 sse4_2 x2apic movbe popcnt tsc_deadline_timer aes xsave avx f16c rdrand hypervisor lahf_lm abm 3dnowprefetch cpuid_fault invpcid_single pti ssbd ibrs ibpb stibp fsgsbase tsc_adjust bmi1 avx2 smep bmi2 invpcid avx512f avx512dq rdseed adx smap clflushopt clwb avx512cd avx512bw avx512vl xsaveopt xsavec xsaves arat pku ospke md_clear flush_l1d arch_capabilities
bugs		: cpu_meltdown spectre_v1 spectre_v2 spec_store_bypass l1tf mds swapgs itlb_multihit
bogomips	: 5985.93
clflush size	: 64
cache_alignment	: 64
address sizes	: 43 bits physical, 48 bits virtual
power management:



Memory: 4k page, physical 16211448k(11768060k free), swap 8273916k(8273916k free)

vm_info: Java HotSpot(TM) Server VM (25.281-b09) for linux-x86 JRE (1.8.0_281-b09), built on Dec  9 2020 12:36:01 by "java_re" with gcc 7.3.0

time: Thu Feb 10 02:17:18 2022
timezone: CST
elapsed time: 2048411.108534 seconds (23d 17h 0m 11s)

