Local directory now /data/test/mdoff/seqfiles
Interactive mode off.
Verbose mode on.
local: CI.DL.CIADM.FICH317.DLY remote: CI.DL.CIADM.FICH317.DLY
227 Entering Passive Mode (10,1,2,78,226,134).
125 Data connection already open; Transfer starting.
226 Transfer complete.
104599 bytes sent in 0.00452 secs (23136.25 Kbytes/sec)
local: CI.DL.CIADM.FICH315.DLY remote: CI.DL.CIADM.FICH315.DLY
227 Entering Passive Mode (10,1,2,78,226,135).
125 Data connection already open; Transfer starting.
226 Transfer complete.
668 bytes sent in 2.9e-05 secs (23034.48 Kbytes/sec)
local: CI.DL.CIADM.FICH583 remote: CI.DL.CIADM.FICH583
227 Entering Passive Mode (10,1,2,78,226,136).
125 Data connection already open; Transfer starting.
226 Transfer complete.
3575 bytes sent in 7.9e-05 secs (45253.16 Kbytes/sec)
local: CI.DL.CIADM.FICH585 remote: CI.DL.CIADM.FICH585
227 Entering Passive Mode (10,1,2,78,226,137).
125 Data connection already open; Transfer starting.
226 Transfer complete.
6786 bytes sent in 0.000139 secs (48820.14 Kbytes/sec)
local: CI.DL.CIADM.FICH591 remote: CI.DL.CIADM.FICH591
227 Entering Passive Mode (10,1,2,78,226,138).
125 Data connection already open; Transfer starting.
226 Transfer complete.
15766 bytes sent in 0.000114 secs (138298.24 Kbytes/sec)
local: CI.DL.CIADM.FICH591D remote: CI.DL.CIADM.FICH591D
227 Entering Passive Mode (10,1,2,78,226,139).
125 Data connection already open; Transfer starting.
226 Transfer complete.
9495 bytes sent in 0.000109 secs (87110.09 Kbytes/sec)
local: CI.DL.CIADM.FICH353 remote: CI.DL.CIADM.FICH353
227 Entering Passive Mode (10,1,2,78,226,140).
125 Data connection already open; Transfer starting.
226 Transfer complete.
674 bytes sent in 8.3e-05 secs (8120.48 Kbytes/sec)
local: CI.DL.CIADM.FICH310 remote: CI.DL.CIADM.FICH310
227 Entering Passive Mode (10,1,2,78,226,141).
125 Data connection already open; Transfer starting.
226 Transfer complete.
67105 bytes sent in 0.00238 secs (28230.96 Kbytes/sec)
local: CI.DL.CIADM.FICHCLEXT remote: CI.DL.CIADM.FICHCLEXT
227 Entering Passive Mode (10,1,2,78,226,142).
125 Data connection already open; Transfer starting.
226 Transfer complete.
950897 bytes sent in 0.0474 secs (20065.77 Kbytes/sec)
221  
