Local directory now /data/test/mdoff/seqfiles
Interactive mode off.
Verbose mode on.
local: CI.SCAN.CASH.RECPTS remote: CI.SCAN.CASH.RECPTS
227 Entering Passive Mode (10,1,2,78,211,48).
125 Data connection already open; Transfer starting.
226 Transfer complete.
14840 bytes sent in 0.000105 secs (141333.33 Kbytes/sec)
250 CWD command successful.
local: CI.DL.CIADM.FICH061 remote: CI.DL.CIADM.FICH061
227 Entering Passive Mode (10,1,2,78,211,49).
125 Data connection already open; Transfer starting.
226 Transfer complete.
199494 bytes sent in 0.0108 secs (18412.00 Kbytes/sec)
local: CI.DL.CIADM.FICH560 remote: CI.DL.CIADM.FICH560
227 Entering Passive Mode (10,1,2,78,211,50).
125 Data connection already open; Transfer starting.
226 Transfer complete.
963 bytes sent in 6.3e-05 secs (15285.71 Kbytes/sec)
local: CI.DL.CIADM.FICH562 remote: CI.DL.CIADM.FICH562
227 Entering Passive Mode (10,1,2,78,211,51).
125 Data connection already open; Transfer starting.
226 Transfer complete.
10650499 bytes sent in 1.87 secs (5704.75 Kbytes/sec)
local: CI.DL.CIADM.FICH063 remote: CI.DL.CIADM.FICH063
227 Entering Passive Mode (10,1,2,78,211,52).
125 Data connection already open; Transfer starting.
226 Transfer complete.
1091489 bytes sent in 0.234 secs (4662.49 Kbytes/sec)
local: CI.DL.CIADM.FICH064 remote: CI.DL.CIADM.FICH064
227 Entering Passive Mode (10,1,2,78,211,53).
125 Data connection already open; Transfer starting.
226 Transfer complete.
245284 bytes sent in 0.024 secs (10200.61 Kbytes/sec)
local: CI.DL.CIADM.FICH060 remote: CI.DL.CIADM.FICH060
227 Entering Passive Mode (10,1,2,78,211,54).
125 Data connection already open; Transfer starting.
226 Transfer complete.
local: CI.DL.CIADM.FICH193 remote: CI.DL.CIADM.FICH193
227 Entering Passive Mode (10,1,2,78,211,55).
125 Data connection already open; Transfer starting.
226 Transfer complete.
5182 bytes sent in 4.5e-05 secs (115155.55 Kbytes/sec)
local: CI.DL.CIADM.ACCT.SUMM remote: CI.DL.CIADM.ACCT.SUMM
227 Entering Passive Mode (10,1,2,78,211,56).
125 Data connection already open; Transfer starting.
226 Transfer complete.
2185411 bytes sent in 0.0939 secs (23270.10 Kbytes/sec)
local: CI.DL.CIADM.CSO.SUMM remote: CI.DL.CIADM.CSO.SUMM
227 Entering Passive Mode (10,1,2,78,211,57).
125 Data connection already open; Transfer starting.
226 Transfer complete.
1364655 bytes sent in 0.0598 secs (22828.33 Kbytes/sec)
221  
