                                           **** STATEMENT IS FOR REVIEW PURPOSES ONLY ****

                                              CREDIT LIFE, ACCIDENT & HEALTH STATEMENT                                       EL640
                                                   CENTRAL STATES OF OMAHA                                                  10/11/22
                                                          OCTOBER  31, 2022                                     PAGE      1

ACCOUNT NO. - 9000000-0600990236  SAMES LAREDO NISSAN INC        REMIT TO -   CENTRAL STATES OF OMAHA
                                  PO BOX 879                                  CREDIT PROTECTION SERVICES
                                  LAREDO                     TX               WESTERN AT 96TH ST.
                                                      78042                   P.O. BOX 34350
                                                                              OMAHA, NEBRASKA     68134-0350

                             CERTIFICATE  EFFECTIVE CANCEL          BEN.            WRITTEN
       NAME OF INSURED         NUMBER       DATE     DATE   TERM    TYPE            PREMIUM       PCT.     COMPENSATION    BENEFIT

MEDINA          HE            0004104468  03/08/22 09/14/22  72 SINGLE LIFE            248.73-   35.000       87.06-

                                          TOTAL PREM  LIFE                                .00                   .00
                                          TOTAL REF   LIFE                             248.73                 87.06
                                          TOTAL NET   LIFE                             248.73-                87.06-             .00
                                          TOTAL PREM  A&H                                 .00                   .00
                                          TOTAL REF   A&H                                 .00                   .00
                                          TOTAL NET   A&H                                 .00                   .00              .00
 

                                          BALANCE FORWARD                              134.80-

                                          THIS MONTHS PREMIUM                          248.73-

                                          LESS COMPENSATION                             87.06-

                                                                               ---------------

                                          WE WILL REFUND                               296.47-
