                                           **** STATEMENT IS FOR REVIEW PURPOSES ONLY ****

                                              CREDIT LIFE, ACCIDENT & HEALTH STATEMENT                                       EL640
                                                   CENTRAL STATES OF OMAHA                                                  09/16/22
                                                         SEPTEMBER 30, 2022                                     PAGE      1

ACCOUNT NO. - 9000000-0770001212  THE LLOYD AGENCY LLC           REMIT TO -   CENTRAL STATES OF OMAHA
                                  LABADIE TOYOTA JEEP AKA                     CREDIT PROTECTION SERVICES
                                  909 NORTH EUCLID                            WESTERN AT 96TH ST.
                                  BAY CITY                   MI               P.O. BOX 34350
                                                      48706                   OMAHA, NEBRASKA     68134-0350

                             CERTIFICATE  EFFECTIVE CANCEL          BEN.            WRITTEN
       NAME OF INSURED         NUMBER       DATE     DATE   TERM    TYPE            PREMIUM       PCT.     COMPENSATION    BENEFIT

SWINSON         K             0012498762  02/08/21 09/14/22  36 SINGLE LIFE             67.64-   52.000       35.17-

                                                   09/14/22     SINGLE DISABILITY      183.61-   52.000       95.48-
NENDZA          JOHN          0000508998  07/05/22           72 SINGLE LIFE            991.41    52.000      515.53      34,423.92
                                                                SINGLE DISABILITY    1,738.48    52.000      904.01         478.11
HORNER          DOUGLAS    J  0000712354  07/11/22           72 SINGLE LIFE            700.63    52.000      364.33      24,327.36
HORNER          DJ            0000712354  07/11/22 07/11/22  72 SINGLE LIFE            700.63-   52.000      364.33-
ELLISON         MICHAEL       0005277096  07/13/22           54 SINGLE LIFE            627.46    52.000      326.28      29,049.30
SAPP            SABRINA       0000134627  07/30/22           72 SINGLE LIFE            714.96    52.000      371.78      24,824.88

                                          TOTAL PREM  LIFE                           3,034.46              1,577.92
                                          TOTAL REF   LIFE                             768.27                399.50
                                          TOTAL NET   LIFE                           2,266.19              1,178.42       112,625.46
                                          TOTAL PREM  A&H                            1,738.48                904.01
                                          TOTAL REF   A&H                              183.61                 95.48
                                          TOTAL NET   A&H                            1,554.87                808.53           478.11
 
1825011300   REFUND CHK                   * ACCOUNTING ENTRY *                         700.63-

                                          BALANCE FORWARD                            3,964.95-

                                          THIS MONTHS PREMIUM                        3,821.06

                                          LESS COMPENSATION                          1,986.95

                                          ADJUSTMENT                                   700.63

                                                                               ---------------

                                          WE WILL REFUND                             1,430.21-
