                                           **** STATEMENT IS FOR REVIEW PURPOSES ONLY ****

                                              CREDIT LIFE, ACCIDENT & HEALTH STATEMENT                                       EL640
                                                   CENTRAL STATES OF OMAHA                                                  10/06/22
                                                          OCTOBER  31, 2022                                     PAGE      1

ACCOUNT NO. - 9000000-0600990213  NORTH PARK CASTROVILLE MOTORS  REMIT TO -   CENTRAL STATES OF OMAHA
                                  NORTH PARK CHEVROLET DBA                    CREDIT PROTECTION SERVICES
                                  PO BOX 2002                                 WESTERN AT 96TH ST.
                                  CASTROVILLE                TX               P.O. BOX 34350
                                                      78009                   OMAHA, NEBRASKA     68134-0350

                             CERTIFICATE  EFFECTIVE CANCEL          BEN.            WRITTEN
       NAME OF INSURED         NUMBER       DATE     DATE   TERM    TYPE            PREMIUM       PCT.     COMPENSATION    BENEFIT

ESCOBAR         JD            0000134735  06/24/19 09/20/22  72 SINGLE LIFE            186.05-   42.000       78.14-
GLORIA          E             0000275052  07/16/19 09/26/22  75 JOINT LIFE             311.22-   42.000      130.71-

                                          TOTAL PREM  LIFE                                .00                   .00
                                          TOTAL REF   LIFE                             497.27                208.85
                                          TOTAL NET   LIFE                             497.27-               208.85-             .00
                                          TOTAL PREM  A&H                                 .00                   .00
                                          TOTAL REF   A&H                                 .00                   .00
                                          TOTAL NET   A&H                                 .00                   .00              .00
 
1825011300   REFUND CHK                   * ACCOUNTING ENTRY *                         186.05-
1825011300   REFUND CHK                   * ACCOUNTING ENTRY *                         311.22-
1825099050   CK                           * ACCOUNTING ENTRY *                       2,622.16

                                          BALANCE FORWARD                            3,138.57

                                          THIS MONTHS PREMIUM                          497.27-

                                          LESS COMPENSATION                            208.85-

                                          LESS PAYMENTS                              2,622.16

                                          ADJUSTMENT                                   497.27

                                                                               ---------------

                                          PLEASE REMIT                                 725.26

PLEASE RETURN ONE COPY WITH REMITTANCE
