                                           **** STATEMENT IS FOR REVIEW PURPOSES ONLY ****

                                              CREDIT LIFE, ACCIDENT & HEALTH STATEMENT                                       EL640
                                                   CENTRAL STATES OF OMAHA                                                  10/06/22
                                                          OCTOBER  31, 2022                                     PAGE      1

ACCOUNT NO. - 9000000-00004226OB  COREFIRST BANK & TRUST         REMIT TO -   CENTRAL STATES OF OMAHA
                                  PO BOX 5049                                 CREDIT PROTECTION SERVICES
                                  TOPEKA                     KS               WESTERN AT 96TH ST.
                                                      66611                   P.O. BOX 34350
                                                                              OMAHA, NEBRASKA     68134-0350

                             CERTIFICATE  EFFECTIVE CANCEL          BEN.            WRITTEN
       NAME OF INSURED         NUMBER       DATE     DATE   TERM    TYPE            PREMIUM       PCT.     COMPENSATION    BENEFIT

BALANCE                       0004226OBJ  08/15/22            1 JOINT LIFE              38.50    30.000       11.55      23,052.58
BALANCE                       0004226OBS  08/15/22            1 SINGLE LIFE             39.97    30.000       11.99      39,967.44
BALANCE                       00004226OB  09/06/22            1 JOINT LIFE              38.24    30.000       11.47      22,900.76
BALANCE                       0004226OBS  09/06/22            1 SINGLE LIFE             39.94    30.000       11.98      39,940.51

                                          TOTAL PREM  LIFE                             156.65                 46.99
                                          TOTAL REF   LIFE                                .00                   .00
                                          TOTAL NET   LIFE                             156.65                 46.99       125,861.29
                                          TOTAL PREM  A&H                                 .00                   .00
                                          TOTAL REF   A&H                                 .00                   .00
                                          TOTAL NET   A&H                                 .00                   .00              .00
 

                                          BALANCE FORWARD                              109.66-

                                          THIS MONTHS PREMIUM                          156.65

                                          LESS COMPENSATION                             46.99

                                                                               ---------------

                                                                                          .00
