                                           **** STATEMENT IS FOR REVIEW PURPOSES ONLY ****

                                              CREDIT LIFE, ACCIDENT & HEALTH STATEMENT                                       EL640
                                                   CENTRAL STATES OF OMAHA                                                  06/30/22
                                                           JUNE    30, 2022                                     PAGE      1

ACCOUNT NO. - 9000000-0600990227  NORTH PARK LINCOLN MERCURY INC REMIT TO -   CENTRAL STATES OF OMAHA
                                  NORTH PARK SUBARU                           CREDIT PROTECTION SERVICES
                                  9635 SAN PEDRO AVENUE                       WESTERN AT 96TH ST.
                                  SAN ANTONIO                TX               P.O. BOX 34350
                                                      78216                   OMAHA, NEBRASKA     68134-0350

                             CERTIFICATE  EFFECTIVE CANCEL          BEN.            WRITTEN
       NAME OF INSURED         NUMBER       DATE     DATE   TERM    TYPE            PREMIUM       PCT.     COMPENSATION    BENEFIT

GARZA           GP            0000062157  11/05/19 03/09/22  51 SINGLE LIFE             45.37-   37.000       16.79-
NGUYEN          TT            0000497360  04/10/21 05/26/22  72 SINGLE LIFE            487.61-   37.000      180.42-
VAVRECAN        RJ            0003456349  06/29/21 06/07/22  72 SINGLE LIFE            651.44-   37.000      241.03-
ROQUE           IG            0009601438  07/16/21 03/24/22  66 SINGLE LIFE            579.78-   37.000      214.52-
GARCIA          R             0003209029  03/25/22 06/09/22  72 JOINT LIFE             696.81-   37.000      257.82-
PADILLA         ML            0000559561  03/31/22 06/13/22  72 SINGLE LIFE            219.42-   37.000       81.19-
SCHMITZ         CARTER     A  0003233478  05/14/22           66 SINGLE LIFE            246.28    37.000       91.12      15,421.56
NEWTON          WILL       P  0000104344  05/21/22           72 JOINT LIFE           1,223.90    37.000      452.84      47,255.04
MYLES           ALITA      B  0000400596  05/24/22           72 SINGLE LIFE            460.15    37.000      170.26      26,614.08
CHAVEZ          RION       A  0009003827  05/24/22           75 SINGLE LIFE          1,248.73    37.000      462.03      69,606.00
ELIZONDO        MICHAEL    R  0009837426  05/24/22           72 SINGLE LIFE            533.70    37.000      197.47      30,867.84
CRUZ            GUILLERMO  E  0003229263  05/25/22           60 SINGLE LIFE            379.30    37.000      140.34      25,908.60
RODRIGUEZ       ADRIAN     S  0003404294  05/28/22           72 SINGLE LIFE            924.90    37.000      342.21      53,493.84
SANCHEZ         MARIA      D  0000729850  05/30/22           72 SINGLE LIFE            680.77    37.000      251.88      39,373.92
JOHNSON         MARY       L  0000826232  05/30/22           75 SINGLE LIFE            558.66    37.000      206.70      31,140.75
TILSON          TIMOTHY    T  0000725132  05/31/22           54 SINGLE LIFE            141.38    37.000       52.31      10,646.10
VANDERKAMP      ELIZABETH  E  0000463459  06/01/22           72 SINGLE LIFE            617.28    37.000      228.39      35,701.92
MOYER           MICHELLE   E  0000465406  06/02/22           72 SINGLE LIFE            784.37    37.000      290.22      45,365.76
RESNIK          JENNIFER   L  0003003459  06/02/22           75 SINGLE LIFE            494.08    37.000      182.81      27,540.75
HERNANDEZ       OSCAR      D  0003245195  06/03/22           48 SINGLE LIFE            414.10    37.000      153.22      34,799.04
PRICE           NANCY      N  0003363016  06/03/22           72 SINGLE LIFE            732.92    37.000      271.18      42,390.00
MENN            CHRISTINA  M  0003441016  06/04/22           72 SINGLE LIFE            597.86    37.000      221.21      34,578.72

                                          TOTAL PREM  LIFE                          10,038.38              3,714.19
                                          TOTAL REF   LIFE                           2,680.43                991.77
                                          TOTAL NET   LIFE                           7,357.95              2,722.42       570,703.92
                                          TOTAL PREM  A&H                                 .00                   .00
                                          TOTAL REF   A&H                                 .00                   .00
                                          TOTAL NET   A&H                                 .00                   .00              .00
 
1825011300   REFUND CHK                   * ACCOUNTING ENTRY *                         487.61-
1825011300   REFUND CHK                   * ACCOUNTING ENTRY *                         219.42-


          CONTINUED ON NEXT PAGE
                                           **** STATEMENT IS FOR REVIEW PURPOSES ONLY ****

                                              CREDIT LIFE, ACCIDENT & HEALTH STATEMENT                                       EL640
                                                   CENTRAL STATES OF OMAHA                                                  06/30/22
                                                           JUNE    30, 2022                                     PAGE      2

ACCOUNT NO. - 9000000-0600990227  NORTH PARK LINCOLN MERCURY INC REMIT TO -   CENTRAL STATES OF OMAHA
                                  NORTH PARK SUBARU                           CREDIT PROTECTION SERVICES
                                  9635 SAN PEDRO AVENUE                       WESTERN AT 96TH ST.
                                  SAN ANTONIO                TX               P.O. BOX 34350
                                                      78216                   OMAHA, NEBRASKA     68134-0350

                             CERTIFICATE  EFFECTIVE CANCEL          BEN.            WRITTEN
       NAME OF INSURED         NUMBER       DATE     DATE   TERM    TYPE            PREMIUM       PCT.     COMPENSATION    BENEFIT

1825011300   REFUND CHK                   * ACCOUNTING ENTRY *                         651.44-
1825011300   REFUND CHK                   * ACCOUNTING ENTRY *                         579.78-

                                          BALANCE FORWARD                           12,172.55

                                          THIS MONTHS PREMIUM                        7,357.95

                                          LESS COMPENSATION                          2,722.42

                                          ADJUSTMENT                                 1,938.25

                                                                               ---------------

                                          PLEASE REMIT                              18,746.33

PLEASE RETURN ONE COPY WITH REMITTANCE
