                                           **** STATEMENT IS FOR REVIEW PURPOSES ONLY ****

                                              CREDIT LIFE, ACCIDENT & HEALTH STATEMENT                                       EL640
                                                   CENTRAL STATES OF OMAHA                                                  06/23/22
                                                           JUNE    30, 2022                                     PAGE      1

ACCOUNT NO. - 9000000-0600990096  SAMES BASTROP CDJ INC          REMIT TO -   CENTRAL STATES OF OMAHA
                                  1586 STATE HIGHWAY 71                       CREDIT PROTECTION SERVICES
                                  CEDAR CREEK                TX               WESTERN AT 96TH ST.
                                                      78612                   P.O. BOX 34350
                                                                              OMAHA, NEBRASKA     68134-0350

                             CERTIFICATE  EFFECTIVE CANCEL          BEN.            WRITTEN
       NAME OF INSURED         NUMBER       DATE     DATE   TERM    TYPE            PREMIUM       PCT.     COMPENSATION    BENEFIT

BROWN           RL            0000322853  09/10/17 05/14/22  84 SINGLE LIFE            169.24-   35.000       59.23-
BATES III       JONAH      C  0008589525  05/21/22           72 SINGLE LIFE          1,506.64    35.000      527.32      87,139.44
PANIAGUA        JOSE       G  0000292991  05/31/22           72 SINGLE LIFE            651.69    35.000      228.09      37,692.00
RADICKE JR      PAUL       R  0000020375  06/06/22           75 SINGLE LIFE          1,291.34    35.000      451.97      71,981.25
BAILEY          LATRAICA   L  0008562814  06/06/22           75 SINGLE LIFE          1,178.16    35.000      412.36      65,672.25
LAKE            JILL       A  0000287739  06/10/22           75 SINGLE LIFE          1,449.29    35.000      507.25      80,785.50

                                          TOTAL PREM  LIFE                           6,077.12              2,126.99
                                          TOTAL REF   LIFE                             169.24                 59.23
                                          TOTAL NET   LIFE                           5,907.88              2,067.76       343,270.44
                                          TOTAL PREM  A&H                                 .00                   .00
                                          TOTAL REF   A&H                                 .00                   .00
                                          TOTAL NET   A&H                                 .00                   .00              .00
 
1825099050   CK                           * ACCOUNTING ENTRY *                       6,244.25

                                          BALANCE FORWARD                            6,244.25

                                          THIS MONTHS PREMIUM                        5,907.88

                                          LESS COMPENSATION                          2,067.76

                                          LESS PAYMENTS                              6,244.25

                                                                               ---------------

                                          PLEASE REMIT                               3,840.12

PLEASE RETURN ONE COPY WITH REMITTANCE
