                                           **** STATEMENT IS FOR REVIEW PURPOSES ONLY ****

                                              CREDIT LIFE, ACCIDENT & HEALTH STATEMENT                                       EL640
                                                   CENTRAL STATES OF OMAHA                                                  07/18/22
                                                           JULY    31, 2022                                     PAGE      1

ACCOUNT NO. - 9000000-0001571800  TELCO TRIAD COMMUNITY CREDIT   REMIT TO -   CENTRAL STATES OF OMAHA
                                  1420 TRI VIEW AVENUE                        CREDIT PROTECTION SERVICES
                                  SIOUX CITY                 IA               WESTERN AT 96TH ST.
                                                      51103                   P.O. BOX 34350
                                                                              OMAHA, NEBRASKA     68134-0350

                             CERTIFICATE  EFFECTIVE CANCEL          BEN.            WRITTEN
       NAME OF INSURED         NUMBER       DATE     DATE   TERM    TYPE            PREMIUM       PCT.     COMPENSATION    BENEFIT

JURICH          GJ            0025782406  12/20/18 07/06/22     SINGLE DISABILITY      151.98-   40.000       60.79-
SWEET           AM            0036312000  04/29/19 10/28/21  36 SINGLE LIFE              2.48-   40.000         .99-
                                                   10/28/21     SINGLE DISABILITY        5.74-   40.000        2.30-
COLLAZO PENA    A             0035373006  06/07/19 06/01/22  48 SINGLE LIFE              6.93-   40.000        2.77-
                                                   06/01/22     SINGLE DISABILITY       16.28-   40.000        6.51-
STURGES         RA            0021650000  07/11/19 06/10/22  60 SINGLE LIFE            189.38-   40.000       75.75-
                                                   06/10/22     SINGLE DISABILITY      349.08-   40.000      139.63-
MOTE            JM            0713281001  08/09/19 06/24/22  60 SINGLE LIFE             30.36-   40.000       12.14-
                                                   06/24/22     SINGLE DISABILITY       58.43-   40.000       23.37-
LOFTUS          S             0026400808  11/12/19 06/27/22  45 SINGLE LIFE              3.07-   40.000        1.23-
                                                   06/27/22     SINGLE DISABILITY        7.83-   40.000        3.13-
JOHNSON         BA            0062028009  02/03/20 06/30/22  30 SINGLE LIFE               .26-   40.000         .10-
HARPER          SG            0739640001  05/28/20 06/24/22     SINGLE DISABILITY      113.56-   40.000       45.42-
JOHNSON         JB            0712676004  07/10/20 06/28/22  42 SINGLE LIFE             29.57-   40.000       11.83-
                                                   06/28/22     SINGLE DISABILITY       68.57-   40.000       27.43-
HARTMAN         PG            3404600452  09/18/20 06/22/22  42 SINGLE LIFE             17.69-   40.000        7.08-
                                                   06/22/22     SINGLE DISABILITY       40.59-   40.000       16.24-
COLLINS         C             2887700255  12/08/20 06/02/22  30 SINGLE LIFE              7.77-   40.000        3.11-
                                                   06/02/22     SINGLE DISABILITY       21.03-   40.000        8.41-
WILDE           BL            3705600851  03/30/21 06/08/22  18 SINGLE LIFE               .64-   40.000         .26-
                                                   06/08/22     SINGLE DISABILITY        2.21-   40.000         .88-
HALL            SB            3737000250  04/12/21 06/13/22  15 SINGLE LIFE               .10-   40.000         .04-
                                                   06/13/22     SINGLE DISABILITY         .36-   40.000         .14-
EDWARDSON       HD            7058610152  04/13/21 06/10/22  42 SINGLE LIFE             43.12-   40.000       17.25-
                                                   06/10/22     SINGLE DISABILITY      102.04-   40.000       40.82-


          CONTINUED ON NEXT PAGE
                                           **** STATEMENT IS FOR REVIEW PURPOSES ONLY ****

                                              CREDIT LIFE, ACCIDENT & HEALTH STATEMENT                                       EL640
                                                   CENTRAL STATES OF OMAHA                                                  07/18/22
                                                           JULY    31, 2022                                     PAGE      2

ACCOUNT NO. - 9000000-0001571800  TELCO TRIAD COMMUNITY CREDIT   REMIT TO -   CENTRAL STATES OF OMAHA
                                  1420 TRI VIEW AVENUE                        CREDIT PROTECTION SERVICES
                                  SIOUX CITY                 IA               WESTERN AT 96TH ST.
                                                      51103                   P.O. BOX 34350
                                                                              OMAHA, NEBRASKA     68134-0350

                             CERTIFICATE  EFFECTIVE CANCEL          BEN.            WRITTEN
       NAME OF INSURED         NUMBER       DATE     DATE   TERM    TYPE            PREMIUM       PCT.     COMPENSATION    BENEFIT

MCAVOY          IB            3107900454  05/04/21 06/27/22  84 JOINT LIFE           1,685.28-   40.000      674.11-

                                                   06/27/22     SINGLE DISABILITY    1,687.47-   40.000      674.99-
GLANDER         N             8872610952  05/13/21 06/10/22     SINGLE DISABILITY        1.31-   40.000         .52-
SANDERS         J             8727300354  05/25/21 06/10/22  24 SINGLE LIFE              9.82-   40.000        3.93-
                                                   06/10/22     SINGLE DISABILITY       27.56-   40.000       11.02-
MASON           JL            7106010151  06/04/21 06/22/22  18 SINGLE LIFE              1.23-   40.000         .49-
                                                   06/22/22     SINGLE DISABILITY        3.97-   40.000        1.59-
MACKEY          JJ            3653700857  06/09/21 06/11/22  60 SINGLE LIFE            301.13-   40.000      120.45-
                                                   06/11/22     SINGLE DISABILITY      572.81-   40.000      229.12-
ESCOBAR         JC            5122000651  07/02/21 06/15/22  12 SINGLE LIFE               .12-   40.000         .05-
                                                   06/15/22     SINGLE DISABILITY         .51-   40.000         .20-
LEON            R             7024890095  07/06/21 06/09/22  66 SINGLE LIFE            524.32-   40.000      209.73-
                                                   06/09/22     SINGLE DISABILITY      893.06-   40.000      357.22-
PRICHARD        JN            9695694585  07/17/21 06/30/22  30 JOINT LIFE              54.83-   40.000       21.93-
                                                   06/30/22     SINGLE DISABILITY       90.10-   40.000       36.04-
RODRIGUEZ       M             3353500556  08/03/21 06/03/22  12 SINGLE LIFE               .55-   40.000         .22-
                                                   06/03/22     SINGLE DISABILITY        2.23-   40.000         .89-
HOUPT           CJ            9695694215  08/05/21 06/15/22  12 SINGLE LIFE               .13-   40.000         .05-
                                                   06/15/22     SINGLE DISABILITY         .53-   40.000         .21-
DANDERAND       RK            3523800152  08/12/21 06/24/22  12 SINGLE LIFE               .18-   40.000         .07-
                                                   06/24/22     SINGLE DISABILITY         .75-   40.000         .30-
GONZALEZ        JA            9695696665  08/16/21 06/25/22  30 SINGLE LIFE             21.76-   40.000        8.70-
                                                   06/25/22     SINGLE DISABILITY       57.04-   40.000       22.82-
NGUYEN          HD            3230500553  08/24/21 06/06/22  12 SINGLE LIFE               .46-   40.000         .18-
                                                   06/06/22     SINGLE DISABILITY        1.94-   40.000         .78-


          CONTINUED ON NEXT PAGE
                                           **** STATEMENT IS FOR REVIEW PURPOSES ONLY ****

                                              CREDIT LIFE, ACCIDENT & HEALTH STATEMENT                                       EL640
                                                   CENTRAL STATES OF OMAHA                                                  07/18/22
                                                           JULY    31, 2022                                     PAGE      3

ACCOUNT NO. - 9000000-0001571800  TELCO TRIAD COMMUNITY CREDIT   REMIT TO -   CENTRAL STATES OF OMAHA
                                  1420 TRI VIEW AVENUE                        CREDIT PROTECTION SERVICES
                                  SIOUX CITY                 IA               WESTERN AT 96TH ST.
                                                      51103                   P.O. BOX 34350
                                                                              OMAHA, NEBRASKA     68134-0350

                             CERTIFICATE  EFFECTIVE CANCEL          BEN.            WRITTEN
       NAME OF INSURED         NUMBER       DATE     DATE   TERM    TYPE            PREMIUM       PCT.     COMPENSATION    BENEFIT

FELIX           AA            2382400451  08/31/21 06/24/22  12 SINGLE LIFE               .54-   40.000         .22-

                                                   06/24/22     SINGLE DISABILITY        2.26-   40.000         .90-
BARRERA         RC            5017800254  09/13/21 05/02/22  36 SINGLE LIFE            155.40-   40.000       62.16-
                                                   05/02/22     SINGLE DISABILITY      380.92-   40.000      152.37-
TANNER          AA            9695698375  09/16/21 06/09/22  18 SINGLE LIFE              3.82-   40.000        1.53-
                                                   06/09/22     SINGLE DISABILITY       13.36-   40.000        5.34-
JOHNSON         N             7049390055  10/04/21 11/16/21  18 SINGLE LIFE             17.17-   40.000        6.87-
HEIDEN          D             3525400352  10/07/21 06/03/22  12 SINGLE LIFE              1.15-   40.000         .46-
                                                   06/03/22     SINGLE DISABILITY        4.75-   40.000        1.90-
TSANA           ET            3711300151  10/15/21 06/04/22  10 SINGLE LIFE               .32-   40.000         .13-
                                                   06/04/22     SINGLE DISABILITY        1.32-   40.000         .53-
FIELDS          LD            7409720035  10/22/21 06/23/22  24 SINGLE LIFE              6.72-   40.000        2.69-
                                                   06/23/22     SINGLE DISABILITY       20.83-   40.000        8.33-
RAMIREZ         GS            9695697795  11/02/21 06/17/22   8 SINGLE LIFE               .04-   40.000         .02-
                                                   06/17/22     SINGLE DISABILITY         .18-   40.000         .07-
GREELEY         LM            1994110957  11/05/21 06/13/22  18 JOINT LIFE               9.17-   40.000        3.67-
                                                   06/13/22     SINGLE DISABILITY       18.34-   40.000        7.34-
COLLINS         C             2887700256  11/22/21 06/02/22   7 SINGLE LIFE               .10-   40.000         .04-
                                                   06/02/22     SINGLE DISABILITY         .46-   40.000         .18-
ZINN            LS            7176900059  11/23/21 06/13/22     SINGLE DISABILITY      552.56-   40.000      221.02-
JEFFRIES        DC            3650700651  11/24/21 06/08/22   7 SINGLE LIFE               .06-   40.000         .02-
BRITTON         J             9695702685  12/03/21 06/07/22     SINGLE DISABILITY      399.50-   40.000      159.80-
RIGBY           JJ            9125000656  12/07/21 06/17/22  32 SINGLE LIFE             52.11-   40.000       20.84-
                                                   06/17/22     SINGLE DISABILITY      130.30-   40.000       52.12-


          CONTINUED ON NEXT PAGE
                                           **** STATEMENT IS FOR REVIEW PURPOSES ONLY ****

                                              CREDIT LIFE, ACCIDENT & HEALTH STATEMENT                                       EL640
                                                   CENTRAL STATES OF OMAHA                                                  07/18/22
                                                           JULY    31, 2022                                     PAGE      4

ACCOUNT NO. - 9000000-0001571800  TELCO TRIAD COMMUNITY CREDIT   REMIT TO -   CENTRAL STATES OF OMAHA
                                  1420 TRI VIEW AVENUE                        CREDIT PROTECTION SERVICES
                                  SIOUX CITY                 IA               WESTERN AT 96TH ST.
                                                      51103                   P.O. BOX 34350
                                                                              OMAHA, NEBRASKA     68134-0350

                             CERTIFICATE  EFFECTIVE CANCEL          BEN.            WRITTEN
       NAME OF INSURED         NUMBER       DATE     DATE   TERM    TYPE            PREMIUM       PCT.     COMPENSATION    BENEFIT

LARIMER         BB            2692700154  12/08/21 06/06/22  12 SINGLE LIFE              1.26-   40.000         .50-

                                                   06/06/22     SINGLE DISABILITY        5.24-   40.000        2.10-
ERICSON         NJ            9695702775  12/23/21 06/03/22   8 SINGLE LIFE               .26-   40.000         .10-
                                                   06/03/22     SINGLE DISABILITY        1.21-   40.000         .48-
MOLINA          SR            3428000757  12/27/21 06/20/22  36 SINGLE LIFE             62.58-   40.000       25.03-
                                                   06/20/22     SINGLE DISABILITY      160.98-   40.000       64.39-
ARMSTRONG       MK            7042880095  01/03/22 06/14/22  12 SINGLE LIFE              5.61-   40.000        2.24-
                                                   06/14/22     SINGLE DISABILITY       22.82-   40.000        9.13-
ALCARAZ MATA    F             9695683115  01/19/22 06/20/22   8 JOINT LIFE                .86-   40.000         .34-
                                                   06/20/22     SINGLE DISABILITY        2.42-   40.000         .97-
WASKOW          TH            3205400453  01/21/22 06/27/22  24 SINGLE LIFE             12.77-   40.000        5.11-
                                                   06/27/22     SINGLE DISABILITY       37.58-   40.000       15.03-
HINES           B             9695707535  03/10/22 06/08/22  24 SINGLE LIFE             25.69-   40.000       10.28-
                                                   06/08/22     SINGLE DISABILITY       73.70-   40.000       29.48-
GREEN           RL            1428100651  03/11/22 06/09/22  11 SINGLE LIFE              1.96-   40.000         .78-
                                                   06/09/22     SINGLE DISABILITY        8.98-   40.000        3.59-
PATTEN          AM            2317200056  03/11/22 06/21/22  54 SINGLE LIFE            129.63-   40.000       51.85-
                                                   06/21/22     SINGLE DISABILITY      285.27-   40.000      114.11-

                                          TOTAL PREM  LIFE                                .00                   .00
                                          TOTAL REF   LIFE                           3,418.40              1,367.34
                                          TOTAL NET   LIFE                           3,418.40-             1,367.34-             .00
                                          TOTAL PREM  A&H                                 .00                   .00
                                          TOTAL REF   A&H                            6,399.96              2,559.95
                                          TOTAL NET   A&H                            6,399.96-             2,559.95-             .00
 
1825011300   MONTHLY CK                   * ACCOUNTING ENTRY *                       1,569.96-


          CONTINUED ON NEXT PAGE
                                           **** STATEMENT IS FOR REVIEW PURPOSES ONLY ****

                                              CREDIT LIFE, ACCIDENT & HEALTH STATEMENT                                       EL640
                                                   CENTRAL STATES OF OMAHA                                                  07/18/22
                                                           JULY    31, 2022                                     PAGE      5

ACCOUNT NO. - 9000000-0001571800  TELCO TRIAD COMMUNITY CREDIT   REMIT TO -   CENTRAL STATES OF OMAHA
                                  1420 TRI VIEW AVENUE                        CREDIT PROTECTION SERVICES
                                  SIOUX CITY                 IA               WESTERN AT 96TH ST.
                                                      51103                   P.O. BOX 34350
                                                                              OMAHA, NEBRASKA     68134-0350

                             CERTIFICATE  EFFECTIVE CANCEL          BEN.            WRITTEN
       NAME OF INSURED         NUMBER       DATE     DATE   TERM    TYPE            PREMIUM       PCT.     COMPENSATION    BENEFIT

                                          BALANCE FORWARD                            1,569.96-

                                          THIS MONTHS PREMIUM                        9,818.36-

                                          LESS COMPENSATION                          3,927.29-

                                          ADJUSTMENT                                 1,569.96

                                                                               ---------------

                                          WE WILL REFUND                             5,891.07-
