08/09/2019  10:45:38  unikixtran3 Formatted Dump File

Transaction: CECI has abended in Program: CECI    
Failure occurred in TPE code
CICS Command Level Trace:
      Function STARTBR          CID#          Condition NOTOPEN     
      Function STARTBR          CID#          Condition Successful
      Function STARTBR          CID#          Condition NOTFND      
      Function STARTBR          CID#          Condition Successful

Current address on heap     (88a8000)
Address of Shared Memory    (47600000)
Address of Max Core         (47600000)
Address of Threshold Memory (47200000)

******************  Exec Interface Block   ******************
EIBTIME   0104342c		EIBSYNC   00
EIBDATE   0119221c		EIBFREE   00
EIBTRNID  CECI    		EIBRECV   00
EIBTASKN  0001023c		EIBSEND   00
EIBTRMID  C001    		EIBATT    00
DFHEIGDI  0000    		EIBEOC    00
EIBCPOSN  0004    		EIBFMH    00
EIBCALEN  0000    		EIBCOMPL  00
EIBAID    27      		EIBSIG    00
EIBFN     060c    		EIBCONF   00
EIBRCODE  0c0000000000		EIBERR    00
EIBDS     ERCHEK  		EIBERRCD  00000000
EIBREQID  2730002 		EIBSYNRB  20
EIBRSRCE  ERCHEK  		EIBNODAT  00
EIBRESP   00000013		EIBRLDBK  00
EIBRESP2  00000000

*********************************   CWA   ********************************
No Common Work Area present

*********************************   TWA   ********************************
No Transaction Work Area present


*********************************   TCTUA   ******************************
TCTUA LENGTH = 255
a7601da0 00000000  20202020 20202020 20202020 20202020 "                "
                  --- SUPPRESSED -- 00013 LINES -- 0x000000d0 BYTES ---
a7601e80 000000e0  20202020 20202020 20202020 20202020 "                "
a7601e90 000000f0  20202020 20202020 20202020 202020   "               "


******************************  PROGRAM STACK **************************

PROGRAM: CECI    
WORKING STORAGE
f5b39164 00000000  00                                  "."


COMMAREA
No commarea present
