08/01/2019  02:17:28  unikixtran1 Formatted Dump File

Run-Time Error -
Event Received :     SIGSEGV

Transaction: CWXN has abended in Program: KXWBXN  
Failure occurred in Application code
CICS Command Level Trace:
      Function WEB SEND         CID# 00000764 Condition Successful
      Function DOC CREATE       CID# 00000759 Condition Successful
      Function EXTRACT TCPIP    CID# 00000164 Condition Successful
      Function WEB EXTRACT      CID# 00000154 Condition Successful

Current address on heap     (852f000)
Address of Shared Memory    (47600000)
Address of Max Core         (47600000)
Address of Threshold Memory (47200000)

******************  Exec Interface Block   ******************
EIBTIME   0021728c		EIBSYNC   00
EIBDATE   0119213c		EIBFREE   00
EIBTRNID  CWXN    		EIBRECV   00
EIBTASKN  0001590c		EIBSEND   00
EIBTRMID          		EIBATT    00
DFHEIGDI  0000    		EIBEOC    00
EIBCPOSN  0000    		EIBFMH    00
EIBCALEN  0000    		EIBCOMPL  00
EIBAID    00      		EIBSIG    00
EIBFN     3804    		EIBCONF   00
EIBRCODE  000000000000		EIBERR    00
EIBDS             		EIBERRCD  00000000
EIBREQID          		EIBSYNRB  20
EIBRSRCE          		EIBNODAT  00
EIBRESP   00000000		EIBRLDBK  00
EIBRESP2  00000000

*********************************   CWA   ********************************
No Common Work Area present

*********************************   TWA   ********************************
No Transaction Work Area present


*********************************   TCTUA   ******************************
TCTUA LENGTH = 255
8516800 00000000  20202020 20202020 20202020 20202020 "                "
                  --- SUPPRESSED -- 00013 LINES -- 0x000000d0 BYTES ---
85168e0 000000e0  20202020 20202020 20202020 20202020 "                "
85168f0 000000f0  20202020 20202020 20202020 202020   "               "


******************************  PROGRAM STACK **************************

PROGRAM: KXWBXN  
WORKING STORAGE
f5d76044 00000000  00                                  "."


COMMAREA
No commarea present
