                                           **** STATEMENT IS FOR REVIEW PURPOSES ONLY ****

                                              CREDIT LIFE, ACCIDENT & HEALTH STATEMENT                                       EL640
                                                   CENTRAL STATES OF OMAHA                                                  04/25/22
                                                           APRIL   30, 2022                                     PAGE      1

ACCOUNT NO. - 9000000-0001591700  CS TOY AUTOMOTIVE LLC          REMIT TO -   CENTRAL STATES OF OMAHA
                                  MARK JACOBSON TOYOTA DBA                    CREDIT PROTECTION SERVICES
                                  4516 DURHAM CHAPEL HILL BLVD                WESTERN AT 96TH ST.
                                  DURHAM                     NC               P.O. BOX 34350
                                                      27707                   OMAHA, NEBRASKA     68134-0350

                             CERTIFICATE  EFFECTIVE CANCEL          BEN.            WRITTEN
       NAME OF INSURED         NUMBER       DATE     DATE   TERM    TYPE            PREMIUM       PCT.     COMPENSATION    BENEFIT

MEDRANO         ANAI       P  0000473665  01/17/22           78 SINGLE LIFE          1,779.41    55.000      978.68      51,242.32
                                                                SINGLE DISABILITY    3,782.73    55.000    2,080.50         766.14
RAMOS           DOMINGA    H  0000086801  01/21/22           75 SINGLE LIFE          1,275.92    55.000      701.76      38,290.72
                                                                SINGLE DISABILITY    2,734.73    55.000    1,504.10         593.86

                                          TOTAL PREM  LIFE                           3,055.33              1,680.44
                                          TOTAL REF   LIFE                                .00                   .00
                                          TOTAL NET   LIFE                           3,055.33              1,680.44        89,533.04
                                          TOTAL PREM  A&H                            6,517.46              3,584.60
                                          TOTAL REF   A&H                                 .00                   .00
                                          TOTAL NET   A&H                            6,517.46              3,584.60         1,360.00
 
1825011300   CORRECTCHK                   * ACCOUNTING ENTRY *                         175.20-
1825011300   CORRECTCHK                   * ACCOUNTING ENTRY *                         209.83-

                                          BALANCE FORWARD                            1,641.65-

                                          THIS MONTHS PREMIUM                        9,572.79

                                          LESS COMPENSATION                          5,265.04

                                          ADJUSTMENT                                   385.03

                                                                               ---------------

                                          PLEASE REMIT                               3,051.13

PLEASE RETURN ONE COPY WITH REMITTANCE
