                                           **** STATEMENT IS FOR REVIEW PURPOSES ONLY ****

                                              CREDIT LIFE, ACCIDENT & HEALTH STATEMENT                                       EL640
                                                   CENTRAL STATES OF OMAHA                                                  07/27/22
                                                           JULY    31, 2022                                     PAGE      1

ACCOUNT NO. - 9000000-0600990016  GILLMAN XSM LLC                REMIT TO -   CENTRAL STATES OF OMAHA
                                  GILLMAN CHRYSLER JEEP DBA                   CREDIT PROTECTION SERVICES
                                  10585 W SAM HOUSTON PKWY SOUTH              WESTERN AT 96TH ST.
                                  HOUSTON                    TX               P.O. BOX 34350
                                                      77099-2844              OMAHA, NEBRASKA     68134-0350

                             CERTIFICATE  EFFECTIVE CANCEL          BEN.            WRITTEN
       NAME OF INSURED         NUMBER       DATE     DATE   TERM    TYPE            PREMIUM       PCT.     COMPENSATION    BENEFIT

MARTINEZ        J             0012339623  09/07/18 07/11/22  75 JOINT LIFE             209.82-   40.000       83.93-
BURRELL         TE            0012506419  07/25/20 09/28/20     SINGLE DISABILITY      734.34-   40.000      293.74-
JACKSON         CW            0012434826  11/18/20 07/14/22     SINGLE DISABILITY    1,080.32-   40.000      432.13-
NWOKO           PC            0012434833  11/27/20 06/30/22  75 SINGLE LIFE            793.90-   40.000      317.56-
ISOM            BRANDIS    L  0012575954  11/02/21           66 SINGLE LIFE            402.81    40.000      161.12      25,222.56
                                                                SINGLE DISABILITY      920.62    40.000      368.25         382.16
FERRY JR        KARL       J  0012577263  11/10/21           75 SINGLE LIFE          1,209.87    40.000      483.95      67,440.00
EASTERLING      NS            0012577272  11/18/21 06/15/22  72 SINGLE LIFE            372.76-   40.000      149.10-
IGBRU           VICTORY       0012575963  11/19/21           75 SINGLE LIFE          1,185.38    40.000      474.15      66,075.00
BULLOCK         JAMES      D  0012575958  11/20/21           72 SINGLE LIFE            758.69    40.000      303.48      43,880.40
                                                                SINGLE DISABILITY    1,636.74    40.000      654.70         609.45
SIDDIQUI        AAMIR      M  0012577269  11/22/21           72 SINGLE LIFE          2,109.71    40.000      843.88     122,019.12
SOBAMBO         BOLANLE    C  0012577274  11/22/21              SINGLE DISABILITY    1,666.47    40.000      666.59         620.52
VILLALTA        MICHAEL    A  0012575960  11/24/21              SINGLE DISABILITY    2,974.86    40.000    1,189.94       1,052.12
MACARAIG        JENNIE     C  0012575961  11/26/21           66 SINGLE LIFE            564.76    40.000      225.90      35,364.12
TWOMEY          ALEC       J  0012577270  11/26/21           60 SINGLE LIFE            434.22    40.000      173.69      29,659.20
                                                                SINGLE DISABILITY    1,058.83    40.000      423.53         494.32
GARZA           MARIA      H  0012577255  11/27/21           48 SINGLE LIFE            204.69    40.000       81.88      17,200.80
                                                                SINGLE DISABILITY      576.23    40.000      230.49         358.35
ESCOBAR         SANDRA     B  0012577271  11/27/21           75 SINGLE LIFE          1,189.93    40.000      475.97      66,328.50
                                                                SINGLE DISABILITY    2,500.59    40.000    1,000.24         884.38
BERTRAND        SIDNEY     T  0012543510  11/29/21           48 SINGLE LIFE            447.56    40.000      179.02      37,610.40
                                                                SINGLE DISABILITY    1,259.95    40.000      503.98         783.55
MEDRANO         JAIME      N  0012577254  11/29/21           72 SINGLE LIFE          1,198.82    40.000      479.53      69,336.00


          CONTINUED ON NEXT PAGE
                                           **** STATEMENT IS FOR REVIEW PURPOSES ONLY ****

                                              CREDIT LIFE, ACCIDENT & HEALTH STATEMENT                                       EL640
                                                   CENTRAL STATES OF OMAHA                                                  07/27/22
                                                           JULY    31, 2022                                     PAGE      2

ACCOUNT NO. - 9000000-0600990016  GILLMAN XSM LLC                REMIT TO -   CENTRAL STATES OF OMAHA
                                  GILLMAN CHRYSLER JEEP DBA                   CREDIT PROTECTION SERVICES
                                  10585 W SAM HOUSTON PKWY SOUTH              WESTERN AT 96TH ST.
                                  HOUSTON                    TX               P.O. BOX 34350
                                                      77099-2844              OMAHA, NEBRASKA     68134-0350

                             CERTIFICATE  EFFECTIVE CANCEL          BEN.            WRITTEN
       NAME OF INSURED         NUMBER       DATE     DATE   TERM    TYPE            PREMIUM       PCT.     COMPENSATION    BENEFIT

GONZALEZ        ALEJANDRO     0012577280  11/29/21              SINGLE DISABILITY    1,769.59    40.000      707.84         658.92
CARLI           WALTER        0012577281  11/29/21              SINGLE DISABILITY    2,206.43    40.000      882.57         821.58
HARTOG          GIUSEPPE   A  0012575964  11/30/21           72 SINGLE LIFE            669.95    40.000      267.98      38,748.24
                                                                SINGLE DISABILITY    1,445.31    40.000      578.12         538.17
MEJIA           MICHAEL       0012575967  11/30/21              SINGLE DISABILITY    1,639.37    40.000      655.75         610.43
RAMIREZ         JENNIFER   U  0012575969  12/01/21           72 SINGLE LIFE            983.08    40.000      393.23      56,858.40
MAURICIO        MARY       J  0012575968  12/02/21           75 SINGLE LIFE          1,278.11    40.000      511.24      71,243.25
GUTIERREZ       MANUEL     A  0012575970  12/03/21           60 SINGLE LIFE            313.65    40.000      125.46      21,424.20
                                                                SINGLE DISABILITY      764.85    40.000      305.94         357.07
HENDERSON JR    ARTHUR     R  0012575971  12/03/21           48 SINGLE LIFE            248.53    40.000       99.41      20,884.80
                                                                SINGLE DISABILITY      699.64    40.000      279.86         435.10
RANGEL          MANUEL     R  0012575972  12/04/21           72 SINGLE LIFE          1,102.76    40.000      441.10      63,779.76
                                                                SINGLE DISABILITY    2,378.99    40.000      951.60         885.83
HARWELL         KALEB      C  0012575973  12/04/21           72 SINGLE LIFE            622.13    40.000      248.85      35,982.00
                                                                SINGLE DISABILITY    1,342.13    40.000      536.85         499.75
GONZALEZ        OBED          0012577257  12/04/21           84 SINGLE LIFE          2,066.16    40.000      826.46     104,036.52
PEREZ           MARIA      C  0012577258  12/04/21              SINGLE DISABILITY    1,488.47    40.000      595.39         554.24
ALCARAZ         ROBERTA       0012577261  12/04/21           72 SINGLE LIFE            497.41    40.000      198.96      28,769.04
                                                                SINGLE DISABILITY    1,073.08    40.000      429.23         399.57
CHAVEZ          ERNAN         0012577282  12/04/21           75 SINGLE LIFE          1,625.99    40.000      650.40      90,635.25
KUSZLI          GEORG         0012577283  12/04/21           36 SINGLE LIFE            351.00    40.000      140.40      38,699.28
                                                                SINGLE DISABILITY    1,191.93    40.000      476.77       1,074.98
CHAN            JOHN       F  0012575974  12/06/21           72 SINGLE LIFE            781.53    40.000      312.61      45,201.60
STEWART         JOSHUA     M  0012577284  12/06/21           75 SINGLE LIFE          1,017.94    40.000      407.18      56,741.25
                                                                SINGLE DISABILITY    2,139.15    40.000      855.66         756.55


          CONTINUED ON NEXT PAGE
                                           **** STATEMENT IS FOR REVIEW PURPOSES ONLY ****

                                              CREDIT LIFE, ACCIDENT & HEALTH STATEMENT                                       EL640
                                                   CENTRAL STATES OF OMAHA                                                  07/27/22
                                                           JULY    31, 2022                                     PAGE      3

ACCOUNT NO. - 9000000-0600990016  GILLMAN XSM LLC                REMIT TO -   CENTRAL STATES OF OMAHA
                                  GILLMAN CHRYSLER JEEP DBA                   CREDIT PROTECTION SERVICES
                                  10585 W SAM HOUSTON PKWY SOUTH              WESTERN AT 96TH ST.
                                  HOUSTON                    TX               P.O. BOX 34350
                                                      77099-2844              OMAHA, NEBRASKA     68134-0350

                             CERTIFICATE  EFFECTIVE CANCEL          BEN.            WRITTEN
       NAME OF INSURED         NUMBER       DATE     DATE   TERM    TYPE            PREMIUM       PCT.     COMPENSATION    BENEFIT

MORANA          SARAH      A  0012577285  12/06/21           84 SINGLE LIFE            815.00    40.000      326.00      41,037.36
CAMPOS          DAVID         0012577260  12/07/21           72 SINGLE LIFE          1,544.25    40.000      617.70      89,314.56
RODRIGUEZ       SILVIA     C  0012577286  12/09/21           72 SINGLE LIFE          1,161.86    40.000      464.74      67,198.32
BECKER WHITE    LORI       R  0012577287  12/10/21           75 SINGLE LIFE          1,870.77    40.000      748.31     104,279.25
MARTIN          RITA       M  0012575975  12/11/21           75 SINGLE LIFE          1,238.72    40.000      495.49      69,048.00
GONZALEZ        CHRISTIE   C  0012577292  12/11/21           75 SINGLE LIFE            787.99    40.000      315.20      43,923.75
BADILLO         BENJAMIN   S  0012575976  12/13/21           72 SINGLE LIFE          1,416.09    40.000      566.44      81,902.16
GONZALEZ        ERIKA         0012575977  12/13/21           72 SINGLE LIFE          1,761.51    40.000      704.60     101,880.00
KING            CHRISTOPHE J  0012575980  12/18/21           72 SINGLE LIFE          1,822.20    40.000      728.88     105,390.00
GUTIERREZ       AMELIA     B  0012575982  12/18/21           72 SINGLE LIFE          1,183.75    40.000      473.50      68,464.80
THOMPSON JR     WILLIE     J  0012575983  12/18/21           48 SINGLE LIFE            140.88    40.000       56.35      11,838.24
                                                                SINGLE DISABILITY      396.58    40.000      158.63         246.63
VASQUEZ         MINERVA    V  0012575984  12/18/21              SINGLE DISABILITY    1,765.89    40.000      706.36         657.54
BARRETT         MIRIAM     B  0012576152  12/18/21           72 SINGLE LIFE            522.55    40.000      209.02      30,222.72
HULSEY          RILEY      H  0012576155  12/18/21           75 SINGLE LIFE          1,575.66    40.000      630.26      87,829.50
CRUZ            JASMIN     N  0012576157  12/18/21              SINGLE DISABILITY    1,261.67    40.000      504.67         469.79
GALAVIZ         JESUS      A  0012577293  12/18/21           72 SINGLE LIFE          1,528.66    40.000      611.46      88,413.12
SALAZAR         EDUARDO       0012575985  12/21/21           72 SINGLE LIFE          1,019.72    40.000      407.89      58,977.36
SANDERS JR      RAY        D  0012576102  12/21/21           72 SINGLE LIFE            993.60    40.000      397.44      57,466.80
LOTT            NATALIE       0012576159  12/22/21              SINGLE DISABILITY      966.24    40.000      386.50         341.73
BRITO           JUANYA     J  0012575981  12/23/21           72 SINGLE LIFE          1,038.49    40.000      415.40      60,063.12
DONOVAN JR      CHARLES    L  0012575986  12/24/21           48 SINGLE LIFE            427.71    40.000      171.08      35,941.92
REYNO           JALIORIS   S  0012575987  12/24/21           72 SINGLE LIFE            795.17    40.000      318.07      45,990.00
                                                                SINGLE DISABILITY    1,715.43    40.000      686.17         638.75


          CONTINUED ON NEXT PAGE
                                           **** STATEMENT IS FOR REVIEW PURPOSES ONLY ****

                                              CREDIT LIFE, ACCIDENT & HEALTH STATEMENT                                       EL640
                                                   CENTRAL STATES OF OMAHA                                                  07/27/22
                                                           JULY    31, 2022                                     PAGE      4

ACCOUNT NO. - 9000000-0600990016  GILLMAN XSM LLC                REMIT TO -   CENTRAL STATES OF OMAHA
                                  GILLMAN CHRYSLER JEEP DBA                   CREDIT PROTECTION SERVICES
                                  10585 W SAM HOUSTON PKWY SOUTH              WESTERN AT 96TH ST.
                                  HOUSTON                    TX               P.O. BOX 34350
                                                      77099-2844              OMAHA, NEBRASKA     68134-0350

                             CERTIFICATE  EFFECTIVE CANCEL          BEN.            WRITTEN
       NAME OF INSURED         NUMBER       DATE     DATE   TERM    TYPE            PREMIUM       PCT.     COMPENSATION    BENEFIT

HERRERA         ALFREDO       0012575988  12/27/21           72 SINGLE LIFE            409.75    40.000      163.90      23,698.80
                                                                SINGLE DISABILITY      883.96    40.000      353.58         329.15
NEWTON          SAMUEL     O  0012575990  12/27/21           72 SINGLE LIFE          1,085.06    40.000      434.02      62,756.64
YE              YUEYUN        0012576161  12/27/21           72 SINGLE LIFE            900.31    40.000      360.12      52,071.12
MAGELKY         MICHAEL    J  0012575989  12/28/21           75 SINGLE LIFE            728.77    40.000      291.51      40,622.25
                                                                SINGLE DISABILITY    1,531.41    40.000      612.56         541.63
OHARA           TOMMY      D  0012576163  12/28/21           72 SINGLE LIFE            640.44    40.000      256.18      37,041.12
USEDA           SANDRA     J  0012576164  12/28/21           60 SINGLE LIFE            470.99    40.000      188.40      32,171.40
                                                                SINGLE DISABILITY    1,148.52    40.000      459.41         536.19
GORDILLO III    VICTOR        0012575992  12/29/21           63 SINGLE LIFE            512.51    40.000      205.00      33,475.68
                                                                SINGLE DISABILITY    1,208.48    40.000      483.39         531.36
MURILLO         FERNANDO   H  0012577262  12/29/21           72 SINGLE LIFE            970.25    40.000      388.10      56,116.08
                                                                SINGLE DISABILITY    2,093.13    40.000      837.25         779.39
GUZMAN III      ALFONSO    E  0000145657  12/30/21           72 SINGLE LIFE            706.34    40.000      282.54      40,852.08
                                                                SINGLE DISABILITY    1,523.78    40.000      609.51         567.39
ABUTBUL         AVIHAY        0012576167  12/31/21           72 SINGLE LIFE            985.49    40.000      394.20      56,997.36
JOHNSON         CHRISTOPHE    0012576168  12/31/21           72 SINGLE LIFE            914.32    40.000      365.73      52,881.12
                                                                SINGLE DISABILITY    1,972.47    40.000      788.99         734.46
FRANCISCO       NOBEL      R  0012576169  01/01/22           75 SINGLE LIFE          1,530.81    40.000      612.32      85,329.75
VITELA          JIOVANNI   H  0012576103  01/03/22           75 SINGLE LIFE            764.66    40.000      305.86      42,623.25
                                                                SINGLE DISABILITY    1,606.89    40.000      642.76         568.31
RUNNELS         CLINTON    T  0012575993  01/08/22           75 SINGLE LIFE          2,099.42    40.000      839.77     117,024.75
MCKUY           ANITA      B  0012576171  01/10/22           60 SINGLE LIFE            316.14    40.000      126.46      21,594.00
                                                                SINGLE DISABILITY      770.91    40.000      308.36         359.90


          CONTINUED ON NEXT PAGE
                                           **** STATEMENT IS FOR REVIEW PURPOSES ONLY ****

                                              CREDIT LIFE, ACCIDENT & HEALTH STATEMENT                                       EL640
                                                   CENTRAL STATES OF OMAHA                                                  07/27/22
                                                           JULY    31, 2022                                     PAGE      5

ACCOUNT NO. - 9000000-0600990016  GILLMAN XSM LLC                REMIT TO -   CENTRAL STATES OF OMAHA
                                  GILLMAN CHRYSLER JEEP DBA                   CREDIT PROTECTION SERVICES
                                  10585 W SAM HOUSTON PKWY SOUTH              WESTERN AT 96TH ST.
                                  HOUSTON                    TX               P.O. BOX 34350
                                                      77099-2844              OMAHA, NEBRASKA     68134-0350

                             CERTIFICATE  EFFECTIVE CANCEL          BEN.            WRITTEN
       NAME OF INSURED         NUMBER       DATE     DATE   TERM    TYPE            PREMIUM       PCT.     COMPENSATION    BENEFIT

DILONE          KELVIN     B  0012576104  01/11/22           72 SINGLE LIFE          1,243.99    40.000      497.60      71,948.88
BUSTOS          WILLIE        0012575991  01/14/22           72 SINGLE LIFE            796.37    40.000      318.55      46,059.12
YUCEL           ALI           0012576054  01/14/22              SINGLE DISABILITY    1,395.84    40.000      558.34         519.75
GUTIERREZ       ALBERTO    E  0012576106  01/14/22           72 SINGLE LIFE            579.70    40.000      231.88      33,528.24
CRAFT           AMBER         0012576173  01/15/22           60 SINGLE LIFE            262.62    40.000      105.05      17,938.80
MARTINEZ        FRANK         0012576174  01/15/22           72 SINGLE LIFE            806.72    40.000      322.69      46,658.16
NARON III       ROY        N  0012576107  01/17/22           60 SINGLE LIFE            272.55    40.000      109.02      18,616.80
                                                                SINGLE DISABILITY      664.62    40.000      265.85         310.28
NIMROD          KIM        A  0012576175  01/17/22           72 SINGLE LIFE            481.94    40.000      192.78      27,874.08
PERKINS         MICHAEL    A  0012576108  01/18/22           72 SINGLE LIFE            647.99    40.000      259.20      37,477.44
WILLIAMS        PATRICIA   A  0012576176  01/18/22           72 SINGLE LIFE            621.11    40.000      248.44      35,922.96
ESCOBAR         ERICK      M  0012576109  01/19/22           72 SINGLE LIFE            733.83    40.000      293.53      42,442.56
                                                                SINGLE DISABILITY    1,583.10    40.000      633.24         589.48
HERNANDEZ       YARICE     A  0012576110  01/19/22           72 SINGLE LIFE            985.79    40.000      394.32      57,015.36
CARBALLO        NESTOR     E  0012575994  01/21/22           72 SINGLE LIFE          1,047.99    40.000      419.20      60,612.48
MANUEL          JAMOND     J  0012576111  01/21/22              SINGLE DISABILITY    1,359.26    40.000      543.70         480.73
MARRERO         HECTOR     L  0012576112  01/22/22           75 SINGLE LIFE            803.75    40.000      321.50      44,802.00
KURRI           RAGHUNATH  R  0012576178  01/22/22           72 SINGLE LIFE          1,088.51    40.000      435.40      62,956.08
RODRIGUEZ       TERESA     M  0012576177  01/24/22           48 SINGLE LIFE            326.29    40.000      130.52      27,419.52
                                                                SINGLE DISABILITY      918.56    40.000      367.42         571.24
GLASS           DIANDRAY   L  0012575995  01/25/22           54 SINGLE LIFE            339.71    40.000      135.88      25,580.34
                                                                SINGLE DISABILITY      887.64    40.000      355.06         473.71
HAYES           SYDNEY     A  0012576113  01/25/22           48 SINGLE LIFE            303.75    40.000      121.50      25,524.48
                                                                SINGLE DISABILITY      855.07    40.000      342.03         531.76


          CONTINUED ON NEXT PAGE
                                           **** STATEMENT IS FOR REVIEW PURPOSES ONLY ****

                                              CREDIT LIFE, ACCIDENT & HEALTH STATEMENT                                       EL640
                                                   CENTRAL STATES OF OMAHA                                                  07/27/22
                                                           JULY    31, 2022                                     PAGE      6

ACCOUNT NO. - 9000000-0600990016  GILLMAN XSM LLC                REMIT TO -   CENTRAL STATES OF OMAHA
                                  GILLMAN CHRYSLER JEEP DBA                   CREDIT PROTECTION SERVICES
                                  10585 W SAM HOUSTON PKWY SOUTH              WESTERN AT 96TH ST.
                                  HOUSTON                    TX               P.O. BOX 34350
                                                      77099-2844              OMAHA, NEBRASKA     68134-0350

                             CERTIFICATE  EFFECTIVE CANCEL          BEN.            WRITTEN
       NAME OF INSURED         NUMBER       DATE     DATE   TERM    TYPE            PREMIUM       PCT.     COMPENSATION    BENEFIT

WAFER           KEANDRE    D  0012576114  01/27/22              SINGLE DISABILITY    2,363.99    40.000      945.60         836.07
VANLOH          DANIEL        0012576179  01/27/22           75 SINGLE LIFE          1,354.25    40.000      541.70      75,487.50
VANDERZYDEN     SCOTT      E  0012575997  01/29/22           72 SINGLE LIFE            712.16    40.000      284.86      41,189.04
TORREY          MICHAEL    T  0012575998  01/29/22           72 SINGLE LIFE            931.21    40.000      372.48      53,858.16
EVANS           JASON      E  0012575999  01/29/22           75 SINGLE LIFE            724.56    40.000      289.82      40,388.25
                                                                SINGLE DISABILITY    1,522.64    40.000      609.06         538.51
CUEVAS          ISABELA    S  0012576115  01/29/22              SINGLE DISABILITY      857.52    40.000      343.01         303.28
ONUOGU          NONYE      C  0012576180  01/29/22           72 SINGLE LIFE          1,023.24    40.000      409.30      59,181.12
                                                                SINGLE DISABILITY    2,207.46    40.000      882.98         821.96
FLORES          CECILIA    A  0012576184  01/29/22           72 SINGLE LIFE            686.33    40.000      274.53      39,695.04
                                                                SINGLE DISABILITY    1,480.63    40.000      592.25         551.32
LEDEZMA CAVAZOS OSCAR         0012576059  01/31/22           72 SINGLE LIFE          1,013.13    40.000      405.25      58,596.48
                                                                SINGLE DISABILITY    2,185.65    40.000      874.26         813.84
LEDEZMA CAVAZOS OSCAR         0012576060  01/31/22           75 SINGLE LIFE          1,190.30    40.000      476.12      66,348.75
                                                                SINGLE DISABILITY    2,501.35    40.000    1,000.54         884.65
HOPKINS         AARIC      P  0012576061  01/31/22              SINGLE DISABILITY    2,122.59    40.000      849.04         790.36
GREER           JAMECA     R  0012576063  02/02/22           72 SINGLE LIFE          1,107.75    40.000      443.10      64,069.20
GUIDRY          MICHAEL    S  0012576119  02/04/22           72 SINGLE LIFE            626.75    40.000      250.70      36,249.12
                                                                SINGLE DISABILITY    1,352.09    40.000      540.84         503.46
OKELEKE         TESSY      E  0012576187  02/04/22           72 SINGLE LIFE            681.32    40.000      272.53      39,405.60
TURCIOS         WILLIAM       0012576189  02/04/22           72 SINGLE LIFE            894.87    40.000      357.95      51,756.48
ARAGON          ARTHUR     E  0012576065  02/07/22           75 SINGLE LIFE          1,344.90    40.000      537.96      74,967.00
CHAND           DEEPAK        0012576066  02/07/22           72 SINGLE LIFE            863.57    40.000      345.43      49,946.40
HILTON          COTY       L  0012576068  02/11/22           72 SINGLE LIFE          1,038.93    40.000      415.57      60,089.04


          CONTINUED ON NEXT PAGE
                                           **** STATEMENT IS FOR REVIEW PURPOSES ONLY ****

                                              CREDIT LIFE, ACCIDENT & HEALTH STATEMENT                                       EL640
                                                   CENTRAL STATES OF OMAHA                                                  07/27/22
                                                           JULY    31, 2022                                     PAGE      7

ACCOUNT NO. - 9000000-0600990016  GILLMAN XSM LLC                REMIT TO -   CENTRAL STATES OF OMAHA
                                  GILLMAN CHRYSLER JEEP DBA                   CREDIT PROTECTION SERVICES
                                  10585 W SAM HOUSTON PKWY SOUTH              WESTERN AT 96TH ST.
                                  HOUSTON                    TX               P.O. BOX 34350
                                                      77099-2844              OMAHA, NEBRASKA     68134-0350

                             CERTIFICATE  EFFECTIVE CANCEL          BEN.            WRITTEN
       NAME OF INSURED         NUMBER       DATE     DATE   TERM    TYPE            PREMIUM       PCT.     COMPENSATION    BENEFIT

JOHNSON         NATHAN     L  0012576190  02/11/22           60 SINGLE LIFE            560.93    40.000      224.37      38,314.80
WHITMORE        HOPE       B  0012576191  02/11/22           72 SINGLE LIFE            534.19    40.000      213.68      30,895.92
WHITMORE        HB            0012576191  02/11/22 02/11/22  72 SINGLE LIFE            534.19-   40.000      213.68-
WHITMORE        HOPE       B  0012576195  02/11/22           72 SINGLE LIFE            544.12    40.000      217.65      31,470.48
VALDEZ          KATHERIN   C  0012576121  02/12/22           75 SINGLE LIFE            932.05    40.000      372.82      51,954.00
HERNANDEZ       EDI        J  0012576122  02/14/22           72 SINGLE LIFE            931.20    40.000      372.48      53,857.44
                                                                SINGLE DISABILITY    2,008.88    40.000      803.55         748.02
SCHULTZ         MARC       A  0012576123  02/14/22           72 SINGLE LIFE            871.41    40.000      348.56      50,400.00
                                                                SINGLE DISABILITY    1,879.92    40.000      751.97         700.00
BAIRSTOW        SARAH      L  0012576125  02/14/22           72 SINGLE LIFE          1,128.33    40.000      451.33      65,259.36
BARRERA         DIONICIO   V  0012576192  02/14/22           72 SINGLE LIFE          1,324.29    40.000      529.72      76,592.88
GARY            THOMAS     K  0012576124  02/15/22           72 SINGLE LIFE            849.23    40.000      339.69      49,116.96
NEWMAN          FERNANDA      0012576194  02/15/22           72 SINGLE LIFE            596.41    40.000      238.56      34,494.48
                                                                SINGLE DISABILITY    1,286.65    40.000      514.66         479.09
CASTRO          JOSE       E  0012576196  02/15/22           75 SINGLE LIFE          1,320.35    40.000      528.14      73,598.25
TIAN            SHUANGLI      0012576069  02/16/22           72 SINGLE LIFE            942.04    40.000      376.82      54,484.56
                                                                SINGLE DISABILITY    2,032.27    40.000      812.91         756.73
DIGGS           MONA       H  0012576070  02/19/22           72 SINGLE LIFE            812.19    40.000      324.88      46,974.96
DURON           LIDIA      G  0012576126  02/19/22           48 SINGLE LIFE            144.55    40.000       57.82      12,146.40
                                                                SINGLE DISABILITY      406.91    40.000      162.76         253.05
CAMPOS          ISAIAS     S  0012576071  02/21/22           75 SINGLE LIFE          1,212.15    40.000      484.86      67,566.75
                                                                SINGLE DISABILITY    2,547.27    40.000    1,018.91         900.89
JOHNSON         SHERMAINE  S  0012576128  02/22/22              SINGLE DISABILITY    2,332.69    40.000      933.08         825.00
WALTER          TINA       W  0012576072  02/23/22           75 SINGLE LIFE          1,291.56    40.000      516.62      71,993.25


          CONTINUED ON NEXT PAGE
                                           **** STATEMENT IS FOR REVIEW PURPOSES ONLY ****

                                              CREDIT LIFE, ACCIDENT & HEALTH STATEMENT                                       EL640
                                                   CENTRAL STATES OF OMAHA                                                  07/27/22
                                                           JULY    31, 2022                                     PAGE      8

ACCOUNT NO. - 9000000-0600990016  GILLMAN XSM LLC                REMIT TO -   CENTRAL STATES OF OMAHA
                                  GILLMAN CHRYSLER JEEP DBA                   CREDIT PROTECTION SERVICES
                                  10585 W SAM HOUSTON PKWY SOUTH              WESTERN AT 96TH ST.
                                  HOUSTON                    TX               P.O. BOX 34350
                                                      77099-2844              OMAHA, NEBRASKA     68134-0350

                             CERTIFICATE  EFFECTIVE CANCEL          BEN.            WRITTEN
       NAME OF INSURED         NUMBER       DATE     DATE   TERM    TYPE            PREMIUM       PCT.     COMPENSATION    BENEFIT

NARON           WARIH      B  0012576197  02/23/22           72 SINGLE LIFE            823.31    40.000      329.32      47,617.92
ARELLANO        JOSE       M  0012576073  02/25/22           72 SINGLE LIFE            870.46    40.000      348.18      50,344.56
                                                                SINGLE DISABILITY    1,877.85    40.000      751.14         699.23
ANDERSON        SEAN       R  0012576003  02/26/22           72 SINGLE LIFE            665.49    40.000      266.20      38,489.76
                                                                SINGLE DISABILITY    1,435.67    40.000      574.27         534.58
GARRETT         TREVOR     M  0012576005  02/26/22           36 SINGLE LIFE             85.92    40.000       34.37       9,473.04
                                                                SINGLE DISABILITY      291.77    40.000      116.71         263.14
SALDANA         JESUS      J  0012576014  02/26/22           72 SINGLE LIFE          1,608.13    40.000      643.25      93,009.60
LUGARDO         JONATHAN   G  0012576055  02/26/22           72 SINGLE LIFE            990.69    40.000      396.28      57,298.32
SARRAZOLA       OSCAR      O  0012576075  02/26/22           84 SINGLE LIFE          1,284.70    40.000      513.88      64,687.56
RODRIGUEZ       JOSE       G  0012570001  02/28/22           72 SINGLE LIFE          1,570.66    40.000      628.26      90,842.40
ALTABAJI        HUSAM      M  0012576026  02/28/22              SINGLE DISABILITY    2,555.69    40.000    1,022.28         903.87
LEON            YANIKEL    A  0012576027  02/28/22              SINGLE DISABILITY    2,043.79    40.000      817.52         761.02
PATTERSON       BRIDGETTE  A  0012576076  02/28/22           84 SINGLE LIFE          1,500.42    40.000      600.17      75,549.60
                                                                SINGLE DISABILITY    2,931.32    40.000    1,172.53         899.40
FONTENOT JR     HERMAN     J  0012576048  03/10/22           60 SINGLE LIFE            395.59    40.000      158.24      27,021.60
                                                                SINGLE DISABILITY      964.67    40.000      385.87         450.36
YODER           GARRETT    Q  0012576050  03/14/22           75 SINGLE LIFE          1,342.87    40.000      537.15      74,853.00
GUTIERREZ       RICHARD       0012602607  05/05/22           75 SINGLE LIFE            783.48    40.000      313.39      43,672.50
ZIMMER          CLAUDIA    L  0012602526  05/07/22           48 SINGLE LIFE            286.00    40.000      114.40      24,033.60
                                                                SINGLE DISABILITY      805.13    40.000      322.05         500.70
JONES           BLAKE      A  0012602451  05/09/22           72 SINGLE LIFE          1,073.38    40.000      429.35      62,081.05
ABRAHAM         JOSEPH        0012576150  05/12/22           60 SINGLE LIFE            940.39    40.000      376.16      64,234.20
                                                                SINGLE DISABILITY    2,293.16    40.000      917.26       1,070.57


          CONTINUED ON NEXT PAGE
                                           **** STATEMENT IS FOR REVIEW PURPOSES ONLY ****

                                              CREDIT LIFE, ACCIDENT & HEALTH STATEMENT                                       EL640
                                                   CENTRAL STATES OF OMAHA                                                  07/27/22
                                                           JULY    31, 2022                                     PAGE      9

ACCOUNT NO. - 9000000-0600990016  GILLMAN XSM LLC                REMIT TO -   CENTRAL STATES OF OMAHA
                                  GILLMAN CHRYSLER JEEP DBA                   CREDIT PROTECTION SERVICES
                                  10585 W SAM HOUSTON PKWY SOUTH              WESTERN AT 96TH ST.
                                  HOUSTON                    TX               P.O. BOX 34350
                                                      77099-2844              OMAHA, NEBRASKA     68134-0350

                             CERTIFICATE  EFFECTIVE CANCEL          BEN.            WRITTEN
       NAME OF INSURED         NUMBER       DATE     DATE   TERM    TYPE            PREMIUM       PCT.     COMPENSATION    BENEFIT

MENDEZ          MARIA      C  0012602453  05/14/22           72 SINGLE LIFE            913.29    40.000      365.32      52,822.08
                                                                SINGLE DISABILITY    1,970.27    40.000      788.11         733.64
MACK            ISAAC      D  0012602455  05/14/22              SINGLE DISABILITY    2,414.38    40.000      965.75         899.01
EDWARDS         JESSICA    D  0012602513  05/14/22           84 SINGLE LIFE          1,550.46    40.000      620.18      78,069.60
                                                                SINGLE DISABILITY    3,029.10    40.000    1,211.64         929.40
ELIZONDO        JULIA      P  0012602514  05/14/22           72 SINGLE LIFE          1,183.26    40.000      473.30      68,436.00
                                                                SINGLE DISABILITY    2,552.66    40.000    1,021.06         950.50
RAVYN           NICHOLE    R  0012602515  05/19/22           84 SINGLE LIFE          1,390.48    40.000      556.19      70,014.00
SMITH           ROBERT     E  0012602512  05/21/22           75 SINGLE LIFE            695.03    40.000      278.01      38,742.00
CUEVAS          CHRISTINA  L  0012602528  05/21/22           72 SINGLE LIFE          1,039.44    40.000      415.78      60,117.84
                                                                SINGLE DISABILITY    2,242.39    40.000      896.96         834.97
SUBHANI         ZAHOOR        0012602457  05/23/22           72 SINGLE LIFE          1,340.71    40.000      536.28      77,542.56
                                                                SINGLE DISABILITY    2,892.34    40.000    1,156.94       1,076.98
CHAFOYA         REYNA      E  0012602471  05/23/22           75 SINGLE LIFE          1,379.77    40.000      551.91      76,910.25
VILLALOBOS      FLOR       D  0012602472  05/23/22           72 SINGLE LIFE          1,120.93    40.000      448.37      64,831.68
                                                                SINGLE DISABILITY    2,418.22    40.000      967.29         900.44
GARZA           NOHELY        0012602460  05/24/22           72 SINGLE LIFE            863.28    40.000      345.31      49,929.12
NGUYEN          THI        T  0012602478  05/25/22           72 SINGLE LIFE            448.32    40.000      179.33      25,929.36
WASHINGTON      PORTIA     E  0012602529  05/25/22           72 SINGLE LIFE          1,131.26    40.000      452.50      65,428.56
                                                                SINGLE DISABILITY    2,440.48    40.000      976.19         908.73
WATERS          RONALD     G  0012602480  05/28/22           72 SINGLE LIFE          2,162.30    40.000      864.92     125,061.12
WALDEN          SYDNEY     C  0012602484  05/30/22              SINGLE DISABILITY    2,495.21    40.000      998.08         882.48
BROWN           DARRELL    D  0012602396  06/01/22           72 SINGLE LIFE            978.15    40.000      391.26      56,573.28
PENA            ANTHONY    M  0012602463  06/01/22           60 SINGLE LIFE            331.81    40.000      132.72      22,664.40
                                                                SINGLE DISABILITY      809.11    40.000      323.64         377.74


          CONTINUED ON NEXT PAGE
                                           **** STATEMENT IS FOR REVIEW PURPOSES ONLY ****

                                              CREDIT LIFE, ACCIDENT & HEALTH STATEMENT                                       EL640
                                                   CENTRAL STATES OF OMAHA                                                  07/27/22
                                                           JULY    31, 2022                                     PAGE     10

ACCOUNT NO. - 9000000-0600990016  GILLMAN XSM LLC                REMIT TO -   CENTRAL STATES OF OMAHA
                                  GILLMAN CHRYSLER JEEP DBA                   CREDIT PROTECTION SERVICES
                                  10585 W SAM HOUSTON PKWY SOUTH              WESTERN AT 96TH ST.
                                  HOUSTON                    TX               P.O. BOX 34350
                                                      77099-2844              OMAHA, NEBRASKA     68134-0350

                             CERTIFICATE  EFFECTIVE CANCEL          BEN.            WRITTEN
       NAME OF INSURED         NUMBER       DATE     DATE   TERM    TYPE            PREMIUM       PCT.     COMPENSATION    BENEFIT

RODRIGUEZ       EMILIO     G  0012602398  06/04/22           60 SINGLE LIFE            310.30    40.000      124.12      21,195.60
                                                                SINGLE DISABILITY      756.68    40.000      302.67         353.26
BALLINAS        JOSE       R  0012602399  06/04/22           48 SINGLE LIFE            907.58    40.000      363.03      76,267.68
JOHNSON         SKYRA      N  0012602534  06/08/22              SINGLE DISABILITY    1,868.48    40.000      747.39         695.74
SELORMEY        BENJAMIN   S  0012602535  06/08/22           75 SINGLE LIFE            975.43    40.000      390.17      54,372.00
IZAGUIRRE       NILSON     F  0012602400  06/09/22           75 SINGLE LIFE            999.64    40.000      399.86      55,721.25
                                                                SINGLE DISABILITY    2,100.69    40.000      840.28         742.95
DELGADO JR      DAVID      M  0012602487  06/09/22           72 SINGLE LIFE            496.02    40.000      198.41      28,688.40
SHEPARD         LORI       A  0012602536  06/09/22           84 SINGLE LIFE          1,166.66    40.000      466.66      58,744.56
SHEPARD         LA            0012602536  06/09/22 07/15/22  84 SINGLE LIFE          1,154.32-   40.000      461.73-
COLLETTE        STEPHEN    S  0012602486  06/10/22           72 SINGLE LIFE          1,441.60    40.000      576.64      83,377.44
                                                                SINGLE DISABILITY    3,109.97    40.000    1,243.99       1,158.02
JONES           BRANDON    M  0012602490  06/10/22           75 SINGLE LIFE          1,033.80    40.000      413.52      57,625.50
PATTON          FRANK      E  0012602411  06/11/22           75 SINGLE LIFE            956.59    40.000      382.64      53,322.00
VEGA            ALVINA        0012602491  06/11/22           75 SINGLE LIFE          1,659.56    40.000      663.82      92,506.50
SCHERPEREEL     CHARLES    D  0012602492  06/13/22              SINGLE DISABILITY    1,191.11    40.000      476.44         494.44
HALEY           JOHN       D  0012602489  06/16/22              SINGLE DISABILITY    1,533.88    40.000      613.55         470.63
MCWASHINGTON    MYRON      R  0012602402  06/17/22           72 SINGLE LIFE          1,061.33    40.000      424.53      61,384.32
AGUILERA JR     SAUL          0012602409  06/18/22           72 SINGLE LIFE            668.75    40.000      267.50      38,678.40
RENOVATO        BASILIO       0012602493  06/18/22              SINGLE DISABILITY    2,052.15    40.000      820.86         764.13
CASTRILLON      CONSUELO   H  0012602494  06/20/22           72 SINGLE LIFE          1,733.01    40.000      693.20     100,231.92
CASTRILLON      CH            0012602494  06/20/22 06/20/22  72 SINGLE LIFE          1,733.01-   40.000      693.20-
WISE            JASON      A  0012602517  06/20/22           36 SINGLE LIFE            278.66    40.000      111.46      30,723.48
                                                                SINGLE DISABILITY      946.28    40.000      378.51         853.43


          CONTINUED ON NEXT PAGE
                                           **** STATEMENT IS FOR REVIEW PURPOSES ONLY ****

                                              CREDIT LIFE, ACCIDENT & HEALTH STATEMENT                                       EL640
                                                   CENTRAL STATES OF OMAHA                                                  07/27/22
                                                           JULY    31, 2022                                     PAGE     11

ACCOUNT NO. - 9000000-0600990016  GILLMAN XSM LLC                REMIT TO -   CENTRAL STATES OF OMAHA
                                  GILLMAN CHRYSLER JEEP DBA                   CREDIT PROTECTION SERVICES
                                  10585 W SAM HOUSTON PKWY SOUTH              WESTERN AT 96TH ST.
                                  HOUSTON                    TX               P.O. BOX 34350
                                                      77099-2844              OMAHA, NEBRASKA     68134-0350

                             CERTIFICATE  EFFECTIVE CANCEL          BEN.            WRITTEN
       NAME OF INSURED         NUMBER       DATE     DATE   TERM    TYPE            PREMIUM       PCT.     COMPENSATION    BENEFIT

TURNER          TEKETHA    D  0012602518  06/20/22           75 SINGLE LIFE            911.06    40.000      364.42      50,784.00
                                                                SINGLE DISABILITY    1,914.56    40.000      765.82         677.12
OCHOA           COURTNEY   C  0012602410  06/21/22           75 SINGLE LIFE          1,026.21    40.000      410.48      57,202.50
NWANNA          E          C  0012602519  06/23/22           72 SINGLE LIFE          1,323.57    40.000      529.43      76,551.12
NWANNA          EC            0012602519  06/23/22 06/23/22  72 SINGLE LIFE          1,323.57-   40.000      529.43-
RICHARDSON      DYLAN      L  0012602412  06/25/22           75 SINGLE LIFE          1,019.83    40.000      407.93      56,793.75
                                                                SINGLE DISABILITY    2,141.12    40.000      856.45         757.25
CLEMENT         CHRISTINA  L  0012602520  06/25/22           60 SINGLE LIFE            905.37    40.000      362.15      61,842.00
THOMAS          JESSIE     J  0012602611  06/27/22           60 SINGLE LIFE            268.45    40.000      107.38      18,336.60
                                                                SINGLE DISABILITY      654.62    40.000      261.85         305.61
CORDERO THOMAS  CAROLINA   V  0012602521  06/28/22              SINGLE DISABILITY    1,693.94    40.000      677.58         630.75
SANDERS         MELVIN     C  0012602537  06/28/22           75 SINGLE LIFE          1,479.75    40.000      591.90      82,483.50
BAKER           MONIQUE    S  0012602538  06/28/22           75 SINGLE LIFE          1,303.68    40.000      521.47      72,669.00
MALDONADO       GREGORIO   G  0012602539  06/28/22           72 SINGLE LIFE          2,436.37    40.000      974.55     140,911.92
                                                                SINGLE DISABILITY    5,256.01    40.000    2,102.40       1,957.11
LARA            WILBERT    O  0012602496  06/29/22           72 SINGLE LIFE            705.80    40.000      282.32      40,821.12
                                                                SINGLE DISABILITY    1,522.62    40.000      609.05         566.96
DUNCAN          MARIAN     E  0012602415  06/30/22              SINGLE DISABILITY    1,212.46    40.000      484.98         428.81
GARCIA          ISRAEL     H  0012602497  06/30/22           72 SINGLE LIFE          1,242.04    40.000      496.82      71,835.84
ALVAREZ         ANAHI      L  0012602498  06/30/22              SINGLE DISABILITY    2,074.31    40.000      829.72         772.38
VASQUEZ         MARIA      G  0012602499  06/30/22              SINGLE DISABILITY    1,314.90    40.000      525.96         489.61
LUIS RODRIGUEZ  ANGEL         0012602541  07/02/22           72 SINGLE LIFE            807.72    40.000      323.09      46,715.76
WHALON          MATTHEW    I  0012576031  07/04/22           72 SINGLE LIFE            471.56    40.000      188.62      27,273.60
CAMACHO         LINDA      P  0012602608  07/05/22           84 SINGLE LIFE          1,944.75    40.000      777.90      97,923.00
                                                                SINGLE DISABILITY    3,799.41    40.000    1,519.76       1,165.75


          CONTINUED ON NEXT PAGE
                                           **** STATEMENT IS FOR REVIEW PURPOSES ONLY ****

                                              CREDIT LIFE, ACCIDENT & HEALTH STATEMENT                                       EL640
                                                   CENTRAL STATES OF OMAHA                                                  07/27/22
                                                           JULY    31, 2022                                     PAGE     12

ACCOUNT NO. - 9000000-0600990016  GILLMAN XSM LLC                REMIT TO -   CENTRAL STATES OF OMAHA
                                  GILLMAN CHRYSLER JEEP DBA                   CREDIT PROTECTION SERVICES
                                  10585 W SAM HOUSTON PKWY SOUTH              WESTERN AT 96TH ST.
                                  HOUSTON                    TX               P.O. BOX 34350
                                                      77099-2844              OMAHA, NEBRASKA     68134-0350

                             CERTIFICATE  EFFECTIVE CANCEL          BEN.            WRITTEN
       NAME OF INSURED         NUMBER       DATE     DATE   TERM    TYPE            PREMIUM       PCT.     COMPENSATION    BENEFIT

PACE            BRANDON    B  0012602420  07/11/22           72 SINGLE LIFE            423.84    40.000      169.54      24,513.12
                                                                SINGLE DISABILITY      914.34    40.000      365.74         340.46

                                          TOTAL PREM  LIFE                         156,184.31             62,473.69
                                          TOTAL REF   LIFE                           6,121.57              2,448.63
                                          TOTAL NET   LIFE                         150,062.74             60,025.06     9,056,077.48
                                          TOTAL PREM  A&H                          160,851.93             64,340.79
                                          TOTAL REF   A&H                            1,814.66                725.87
                                          TOTAL NET   A&H                          159,037.27             63,614.92        62,463.61
 
1825011300   REFUND CHK                   * ACCOUNTING ENTRY *                       1,733.01-
1825011300   REFUND CHK                   * ACCOUNTING ENTRY *                       1,323.57-
1825011300   CK                           * ACCOUNTING ENTRY *                       5,896.34-
1825099050   CK                           * ACCOUNTING ENTRY *                      56,069.11
1825099050   CK                           * ACCOUNTING ENTRY *                      34,568.64
1825099050   CK                           * ACCOUNTING ENTRY *                      32,191.51
1825099050   CK                           * ACCOUNTING ENTRY *                      12,848.97

                                          BALANCE FORWARD                          106,097.34-

                                          THIS MONTHS PREMIUM                      309,100.01

                                          LESS COMPENSATION                        123,639.98

                                          LESS PAYMENTS                            135,678.23

                                          ADJUSTMENT                                 8,952.92

                                                                               ---------------

                                          WE WILL REFUND                            47,362.62-
