                                           **** STATEMENT IS FOR REVIEW PURPOSES ONLY ****

                                              CREDIT LIFE, ACCIDENT & HEALTH STATEMENT                                       EL640
                                                   CENTRAL STATES OF OMAHA                                                  08/30/22
                                                          AUGUST   31, 2022                                     PAGE      1

ACCOUNT NO. - 9000000-0001584037  FRANDSEN BANK & TRUST          REMIT TO -   FRANDSEN BANK & TRUST
                                  PO BOX 2690                                 PO BOX 2690
                                  BAXTER                     MN               BAXTER                     MN
                                                      56425                                       55112
 

                             CERTIFICATE  EFFECTIVE CANCEL          BEN.            WRITTEN
       NAME OF INSURED         NUMBER       DATE     DATE   TERM    TYPE            PREMIUM       PCT.     COMPENSATION    BENEFIT

CHRISTENSEN     SA            1440772299  06/14/21 12/14/21  18 SINGLE LIFE              3.85-   35.000        1.35-
PEPER           AD            1440772828  10/21/21 12/24/21  24 SINGLE LIFE             26.03-   35.000        9.11-
                                                   12/24/21     SINGLE DISABILITY       43.50-   35.000       15.23-
GLENNA          TERRY      A  1440772927  12/07/21           36 SINGLE LIFE            173.37    35.000       60.68      15,207.48
                                                                SINGLE DISABILITY      220.51    35.000       77.18         422.43
CHRISTENSEN     SANDY      A  1440772935  12/14/21           18 SINGLE LIFE             10.27    35.000        3.59       1,801.44
MELIN           JAMIE      S  1440772976  12/20/21           30 SINGLE LIFE             50.72    35.000       17.75       5,338.50
                                                                SINGLE DISABILITY       72.60    35.000       25.41         177.95
HUNTER          JARED      K  1440772984  12/22/21           60 SINGLE LIFE            461.85    35.000      161.65      24,307.80
                                                                SINGLE DISABILITY      422.96    35.000      148.04         405.13
ALLING          CM            1440773291  05/23/22 05/23/22  36 SINGLE LIFE             85.68-   35.000       29.99-
                                                   05/23/22     SINGLE DISABILITY      108.97-   35.000       38.14-
GALE JR         HAROLD     J  1440773341  06/03/22           28 JOINT LIFE             165.44    35.000       57.90      11,254.32
                                                                JOINT DISABILITY       263.35    35.000       92.17         401.94

                                          TOTAL PREM  LIFE                             861.65                301.57
                                          TOTAL REF   LIFE                             115.56                 40.45
                                          TOTAL NET   LIFE                             746.09                261.12        57,909.54
                                          TOTAL PREM  A&H                              979.42                342.80
                                          TOTAL REF   A&H                              152.47                 53.37
                                          TOTAL NET   A&H                              826.95                289.43         1,407.45
 

                                          THIS MONTHS PREMIUM                        1,573.04

                                          LESS COMPENSATION                            550.55

                                                                               ---------------

                                          PLEASE REMIT                               1,022.49

PLEASE RETURN ONE COPY WITH REMITTANCE
