                                           **** STATEMENT IS FOR REVIEW PURPOSES ONLY ****

                                              CREDIT LIFE, ACCIDENT & HEALTH STATEMENT                                       EL640
                                                   CENTRAL STATES OF OMAHA                                                  08/25/22
                                                          AUGUST   31, 2022                                     PAGE      1

ACCOUNT NO. - 9000000-0600990027  HA AUTOMOTIVE INVESTMENTS LLC  REMIT TO -   CENTRAL STATES OF OMAHA
                                  RON CARTER CADILLAC DBA                     CREDIT PROTECTION SERVICES
                                  PO BOX 429                                  WESTERN AT 96TH ST.
                                  ROCKWALL                   TX               P.O. BOX 34350
                                                      75087                   OMAHA, NEBRASKA     68134-0350

                             CERTIFICATE  EFFECTIVE CANCEL          BEN.            WRITTEN
       NAME OF INSURED         NUMBER       DATE     DATE   TERM    TYPE            PREMIUM       PCT.     COMPENSATION    BENEFIT

HUDSON          DT            0011550992  07/02/16 10/20/20  75 JOINT LIFE             124.96-   45.000       56.23-

                                                   10/20/20     SINGLE DISABILITY      339.57-   45.000      152.81-

                                          TOTAL PREM  LIFE                                .00                   .00
                                          TOTAL REF   LIFE                             124.96                 56.23
                                          TOTAL NET   LIFE                             124.96-                56.23-             .00
                                          TOTAL PREM  A&H                                 .00                   .00
                                          TOTAL REF   A&H                              339.57                152.81
                                          TOTAL NET   A&H                              339.57-               152.81-             .00
 

                                          THIS MONTHS PREMIUM                          464.53-

                                          LESS COMPENSATION                            209.04-

                                                                               ---------------

                                          WE WILL REFUND                               255.49-
