                                           **** STATEMENT IS FOR REVIEW PURPOSES ONLY ****

                                              CREDIT LIFE, ACCIDENT & HEALTH STATEMENT                                       EL640
                                                   CENTRAL STATES OF OMAHA                                                  04/21/22
                                                           APRIL   30, 2022                                     PAGE      1

ACCOUNT NO. - 9000000-0000763000  FIRST MIDWEST BANK OF THE OZAR REMIT TO -   CENTRAL STATES OF OMAHA
                                  PO BOX 398                                  CREDIT PROTECTION SERVICES
                                  PIEDMONT                   MO               WESTERN AT 96TH ST.
                                                      63957                   P.O. BOX 34350
                                                                              OMAHA, NEBRASKA     68134-0350

                             CERTIFICATE  EFFECTIVE CANCEL          BEN.            WRITTEN
       NAME OF INSURED         NUMBER       DATE     DATE   TERM    TYPE            PREMIUM       PCT.     COMPENSATION    BENEFIT

CARBONE         S             0000152554  05/09/19 03/15/22  48 SINGLE LIFE             18.53-   35.000        6.49-
KEITH           J             0000152922  11/04/19 03/31/22  36 SINGLE LIFE              2.75-   35.000         .96-
                                                   03/31/22     SINGLE DISABILITY        7.99-   35.000        2.80-
ALLEN           J             0001523000  12/13/19 03/28/22  42 SINGLE LIFE             31.45-   35.000       11.01-
BEDWELL         J             0000153243  05/11/20 03/29/22  30 SINGLE LIFE              3.89-   35.000        1.36-
LANGSTON        D             0000153318  07/01/20 03/04/22  35 SINGLE LIFE             19.38-   35.000        6.78-
GERE            T             0000153385  07/30/20 03/30/22  24 JOINT LIFE               4.28-   35.000        1.50-
                                                   03/30/22     SINGLE DISABILITY        7.03-   35.000        2.46-
WALKER          T             0000153429  08/21/20 03/02/22  24 SINGLE LIFE              1.94-   35.000         .68-
CLINTON         S             0000153466  09/11/20 03/11/22  36 SINGLE LIFE             21.60-   35.000        7.56-
                                                   03/11/22     SINGLE DISABILITY       49.11-   35.000       17.19-
BROWN           R             0000153521  10/07/20 03/16/22  24 JOINT LIFE               8.39-   35.000        2.94-
SIDES           E             0000153770  04/12/21 03/01/22  48 SINGLE LIFE            334.88-   35.000      117.21-
DUVALL          J             0000153901  06/24/21 03/16/22  30 JOINT LIFE              90.73-   35.000       31.76-
DAGGS           J             0000154016  08/27/21 03/10/22  12 SINGLE LIFE              2.23-   35.000         .78-
GURNEY          P             0000154201  12/13/21 03/18/22  11 SINGLE LIFE              6.96-   35.000        2.44-
GENTLES JR      E             0000154254  01/07/22 03/21/22  60 SINGLE LIFE            390.63-   35.000      136.72-
                                                   03/21/22     SINGLE DISABILITY      667.64-   35.000      233.67-
SIDES           ETHAN      M  0008154349  03/01/22           48 SINGLE LIFE            492.42    35.000      172.35      22,555.20
WALKER          TINA       P  0008154450  03/01/22           12 SINGLE LIFE              6.32    35.000        2.21       1,141.92
FISHER          CLINT      J  0008154353  03/02/22           12 SINGLE LIFE              6.60    35.000        2.31       1,155.60
LANGSTON        DAVID      R  0008154357  03/03/22           48 SINGLE LIFE            188.44    35.000       65.95       8,613.12
JARVIS          TERRY      L  0008154363  03/07/22           24 SINGLE LIFE             56.23    35.000       19.68       5,133.60
GENTRY SR       DARRYL     R  0008154364  03/07/22           48 JOINT LIFE             350.77    35.000      122.77       9,743.52
                                                                SINGLE DISABILITY      418.97    35.000      146.64         202.99


          CONTINUED ON NEXT PAGE
                                           **** STATEMENT IS FOR REVIEW PURPOSES ONLY ****

                                              CREDIT LIFE, ACCIDENT & HEALTH STATEMENT                                       EL640
                                                   CENTRAL STATES OF OMAHA                                                  04/21/22
                                                           APRIL   30, 2022                                     PAGE      2

ACCOUNT NO. - 9000000-0000763000  FIRST MIDWEST BANK OF THE OZAR REMIT TO -   CENTRAL STATES OF OMAHA
                                  PO BOX 398                                  CREDIT PROTECTION SERVICES
                                  PIEDMONT                   MO               WESTERN AT 96TH ST.
                                                      63957                   P.O. BOX 34350
                                                                              OMAHA, NEBRASKA     68134-0350

                             CERTIFICATE  EFFECTIVE CANCEL          BEN.            WRITTEN
       NAME OF INSURED         NUMBER       DATE     DATE   TERM    TYPE            PREMIUM       PCT.     COMPENSATION    BENEFIT

CHITWOOD        TINKER     L  0008154365  03/08/22           36 SINGLE LIFE             36.99    35.000       12.95       2,207.16
HAMPTON         MARVIN     L  0008154371  03/09/22           24 SINGLE LIFE             48.97    35.000       17.14       4,482.72
DAGGS           JAMES      C  0008154372  03/09/22           12 SINGLE LIFE              7.50    35.000        2.63       1,383.60
WOODS           KRISTEENA  E  0008154375  03/14/22           12 SINGLE LIFE              6.18    35.000        2.16       1,149.72
CARBONE         STACEY     M  0008154378  03/15/22           15 SINGLE LIFE             22.95    35.000        8.03       3,375.60
GURNEY          PAUL       R  0008154381  03/16/22           30 SINGLE LIFE             74.50    35.000       26.08       5,323.20
BROWN           RANDY      E  0008154382  03/16/22           24 JOINT LIFE              89.93    35.000       31.48       4,995.84
SNIDER          CHARLES    N  0008154387  03/17/22           48 JOINT LIFE           1,388.15    35.000      485.85      38,346.72
SNIDER          CN            0008154387  03/17/22 03/21/22  48 JOINT LIFE           1,388.15-   35.000      485.85-
BECK            SHAWN      J  0008154389  03/18/22           48 SINGLE LIFE            117.09    35.000       40.98       5,366.88
FRANCIS         GLEN       A  0008154393  03/21/22           60 SINGLE LIFE            921.37    35.000      322.48      33,597.60
LAWSON          SHERON     L  0008154402  03/24/22            6 SINGLE LIFE              3.16    35.000        1.11         574.07
RAMAGE          ANGELA     P  0008154406  03/24/22           12 SINGLE LIFE             10.27    35.000        3.59       1,806.48
BECK            SHAWN      J  0008154407  03/25/22           24 SINGLE LIFE            184.90    35.000       64.72      16,809.36
ROGERS          TORI       D  0008154409  03/25/22           48 SINGLE LIFE            305.39    35.000      106.89      14,017.44
BEDWELL         JERRI      L  0008154415  03/29/22           24 SINGLE LIFE             35.94    35.000       12.58       3,280.56
ALLEN           JUSTIN     L  0008154418  03/30/22           48 SINGLE LIFE            260.69    35.000       91.24      11,990.88
CRITES          DONNA      S  0008154403  03/31/22           36 SINGLE LIFE            143.19    35.000       50.12       8,678.16
EATON           JACKSON    L  0008154421  03/31/22           48 SINGLE LIFE            364.55    35.000      127.59      16,744.80

                                          TOTAL PREM  LIFE                           5,122.50              1,792.89
                                          TOTAL REF   LIFE                           2,325.79                814.04
                                          TOTAL NET   LIFE                           2,796.71                978.85       222,473.75
                                          TOTAL PREM  A&H                              418.97                146.64
                                          TOTAL REF   A&H                              731.77                256.12
                                          TOTAL NET   A&H                              312.80-               109.48-          202.99
 
1825099050   CK                           * ACCOUNTING ENTRY *                       3,116.35


          CONTINUED ON NEXT PAGE
                                           **** STATEMENT IS FOR REVIEW PURPOSES ONLY ****

                                              CREDIT LIFE, ACCIDENT & HEALTH STATEMENT                                       EL640
                                                   CENTRAL STATES OF OMAHA                                                  04/21/22
                                                           APRIL   30, 2022                                     PAGE      3

ACCOUNT NO. - 9000000-0000763000  FIRST MIDWEST BANK OF THE OZAR REMIT TO -   CENTRAL STATES OF OMAHA
                                  PO BOX 398                                  CREDIT PROTECTION SERVICES
                                  PIEDMONT                   MO               WESTERN AT 96TH ST.
                                                      63957                   P.O. BOX 34350
                                                                              OMAHA, NEBRASKA     68134-0350

                             CERTIFICATE  EFFECTIVE CANCEL          BEN.            WRITTEN
       NAME OF INSURED         NUMBER       DATE     DATE   TERM    TYPE            PREMIUM       PCT.     COMPENSATION    BENEFIT

                                          THIS MONTHS PREMIUM                        2,483.91

                                          LESS COMPENSATION                            869.37

                                          LESS PAYMENTS                              3,116.35

                                                                               ---------------

                                          WE WILL REFUND                             1,501.81-
