                                             LISTING OF PENDING BUSINESS(* FATAL AND UNFORCED ERRORS ONLY *)            EL515E
                                              CENTRAL STATES OF OMAHA                                                  05/27/22
                                                    MAY 27, 2022                                                    PAGE      1

 *** SUMMARY TOTALS BY USER ***
 USER  -- BATCHES --      ---------- ISSUES/CANCELS ----------
       INPUT  UPDATE      INPUT  UPDATE  UPDT & FORCE PART B SIG
 
 ALWA    42      2          68    398        255         42
 AMWA     1      0           1      1          0          0
 CID     46      0         126      0          0          0
 E202    18      0          54      0          0          0
 EXHA   481      0        1701      0          0          0
 JJVA     3      0           3      3          2          1
 JLKA   677     11         906    829        180        540
 KRHA   176      1         194    314        235          0
 LLSA    32      1         235      0          0          0
 MMKA    84      0         114    308        183         26
 MSOA     1      0           2      1          0          0
 NJSA   327     12         444   1395        411        786
 RAWA     0      0           0      1          0          0
 RSNA   858      1        2647      0          0          0
 SLSA   296     16         668   1373        425        590
 SPJA    57      1          76    204        112          0
 TCFA   161      2        1358      0          0          0
 
 TOT.  3260     47        8597   4827       1803       1985
