10/13/2015  18:06:01  unikixtran7 Formatted Dump File

Transaction: SOC3 has abended in Program: SOCK03  
Failure occurred in TPE code
CICS Command Level Trace:
      Function STARTBR          CID# 00004439 Incomplete
      Function RETURN           CID# 00000711 Condition Successful
      Function LINK             CID# 00006172 Condition Successful

Current address on heap     (849c000)
Address of Shared Memory    (47600000)
Address of Max Core         (47600000)
Address of Threshold Memory (47200000)

******************  Exec Interface Block   ******************
EIBTIME   0180559c		EIBSYNC   00
EIBDATE   0115286c		EIBFREE   00
EIBTRNID  SOC3    		EIBRECV   00
EIBTASKN  0000033c		EIBSEND   00
EIBTRMID          		EIBATT    00
DFHEIGDI  0000    		EIBEOC    00
EIBCPOSN  0000    		EIBFMH    00
EIBCALEN  0048    		EIBCOMPL  00
EIBAID    00      		EIBSIG    00
EIBFN     060c    		EIBCONF   00
EIBRCODE  800000000000		EIBERR    00
EIBDS     ELCERT5 		EIBERRCD  00000000
EIBREQID          		EIBSYNRB  20
EIBRSRCE  ELCERT5 		EIBNODAT  00
EIBRESP   00000000		EIBRLDBK  00
EIBRESP2  00000000

*********************************   CWA   ********************************
No Common Work Area present


*********************************   TCTUA   ******************************
TCTUA LENGTH = 255
84820a0 00000000  20202020 20202020 20202020 20202020 "                "
                  --- SUPPRESSED -- 00013 LINES -- 0x000000d0 BYTES ---
8482180 000000e0  20202020 20202020 20202020 20202020 "                "
8482190 000000f0  20202020 20202020 20202020 202020   "               "


******************************  PROGRAM STACK **************************

PROGRAM: SOCK03  
WORKING STORAGE
84a7300 00000000  00000000 00000000 20000000 00000000 "........ ......."
84a7310 00000010  000b0000 00000000 20000000 00000000 "........ ......."
84a7320 00000020  00000000 00000000 20000000 00000000 "........ ......."
84a7330 00000030  000c0000 00000000 00001000 00000000 "................"
84a7340 00000040  00001000 00000000 20202020 20202020 "........        "
84a7350 00000050  20303738 30303031 31313320 20202020 " 0780001113     "
84a7360 00000060  20202030 30313039 36353339 36202020 "   0010965396   "
84a7370 00000070  20202020 20202020 20202020 20202020 "                "
84a7380 00000080  20202020 20202032 30313531 30313320 "       20151013 "
84a7390 00000090  00000000 00000000 00000000 00000000 "................"
                  --- SUPPRESSED -- 00249 LINES -- 0x00000f90 BYTES ---
84a8330 00001030  00000000 00000000 00000000 00000000 "................"
84a8340 00001040  00000000 00000000 20202020 20202020 "........        "
84a8350 00001050  20202020 20202020 20202020 20202020 "                "
                  --- SUPPRESSED -- 00253 LINES -- 0x00000fd0 BYTES ---
84a9330 00002030  20202020 20202020 20202020 20202020 "                "
84a9340 00002040  20202020 20202020 00000000 00000000 "        ........"
84a9350 00002050  00001000 00000000 00000000 00000000 "................"
84a9360 00002060  00000000 00000000 04000000 00000000 "................"
84a9370 00002070  43494400 00000000 20202020 20202020 "CID.....        "
84a9380 00002080  20200000 00000000 00000000 00000000 "  .............."
84a9390 00002090  20202020 20202020 20200000 00000000 "          ......"
84a93a0 000020a0  20202020 20202020 20200000 00000000 "          ......"
84a93b0 000020b0  20202020 20202020 20200000 00000000 "          ......"
84a93c0 000020c0  20000000 00000000 000c0000 00000000 " ..............."
84a93d0 000020d0  000c0000 00000000 000c0000 00000000 "................"
84a93e0 000020e0  000c0000 00000000 000c0000 00000000 "................"
84a93f0 000020f0  000c0000 00000000 000c0000 00000000 "................"
84a9400 00002100  000c0000 00000000 001c0000 00000000 "................"
84a9410 00002110  000c0000 00000000 001c0000 00000000 "................"
84a9420 00002120  00000000 00000000 00000000 00000000 "................"
                  --- SUPPRESSED -- 00123 LINES -- 0x000007b0 BYTES ---
84a9be0 000028e0  00000000 00000000 00000000 00000000 "................"
84a9bf0 000028f0  00000000 00000000 30303030 30000000 "........00000..."
84a9c00 00002900  20000000 00000000 20000000 00000000 " ....... ......."
84a9c10 00002910  00000000 00000000 00000000 00000000 "................"
84a9c20 00002920  00000000 00000000 00000000 00000000 "................"
84a9c30 00002930  20000000 00000000 00000000 00000000 " ..............."
84a9c40 00002940  00000000 00000000 20000000 00000000 "........ ......."
84a9c50 00002950  20000000 00000000 adad0000 00000000 " ..............."
84a9c60 00002960  00000000 0c000000 00000000 0c000000 "................"
84a9c70 00002970  00000000 0c000000 00000000 0c000000 "................"
84a9c80 00002980  00000000 0c000000 00000000 0c000000 "................"
84a9c90 00002990  00000000 0c000000 33000000 00000000 "........3......."
84a9ca0 000029a0  000c0000 00000000 20000000 00000000 "........ ......."
84a9cb0 000029b0  0a000000 00000000 52454655 4e440000 "........REFUND.."
84a9cc0 000029c0  30303000 00000000 30303000 00000000 "000.....000....."
84a9cd0 000029d0  20000000 00000000 20000000 00000000 " ....... ......."
84a9ce0 000029e0  0000000c 00000000 0000000c 00000000 "................"
84a9cf0 000029f0  0000000c 00000000 0000000c 00000000 "................"
84a9d00 00002a00  00000000 000c0000 000c0000 00000000 "................"
84a9d10 00002a10  00000000 0c000000 00000000 00000000 "................"
84a9d20 00002a20  20000000 00000000 20000000 00000000 " ....... ......."
84a9d30 00002a30  000c0000 00000000 20202020 20202020 "........        "
84a9d40 00002a40  20202020 20202020 20202020 20202020 "                "
84a9d50 00002a50  20202020 20203030 30303020 20202020 "      00000     "
84a9d60 00002a60  20202020 20202020 20202020 20202020 "                "
84a9d70 00002a70  20202020 20202020 20303030 30303030 "         0000000"
84a9d80 00002a80  30202020 20202020 20202020 20202020 "0               "
84a9d90 00002a90  20202020 20202020 20202020 20202020 "                "
84a9da0 00002aa0  20202020 20202020 20202020 20202030 "               0"
84a9db0 00002ab0  30303030 30303030 30303030 2e303030 "000000000000.000"
84a9dc0 00002ac0  30303030 30302e30 30202020 20202020 "000000.00       "
84a9dd0 00002ad0  20202030 30303030 30303030 2e303030 "   000000000.000"
84a9de0 00002ae0  30303030 30303030 2e303020 20202020 "00000000.00     "
84a9df0 00002af0  20202020 20202020 20303030 30303030 "         0000000"
84a9e00 00002b00  30303030 30302e30 30303030 30303030 "000000.000000000"
84a9e10 00002b10  2e303020 20202020 20202020 20303030 ".00          000"
84a9e20 00002b20  30303030 2e303030 30303030 30302e30 "0000.000000000.0"
84a9e30 00002b30  30202020 20202020 20202020 20202020 "0               "
84a9e40 00002b40  20202020 20202020 20202020 20202020 "                "
84a9e50 00002b50  20202020 20202020 20202020 20202020 "                "
84a9e60 00002b60  20202020 20202020 20202020 20303030 "             000"
84a9e70 00002b70  30303030 30303030 30303030 30303030 "0000000000000000"
84a9e80 00002b80  30303030 2e303030 30303030 30302e30 "0000.000000000.0"
84a9e90 00002b90  30303030 30303030 2e303030 30303030 "00000000.0000000"
84a9ea0 00002ba0  30302e30 30202020 20202020 20202020 "00.00           "
84a9eb0 00002bb0  20202020 20202020 20202020 20202020 "                "
84a9ec0 00002bc0  20202020 30303030 30303030 20202020 "    00000000    "
84a9ed0 00002bd0  00000000 00000000 20303030 00000000 "........ 000...."
84a9ee0 00002be0  20202020 20202020 20202020 20202020 "                "
84a9ef0 00002bf0  20202020 00000000 00002000 00000000 "    ...... ....."
84a9f00 00002c00  00000000 00000000 00000000 00000000 "................"
                  --- SUPPRESSED -- 00019 LINES -- 0x00000130 BYTES ---
84aa040 00002d40  00000000 00000000 00000000 00000000 "................"
84aa050 00002d50  00000000 00000000 20202030 20202020 "........   0    "
84aa060 00002d60  00000000 00000000 04000000 00000000 "................"
84aa070 00002d70  00000000 00000000 00000000 00000000 "................"
84aa080 00002d80  00000000 00000000 00000000 00000000 "................"
84aa090 00002d90  04000000 00000000 00000000 00000000 "................"
84aa0a0 00002da0  00000000 00000000 04303031 30393635 ".........0010965"
84aa0b0 00002db0  33393620 00000000 00000000 00000000 "396 ............"
84aa0c0 00002dc0  00000000 00000000 00000000 00000000 "................"
                  --- SUPPRESSED -- 00316 LINES -- 0x000013c0 BYTES ---
84ab490 00004190  00000000 00000000 00000000 00000000 "................"
84ab4a0 000041a0  00000000 00000000 00c84c20 002000ad "..........L . .."
84ab4b0 000041b0  ad000031 302f3133 2f313500 002f0000 "...10/13/15../.."
84ab4c0 000041c0  2f000031 35313031 33313031 33313520 "/..151013101315 "
84ab4d0 000041d0  4f43544f 42455220 2031332c 20323031 "OCTOBER  13, 201"
84ab4e0 000041e0  35000000 00000031 35323836 031c3c0c "5......15286..<."
84ab4f0 000041f0  30303030 30303030 30303020 20202020 "00000000000     "
84ab500 00004200  20202020 202000ad ad000000 32303135 "      ......2015"
84ab510 00004210  32383600 00000000 00003130 2f31332f "286.......10/13/"
84ab520 00004220  32303135 31302f31 332f3230 31353230 "201510/13/201520"
84ab530 00004230  31353130 31333130 31333230 31352000 "15101310132015 ."
84ab540 00004240  00000000 00000000 00000000 00000000 "................"
84ab550 00004250  00000000 00000000 00000000 00000000 "................"
84ab560 00004260  00000000 00000000 00000000 00000000 "................"
84ab570 00004270  01c23030 20202020 20202020 20200000 "..00          .."
84ab580 00004280  00000000 00000000 00202020 2020000c ".........     .."
84ab590 00004290  00000c00 00000c00 00000000 0c000000 "................"
84ab5a0 000042a0  000c0000 0c000000 00000c00 00000c00 "................"
84ab5b0 000042b0  0c000000 00000c30 30303030 20202020 ".......00000    "
84ab5c0 000042c0  30300020 00000000 000c0000 0000000c "00. ............"
84ab5d0 000042d0  000c0000 0000000c 00000000 0c000000 "................"
84ab5e0 000042e0  00000000 00000000 00000c00 0000000c "................"
84ab5f0 000042f0  0000000c 000c2000 00200000 0c00000c "...... .. ......"
84ab600 00004300  0000000c 00000000 0c000000 000c0000 "................"
84ab610 00004310  0c00000c 0000000c 0000000c 00300000 ".............0.."
84ab620 00004320  0000000c 00000000 0c000000 000c0000 "................"
84ab630 00004330  00000c00 00000000 00000000 00000c00 "................"
84ab640 00004340  000c0000 0c000c00 00000000 00000000 "................"
84ab650 00004350  00000000 00000000 0c000000 00000c00 "................"
84ab660 00004360  00000000 00000000 00000000 0000000c "................"
84ab670 00004370  0000000c 00000000 0000000c 00000c00 "................"
84ab680 00004380  0000000c 00000000 00000000 0000000c "................"
84ab690 00004390  00000000 00000000 00000000 00000000 "................"
84ab6a0 000043a0  000c0000 00000c00 0000000c 00000000 "................"
84ab6b0 000043b0  0c000000 000c0000 00000c00 00000000 "................"
84ab6c0 000043c0  00000000 00000000 00000c00 0000000c "................"
84ab6d0 000043d0  00000000 00000000 00000000 00000000 "................"
84ab6e0 000043e0  0c000c00 0c00000c 00000000 0c000000 "................"
84ab6f0 000043f0  000c2000 00000000 0c000000 0c000000 ".. ............."
84ab700 00004400  0c000000 00000c00 0c000c00 00000000 "................"
84ab710 00004410  000c000c 4e000000 00000c00 00000000 "....N..........."
84ab720 00004420  0c000c00 00000000 00000000 00000000 "................"
84ab730 00004430  00000000 00000000                   "........"


COMMAREA
COMMAREA LENGTH: 72
6d2a9040 00000000  00000008 00000000 00000000 00000000 "................"
6d2a9050 00000010  00000000 20202020 20202020 20303738 "....         078"
6d2a9060 00000020  30303031 31313320 20202020 20202030 "0001113        0"
6d2a9070 00000030  30313039 36353339 36202020 20202020 "010965396       "
6d2a9080 00000040  20202020 20202020                   "        "
