                                           **** STATEMENT IS FOR REVIEW PURPOSES ONLY ****

                                              CREDIT LIFE, ACCIDENT & HEALTH STATEMENT                                       EL640
                                                   CENTRAL STATES OF OMAHA                                                  09/06/22
                                                         SEPTEMBER 30, 2022                                     PAGE      1

ACCOUNT NO. - 9000000-0770001212  THE LLOYD AGENCY LLC           REMIT TO -   CENTRAL STATES OF OMAHA
                                  LABADIE TOYOTA JEEP AKA                     CREDIT PROTECTION SERVICES
                                  909 NORTH EUCLID                            WESTERN AT 96TH ST.
                                  BAY CITY                   MI               P.O. BOX 34350
                                                      48706                   OMAHA, NEBRASKA     68134-0350

                             CERTIFICATE  EFFECTIVE CANCEL          BEN.            WRITTEN
       NAME OF INSURED         NUMBER       DATE     DATE   TERM    TYPE            PREMIUM       PCT.     COMPENSATION    BENEFIT

SAPP            SABRINA       0000134627  07/30/22           72 SINGLE LIFE            714.96    52.000      371.78      24,824.88

                                          TOTAL PREM  LIFE                             714.96                371.78
                                          TOTAL REF   LIFE                                .00                   .00
                                          TOTAL NET   LIFE                             714.96                371.78        24,824.88
                                          TOTAL PREM  A&H                                 .00                   .00
                                          TOTAL REF   A&H                                 .00                   .00
                                          TOTAL NET   A&H                                 .00                   .00              .00
 

                                          BALANCE FORWARD                            3,964.95-

                                          THIS MONTHS PREMIUM                          714.96

                                          LESS COMPENSATION                            371.78

                                                                               ---------------

                                          WE WILL REFUND                             3,621.77-
