                                           **** STATEMENT IS FOR REVIEW PURPOSES ONLY ****

                                              CREDIT LIFE, ACCIDENT & HEALTH STATEMENT                                       EL640
                                                   CENTRAL STATES OF OMAHA                                                  06/08/22
                                                           JUNE    30, 2022                                     PAGE      1

ACCOUNT NO. - 9000000-0900000178  BROADWAY ENTERPRISES INC       REMIT TO -   CENTRAL STATES OF OMAHA
                                  BROADWAY FORD HYUNDAI INC DBA               CREDIT PROTECTION SERVICES
                                  PO BOX 11567                                WESTERN AT 96TH ST.
                                  GREEN BAY                  WI               P.O. BOX 34350
                                                      54307-1567              OMAHA, NEBRASKA     68134-0350

                             CERTIFICATE  EFFECTIVE CANCEL          BEN.            WRITTEN
       NAME OF INSURED         NUMBER       DATE     DATE   TERM    TYPE            PREMIUM       PCT.     COMPENSATION    BENEFIT

BULL            SCOTT      A  0000035192  05/21/22           75 JOINT LIFE           1,929.20    42.000      810.26      48,671.25

                                          TOTAL PREM  LIFE                           1,929.20                810.26
                                          TOTAL REF   LIFE                                .00                   .00
                                          TOTAL NET   LIFE                           1,929.20                810.26        48,671.25
                                          TOTAL PREM  A&H                                 .00                   .00
                                          TOTAL REF   A&H                                 .00                   .00
                                          TOTAL NET   A&H                                 .00                   .00              .00
 

                                          BALANCE FORWARD                            1,246.86-

                                          THIS MONTHS PREMIUM                        1,929.20

                                          LESS COMPENSATION                            810.26

                                                                               ---------------

                                          WE WILL REFUND                               127.92-
