                                           **** STATEMENT IS FOR REVIEW PURPOSES ONLY ****

                                              CREDIT LIFE, ACCIDENT & HEALTH STATEMENT                                       EL640
                                                   CENTRAL STATES OF OMAHA                                                  09/08/22
                                                         SEPTEMBER 30, 2022                                     PAGE      1

ACCOUNT NO. - 9000000-0600001386  ANCIRA MOTOR CO                REMIT TO -   CENTRAL STATES OF OMAHA
                                  ANCIRA CHRYSLER PLYMOUTH J DBA              CREDIT PROTECTION SERVICES
                                  10807 WEST IH 10                            WESTERN AT 96TH ST.
                                  SAN ANTONIO                TX               P.O. BOX 34350
                                                      78230-1301              OMAHA, NEBRASKA     68134-0350

                             CERTIFICATE  EFFECTIVE CANCEL          BEN.            WRITTEN
       NAME OF INSURED         NUMBER       DATE     DATE   TERM    TYPE            PREMIUM       PCT.     COMPENSATION    BENEFIT

COOPER          MR            0011914421  08/07/16 08/30/22  75 SINGLE LIFE               .56-   35.000         .20-

                                                   08/30/22     SINGLE DISABILITY       14.01-   35.000        4.90-
MCKELVY         JD            0012340729  10/17/18 09/01/22  75 JOINT LIFE             257.53-   35.000       90.14-
NOFAL           MS            0934563933  11/27/19 08/18/22  75 SINGLE LIFE            121.23-   35.000       42.43-
                                                   08/18/22     SINGLE DISABILITY      332.84-   35.000      116.49-
VASQUEZ         MA            6033080202  01/27/20 08/30/22  75 SINGLE LIFE            375.77-   35.000      131.52-
WELLING         BM            6064889253  08/31/21 08/31/22  75 JOINT LIFE           1,034.39-   35.000      362.04-
ALVAREZ         GABRIEL    G  0952381178  08/23/22           75 JOINT LIFE           2,698.74    35.000      944.56     100,437.00
MCDONALD        FRANCES    D  0000071034  08/25/22           75 SINGLE LIFE          1,445.78    35.000      506.02      80,589.75
KNEESE          CASEY      C  0844329210  08/28/22           75 SINGLE LIFE            587.79    35.000      205.73      32,764.50
HERRERA         RODNEY        0022749696  08/29/22           84 SINGLE LIFE          1,385.70    35.000      485.00      69,773.76
RICHARDS        CHRISTOPHE A  1379744271  08/29/22           75 SINGLE LIFE          1,239.13    35.000      433.70      69,071.25
DUNCAN          KYLE       C  0000071013  08/30/22           84 SINGLE LIFE            571.95    35.000      200.18      28,799.40
RAMIREZ         MARIA      C  6077302832  08/31/22           72 SINGLE LIFE          1,065.50    35.000      372.93      61,625.52

                                          TOTAL PREM  LIFE                           8,994.59              3,148.12
                                          TOTAL REF   LIFE                           1,789.48                626.33
                                          TOTAL NET   LIFE                           7,205.11              2,521.79       443,061.18
                                          TOTAL PREM  A&H                                 .00                   .00
                                          TOTAL REF   A&H                              346.85                121.39
                                          TOTAL NET   A&H                              346.85-               121.39-             .00
 
1825011300   CK                           * ACCOUNTING ENTRY *                         558.93-

                                          BALANCE FORWARD                           13,507.06

                                          THIS MONTHS PREMIUM                        6,858.26

                                          LESS COMPENSATION                          2,400.40

                                          ADJUSTMENT                                   558.93

                                                                               ---------------

                                          PLEASE REMIT                              18,523.85

PLEASE RETURN ONE COPY WITH REMITTANCE
