                                           **** STATEMENT IS FOR REVIEW PURPOSES ONLY ****

                                              CREDIT LIFE, ACCIDENT & HEALTH STATEMENT                                       EL640
                                                   CENTRAL STATES OF OMAHA                                                  05/27/22
                                                            MAY    31, 2022                                     PAGE      1

ACCOUNT NO. - 9000000-0780001109  LITHIA CSA INC                 REMIT TO -   CENTRAL STATES OF OMAHA
                                  ALL AMERICAN CHEVROLET DBA                  CREDIT PROTECTION SERVICES
                                  150 N BARTLETT STREET                       WESTERN AT 96TH ST.
                                  MEDFORD                    OR               P.O. BOX 34350
                                                      97501                   OMAHA, NEBRASKA     68134-0350

                             CERTIFICATE  EFFECTIVE CANCEL          BEN.            WRITTEN
       NAME OF INSURED         NUMBER       DATE     DATE   TERM    TYPE            PREMIUM       PCT.     COMPENSATION    BENEFIT

RAMIREZ         JJ            0012089234  03/30/18 04/18/22  84 SINGLE LIFE            273.55-   40.000      109.42-
BROWN           LD            0012089240  05/21/18 05/03/22  72 SINGLE LIFE            106.38-   40.000       42.55-
PRIETO          P             0012089273  01/26/19 05/09/22  72 JOINT LIFE             296.80-   40.000      118.72-
WATERS          RUSSEL     J  0000450929  03/07/22           71 SINGLE LIFE          1,502.87    45.000      676.29      88,041.42
HUICHAPA        JOSE       M  0000159390  04/21/22           72 SINGLE LIFE            958.91    45.000      431.51      55,460.88
SHANK           ANTHONY    S  0001125618  04/30/22           72 SINGLE LIFE            996.00    45.000      448.20      57,605.76
SERRANO         SUSANA     A  0001193847  05/12/22           60 SINGLE LIFE            435.71    45.000      196.07      29,761.80

                                          TOTAL PREM  LIFE                           3,893.49              1,752.07
                                          TOTAL REF   LIFE                             676.73                270.69
                                          TOTAL NET   LIFE                           3,216.76              1,481.38       230,869.86
                                          TOTAL PREM  A&H                                 .00                   .00
                                          TOTAL REF   A&H                                 .00                   .00
                                          TOTAL NET   A&H                                 .00                   .00              .00
 
1825011300   CK                           * ACCOUNTING ENTRY *                         100.00-
1108121010   DP                           * ACCOUNTING ENTRY *                       7,863.13

                                          BALANCE FORWARD                           21,101.11

                                          THIS MONTHS PREMIUM                        3,216.76

                                          LESS COMPENSATION                          1,481.38

                                          LESS PAYMENTS                              7,863.13

                                          ADJUSTMENT                                   100.00

                                                                               ---------------

                                          PLEASE REMIT                              15,073.36

PLEASE RETURN ONE COPY WITH REMITTANCE
