                                           **** STATEMENT IS FOR REVIEW PURPOSES ONLY ****

                                              CREDIT LIFE, ACCIDENT & HEALTH STATEMENT                                       EL640
                                                   CENTRAL STATES OF OMAHA                                                  09/26/22
                                                         SEPTEMBER 30, 2022                                     PAGE      1

ACCOUNT NO. - 9000000-0000890400  BANK OF LUXEMBURG              REMIT TO -   CENTRAL STATES OF OMAHA
                                  PO BOX 440                                  CREDIT PROTECTION SERVICES
                                  LUXEMBURG                  WI               WESTERN AT 96TH ST.
                                                      54217-0440              P.O. BOX 34350
                                                                              OMAHA, NEBRASKA     68134-0350

                             CERTIFICATE  EFFECTIVE CANCEL          BEN.            WRITTEN
       NAME OF INSURED         NUMBER       DATE     DATE   TERM    TYPE            PREMIUM       PCT.     COMPENSATION    BENEFIT

MEVERDEN        SG            0000132607A 10/13/21 10/13/21  37 SINGLE LIFE            318.44    40.000      127.38

                                          TOTAL PREM  LIFE                                .00                   .00
                                          TOTAL REF   LIFE                             318.44-               127.38-
                                          TOTAL NET   LIFE                             318.44                127.38              .00
                                          TOTAL PREM  A&H                                 .00                   .00
                                          TOTAL REF   A&H                                 .00                   .00
                                          TOTAL NET   A&H                                 .00                   .00              .00
 

                                          BALANCE FORWARD                              433.11

                                          THIS MONTHS PREMIUM                          318.44

                                          LESS COMPENSATION                            127.38

                                                                               ---------------

                                          PLEASE REMIT                                 624.17

PLEASE RETURN ONE COPY WITH REMITTANCE
