                                           **** STATEMENT IS FOR REVIEW PURPOSES ONLY ****

                                              CREDIT LIFE, ACCIDENT & HEALTH STATEMENT                                       EL640
                                                   CENTRAL STATES OF OMAHA                                                  09/01/22
                                                         SEPTEMBER 30, 2022                                     PAGE      1

ACCOUNT NO. - 9000000-0001591601  BROWN AUTOMOTIVE GROUP LP      REMIT TO -   CENTRAL STATES OF OMAHA
                                  BROWN BUICK GMC DBA                         CREDIT PROTECTION SERVICES
                                  4300 SOUTH GEORGIA                          WESTERN AT 96TH ST.
                                  AMARILLO                   TX               P.O. BOX 34350
                                                      79110                   OMAHA, NEBRASKA     68134-0350

                             CERTIFICATE  EFFECTIVE CANCEL          BEN.            WRITTEN
       NAME OF INSURED         NUMBER       DATE     DATE   TERM    TYPE            PREMIUM       PCT.     COMPENSATION    BENEFIT

LEON            JF            0012472302  05/10/21 08/05/22  72 SINGLE LIFE            532.10-   35.000      186.24-

                                          TOTAL PREM  LIFE                                .00                   .00
                                          TOTAL REF   LIFE                             532.10                186.24
                                          TOTAL NET   LIFE                             532.10-               186.24-             .00
                                          TOTAL PREM  A&H                                 .00                   .00
                                          TOTAL REF   A&H                                 .00                   .00
                                          TOTAL NET   A&H                                 .00                   .00              .00
 

                                          BALANCE FORWARD                           54,387.80

                                          THIS MONTHS PREMIUM                          532.10-

                                          LESS COMPENSATION                            186.24-

                                                                               ---------------

                                          PLEASE REMIT                              54,041.94

PLEASE RETURN ONE COPY WITH REMITTANCE
