07/15/2015  07:51:13  unikixtran11 Formatted Dump File

Transaction:      has abended in Program: EL690   
Failure occurred in TPE code
CICS Command Level Trace:
      Function READPREV         CID# 00007723 Condition Successful
      Function READNEXT         CID# 00007712 Condition Successful
      Function HANDLE CONDITION CID# 00006480 Condition Successful
      Function STARTBR          CID# 00006474 Condition Successful

Current address on heap     (8910000)
Address of Shared Memory    (47600000)
Address of Max Core         (47600000)
Address of Threshold Memory (47200000)

******************  Exec Interface Block   ******************
EIBTIME   0075111c		EIBSYNC   00
EIBDATE   0115196c		EIBFREE   00
EIBTRNID          		EIBRECV   00
EIBTASKN  0004926c		EIBSEND   00
EIBTRMID  C062    		EIBATT    00
DFHEIGDI  0000    		EIBEOC    00
EIBCPOSN  0134    		EIBFMH    00
EIBCALEN  0400    		EIBCOMPL  00
EIBAID    31      		EIBSIG    00
EIBFN     0610    		EIBCONF   00
EIBRCODE  800000000000		EIBERR    00
EIBDS     ERARCH2 		EIBERRCD  00000000
EIBREQID  7c60003 		EIBSYNRB  20
EIBRSRCE          		EIBNODAT  00
EIBRESP   00000000		EIBRLDBK  00
EIBRESP2  00000000

*********************************   CWA   ********************************
No Common Work Area present


*********************************   TCTUA   ******************************
TCTUA LENGTH = 255
a75fd160 00000000  20202020 20202020 20202020 20202020 "                "
                  --- SUPPRESSED -- 00013 LINES -- 0x000000d0 BYTES ---
a75fd240 000000e0  20202020 20202020 20202020 20202020 "                "
a75fd250 000000f0  20202020 20202020 20202020 202020   "               "


******************************  PROGRAM STACK **************************

PROGRAM: EL690   
WORKING STORAGE


COMMAREA
No commarea present
