11/21/2015  03:06:59  unikixtran5 Formatted Dump File

Run-Time Error -
Event Received :     SIGSEGV

Transaction:      has abended in Program:         
Failure occurred in TPE code
CICS Command Level Trace:
      Function RETURN           CID# 00000124 Condition Successful
      Function RETURN           CID# 00000505 Condition Successful
      Function WEB SEND         CID# 00000501 Condition Successful
      Function DOC INSERT       CID# 00000444 Condition Successful

Current address on heap     (84bd000)
Address of Shared Memory    (47600000)
Address of Max Core         (47600000)
Address of Threshold Memory (47200000)

******************  Exec Interface Block   ******************
EIBTIME   00000000		EIBSYNC   00
EIBDATE   00000000		EIBFREE   00
EIBTRNID          		EIBRECV   00
EIBTASKN  00000000		EIBSEND   00
EIBTRMID          		EIBATT    00
DFHEIGDI  0000    		EIBEOC    00
EIBCPOSN  0000    		EIBFMH    00
EIBCALEN  0000    		EIBCOMPL  00
EIBAID    20      		EIBSIG    00
EIBFN     0000    		EIBCONF   00
EIBRCODE  000000000000		EIBERR    00
EIBDS             		EIBERRCD  00000000
EIBREQID          		EIBSYNRB  20
EIBRSRCE          		EIBNODAT  00
EIBRESP   00000000		EIBRLDBK  00
EIBRESP2  00000000

*********************************   CWA   ********************************
No Common Work Area present


*********************************   TCTUA   ******************************
No TCTUA present


******************************  PROGRAM STACK **************************

PROGRAM:         
WORKING STORAGE


COMMAREA
No commarea present
