04/01/2016  18:53:25  unikixtran1 Formatted Dump File

Transaction:      has abended in Program: SOCK03  
Failure occurred in TPE code
CICS Command Level Trace:
      Function STARTBR          CID# 00005113 Condition Successful
      Function RETURN           CID# 00000711 Condition Successful
      Function LINK             CID# 00006189 Condition Successful
      Function RETURN           CID# 00000711 Condition Successful

Current address on heap     (84cd000)
Address of Shared Memory    (47600000)
Address of Max Core         (47600000)
Address of Threshold Memory (47200000)

******************  Exec Interface Block   ******************
EIBTIME   0185324c		EIBSYNC   00
EIBDATE   0116092c		EIBFREE   00
EIBTRNID          		EIBRECV   00
EIBTASKN  0000002c		EIBSEND   00
EIBTRMID          		EIBATT    00
DFHEIGDI  0000    		EIBEOC    00
EIBCPOSN  0000    		EIBFMH    00
EIBCALEN  0048    		EIBCOMPL  00
EIBAID    00      		EIBSIG    00
EIBFN     060c    		EIBCONF   00
EIBRCODE  800000000000		EIBERR    00
EIBDS     ELMSTR5 		EIBERRCD  00000000
EIBREQID          		EIBSYNRB  20
EIBRSRCE          		EIBNODAT  00
EIBRESP   00000000		EIBRLDBK  00
EIBRESP2  00000000

*********************************   CWA   ********************************
No Common Work Area present


*********************************   TCTUA   ******************************
TCTUA LENGTH = 255
84824c8 00000000  20202020 20202020 20202020 20202020 "                "
                  --- SUPPRESSED -- 00013 LINES -- 0x000000d0 BYTES ---
84825a8 000000e0  20202020 20202020 20202020 20202020 "                "
84825b8 000000f0  20202020 20202020 20202020 202020   "               "


******************************  PROGRAM STACK **************************

PROGRAM: SOCK03  
WORKING STORAGE


COMMAREA
No commarea present
